[2025-03-06T11:07:58.538+0000] {local_task_job_runner.py:123} INFO - ::group::Pre task execution logs
[2025-03-06T11:07:58.562+0000] {taskinstance.py:2614} INFO - Dependencies all met for dep_context=non-requeueable deps ti=<TaskInstance: ml_pipeline_demo.getmetrics manual__2025-03-06T11:06:03.605588+00:00 [queued]>
[2025-03-06T11:07:58.572+0000] {taskinstance.py:2614} INFO - Dependencies all met for dep_context=requeueable deps ti=<TaskInstance: ml_pipeline_demo.getmetrics manual__2025-03-06T11:06:03.605588+00:00 [queued]>
[2025-03-06T11:07:58.572+0000] {taskinstance.py:2867} INFO - Starting attempt 1 of 1
[2025-03-06T11:07:58.586+0000] {taskinstance.py:2890} INFO - Executing <Task(PythonOperator): getmetrics> on 2025-03-06 11:06:03.605588+00:00
[2025-03-06T11:07:58.598+0000] {warnings.py:112} WARNING - /home/***/.local/lib/python3.12/site-packages/***/task/task_runner/standard_task_runner.py:70: DeprecationWarning: This process (pid=352) is multi-threaded, use of fork() may lead to deadlocks in the child.
  pid = os.fork()

[2025-03-06T11:07:58.599+0000] {standard_task_runner.py:104} INFO - Running: ['***', 'tasks', 'run', 'ml_pipeline_demo', 'getmetrics', 'manual__2025-03-06T11:06:03.605588+00:00', '--job-id', '86', '--raw', '--subdir', 'DAGS_FOLDER/ml_pipeline.py', '--cfg-path', '/tmp/tmp_8sinxco']
[2025-03-06T11:07:58.601+0000] {standard_task_runner.py:72} INFO - Started process 365 to run task
[2025-03-06T11:07:58.601+0000] {standard_task_runner.py:105} INFO - Job 86: Subtask getmetrics
[2025-03-06T11:07:58.673+0000] {task_command.py:467} INFO - Running <TaskInstance: ml_pipeline_demo.getmetrics manual__2025-03-06T11:06:03.605588+00:00 [running]> on host 2130229946ac
[2025-03-06T11:07:58.756+0000] {taskinstance.py:3134} INFO - Exporting env vars: AIRFLOW_CTX_DAG_OWNER='***' AIRFLOW_CTX_DAG_ID='ml_pipeline_demo' AIRFLOW_CTX_TASK_ID='getmetrics' AIRFLOW_CTX_EXECUTION_DATE='2025-03-06T11:06:03.605588+00:00' AIRFLOW_CTX_TRY_NUMBER='1' AIRFLOW_CTX_DAG_RUN_ID='manual__2025-03-06T11:06:03.605588+00:00'
[2025-03-06T11:07:58.759+0000] {logging_mixin.py:190} INFO - Task instance is in running state
[2025-03-06T11:07:58.759+0000] {logging_mixin.py:190} INFO -  Previous state of the Task instance: queued
[2025-03-06T11:07:58.760+0000] {logging_mixin.py:190} INFO - Current task name:getmetrics state:running start_date:2025-03-06 11:07:58.563111+00:00
[2025-03-06T11:07:58.760+0000] {logging_mixin.py:190} INFO - Dag name:ml_pipeline_demo and current dag run status:running
[2025-03-06T11:07:58.761+0000] {taskinstance.py:732} INFO - ::endgroup::
[2025-03-06T11:07:58.777+0000] {logging_mixin.py:190} INFO - Accuracy: 0.9333333333333333
[2025-03-06T11:07:58.778+0000] {logging_mixin.py:190} INFO - Precision: 0.9345238095238096
[2025-03-06T11:07:58.779+0000] {logging_mixin.py:190} INFO - Recall: 0.9333333333333332
[2025-03-06T11:07:58.780+0000] {logging_mixin.py:190} INFO - Log Loss: 0.17045502063172024
[2025-03-06T11:07:58.780+0000] {logging_mixin.py:190} INFO - ----------------------------------------------
[2025-03-06T11:07:58.789+0000] {logging_mixin.py:190} INFO -                   precision    recall  f1-score   support

    Iris-setosa       1.00      1.00      1.00        15
Iris-versicolor       0.93      0.87      0.90        15
 Iris-virginica       0.88      0.93      0.90        15

       accuracy                           0.93        45
      macro avg       0.93      0.93      0.93        45
   weighted avg       0.93      0.93      0.93        45
[2025-03-06T11:07:58.793+0000] {logging_mixin.py:190} INFO - ----------------------------------------------
[2025-03-06T11:07:58.797+0000] {python.py:240} INFO - Done. Returned value was: None
[2025-03-06T11:07:58.807+0000] {taskinstance.py:341} INFO - ::group::Post task execution logs
[2025-03-06T11:07:58.808+0000] {taskinstance.py:353} INFO - Marking task as SUCCESS. dag_id=ml_pipeline_demo, task_id=getmetrics, run_id=manual__2025-03-06T11:06:03.605588+00:00, execution_date=20250306T110603, start_date=20250306T110758, end_date=20250306T110758
[2025-03-06T11:07:58.828+0000] {logging_mixin.py:190} INFO - Task instance in success state
[2025-03-06T11:07:58.829+0000] {logging_mixin.py:190} INFO -  Previous state of the Task instance: running
[2025-03-06T11:07:58.829+0000] {logging_mixin.py:190} INFO - Dag name:ml_pipeline_demo queued_at:2025-03-06 11:06:03.750597+00:00
[2025-03-06T11:07:58.829+0000] {logging_mixin.py:190} INFO - Task hostname:2130229946ac operator:PythonOperator
[2025-03-06T11:07:58.858+0000] {local_task_job_runner.py:266} INFO - Task exited with return code 0
[2025-03-06T11:07:58.877+0000] {taskinstance.py:3901} INFO - 0 downstream tasks scheduled from follow-on schedule check
[2025-03-06T11:07:58.880+0000] {local_task_job_runner.py:245} INFO - ::endgroup::
