[2025-03-06T04:34:27.338+0000] {processor.py:186} INFO - Started process (PID=14368) to work on /home/airflow/.local/lib/python3.12/site-packages/airflow/example_dags/example_nested_branch_dag.py
[2025-03-06T04:34:27.339+0000] {processor.py:914} INFO - Processing file /home/airflow/.local/lib/python3.12/site-packages/airflow/example_dags/example_nested_branch_dag.py for tasks to queue
[2025-03-06T04:34:27.342+0000] {logging_mixin.py:190} INFO - [2025-03-06T04:34:27.342+0000] {dagbag.py:588} INFO - Filling up the DagBag from /home/airflow/.local/lib/python3.12/site-packages/airflow/example_dags/example_nested_branch_dag.py
[2025-03-06T04:34:27.356+0000] {processor.py:925} INFO - DAG(s) 'example_nested_branch_dag' retrieved from /home/airflow/.local/lib/python3.12/site-packages/airflow/example_dags/example_nested_branch_dag.py
[2025-03-06T04:34:27.380+0000] {logging_mixin.py:190} INFO - [2025-03-06T04:34:27.380+0000] {dag.py:3239} INFO - Sync 1 DAGs
[2025-03-06T04:34:27.407+0000] {logging_mixin.py:190} INFO - [2025-03-06T04:34:27.407+0000] {dag.py:4180} INFO - Setting next_dagrun for example_nested_branch_dag to 2025-03-05 00:00:00+00:00, run_after=2025-03-06 00:00:00+00:00
[2025-03-06T04:34:27.431+0000] {processor.py:208} INFO - Processing /home/airflow/.local/lib/python3.12/site-packages/airflow/example_dags/example_nested_branch_dag.py took 0.100 seconds
[2025-03-06T04:34:58.200+0000] {processor.py:186} INFO - Started process (PID=14443) to work on /home/airflow/.local/lib/python3.12/site-packages/airflow/example_dags/example_nested_branch_dag.py
[2025-03-06T04:34:58.202+0000] {processor.py:914} INFO - Processing file /home/airflow/.local/lib/python3.12/site-packages/airflow/example_dags/example_nested_branch_dag.py for tasks to queue
[2025-03-06T04:34:58.205+0000] {logging_mixin.py:190} INFO - [2025-03-06T04:34:58.204+0000] {dagbag.py:588} INFO - Filling up the DagBag from /home/airflow/.local/lib/python3.12/site-packages/airflow/example_dags/example_nested_branch_dag.py
[2025-03-06T04:34:58.219+0000] {processor.py:925} INFO - DAG(s) 'example_nested_branch_dag' retrieved from /home/airflow/.local/lib/python3.12/site-packages/airflow/example_dags/example_nested_branch_dag.py
[2025-03-06T04:34:58.249+0000] {logging_mixin.py:190} INFO - [2025-03-06T04:34:58.249+0000] {dag.py:3239} INFO - Sync 1 DAGs
[2025-03-06T04:34:58.283+0000] {logging_mixin.py:190} INFO - [2025-03-06T04:34:58.282+0000] {dag.py:4180} INFO - Setting next_dagrun for example_nested_branch_dag to 2025-03-05 00:00:00+00:00, run_after=2025-03-06 00:00:00+00:00
[2025-03-06T04:34:58.312+0000] {processor.py:208} INFO - Processing /home/airflow/.local/lib/python3.12/site-packages/airflow/example_dags/example_nested_branch_dag.py took 0.119 seconds
[2025-03-06T04:35:29.271+0000] {processor.py:186} INFO - Started process (PID=14518) to work on /home/airflow/.local/lib/python3.12/site-packages/airflow/example_dags/example_nested_branch_dag.py
[2025-03-06T04:35:29.272+0000] {processor.py:914} INFO - Processing file /home/airflow/.local/lib/python3.12/site-packages/airflow/example_dags/example_nested_branch_dag.py for tasks to queue
[2025-03-06T04:35:29.274+0000] {logging_mixin.py:190} INFO - [2025-03-06T04:35:29.273+0000] {dagbag.py:588} INFO - Filling up the DagBag from /home/airflow/.local/lib/python3.12/site-packages/airflow/example_dags/example_nested_branch_dag.py
[2025-03-06T04:35:29.282+0000] {processor.py:925} INFO - DAG(s) 'example_nested_branch_dag' retrieved from /home/airflow/.local/lib/python3.12/site-packages/airflow/example_dags/example_nested_branch_dag.py
[2025-03-06T04:35:29.302+0000] {logging_mixin.py:190} INFO - [2025-03-06T04:35:29.302+0000] {dag.py:3239} INFO - Sync 1 DAGs
[2025-03-06T04:35:29.323+0000] {logging_mixin.py:190} INFO - [2025-03-06T04:35:29.323+0000] {dag.py:4180} INFO - Setting next_dagrun for example_nested_branch_dag to 2025-03-05 00:00:00+00:00, run_after=2025-03-06 00:00:00+00:00
[2025-03-06T04:35:29.341+0000] {processor.py:208} INFO - Processing /home/airflow/.local/lib/python3.12/site-packages/airflow/example_dags/example_nested_branch_dag.py took 0.075 seconds
[2025-03-06T04:36:01.513+0000] {processor.py:186} INFO - Started process (PID=14593) to work on /home/airflow/.local/lib/python3.12/site-packages/airflow/example_dags/example_nested_branch_dag.py
[2025-03-06T04:36:01.515+0000] {processor.py:914} INFO - Processing file /home/airflow/.local/lib/python3.12/site-packages/airflow/example_dags/example_nested_branch_dag.py for tasks to queue
[2025-03-06T04:36:01.518+0000] {logging_mixin.py:190} INFO - [2025-03-06T04:36:01.517+0000] {dagbag.py:588} INFO - Filling up the DagBag from /home/airflow/.local/lib/python3.12/site-packages/airflow/example_dags/example_nested_branch_dag.py
[2025-03-06T04:36:01.528+0000] {processor.py:925} INFO - DAG(s) 'example_nested_branch_dag' retrieved from /home/airflow/.local/lib/python3.12/site-packages/airflow/example_dags/example_nested_branch_dag.py
[2025-03-06T04:36:01.553+0000] {logging_mixin.py:190} INFO - [2025-03-06T04:36:01.553+0000] {dag.py:3239} INFO - Sync 1 DAGs
[2025-03-06T04:36:01.583+0000] {logging_mixin.py:190} INFO - [2025-03-06T04:36:01.583+0000] {dag.py:4180} INFO - Setting next_dagrun for example_nested_branch_dag to 2025-03-05 00:00:00+00:00, run_after=2025-03-06 00:00:00+00:00
[2025-03-06T04:36:01.607+0000] {processor.py:208} INFO - Processing /home/airflow/.local/lib/python3.12/site-packages/airflow/example_dags/example_nested_branch_dag.py took 0.100 seconds
[2025-03-06T04:36:34.015+0000] {processor.py:186} INFO - Started process (PID=14668) to work on /home/airflow/.local/lib/python3.12/site-packages/airflow/example_dags/example_nested_branch_dag.py
[2025-03-06T04:36:34.017+0000] {processor.py:914} INFO - Processing file /home/airflow/.local/lib/python3.12/site-packages/airflow/example_dags/example_nested_branch_dag.py for tasks to queue
[2025-03-06T04:36:34.020+0000] {logging_mixin.py:190} INFO - [2025-03-06T04:36:34.020+0000] {dagbag.py:588} INFO - Filling up the DagBag from /home/airflow/.local/lib/python3.12/site-packages/airflow/example_dags/example_nested_branch_dag.py
[2025-03-06T04:36:34.034+0000] {processor.py:925} INFO - DAG(s) 'example_nested_branch_dag' retrieved from /home/airflow/.local/lib/python3.12/site-packages/airflow/example_dags/example_nested_branch_dag.py
[2025-03-06T04:36:34.064+0000] {logging_mixin.py:190} INFO - [2025-03-06T04:36:34.064+0000] {dag.py:3239} INFO - Sync 1 DAGs
[2025-03-06T04:36:34.093+0000] {logging_mixin.py:190} INFO - [2025-03-06T04:36:34.093+0000] {dag.py:4180} INFO - Setting next_dagrun for example_nested_branch_dag to 2025-03-05 00:00:00+00:00, run_after=2025-03-06 00:00:00+00:00
[2025-03-06T04:36:34.117+0000] {processor.py:208} INFO - Processing /home/airflow/.local/lib/python3.12/site-packages/airflow/example_dags/example_nested_branch_dag.py took 0.108 seconds
[2025-03-06T04:37:04.933+0000] {processor.py:186} INFO - Started process (PID=14743) to work on /home/airflow/.local/lib/python3.12/site-packages/airflow/example_dags/example_nested_branch_dag.py
[2025-03-06T04:37:04.935+0000] {processor.py:914} INFO - Processing file /home/airflow/.local/lib/python3.12/site-packages/airflow/example_dags/example_nested_branch_dag.py for tasks to queue
[2025-03-06T04:37:04.937+0000] {logging_mixin.py:190} INFO - [2025-03-06T04:37:04.937+0000] {dagbag.py:588} INFO - Filling up the DagBag from /home/airflow/.local/lib/python3.12/site-packages/airflow/example_dags/example_nested_branch_dag.py
[2025-03-06T04:37:04.946+0000] {processor.py:925} INFO - DAG(s) 'example_nested_branch_dag' retrieved from /home/airflow/.local/lib/python3.12/site-packages/airflow/example_dags/example_nested_branch_dag.py
[2025-03-06T04:37:04.965+0000] {logging_mixin.py:190} INFO - [2025-03-06T04:37:04.965+0000] {dag.py:3239} INFO - Sync 1 DAGs
[2025-03-06T04:37:04.990+0000] {logging_mixin.py:190} INFO - [2025-03-06T04:37:04.990+0000] {dag.py:4180} INFO - Setting next_dagrun for example_nested_branch_dag to 2025-03-05 00:00:00+00:00, run_after=2025-03-06 00:00:00+00:00
[2025-03-06T04:37:05.009+0000] {processor.py:208} INFO - Processing /home/airflow/.local/lib/python3.12/site-packages/airflow/example_dags/example_nested_branch_dag.py took 0.080 seconds
[2025-03-06T04:37:35.146+0000] {processor.py:186} INFO - Started process (PID=14806) to work on /home/airflow/.local/lib/python3.12/site-packages/airflow/example_dags/example_nested_branch_dag.py
[2025-03-06T04:37:35.147+0000] {processor.py:914} INFO - Processing file /home/airflow/.local/lib/python3.12/site-packages/airflow/example_dags/example_nested_branch_dag.py for tasks to queue
[2025-03-06T04:37:35.149+0000] {logging_mixin.py:190} INFO - [2025-03-06T04:37:35.149+0000] {dagbag.py:588} INFO - Filling up the DagBag from /home/airflow/.local/lib/python3.12/site-packages/airflow/example_dags/example_nested_branch_dag.py
[2025-03-06T04:37:35.159+0000] {processor.py:925} INFO - DAG(s) 'example_nested_branch_dag' retrieved from /home/airflow/.local/lib/python3.12/site-packages/airflow/example_dags/example_nested_branch_dag.py
[2025-03-06T04:37:35.186+0000] {logging_mixin.py:190} INFO - [2025-03-06T04:37:35.186+0000] {dag.py:3239} INFO - Sync 1 DAGs
[2025-03-06T04:37:35.208+0000] {logging_mixin.py:190} INFO - [2025-03-06T04:37:35.208+0000] {dag.py:4180} INFO - Setting next_dagrun for example_nested_branch_dag to 2025-03-05 00:00:00+00:00, run_after=2025-03-06 00:00:00+00:00
[2025-03-06T04:37:35.228+0000] {processor.py:208} INFO - Processing /home/airflow/.local/lib/python3.12/site-packages/airflow/example_dags/example_nested_branch_dag.py took 0.087 seconds
[2025-03-06T04:38:05.546+0000] {processor.py:186} INFO - Started process (PID=14881) to work on /home/airflow/.local/lib/python3.12/site-packages/airflow/example_dags/example_nested_branch_dag.py
[2025-03-06T04:38:05.548+0000] {processor.py:914} INFO - Processing file /home/airflow/.local/lib/python3.12/site-packages/airflow/example_dags/example_nested_branch_dag.py for tasks to queue
[2025-03-06T04:38:05.550+0000] {logging_mixin.py:190} INFO - [2025-03-06T04:38:05.550+0000] {dagbag.py:588} INFO - Filling up the DagBag from /home/airflow/.local/lib/python3.12/site-packages/airflow/example_dags/example_nested_branch_dag.py
[2025-03-06T04:38:05.562+0000] {processor.py:925} INFO - DAG(s) 'example_nested_branch_dag' retrieved from /home/airflow/.local/lib/python3.12/site-packages/airflow/example_dags/example_nested_branch_dag.py
[2025-03-06T04:38:05.583+0000] {logging_mixin.py:190} INFO - [2025-03-06T04:38:05.583+0000] {dag.py:3239} INFO - Sync 1 DAGs
[2025-03-06T04:38:05.605+0000] {logging_mixin.py:190} INFO - [2025-03-06T04:38:05.604+0000] {dag.py:4180} INFO - Setting next_dagrun for example_nested_branch_dag to 2025-03-05 00:00:00+00:00, run_after=2025-03-06 00:00:00+00:00
[2025-03-06T04:38:05.621+0000] {processor.py:208} INFO - Processing /home/airflow/.local/lib/python3.12/site-packages/airflow/example_dags/example_nested_branch_dag.py took 0.080 seconds
[2025-03-06T04:38:35.744+0000] {processor.py:186} INFO - Started process (PID=14956) to work on /home/airflow/.local/lib/python3.12/site-packages/airflow/example_dags/example_nested_branch_dag.py
[2025-03-06T04:38:35.745+0000] {processor.py:914} INFO - Processing file /home/airflow/.local/lib/python3.12/site-packages/airflow/example_dags/example_nested_branch_dag.py for tasks to queue
[2025-03-06T04:38:35.747+0000] {logging_mixin.py:190} INFO - [2025-03-06T04:38:35.747+0000] {dagbag.py:588} INFO - Filling up the DagBag from /home/airflow/.local/lib/python3.12/site-packages/airflow/example_dags/example_nested_branch_dag.py
[2025-03-06T04:38:35.756+0000] {processor.py:925} INFO - DAG(s) 'example_nested_branch_dag' retrieved from /home/airflow/.local/lib/python3.12/site-packages/airflow/example_dags/example_nested_branch_dag.py
[2025-03-06T04:38:35.775+0000] {logging_mixin.py:190} INFO - [2025-03-06T04:38:35.775+0000] {dag.py:3239} INFO - Sync 1 DAGs
[2025-03-06T04:38:35.793+0000] {logging_mixin.py:190} INFO - [2025-03-06T04:38:35.793+0000] {dag.py:4180} INFO - Setting next_dagrun for example_nested_branch_dag to 2025-03-05 00:00:00+00:00, run_after=2025-03-06 00:00:00+00:00
[2025-03-06T04:38:35.810+0000] {processor.py:208} INFO - Processing /home/airflow/.local/lib/python3.12/site-packages/airflow/example_dags/example_nested_branch_dag.py took 0.071 seconds
[2025-03-06T04:39:05.970+0000] {processor.py:186} INFO - Started process (PID=15030) to work on /home/airflow/.local/lib/python3.12/site-packages/airflow/example_dags/example_nested_branch_dag.py
[2025-03-06T04:39:05.971+0000] {processor.py:914} INFO - Processing file /home/airflow/.local/lib/python3.12/site-packages/airflow/example_dags/example_nested_branch_dag.py for tasks to queue
[2025-03-06T04:39:05.973+0000] {logging_mixin.py:190} INFO - [2025-03-06T04:39:05.973+0000] {dagbag.py:588} INFO - Filling up the DagBag from /home/airflow/.local/lib/python3.12/site-packages/airflow/example_dags/example_nested_branch_dag.py
[2025-03-06T04:39:05.982+0000] {processor.py:925} INFO - DAG(s) 'example_nested_branch_dag' retrieved from /home/airflow/.local/lib/python3.12/site-packages/airflow/example_dags/example_nested_branch_dag.py
[2025-03-06T04:39:06.001+0000] {logging_mixin.py:190} INFO - [2025-03-06T04:39:06.001+0000] {dag.py:3239} INFO - Sync 1 DAGs
[2025-03-06T04:39:06.022+0000] {logging_mixin.py:190} INFO - [2025-03-06T04:39:06.021+0000] {dag.py:4180} INFO - Setting next_dagrun for example_nested_branch_dag to 2025-03-05 00:00:00+00:00, run_after=2025-03-06 00:00:00+00:00
[2025-03-06T04:39:06.038+0000] {processor.py:208} INFO - Processing /home/airflow/.local/lib/python3.12/site-packages/airflow/example_dags/example_nested_branch_dag.py took 0.073 seconds
[2025-03-06T04:39:36.656+0000] {processor.py:186} INFO - Started process (PID=15105) to work on /home/airflow/.local/lib/python3.12/site-packages/airflow/example_dags/example_nested_branch_dag.py
[2025-03-06T04:39:36.658+0000] {processor.py:914} INFO - Processing file /home/airflow/.local/lib/python3.12/site-packages/airflow/example_dags/example_nested_branch_dag.py for tasks to queue
[2025-03-06T04:39:36.660+0000] {logging_mixin.py:190} INFO - [2025-03-06T04:39:36.659+0000] {dagbag.py:588} INFO - Filling up the DagBag from /home/airflow/.local/lib/python3.12/site-packages/airflow/example_dags/example_nested_branch_dag.py
[2025-03-06T04:39:36.669+0000] {processor.py:925} INFO - DAG(s) 'example_nested_branch_dag' retrieved from /home/airflow/.local/lib/python3.12/site-packages/airflow/example_dags/example_nested_branch_dag.py
[2025-03-06T04:39:36.692+0000] {logging_mixin.py:190} INFO - [2025-03-06T04:39:36.691+0000] {dag.py:3239} INFO - Sync 1 DAGs
[2025-03-06T04:39:36.713+0000] {logging_mixin.py:190} INFO - [2025-03-06T04:39:36.713+0000] {dag.py:4180} INFO - Setting next_dagrun for example_nested_branch_dag to 2025-03-05 00:00:00+00:00, run_after=2025-03-06 00:00:00+00:00
[2025-03-06T04:39:36.732+0000] {processor.py:208} INFO - Processing /home/airflow/.local/lib/python3.12/site-packages/airflow/example_dags/example_nested_branch_dag.py took 0.080 seconds
[2025-03-06T04:40:07.034+0000] {processor.py:186} INFO - Started process (PID=15181) to work on /home/airflow/.local/lib/python3.12/site-packages/airflow/example_dags/example_nested_branch_dag.py
[2025-03-06T04:40:07.035+0000] {processor.py:914} INFO - Processing file /home/airflow/.local/lib/python3.12/site-packages/airflow/example_dags/example_nested_branch_dag.py for tasks to queue
[2025-03-06T04:40:07.037+0000] {logging_mixin.py:190} INFO - [2025-03-06T04:40:07.037+0000] {dagbag.py:588} INFO - Filling up the DagBag from /home/airflow/.local/lib/python3.12/site-packages/airflow/example_dags/example_nested_branch_dag.py
[2025-03-06T04:40:07.050+0000] {processor.py:925} INFO - DAG(s) 'example_nested_branch_dag' retrieved from /home/airflow/.local/lib/python3.12/site-packages/airflow/example_dags/example_nested_branch_dag.py
[2025-03-06T04:40:07.071+0000] {logging_mixin.py:190} INFO - [2025-03-06T04:40:07.070+0000] {dag.py:3239} INFO - Sync 1 DAGs
[2025-03-06T04:40:07.092+0000] {logging_mixin.py:190} INFO - [2025-03-06T04:40:07.092+0000] {dag.py:4180} INFO - Setting next_dagrun for example_nested_branch_dag to 2025-03-05 00:00:00+00:00, run_after=2025-03-06 00:00:00+00:00
[2025-03-06T04:40:07.112+0000] {processor.py:208} INFO - Processing /home/airflow/.local/lib/python3.12/site-packages/airflow/example_dags/example_nested_branch_dag.py took 0.083 seconds
[2025-03-06T04:40:37.341+0000] {processor.py:186} INFO - Started process (PID=15256) to work on /home/airflow/.local/lib/python3.12/site-packages/airflow/example_dags/example_nested_branch_dag.py
[2025-03-06T04:40:37.343+0000] {processor.py:914} INFO - Processing file /home/airflow/.local/lib/python3.12/site-packages/airflow/example_dags/example_nested_branch_dag.py for tasks to queue
[2025-03-06T04:40:37.346+0000] {logging_mixin.py:190} INFO - [2025-03-06T04:40:37.345+0000] {dagbag.py:588} INFO - Filling up the DagBag from /home/airflow/.local/lib/python3.12/site-packages/airflow/example_dags/example_nested_branch_dag.py
[2025-03-06T04:40:37.357+0000] {processor.py:925} INFO - DAG(s) 'example_nested_branch_dag' retrieved from /home/airflow/.local/lib/python3.12/site-packages/airflow/example_dags/example_nested_branch_dag.py
[2025-03-06T04:40:37.377+0000] {logging_mixin.py:190} INFO - [2025-03-06T04:40:37.376+0000] {dag.py:3239} INFO - Sync 1 DAGs
[2025-03-06T04:40:37.399+0000] {logging_mixin.py:190} INFO - [2025-03-06T04:40:37.399+0000] {dag.py:4180} INFO - Setting next_dagrun for example_nested_branch_dag to 2025-03-05 00:00:00+00:00, run_after=2025-03-06 00:00:00+00:00
[2025-03-06T04:40:37.421+0000] {processor.py:208} INFO - Processing /home/airflow/.local/lib/python3.12/site-packages/airflow/example_dags/example_nested_branch_dag.py took 0.086 seconds
[2025-03-06T04:41:07.786+0000] {processor.py:186} INFO - Started process (PID=15331) to work on /home/airflow/.local/lib/python3.12/site-packages/airflow/example_dags/example_nested_branch_dag.py
[2025-03-06T04:41:07.787+0000] {processor.py:914} INFO - Processing file /home/airflow/.local/lib/python3.12/site-packages/airflow/example_dags/example_nested_branch_dag.py for tasks to queue
[2025-03-06T04:41:07.789+0000] {logging_mixin.py:190} INFO - [2025-03-06T04:41:07.789+0000] {dagbag.py:588} INFO - Filling up the DagBag from /home/airflow/.local/lib/python3.12/site-packages/airflow/example_dags/example_nested_branch_dag.py
[2025-03-06T04:41:07.798+0000] {processor.py:925} INFO - DAG(s) 'example_nested_branch_dag' retrieved from /home/airflow/.local/lib/python3.12/site-packages/airflow/example_dags/example_nested_branch_dag.py
[2025-03-06T04:41:07.818+0000] {logging_mixin.py:190} INFO - [2025-03-06T04:41:07.818+0000] {dag.py:3239} INFO - Sync 1 DAGs
[2025-03-06T04:41:07.838+0000] {logging_mixin.py:190} INFO - [2025-03-06T04:41:07.838+0000] {dag.py:4180} INFO - Setting next_dagrun for example_nested_branch_dag to 2025-03-05 00:00:00+00:00, run_after=2025-03-06 00:00:00+00:00
[2025-03-06T04:41:07.856+0000] {processor.py:208} INFO - Processing /home/airflow/.local/lib/python3.12/site-packages/airflow/example_dags/example_nested_branch_dag.py took 0.075 seconds
[2025-03-06T04:41:38.525+0000] {processor.py:186} INFO - Started process (PID=15405) to work on /home/airflow/.local/lib/python3.12/site-packages/airflow/example_dags/example_nested_branch_dag.py
[2025-03-06T04:41:38.526+0000] {processor.py:914} INFO - Processing file /home/airflow/.local/lib/python3.12/site-packages/airflow/example_dags/example_nested_branch_dag.py for tasks to queue
[2025-03-06T04:41:38.529+0000] {logging_mixin.py:190} INFO - [2025-03-06T04:41:38.528+0000] {dagbag.py:588} INFO - Filling up the DagBag from /home/airflow/.local/lib/python3.12/site-packages/airflow/example_dags/example_nested_branch_dag.py
[2025-03-06T04:41:38.538+0000] {processor.py:925} INFO - DAG(s) 'example_nested_branch_dag' retrieved from /home/airflow/.local/lib/python3.12/site-packages/airflow/example_dags/example_nested_branch_dag.py
[2025-03-06T04:41:38.559+0000] {logging_mixin.py:190} INFO - [2025-03-06T04:41:38.559+0000] {dag.py:3239} INFO - Sync 1 DAGs
[2025-03-06T04:41:38.580+0000] {logging_mixin.py:190} INFO - [2025-03-06T04:41:38.580+0000] {dag.py:4180} INFO - Setting next_dagrun for example_nested_branch_dag to 2025-03-05 00:00:00+00:00, run_after=2025-03-06 00:00:00+00:00
[2025-03-06T04:41:38.597+0000] {processor.py:208} INFO - Processing /home/airflow/.local/lib/python3.12/site-packages/airflow/example_dags/example_nested_branch_dag.py took 0.076 seconds
[2025-03-06T04:42:08.943+0000] {processor.py:186} INFO - Started process (PID=15480) to work on /home/airflow/.local/lib/python3.12/site-packages/airflow/example_dags/example_nested_branch_dag.py
[2025-03-06T04:42:08.944+0000] {processor.py:914} INFO - Processing file /home/airflow/.local/lib/python3.12/site-packages/airflow/example_dags/example_nested_branch_dag.py for tasks to queue
[2025-03-06T04:42:08.948+0000] {logging_mixin.py:190} INFO - [2025-03-06T04:42:08.947+0000] {dagbag.py:588} INFO - Filling up the DagBag from /home/airflow/.local/lib/python3.12/site-packages/airflow/example_dags/example_nested_branch_dag.py
[2025-03-06T04:42:08.962+0000] {processor.py:925} INFO - DAG(s) 'example_nested_branch_dag' retrieved from /home/airflow/.local/lib/python3.12/site-packages/airflow/example_dags/example_nested_branch_dag.py
[2025-03-06T04:42:08.988+0000] {logging_mixin.py:190} INFO - [2025-03-06T04:42:08.988+0000] {dag.py:3239} INFO - Sync 1 DAGs
[2025-03-06T04:42:09.023+0000] {logging_mixin.py:190} INFO - [2025-03-06T04:42:09.022+0000] {dag.py:4180} INFO - Setting next_dagrun for example_nested_branch_dag to 2025-03-05 00:00:00+00:00, run_after=2025-03-06 00:00:00+00:00
[2025-03-06T04:42:09.046+0000] {processor.py:208} INFO - Processing /home/airflow/.local/lib/python3.12/site-packages/airflow/example_dags/example_nested_branch_dag.py took 0.111 seconds
[2025-03-06T11:01:08.646+0000] {processor.py:186} INFO - Started process (PID=129) to work on /home/airflow/.local/lib/python3.12/site-packages/airflow/example_dags/example_nested_branch_dag.py
[2025-03-06T11:01:08.649+0000] {processor.py:914} INFO - Processing file /home/airflow/.local/lib/python3.12/site-packages/airflow/example_dags/example_nested_branch_dag.py for tasks to queue
[2025-03-06T11:01:08.653+0000] {logging_mixin.py:190} INFO - [2025-03-06T11:01:08.652+0000] {dagbag.py:588} INFO - Filling up the DagBag from /home/airflow/.local/lib/python3.12/site-packages/airflow/example_dags/example_nested_branch_dag.py
[2025-03-06T11:01:08.672+0000] {processor.py:925} INFO - DAG(s) 'example_nested_branch_dag' retrieved from /home/airflow/.local/lib/python3.12/site-packages/airflow/example_dags/example_nested_branch_dag.py
[2025-03-06T11:01:08.721+0000] {logging_mixin.py:190} INFO - [2025-03-06T11:01:08.721+0000] {dag.py:3239} INFO - Sync 1 DAGs
[2025-03-06T11:01:08.815+0000] {logging_mixin.py:190} INFO - [2025-03-06T11:01:08.815+0000] {dag.py:4180} INFO - Setting next_dagrun for example_nested_branch_dag to 2025-03-05 00:00:00+00:00, run_after=2025-03-06 00:00:00+00:00
[2025-03-06T11:01:08.850+0000] {processor.py:208} INFO - Processing /home/airflow/.local/lib/python3.12/site-packages/airflow/example_dags/example_nested_branch_dag.py took 0.214 seconds
[2025-03-06T11:01:39.134+0000] {processor.py:186} INFO - Started process (PID=204) to work on /home/airflow/.local/lib/python3.12/site-packages/airflow/example_dags/example_nested_branch_dag.py
[2025-03-06T11:01:39.136+0000] {processor.py:914} INFO - Processing file /home/airflow/.local/lib/python3.12/site-packages/airflow/example_dags/example_nested_branch_dag.py for tasks to queue
[2025-03-06T11:01:39.139+0000] {logging_mixin.py:190} INFO - [2025-03-06T11:01:39.138+0000] {dagbag.py:588} INFO - Filling up the DagBag from /home/airflow/.local/lib/python3.12/site-packages/airflow/example_dags/example_nested_branch_dag.py
[2025-03-06T11:01:39.148+0000] {processor.py:925} INFO - DAG(s) 'example_nested_branch_dag' retrieved from /home/airflow/.local/lib/python3.12/site-packages/airflow/example_dags/example_nested_branch_dag.py
[2025-03-06T11:01:39.167+0000] {logging_mixin.py:190} INFO - [2025-03-06T11:01:39.167+0000] {dag.py:3239} INFO - Sync 1 DAGs
[2025-03-06T11:01:39.189+0000] {logging_mixin.py:190} INFO - [2025-03-06T11:01:39.189+0000] {dag.py:4180} INFO - Setting next_dagrun for example_nested_branch_dag to 2025-03-05 00:00:00+00:00, run_after=2025-03-06 00:00:00+00:00
[2025-03-06T11:01:39.205+0000] {processor.py:208} INFO - Processing /home/airflow/.local/lib/python3.12/site-packages/airflow/example_dags/example_nested_branch_dag.py took 0.076 seconds
[2025-03-06T11:02:10.732+0000] {processor.py:186} INFO - Started process (PID=279) to work on /home/airflow/.local/lib/python3.12/site-packages/airflow/example_dags/example_nested_branch_dag.py
[2025-03-06T11:02:10.734+0000] {processor.py:914} INFO - Processing file /home/airflow/.local/lib/python3.12/site-packages/airflow/example_dags/example_nested_branch_dag.py for tasks to queue
[2025-03-06T11:02:10.736+0000] {logging_mixin.py:190} INFO - [2025-03-06T11:02:10.736+0000] {dagbag.py:588} INFO - Filling up the DagBag from /home/airflow/.local/lib/python3.12/site-packages/airflow/example_dags/example_nested_branch_dag.py
[2025-03-06T11:02:10.746+0000] {processor.py:925} INFO - DAG(s) 'example_nested_branch_dag' retrieved from /home/airflow/.local/lib/python3.12/site-packages/airflow/example_dags/example_nested_branch_dag.py
[2025-03-06T11:02:10.765+0000] {logging_mixin.py:190} INFO - [2025-03-06T11:02:10.764+0000] {dag.py:3239} INFO - Sync 1 DAGs
[2025-03-06T11:02:10.787+0000] {logging_mixin.py:190} INFO - [2025-03-06T11:02:10.787+0000] {dag.py:4180} INFO - Setting next_dagrun for example_nested_branch_dag to 2025-03-05 00:00:00+00:00, run_after=2025-03-06 00:00:00+00:00
[2025-03-06T11:02:10.803+0000] {processor.py:208} INFO - Processing /home/airflow/.local/lib/python3.12/site-packages/airflow/example_dags/example_nested_branch_dag.py took 0.076 seconds
[2025-03-06T11:02:44.048+0000] {processor.py:186} INFO - Started process (PID=354) to work on /home/airflow/.local/lib/python3.12/site-packages/airflow/example_dags/example_nested_branch_dag.py
[2025-03-06T11:02:44.050+0000] {processor.py:914} INFO - Processing file /home/airflow/.local/lib/python3.12/site-packages/airflow/example_dags/example_nested_branch_dag.py for tasks to queue
[2025-03-06T11:02:44.055+0000] {logging_mixin.py:190} INFO - [2025-03-06T11:02:44.054+0000] {dagbag.py:588} INFO - Filling up the DagBag from /home/airflow/.local/lib/python3.12/site-packages/airflow/example_dags/example_nested_branch_dag.py
[2025-03-06T11:02:44.081+0000] {processor.py:925} INFO - DAG(s) 'example_nested_branch_dag' retrieved from /home/airflow/.local/lib/python3.12/site-packages/airflow/example_dags/example_nested_branch_dag.py
[2025-03-06T11:02:44.140+0000] {logging_mixin.py:190} INFO - [2025-03-06T11:02:44.139+0000] {dag.py:3239} INFO - Sync 1 DAGs
[2025-03-06T11:02:44.185+0000] {logging_mixin.py:190} INFO - [2025-03-06T11:02:44.184+0000] {dag.py:4180} INFO - Setting next_dagrun for example_nested_branch_dag to 2025-03-05 00:00:00+00:00, run_after=2025-03-06 00:00:00+00:00
[2025-03-06T11:02:44.228+0000] {processor.py:208} INFO - Processing /home/airflow/.local/lib/python3.12/site-packages/airflow/example_dags/example_nested_branch_dag.py took 0.196 seconds
[2025-03-06T11:03:14.871+0000] {processor.py:186} INFO - Started process (PID=430) to work on /home/airflow/.local/lib/python3.12/site-packages/airflow/example_dags/example_nested_branch_dag.py
[2025-03-06T11:03:14.872+0000] {processor.py:914} INFO - Processing file /home/airflow/.local/lib/python3.12/site-packages/airflow/example_dags/example_nested_branch_dag.py for tasks to queue
[2025-03-06T11:03:14.875+0000] {logging_mixin.py:190} INFO - [2025-03-06T11:03:14.875+0000] {dagbag.py:588} INFO - Filling up the DagBag from /home/airflow/.local/lib/python3.12/site-packages/airflow/example_dags/example_nested_branch_dag.py
[2025-03-06T11:03:14.887+0000] {processor.py:925} INFO - DAG(s) 'example_nested_branch_dag' retrieved from /home/airflow/.local/lib/python3.12/site-packages/airflow/example_dags/example_nested_branch_dag.py
[2025-03-06T11:03:14.911+0000] {logging_mixin.py:190} INFO - [2025-03-06T11:03:14.911+0000] {dag.py:3239} INFO - Sync 1 DAGs
[2025-03-06T11:03:14.936+0000] {logging_mixin.py:190} INFO - [2025-03-06T11:03:14.936+0000] {dag.py:4180} INFO - Setting next_dagrun for example_nested_branch_dag to 2025-03-05 00:00:00+00:00, run_after=2025-03-06 00:00:00+00:00
[2025-03-06T11:03:14.957+0000] {processor.py:208} INFO - Processing /home/airflow/.local/lib/python3.12/site-packages/airflow/example_dags/example_nested_branch_dag.py took 0.091 seconds
[2025-03-06T11:03:46.310+0000] {processor.py:186} INFO - Started process (PID=505) to work on /home/airflow/.local/lib/python3.12/site-packages/airflow/example_dags/example_nested_branch_dag.py
[2025-03-06T11:03:46.311+0000] {processor.py:914} INFO - Processing file /home/airflow/.local/lib/python3.12/site-packages/airflow/example_dags/example_nested_branch_dag.py for tasks to queue
[2025-03-06T11:03:46.313+0000] {logging_mixin.py:190} INFO - [2025-03-06T11:03:46.313+0000] {dagbag.py:588} INFO - Filling up the DagBag from /home/airflow/.local/lib/python3.12/site-packages/airflow/example_dags/example_nested_branch_dag.py
[2025-03-06T11:03:46.325+0000] {processor.py:925} INFO - DAG(s) 'example_nested_branch_dag' retrieved from /home/airflow/.local/lib/python3.12/site-packages/airflow/example_dags/example_nested_branch_dag.py
[2025-03-06T11:03:46.344+0000] {logging_mixin.py:190} INFO - [2025-03-06T11:03:46.344+0000] {dag.py:3239} INFO - Sync 1 DAGs
[2025-03-06T11:03:46.365+0000] {logging_mixin.py:190} INFO - [2025-03-06T11:03:46.365+0000] {dag.py:4180} INFO - Setting next_dagrun for example_nested_branch_dag to 2025-03-05 00:00:00+00:00, run_after=2025-03-06 00:00:00+00:00
[2025-03-06T11:03:46.384+0000] {processor.py:208} INFO - Processing /home/airflow/.local/lib/python3.12/site-packages/airflow/example_dags/example_nested_branch_dag.py took 0.079 seconds
[2025-03-06T11:04:17.491+0000] {processor.py:186} INFO - Started process (PID=580) to work on /home/airflow/.local/lib/python3.12/site-packages/airflow/example_dags/example_nested_branch_dag.py
[2025-03-06T11:04:17.492+0000] {processor.py:914} INFO - Processing file /home/airflow/.local/lib/python3.12/site-packages/airflow/example_dags/example_nested_branch_dag.py for tasks to queue
[2025-03-06T11:04:17.494+0000] {logging_mixin.py:190} INFO - [2025-03-06T11:04:17.494+0000] {dagbag.py:588} INFO - Filling up the DagBag from /home/airflow/.local/lib/python3.12/site-packages/airflow/example_dags/example_nested_branch_dag.py
[2025-03-06T11:04:17.505+0000] {processor.py:925} INFO - DAG(s) 'example_nested_branch_dag' retrieved from /home/airflow/.local/lib/python3.12/site-packages/airflow/example_dags/example_nested_branch_dag.py
[2025-03-06T11:04:17.527+0000] {logging_mixin.py:190} INFO - [2025-03-06T11:04:17.527+0000] {dag.py:3239} INFO - Sync 1 DAGs
[2025-03-06T11:04:17.550+0000] {logging_mixin.py:190} INFO - [2025-03-06T11:04:17.549+0000] {dag.py:4180} INFO - Setting next_dagrun for example_nested_branch_dag to 2025-03-05 00:00:00+00:00, run_after=2025-03-06 00:00:00+00:00
[2025-03-06T11:04:17.567+0000] {processor.py:208} INFO - Processing /home/airflow/.local/lib/python3.12/site-packages/airflow/example_dags/example_nested_branch_dag.py took 0.081 seconds
[2025-03-06T11:04:49.288+0000] {processor.py:186} INFO - Started process (PID=655) to work on /home/airflow/.local/lib/python3.12/site-packages/airflow/example_dags/example_nested_branch_dag.py
[2025-03-06T11:04:49.289+0000] {processor.py:914} INFO - Processing file /home/airflow/.local/lib/python3.12/site-packages/airflow/example_dags/example_nested_branch_dag.py for tasks to queue
[2025-03-06T11:04:49.292+0000] {logging_mixin.py:190} INFO - [2025-03-06T11:04:49.292+0000] {dagbag.py:588} INFO - Filling up the DagBag from /home/airflow/.local/lib/python3.12/site-packages/airflow/example_dags/example_nested_branch_dag.py
[2025-03-06T11:04:49.303+0000] {processor.py:925} INFO - DAG(s) 'example_nested_branch_dag' retrieved from /home/airflow/.local/lib/python3.12/site-packages/airflow/example_dags/example_nested_branch_dag.py
[2025-03-06T11:04:49.324+0000] {logging_mixin.py:190} INFO - [2025-03-06T11:04:49.324+0000] {dag.py:3239} INFO - Sync 1 DAGs
[2025-03-06T11:04:49.350+0000] {logging_mixin.py:190} INFO - [2025-03-06T11:04:49.350+0000] {dag.py:4180} INFO - Setting next_dagrun for example_nested_branch_dag to 2025-03-05 00:00:00+00:00, run_after=2025-03-06 00:00:00+00:00
[2025-03-06T11:04:49.370+0000] {processor.py:208} INFO - Processing /home/airflow/.local/lib/python3.12/site-packages/airflow/example_dags/example_nested_branch_dag.py took 0.087 seconds
[2025-03-06T11:05:20.814+0000] {processor.py:186} INFO - Started process (PID=754) to work on /home/airflow/.local/lib/python3.12/site-packages/airflow/example_dags/example_nested_branch_dag.py
[2025-03-06T11:05:20.816+0000] {processor.py:914} INFO - Processing file /home/airflow/.local/lib/python3.12/site-packages/airflow/example_dags/example_nested_branch_dag.py for tasks to queue
[2025-03-06T11:05:20.820+0000] {logging_mixin.py:190} INFO - [2025-03-06T11:05:20.820+0000] {dagbag.py:588} INFO - Filling up the DagBag from /home/airflow/.local/lib/python3.12/site-packages/airflow/example_dags/example_nested_branch_dag.py
[2025-03-06T11:05:20.837+0000] {processor.py:925} INFO - DAG(s) 'example_nested_branch_dag' retrieved from /home/airflow/.local/lib/python3.12/site-packages/airflow/example_dags/example_nested_branch_dag.py
[2025-03-06T11:05:20.870+0000] {logging_mixin.py:190} INFO - [2025-03-06T11:05:20.870+0000] {dag.py:3239} INFO - Sync 1 DAGs
[2025-03-06T11:05:20.904+0000] {logging_mixin.py:190} INFO - [2025-03-06T11:05:20.904+0000] {dag.py:4180} INFO - Setting next_dagrun for example_nested_branch_dag to 2025-03-05 00:00:00+00:00, run_after=2025-03-06 00:00:00+00:00
[2025-03-06T11:05:20.932+0000] {processor.py:208} INFO - Processing /home/airflow/.local/lib/python3.12/site-packages/airflow/example_dags/example_nested_branch_dag.py took 0.126 seconds
[2025-03-06T11:05:52.052+0000] {processor.py:186} INFO - Started process (PID=829) to work on /home/airflow/.local/lib/python3.12/site-packages/airflow/example_dags/example_nested_branch_dag.py
[2025-03-06T11:05:52.053+0000] {processor.py:914} INFO - Processing file /home/airflow/.local/lib/python3.12/site-packages/airflow/example_dags/example_nested_branch_dag.py for tasks to queue
[2025-03-06T11:05:52.055+0000] {logging_mixin.py:190} INFO - [2025-03-06T11:05:52.055+0000] {dagbag.py:588} INFO - Filling up the DagBag from /home/airflow/.local/lib/python3.12/site-packages/airflow/example_dags/example_nested_branch_dag.py
[2025-03-06T11:05:52.066+0000] {processor.py:925} INFO - DAG(s) 'example_nested_branch_dag' retrieved from /home/airflow/.local/lib/python3.12/site-packages/airflow/example_dags/example_nested_branch_dag.py
[2025-03-06T11:05:52.086+0000] {logging_mixin.py:190} INFO - [2025-03-06T11:05:52.086+0000] {dag.py:3239} INFO - Sync 1 DAGs
[2025-03-06T11:05:52.107+0000] {logging_mixin.py:190} INFO - [2025-03-06T11:05:52.107+0000] {dag.py:4180} INFO - Setting next_dagrun for example_nested_branch_dag to 2025-03-05 00:00:00+00:00, run_after=2025-03-06 00:00:00+00:00
[2025-03-06T11:05:52.123+0000] {processor.py:208} INFO - Processing /home/airflow/.local/lib/python3.12/site-packages/airflow/example_dags/example_nested_branch_dag.py took 0.076 seconds
[2025-03-06T11:06:48.889+0000] {processor.py:186} INFO - Started process (PID=938) to work on /home/airflow/.local/lib/python3.12/site-packages/airflow/example_dags/example_nested_branch_dag.py
[2025-03-06T11:06:48.891+0000] {processor.py:914} INFO - Processing file /home/airflow/.local/lib/python3.12/site-packages/airflow/example_dags/example_nested_branch_dag.py for tasks to queue
[2025-03-06T11:06:48.897+0000] {logging_mixin.py:190} INFO - [2025-03-06T11:06:48.896+0000] {dagbag.py:588} INFO - Filling up the DagBag from /home/airflow/.local/lib/python3.12/site-packages/airflow/example_dags/example_nested_branch_dag.py
[2025-03-06T11:06:48.926+0000] {processor.py:925} INFO - DAG(s) 'example_nested_branch_dag' retrieved from /home/airflow/.local/lib/python3.12/site-packages/airflow/example_dags/example_nested_branch_dag.py
[2025-03-06T11:06:48.986+0000] {logging_mixin.py:190} INFO - [2025-03-06T11:06:48.985+0000] {dag.py:3239} INFO - Sync 1 DAGs
[2025-03-06T11:06:49.039+0000] {logging_mixin.py:190} INFO - [2025-03-06T11:06:49.038+0000] {dag.py:4180} INFO - Setting next_dagrun for example_nested_branch_dag to 2025-03-05 00:00:00+00:00, run_after=2025-03-06 00:00:00+00:00
[2025-03-06T11:06:49.086+0000] {processor.py:208} INFO - Processing /home/airflow/.local/lib/python3.12/site-packages/airflow/example_dags/example_nested_branch_dag.py took 0.211 seconds
[2025-03-06T11:07:50.729+0000] {processor.py:186} INFO - Started process (PID=1013) to work on /home/airflow/.local/lib/python3.12/site-packages/airflow/example_dags/example_nested_branch_dag.py
[2025-03-06T11:07:50.731+0000] {processor.py:914} INFO - Processing file /home/airflow/.local/lib/python3.12/site-packages/airflow/example_dags/example_nested_branch_dag.py for tasks to queue
[2025-03-06T11:07:50.734+0000] {logging_mixin.py:190} INFO - [2025-03-06T11:07:50.733+0000] {dagbag.py:588} INFO - Filling up the DagBag from /home/airflow/.local/lib/python3.12/site-packages/airflow/example_dags/example_nested_branch_dag.py
[2025-03-06T11:07:50.756+0000] {processor.py:925} INFO - DAG(s) 'example_nested_branch_dag' retrieved from /home/airflow/.local/lib/python3.12/site-packages/airflow/example_dags/example_nested_branch_dag.py
[2025-03-06T11:07:50.792+0000] {logging_mixin.py:190} INFO - [2025-03-06T11:07:50.791+0000] {dag.py:3239} INFO - Sync 1 DAGs
[2025-03-06T11:07:50.835+0000] {logging_mixin.py:190} INFO - [2025-03-06T11:07:50.834+0000] {dag.py:4180} INFO - Setting next_dagrun for example_nested_branch_dag to 2025-03-05 00:00:00+00:00, run_after=2025-03-06 00:00:00+00:00
[2025-03-06T11:07:50.867+0000] {processor.py:208} INFO - Processing /home/airflow/.local/lib/python3.12/site-packages/airflow/example_dags/example_nested_branch_dag.py took 0.147 seconds
[2025-03-06T11:08:21.819+0000] {processor.py:186} INFO - Started process (PID=1088) to work on /home/airflow/.local/lib/python3.12/site-packages/airflow/example_dags/example_nested_branch_dag.py
[2025-03-06T11:08:21.821+0000] {processor.py:914} INFO - Processing file /home/airflow/.local/lib/python3.12/site-packages/airflow/example_dags/example_nested_branch_dag.py for tasks to queue
[2025-03-06T11:08:21.823+0000] {logging_mixin.py:190} INFO - [2025-03-06T11:08:21.823+0000] {dagbag.py:588} INFO - Filling up the DagBag from /home/airflow/.local/lib/python3.12/site-packages/airflow/example_dags/example_nested_branch_dag.py
[2025-03-06T11:08:21.845+0000] {processor.py:925} INFO - DAG(s) 'example_nested_branch_dag' retrieved from /home/airflow/.local/lib/python3.12/site-packages/airflow/example_dags/example_nested_branch_dag.py
[2025-03-06T11:08:21.884+0000] {logging_mixin.py:190} INFO - [2025-03-06T11:08:21.883+0000] {dag.py:3239} INFO - Sync 1 DAGs
[2025-03-06T11:08:21.922+0000] {logging_mixin.py:190} INFO - [2025-03-06T11:08:21.921+0000] {dag.py:4180} INFO - Setting next_dagrun for example_nested_branch_dag to 2025-03-05 00:00:00+00:00, run_after=2025-03-06 00:00:00+00:00
[2025-03-06T11:08:21.965+0000] {processor.py:208} INFO - Processing /home/airflow/.local/lib/python3.12/site-packages/airflow/example_dags/example_nested_branch_dag.py took 0.157 seconds
[2025-03-06T11:08:52.542+0000] {processor.py:186} INFO - Started process (PID=1163) to work on /home/airflow/.local/lib/python3.12/site-packages/airflow/example_dags/example_nested_branch_dag.py
[2025-03-06T11:08:52.543+0000] {processor.py:914} INFO - Processing file /home/airflow/.local/lib/python3.12/site-packages/airflow/example_dags/example_nested_branch_dag.py for tasks to queue
[2025-03-06T11:08:52.545+0000] {logging_mixin.py:190} INFO - [2025-03-06T11:08:52.544+0000] {dagbag.py:588} INFO - Filling up the DagBag from /home/airflow/.local/lib/python3.12/site-packages/airflow/example_dags/example_nested_branch_dag.py
[2025-03-06T11:08:52.556+0000] {processor.py:925} INFO - DAG(s) 'example_nested_branch_dag' retrieved from /home/airflow/.local/lib/python3.12/site-packages/airflow/example_dags/example_nested_branch_dag.py
[2025-03-06T11:08:52.582+0000] {logging_mixin.py:190} INFO - [2025-03-06T11:08:52.582+0000] {dag.py:3239} INFO - Sync 1 DAGs
[2025-03-06T11:08:52.615+0000] {logging_mixin.py:190} INFO - [2025-03-06T11:08:52.615+0000] {dag.py:4180} INFO - Setting next_dagrun for example_nested_branch_dag to 2025-03-05 00:00:00+00:00, run_after=2025-03-06 00:00:00+00:00
[2025-03-06T11:08:52.642+0000] {processor.py:208} INFO - Processing /home/airflow/.local/lib/python3.12/site-packages/airflow/example_dags/example_nested_branch_dag.py took 0.105 seconds
[2025-03-06T11:09:25.083+0000] {processor.py:186} INFO - Started process (PID=1239) to work on /home/airflow/.local/lib/python3.12/site-packages/airflow/example_dags/example_nested_branch_dag.py
[2025-03-06T11:09:25.084+0000] {processor.py:914} INFO - Processing file /home/airflow/.local/lib/python3.12/site-packages/airflow/example_dags/example_nested_branch_dag.py for tasks to queue
[2025-03-06T11:09:25.087+0000] {logging_mixin.py:190} INFO - [2025-03-06T11:09:25.086+0000] {dagbag.py:588} INFO - Filling up the DagBag from /home/airflow/.local/lib/python3.12/site-packages/airflow/example_dags/example_nested_branch_dag.py
[2025-03-06T11:09:25.104+0000] {processor.py:925} INFO - DAG(s) 'example_nested_branch_dag' retrieved from /home/airflow/.local/lib/python3.12/site-packages/airflow/example_dags/example_nested_branch_dag.py
[2025-03-06T11:09:25.139+0000] {logging_mixin.py:190} INFO - [2025-03-06T11:09:25.139+0000] {dag.py:3239} INFO - Sync 1 DAGs
[2025-03-06T11:09:25.178+0000] {logging_mixin.py:190} INFO - [2025-03-06T11:09:25.178+0000] {dag.py:4180} INFO - Setting next_dagrun for example_nested_branch_dag to 2025-03-05 00:00:00+00:00, run_after=2025-03-06 00:00:00+00:00
[2025-03-06T11:09:25.209+0000] {processor.py:208} INFO - Processing /home/airflow/.local/lib/python3.12/site-packages/airflow/example_dags/example_nested_branch_dag.py took 0.135 seconds
[2025-03-06T11:09:56.142+0000] {processor.py:186} INFO - Started process (PID=1313) to work on /home/airflow/.local/lib/python3.12/site-packages/airflow/example_dags/example_nested_branch_dag.py
[2025-03-06T11:09:56.144+0000] {processor.py:914} INFO - Processing file /home/airflow/.local/lib/python3.12/site-packages/airflow/example_dags/example_nested_branch_dag.py for tasks to queue
[2025-03-06T11:09:56.147+0000] {logging_mixin.py:190} INFO - [2025-03-06T11:09:56.146+0000] {dagbag.py:588} INFO - Filling up the DagBag from /home/airflow/.local/lib/python3.12/site-packages/airflow/example_dags/example_nested_branch_dag.py
[2025-03-06T11:09:56.168+0000] {processor.py:925} INFO - DAG(s) 'example_nested_branch_dag' retrieved from /home/airflow/.local/lib/python3.12/site-packages/airflow/example_dags/example_nested_branch_dag.py
[2025-03-06T11:09:56.206+0000] {logging_mixin.py:190} INFO - [2025-03-06T11:09:56.205+0000] {dag.py:3239} INFO - Sync 1 DAGs
[2025-03-06T11:09:56.247+0000] {logging_mixin.py:190} INFO - [2025-03-06T11:09:56.247+0000] {dag.py:4180} INFO - Setting next_dagrun for example_nested_branch_dag to 2025-03-05 00:00:00+00:00, run_after=2025-03-06 00:00:00+00:00
[2025-03-06T11:09:56.283+0000] {processor.py:208} INFO - Processing /home/airflow/.local/lib/python3.12/site-packages/airflow/example_dags/example_nested_branch_dag.py took 0.152 seconds
[2025-03-06T11:10:28.002+0000] {processor.py:186} INFO - Started process (PID=1388) to work on /home/airflow/.local/lib/python3.12/site-packages/airflow/example_dags/example_nested_branch_dag.py
[2025-03-06T11:10:28.003+0000] {processor.py:914} INFO - Processing file /home/airflow/.local/lib/python3.12/site-packages/airflow/example_dags/example_nested_branch_dag.py for tasks to queue
[2025-03-06T11:10:28.004+0000] {logging_mixin.py:190} INFO - [2025-03-06T11:10:28.004+0000] {dagbag.py:588} INFO - Filling up the DagBag from /home/airflow/.local/lib/python3.12/site-packages/airflow/example_dags/example_nested_branch_dag.py
[2025-03-06T11:10:28.014+0000] {processor.py:925} INFO - DAG(s) 'example_nested_branch_dag' retrieved from /home/airflow/.local/lib/python3.12/site-packages/airflow/example_dags/example_nested_branch_dag.py
[2025-03-06T11:10:28.033+0000] {logging_mixin.py:190} INFO - [2025-03-06T11:10:28.032+0000] {dag.py:3239} INFO - Sync 1 DAGs
[2025-03-06T11:10:28.054+0000] {logging_mixin.py:190} INFO - [2025-03-06T11:10:28.054+0000] {dag.py:4180} INFO - Setting next_dagrun for example_nested_branch_dag to 2025-03-05 00:00:00+00:00, run_after=2025-03-06 00:00:00+00:00
[2025-03-06T11:10:28.079+0000] {processor.py:208} INFO - Processing /home/airflow/.local/lib/python3.12/site-packages/airflow/example_dags/example_nested_branch_dag.py took 0.082 seconds
[2025-03-06T11:10:58.301+0000] {processor.py:186} INFO - Started process (PID=1453) to work on /home/airflow/.local/lib/python3.12/site-packages/airflow/example_dags/example_nested_branch_dag.py
[2025-03-06T11:10:58.303+0000] {processor.py:914} INFO - Processing file /home/airflow/.local/lib/python3.12/site-packages/airflow/example_dags/example_nested_branch_dag.py for tasks to queue
[2025-03-06T11:10:58.304+0000] {logging_mixin.py:190} INFO - [2025-03-06T11:10:58.304+0000] {dagbag.py:588} INFO - Filling up the DagBag from /home/airflow/.local/lib/python3.12/site-packages/airflow/example_dags/example_nested_branch_dag.py
[2025-03-06T11:10:58.313+0000] {processor.py:925} INFO - DAG(s) 'example_nested_branch_dag' retrieved from /home/airflow/.local/lib/python3.12/site-packages/airflow/example_dags/example_nested_branch_dag.py
[2025-03-06T11:10:58.333+0000] {logging_mixin.py:190} INFO - [2025-03-06T11:10:58.333+0000] {dag.py:3239} INFO - Sync 1 DAGs
[2025-03-06T11:10:58.354+0000] {logging_mixin.py:190} INFO - [2025-03-06T11:10:58.353+0000] {dag.py:4180} INFO - Setting next_dagrun for example_nested_branch_dag to 2025-03-05 00:00:00+00:00, run_after=2025-03-06 00:00:00+00:00
[2025-03-06T11:10:58.370+0000] {processor.py:208} INFO - Processing /home/airflow/.local/lib/python3.12/site-packages/airflow/example_dags/example_nested_branch_dag.py took 0.074 seconds
[2025-03-06T11:11:28.863+0000] {processor.py:186} INFO - Started process (PID=1527) to work on /home/airflow/.local/lib/python3.12/site-packages/airflow/example_dags/example_nested_branch_dag.py
[2025-03-06T11:11:28.864+0000] {processor.py:914} INFO - Processing file /home/airflow/.local/lib/python3.12/site-packages/airflow/example_dags/example_nested_branch_dag.py for tasks to queue
[2025-03-06T11:11:28.865+0000] {logging_mixin.py:190} INFO - [2025-03-06T11:11:28.864+0000] {dagbag.py:588} INFO - Filling up the DagBag from /home/airflow/.local/lib/python3.12/site-packages/airflow/example_dags/example_nested_branch_dag.py
[2025-03-06T11:11:28.875+0000] {processor.py:925} INFO - DAG(s) 'example_nested_branch_dag' retrieved from /home/airflow/.local/lib/python3.12/site-packages/airflow/example_dags/example_nested_branch_dag.py
[2025-03-06T11:11:28.895+0000] {logging_mixin.py:190} INFO - [2025-03-06T11:11:28.895+0000] {dag.py:3239} INFO - Sync 1 DAGs
[2025-03-06T11:11:28.916+0000] {logging_mixin.py:190} INFO - [2025-03-06T11:11:28.916+0000] {dag.py:4180} INFO - Setting next_dagrun for example_nested_branch_dag to 2025-03-05 00:00:00+00:00, run_after=2025-03-06 00:00:00+00:00
[2025-03-06T11:11:28.966+0000] {processor.py:208} INFO - Processing /home/airflow/.local/lib/python3.12/site-packages/airflow/example_dags/example_nested_branch_dag.py took 0.108 seconds
[2025-03-06T11:11:59.499+0000] {processor.py:186} INFO - Started process (PID=1602) to work on /home/airflow/.local/lib/python3.12/site-packages/airflow/example_dags/example_nested_branch_dag.py
[2025-03-06T11:11:59.500+0000] {processor.py:914} INFO - Processing file /home/airflow/.local/lib/python3.12/site-packages/airflow/example_dags/example_nested_branch_dag.py for tasks to queue
[2025-03-06T11:11:59.502+0000] {logging_mixin.py:190} INFO - [2025-03-06T11:11:59.501+0000] {dagbag.py:588} INFO - Filling up the DagBag from /home/airflow/.local/lib/python3.12/site-packages/airflow/example_dags/example_nested_branch_dag.py
[2025-03-06T11:11:59.520+0000] {processor.py:925} INFO - DAG(s) 'example_nested_branch_dag' retrieved from /home/airflow/.local/lib/python3.12/site-packages/airflow/example_dags/example_nested_branch_dag.py
[2025-03-06T11:11:59.542+0000] {logging_mixin.py:190} INFO - [2025-03-06T11:11:59.542+0000] {dag.py:3239} INFO - Sync 1 DAGs
[2025-03-06T11:11:59.567+0000] {logging_mixin.py:190} INFO - [2025-03-06T11:11:59.567+0000] {dag.py:4180} INFO - Setting next_dagrun for example_nested_branch_dag to 2025-03-05 00:00:00+00:00, run_after=2025-03-06 00:00:00+00:00
[2025-03-06T11:11:59.586+0000] {processor.py:208} INFO - Processing /home/airflow/.local/lib/python3.12/site-packages/airflow/example_dags/example_nested_branch_dag.py took 0.092 seconds
[2025-03-06T11:12:30.311+0000] {processor.py:186} INFO - Started process (PID=1677) to work on /home/airflow/.local/lib/python3.12/site-packages/airflow/example_dags/example_nested_branch_dag.py
[2025-03-06T11:12:30.312+0000] {processor.py:914} INFO - Processing file /home/airflow/.local/lib/python3.12/site-packages/airflow/example_dags/example_nested_branch_dag.py for tasks to queue
[2025-03-06T11:12:30.314+0000] {logging_mixin.py:190} INFO - [2025-03-06T11:12:30.314+0000] {dagbag.py:588} INFO - Filling up the DagBag from /home/airflow/.local/lib/python3.12/site-packages/airflow/example_dags/example_nested_branch_dag.py
[2025-03-06T11:12:30.325+0000] {processor.py:925} INFO - DAG(s) 'example_nested_branch_dag' retrieved from /home/airflow/.local/lib/python3.12/site-packages/airflow/example_dags/example_nested_branch_dag.py
[2025-03-06T11:12:30.346+0000] {logging_mixin.py:190} INFO - [2025-03-06T11:12:30.346+0000] {dag.py:3239} INFO - Sync 1 DAGs
[2025-03-06T11:12:30.368+0000] {logging_mixin.py:190} INFO - [2025-03-06T11:12:30.368+0000] {dag.py:4180} INFO - Setting next_dagrun for example_nested_branch_dag to 2025-03-05 00:00:00+00:00, run_after=2025-03-06 00:00:00+00:00
[2025-03-06T11:12:30.386+0000] {processor.py:208} INFO - Processing /home/airflow/.local/lib/python3.12/site-packages/airflow/example_dags/example_nested_branch_dag.py took 0.080 seconds
[2025-03-06T11:13:00.723+0000] {processor.py:186} INFO - Started process (PID=1752) to work on /home/airflow/.local/lib/python3.12/site-packages/airflow/example_dags/example_nested_branch_dag.py
[2025-03-06T11:13:00.724+0000] {processor.py:914} INFO - Processing file /home/airflow/.local/lib/python3.12/site-packages/airflow/example_dags/example_nested_branch_dag.py for tasks to queue
[2025-03-06T11:13:00.725+0000] {logging_mixin.py:190} INFO - [2025-03-06T11:13:00.725+0000] {dagbag.py:588} INFO - Filling up the DagBag from /home/airflow/.local/lib/python3.12/site-packages/airflow/example_dags/example_nested_branch_dag.py
[2025-03-06T11:13:00.735+0000] {processor.py:925} INFO - DAG(s) 'example_nested_branch_dag' retrieved from /home/airflow/.local/lib/python3.12/site-packages/airflow/example_dags/example_nested_branch_dag.py
[2025-03-06T11:13:00.755+0000] {logging_mixin.py:190} INFO - [2025-03-06T11:13:00.754+0000] {dag.py:3239} INFO - Sync 1 DAGs
[2025-03-06T11:13:00.776+0000] {logging_mixin.py:190} INFO - [2025-03-06T11:13:00.776+0000] {dag.py:4180} INFO - Setting next_dagrun for example_nested_branch_dag to 2025-03-05 00:00:00+00:00, run_after=2025-03-06 00:00:00+00:00
[2025-03-06T11:13:00.794+0000] {processor.py:208} INFO - Processing /home/airflow/.local/lib/python3.12/site-packages/airflow/example_dags/example_nested_branch_dag.py took 0.075 seconds
[2025-03-06T11:13:30.841+0000] {processor.py:186} INFO - Started process (PID=1827) to work on /home/airflow/.local/lib/python3.12/site-packages/airflow/example_dags/example_nested_branch_dag.py
[2025-03-06T11:13:30.843+0000] {processor.py:914} INFO - Processing file /home/airflow/.local/lib/python3.12/site-packages/airflow/example_dags/example_nested_branch_dag.py for tasks to queue
[2025-03-06T11:13:30.845+0000] {logging_mixin.py:190} INFO - [2025-03-06T11:13:30.845+0000] {dagbag.py:588} INFO - Filling up the DagBag from /home/airflow/.local/lib/python3.12/site-packages/airflow/example_dags/example_nested_branch_dag.py
[2025-03-06T11:13:30.859+0000] {processor.py:925} INFO - DAG(s) 'example_nested_branch_dag' retrieved from /home/airflow/.local/lib/python3.12/site-packages/airflow/example_dags/example_nested_branch_dag.py
[2025-03-06T11:13:30.883+0000] {logging_mixin.py:190} INFO - [2025-03-06T11:13:30.883+0000] {dag.py:3239} INFO - Sync 1 DAGs
[2025-03-06T11:13:30.908+0000] {logging_mixin.py:190} INFO - [2025-03-06T11:13:30.908+0000] {dag.py:4180} INFO - Setting next_dagrun for example_nested_branch_dag to 2025-03-05 00:00:00+00:00, run_after=2025-03-06 00:00:00+00:00
[2025-03-06T11:13:30.931+0000] {processor.py:208} INFO - Processing /home/airflow/.local/lib/python3.12/site-packages/airflow/example_dags/example_nested_branch_dag.py took 0.096 seconds
[2025-03-06T11:14:01.290+0000] {processor.py:186} INFO - Started process (PID=1902) to work on /home/airflow/.local/lib/python3.12/site-packages/airflow/example_dags/example_nested_branch_dag.py
[2025-03-06T11:14:01.292+0000] {processor.py:914} INFO - Processing file /home/airflow/.local/lib/python3.12/site-packages/airflow/example_dags/example_nested_branch_dag.py for tasks to queue
[2025-03-06T11:14:01.294+0000] {logging_mixin.py:190} INFO - [2025-03-06T11:14:01.294+0000] {dagbag.py:588} INFO - Filling up the DagBag from /home/airflow/.local/lib/python3.12/site-packages/airflow/example_dags/example_nested_branch_dag.py
[2025-03-06T11:14:01.306+0000] {processor.py:925} INFO - DAG(s) 'example_nested_branch_dag' retrieved from /home/airflow/.local/lib/python3.12/site-packages/airflow/example_dags/example_nested_branch_dag.py
[2025-03-06T11:14:01.330+0000] {logging_mixin.py:190} INFO - [2025-03-06T11:14:01.330+0000] {dag.py:3239} INFO - Sync 1 DAGs
[2025-03-06T11:14:01.359+0000] {logging_mixin.py:190} INFO - [2025-03-06T11:14:01.359+0000] {dag.py:4180} INFO - Setting next_dagrun for example_nested_branch_dag to 2025-03-05 00:00:00+00:00, run_after=2025-03-06 00:00:00+00:00
[2025-03-06T11:14:01.378+0000] {processor.py:208} INFO - Processing /home/airflow/.local/lib/python3.12/site-packages/airflow/example_dags/example_nested_branch_dag.py took 0.093 seconds
[2025-03-06T11:14:31.569+0000] {processor.py:186} INFO - Started process (PID=1977) to work on /home/airflow/.local/lib/python3.12/site-packages/airflow/example_dags/example_nested_branch_dag.py
[2025-03-06T11:14:31.571+0000] {processor.py:914} INFO - Processing file /home/airflow/.local/lib/python3.12/site-packages/airflow/example_dags/example_nested_branch_dag.py for tasks to queue
[2025-03-06T11:14:31.572+0000] {logging_mixin.py:190} INFO - [2025-03-06T11:14:31.572+0000] {dagbag.py:588} INFO - Filling up the DagBag from /home/airflow/.local/lib/python3.12/site-packages/airflow/example_dags/example_nested_branch_dag.py
[2025-03-06T11:14:31.587+0000] {processor.py:925} INFO - DAG(s) 'example_nested_branch_dag' retrieved from /home/airflow/.local/lib/python3.12/site-packages/airflow/example_dags/example_nested_branch_dag.py
[2025-03-06T11:14:31.612+0000] {logging_mixin.py:190} INFO - [2025-03-06T11:14:31.612+0000] {dag.py:3239} INFO - Sync 1 DAGs
[2025-03-06T11:14:31.643+0000] {logging_mixin.py:190} INFO - [2025-03-06T11:14:31.643+0000] {dag.py:4180} INFO - Setting next_dagrun for example_nested_branch_dag to 2025-03-05 00:00:00+00:00, run_after=2025-03-06 00:00:00+00:00
[2025-03-06T11:14:31.667+0000] {processor.py:208} INFO - Processing /home/airflow/.local/lib/python3.12/site-packages/airflow/example_dags/example_nested_branch_dag.py took 0.104 seconds
[2025-03-06T11:15:01.988+0000] {processor.py:186} INFO - Started process (PID=2051) to work on /home/airflow/.local/lib/python3.12/site-packages/airflow/example_dags/example_nested_branch_dag.py
[2025-03-06T11:15:01.990+0000] {processor.py:914} INFO - Processing file /home/airflow/.local/lib/python3.12/site-packages/airflow/example_dags/example_nested_branch_dag.py for tasks to queue
[2025-03-06T11:15:01.991+0000] {logging_mixin.py:190} INFO - [2025-03-06T11:15:01.991+0000] {dagbag.py:588} INFO - Filling up the DagBag from /home/airflow/.local/lib/python3.12/site-packages/airflow/example_dags/example_nested_branch_dag.py
[2025-03-06T11:15:02.004+0000] {processor.py:925} INFO - DAG(s) 'example_nested_branch_dag' retrieved from /home/airflow/.local/lib/python3.12/site-packages/airflow/example_dags/example_nested_branch_dag.py
[2025-03-06T11:15:02.026+0000] {logging_mixin.py:190} INFO - [2025-03-06T11:15:02.026+0000] {dag.py:3239} INFO - Sync 1 DAGs
[2025-03-06T11:15:02.048+0000] {logging_mixin.py:190} INFO - [2025-03-06T11:15:02.048+0000] {dag.py:4180} INFO - Setting next_dagrun for example_nested_branch_dag to 2025-03-05 00:00:00+00:00, run_after=2025-03-06 00:00:00+00:00
[2025-03-06T11:15:02.070+0000] {processor.py:208} INFO - Processing /home/airflow/.local/lib/python3.12/site-packages/airflow/example_dags/example_nested_branch_dag.py took 0.086 seconds
[2025-03-06T11:15:32.339+0000] {processor.py:186} INFO - Started process (PID=2125) to work on /home/airflow/.local/lib/python3.12/site-packages/airflow/example_dags/example_nested_branch_dag.py
[2025-03-06T11:15:32.340+0000] {processor.py:914} INFO - Processing file /home/airflow/.local/lib/python3.12/site-packages/airflow/example_dags/example_nested_branch_dag.py for tasks to queue
[2025-03-06T11:15:32.341+0000] {logging_mixin.py:190} INFO - [2025-03-06T11:15:32.341+0000] {dagbag.py:588} INFO - Filling up the DagBag from /home/airflow/.local/lib/python3.12/site-packages/airflow/example_dags/example_nested_branch_dag.py
[2025-03-06T11:15:32.351+0000] {processor.py:925} INFO - DAG(s) 'example_nested_branch_dag' retrieved from /home/airflow/.local/lib/python3.12/site-packages/airflow/example_dags/example_nested_branch_dag.py
[2025-03-06T11:15:32.369+0000] {logging_mixin.py:190} INFO - [2025-03-06T11:15:32.369+0000] {dag.py:3239} INFO - Sync 1 DAGs
[2025-03-06T11:15:32.389+0000] {logging_mixin.py:190} INFO - [2025-03-06T11:15:32.389+0000] {dag.py:4180} INFO - Setting next_dagrun for example_nested_branch_dag to 2025-03-05 00:00:00+00:00, run_after=2025-03-06 00:00:00+00:00
[2025-03-06T11:15:32.407+0000] {processor.py:208} INFO - Processing /home/airflow/.local/lib/python3.12/site-packages/airflow/example_dags/example_nested_branch_dag.py took 0.074 seconds
[2025-03-06T11:16:03.281+0000] {processor.py:186} INFO - Started process (PID=2200) to work on /home/airflow/.local/lib/python3.12/site-packages/airflow/example_dags/example_nested_branch_dag.py
[2025-03-06T11:16:03.283+0000] {processor.py:914} INFO - Processing file /home/airflow/.local/lib/python3.12/site-packages/airflow/example_dags/example_nested_branch_dag.py for tasks to queue
[2025-03-06T11:16:03.284+0000] {logging_mixin.py:190} INFO - [2025-03-06T11:16:03.284+0000] {dagbag.py:588} INFO - Filling up the DagBag from /home/airflow/.local/lib/python3.12/site-packages/airflow/example_dags/example_nested_branch_dag.py
[2025-03-06T11:16:03.294+0000] {processor.py:925} INFO - DAG(s) 'example_nested_branch_dag' retrieved from /home/airflow/.local/lib/python3.12/site-packages/airflow/example_dags/example_nested_branch_dag.py
[2025-03-06T11:16:03.313+0000] {logging_mixin.py:190} INFO - [2025-03-06T11:16:03.313+0000] {dag.py:3239} INFO - Sync 1 DAGs
[2025-03-06T11:16:03.335+0000] {logging_mixin.py:190} INFO - [2025-03-06T11:16:03.334+0000] {dag.py:4180} INFO - Setting next_dagrun for example_nested_branch_dag to 2025-03-05 00:00:00+00:00, run_after=2025-03-06 00:00:00+00:00
[2025-03-06T11:16:03.355+0000] {processor.py:208} INFO - Processing /home/airflow/.local/lib/python3.12/site-packages/airflow/example_dags/example_nested_branch_dag.py took 0.079 seconds
[2025-03-06T11:16:33.753+0000] {processor.py:186} INFO - Started process (PID=2275) to work on /home/airflow/.local/lib/python3.12/site-packages/airflow/example_dags/example_nested_branch_dag.py
[2025-03-06T11:16:33.754+0000] {processor.py:914} INFO - Processing file /home/airflow/.local/lib/python3.12/site-packages/airflow/example_dags/example_nested_branch_dag.py for tasks to queue
[2025-03-06T11:16:33.755+0000] {logging_mixin.py:190} INFO - [2025-03-06T11:16:33.755+0000] {dagbag.py:588} INFO - Filling up the DagBag from /home/airflow/.local/lib/python3.12/site-packages/airflow/example_dags/example_nested_branch_dag.py
[2025-03-06T11:16:33.766+0000] {processor.py:925} INFO - DAG(s) 'example_nested_branch_dag' retrieved from /home/airflow/.local/lib/python3.12/site-packages/airflow/example_dags/example_nested_branch_dag.py
[2025-03-06T11:16:33.786+0000] {logging_mixin.py:190} INFO - [2025-03-06T11:16:33.785+0000] {dag.py:3239} INFO - Sync 1 DAGs
[2025-03-06T11:16:33.807+0000] {logging_mixin.py:190} INFO - [2025-03-06T11:16:33.807+0000] {dag.py:4180} INFO - Setting next_dagrun for example_nested_branch_dag to 2025-03-05 00:00:00+00:00, run_after=2025-03-06 00:00:00+00:00
[2025-03-06T11:16:33.825+0000] {processor.py:208} INFO - Processing /home/airflow/.local/lib/python3.12/site-packages/airflow/example_dags/example_nested_branch_dag.py took 0.077 seconds
[2025-03-06T11:17:04.613+0000] {processor.py:186} INFO - Started process (PID=2350) to work on /home/airflow/.local/lib/python3.12/site-packages/airflow/example_dags/example_nested_branch_dag.py
[2025-03-06T11:17:04.614+0000] {processor.py:914} INFO - Processing file /home/airflow/.local/lib/python3.12/site-packages/airflow/example_dags/example_nested_branch_dag.py for tasks to queue
[2025-03-06T11:17:04.615+0000] {logging_mixin.py:190} INFO - [2025-03-06T11:17:04.615+0000] {dagbag.py:588} INFO - Filling up the DagBag from /home/airflow/.local/lib/python3.12/site-packages/airflow/example_dags/example_nested_branch_dag.py
[2025-03-06T11:17:04.627+0000] {processor.py:925} INFO - DAG(s) 'example_nested_branch_dag' retrieved from /home/airflow/.local/lib/python3.12/site-packages/airflow/example_dags/example_nested_branch_dag.py
[2025-03-06T11:17:04.647+0000] {logging_mixin.py:190} INFO - [2025-03-06T11:17:04.647+0000] {dag.py:3239} INFO - Sync 1 DAGs
[2025-03-06T11:17:04.668+0000] {logging_mixin.py:190} INFO - [2025-03-06T11:17:04.667+0000] {dag.py:4180} INFO - Setting next_dagrun for example_nested_branch_dag to 2025-03-05 00:00:00+00:00, run_after=2025-03-06 00:00:00+00:00
[2025-03-06T11:17:04.690+0000] {processor.py:208} INFO - Processing /home/airflow/.local/lib/python3.12/site-packages/airflow/example_dags/example_nested_branch_dag.py took 0.081 seconds
[2025-03-06T11:17:35.213+0000] {processor.py:186} INFO - Started process (PID=2416) to work on /home/airflow/.local/lib/python3.12/site-packages/airflow/example_dags/example_nested_branch_dag.py
[2025-03-06T11:17:35.214+0000] {processor.py:914} INFO - Processing file /home/airflow/.local/lib/python3.12/site-packages/airflow/example_dags/example_nested_branch_dag.py for tasks to queue
[2025-03-06T11:17:35.215+0000] {logging_mixin.py:190} INFO - [2025-03-06T11:17:35.215+0000] {dagbag.py:588} INFO - Filling up the DagBag from /home/airflow/.local/lib/python3.12/site-packages/airflow/example_dags/example_nested_branch_dag.py
[2025-03-06T11:17:35.227+0000] {processor.py:925} INFO - DAG(s) 'example_nested_branch_dag' retrieved from /home/airflow/.local/lib/python3.12/site-packages/airflow/example_dags/example_nested_branch_dag.py
[2025-03-06T11:17:35.246+0000] {logging_mixin.py:190} INFO - [2025-03-06T11:17:35.245+0000] {dag.py:3239} INFO - Sync 1 DAGs
[2025-03-06T11:17:35.266+0000] {logging_mixin.py:190} INFO - [2025-03-06T11:17:35.266+0000] {dag.py:4180} INFO - Setting next_dagrun for example_nested_branch_dag to 2025-03-05 00:00:00+00:00, run_after=2025-03-06 00:00:00+00:00
[2025-03-06T11:17:35.281+0000] {processor.py:208} INFO - Processing /home/airflow/.local/lib/python3.12/site-packages/airflow/example_dags/example_nested_branch_dag.py took 0.073 seconds
[2025-03-06T11:18:06.483+0000] {processor.py:186} INFO - Started process (PID=2483) to work on /home/airflow/.local/lib/python3.12/site-packages/airflow/example_dags/example_nested_branch_dag.py
[2025-03-06T11:18:06.484+0000] {processor.py:914} INFO - Processing file /home/airflow/.local/lib/python3.12/site-packages/airflow/example_dags/example_nested_branch_dag.py for tasks to queue
[2025-03-06T11:18:06.486+0000] {logging_mixin.py:190} INFO - [2025-03-06T11:18:06.486+0000] {dagbag.py:588} INFO - Filling up the DagBag from /home/airflow/.local/lib/python3.12/site-packages/airflow/example_dags/example_nested_branch_dag.py
[2025-03-06T11:18:06.503+0000] {processor.py:925} INFO - DAG(s) 'example_nested_branch_dag' retrieved from /home/airflow/.local/lib/python3.12/site-packages/airflow/example_dags/example_nested_branch_dag.py
[2025-03-06T11:18:06.531+0000] {logging_mixin.py:190} INFO - [2025-03-06T11:18:06.530+0000] {dag.py:3239} INFO - Sync 1 DAGs
[2025-03-06T11:18:06.559+0000] {logging_mixin.py:190} INFO - [2025-03-06T11:18:06.559+0000] {dag.py:4180} INFO - Setting next_dagrun for example_nested_branch_dag to 2025-03-05 00:00:00+00:00, run_after=2025-03-06 00:00:00+00:00
[2025-03-06T11:18:06.585+0000] {processor.py:208} INFO - Processing /home/airflow/.local/lib/python3.12/site-packages/airflow/example_dags/example_nested_branch_dag.py took 0.111 seconds
[2025-03-06T11:18:37.915+0000] {processor.py:186} INFO - Started process (PID=2558) to work on /home/airflow/.local/lib/python3.12/site-packages/airflow/example_dags/example_nested_branch_dag.py
[2025-03-06T11:18:37.916+0000] {processor.py:914} INFO - Processing file /home/airflow/.local/lib/python3.12/site-packages/airflow/example_dags/example_nested_branch_dag.py for tasks to queue
[2025-03-06T11:18:37.917+0000] {logging_mixin.py:190} INFO - [2025-03-06T11:18:37.917+0000] {dagbag.py:588} INFO - Filling up the DagBag from /home/airflow/.local/lib/python3.12/site-packages/airflow/example_dags/example_nested_branch_dag.py
[2025-03-06T11:18:37.928+0000] {processor.py:925} INFO - DAG(s) 'example_nested_branch_dag' retrieved from /home/airflow/.local/lib/python3.12/site-packages/airflow/example_dags/example_nested_branch_dag.py
[2025-03-06T11:18:37.949+0000] {logging_mixin.py:190} INFO - [2025-03-06T11:18:37.948+0000] {dag.py:3239} INFO - Sync 1 DAGs
[2025-03-06T11:18:37.970+0000] {logging_mixin.py:190} INFO - [2025-03-06T11:18:37.970+0000] {dag.py:4180} INFO - Setting next_dagrun for example_nested_branch_dag to 2025-03-05 00:00:00+00:00, run_after=2025-03-06 00:00:00+00:00
[2025-03-06T11:18:37.986+0000] {processor.py:208} INFO - Processing /home/airflow/.local/lib/python3.12/site-packages/airflow/example_dags/example_nested_branch_dag.py took 0.076 seconds
