[2025-03-06T04:34:22.651+0000] {processor.py:186} INFO - Started process (PID=14338) to work on /home/airflow/.local/lib/python3.12/site-packages/airflow/example_dags/example_kubernetes_executor.py
[2025-03-06T04:34:22.653+0000] {processor.py:914} INFO - Processing file /home/airflow/.local/lib/python3.12/site-packages/airflow/example_dags/example_kubernetes_executor.py for tasks to queue
[2025-03-06T04:34:22.661+0000] {logging_mixin.py:190} INFO - [2025-03-06T04:34:22.660+0000] {dagbag.py:588} INFO - Filling up the DagBag from /home/airflow/.local/lib/python3.12/site-packages/airflow/example_dags/example_kubernetes_executor.py
[2025-03-06T04:34:22.702+0000] {processor.py:925} INFO - DAG(s) 'example_kubernetes_executor' retrieved from /home/airflow/.local/lib/python3.12/site-packages/airflow/example_dags/example_kubernetes_executor.py
[2025-03-06T04:34:22.785+0000] {logging_mixin.py:190} INFO - [2025-03-06T04:34:22.784+0000] {dag.py:3239} INFO - Sync 1 DAGs
[2025-03-06T04:34:22.821+0000] {logging_mixin.py:190} INFO - [2025-03-06T04:34:22.821+0000] {dag.py:4180} INFO - Setting next_dagrun for example_kubernetes_executor to None, run_after=None
[2025-03-06T04:34:22.888+0000] {processor.py:208} INFO - Processing /home/airflow/.local/lib/python3.12/site-packages/airflow/example_dags/example_kubernetes_executor.py took 0.255 seconds
[2025-03-06T04:34:53.770+0000] {processor.py:186} INFO - Started process (PID=14412) to work on /home/airflow/.local/lib/python3.12/site-packages/airflow/example_dags/example_kubernetes_executor.py
[2025-03-06T04:34:53.776+0000] {processor.py:914} INFO - Processing file /home/airflow/.local/lib/python3.12/site-packages/airflow/example_dags/example_kubernetes_executor.py for tasks to queue
[2025-03-06T04:34:53.808+0000] {logging_mixin.py:190} INFO - [2025-03-06T04:34:53.802+0000] {dagbag.py:588} INFO - Filling up the DagBag from /home/airflow/.local/lib/python3.12/site-packages/airflow/example_dags/example_kubernetes_executor.py
[2025-03-06T04:34:53.861+0000] {processor.py:925} INFO - DAG(s) 'example_kubernetes_executor' retrieved from /home/airflow/.local/lib/python3.12/site-packages/airflow/example_dags/example_kubernetes_executor.py
[2025-03-06T04:34:53.917+0000] {logging_mixin.py:190} INFO - [2025-03-06T04:34:53.917+0000] {dag.py:3239} INFO - Sync 1 DAGs
[2025-03-06T04:34:53.955+0000] {logging_mixin.py:190} INFO - [2025-03-06T04:34:53.955+0000] {dag.py:4180} INFO - Setting next_dagrun for example_kubernetes_executor to None, run_after=None
[2025-03-06T04:34:53.989+0000] {processor.py:208} INFO - Processing /home/airflow/.local/lib/python3.12/site-packages/airflow/example_dags/example_kubernetes_executor.py took 0.290 seconds
[2025-03-06T04:35:24.236+0000] {processor.py:186} INFO - Started process (PID=14486) to work on /home/airflow/.local/lib/python3.12/site-packages/airflow/example_dags/example_kubernetes_executor.py
[2025-03-06T04:35:24.238+0000] {processor.py:914} INFO - Processing file /home/airflow/.local/lib/python3.12/site-packages/airflow/example_dags/example_kubernetes_executor.py for tasks to queue
[2025-03-06T04:35:24.240+0000] {logging_mixin.py:190} INFO - [2025-03-06T04:35:24.240+0000] {dagbag.py:588} INFO - Filling up the DagBag from /home/airflow/.local/lib/python3.12/site-packages/airflow/example_dags/example_kubernetes_executor.py
[2025-03-06T04:35:24.254+0000] {processor.py:925} INFO - DAG(s) 'example_kubernetes_executor' retrieved from /home/airflow/.local/lib/python3.12/site-packages/airflow/example_dags/example_kubernetes_executor.py
[2025-03-06T04:35:24.277+0000] {logging_mixin.py:190} INFO - [2025-03-06T04:35:24.277+0000] {dag.py:3239} INFO - Sync 1 DAGs
[2025-03-06T04:35:24.290+0000] {logging_mixin.py:190} INFO - [2025-03-06T04:35:24.290+0000] {dag.py:4180} INFO - Setting next_dagrun for example_kubernetes_executor to None, run_after=None
[2025-03-06T04:35:24.309+0000] {processor.py:208} INFO - Processing /home/airflow/.local/lib/python3.12/site-packages/airflow/example_dags/example_kubernetes_executor.py took 0.078 seconds
[2025-03-06T04:35:55.094+0000] {processor.py:186} INFO - Started process (PID=14561) to work on /home/airflow/.local/lib/python3.12/site-packages/airflow/example_dags/example_kubernetes_executor.py
[2025-03-06T04:35:55.095+0000] {processor.py:914} INFO - Processing file /home/airflow/.local/lib/python3.12/site-packages/airflow/example_dags/example_kubernetes_executor.py for tasks to queue
[2025-03-06T04:35:55.097+0000] {logging_mixin.py:190} INFO - [2025-03-06T04:35:55.097+0000] {dagbag.py:588} INFO - Filling up the DagBag from /home/airflow/.local/lib/python3.12/site-packages/airflow/example_dags/example_kubernetes_executor.py
[2025-03-06T04:35:55.114+0000] {processor.py:925} INFO - DAG(s) 'example_kubernetes_executor' retrieved from /home/airflow/.local/lib/python3.12/site-packages/airflow/example_dags/example_kubernetes_executor.py
[2025-03-06T04:35:55.146+0000] {logging_mixin.py:190} INFO - [2025-03-06T04:35:55.145+0000] {dag.py:3239} INFO - Sync 1 DAGs
[2025-03-06T04:35:55.163+0000] {logging_mixin.py:190} INFO - [2025-03-06T04:35:55.162+0000] {dag.py:4180} INFO - Setting next_dagrun for example_kubernetes_executor to None, run_after=None
[2025-03-06T04:35:55.209+0000] {processor.py:208} INFO - Processing /home/airflow/.local/lib/python3.12/site-packages/airflow/example_dags/example_kubernetes_executor.py took 0.124 seconds
[2025-03-06T04:36:25.973+0000] {processor.py:186} INFO - Started process (PID=14636) to work on /home/airflow/.local/lib/python3.12/site-packages/airflow/example_dags/example_kubernetes_executor.py
[2025-03-06T04:36:25.975+0000] {processor.py:914} INFO - Processing file /home/airflow/.local/lib/python3.12/site-packages/airflow/example_dags/example_kubernetes_executor.py for tasks to queue
[2025-03-06T04:36:25.978+0000] {logging_mixin.py:190} INFO - [2025-03-06T04:36:25.978+0000] {dagbag.py:588} INFO - Filling up the DagBag from /home/airflow/.local/lib/python3.12/site-packages/airflow/example_dags/example_kubernetes_executor.py
[2025-03-06T04:36:25.992+0000] {processor.py:925} INFO - DAG(s) 'example_kubernetes_executor' retrieved from /home/airflow/.local/lib/python3.12/site-packages/airflow/example_dags/example_kubernetes_executor.py
[2025-03-06T04:36:26.015+0000] {logging_mixin.py:190} INFO - [2025-03-06T04:36:26.015+0000] {dag.py:3239} INFO - Sync 1 DAGs
[2025-03-06T04:36:26.026+0000] {logging_mixin.py:190} INFO - [2025-03-06T04:36:26.026+0000] {dag.py:4180} INFO - Setting next_dagrun for example_kubernetes_executor to None, run_after=None
[2025-03-06T04:36:26.046+0000] {processor.py:208} INFO - Processing /home/airflow/.local/lib/python3.12/site-packages/airflow/example_dags/example_kubernetes_executor.py took 0.078 seconds
[2025-03-06T04:36:56.151+0000] {processor.py:186} INFO - Started process (PID=14712) to work on /home/airflow/.local/lib/python3.12/site-packages/airflow/example_dags/example_kubernetes_executor.py
[2025-03-06T04:36:56.153+0000] {processor.py:914} INFO - Processing file /home/airflow/.local/lib/python3.12/site-packages/airflow/example_dags/example_kubernetes_executor.py for tasks to queue
[2025-03-06T04:36:56.156+0000] {logging_mixin.py:190} INFO - [2025-03-06T04:36:56.155+0000] {dagbag.py:588} INFO - Filling up the DagBag from /home/airflow/.local/lib/python3.12/site-packages/airflow/example_dags/example_kubernetes_executor.py
[2025-03-06T04:36:56.167+0000] {processor.py:925} INFO - DAG(s) 'example_kubernetes_executor' retrieved from /home/airflow/.local/lib/python3.12/site-packages/airflow/example_dags/example_kubernetes_executor.py
[2025-03-06T04:36:56.190+0000] {logging_mixin.py:190} INFO - [2025-03-06T04:36:56.190+0000] {dag.py:3239} INFO - Sync 1 DAGs
[2025-03-06T04:36:56.202+0000] {logging_mixin.py:190} INFO - [2025-03-06T04:36:56.202+0000] {dag.py:4180} INFO - Setting next_dagrun for example_kubernetes_executor to None, run_after=None
[2025-03-06T04:36:56.221+0000] {processor.py:208} INFO - Processing /home/airflow/.local/lib/python3.12/site-packages/airflow/example_dags/example_kubernetes_executor.py took 0.075 seconds
[2025-03-06T04:37:26.301+0000] {processor.py:186} INFO - Started process (PID=14787) to work on /home/airflow/.local/lib/python3.12/site-packages/airflow/example_dags/example_kubernetes_executor.py
[2025-03-06T04:37:26.302+0000] {processor.py:914} INFO - Processing file /home/airflow/.local/lib/python3.12/site-packages/airflow/example_dags/example_kubernetes_executor.py for tasks to queue
[2025-03-06T04:37:26.304+0000] {logging_mixin.py:190} INFO - [2025-03-06T04:37:26.304+0000] {dagbag.py:588} INFO - Filling up the DagBag from /home/airflow/.local/lib/python3.12/site-packages/airflow/example_dags/example_kubernetes_executor.py
[2025-03-06T04:37:26.317+0000] {processor.py:925} INFO - DAG(s) 'example_kubernetes_executor' retrieved from /home/airflow/.local/lib/python3.12/site-packages/airflow/example_dags/example_kubernetes_executor.py
[2025-03-06T04:37:26.338+0000] {logging_mixin.py:190} INFO - [2025-03-06T04:37:26.338+0000] {dag.py:3239} INFO - Sync 1 DAGs
[2025-03-06T04:37:26.351+0000] {logging_mixin.py:190} INFO - [2025-03-06T04:37:26.350+0000] {dag.py:4180} INFO - Setting next_dagrun for example_kubernetes_executor to None, run_after=None
[2025-03-06T04:37:26.367+0000] {processor.py:208} INFO - Processing /home/airflow/.local/lib/python3.12/site-packages/airflow/example_dags/example_kubernetes_executor.py took 0.072 seconds
[2025-03-06T04:37:57.319+0000] {processor.py:186} INFO - Started process (PID=14862) to work on /home/airflow/.local/lib/python3.12/site-packages/airflow/example_dags/example_kubernetes_executor.py
[2025-03-06T04:37:57.320+0000] {processor.py:914} INFO - Processing file /home/airflow/.local/lib/python3.12/site-packages/airflow/example_dags/example_kubernetes_executor.py for tasks to queue
[2025-03-06T04:37:57.323+0000] {logging_mixin.py:190} INFO - [2025-03-06T04:37:57.322+0000] {dagbag.py:588} INFO - Filling up the DagBag from /home/airflow/.local/lib/python3.12/site-packages/airflow/example_dags/example_kubernetes_executor.py
[2025-03-06T04:37:57.337+0000] {processor.py:925} INFO - DAG(s) 'example_kubernetes_executor' retrieved from /home/airflow/.local/lib/python3.12/site-packages/airflow/example_dags/example_kubernetes_executor.py
[2025-03-06T04:37:57.364+0000] {logging_mixin.py:190} INFO - [2025-03-06T04:37:57.364+0000] {dag.py:3239} INFO - Sync 1 DAGs
[2025-03-06T04:37:57.379+0000] {logging_mixin.py:190} INFO - [2025-03-06T04:37:57.379+0000] {dag.py:4180} INFO - Setting next_dagrun for example_kubernetes_executor to None, run_after=None
[2025-03-06T04:37:57.406+0000] {processor.py:208} INFO - Processing /home/airflow/.local/lib/python3.12/site-packages/airflow/example_dags/example_kubernetes_executor.py took 0.091 seconds
[2025-03-06T04:38:27.965+0000] {processor.py:186} INFO - Started process (PID=14937) to work on /home/airflow/.local/lib/python3.12/site-packages/airflow/example_dags/example_kubernetes_executor.py
[2025-03-06T04:38:27.967+0000] {processor.py:914} INFO - Processing file /home/airflow/.local/lib/python3.12/site-packages/airflow/example_dags/example_kubernetes_executor.py for tasks to queue
[2025-03-06T04:38:27.969+0000] {logging_mixin.py:190} INFO - [2025-03-06T04:38:27.968+0000] {dagbag.py:588} INFO - Filling up the DagBag from /home/airflow/.local/lib/python3.12/site-packages/airflow/example_dags/example_kubernetes_executor.py
[2025-03-06T04:38:27.980+0000] {processor.py:925} INFO - DAG(s) 'example_kubernetes_executor' retrieved from /home/airflow/.local/lib/python3.12/site-packages/airflow/example_dags/example_kubernetes_executor.py
[2025-03-06T04:38:28.004+0000] {logging_mixin.py:190} INFO - [2025-03-06T04:38:28.004+0000] {dag.py:3239} INFO - Sync 1 DAGs
[2025-03-06T04:38:28.018+0000] {logging_mixin.py:190} INFO - [2025-03-06T04:38:28.018+0000] {dag.py:4180} INFO - Setting next_dagrun for example_kubernetes_executor to None, run_after=None
[2025-03-06T04:38:28.037+0000] {processor.py:208} INFO - Processing /home/airflow/.local/lib/python3.12/site-packages/airflow/example_dags/example_kubernetes_executor.py took 0.076 seconds
[2025-03-06T04:38:58.401+0000] {processor.py:186} INFO - Started process (PID=15012) to work on /home/airflow/.local/lib/python3.12/site-packages/airflow/example_dags/example_kubernetes_executor.py
[2025-03-06T04:38:58.402+0000] {processor.py:914} INFO - Processing file /home/airflow/.local/lib/python3.12/site-packages/airflow/example_dags/example_kubernetes_executor.py for tasks to queue
[2025-03-06T04:38:58.404+0000] {logging_mixin.py:190} INFO - [2025-03-06T04:38:58.404+0000] {dagbag.py:588} INFO - Filling up the DagBag from /home/airflow/.local/lib/python3.12/site-packages/airflow/example_dags/example_kubernetes_executor.py
[2025-03-06T04:38:58.417+0000] {processor.py:925} INFO - DAG(s) 'example_kubernetes_executor' retrieved from /home/airflow/.local/lib/python3.12/site-packages/airflow/example_dags/example_kubernetes_executor.py
[2025-03-06T04:38:58.439+0000] {logging_mixin.py:190} INFO - [2025-03-06T04:38:58.439+0000] {dag.py:3239} INFO - Sync 1 DAGs
[2025-03-06T04:38:58.450+0000] {logging_mixin.py:190} INFO - [2025-03-06T04:38:58.450+0000] {dag.py:4180} INFO - Setting next_dagrun for example_kubernetes_executor to None, run_after=None
[2025-03-06T04:38:58.468+0000] {processor.py:208} INFO - Processing /home/airflow/.local/lib/python3.12/site-packages/airflow/example_dags/example_kubernetes_executor.py took 0.071 seconds
[2025-03-06T04:39:28.870+0000] {processor.py:186} INFO - Started process (PID=15087) to work on /home/airflow/.local/lib/python3.12/site-packages/airflow/example_dags/example_kubernetes_executor.py
[2025-03-06T04:39:28.871+0000] {processor.py:914} INFO - Processing file /home/airflow/.local/lib/python3.12/site-packages/airflow/example_dags/example_kubernetes_executor.py for tasks to queue
[2025-03-06T04:39:28.873+0000] {logging_mixin.py:190} INFO - [2025-03-06T04:39:28.873+0000] {dagbag.py:588} INFO - Filling up the DagBag from /home/airflow/.local/lib/python3.12/site-packages/airflow/example_dags/example_kubernetes_executor.py
[2025-03-06T04:39:28.884+0000] {processor.py:925} INFO - DAG(s) 'example_kubernetes_executor' retrieved from /home/airflow/.local/lib/python3.12/site-packages/airflow/example_dags/example_kubernetes_executor.py
[2025-03-06T04:39:28.926+0000] {logging_mixin.py:190} INFO - [2025-03-06T04:39:28.926+0000] {dag.py:3239} INFO - Sync 1 DAGs
[2025-03-06T04:39:28.938+0000] {logging_mixin.py:190} INFO - [2025-03-06T04:39:28.938+0000] {dag.py:4180} INFO - Setting next_dagrun for example_kubernetes_executor to None, run_after=None
[2025-03-06T04:39:28.957+0000] {processor.py:208} INFO - Processing /home/airflow/.local/lib/python3.12/site-packages/airflow/example_dags/example_kubernetes_executor.py took 0.092 seconds
[2025-03-06T04:39:59.007+0000] {processor.py:186} INFO - Started process (PID=15163) to work on /home/airflow/.local/lib/python3.12/site-packages/airflow/example_dags/example_kubernetes_executor.py
[2025-03-06T04:39:59.009+0000] {processor.py:914} INFO - Processing file /home/airflow/.local/lib/python3.12/site-packages/airflow/example_dags/example_kubernetes_executor.py for tasks to queue
[2025-03-06T04:39:59.011+0000] {logging_mixin.py:190} INFO - [2025-03-06T04:39:59.011+0000] {dagbag.py:588} INFO - Filling up the DagBag from /home/airflow/.local/lib/python3.12/site-packages/airflow/example_dags/example_kubernetes_executor.py
[2025-03-06T04:39:59.025+0000] {processor.py:925} INFO - DAG(s) 'example_kubernetes_executor' retrieved from /home/airflow/.local/lib/python3.12/site-packages/airflow/example_dags/example_kubernetes_executor.py
[2025-03-06T04:39:59.047+0000] {logging_mixin.py:190} INFO - [2025-03-06T04:39:59.047+0000] {dag.py:3239} INFO - Sync 1 DAGs
[2025-03-06T04:39:59.061+0000] {logging_mixin.py:190} INFO - [2025-03-06T04:39:59.061+0000] {dag.py:4180} INFO - Setting next_dagrun for example_kubernetes_executor to None, run_after=None
[2025-03-06T04:39:59.080+0000] {processor.py:208} INFO - Processing /home/airflow/.local/lib/python3.12/site-packages/airflow/example_dags/example_kubernetes_executor.py took 0.078 seconds
[2025-03-06T04:40:29.251+0000] {processor.py:186} INFO - Started process (PID=15238) to work on /home/airflow/.local/lib/python3.12/site-packages/airflow/example_dags/example_kubernetes_executor.py
[2025-03-06T04:40:29.251+0000] {processor.py:914} INFO - Processing file /home/airflow/.local/lib/python3.12/site-packages/airflow/example_dags/example_kubernetes_executor.py for tasks to queue
[2025-03-06T04:40:29.254+0000] {logging_mixin.py:190} INFO - [2025-03-06T04:40:29.253+0000] {dagbag.py:588} INFO - Filling up the DagBag from /home/airflow/.local/lib/python3.12/site-packages/airflow/example_dags/example_kubernetes_executor.py
[2025-03-06T04:40:29.264+0000] {processor.py:925} INFO - DAG(s) 'example_kubernetes_executor' retrieved from /home/airflow/.local/lib/python3.12/site-packages/airflow/example_dags/example_kubernetes_executor.py
[2025-03-06T04:40:29.285+0000] {logging_mixin.py:190} INFO - [2025-03-06T04:40:29.284+0000] {dag.py:3239} INFO - Sync 1 DAGs
[2025-03-06T04:40:29.297+0000] {logging_mixin.py:190} INFO - [2025-03-06T04:40:29.297+0000] {dag.py:4180} INFO - Setting next_dagrun for example_kubernetes_executor to None, run_after=None
[2025-03-06T04:40:29.314+0000] {processor.py:208} INFO - Processing /home/airflow/.local/lib/python3.12/site-packages/airflow/example_dags/example_kubernetes_executor.py took 0.068 seconds
[2025-03-06T04:40:59.841+0000] {processor.py:186} INFO - Started process (PID=15310) to work on /home/airflow/.local/lib/python3.12/site-packages/airflow/example_dags/example_kubernetes_executor.py
[2025-03-06T04:40:59.843+0000] {processor.py:914} INFO - Processing file /home/airflow/.local/lib/python3.12/site-packages/airflow/example_dags/example_kubernetes_executor.py for tasks to queue
[2025-03-06T04:40:59.845+0000] {logging_mixin.py:190} INFO - [2025-03-06T04:40:59.845+0000] {dagbag.py:588} INFO - Filling up the DagBag from /home/airflow/.local/lib/python3.12/site-packages/airflow/example_dags/example_kubernetes_executor.py
[2025-03-06T04:40:59.856+0000] {processor.py:925} INFO - DAG(s) 'example_kubernetes_executor' retrieved from /home/airflow/.local/lib/python3.12/site-packages/airflow/example_dags/example_kubernetes_executor.py
[2025-03-06T04:40:59.876+0000] {logging_mixin.py:190} INFO - [2025-03-06T04:40:59.876+0000] {dag.py:3239} INFO - Sync 1 DAGs
[2025-03-06T04:40:59.888+0000] {logging_mixin.py:190} INFO - [2025-03-06T04:40:59.888+0000] {dag.py:4180} INFO - Setting next_dagrun for example_kubernetes_executor to None, run_after=None
[2025-03-06T04:40:59.906+0000] {processor.py:208} INFO - Processing /home/airflow/.local/lib/python3.12/site-packages/airflow/example_dags/example_kubernetes_executor.py took 0.070 seconds
[2025-03-06T04:41:30.134+0000] {processor.py:186} INFO - Started process (PID=15385) to work on /home/airflow/.local/lib/python3.12/site-packages/airflow/example_dags/example_kubernetes_executor.py
[2025-03-06T04:41:30.135+0000] {processor.py:914} INFO - Processing file /home/airflow/.local/lib/python3.12/site-packages/airflow/example_dags/example_kubernetes_executor.py for tasks to queue
[2025-03-06T04:41:30.137+0000] {logging_mixin.py:190} INFO - [2025-03-06T04:41:30.137+0000] {dagbag.py:588} INFO - Filling up the DagBag from /home/airflow/.local/lib/python3.12/site-packages/airflow/example_dags/example_kubernetes_executor.py
[2025-03-06T04:41:30.149+0000] {processor.py:925} INFO - DAG(s) 'example_kubernetes_executor' retrieved from /home/airflow/.local/lib/python3.12/site-packages/airflow/example_dags/example_kubernetes_executor.py
[2025-03-06T04:41:30.168+0000] {logging_mixin.py:190} INFO - [2025-03-06T04:41:30.168+0000] {dag.py:3239} INFO - Sync 1 DAGs
[2025-03-06T04:41:30.180+0000] {logging_mixin.py:190} INFO - [2025-03-06T04:41:30.179+0000] {dag.py:4180} INFO - Setting next_dagrun for example_kubernetes_executor to None, run_after=None
[2025-03-06T04:41:30.199+0000] {processor.py:208} INFO - Processing /home/airflow/.local/lib/python3.12/site-packages/airflow/example_dags/example_kubernetes_executor.py took 0.071 seconds
[2025-03-06T04:42:00.325+0000] {processor.py:186} INFO - Started process (PID=15460) to work on /home/airflow/.local/lib/python3.12/site-packages/airflow/example_dags/example_kubernetes_executor.py
[2025-03-06T04:42:00.326+0000] {processor.py:914} INFO - Processing file /home/airflow/.local/lib/python3.12/site-packages/airflow/example_dags/example_kubernetes_executor.py for tasks to queue
[2025-03-06T04:42:00.328+0000] {logging_mixin.py:190} INFO - [2025-03-06T04:42:00.328+0000] {dagbag.py:588} INFO - Filling up the DagBag from /home/airflow/.local/lib/python3.12/site-packages/airflow/example_dags/example_kubernetes_executor.py
[2025-03-06T04:42:00.344+0000] {processor.py:925} INFO - DAG(s) 'example_kubernetes_executor' retrieved from /home/airflow/.local/lib/python3.12/site-packages/airflow/example_dags/example_kubernetes_executor.py
[2025-03-06T04:42:00.367+0000] {logging_mixin.py:190} INFO - [2025-03-06T04:42:00.367+0000] {dag.py:3239} INFO - Sync 1 DAGs
[2025-03-06T04:42:00.381+0000] {logging_mixin.py:190} INFO - [2025-03-06T04:42:00.381+0000] {dag.py:4180} INFO - Setting next_dagrun for example_kubernetes_executor to None, run_after=None
[2025-03-06T04:42:00.404+0000] {processor.py:208} INFO - Processing /home/airflow/.local/lib/python3.12/site-packages/airflow/example_dags/example_kubernetes_executor.py took 0.084 seconds
[2025-03-06T04:42:30.736+0000] {processor.py:186} INFO - Started process (PID=15535) to work on /home/airflow/.local/lib/python3.12/site-packages/airflow/example_dags/example_kubernetes_executor.py
[2025-03-06T04:42:30.737+0000] {processor.py:914} INFO - Processing file /home/airflow/.local/lib/python3.12/site-packages/airflow/example_dags/example_kubernetes_executor.py for tasks to queue
[2025-03-06T04:42:30.740+0000] {logging_mixin.py:190} INFO - [2025-03-06T04:42:30.740+0000] {dagbag.py:588} INFO - Filling up the DagBag from /home/airflow/.local/lib/python3.12/site-packages/airflow/example_dags/example_kubernetes_executor.py
[2025-03-06T04:42:30.751+0000] {processor.py:925} INFO - DAG(s) 'example_kubernetes_executor' retrieved from /home/airflow/.local/lib/python3.12/site-packages/airflow/example_dags/example_kubernetes_executor.py
[2025-03-06T04:42:30.776+0000] {logging_mixin.py:190} INFO - [2025-03-06T04:42:30.775+0000] {dag.py:3239} INFO - Sync 1 DAGs
[2025-03-06T04:42:30.789+0000] {logging_mixin.py:190} INFO - [2025-03-06T04:42:30.789+0000] {dag.py:4180} INFO - Setting next_dagrun for example_kubernetes_executor to None, run_after=None
[2025-03-06T04:42:30.810+0000] {processor.py:208} INFO - Processing /home/airflow/.local/lib/python3.12/site-packages/airflow/example_dags/example_kubernetes_executor.py took 0.078 seconds
[2025-03-06T11:00:54.098+0000] {processor.py:186} INFO - Started process (PID=93) to work on /home/airflow/.local/lib/python3.12/site-packages/airflow/example_dags/example_kubernetes_executor.py
[2025-03-06T11:00:54.102+0000] {processor.py:914} INFO - Processing file /home/airflow/.local/lib/python3.12/site-packages/airflow/example_dags/example_kubernetes_executor.py for tasks to queue
[2025-03-06T11:00:54.140+0000] {logging_mixin.py:190} INFO - [2025-03-06T11:00:54.128+0000] {dagbag.py:588} INFO - Filling up the DagBag from /home/airflow/.local/lib/python3.12/site-packages/airflow/example_dags/example_kubernetes_executor.py
[2025-03-06T11:00:54.351+0000] {processor.py:925} INFO - DAG(s) 'example_kubernetes_executor' retrieved from /home/airflow/.local/lib/python3.12/site-packages/airflow/example_dags/example_kubernetes_executor.py
[2025-03-06T11:00:54.701+0000] {logging_mixin.py:190} INFO - [2025-03-06T11:00:54.700+0000] {dag.py:3239} INFO - Sync 1 DAGs
[2025-03-06T11:00:54.910+0000] {logging_mixin.py:190} INFO - [2025-03-06T11:00:54.910+0000] {dag.py:4180} INFO - Setting next_dagrun for example_kubernetes_executor to None, run_after=None
[2025-03-06T11:00:54.991+0000] {processor.py:208} INFO - Processing /home/airflow/.local/lib/python3.12/site-packages/airflow/example_dags/example_kubernetes_executor.py took 0.999 seconds
[2025-03-06T11:01:25.805+0000] {processor.py:186} INFO - Started process (PID=167) to work on /home/airflow/.local/lib/python3.12/site-packages/airflow/example_dags/example_kubernetes_executor.py
[2025-03-06T11:01:25.807+0000] {processor.py:914} INFO - Processing file /home/airflow/.local/lib/python3.12/site-packages/airflow/example_dags/example_kubernetes_executor.py for tasks to queue
[2025-03-06T11:01:25.809+0000] {logging_mixin.py:190} INFO - [2025-03-06T11:01:25.809+0000] {dagbag.py:588} INFO - Filling up the DagBag from /home/airflow/.local/lib/python3.12/site-packages/airflow/example_dags/example_kubernetes_executor.py
[2025-03-06T11:01:25.823+0000] {processor.py:925} INFO - DAG(s) 'example_kubernetes_executor' retrieved from /home/airflow/.local/lib/python3.12/site-packages/airflow/example_dags/example_kubernetes_executor.py
[2025-03-06T11:01:25.849+0000] {logging_mixin.py:190} INFO - [2025-03-06T11:01:25.849+0000] {dag.py:3239} INFO - Sync 1 DAGs
[2025-03-06T11:01:25.860+0000] {logging_mixin.py:190} INFO - [2025-03-06T11:01:25.860+0000] {dag.py:4180} INFO - Setting next_dagrun for example_kubernetes_executor to None, run_after=None
[2025-03-06T11:01:25.877+0000] {processor.py:208} INFO - Processing /home/airflow/.local/lib/python3.12/site-packages/airflow/example_dags/example_kubernetes_executor.py took 0.077 seconds
[2025-03-06T11:01:56.369+0000] {processor.py:186} INFO - Started process (PID=242) to work on /home/airflow/.local/lib/python3.12/site-packages/airflow/example_dags/example_kubernetes_executor.py
[2025-03-06T11:01:56.372+0000] {processor.py:914} INFO - Processing file /home/airflow/.local/lib/python3.12/site-packages/airflow/example_dags/example_kubernetes_executor.py for tasks to queue
[2025-03-06T11:01:56.376+0000] {logging_mixin.py:190} INFO - [2025-03-06T11:01:56.376+0000] {dagbag.py:588} INFO - Filling up the DagBag from /home/airflow/.local/lib/python3.12/site-packages/airflow/example_dags/example_kubernetes_executor.py
[2025-03-06T11:01:56.400+0000] {processor.py:925} INFO - DAG(s) 'example_kubernetes_executor' retrieved from /home/airflow/.local/lib/python3.12/site-packages/airflow/example_dags/example_kubernetes_executor.py
[2025-03-06T11:01:56.441+0000] {logging_mixin.py:190} INFO - [2025-03-06T11:01:56.441+0000] {dag.py:3239} INFO - Sync 1 DAGs
[2025-03-06T11:01:56.465+0000] {logging_mixin.py:190} INFO - [2025-03-06T11:01:56.464+0000] {dag.py:4180} INFO - Setting next_dagrun for example_kubernetes_executor to None, run_after=None
[2025-03-06T11:01:56.501+0000] {processor.py:208} INFO - Processing /home/airflow/.local/lib/python3.12/site-packages/airflow/example_dags/example_kubernetes_executor.py took 0.144 seconds
[2025-03-06T11:02:27.414+0000] {processor.py:186} INFO - Started process (PID=317) to work on /home/airflow/.local/lib/python3.12/site-packages/airflow/example_dags/example_kubernetes_executor.py
[2025-03-06T11:02:27.416+0000] {processor.py:914} INFO - Processing file /home/airflow/.local/lib/python3.12/site-packages/airflow/example_dags/example_kubernetes_executor.py for tasks to queue
[2025-03-06T11:02:27.419+0000] {logging_mixin.py:190} INFO - [2025-03-06T11:02:27.419+0000] {dagbag.py:588} INFO - Filling up the DagBag from /home/airflow/.local/lib/python3.12/site-packages/airflow/example_dags/example_kubernetes_executor.py
[2025-03-06T11:02:27.448+0000] {processor.py:925} INFO - DAG(s) 'example_kubernetes_executor' retrieved from /home/airflow/.local/lib/python3.12/site-packages/airflow/example_dags/example_kubernetes_executor.py
[2025-03-06T11:02:27.513+0000] {logging_mixin.py:190} INFO - [2025-03-06T11:02:27.513+0000] {dag.py:3239} INFO - Sync 1 DAGs
[2025-03-06T11:02:27.535+0000] {logging_mixin.py:190} INFO - [2025-03-06T11:02:27.535+0000] {dag.py:4180} INFO - Setting next_dagrun for example_kubernetes_executor to None, run_after=None
[2025-03-06T11:02:27.566+0000] {processor.py:208} INFO - Processing /home/airflow/.local/lib/python3.12/site-packages/airflow/example_dags/example_kubernetes_executor.py took 0.166 seconds
[2025-03-06T11:02:58.175+0000] {processor.py:186} INFO - Started process (PID=392) to work on /home/airflow/.local/lib/python3.12/site-packages/airflow/example_dags/example_kubernetes_executor.py
[2025-03-06T11:02:58.177+0000] {processor.py:914} INFO - Processing file /home/airflow/.local/lib/python3.12/site-packages/airflow/example_dags/example_kubernetes_executor.py for tasks to queue
[2025-03-06T11:02:58.181+0000] {logging_mixin.py:190} INFO - [2025-03-06T11:02:58.181+0000] {dagbag.py:588} INFO - Filling up the DagBag from /home/airflow/.local/lib/python3.12/site-packages/airflow/example_dags/example_kubernetes_executor.py
[2025-03-06T11:02:58.205+0000] {processor.py:925} INFO - DAG(s) 'example_kubernetes_executor' retrieved from /home/airflow/.local/lib/python3.12/site-packages/airflow/example_dags/example_kubernetes_executor.py
[2025-03-06T11:02:58.259+0000] {logging_mixin.py:190} INFO - [2025-03-06T11:02:58.259+0000] {dag.py:3239} INFO - Sync 1 DAGs
[2025-03-06T11:02:58.285+0000] {logging_mixin.py:190} INFO - [2025-03-06T11:02:58.285+0000] {dag.py:4180} INFO - Setting next_dagrun for example_kubernetes_executor to None, run_after=None
[2025-03-06T11:02:58.320+0000] {processor.py:208} INFO - Processing /home/airflow/.local/lib/python3.12/site-packages/airflow/example_dags/example_kubernetes_executor.py took 0.152 seconds
[2025-03-06T11:03:28.490+0000] {processor.py:186} INFO - Started process (PID=468) to work on /home/airflow/.local/lib/python3.12/site-packages/airflow/example_dags/example_kubernetes_executor.py
[2025-03-06T11:03:28.492+0000] {processor.py:914} INFO - Processing file /home/airflow/.local/lib/python3.12/site-packages/airflow/example_dags/example_kubernetes_executor.py for tasks to queue
[2025-03-06T11:03:28.495+0000] {logging_mixin.py:190} INFO - [2025-03-06T11:03:28.494+0000] {dagbag.py:588} INFO - Filling up the DagBag from /home/airflow/.local/lib/python3.12/site-packages/airflow/example_dags/example_kubernetes_executor.py
[2025-03-06T11:03:28.508+0000] {processor.py:925} INFO - DAG(s) 'example_kubernetes_executor' retrieved from /home/airflow/.local/lib/python3.12/site-packages/airflow/example_dags/example_kubernetes_executor.py
[2025-03-06T11:03:28.532+0000] {logging_mixin.py:190} INFO - [2025-03-06T11:03:28.532+0000] {dag.py:3239} INFO - Sync 1 DAGs
[2025-03-06T11:03:28.544+0000] {logging_mixin.py:190} INFO - [2025-03-06T11:03:28.543+0000] {dag.py:4180} INFO - Setting next_dagrun for example_kubernetes_executor to None, run_after=None
[2025-03-06T11:03:28.561+0000] {processor.py:208} INFO - Processing /home/airflow/.local/lib/python3.12/site-packages/airflow/example_dags/example_kubernetes_executor.py took 0.077 seconds
[2025-03-06T11:03:58.626+0000] {processor.py:186} INFO - Started process (PID=543) to work on /home/airflow/.local/lib/python3.12/site-packages/airflow/example_dags/example_kubernetes_executor.py
[2025-03-06T11:03:58.628+0000] {processor.py:914} INFO - Processing file /home/airflow/.local/lib/python3.12/site-packages/airflow/example_dags/example_kubernetes_executor.py for tasks to queue
[2025-03-06T11:03:58.630+0000] {logging_mixin.py:190} INFO - [2025-03-06T11:03:58.630+0000] {dagbag.py:588} INFO - Filling up the DagBag from /home/airflow/.local/lib/python3.12/site-packages/airflow/example_dags/example_kubernetes_executor.py
[2025-03-06T11:03:58.644+0000] {processor.py:925} INFO - DAG(s) 'example_kubernetes_executor' retrieved from /home/airflow/.local/lib/python3.12/site-packages/airflow/example_dags/example_kubernetes_executor.py
[2025-03-06T11:03:58.670+0000] {logging_mixin.py:190} INFO - [2025-03-06T11:03:58.670+0000] {dag.py:3239} INFO - Sync 1 DAGs
[2025-03-06T11:03:58.687+0000] {logging_mixin.py:190} INFO - [2025-03-06T11:03:58.686+0000] {dag.py:4180} INFO - Setting next_dagrun for example_kubernetes_executor to None, run_after=None
[2025-03-06T11:03:58.708+0000] {processor.py:208} INFO - Processing /home/airflow/.local/lib/python3.12/site-packages/airflow/example_dags/example_kubernetes_executor.py took 0.086 seconds
[2025-03-06T11:04:29.420+0000] {processor.py:186} INFO - Started process (PID=618) to work on /home/airflow/.local/lib/python3.12/site-packages/airflow/example_dags/example_kubernetes_executor.py
[2025-03-06T11:04:29.421+0000] {processor.py:914} INFO - Processing file /home/airflow/.local/lib/python3.12/site-packages/airflow/example_dags/example_kubernetes_executor.py for tasks to queue
[2025-03-06T11:04:29.423+0000] {logging_mixin.py:190} INFO - [2025-03-06T11:04:29.423+0000] {dagbag.py:588} INFO - Filling up the DagBag from /home/airflow/.local/lib/python3.12/site-packages/airflow/example_dags/example_kubernetes_executor.py
[2025-03-06T11:04:29.436+0000] {processor.py:925} INFO - DAG(s) 'example_kubernetes_executor' retrieved from /home/airflow/.local/lib/python3.12/site-packages/airflow/example_dags/example_kubernetes_executor.py
[2025-03-06T11:04:29.460+0000] {logging_mixin.py:190} INFO - [2025-03-06T11:04:29.459+0000] {dag.py:3239} INFO - Sync 1 DAGs
[2025-03-06T11:04:29.476+0000] {logging_mixin.py:190} INFO - [2025-03-06T11:04:29.476+0000] {dag.py:4180} INFO - Setting next_dagrun for example_kubernetes_executor to None, run_after=None
[2025-03-06T11:04:29.494+0000] {processor.py:208} INFO - Processing /home/airflow/.local/lib/python3.12/site-packages/airflow/example_dags/example_kubernetes_executor.py took 0.081 seconds
[2025-03-06T11:05:00.058+0000] {processor.py:186} INFO - Started process (PID=705) to work on /home/airflow/.local/lib/python3.12/site-packages/airflow/example_dags/example_kubernetes_executor.py
[2025-03-06T11:05:00.060+0000] {processor.py:914} INFO - Processing file /home/airflow/.local/lib/python3.12/site-packages/airflow/example_dags/example_kubernetes_executor.py for tasks to queue
[2025-03-06T11:05:00.063+0000] {logging_mixin.py:190} INFO - [2025-03-06T11:05:00.063+0000] {dagbag.py:588} INFO - Filling up the DagBag from /home/airflow/.local/lib/python3.12/site-packages/airflow/example_dags/example_kubernetes_executor.py
[2025-03-06T11:05:00.078+0000] {processor.py:925} INFO - DAG(s) 'example_kubernetes_executor' retrieved from /home/airflow/.local/lib/python3.12/site-packages/airflow/example_dags/example_kubernetes_executor.py
[2025-03-06T11:05:00.107+0000] {logging_mixin.py:190} INFO - [2025-03-06T11:05:00.107+0000] {dag.py:3239} INFO - Sync 1 DAGs
[2025-03-06T11:05:00.121+0000] {logging_mixin.py:190} INFO - [2025-03-06T11:05:00.121+0000] {dag.py:4180} INFO - Setting next_dagrun for example_kubernetes_executor to None, run_after=None
[2025-03-06T11:05:00.138+0000] {processor.py:208} INFO - Processing /home/airflow/.local/lib/python3.12/site-packages/airflow/example_dags/example_kubernetes_executor.py took 0.085 seconds
[2025-03-06T11:05:31.174+0000] {processor.py:186} INFO - Started process (PID=792) to work on /home/airflow/.local/lib/python3.12/site-packages/airflow/example_dags/example_kubernetes_executor.py
[2025-03-06T11:05:31.177+0000] {processor.py:914} INFO - Processing file /home/airflow/.local/lib/python3.12/site-packages/airflow/example_dags/example_kubernetes_executor.py for tasks to queue
[2025-03-06T11:05:31.180+0000] {logging_mixin.py:190} INFO - [2025-03-06T11:05:31.179+0000] {dagbag.py:588} INFO - Filling up the DagBag from /home/airflow/.local/lib/python3.12/site-packages/airflow/example_dags/example_kubernetes_executor.py
[2025-03-06T11:05:31.194+0000] {processor.py:925} INFO - DAG(s) 'example_kubernetes_executor' retrieved from /home/airflow/.local/lib/python3.12/site-packages/airflow/example_dags/example_kubernetes_executor.py
[2025-03-06T11:05:31.218+0000] {logging_mixin.py:190} INFO - [2025-03-06T11:05:31.218+0000] {dag.py:3239} INFO - Sync 1 DAGs
[2025-03-06T11:05:31.232+0000] {logging_mixin.py:190} INFO - [2025-03-06T11:05:31.231+0000] {dag.py:4180} INFO - Setting next_dagrun for example_kubernetes_executor to None, run_after=None
[2025-03-06T11:05:31.251+0000] {processor.py:208} INFO - Processing /home/airflow/.local/lib/python3.12/site-packages/airflow/example_dags/example_kubernetes_executor.py took 0.081 seconds
[2025-03-06T11:06:01.875+0000] {processor.py:186} INFO - Started process (PID=879) to work on /home/airflow/.local/lib/python3.12/site-packages/airflow/example_dags/example_kubernetes_executor.py
[2025-03-06T11:06:01.876+0000] {processor.py:914} INFO - Processing file /home/airflow/.local/lib/python3.12/site-packages/airflow/example_dags/example_kubernetes_executor.py for tasks to queue
[2025-03-06T11:06:01.878+0000] {logging_mixin.py:190} INFO - [2025-03-06T11:06:01.878+0000] {dagbag.py:588} INFO - Filling up the DagBag from /home/airflow/.local/lib/python3.12/site-packages/airflow/example_dags/example_kubernetes_executor.py
[2025-03-06T11:06:01.892+0000] {processor.py:925} INFO - DAG(s) 'example_kubernetes_executor' retrieved from /home/airflow/.local/lib/python3.12/site-packages/airflow/example_dags/example_kubernetes_executor.py
[2025-03-06T11:06:01.917+0000] {logging_mixin.py:190} INFO - [2025-03-06T11:06:01.916+0000] {dag.py:3239} INFO - Sync 1 DAGs
[2025-03-06T11:06:01.929+0000] {logging_mixin.py:190} INFO - [2025-03-06T11:06:01.929+0000] {dag.py:4180} INFO - Setting next_dagrun for example_kubernetes_executor to None, run_after=None
[2025-03-06T11:06:01.946+0000] {processor.py:208} INFO - Processing /home/airflow/.local/lib/python3.12/site-packages/airflow/example_dags/example_kubernetes_executor.py took 0.076 seconds
[2025-03-06T11:06:45.461+0000] {processor.py:186} INFO - Started process (PID=905) to work on /home/airflow/.local/lib/python3.12/site-packages/airflow/example_dags/example_kubernetes_executor.py
[2025-03-06T11:06:45.463+0000] {processor.py:914} INFO - Processing file /home/airflow/.local/lib/python3.12/site-packages/airflow/example_dags/example_kubernetes_executor.py for tasks to queue
[2025-03-06T11:06:45.469+0000] {logging_mixin.py:190} INFO - [2025-03-06T11:06:45.468+0000] {dagbag.py:588} INFO - Filling up the DagBag from /home/airflow/.local/lib/python3.12/site-packages/airflow/example_dags/example_kubernetes_executor.py
[2025-03-06T11:06:45.512+0000] {processor.py:925} INFO - DAG(s) 'example_kubernetes_executor' retrieved from /home/airflow/.local/lib/python3.12/site-packages/airflow/example_dags/example_kubernetes_executor.py
[2025-03-06T11:06:45.591+0000] {logging_mixin.py:190} INFO - [2025-03-06T11:06:45.590+0000] {dag.py:3239} INFO - Sync 1 DAGs
[2025-03-06T11:06:45.628+0000] {logging_mixin.py:190} INFO - [2025-03-06T11:06:45.627+0000] {dag.py:4180} INFO - Setting next_dagrun for example_kubernetes_executor to None, run_after=None
[2025-03-06T11:06:45.700+0000] {processor.py:208} INFO - Processing /home/airflow/.local/lib/python3.12/site-packages/airflow/example_dags/example_kubernetes_executor.py took 0.257 seconds
[2025-03-06T11:07:46.481+0000] {processor.py:186} INFO - Started process (PID=983) to work on /home/airflow/.local/lib/python3.12/site-packages/airflow/example_dags/example_kubernetes_executor.py
[2025-03-06T11:07:46.483+0000] {processor.py:914} INFO - Processing file /home/airflow/.local/lib/python3.12/site-packages/airflow/example_dags/example_kubernetes_executor.py for tasks to queue
[2025-03-06T11:07:46.485+0000] {logging_mixin.py:190} INFO - [2025-03-06T11:07:46.485+0000] {dagbag.py:588} INFO - Filling up the DagBag from /home/airflow/.local/lib/python3.12/site-packages/airflow/example_dags/example_kubernetes_executor.py
[2025-03-06T11:07:46.510+0000] {processor.py:925} INFO - DAG(s) 'example_kubernetes_executor' retrieved from /home/airflow/.local/lib/python3.12/site-packages/airflow/example_dags/example_kubernetes_executor.py
[2025-03-06T11:07:46.562+0000] {logging_mixin.py:190} INFO - [2025-03-06T11:07:46.561+0000] {dag.py:3239} INFO - Sync 1 DAGs
[2025-03-06T11:07:46.586+0000] {logging_mixin.py:190} INFO - [2025-03-06T11:07:46.585+0000] {dag.py:4180} INFO - Setting next_dagrun for example_kubernetes_executor to None, run_after=None
[2025-03-06T11:07:46.618+0000] {processor.py:208} INFO - Processing /home/airflow/.local/lib/python3.12/site-packages/airflow/example_dags/example_kubernetes_executor.py took 0.146 seconds
[2025-03-06T11:08:16.830+0000] {processor.py:186} INFO - Started process (PID=1052) to work on /home/airflow/.local/lib/python3.12/site-packages/airflow/example_dags/example_kubernetes_executor.py
[2025-03-06T11:08:16.832+0000] {processor.py:914} INFO - Processing file /home/airflow/.local/lib/python3.12/site-packages/airflow/example_dags/example_kubernetes_executor.py for tasks to queue
[2025-03-06T11:08:16.834+0000] {logging_mixin.py:190} INFO - [2025-03-06T11:08:16.834+0000] {dagbag.py:588} INFO - Filling up the DagBag from /home/airflow/.local/lib/python3.12/site-packages/airflow/example_dags/example_kubernetes_executor.py
[2025-03-06T11:08:16.868+0000] {processor.py:925} INFO - DAG(s) 'example_kubernetes_executor' retrieved from /home/airflow/.local/lib/python3.12/site-packages/airflow/example_dags/example_kubernetes_executor.py
[2025-03-06T11:08:16.923+0000] {logging_mixin.py:190} INFO - [2025-03-06T11:08:16.923+0000] {dag.py:3239} INFO - Sync 1 DAGs
[2025-03-06T11:08:16.955+0000] {logging_mixin.py:190} INFO - [2025-03-06T11:08:16.954+0000] {dag.py:4180} INFO - Setting next_dagrun for example_kubernetes_executor to None, run_after=None
[2025-03-06T11:08:16.996+0000] {processor.py:208} INFO - Processing /home/airflow/.local/lib/python3.12/site-packages/airflow/example_dags/example_kubernetes_executor.py took 0.174 seconds
[2025-03-06T11:08:47.094+0000] {processor.py:186} INFO - Started process (PID=1124) to work on /home/airflow/.local/lib/python3.12/site-packages/airflow/example_dags/example_kubernetes_executor.py
[2025-03-06T11:08:47.096+0000] {processor.py:914} INFO - Processing file /home/airflow/.local/lib/python3.12/site-packages/airflow/example_dags/example_kubernetes_executor.py for tasks to queue
[2025-03-06T11:08:47.098+0000] {logging_mixin.py:190} INFO - [2025-03-06T11:08:47.097+0000] {dagbag.py:588} INFO - Filling up the DagBag from /home/airflow/.local/lib/python3.12/site-packages/airflow/example_dags/example_kubernetes_executor.py
[2025-03-06T11:08:47.112+0000] {processor.py:925} INFO - DAG(s) 'example_kubernetes_executor' retrieved from /home/airflow/.local/lib/python3.12/site-packages/airflow/example_dags/example_kubernetes_executor.py
[2025-03-06T11:08:47.142+0000] {logging_mixin.py:190} INFO - [2025-03-06T11:08:47.142+0000] {dag.py:3239} INFO - Sync 1 DAGs
[2025-03-06T11:08:47.159+0000] {logging_mixin.py:190} INFO - [2025-03-06T11:08:47.159+0000] {dag.py:4180} INFO - Setting next_dagrun for example_kubernetes_executor to None, run_after=None
[2025-03-06T11:08:47.183+0000] {processor.py:208} INFO - Processing /home/airflow/.local/lib/python3.12/site-packages/airflow/example_dags/example_kubernetes_executor.py took 0.094 seconds
[2025-03-06T11:09:17.581+0000] {processor.py:186} INFO - Started process (PID=1195) to work on /home/airflow/.local/lib/python3.12/site-packages/airflow/example_dags/example_kubernetes_executor.py
[2025-03-06T11:09:17.583+0000] {processor.py:914} INFO - Processing file /home/airflow/.local/lib/python3.12/site-packages/airflow/example_dags/example_kubernetes_executor.py for tasks to queue
[2025-03-06T11:09:17.584+0000] {logging_mixin.py:190} INFO - [2025-03-06T11:09:17.584+0000] {dagbag.py:588} INFO - Filling up the DagBag from /home/airflow/.local/lib/python3.12/site-packages/airflow/example_dags/example_kubernetes_executor.py
[2025-03-06T11:09:17.597+0000] {processor.py:925} INFO - DAG(s) 'example_kubernetes_executor' retrieved from /home/airflow/.local/lib/python3.12/site-packages/airflow/example_dags/example_kubernetes_executor.py
[2025-03-06T11:09:17.624+0000] {logging_mixin.py:190} INFO - [2025-03-06T11:09:17.623+0000] {dag.py:3239} INFO - Sync 1 DAGs
[2025-03-06T11:09:17.638+0000] {logging_mixin.py:190} INFO - [2025-03-06T11:09:17.638+0000] {dag.py:4180} INFO - Setting next_dagrun for example_kubernetes_executor to None, run_after=None
[2025-03-06T11:09:17.659+0000] {processor.py:208} INFO - Processing /home/airflow/.local/lib/python3.12/site-packages/airflow/example_dags/example_kubernetes_executor.py took 0.084 seconds
[2025-03-06T11:09:47.903+0000] {processor.py:186} INFO - Started process (PID=1270) to work on /home/airflow/.local/lib/python3.12/site-packages/airflow/example_dags/example_kubernetes_executor.py
[2025-03-06T11:09:47.904+0000] {processor.py:914} INFO - Processing file /home/airflow/.local/lib/python3.12/site-packages/airflow/example_dags/example_kubernetes_executor.py for tasks to queue
[2025-03-06T11:09:47.905+0000] {logging_mixin.py:190} INFO - [2025-03-06T11:09:47.905+0000] {dagbag.py:588} INFO - Filling up the DagBag from /home/airflow/.local/lib/python3.12/site-packages/airflow/example_dags/example_kubernetes_executor.py
[2025-03-06T11:09:47.919+0000] {processor.py:925} INFO - DAG(s) 'example_kubernetes_executor' retrieved from /home/airflow/.local/lib/python3.12/site-packages/airflow/example_dags/example_kubernetes_executor.py
[2025-03-06T11:09:47.945+0000] {logging_mixin.py:190} INFO - [2025-03-06T11:09:47.945+0000] {dag.py:3239} INFO - Sync 1 DAGs
[2025-03-06T11:09:47.960+0000] {logging_mixin.py:190} INFO - [2025-03-06T11:09:47.960+0000] {dag.py:4180} INFO - Setting next_dagrun for example_kubernetes_executor to None, run_after=None
[2025-03-06T11:09:47.981+0000] {processor.py:208} INFO - Processing /home/airflow/.local/lib/python3.12/site-packages/airflow/example_dags/example_kubernetes_executor.py took 0.082 seconds
[2025-03-06T11:10:18.805+0000] {processor.py:186} INFO - Started process (PID=1345) to work on /home/airflow/.local/lib/python3.12/site-packages/airflow/example_dags/example_kubernetes_executor.py
[2025-03-06T11:10:18.807+0000] {processor.py:914} INFO - Processing file /home/airflow/.local/lib/python3.12/site-packages/airflow/example_dags/example_kubernetes_executor.py for tasks to queue
[2025-03-06T11:10:18.808+0000] {logging_mixin.py:190} INFO - [2025-03-06T11:10:18.808+0000] {dagbag.py:588} INFO - Filling up the DagBag from /home/airflow/.local/lib/python3.12/site-packages/airflow/example_dags/example_kubernetes_executor.py
[2025-03-06T11:10:18.833+0000] {processor.py:925} INFO - DAG(s) 'example_kubernetes_executor' retrieved from /home/airflow/.local/lib/python3.12/site-packages/airflow/example_dags/example_kubernetes_executor.py
[2025-03-06T11:10:18.857+0000] {logging_mixin.py:190} INFO - [2025-03-06T11:10:18.856+0000] {dag.py:3239} INFO - Sync 1 DAGs
[2025-03-06T11:10:18.870+0000] {logging_mixin.py:190} INFO - [2025-03-06T11:10:18.870+0000] {dag.py:4180} INFO - Setting next_dagrun for example_kubernetes_executor to None, run_after=None
[2025-03-06T11:10:18.889+0000] {processor.py:208} INFO - Processing /home/airflow/.local/lib/python3.12/site-packages/airflow/example_dags/example_kubernetes_executor.py took 0.089 seconds
[2025-03-06T11:10:48.974+0000] {processor.py:186} INFO - Started process (PID=1421) to work on /home/airflow/.local/lib/python3.12/site-packages/airflow/example_dags/example_kubernetes_executor.py
[2025-03-06T11:10:48.975+0000] {processor.py:914} INFO - Processing file /home/airflow/.local/lib/python3.12/site-packages/airflow/example_dags/example_kubernetes_executor.py for tasks to queue
[2025-03-06T11:10:48.976+0000] {logging_mixin.py:190} INFO - [2025-03-06T11:10:48.976+0000] {dagbag.py:588} INFO - Filling up the DagBag from /home/airflow/.local/lib/python3.12/site-packages/airflow/example_dags/example_kubernetes_executor.py
[2025-03-06T11:10:48.992+0000] {processor.py:925} INFO - DAG(s) 'example_kubernetes_executor' retrieved from /home/airflow/.local/lib/python3.12/site-packages/airflow/example_dags/example_kubernetes_executor.py
[2025-03-06T11:10:49.019+0000] {logging_mixin.py:190} INFO - [2025-03-06T11:10:49.018+0000] {dag.py:3239} INFO - Sync 1 DAGs
[2025-03-06T11:10:49.033+0000] {logging_mixin.py:190} INFO - [2025-03-06T11:10:49.033+0000] {dag.py:4180} INFO - Setting next_dagrun for example_kubernetes_executor to None, run_after=None
[2025-03-06T11:10:49.053+0000] {processor.py:208} INFO - Processing /home/airflow/.local/lib/python3.12/site-packages/airflow/example_dags/example_kubernetes_executor.py took 0.084 seconds
[2025-03-06T11:11:19.952+0000] {processor.py:186} INFO - Started process (PID=1496) to work on /home/airflow/.local/lib/python3.12/site-packages/airflow/example_dags/example_kubernetes_executor.py
[2025-03-06T11:11:19.953+0000] {processor.py:914} INFO - Processing file /home/airflow/.local/lib/python3.12/site-packages/airflow/example_dags/example_kubernetes_executor.py for tasks to queue
[2025-03-06T11:11:19.954+0000] {logging_mixin.py:190} INFO - [2025-03-06T11:11:19.954+0000] {dagbag.py:588} INFO - Filling up the DagBag from /home/airflow/.local/lib/python3.12/site-packages/airflow/example_dags/example_kubernetes_executor.py
[2025-03-06T11:11:19.966+0000] {processor.py:925} INFO - DAG(s) 'example_kubernetes_executor' retrieved from /home/airflow/.local/lib/python3.12/site-packages/airflow/example_dags/example_kubernetes_executor.py
[2025-03-06T11:11:19.992+0000] {logging_mixin.py:190} INFO - [2025-03-06T11:11:19.992+0000] {dag.py:3239} INFO - Sync 1 DAGs
[2025-03-06T11:11:20.005+0000] {logging_mixin.py:190} INFO - [2025-03-06T11:11:20.005+0000] {dag.py:4180} INFO - Setting next_dagrun for example_kubernetes_executor to None, run_after=None
[2025-03-06T11:11:20.025+0000] {processor.py:208} INFO - Processing /home/airflow/.local/lib/python3.12/site-packages/airflow/example_dags/example_kubernetes_executor.py took 0.078 seconds
[2025-03-06T11:11:50.205+0000] {processor.py:186} INFO - Started process (PID=1571) to work on /home/airflow/.local/lib/python3.12/site-packages/airflow/example_dags/example_kubernetes_executor.py
[2025-03-06T11:11:50.207+0000] {processor.py:914} INFO - Processing file /home/airflow/.local/lib/python3.12/site-packages/airflow/example_dags/example_kubernetes_executor.py for tasks to queue
[2025-03-06T11:11:50.209+0000] {logging_mixin.py:190} INFO - [2025-03-06T11:11:50.208+0000] {dagbag.py:588} INFO - Filling up the DagBag from /home/airflow/.local/lib/python3.12/site-packages/airflow/example_dags/example_kubernetes_executor.py
[2025-03-06T11:11:50.224+0000] {processor.py:925} INFO - DAG(s) 'example_kubernetes_executor' retrieved from /home/airflow/.local/lib/python3.12/site-packages/airflow/example_dags/example_kubernetes_executor.py
[2025-03-06T11:11:50.248+0000] {logging_mixin.py:190} INFO - [2025-03-06T11:11:50.248+0000] {dag.py:3239} INFO - Sync 1 DAGs
[2025-03-06T11:11:50.261+0000] {logging_mixin.py:190} INFO - [2025-03-06T11:11:50.261+0000] {dag.py:4180} INFO - Setting next_dagrun for example_kubernetes_executor to None, run_after=None
[2025-03-06T11:11:50.281+0000] {processor.py:208} INFO - Processing /home/airflow/.local/lib/python3.12/site-packages/airflow/example_dags/example_kubernetes_executor.py took 0.081 seconds
[2025-03-06T11:12:20.918+0000] {processor.py:186} INFO - Started process (PID=1643) to work on /home/airflow/.local/lib/python3.12/site-packages/airflow/example_dags/example_kubernetes_executor.py
[2025-03-06T11:12:20.920+0000] {processor.py:914} INFO - Processing file /home/airflow/.local/lib/python3.12/site-packages/airflow/example_dags/example_kubernetes_executor.py for tasks to queue
[2025-03-06T11:12:20.922+0000] {logging_mixin.py:190} INFO - [2025-03-06T11:12:20.921+0000] {dagbag.py:588} INFO - Filling up the DagBag from /home/airflow/.local/lib/python3.12/site-packages/airflow/example_dags/example_kubernetes_executor.py
[2025-03-06T11:12:20.935+0000] {processor.py:925} INFO - DAG(s) 'example_kubernetes_executor' retrieved from /home/airflow/.local/lib/python3.12/site-packages/airflow/example_dags/example_kubernetes_executor.py
[2025-03-06T11:12:20.959+0000] {logging_mixin.py:190} INFO - [2025-03-06T11:12:20.959+0000] {dag.py:3239} INFO - Sync 1 DAGs
[2025-03-06T11:12:20.972+0000] {logging_mixin.py:190} INFO - [2025-03-06T11:12:20.972+0000] {dag.py:4180} INFO - Setting next_dagrun for example_kubernetes_executor to None, run_after=None
[2025-03-06T11:12:20.991+0000] {processor.py:208} INFO - Processing /home/airflow/.local/lib/python3.12/site-packages/airflow/example_dags/example_kubernetes_executor.py took 0.078 seconds
[2025-03-06T11:12:51.945+0000] {processor.py:186} INFO - Started process (PID=1714) to work on /home/airflow/.local/lib/python3.12/site-packages/airflow/example_dags/example_kubernetes_executor.py
[2025-03-06T11:12:51.946+0000] {processor.py:914} INFO - Processing file /home/airflow/.local/lib/python3.12/site-packages/airflow/example_dags/example_kubernetes_executor.py for tasks to queue
[2025-03-06T11:12:51.947+0000] {logging_mixin.py:190} INFO - [2025-03-06T11:12:51.947+0000] {dagbag.py:588} INFO - Filling up the DagBag from /home/airflow/.local/lib/python3.12/site-packages/airflow/example_dags/example_kubernetes_executor.py
[2025-03-06T11:12:51.963+0000] {processor.py:925} INFO - DAG(s) 'example_kubernetes_executor' retrieved from /home/airflow/.local/lib/python3.12/site-packages/airflow/example_dags/example_kubernetes_executor.py
[2025-03-06T11:12:51.988+0000] {logging_mixin.py:190} INFO - [2025-03-06T11:12:51.988+0000] {dag.py:3239} INFO - Sync 1 DAGs
[2025-03-06T11:12:52.004+0000] {logging_mixin.py:190} INFO - [2025-03-06T11:12:52.004+0000] {dag.py:4180} INFO - Setting next_dagrun for example_kubernetes_executor to None, run_after=None
[2025-03-06T11:12:52.028+0000] {processor.py:208} INFO - Processing /home/airflow/.local/lib/python3.12/site-packages/airflow/example_dags/example_kubernetes_executor.py took 0.089 seconds
[2025-03-06T11:13:23.651+0000] {processor.py:186} INFO - Started process (PID=1790) to work on /home/airflow/.local/lib/python3.12/site-packages/airflow/example_dags/example_kubernetes_executor.py
[2025-03-06T11:13:23.652+0000] {processor.py:914} INFO - Processing file /home/airflow/.local/lib/python3.12/site-packages/airflow/example_dags/example_kubernetes_executor.py for tasks to queue
[2025-03-06T11:13:23.654+0000] {logging_mixin.py:190} INFO - [2025-03-06T11:13:23.653+0000] {dagbag.py:588} INFO - Filling up the DagBag from /home/airflow/.local/lib/python3.12/site-packages/airflow/example_dags/example_kubernetes_executor.py
[2025-03-06T11:13:23.667+0000] {processor.py:925} INFO - DAG(s) 'example_kubernetes_executor' retrieved from /home/airflow/.local/lib/python3.12/site-packages/airflow/example_dags/example_kubernetes_executor.py
[2025-03-06T11:13:23.693+0000] {logging_mixin.py:190} INFO - [2025-03-06T11:13:23.693+0000] {dag.py:3239} INFO - Sync 1 DAGs
[2025-03-06T11:13:23.706+0000] {logging_mixin.py:190} INFO - [2025-03-06T11:13:23.706+0000] {dag.py:4180} INFO - Setting next_dagrun for example_kubernetes_executor to None, run_after=None
[2025-03-06T11:13:23.724+0000] {processor.py:208} INFO - Processing /home/airflow/.local/lib/python3.12/site-packages/airflow/example_dags/example_kubernetes_executor.py took 0.078 seconds
[2025-03-06T11:13:54.592+0000] {processor.py:186} INFO - Started process (PID=1860) to work on /home/airflow/.local/lib/python3.12/site-packages/airflow/example_dags/example_kubernetes_executor.py
[2025-03-06T11:13:54.593+0000] {processor.py:914} INFO - Processing file /home/airflow/.local/lib/python3.12/site-packages/airflow/example_dags/example_kubernetes_executor.py for tasks to queue
[2025-03-06T11:13:54.595+0000] {logging_mixin.py:190} INFO - [2025-03-06T11:13:54.594+0000] {dagbag.py:588} INFO - Filling up the DagBag from /home/airflow/.local/lib/python3.12/site-packages/airflow/example_dags/example_kubernetes_executor.py
[2025-03-06T11:13:54.610+0000] {processor.py:925} INFO - DAG(s) 'example_kubernetes_executor' retrieved from /home/airflow/.local/lib/python3.12/site-packages/airflow/example_dags/example_kubernetes_executor.py
[2025-03-06T11:13:54.643+0000] {logging_mixin.py:190} INFO - [2025-03-06T11:13:54.642+0000] {dag.py:3239} INFO - Sync 1 DAGs
[2025-03-06T11:13:54.661+0000] {logging_mixin.py:190} INFO - [2025-03-06T11:13:54.660+0000] {dag.py:4180} INFO - Setting next_dagrun for example_kubernetes_executor to None, run_after=None
[2025-03-06T11:13:54.687+0000] {processor.py:208} INFO - Processing /home/airflow/.local/lib/python3.12/site-packages/airflow/example_dags/example_kubernetes_executor.py took 0.101 seconds
[2025-03-06T11:14:24.939+0000] {processor.py:186} INFO - Started process (PID=1929) to work on /home/airflow/.local/lib/python3.12/site-packages/airflow/example_dags/example_kubernetes_executor.py
[2025-03-06T11:14:24.941+0000] {processor.py:914} INFO - Processing file /home/airflow/.local/lib/python3.12/site-packages/airflow/example_dags/example_kubernetes_executor.py for tasks to queue
[2025-03-06T11:14:24.943+0000] {logging_mixin.py:190} INFO - [2025-03-06T11:14:24.942+0000] {dagbag.py:588} INFO - Filling up the DagBag from /home/airflow/.local/lib/python3.12/site-packages/airflow/example_dags/example_kubernetes_executor.py
[2025-03-06T11:14:24.961+0000] {processor.py:925} INFO - DAG(s) 'example_kubernetes_executor' retrieved from /home/airflow/.local/lib/python3.12/site-packages/airflow/example_dags/example_kubernetes_executor.py
[2025-03-06T11:14:25.000+0000] {logging_mixin.py:190} INFO - [2025-03-06T11:14:25.000+0000] {dag.py:3239} INFO - Sync 1 DAGs
[2025-03-06T11:14:25.026+0000] {logging_mixin.py:190} INFO - [2025-03-06T11:14:25.025+0000] {dag.py:4180} INFO - Setting next_dagrun for example_kubernetes_executor to None, run_after=None
[2025-03-06T11:14:25.055+0000] {processor.py:208} INFO - Processing /home/airflow/.local/lib/python3.12/site-packages/airflow/example_dags/example_kubernetes_executor.py took 0.123 seconds
[2025-03-06T11:14:55.486+0000] {processor.py:186} INFO - Started process (PID=2004) to work on /home/airflow/.local/lib/python3.12/site-packages/airflow/example_dags/example_kubernetes_executor.py
[2025-03-06T11:14:55.487+0000] {processor.py:914} INFO - Processing file /home/airflow/.local/lib/python3.12/site-packages/airflow/example_dags/example_kubernetes_executor.py for tasks to queue
[2025-03-06T11:14:55.488+0000] {logging_mixin.py:190} INFO - [2025-03-06T11:14:55.488+0000] {dagbag.py:588} INFO - Filling up the DagBag from /home/airflow/.local/lib/python3.12/site-packages/airflow/example_dags/example_kubernetes_executor.py
[2025-03-06T11:14:55.501+0000] {processor.py:925} INFO - DAG(s) 'example_kubernetes_executor' retrieved from /home/airflow/.local/lib/python3.12/site-packages/airflow/example_dags/example_kubernetes_executor.py
[2025-03-06T11:14:55.524+0000] {logging_mixin.py:190} INFO - [2025-03-06T11:14:55.524+0000] {dag.py:3239} INFO - Sync 1 DAGs
[2025-03-06T11:14:55.538+0000] {logging_mixin.py:190} INFO - [2025-03-06T11:14:55.537+0000] {dag.py:4180} INFO - Setting next_dagrun for example_kubernetes_executor to None, run_after=None
[2025-03-06T11:14:55.558+0000] {processor.py:208} INFO - Processing /home/airflow/.local/lib/python3.12/site-packages/airflow/example_dags/example_kubernetes_executor.py took 0.077 seconds
[2025-03-06T11:15:25.918+0000] {processor.py:186} INFO - Started process (PID=2079) to work on /home/airflow/.local/lib/python3.12/site-packages/airflow/example_dags/example_kubernetes_executor.py
[2025-03-06T11:15:25.920+0000] {processor.py:914} INFO - Processing file /home/airflow/.local/lib/python3.12/site-packages/airflow/example_dags/example_kubernetes_executor.py for tasks to queue
[2025-03-06T11:15:25.921+0000] {logging_mixin.py:190} INFO - [2025-03-06T11:15:25.921+0000] {dagbag.py:588} INFO - Filling up the DagBag from /home/airflow/.local/lib/python3.12/site-packages/airflow/example_dags/example_kubernetes_executor.py
[2025-03-06T11:15:25.934+0000] {processor.py:925} INFO - DAG(s) 'example_kubernetes_executor' retrieved from /home/airflow/.local/lib/python3.12/site-packages/airflow/example_dags/example_kubernetes_executor.py
[2025-03-06T11:15:25.957+0000] {logging_mixin.py:190} INFO - [2025-03-06T11:15:25.957+0000] {dag.py:3239} INFO - Sync 1 DAGs
[2025-03-06T11:15:25.970+0000] {logging_mixin.py:190} INFO - [2025-03-06T11:15:25.970+0000] {dag.py:4180} INFO - Setting next_dagrun for example_kubernetes_executor to None, run_after=None
[2025-03-06T11:15:25.988+0000] {processor.py:208} INFO - Processing /home/airflow/.local/lib/python3.12/site-packages/airflow/example_dags/example_kubernetes_executor.py took 0.074 seconds
[2025-03-06T11:15:56.843+0000] {processor.py:186} INFO - Started process (PID=2154) to work on /home/airflow/.local/lib/python3.12/site-packages/airflow/example_dags/example_kubernetes_executor.py
[2025-03-06T11:15:56.846+0000] {processor.py:914} INFO - Processing file /home/airflow/.local/lib/python3.12/site-packages/airflow/example_dags/example_kubernetes_executor.py for tasks to queue
[2025-03-06T11:15:56.849+0000] {logging_mixin.py:190} INFO - [2025-03-06T11:15:56.848+0000] {dagbag.py:588} INFO - Filling up the DagBag from /home/airflow/.local/lib/python3.12/site-packages/airflow/example_dags/example_kubernetes_executor.py
[2025-03-06T11:15:56.871+0000] {processor.py:925} INFO - DAG(s) 'example_kubernetes_executor' retrieved from /home/airflow/.local/lib/python3.12/site-packages/airflow/example_dags/example_kubernetes_executor.py
[2025-03-06T11:15:56.898+0000] {logging_mixin.py:190} INFO - [2025-03-06T11:15:56.898+0000] {dag.py:3239} INFO - Sync 1 DAGs
[2025-03-06T11:15:56.911+0000] {logging_mixin.py:190} INFO - [2025-03-06T11:15:56.911+0000] {dag.py:4180} INFO - Setting next_dagrun for example_kubernetes_executor to None, run_after=None
[2025-03-06T11:15:56.934+0000] {processor.py:208} INFO - Processing /home/airflow/.local/lib/python3.12/site-packages/airflow/example_dags/example_kubernetes_executor.py took 0.104 seconds
[2025-03-06T11:16:27.012+0000] {processor.py:186} INFO - Started process (PID=2229) to work on /home/airflow/.local/lib/python3.12/site-packages/airflow/example_dags/example_kubernetes_executor.py
[2025-03-06T11:16:27.013+0000] {processor.py:914} INFO - Processing file /home/airflow/.local/lib/python3.12/site-packages/airflow/example_dags/example_kubernetes_executor.py for tasks to queue
[2025-03-06T11:16:27.014+0000] {logging_mixin.py:190} INFO - [2025-03-06T11:16:27.014+0000] {dagbag.py:588} INFO - Filling up the DagBag from /home/airflow/.local/lib/python3.12/site-packages/airflow/example_dags/example_kubernetes_executor.py
[2025-03-06T11:16:27.032+0000] {processor.py:925} INFO - DAG(s) 'example_kubernetes_executor' retrieved from /home/airflow/.local/lib/python3.12/site-packages/airflow/example_dags/example_kubernetes_executor.py
[2025-03-06T11:16:27.059+0000] {logging_mixin.py:190} INFO - [2025-03-06T11:16:27.058+0000] {dag.py:3239} INFO - Sync 1 DAGs
[2025-03-06T11:16:27.076+0000] {logging_mixin.py:190} INFO - [2025-03-06T11:16:27.076+0000] {dag.py:4180} INFO - Setting next_dagrun for example_kubernetes_executor to None, run_after=None
[2025-03-06T11:16:27.095+0000] {processor.py:208} INFO - Processing /home/airflow/.local/lib/python3.12/site-packages/airflow/example_dags/example_kubernetes_executor.py took 0.088 seconds
[2025-03-06T11:16:57.249+0000] {processor.py:186} INFO - Started process (PID=2304) to work on /home/airflow/.local/lib/python3.12/site-packages/airflow/example_dags/example_kubernetes_executor.py
[2025-03-06T11:16:57.250+0000] {processor.py:914} INFO - Processing file /home/airflow/.local/lib/python3.12/site-packages/airflow/example_dags/example_kubernetes_executor.py for tasks to queue
[2025-03-06T11:16:57.251+0000] {logging_mixin.py:190} INFO - [2025-03-06T11:16:57.251+0000] {dagbag.py:588} INFO - Filling up the DagBag from /home/airflow/.local/lib/python3.12/site-packages/airflow/example_dags/example_kubernetes_executor.py
[2025-03-06T11:16:57.265+0000] {processor.py:925} INFO - DAG(s) 'example_kubernetes_executor' retrieved from /home/airflow/.local/lib/python3.12/site-packages/airflow/example_dags/example_kubernetes_executor.py
[2025-03-06T11:16:57.289+0000] {logging_mixin.py:190} INFO - [2025-03-06T11:16:57.289+0000] {dag.py:3239} INFO - Sync 1 DAGs
[2025-03-06T11:16:57.302+0000] {logging_mixin.py:190} INFO - [2025-03-06T11:16:57.302+0000] {dag.py:4180} INFO - Setting next_dagrun for example_kubernetes_executor to None, run_after=None
[2025-03-06T11:16:57.321+0000] {processor.py:208} INFO - Processing /home/airflow/.local/lib/python3.12/site-packages/airflow/example_dags/example_kubernetes_executor.py took 0.077 seconds
[2025-03-06T11:17:27.391+0000] {processor.py:186} INFO - Started process (PID=2379) to work on /home/airflow/.local/lib/python3.12/site-packages/airflow/example_dags/example_kubernetes_executor.py
[2025-03-06T11:17:27.392+0000] {processor.py:914} INFO - Processing file /home/airflow/.local/lib/python3.12/site-packages/airflow/example_dags/example_kubernetes_executor.py for tasks to queue
[2025-03-06T11:17:27.394+0000] {logging_mixin.py:190} INFO - [2025-03-06T11:17:27.394+0000] {dagbag.py:588} INFO - Filling up the DagBag from /home/airflow/.local/lib/python3.12/site-packages/airflow/example_dags/example_kubernetes_executor.py
[2025-03-06T11:17:27.413+0000] {processor.py:925} INFO - DAG(s) 'example_kubernetes_executor' retrieved from /home/airflow/.local/lib/python3.12/site-packages/airflow/example_dags/example_kubernetes_executor.py
[2025-03-06T11:17:27.440+0000] {logging_mixin.py:190} INFO - [2025-03-06T11:17:27.440+0000] {dag.py:3239} INFO - Sync 1 DAGs
[2025-03-06T11:17:27.463+0000] {logging_mixin.py:190} INFO - [2025-03-06T11:17:27.463+0000] {dag.py:4180} INFO - Setting next_dagrun for example_kubernetes_executor to None, run_after=None
[2025-03-06T11:17:27.489+0000] {processor.py:208} INFO - Processing /home/airflow/.local/lib/python3.12/site-packages/airflow/example_dags/example_kubernetes_executor.py took 0.104 seconds
[2025-03-06T11:17:57.788+0000] {processor.py:186} INFO - Started process (PID=2454) to work on /home/airflow/.local/lib/python3.12/site-packages/airflow/example_dags/example_kubernetes_executor.py
[2025-03-06T11:17:57.790+0000] {processor.py:914} INFO - Processing file /home/airflow/.local/lib/python3.12/site-packages/airflow/example_dags/example_kubernetes_executor.py for tasks to queue
[2025-03-06T11:17:57.792+0000] {logging_mixin.py:190} INFO - [2025-03-06T11:17:57.791+0000] {dagbag.py:588} INFO - Filling up the DagBag from /home/airflow/.local/lib/python3.12/site-packages/airflow/example_dags/example_kubernetes_executor.py
[2025-03-06T11:17:57.810+0000] {processor.py:925} INFO - DAG(s) 'example_kubernetes_executor' retrieved from /home/airflow/.local/lib/python3.12/site-packages/airflow/example_dags/example_kubernetes_executor.py
[2025-03-06T11:17:57.846+0000] {logging_mixin.py:190} INFO - [2025-03-06T11:17:57.845+0000] {dag.py:3239} INFO - Sync 1 DAGs
[2025-03-06T11:17:57.865+0000] {logging_mixin.py:190} INFO - [2025-03-06T11:17:57.865+0000] {dag.py:4180} INFO - Setting next_dagrun for example_kubernetes_executor to None, run_after=None
[2025-03-06T11:17:57.890+0000] {processor.py:208} INFO - Processing /home/airflow/.local/lib/python3.12/site-packages/airflow/example_dags/example_kubernetes_executor.py took 0.111 seconds
[2025-03-06T11:18:28.453+0000] {processor.py:186} INFO - Started process (PID=2529) to work on /home/airflow/.local/lib/python3.12/site-packages/airflow/example_dags/example_kubernetes_executor.py
[2025-03-06T11:18:28.454+0000] {processor.py:914} INFO - Processing file /home/airflow/.local/lib/python3.12/site-packages/airflow/example_dags/example_kubernetes_executor.py for tasks to queue
[2025-03-06T11:18:28.456+0000] {logging_mixin.py:190} INFO - [2025-03-06T11:18:28.456+0000] {dagbag.py:588} INFO - Filling up the DagBag from /home/airflow/.local/lib/python3.12/site-packages/airflow/example_dags/example_kubernetes_executor.py
[2025-03-06T11:18:28.472+0000] {processor.py:925} INFO - DAG(s) 'example_kubernetes_executor' retrieved from /home/airflow/.local/lib/python3.12/site-packages/airflow/example_dags/example_kubernetes_executor.py
[2025-03-06T11:18:28.504+0000] {logging_mixin.py:190} INFO - [2025-03-06T11:18:28.503+0000] {dag.py:3239} INFO - Sync 1 DAGs
[2025-03-06T11:18:28.520+0000] {logging_mixin.py:190} INFO - [2025-03-06T11:18:28.520+0000] {dag.py:4180} INFO - Setting next_dagrun for example_kubernetes_executor to None, run_after=None
[2025-03-06T11:18:28.547+0000] {processor.py:208} INFO - Processing /home/airflow/.local/lib/python3.12/site-packages/airflow/example_dags/example_kubernetes_executor.py took 0.100 seconds
