[2025-03-06T04:34:31.554+0000] {processor.py:186} INFO - Started process (PID=14396) to work on /home/airflow/.local/lib/python3.12/site-packages/airflow/example_dags/example_branch_python_dop_operator_3.py
[2025-03-06T04:34:31.560+0000] {processor.py:914} INFO - Processing file /home/airflow/.local/lib/python3.12/site-packages/airflow/example_dags/example_branch_python_dop_operator_3.py for tasks to queue
[2025-03-06T04:34:31.566+0000] {logging_mixin.py:190} INFO - [2025-03-06T04:34:31.565+0000] {dagbag.py:588} INFO - Filling up the DagBag from /home/airflow/.local/lib/python3.12/site-packages/airflow/example_dags/example_branch_python_dop_operator_3.py
[2025-03-06T04:34:31.588+0000] {processor.py:925} INFO - DAG(s) 'example_branch_dop_operator_v3' retrieved from /home/airflow/.local/lib/python3.12/site-packages/airflow/example_dags/example_branch_python_dop_operator_3.py
[2025-03-06T04:34:31.630+0000] {logging_mixin.py:190} INFO - [2025-03-06T04:34:31.629+0000] {dag.py:3239} INFO - Sync 1 DAGs
[2025-03-06T04:34:31.698+0000] {logging_mixin.py:190} INFO - [2025-03-06T04:34:31.698+0000] {dag.py:4180} INFO - Setting next_dagrun for example_branch_dop_operator_v3 to 2025-03-06 04:33:00+00:00, run_after=2025-03-06 04:34:00+00:00
[2025-03-06T04:34:31.743+0000] {processor.py:208} INFO - Processing /home/airflow/.local/lib/python3.12/site-packages/airflow/example_dags/example_branch_python_dop_operator_3.py took 0.199 seconds
[2025-03-06T04:35:01.789+0000] {processor.py:186} INFO - Started process (PID=14471) to work on /home/airflow/.local/lib/python3.12/site-packages/airflow/example_dags/example_branch_python_dop_operator_3.py
[2025-03-06T04:35:01.791+0000] {processor.py:914} INFO - Processing file /home/airflow/.local/lib/python3.12/site-packages/airflow/example_dags/example_branch_python_dop_operator_3.py for tasks to queue
[2025-03-06T04:35:01.794+0000] {logging_mixin.py:190} INFO - [2025-03-06T04:35:01.793+0000] {dagbag.py:588} INFO - Filling up the DagBag from /home/airflow/.local/lib/python3.12/site-packages/airflow/example_dags/example_branch_python_dop_operator_3.py
[2025-03-06T04:35:01.805+0000] {processor.py:925} INFO - DAG(s) 'example_branch_dop_operator_v3' retrieved from /home/airflow/.local/lib/python3.12/site-packages/airflow/example_dags/example_branch_python_dop_operator_3.py
[2025-03-06T04:35:01.825+0000] {logging_mixin.py:190} INFO - [2025-03-06T04:35:01.824+0000] {dag.py:3239} INFO - Sync 1 DAGs
[2025-03-06T04:35:01.851+0000] {logging_mixin.py:190} INFO - [2025-03-06T04:35:01.851+0000] {dag.py:4180} INFO - Setting next_dagrun for example_branch_dop_operator_v3 to 2025-03-06 04:34:00+00:00, run_after=2025-03-06 04:35:00+00:00
[2025-03-06T04:35:01.872+0000] {processor.py:208} INFO - Processing /home/airflow/.local/lib/python3.12/site-packages/airflow/example_dags/example_branch_python_dop_operator_3.py took 0.088 seconds
[2025-03-06T04:35:32.551+0000] {processor.py:186} INFO - Started process (PID=14546) to work on /home/airflow/.local/lib/python3.12/site-packages/airflow/example_dags/example_branch_python_dop_operator_3.py
[2025-03-06T04:35:32.552+0000] {processor.py:914} INFO - Processing file /home/airflow/.local/lib/python3.12/site-packages/airflow/example_dags/example_branch_python_dop_operator_3.py for tasks to queue
[2025-03-06T04:35:32.554+0000] {logging_mixin.py:190} INFO - [2025-03-06T04:35:32.554+0000] {dagbag.py:588} INFO - Filling up the DagBag from /home/airflow/.local/lib/python3.12/site-packages/airflow/example_dags/example_branch_python_dop_operator_3.py
[2025-03-06T04:35:32.563+0000] {processor.py:925} INFO - DAG(s) 'example_branch_dop_operator_v3' retrieved from /home/airflow/.local/lib/python3.12/site-packages/airflow/example_dags/example_branch_python_dop_operator_3.py
[2025-03-06T04:35:32.582+0000] {logging_mixin.py:190} INFO - [2025-03-06T04:35:32.582+0000] {dag.py:3239} INFO - Sync 1 DAGs
[2025-03-06T04:35:32.605+0000] {logging_mixin.py:190} INFO - [2025-03-06T04:35:32.605+0000] {dag.py:4180} INFO - Setting next_dagrun for example_branch_dop_operator_v3 to 2025-03-06 04:34:00+00:00, run_after=2025-03-06 04:35:00+00:00
[2025-03-06T04:35:32.625+0000] {processor.py:208} INFO - Processing /home/airflow/.local/lib/python3.12/site-packages/airflow/example_dags/example_branch_python_dop_operator_3.py took 0.079 seconds
[2025-03-06T04:36:04.292+0000] {processor.py:186} INFO - Started process (PID=14621) to work on /home/airflow/.local/lib/python3.12/site-packages/airflow/example_dags/example_branch_python_dop_operator_3.py
[2025-03-06T04:36:04.294+0000] {processor.py:914} INFO - Processing file /home/airflow/.local/lib/python3.12/site-packages/airflow/example_dags/example_branch_python_dop_operator_3.py for tasks to queue
[2025-03-06T04:36:04.298+0000] {logging_mixin.py:190} INFO - [2025-03-06T04:36:04.297+0000] {dagbag.py:588} INFO - Filling up the DagBag from /home/airflow/.local/lib/python3.12/site-packages/airflow/example_dags/example_branch_python_dop_operator_3.py
[2025-03-06T04:36:04.313+0000] {processor.py:925} INFO - DAG(s) 'example_branch_dop_operator_v3' retrieved from /home/airflow/.local/lib/python3.12/site-packages/airflow/example_dags/example_branch_python_dop_operator_3.py
[2025-03-06T04:36:04.341+0000] {logging_mixin.py:190} INFO - [2025-03-06T04:36:04.341+0000] {dag.py:3239} INFO - Sync 1 DAGs
[2025-03-06T04:36:04.374+0000] {logging_mixin.py:190} INFO - [2025-03-06T04:36:04.374+0000] {dag.py:4180} INFO - Setting next_dagrun for example_branch_dop_operator_v3 to 2025-03-06 04:35:00+00:00, run_after=2025-03-06 04:36:00+00:00
[2025-03-06T04:36:04.416+0000] {processor.py:208} INFO - Processing /home/airflow/.local/lib/python3.12/site-packages/airflow/example_dags/example_branch_python_dop_operator_3.py took 0.131 seconds
[2025-03-06T04:36:36.522+0000] {processor.py:186} INFO - Started process (PID=14696) to work on /home/airflow/.local/lib/python3.12/site-packages/airflow/example_dags/example_branch_python_dop_operator_3.py
[2025-03-06T04:36:36.524+0000] {processor.py:914} INFO - Processing file /home/airflow/.local/lib/python3.12/site-packages/airflow/example_dags/example_branch_python_dop_operator_3.py for tasks to queue
[2025-03-06T04:36:36.527+0000] {logging_mixin.py:190} INFO - [2025-03-06T04:36:36.527+0000] {dagbag.py:588} INFO - Filling up the DagBag from /home/airflow/.local/lib/python3.12/site-packages/airflow/example_dags/example_branch_python_dop_operator_3.py
[2025-03-06T04:36:36.537+0000] {processor.py:925} INFO - DAG(s) 'example_branch_dop_operator_v3' retrieved from /home/airflow/.local/lib/python3.12/site-packages/airflow/example_dags/example_branch_python_dop_operator_3.py
[2025-03-06T04:36:36.559+0000] {logging_mixin.py:190} INFO - [2025-03-06T04:36:36.559+0000] {dag.py:3239} INFO - Sync 1 DAGs
[2025-03-06T04:36:36.582+0000] {logging_mixin.py:190} INFO - [2025-03-06T04:36:36.582+0000] {dag.py:4180} INFO - Setting next_dagrun for example_branch_dop_operator_v3 to 2025-03-06 04:35:00+00:00, run_after=2025-03-06 04:36:00+00:00
[2025-03-06T04:36:36.615+0000] {processor.py:208} INFO - Processing /home/airflow/.local/lib/python3.12/site-packages/airflow/example_dags/example_branch_python_dop_operator_3.py took 0.098 seconds
[2025-03-06T04:37:07.568+0000] {processor.py:186} INFO - Started process (PID=14772) to work on /home/airflow/.local/lib/python3.12/site-packages/airflow/example_dags/example_branch_python_dop_operator_3.py
[2025-03-06T04:37:07.569+0000] {processor.py:914} INFO - Processing file /home/airflow/.local/lib/python3.12/site-packages/airflow/example_dags/example_branch_python_dop_operator_3.py for tasks to queue
[2025-03-06T04:37:07.571+0000] {logging_mixin.py:190} INFO - [2025-03-06T04:37:07.571+0000] {dagbag.py:588} INFO - Filling up the DagBag from /home/airflow/.local/lib/python3.12/site-packages/airflow/example_dags/example_branch_python_dop_operator_3.py
[2025-03-06T04:37:07.580+0000] {processor.py:925} INFO - DAG(s) 'example_branch_dop_operator_v3' retrieved from /home/airflow/.local/lib/python3.12/site-packages/airflow/example_dags/example_branch_python_dop_operator_3.py
[2025-03-06T04:37:07.597+0000] {logging_mixin.py:190} INFO - [2025-03-06T04:37:07.597+0000] {dag.py:3239} INFO - Sync 1 DAGs
[2025-03-06T04:37:07.619+0000] {logging_mixin.py:190} INFO - [2025-03-06T04:37:07.619+0000] {dag.py:4180} INFO - Setting next_dagrun for example_branch_dop_operator_v3 to 2025-03-06 04:36:00+00:00, run_after=2025-03-06 04:37:00+00:00
[2025-03-06T04:37:07.640+0000] {processor.py:208} INFO - Processing /home/airflow/.local/lib/python3.12/site-packages/airflow/example_dags/example_branch_python_dop_operator_3.py took 0.077 seconds
[2025-03-06T04:37:38.712+0000] {processor.py:186} INFO - Started process (PID=14847) to work on /home/airflow/.local/lib/python3.12/site-packages/airflow/example_dags/example_branch_python_dop_operator_3.py
[2025-03-06T04:37:38.713+0000] {processor.py:914} INFO - Processing file /home/airflow/.local/lib/python3.12/site-packages/airflow/example_dags/example_branch_python_dop_operator_3.py for tasks to queue
[2025-03-06T04:37:38.715+0000] {logging_mixin.py:190} INFO - [2025-03-06T04:37:38.715+0000] {dagbag.py:588} INFO - Filling up the DagBag from /home/airflow/.local/lib/python3.12/site-packages/airflow/example_dags/example_branch_python_dop_operator_3.py
[2025-03-06T04:37:38.723+0000] {processor.py:925} INFO - DAG(s) 'example_branch_dop_operator_v3' retrieved from /home/airflow/.local/lib/python3.12/site-packages/airflow/example_dags/example_branch_python_dop_operator_3.py
[2025-03-06T04:37:38.740+0000] {logging_mixin.py:190} INFO - [2025-03-06T04:37:38.739+0000] {dag.py:3239} INFO - Sync 1 DAGs
[2025-03-06T04:37:38.760+0000] {logging_mixin.py:190} INFO - [2025-03-06T04:37:38.760+0000] {dag.py:4180} INFO - Setting next_dagrun for example_branch_dop_operator_v3 to 2025-03-06 04:36:00+00:00, run_after=2025-03-06 04:37:00+00:00
[2025-03-06T04:37:38.785+0000] {processor.py:208} INFO - Processing /home/airflow/.local/lib/python3.12/site-packages/airflow/example_dags/example_branch_python_dop_operator_3.py took 0.078 seconds
[2025-03-06T04:38:09.433+0000] {processor.py:186} INFO - Started process (PID=14922) to work on /home/airflow/.local/lib/python3.12/site-packages/airflow/example_dags/example_branch_python_dop_operator_3.py
[2025-03-06T04:38:09.434+0000] {processor.py:914} INFO - Processing file /home/airflow/.local/lib/python3.12/site-packages/airflow/example_dags/example_branch_python_dop_operator_3.py for tasks to queue
[2025-03-06T04:38:09.437+0000] {logging_mixin.py:190} INFO - [2025-03-06T04:38:09.437+0000] {dagbag.py:588} INFO - Filling up the DagBag from /home/airflow/.local/lib/python3.12/site-packages/airflow/example_dags/example_branch_python_dop_operator_3.py
[2025-03-06T04:38:09.448+0000] {processor.py:925} INFO - DAG(s) 'example_branch_dop_operator_v3' retrieved from /home/airflow/.local/lib/python3.12/site-packages/airflow/example_dags/example_branch_python_dop_operator_3.py
[2025-03-06T04:38:09.467+0000] {logging_mixin.py:190} INFO - [2025-03-06T04:38:09.467+0000] {dag.py:3239} INFO - Sync 1 DAGs
[2025-03-06T04:38:09.494+0000] {logging_mixin.py:190} INFO - [2025-03-06T04:38:09.494+0000] {dag.py:4180} INFO - Setting next_dagrun for example_branch_dop_operator_v3 to 2025-03-06 04:37:00+00:00, run_after=2025-03-06 04:38:00+00:00
[2025-03-06T04:38:09.515+0000] {processor.py:208} INFO - Processing /home/airflow/.local/lib/python3.12/site-packages/airflow/example_dags/example_branch_python_dop_operator_3.py took 0.087 seconds
[2025-03-06T04:38:40.838+0000] {processor.py:186} INFO - Started process (PID=14997) to work on /home/airflow/.local/lib/python3.12/site-packages/airflow/example_dags/example_branch_python_dop_operator_3.py
[2025-03-06T04:38:40.839+0000] {processor.py:914} INFO - Processing file /home/airflow/.local/lib/python3.12/site-packages/airflow/example_dags/example_branch_python_dop_operator_3.py for tasks to queue
[2025-03-06T04:38:40.841+0000] {logging_mixin.py:190} INFO - [2025-03-06T04:38:40.841+0000] {dagbag.py:588} INFO - Filling up the DagBag from /home/airflow/.local/lib/python3.12/site-packages/airflow/example_dags/example_branch_python_dop_operator_3.py
[2025-03-06T04:38:40.849+0000] {processor.py:925} INFO - DAG(s) 'example_branch_dop_operator_v3' retrieved from /home/airflow/.local/lib/python3.12/site-packages/airflow/example_dags/example_branch_python_dop_operator_3.py
[2025-03-06T04:38:40.864+0000] {logging_mixin.py:190} INFO - [2025-03-06T04:38:40.863+0000] {dag.py:3239} INFO - Sync 1 DAGs
[2025-03-06T04:38:40.883+0000] {logging_mixin.py:190} INFO - [2025-03-06T04:38:40.883+0000] {dag.py:4180} INFO - Setting next_dagrun for example_branch_dop_operator_v3 to 2025-03-06 04:37:00+00:00, run_after=2025-03-06 04:38:00+00:00
[2025-03-06T04:38:40.900+0000] {processor.py:208} INFO - Processing /home/airflow/.local/lib/python3.12/site-packages/airflow/example_dags/example_branch_python_dop_operator_3.py took 0.067 seconds
[2025-03-06T04:39:13.170+0000] {processor.py:186} INFO - Started process (PID=15072) to work on /home/airflow/.local/lib/python3.12/site-packages/airflow/example_dags/example_branch_python_dop_operator_3.py
[2025-03-06T04:39:13.172+0000] {processor.py:914} INFO - Processing file /home/airflow/.local/lib/python3.12/site-packages/airflow/example_dags/example_branch_python_dop_operator_3.py for tasks to queue
[2025-03-06T04:39:13.174+0000] {logging_mixin.py:190} INFO - [2025-03-06T04:39:13.173+0000] {dagbag.py:588} INFO - Filling up the DagBag from /home/airflow/.local/lib/python3.12/site-packages/airflow/example_dags/example_branch_python_dop_operator_3.py
[2025-03-06T04:39:13.183+0000] {processor.py:925} INFO - DAG(s) 'example_branch_dop_operator_v3' retrieved from /home/airflow/.local/lib/python3.12/site-packages/airflow/example_dags/example_branch_python_dop_operator_3.py
[2025-03-06T04:39:13.200+0000] {logging_mixin.py:190} INFO - [2025-03-06T04:39:13.200+0000] {dag.py:3239} INFO - Sync 1 DAGs
[2025-03-06T04:39:13.222+0000] {logging_mixin.py:190} INFO - [2025-03-06T04:39:13.222+0000] {dag.py:4180} INFO - Setting next_dagrun for example_branch_dop_operator_v3 to 2025-03-06 04:38:00+00:00, run_after=2025-03-06 04:39:00+00:00
[2025-03-06T04:39:13.238+0000] {processor.py:208} INFO - Processing /home/airflow/.local/lib/python3.12/site-packages/airflow/example_dags/example_branch_python_dop_operator_3.py took 0.072 seconds
[2025-03-06T04:39:44.504+0000] {processor.py:186} INFO - Started process (PID=15154) to work on /home/airflow/.local/lib/python3.12/site-packages/airflow/example_dags/example_branch_python_dop_operator_3.py
[2025-03-06T04:39:44.506+0000] {processor.py:914} INFO - Processing file /home/airflow/.local/lib/python3.12/site-packages/airflow/example_dags/example_branch_python_dop_operator_3.py for tasks to queue
[2025-03-06T04:39:44.509+0000] {logging_mixin.py:190} INFO - [2025-03-06T04:39:44.508+0000] {dagbag.py:588} INFO - Filling up the DagBag from /home/airflow/.local/lib/python3.12/site-packages/airflow/example_dags/example_branch_python_dop_operator_3.py
[2025-03-06T04:39:44.517+0000] {processor.py:925} INFO - DAG(s) 'example_branch_dop_operator_v3' retrieved from /home/airflow/.local/lib/python3.12/site-packages/airflow/example_dags/example_branch_python_dop_operator_3.py
[2025-03-06T04:39:44.535+0000] {logging_mixin.py:190} INFO - [2025-03-06T04:39:44.535+0000] {dag.py:3239} INFO - Sync 1 DAGs
[2025-03-06T04:39:44.557+0000] {logging_mixin.py:190} INFO - [2025-03-06T04:39:44.557+0000] {dag.py:4180} INFO - Setting next_dagrun for example_branch_dop_operator_v3 to 2025-03-06 04:38:00+00:00, run_after=2025-03-06 04:39:00+00:00
[2025-03-06T04:39:44.572+0000] {processor.py:208} INFO - Processing /home/airflow/.local/lib/python3.12/site-packages/airflow/example_dags/example_branch_python_dop_operator_3.py took 0.073 seconds
[2025-03-06T04:40:15.634+0000] {processor.py:186} INFO - Started process (PID=15229) to work on /home/airflow/.local/lib/python3.12/site-packages/airflow/example_dags/example_branch_python_dop_operator_3.py
[2025-03-06T04:40:15.636+0000] {processor.py:914} INFO - Processing file /home/airflow/.local/lib/python3.12/site-packages/airflow/example_dags/example_branch_python_dop_operator_3.py for tasks to queue
[2025-03-06T04:40:15.638+0000] {logging_mixin.py:190} INFO - [2025-03-06T04:40:15.638+0000] {dagbag.py:588} INFO - Filling up the DagBag from /home/airflow/.local/lib/python3.12/site-packages/airflow/example_dags/example_branch_python_dop_operator_3.py
[2025-03-06T04:40:15.646+0000] {processor.py:925} INFO - DAG(s) 'example_branch_dop_operator_v3' retrieved from /home/airflow/.local/lib/python3.12/site-packages/airflow/example_dags/example_branch_python_dop_operator_3.py
[2025-03-06T04:40:15.661+0000] {logging_mixin.py:190} INFO - [2025-03-06T04:40:15.661+0000] {dag.py:3239} INFO - Sync 1 DAGs
[2025-03-06T04:40:15.679+0000] {logging_mixin.py:190} INFO - [2025-03-06T04:40:15.679+0000] {dag.py:4180} INFO - Setting next_dagrun for example_branch_dop_operator_v3 to 2025-03-06 04:39:00+00:00, run_after=2025-03-06 04:40:00+00:00
[2025-03-06T04:40:15.693+0000] {processor.py:208} INFO - Processing /home/airflow/.local/lib/python3.12/site-packages/airflow/example_dags/example_branch_python_dop_operator_3.py took 0.063 seconds
[2025-03-06T04:40:46.422+0000] {processor.py:186} INFO - Started process (PID=15304) to work on /home/airflow/.local/lib/python3.12/site-packages/airflow/example_dags/example_branch_python_dop_operator_3.py
[2025-03-06T04:40:46.423+0000] {processor.py:914} INFO - Processing file /home/airflow/.local/lib/python3.12/site-packages/airflow/example_dags/example_branch_python_dop_operator_3.py for tasks to queue
[2025-03-06T04:40:46.425+0000] {logging_mixin.py:190} INFO - [2025-03-06T04:40:46.424+0000] {dagbag.py:588} INFO - Filling up the DagBag from /home/airflow/.local/lib/python3.12/site-packages/airflow/example_dags/example_branch_python_dop_operator_3.py
[2025-03-06T04:40:46.433+0000] {processor.py:925} INFO - DAG(s) 'example_branch_dop_operator_v3' retrieved from /home/airflow/.local/lib/python3.12/site-packages/airflow/example_dags/example_branch_python_dop_operator_3.py
[2025-03-06T04:40:46.449+0000] {logging_mixin.py:190} INFO - [2025-03-06T04:40:46.449+0000] {dag.py:3239} INFO - Sync 1 DAGs
[2025-03-06T04:40:46.469+0000] {logging_mixin.py:190} INFO - [2025-03-06T04:40:46.469+0000] {dag.py:4180} INFO - Setting next_dagrun for example_branch_dop_operator_v3 to 2025-03-06 04:39:00+00:00, run_after=2025-03-06 04:40:00+00:00
[2025-03-06T04:40:46.486+0000] {processor.py:208} INFO - Processing /home/airflow/.local/lib/python3.12/site-packages/airflow/example_dags/example_branch_python_dop_operator_3.py took 0.068 seconds
[2025-03-06T04:41:17.814+0000] {processor.py:186} INFO - Started process (PID=15379) to work on /home/airflow/.local/lib/python3.12/site-packages/airflow/example_dags/example_branch_python_dop_operator_3.py
[2025-03-06T04:41:17.815+0000] {processor.py:914} INFO - Processing file /home/airflow/.local/lib/python3.12/site-packages/airflow/example_dags/example_branch_python_dop_operator_3.py for tasks to queue
[2025-03-06T04:41:17.818+0000] {logging_mixin.py:190} INFO - [2025-03-06T04:41:17.817+0000] {dagbag.py:588} INFO - Filling up the DagBag from /home/airflow/.local/lib/python3.12/site-packages/airflow/example_dags/example_branch_python_dop_operator_3.py
[2025-03-06T04:41:17.826+0000] {processor.py:925} INFO - DAG(s) 'example_branch_dop_operator_v3' retrieved from /home/airflow/.local/lib/python3.12/site-packages/airflow/example_dags/example_branch_python_dop_operator_3.py
[2025-03-06T04:41:17.844+0000] {logging_mixin.py:190} INFO - [2025-03-06T04:41:17.844+0000] {dag.py:3239} INFO - Sync 1 DAGs
[2025-03-06T04:41:17.865+0000] {logging_mixin.py:190} INFO - [2025-03-06T04:41:17.865+0000] {dag.py:4180} INFO - Setting next_dagrun for example_branch_dop_operator_v3 to 2025-03-06 04:40:00+00:00, run_after=2025-03-06 04:41:00+00:00
[2025-03-06T04:41:17.883+0000] {processor.py:208} INFO - Processing /home/airflow/.local/lib/python3.12/site-packages/airflow/example_dags/example_branch_python_dop_operator_3.py took 0.074 seconds
[2025-03-06T04:41:49.003+0000] {processor.py:186} INFO - Started process (PID=15454) to work on /home/airflow/.local/lib/python3.12/site-packages/airflow/example_dags/example_branch_python_dop_operator_3.py
[2025-03-06T04:41:49.005+0000] {processor.py:914} INFO - Processing file /home/airflow/.local/lib/python3.12/site-packages/airflow/example_dags/example_branch_python_dop_operator_3.py for tasks to queue
[2025-03-06T04:41:49.007+0000] {logging_mixin.py:190} INFO - [2025-03-06T04:41:49.007+0000] {dagbag.py:588} INFO - Filling up the DagBag from /home/airflow/.local/lib/python3.12/site-packages/airflow/example_dags/example_branch_python_dop_operator_3.py
[2025-03-06T04:41:49.016+0000] {processor.py:925} INFO - DAG(s) 'example_branch_dop_operator_v3' retrieved from /home/airflow/.local/lib/python3.12/site-packages/airflow/example_dags/example_branch_python_dop_operator_3.py
[2025-03-06T04:41:49.034+0000] {logging_mixin.py:190} INFO - [2025-03-06T04:41:49.034+0000] {dag.py:3239} INFO - Sync 1 DAGs
[2025-03-06T04:41:49.056+0000] {logging_mixin.py:190} INFO - [2025-03-06T04:41:49.055+0000] {dag.py:4180} INFO - Setting next_dagrun for example_branch_dop_operator_v3 to 2025-03-06 04:40:00+00:00, run_after=2025-03-06 04:41:00+00:00
[2025-03-06T04:41:49.072+0000] {processor.py:208} INFO - Processing /home/airflow/.local/lib/python3.12/site-packages/airflow/example_dags/example_branch_python_dop_operator_3.py took 0.074 seconds
[2025-03-06T04:42:20.349+0000] {processor.py:186} INFO - Started process (PID=15529) to work on /home/airflow/.local/lib/python3.12/site-packages/airflow/example_dags/example_branch_python_dop_operator_3.py
[2025-03-06T04:42:20.350+0000] {processor.py:914} INFO - Processing file /home/airflow/.local/lib/python3.12/site-packages/airflow/example_dags/example_branch_python_dop_operator_3.py for tasks to queue
[2025-03-06T04:42:20.352+0000] {logging_mixin.py:190} INFO - [2025-03-06T04:42:20.352+0000] {dagbag.py:588} INFO - Filling up the DagBag from /home/airflow/.local/lib/python3.12/site-packages/airflow/example_dags/example_branch_python_dop_operator_3.py
[2025-03-06T04:42:20.361+0000] {processor.py:925} INFO - DAG(s) 'example_branch_dop_operator_v3' retrieved from /home/airflow/.local/lib/python3.12/site-packages/airflow/example_dags/example_branch_python_dop_operator_3.py
[2025-03-06T04:42:20.376+0000] {logging_mixin.py:190} INFO - [2025-03-06T04:42:20.376+0000] {dag.py:3239} INFO - Sync 1 DAGs
[2025-03-06T04:42:20.397+0000] {logging_mixin.py:190} INFO - [2025-03-06T04:42:20.397+0000] {dag.py:4180} INFO - Setting next_dagrun for example_branch_dop_operator_v3 to 2025-03-06 04:41:00+00:00, run_after=2025-03-06 04:42:00+00:00
[2025-03-06T04:42:20.412+0000] {processor.py:208} INFO - Processing /home/airflow/.local/lib/python3.12/site-packages/airflow/example_dags/example_branch_python_dop_operator_3.py took 0.068 seconds
[2025-03-06T11:01:18.384+0000] {processor.py:186} INFO - Started process (PID=161) to work on /home/airflow/.local/lib/python3.12/site-packages/airflow/example_dags/example_branch_python_dop_operator_3.py
[2025-03-06T11:01:18.387+0000] {processor.py:914} INFO - Processing file /home/airflow/.local/lib/python3.12/site-packages/airflow/example_dags/example_branch_python_dop_operator_3.py for tasks to queue
[2025-03-06T11:01:18.392+0000] {logging_mixin.py:190} INFO - [2025-03-06T11:01:18.391+0000] {dagbag.py:588} INFO - Filling up the DagBag from /home/airflow/.local/lib/python3.12/site-packages/airflow/example_dags/example_branch_python_dop_operator_3.py
[2025-03-06T11:01:18.411+0000] {processor.py:925} INFO - DAG(s) 'example_branch_dop_operator_v3' retrieved from /home/airflow/.local/lib/python3.12/site-packages/airflow/example_dags/example_branch_python_dop_operator_3.py
[2025-03-06T11:01:18.442+0000] {logging_mixin.py:190} INFO - [2025-03-06T11:01:18.442+0000] {dag.py:3239} INFO - Sync 1 DAGs
[2025-03-06T11:01:18.490+0000] {logging_mixin.py:190} INFO - [2025-03-06T11:01:18.489+0000] {dag.py:4180} INFO - Setting next_dagrun for example_branch_dop_operator_v3 to 2025-03-06 11:00:00+00:00, run_after=2025-03-06 11:01:00+00:00
[2025-03-06T11:01:18.523+0000] {processor.py:208} INFO - Processing /home/airflow/.local/lib/python3.12/site-packages/airflow/example_dags/example_branch_python_dop_operator_3.py took 0.147 seconds
[2025-03-06T11:01:48.975+0000] {processor.py:186} INFO - Started process (PID=236) to work on /home/airflow/.local/lib/python3.12/site-packages/airflow/example_dags/example_branch_python_dop_operator_3.py
[2025-03-06T11:01:48.976+0000] {processor.py:914} INFO - Processing file /home/airflow/.local/lib/python3.12/site-packages/airflow/example_dags/example_branch_python_dop_operator_3.py for tasks to queue
[2025-03-06T11:01:48.978+0000] {logging_mixin.py:190} INFO - [2025-03-06T11:01:48.978+0000] {dagbag.py:588} INFO - Filling up the DagBag from /home/airflow/.local/lib/python3.12/site-packages/airflow/example_dags/example_branch_python_dop_operator_3.py
[2025-03-06T11:01:48.988+0000] {processor.py:925} INFO - DAG(s) 'example_branch_dop_operator_v3' retrieved from /home/airflow/.local/lib/python3.12/site-packages/airflow/example_dags/example_branch_python_dop_operator_3.py
[2025-03-06T11:01:49.006+0000] {logging_mixin.py:190} INFO - [2025-03-06T11:01:49.006+0000] {dag.py:3239} INFO - Sync 1 DAGs
[2025-03-06T11:01:49.031+0000] {logging_mixin.py:190} INFO - [2025-03-06T11:01:49.031+0000] {dag.py:4180} INFO - Setting next_dagrun for example_branch_dop_operator_v3 to 2025-03-06 11:00:00+00:00, run_after=2025-03-06 11:01:00+00:00
[2025-03-06T11:01:49.051+0000] {processor.py:208} INFO - Processing /home/airflow/.local/lib/python3.12/site-packages/airflow/example_dags/example_branch_python_dop_operator_3.py took 0.083 seconds
[2025-03-06T11:02:19.960+0000] {processor.py:186} INFO - Started process (PID=311) to work on /home/airflow/.local/lib/python3.12/site-packages/airflow/example_dags/example_branch_python_dop_operator_3.py
[2025-03-06T11:02:19.962+0000] {processor.py:914} INFO - Processing file /home/airflow/.local/lib/python3.12/site-packages/airflow/example_dags/example_branch_python_dop_operator_3.py for tasks to queue
[2025-03-06T11:02:19.965+0000] {logging_mixin.py:190} INFO - [2025-03-06T11:02:19.964+0000] {dagbag.py:588} INFO - Filling up the DagBag from /home/airflow/.local/lib/python3.12/site-packages/airflow/example_dags/example_branch_python_dop_operator_3.py
[2025-03-06T11:02:19.975+0000] {processor.py:925} INFO - DAG(s) 'example_branch_dop_operator_v3' retrieved from /home/airflow/.local/lib/python3.12/site-packages/airflow/example_dags/example_branch_python_dop_operator_3.py
[2025-03-06T11:02:19.996+0000] {logging_mixin.py:190} INFO - [2025-03-06T11:02:19.996+0000] {dag.py:3239} INFO - Sync 1 DAGs
[2025-03-06T11:02:20.021+0000] {logging_mixin.py:190} INFO - [2025-03-06T11:02:20.021+0000] {dag.py:4180} INFO - Setting next_dagrun for example_branch_dop_operator_v3 to 2025-03-06 11:01:00+00:00, run_after=2025-03-06 11:02:00+00:00
[2025-03-06T11:02:20.045+0000] {processor.py:208} INFO - Processing /home/airflow/.local/lib/python3.12/site-packages/airflow/example_dags/example_branch_python_dop_operator_3.py took 0.090 seconds
[2025-03-06T11:02:51.579+0000] {processor.py:186} INFO - Started process (PID=386) to work on /home/airflow/.local/lib/python3.12/site-packages/airflow/example_dags/example_branch_python_dop_operator_3.py
[2025-03-06T11:02:51.581+0000] {processor.py:914} INFO - Processing file /home/airflow/.local/lib/python3.12/site-packages/airflow/example_dags/example_branch_python_dop_operator_3.py for tasks to queue
[2025-03-06T11:02:51.585+0000] {logging_mixin.py:190} INFO - [2025-03-06T11:02:51.584+0000] {dagbag.py:588} INFO - Filling up the DagBag from /home/airflow/.local/lib/python3.12/site-packages/airflow/example_dags/example_branch_python_dop_operator_3.py
[2025-03-06T11:02:51.601+0000] {processor.py:925} INFO - DAG(s) 'example_branch_dop_operator_v3' retrieved from /home/airflow/.local/lib/python3.12/site-packages/airflow/example_dags/example_branch_python_dop_operator_3.py
[2025-03-06T11:02:51.630+0000] {logging_mixin.py:190} INFO - [2025-03-06T11:02:51.630+0000] {dag.py:3239} INFO - Sync 1 DAGs
[2025-03-06T11:02:51.665+0000] {logging_mixin.py:190} INFO - [2025-03-06T11:02:51.665+0000] {dag.py:4180} INFO - Setting next_dagrun for example_branch_dop_operator_v3 to 2025-03-06 11:01:00+00:00, run_after=2025-03-06 11:02:00+00:00
[2025-03-06T11:02:51.693+0000] {processor.py:208} INFO - Processing /home/airflow/.local/lib/python3.12/site-packages/airflow/example_dags/example_branch_python_dop_operator_3.py took 0.123 seconds
[2025-03-06T11:03:21.856+0000] {processor.py:186} INFO - Started process (PID=461) to work on /home/airflow/.local/lib/python3.12/site-packages/airflow/example_dags/example_branch_python_dop_operator_3.py
[2025-03-06T11:03:21.857+0000] {processor.py:914} INFO - Processing file /home/airflow/.local/lib/python3.12/site-packages/airflow/example_dags/example_branch_python_dop_operator_3.py for tasks to queue
[2025-03-06T11:03:21.860+0000] {logging_mixin.py:190} INFO - [2025-03-06T11:03:21.859+0000] {dagbag.py:588} INFO - Filling up the DagBag from /home/airflow/.local/lib/python3.12/site-packages/airflow/example_dags/example_branch_python_dop_operator_3.py
[2025-03-06T11:03:21.870+0000] {processor.py:925} INFO - DAG(s) 'example_branch_dop_operator_v3' retrieved from /home/airflow/.local/lib/python3.12/site-packages/airflow/example_dags/example_branch_python_dop_operator_3.py
[2025-03-06T11:03:21.889+0000] {logging_mixin.py:190} INFO - [2025-03-06T11:03:21.889+0000] {dag.py:3239} INFO - Sync 1 DAGs
[2025-03-06T11:03:21.911+0000] {logging_mixin.py:190} INFO - [2025-03-06T11:03:21.911+0000] {dag.py:4180} INFO - Setting next_dagrun for example_branch_dop_operator_v3 to 2025-03-06 11:02:00+00:00, run_after=2025-03-06 11:03:00+00:00
[2025-03-06T11:03:21.929+0000] {processor.py:208} INFO - Processing /home/airflow/.local/lib/python3.12/site-packages/airflow/example_dags/example_branch_python_dop_operator_3.py took 0.078 seconds
[2025-03-06T11:03:52.264+0000] {processor.py:186} INFO - Started process (PID=536) to work on /home/airflow/.local/lib/python3.12/site-packages/airflow/example_dags/example_branch_python_dop_operator_3.py
[2025-03-06T11:03:52.265+0000] {processor.py:914} INFO - Processing file /home/airflow/.local/lib/python3.12/site-packages/airflow/example_dags/example_branch_python_dop_operator_3.py for tasks to queue
[2025-03-06T11:03:52.267+0000] {logging_mixin.py:190} INFO - [2025-03-06T11:03:52.267+0000] {dagbag.py:588} INFO - Filling up the DagBag from /home/airflow/.local/lib/python3.12/site-packages/airflow/example_dags/example_branch_python_dop_operator_3.py
[2025-03-06T11:03:52.277+0000] {processor.py:925} INFO - DAG(s) 'example_branch_dop_operator_v3' retrieved from /home/airflow/.local/lib/python3.12/site-packages/airflow/example_dags/example_branch_python_dop_operator_3.py
[2025-03-06T11:03:52.300+0000] {logging_mixin.py:190} INFO - [2025-03-06T11:03:52.299+0000] {dag.py:3239} INFO - Sync 1 DAGs
[2025-03-06T11:03:52.323+0000] {logging_mixin.py:190} INFO - [2025-03-06T11:03:52.323+0000] {dag.py:4180} INFO - Setting next_dagrun for example_branch_dop_operator_v3 to 2025-03-06 11:02:00+00:00, run_after=2025-03-06 11:03:00+00:00
[2025-03-06T11:03:52.341+0000] {processor.py:208} INFO - Processing /home/airflow/.local/lib/python3.12/site-packages/airflow/example_dags/example_branch_python_dop_operator_3.py took 0.083 seconds
[2025-03-06T11:04:23.020+0000] {processor.py:186} INFO - Started process (PID=611) to work on /home/airflow/.local/lib/python3.12/site-packages/airflow/example_dags/example_branch_python_dop_operator_3.py
[2025-03-06T11:04:23.021+0000] {processor.py:914} INFO - Processing file /home/airflow/.local/lib/python3.12/site-packages/airflow/example_dags/example_branch_python_dop_operator_3.py for tasks to queue
[2025-03-06T11:04:23.024+0000] {logging_mixin.py:190} INFO - [2025-03-06T11:04:23.023+0000] {dagbag.py:588} INFO - Filling up the DagBag from /home/airflow/.local/lib/python3.12/site-packages/airflow/example_dags/example_branch_python_dop_operator_3.py
[2025-03-06T11:04:23.035+0000] {processor.py:925} INFO - DAG(s) 'example_branch_dop_operator_v3' retrieved from /home/airflow/.local/lib/python3.12/site-packages/airflow/example_dags/example_branch_python_dop_operator_3.py
[2025-03-06T11:04:23.060+0000] {logging_mixin.py:190} INFO - [2025-03-06T11:04:23.060+0000] {dag.py:3239} INFO - Sync 1 DAGs
[2025-03-06T11:04:23.092+0000] {logging_mixin.py:190} INFO - [2025-03-06T11:04:23.092+0000] {dag.py:4180} INFO - Setting next_dagrun for example_branch_dop_operator_v3 to 2025-03-06 11:03:00+00:00, run_after=2025-03-06 11:04:00+00:00
[2025-03-06T11:04:23.115+0000] {processor.py:208} INFO - Processing /home/airflow/.local/lib/python3.12/site-packages/airflow/example_dags/example_branch_python_dop_operator_3.py took 0.099 seconds
[2025-03-06T11:04:54.554+0000] {processor.py:186} INFO - Started process (PID=687) to work on /home/airflow/.local/lib/python3.12/site-packages/airflow/example_dags/example_branch_python_dop_operator_3.py
[2025-03-06T11:04:54.555+0000] {processor.py:914} INFO - Processing file /home/airflow/.local/lib/python3.12/site-packages/airflow/example_dags/example_branch_python_dop_operator_3.py for tasks to queue
[2025-03-06T11:04:54.558+0000] {logging_mixin.py:190} INFO - [2025-03-06T11:04:54.558+0000] {dagbag.py:588} INFO - Filling up the DagBag from /home/airflow/.local/lib/python3.12/site-packages/airflow/example_dags/example_branch_python_dop_operator_3.py
[2025-03-06T11:04:54.572+0000] {processor.py:925} INFO - DAG(s) 'example_branch_dop_operator_v3' retrieved from /home/airflow/.local/lib/python3.12/site-packages/airflow/example_dags/example_branch_python_dop_operator_3.py
[2025-03-06T11:04:54.605+0000] {logging_mixin.py:190} INFO - [2025-03-06T11:04:54.604+0000] {dag.py:3239} INFO - Sync 1 DAGs
[2025-03-06T11:04:54.643+0000] {logging_mixin.py:190} INFO - [2025-03-06T11:04:54.642+0000] {dag.py:4180} INFO - Setting next_dagrun for example_branch_dop_operator_v3 to 2025-03-06 11:03:00+00:00, run_after=2025-03-06 11:04:00+00:00
[2025-03-06T11:04:54.671+0000] {processor.py:208} INFO - Processing /home/airflow/.local/lib/python3.12/site-packages/airflow/example_dags/example_branch_python_dop_operator_3.py took 0.125 seconds
[2025-03-06T11:05:25.806+0000] {processor.py:186} INFO - Started process (PID=786) to work on /home/airflow/.local/lib/python3.12/site-packages/airflow/example_dags/example_branch_python_dop_operator_3.py
[2025-03-06T11:05:25.807+0000] {processor.py:914} INFO - Processing file /home/airflow/.local/lib/python3.12/site-packages/airflow/example_dags/example_branch_python_dop_operator_3.py for tasks to queue
[2025-03-06T11:05:25.810+0000] {logging_mixin.py:190} INFO - [2025-03-06T11:05:25.809+0000] {dagbag.py:588} INFO - Filling up the DagBag from /home/airflow/.local/lib/python3.12/site-packages/airflow/example_dags/example_branch_python_dop_operator_3.py
[2025-03-06T11:05:25.821+0000] {processor.py:925} INFO - DAG(s) 'example_branch_dop_operator_v3' retrieved from /home/airflow/.local/lib/python3.12/site-packages/airflow/example_dags/example_branch_python_dop_operator_3.py
[2025-03-06T11:05:25.844+0000] {logging_mixin.py:190} INFO - [2025-03-06T11:05:25.843+0000] {dag.py:3239} INFO - Sync 1 DAGs
[2025-03-06T11:05:25.870+0000] {logging_mixin.py:190} INFO - [2025-03-06T11:05:25.870+0000] {dag.py:4180} INFO - Setting next_dagrun for example_branch_dop_operator_v3 to 2025-03-06 11:04:00+00:00, run_after=2025-03-06 11:05:00+00:00
[2025-03-06T11:05:25.892+0000] {processor.py:208} INFO - Processing /home/airflow/.local/lib/python3.12/site-packages/airflow/example_dags/example_branch_python_dop_operator_3.py took 0.092 seconds
[2025-03-06T11:05:58.467+0000] {processor.py:186} INFO - Started process (PID=873) to work on /home/airflow/.local/lib/python3.12/site-packages/airflow/example_dags/example_branch_python_dop_operator_3.py
[2025-03-06T11:05:58.469+0000] {processor.py:914} INFO - Processing file /home/airflow/.local/lib/python3.12/site-packages/airflow/example_dags/example_branch_python_dop_operator_3.py for tasks to queue
[2025-03-06T11:05:58.473+0000] {logging_mixin.py:190} INFO - [2025-03-06T11:05:58.473+0000] {dagbag.py:588} INFO - Filling up the DagBag from /home/airflow/.local/lib/python3.12/site-packages/airflow/example_dags/example_branch_python_dop_operator_3.py
[2025-03-06T11:05:58.491+0000] {processor.py:925} INFO - DAG(s) 'example_branch_dop_operator_v3' retrieved from /home/airflow/.local/lib/python3.12/site-packages/airflow/example_dags/example_branch_python_dop_operator_3.py
[2025-03-06T11:05:58.528+0000] {logging_mixin.py:190} INFO - [2025-03-06T11:05:58.527+0000] {dag.py:3239} INFO - Sync 1 DAGs
[2025-03-06T11:05:58.583+0000] {logging_mixin.py:190} INFO - [2025-03-06T11:05:58.582+0000] {dag.py:4180} INFO - Setting next_dagrun for example_branch_dop_operator_v3 to 2025-03-06 11:04:00+00:00, run_after=2025-03-06 11:05:00+00:00
[2025-03-06T11:05:58.617+0000] {processor.py:208} INFO - Processing /home/airflow/.local/lib/python3.12/site-packages/airflow/example_dags/example_branch_python_dop_operator_3.py took 0.159 seconds
[2025-03-06T11:07:46.102+0000] {processor.py:186} INFO - Started process (PID=976) to work on /home/airflow/.local/lib/python3.12/site-packages/airflow/example_dags/example_branch_python_dop_operator_3.py
[2025-03-06T11:07:46.105+0000] {processor.py:914} INFO - Processing file /home/airflow/.local/lib/python3.12/site-packages/airflow/example_dags/example_branch_python_dop_operator_3.py for tasks to queue
[2025-03-06T11:07:46.107+0000] {logging_mixin.py:190} INFO - [2025-03-06T11:07:46.107+0000] {dagbag.py:588} INFO - Filling up the DagBag from /home/airflow/.local/lib/python3.12/site-packages/airflow/example_dags/example_branch_python_dop_operator_3.py
[2025-03-06T11:07:46.126+0000] {processor.py:925} INFO - DAG(s) 'example_branch_dop_operator_v3' retrieved from /home/airflow/.local/lib/python3.12/site-packages/airflow/example_dags/example_branch_python_dop_operator_3.py
[2025-03-06T11:07:46.157+0000] {logging_mixin.py:190} INFO - [2025-03-06T11:07:46.157+0000] {dag.py:3239} INFO - Sync 1 DAGs
[2025-03-06T11:07:46.204+0000] {logging_mixin.py:190} INFO - [2025-03-06T11:07:46.203+0000] {dag.py:4180} INFO - Setting next_dagrun for example_branch_dop_operator_v3 to 2025-03-06 11:06:00+00:00, run_after=2025-03-06 11:07:00+00:00
[2025-03-06T11:07:46.238+0000] {processor.py:208} INFO - Processing /home/airflow/.local/lib/python3.12/site-packages/airflow/example_dags/example_branch_python_dop_operator_3.py took 0.145 seconds
[2025-03-06T11:08:17.064+0000] {processor.py:186} INFO - Started process (PID=1053) to work on /home/airflow/.local/lib/python3.12/site-packages/airflow/example_dags/example_branch_python_dop_operator_3.py
[2025-03-06T11:08:17.066+0000] {processor.py:914} INFO - Processing file /home/airflow/.local/lib/python3.12/site-packages/airflow/example_dags/example_branch_python_dop_operator_3.py for tasks to queue
[2025-03-06T11:08:17.069+0000] {logging_mixin.py:190} INFO - [2025-03-06T11:08:17.068+0000] {dagbag.py:588} INFO - Filling up the DagBag from /home/airflow/.local/lib/python3.12/site-packages/airflow/example_dags/example_branch_python_dop_operator_3.py
[2025-03-06T11:08:17.087+0000] {processor.py:925} INFO - DAG(s) 'example_branch_dop_operator_v3' retrieved from /home/airflow/.local/lib/python3.12/site-packages/airflow/example_dags/example_branch_python_dop_operator_3.py
[2025-03-06T11:08:17.121+0000] {logging_mixin.py:190} INFO - [2025-03-06T11:08:17.120+0000] {dag.py:3239} INFO - Sync 1 DAGs
[2025-03-06T11:08:17.170+0000] {logging_mixin.py:190} INFO - [2025-03-06T11:08:17.170+0000] {dag.py:4180} INFO - Setting next_dagrun for example_branch_dop_operator_v3 to 2025-03-06 11:07:00+00:00, run_after=2025-03-06 11:08:00+00:00
[2025-03-06T11:08:17.201+0000] {processor.py:208} INFO - Processing /home/airflow/.local/lib/python3.12/site-packages/airflow/example_dags/example_branch_python_dop_operator_3.py took 0.146 seconds
[2025-03-06T11:08:47.582+0000] {processor.py:186} INFO - Started process (PID=1128) to work on /home/airflow/.local/lib/python3.12/site-packages/airflow/example_dags/example_branch_python_dop_operator_3.py
[2025-03-06T11:08:47.583+0000] {processor.py:914} INFO - Processing file /home/airflow/.local/lib/python3.12/site-packages/airflow/example_dags/example_branch_python_dop_operator_3.py for tasks to queue
[2025-03-06T11:08:47.585+0000] {logging_mixin.py:190} INFO - [2025-03-06T11:08:47.584+0000] {dagbag.py:588} INFO - Filling up the DagBag from /home/airflow/.local/lib/python3.12/site-packages/airflow/example_dags/example_branch_python_dop_operator_3.py
[2025-03-06T11:08:47.595+0000] {processor.py:925} INFO - DAG(s) 'example_branch_dop_operator_v3' retrieved from /home/airflow/.local/lib/python3.12/site-packages/airflow/example_dags/example_branch_python_dop_operator_3.py
[2025-03-06T11:08:47.620+0000] {logging_mixin.py:190} INFO - [2025-03-06T11:08:47.620+0000] {dag.py:3239} INFO - Sync 1 DAGs
[2025-03-06T11:08:47.650+0000] {logging_mixin.py:190} INFO - [2025-03-06T11:08:47.650+0000] {dag.py:4180} INFO - Setting next_dagrun for example_branch_dop_operator_v3 to 2025-03-06 11:07:00+00:00, run_after=2025-03-06 11:08:00+00:00
[2025-03-06T11:08:47.671+0000] {processor.py:208} INFO - Processing /home/airflow/.local/lib/python3.12/site-packages/airflow/example_dags/example_branch_python_dop_operator_3.py took 0.093 seconds
[2025-03-06T11:09:18.669+0000] {processor.py:186} INFO - Started process (PID=1204) to work on /home/airflow/.local/lib/python3.12/site-packages/airflow/example_dags/example_branch_python_dop_operator_3.py
[2025-03-06T11:09:18.671+0000] {processor.py:914} INFO - Processing file /home/airflow/.local/lib/python3.12/site-packages/airflow/example_dags/example_branch_python_dop_operator_3.py for tasks to queue
[2025-03-06T11:09:18.673+0000] {logging_mixin.py:190} INFO - [2025-03-06T11:09:18.672+0000] {dagbag.py:588} INFO - Filling up the DagBag from /home/airflow/.local/lib/python3.12/site-packages/airflow/example_dags/example_branch_python_dop_operator_3.py
[2025-03-06T11:09:18.688+0000] {processor.py:925} INFO - DAG(s) 'example_branch_dop_operator_v3' retrieved from /home/airflow/.local/lib/python3.12/site-packages/airflow/example_dags/example_branch_python_dop_operator_3.py
[2025-03-06T11:09:18.717+0000] {logging_mixin.py:190} INFO - [2025-03-06T11:09:18.717+0000] {dag.py:3239} INFO - Sync 1 DAGs
[2025-03-06T11:09:18.750+0000] {logging_mixin.py:190} INFO - [2025-03-06T11:09:18.750+0000] {dag.py:4180} INFO - Setting next_dagrun for example_branch_dop_operator_v3 to 2025-03-06 11:08:00+00:00, run_after=2025-03-06 11:09:00+00:00
[2025-03-06T11:09:18.775+0000] {processor.py:208} INFO - Processing /home/airflow/.local/lib/python3.12/site-packages/airflow/example_dags/example_branch_python_dop_operator_3.py took 0.114 seconds
[2025-03-06T11:09:49.725+0000] {processor.py:186} INFO - Started process (PID=1279) to work on /home/airflow/.local/lib/python3.12/site-packages/airflow/example_dags/example_branch_python_dop_operator_3.py
[2025-03-06T11:09:49.727+0000] {processor.py:914} INFO - Processing file /home/airflow/.local/lib/python3.12/site-packages/airflow/example_dags/example_branch_python_dop_operator_3.py for tasks to queue
[2025-03-06T11:09:49.728+0000] {logging_mixin.py:190} INFO - [2025-03-06T11:09:49.728+0000] {dagbag.py:588} INFO - Filling up the DagBag from /home/airflow/.local/lib/python3.12/site-packages/airflow/example_dags/example_branch_python_dop_operator_3.py
[2025-03-06T11:09:49.739+0000] {processor.py:925} INFO - DAG(s) 'example_branch_dop_operator_v3' retrieved from /home/airflow/.local/lib/python3.12/site-packages/airflow/example_dags/example_branch_python_dop_operator_3.py
[2025-03-06T11:09:49.758+0000] {logging_mixin.py:190} INFO - [2025-03-06T11:09:49.758+0000] {dag.py:3239} INFO - Sync 1 DAGs
[2025-03-06T11:09:49.784+0000] {logging_mixin.py:190} INFO - [2025-03-06T11:09:49.784+0000] {dag.py:4180} INFO - Setting next_dagrun for example_branch_dop_operator_v3 to 2025-03-06 11:08:00+00:00, run_after=2025-03-06 11:09:00+00:00
[2025-03-06T11:09:49.802+0000] {processor.py:208} INFO - Processing /home/airflow/.local/lib/python3.12/site-packages/airflow/example_dags/example_branch_python_dop_operator_3.py took 0.082 seconds
[2025-03-06T11:10:20.846+0000] {processor.py:186} INFO - Started process (PID=1356) to work on /home/airflow/.local/lib/python3.12/site-packages/airflow/example_dags/example_branch_python_dop_operator_3.py
[2025-03-06T11:10:20.847+0000] {processor.py:914} INFO - Processing file /home/airflow/.local/lib/python3.12/site-packages/airflow/example_dags/example_branch_python_dop_operator_3.py for tasks to queue
[2025-03-06T11:10:20.849+0000] {logging_mixin.py:190} INFO - [2025-03-06T11:10:20.849+0000] {dagbag.py:588} INFO - Filling up the DagBag from /home/airflow/.local/lib/python3.12/site-packages/airflow/example_dags/example_branch_python_dop_operator_3.py
[2025-03-06T11:10:20.859+0000] {processor.py:925} INFO - DAG(s) 'example_branch_dop_operator_v3' retrieved from /home/airflow/.local/lib/python3.12/site-packages/airflow/example_dags/example_branch_python_dop_operator_3.py
[2025-03-06T11:10:20.878+0000] {logging_mixin.py:190} INFO - [2025-03-06T11:10:20.878+0000] {dag.py:3239} INFO - Sync 1 DAGs
[2025-03-06T11:10:20.906+0000] {logging_mixin.py:190} INFO - [2025-03-06T11:10:20.906+0000] {dag.py:4180} INFO - Setting next_dagrun for example_branch_dop_operator_v3 to 2025-03-06 11:09:00+00:00, run_after=2025-03-06 11:10:00+00:00
[2025-03-06T11:10:20.925+0000] {processor.py:208} INFO - Processing /home/airflow/.local/lib/python3.12/site-packages/airflow/example_dags/example_branch_python_dop_operator_3.py took 0.084 seconds
[2025-03-06T11:10:52.012+0000] {processor.py:186} INFO - Started process (PID=1432) to work on /home/airflow/.local/lib/python3.12/site-packages/airflow/example_dags/example_branch_python_dop_operator_3.py
[2025-03-06T11:10:52.013+0000] {processor.py:914} INFO - Processing file /home/airflow/.local/lib/python3.12/site-packages/airflow/example_dags/example_branch_python_dop_operator_3.py for tasks to queue
[2025-03-06T11:10:52.015+0000] {logging_mixin.py:190} INFO - [2025-03-06T11:10:52.014+0000] {dagbag.py:588} INFO - Filling up the DagBag from /home/airflow/.local/lib/python3.12/site-packages/airflow/example_dags/example_branch_python_dop_operator_3.py
[2025-03-06T11:10:52.024+0000] {processor.py:925} INFO - DAG(s) 'example_branch_dop_operator_v3' retrieved from /home/airflow/.local/lib/python3.12/site-packages/airflow/example_dags/example_branch_python_dop_operator_3.py
[2025-03-06T11:10:52.041+0000] {logging_mixin.py:190} INFO - [2025-03-06T11:10:52.041+0000] {dag.py:3239} INFO - Sync 1 DAGs
[2025-03-06T11:10:52.064+0000] {logging_mixin.py:190} INFO - [2025-03-06T11:10:52.064+0000] {dag.py:4180} INFO - Setting next_dagrun for example_branch_dop_operator_v3 to 2025-03-06 11:09:00+00:00, run_after=2025-03-06 11:10:00+00:00
[2025-03-06T11:10:52.084+0000] {processor.py:208} INFO - Processing /home/airflow/.local/lib/python3.12/site-packages/airflow/example_dags/example_branch_python_dop_operator_3.py took 0.077 seconds
[2025-03-06T11:11:22.884+0000] {processor.py:186} INFO - Started process (PID=1507) to work on /home/airflow/.local/lib/python3.12/site-packages/airflow/example_dags/example_branch_python_dop_operator_3.py
[2025-03-06T11:11:22.885+0000] {processor.py:914} INFO - Processing file /home/airflow/.local/lib/python3.12/site-packages/airflow/example_dags/example_branch_python_dop_operator_3.py for tasks to queue
[2025-03-06T11:11:22.887+0000] {logging_mixin.py:190} INFO - [2025-03-06T11:11:22.886+0000] {dagbag.py:588} INFO - Filling up the DagBag from /home/airflow/.local/lib/python3.12/site-packages/airflow/example_dags/example_branch_python_dop_operator_3.py
[2025-03-06T11:11:22.897+0000] {processor.py:925} INFO - DAG(s) 'example_branch_dop_operator_v3' retrieved from /home/airflow/.local/lib/python3.12/site-packages/airflow/example_dags/example_branch_python_dop_operator_3.py
[2025-03-06T11:11:22.916+0000] {logging_mixin.py:190} INFO - [2025-03-06T11:11:22.916+0000] {dag.py:3239} INFO - Sync 1 DAGs
[2025-03-06T11:11:22.942+0000] {logging_mixin.py:190} INFO - [2025-03-06T11:11:22.942+0000] {dag.py:4180} INFO - Setting next_dagrun for example_branch_dop_operator_v3 to 2025-03-06 11:10:00+00:00, run_after=2025-03-06 11:11:00+00:00
[2025-03-06T11:11:22.960+0000] {processor.py:208} INFO - Processing /home/airflow/.local/lib/python3.12/site-packages/airflow/example_dags/example_branch_python_dop_operator_3.py took 0.081 seconds
[2025-03-06T11:11:54.177+0000] {processor.py:186} INFO - Started process (PID=1582) to work on /home/airflow/.local/lib/python3.12/site-packages/airflow/example_dags/example_branch_python_dop_operator_3.py
[2025-03-06T11:11:54.178+0000] {processor.py:914} INFO - Processing file /home/airflow/.local/lib/python3.12/site-packages/airflow/example_dags/example_branch_python_dop_operator_3.py for tasks to queue
[2025-03-06T11:11:54.179+0000] {logging_mixin.py:190} INFO - [2025-03-06T11:11:54.179+0000] {dagbag.py:588} INFO - Filling up the DagBag from /home/airflow/.local/lib/python3.12/site-packages/airflow/example_dags/example_branch_python_dop_operator_3.py
[2025-03-06T11:11:54.189+0000] {processor.py:925} INFO - DAG(s) 'example_branch_dop_operator_v3' retrieved from /home/airflow/.local/lib/python3.12/site-packages/airflow/example_dags/example_branch_python_dop_operator_3.py
[2025-03-06T11:11:54.209+0000] {logging_mixin.py:190} INFO - [2025-03-06T11:11:54.208+0000] {dag.py:3239} INFO - Sync 1 DAGs
[2025-03-06T11:11:54.237+0000] {logging_mixin.py:190} INFO - [2025-03-06T11:11:54.237+0000] {dag.py:4180} INFO - Setting next_dagrun for example_branch_dop_operator_v3 to 2025-03-06 11:10:00+00:00, run_after=2025-03-06 11:11:00+00:00
[2025-03-06T11:11:54.256+0000] {processor.py:208} INFO - Processing /home/airflow/.local/lib/python3.12/site-packages/airflow/example_dags/example_branch_python_dop_operator_3.py took 0.085 seconds
[2025-03-06T11:12:25.078+0000] {processor.py:186} INFO - Started process (PID=1657) to work on /home/airflow/.local/lib/python3.12/site-packages/airflow/example_dags/example_branch_python_dop_operator_3.py
[2025-03-06T11:12:25.080+0000] {processor.py:914} INFO - Processing file /home/airflow/.local/lib/python3.12/site-packages/airflow/example_dags/example_branch_python_dop_operator_3.py for tasks to queue
[2025-03-06T11:12:25.082+0000] {logging_mixin.py:190} INFO - [2025-03-06T11:12:25.081+0000] {dagbag.py:588} INFO - Filling up the DagBag from /home/airflow/.local/lib/python3.12/site-packages/airflow/example_dags/example_branch_python_dop_operator_3.py
[2025-03-06T11:12:25.092+0000] {processor.py:925} INFO - DAG(s) 'example_branch_dop_operator_v3' retrieved from /home/airflow/.local/lib/python3.12/site-packages/airflow/example_dags/example_branch_python_dop_operator_3.py
[2025-03-06T11:12:25.110+0000] {logging_mixin.py:190} INFO - [2025-03-06T11:12:25.110+0000] {dag.py:3239} INFO - Sync 1 DAGs
[2025-03-06T11:12:25.132+0000] {logging_mixin.py:190} INFO - [2025-03-06T11:12:25.132+0000] {dag.py:4180} INFO - Setting next_dagrun for example_branch_dop_operator_v3 to 2025-03-06 11:11:00+00:00, run_after=2025-03-06 11:12:00+00:00
[2025-03-06T11:12:25.150+0000] {processor.py:208} INFO - Processing /home/airflow/.local/lib/python3.12/site-packages/airflow/example_dags/example_branch_python_dop_operator_3.py took 0.078 seconds
[2025-03-06T11:12:55.526+0000] {processor.py:186} INFO - Started process (PID=1732) to work on /home/airflow/.local/lib/python3.12/site-packages/airflow/example_dags/example_branch_python_dop_operator_3.py
[2025-03-06T11:12:55.527+0000] {processor.py:914} INFO - Processing file /home/airflow/.local/lib/python3.12/site-packages/airflow/example_dags/example_branch_python_dop_operator_3.py for tasks to queue
[2025-03-06T11:12:55.528+0000] {logging_mixin.py:190} INFO - [2025-03-06T11:12:55.528+0000] {dagbag.py:588} INFO - Filling up the DagBag from /home/airflow/.local/lib/python3.12/site-packages/airflow/example_dags/example_branch_python_dop_operator_3.py
[2025-03-06T11:12:55.539+0000] {processor.py:925} INFO - DAG(s) 'example_branch_dop_operator_v3' retrieved from /home/airflow/.local/lib/python3.12/site-packages/airflow/example_dags/example_branch_python_dop_operator_3.py
[2025-03-06T11:12:55.557+0000] {logging_mixin.py:190} INFO - [2025-03-06T11:12:55.557+0000] {dag.py:3239} INFO - Sync 1 DAGs
[2025-03-06T11:12:55.580+0000] {logging_mixin.py:190} INFO - [2025-03-06T11:12:55.580+0000] {dag.py:4180} INFO - Setting next_dagrun for example_branch_dop_operator_v3 to 2025-03-06 11:11:00+00:00, run_after=2025-03-06 11:12:00+00:00
[2025-03-06T11:12:55.599+0000] {processor.py:208} INFO - Processing /home/airflow/.local/lib/python3.12/site-packages/airflow/example_dags/example_branch_python_dop_operator_3.py took 0.078 seconds
[2025-03-06T11:13:25.688+0000] {processor.py:186} INFO - Started process (PID=1806) to work on /home/airflow/.local/lib/python3.12/site-packages/airflow/example_dags/example_branch_python_dop_operator_3.py
[2025-03-06T11:13:25.689+0000] {processor.py:914} INFO - Processing file /home/airflow/.local/lib/python3.12/site-packages/airflow/example_dags/example_branch_python_dop_operator_3.py for tasks to queue
[2025-03-06T11:13:25.690+0000] {logging_mixin.py:190} INFO - [2025-03-06T11:13:25.690+0000] {dagbag.py:588} INFO - Filling up the DagBag from /home/airflow/.local/lib/python3.12/site-packages/airflow/example_dags/example_branch_python_dop_operator_3.py
[2025-03-06T11:13:25.699+0000] {processor.py:925} INFO - DAG(s) 'example_branch_dop_operator_v3' retrieved from /home/airflow/.local/lib/python3.12/site-packages/airflow/example_dags/example_branch_python_dop_operator_3.py
[2025-03-06T11:13:25.716+0000] {logging_mixin.py:190} INFO - [2025-03-06T11:13:25.715+0000] {dag.py:3239} INFO - Sync 1 DAGs
[2025-03-06T11:13:25.736+0000] {logging_mixin.py:190} INFO - [2025-03-06T11:13:25.736+0000] {dag.py:4180} INFO - Setting next_dagrun for example_branch_dop_operator_v3 to 2025-03-06 11:12:00+00:00, run_after=2025-03-06 11:13:00+00:00
[2025-03-06T11:13:25.753+0000] {processor.py:208} INFO - Processing /home/airflow/.local/lib/python3.12/site-packages/airflow/example_dags/example_branch_python_dop_operator_3.py took 0.070 seconds
[2025-03-06T11:13:56.178+0000] {processor.py:186} INFO - Started process (PID=1881) to work on /home/airflow/.local/lib/python3.12/site-packages/airflow/example_dags/example_branch_python_dop_operator_3.py
[2025-03-06T11:13:56.179+0000] {processor.py:914} INFO - Processing file /home/airflow/.local/lib/python3.12/site-packages/airflow/example_dags/example_branch_python_dop_operator_3.py for tasks to queue
[2025-03-06T11:13:56.181+0000] {logging_mixin.py:190} INFO - [2025-03-06T11:13:56.180+0000] {dagbag.py:588} INFO - Filling up the DagBag from /home/airflow/.local/lib/python3.12/site-packages/airflow/example_dags/example_branch_python_dop_operator_3.py
[2025-03-06T11:13:56.191+0000] {processor.py:925} INFO - DAG(s) 'example_branch_dop_operator_v3' retrieved from /home/airflow/.local/lib/python3.12/site-packages/airflow/example_dags/example_branch_python_dop_operator_3.py
[2025-03-06T11:13:56.211+0000] {logging_mixin.py:190} INFO - [2025-03-06T11:13:56.211+0000] {dag.py:3239} INFO - Sync 1 DAGs
[2025-03-06T11:13:56.234+0000] {logging_mixin.py:190} INFO - [2025-03-06T11:13:56.234+0000] {dag.py:4180} INFO - Setting next_dagrun for example_branch_dop_operator_v3 to 2025-03-06 11:12:00+00:00, run_after=2025-03-06 11:13:00+00:00
[2025-03-06T11:13:56.252+0000] {processor.py:208} INFO - Processing /home/airflow/.local/lib/python3.12/site-packages/airflow/example_dags/example_branch_python_dop_operator_3.py took 0.079 seconds
[2025-03-06T11:14:28.423+0000] {processor.py:186} INFO - Started process (PID=1956) to work on /home/airflow/.local/lib/python3.12/site-packages/airflow/example_dags/example_branch_python_dop_operator_3.py
[2025-03-06T11:14:28.425+0000] {processor.py:914} INFO - Processing file /home/airflow/.local/lib/python3.12/site-packages/airflow/example_dags/example_branch_python_dop_operator_3.py for tasks to queue
[2025-03-06T11:14:28.427+0000] {logging_mixin.py:190} INFO - [2025-03-06T11:14:28.427+0000] {dagbag.py:588} INFO - Filling up the DagBag from /home/airflow/.local/lib/python3.12/site-packages/airflow/example_dags/example_branch_python_dop_operator_3.py
[2025-03-06T11:14:28.446+0000] {processor.py:925} INFO - DAG(s) 'example_branch_dop_operator_v3' retrieved from /home/airflow/.local/lib/python3.12/site-packages/airflow/example_dags/example_branch_python_dop_operator_3.py
[2025-03-06T11:14:28.478+0000] {logging_mixin.py:190} INFO - [2025-03-06T11:14:28.477+0000] {dag.py:3239} INFO - Sync 1 DAGs
[2025-03-06T11:14:28.526+0000] {logging_mixin.py:190} INFO - [2025-03-06T11:14:28.526+0000] {dag.py:4180} INFO - Setting next_dagrun for example_branch_dop_operator_v3 to 2025-03-06 11:13:00+00:00, run_after=2025-03-06 11:14:00+00:00
[2025-03-06T11:14:28.566+0000] {processor.py:208} INFO - Processing /home/airflow/.local/lib/python3.12/site-packages/airflow/example_dags/example_branch_python_dop_operator_3.py took 0.150 seconds
[2025-03-06T11:14:58.890+0000] {processor.py:186} INFO - Started process (PID=2031) to work on /home/airflow/.local/lib/python3.12/site-packages/airflow/example_dags/example_branch_python_dop_operator_3.py
[2025-03-06T11:14:58.892+0000] {processor.py:914} INFO - Processing file /home/airflow/.local/lib/python3.12/site-packages/airflow/example_dags/example_branch_python_dop_operator_3.py for tasks to queue
[2025-03-06T11:14:58.893+0000] {logging_mixin.py:190} INFO - [2025-03-06T11:14:58.893+0000] {dagbag.py:588} INFO - Filling up the DagBag from /home/airflow/.local/lib/python3.12/site-packages/airflow/example_dags/example_branch_python_dop_operator_3.py
[2025-03-06T11:14:58.903+0000] {processor.py:925} INFO - DAG(s) 'example_branch_dop_operator_v3' retrieved from /home/airflow/.local/lib/python3.12/site-packages/airflow/example_dags/example_branch_python_dop_operator_3.py
[2025-03-06T11:14:58.921+0000] {logging_mixin.py:190} INFO - [2025-03-06T11:14:58.921+0000] {dag.py:3239} INFO - Sync 1 DAGs
[2025-03-06T11:14:58.943+0000] {logging_mixin.py:190} INFO - [2025-03-06T11:14:58.943+0000] {dag.py:4180} INFO - Setting next_dagrun for example_branch_dop_operator_v3 to 2025-03-06 11:13:00+00:00, run_after=2025-03-06 11:14:00+00:00
[2025-03-06T11:14:58.961+0000] {processor.py:208} INFO - Processing /home/airflow/.local/lib/python3.12/site-packages/airflow/example_dags/example_branch_python_dop_operator_3.py took 0.076 seconds
[2025-03-06T11:15:30.720+0000] {processor.py:186} INFO - Started process (PID=2112) to work on /home/airflow/.local/lib/python3.12/site-packages/airflow/example_dags/example_branch_python_dop_operator_3.py
[2025-03-06T11:15:30.721+0000] {processor.py:914} INFO - Processing file /home/airflow/.local/lib/python3.12/site-packages/airflow/example_dags/example_branch_python_dop_operator_3.py for tasks to queue
[2025-03-06T11:15:30.723+0000] {logging_mixin.py:190} INFO - [2025-03-06T11:15:30.722+0000] {dagbag.py:588} INFO - Filling up the DagBag from /home/airflow/.local/lib/python3.12/site-packages/airflow/example_dags/example_branch_python_dop_operator_3.py
[2025-03-06T11:15:30.736+0000] {processor.py:925} INFO - DAG(s) 'example_branch_dop_operator_v3' retrieved from /home/airflow/.local/lib/python3.12/site-packages/airflow/example_dags/example_branch_python_dop_operator_3.py
[2025-03-06T11:15:30.763+0000] {logging_mixin.py:190} INFO - [2025-03-06T11:15:30.762+0000] {dag.py:3239} INFO - Sync 1 DAGs
[2025-03-06T11:15:30.794+0000] {logging_mixin.py:190} INFO - [2025-03-06T11:15:30.794+0000] {dag.py:4180} INFO - Setting next_dagrun for example_branch_dop_operator_v3 to 2025-03-06 11:14:00+00:00, run_after=2025-03-06 11:15:00+00:00
[2025-03-06T11:15:30.821+0000] {processor.py:208} INFO - Processing /home/airflow/.local/lib/python3.12/site-packages/airflow/example_dags/example_branch_python_dop_operator_3.py took 0.107 seconds
[2025-03-06T11:16:01.583+0000] {processor.py:186} INFO - Started process (PID=2187) to work on /home/airflow/.local/lib/python3.12/site-packages/airflow/example_dags/example_branch_python_dop_operator_3.py
[2025-03-06T11:16:01.584+0000] {processor.py:914} INFO - Processing file /home/airflow/.local/lib/python3.12/site-packages/airflow/example_dags/example_branch_python_dop_operator_3.py for tasks to queue
[2025-03-06T11:16:01.585+0000] {logging_mixin.py:190} INFO - [2025-03-06T11:16:01.585+0000] {dagbag.py:588} INFO - Filling up the DagBag from /home/airflow/.local/lib/python3.12/site-packages/airflow/example_dags/example_branch_python_dop_operator_3.py
[2025-03-06T11:16:01.594+0000] {processor.py:925} INFO - DAG(s) 'example_branch_dop_operator_v3' retrieved from /home/airflow/.local/lib/python3.12/site-packages/airflow/example_dags/example_branch_python_dop_operator_3.py
[2025-03-06T11:16:01.613+0000] {logging_mixin.py:190} INFO - [2025-03-06T11:16:01.613+0000] {dag.py:3239} INFO - Sync 1 DAGs
[2025-03-06T11:16:01.642+0000] {logging_mixin.py:190} INFO - [2025-03-06T11:16:01.642+0000] {dag.py:4180} INFO - Setting next_dagrun for example_branch_dop_operator_v3 to 2025-03-06 11:15:00+00:00, run_after=2025-03-06 11:16:00+00:00
[2025-03-06T11:16:01.665+0000] {processor.py:208} INFO - Processing /home/airflow/.local/lib/python3.12/site-packages/airflow/example_dags/example_branch_python_dop_operator_3.py took 0.087 seconds
[2025-03-06T11:16:33.450+0000] {processor.py:186} INFO - Started process (PID=2268) to work on /home/airflow/.local/lib/python3.12/site-packages/airflow/example_dags/example_branch_python_dop_operator_3.py
[2025-03-06T11:16:33.451+0000] {processor.py:914} INFO - Processing file /home/airflow/.local/lib/python3.12/site-packages/airflow/example_dags/example_branch_python_dop_operator_3.py for tasks to queue
[2025-03-06T11:16:33.452+0000] {logging_mixin.py:190} INFO - [2025-03-06T11:16:33.452+0000] {dagbag.py:588} INFO - Filling up the DagBag from /home/airflow/.local/lib/python3.12/site-packages/airflow/example_dags/example_branch_python_dop_operator_3.py
[2025-03-06T11:16:33.464+0000] {processor.py:925} INFO - DAG(s) 'example_branch_dop_operator_v3' retrieved from /home/airflow/.local/lib/python3.12/site-packages/airflow/example_dags/example_branch_python_dop_operator_3.py
[2025-03-06T11:16:33.483+0000] {logging_mixin.py:190} INFO - [2025-03-06T11:16:33.482+0000] {dag.py:3239} INFO - Sync 1 DAGs
[2025-03-06T11:16:33.509+0000] {logging_mixin.py:190} INFO - [2025-03-06T11:16:33.508+0000] {dag.py:4180} INFO - Setting next_dagrun for example_branch_dop_operator_v3 to 2025-03-06 11:15:00+00:00, run_after=2025-03-06 11:16:00+00:00
[2025-03-06T11:16:33.525+0000] {processor.py:208} INFO - Processing /home/airflow/.local/lib/python3.12/site-packages/airflow/example_dags/example_branch_python_dop_operator_3.py took 0.080 seconds
[2025-03-06T11:17:04.324+0000] {processor.py:186} INFO - Started process (PID=2343) to work on /home/airflow/.local/lib/python3.12/site-packages/airflow/example_dags/example_branch_python_dop_operator_3.py
[2025-03-06T11:17:04.325+0000] {processor.py:914} INFO - Processing file /home/airflow/.local/lib/python3.12/site-packages/airflow/example_dags/example_branch_python_dop_operator_3.py for tasks to queue
[2025-03-06T11:17:04.327+0000] {logging_mixin.py:190} INFO - [2025-03-06T11:17:04.327+0000] {dagbag.py:588} INFO - Filling up the DagBag from /home/airflow/.local/lib/python3.12/site-packages/airflow/example_dags/example_branch_python_dop_operator_3.py
[2025-03-06T11:17:04.336+0000] {processor.py:925} INFO - DAG(s) 'example_branch_dop_operator_v3' retrieved from /home/airflow/.local/lib/python3.12/site-packages/airflow/example_dags/example_branch_python_dop_operator_3.py
[2025-03-06T11:17:04.354+0000] {logging_mixin.py:190} INFO - [2025-03-06T11:17:04.354+0000] {dag.py:3239} INFO - Sync 1 DAGs
[2025-03-06T11:17:04.378+0000] {logging_mixin.py:190} INFO - [2025-03-06T11:17:04.378+0000] {dag.py:4180} INFO - Setting next_dagrun for example_branch_dop_operator_v3 to 2025-03-06 11:16:00+00:00, run_after=2025-03-06 11:17:00+00:00
[2025-03-06T11:17:04.398+0000] {processor.py:208} INFO - Processing /home/airflow/.local/lib/python3.12/site-packages/airflow/example_dags/example_branch_python_dop_operator_3.py took 0.078 seconds
[2025-03-06T11:17:35.912+0000] {processor.py:186} INFO - Started process (PID=2424) to work on /home/airflow/.local/lib/python3.12/site-packages/airflow/example_dags/example_branch_python_dop_operator_3.py
[2025-03-06T11:17:35.913+0000] {processor.py:914} INFO - Processing file /home/airflow/.local/lib/python3.12/site-packages/airflow/example_dags/example_branch_python_dop_operator_3.py for tasks to queue
[2025-03-06T11:17:35.914+0000] {logging_mixin.py:190} INFO - [2025-03-06T11:17:35.914+0000] {dagbag.py:588} INFO - Filling up the DagBag from /home/airflow/.local/lib/python3.12/site-packages/airflow/example_dags/example_branch_python_dop_operator_3.py
[2025-03-06T11:17:35.925+0000] {processor.py:925} INFO - DAG(s) 'example_branch_dop_operator_v3' retrieved from /home/airflow/.local/lib/python3.12/site-packages/airflow/example_dags/example_branch_python_dop_operator_3.py
[2025-03-06T11:17:35.944+0000] {logging_mixin.py:190} INFO - [2025-03-06T11:17:35.944+0000] {dag.py:3239} INFO - Sync 1 DAGs
[2025-03-06T11:17:35.966+0000] {logging_mixin.py:190} INFO - [2025-03-06T11:17:35.966+0000] {dag.py:4180} INFO - Setting next_dagrun for example_branch_dop_operator_v3 to 2025-03-06 11:16:00+00:00, run_after=2025-03-06 11:17:00+00:00
[2025-03-06T11:17:35.983+0000] {processor.py:208} INFO - Processing /home/airflow/.local/lib/python3.12/site-packages/airflow/example_dags/example_branch_python_dop_operator_3.py took 0.077 seconds
[2025-03-06T11:18:08.302+0000] {processor.py:186} INFO - Started process (PID=2502) to work on /home/airflow/.local/lib/python3.12/site-packages/airflow/example_dags/example_branch_python_dop_operator_3.py
[2025-03-06T11:18:08.306+0000] {processor.py:914} INFO - Processing file /home/airflow/.local/lib/python3.12/site-packages/airflow/example_dags/example_branch_python_dop_operator_3.py for tasks to queue
[2025-03-06T11:18:08.308+0000] {logging_mixin.py:190} INFO - [2025-03-06T11:18:08.307+0000] {dagbag.py:588} INFO - Filling up the DagBag from /home/airflow/.local/lib/python3.12/site-packages/airflow/example_dags/example_branch_python_dop_operator_3.py
[2025-03-06T11:18:08.330+0000] {processor.py:925} INFO - DAG(s) 'example_branch_dop_operator_v3' retrieved from /home/airflow/.local/lib/python3.12/site-packages/airflow/example_dags/example_branch_python_dop_operator_3.py
[2025-03-06T11:18:08.368+0000] {logging_mixin.py:190} INFO - [2025-03-06T11:18:08.368+0000] {dag.py:3239} INFO - Sync 1 DAGs
[2025-03-06T11:18:08.418+0000] {logging_mixin.py:190} INFO - [2025-03-06T11:18:08.418+0000] {dag.py:4180} INFO - Setting next_dagrun for example_branch_dop_operator_v3 to 2025-03-06 11:17:00+00:00, run_after=2025-03-06 11:18:00+00:00
[2025-03-06T11:18:08.486+0000] {processor.py:208} INFO - Processing /home/airflow/.local/lib/python3.12/site-packages/airflow/example_dags/example_branch_python_dop_operator_3.py took 0.194 seconds
