[2025-03-06T04:34:29.972+0000] {processor.py:186} INFO - Started process (PID=14384) to work on /home/airflow/.local/lib/python3.12/site-packages/airflow/example_dags/example_xcomargs.py
[2025-03-06T04:34:29.973+0000] {processor.py:914} INFO - Processing file /home/airflow/.local/lib/python3.12/site-packages/airflow/example_dags/example_xcomargs.py for tasks to queue
[2025-03-06T04:34:29.976+0000] {logging_mixin.py:190} INFO - [2025-03-06T04:34:29.976+0000] {dagbag.py:588} INFO - Filling up the DagBag from /home/airflow/.local/lib/python3.12/site-packages/airflow/example_dags/example_xcomargs.py
[2025-03-06T04:34:29.990+0000] {processor.py:925} INFO - DAG(s) 'example_xcom_args', 'example_xcom_args_with_operators' retrieved from /home/airflow/.local/lib/python3.12/site-packages/airflow/example_dags/example_xcomargs.py
[2025-03-06T04:34:30.026+0000] {logging_mixin.py:190} INFO - [2025-03-06T04:34:30.026+0000] {dag.py:3239} INFO - Sync 2 DAGs
[2025-03-06T04:34:30.048+0000] {logging_mixin.py:190} INFO - [2025-03-06T04:34:30.048+0000] {dag.py:4180} INFO - Setting next_dagrun for example_xcom_args to None, run_after=None
[2025-03-06T04:34:30.054+0000] {logging_mixin.py:190} INFO - [2025-03-06T04:34:30.054+0000] {dag.py:4180} INFO - Setting next_dagrun for example_xcom_args_with_operators to None, run_after=None
[2025-03-06T04:34:30.081+0000] {processor.py:208} INFO - Processing /home/airflow/.local/lib/python3.12/site-packages/airflow/example_dags/example_xcomargs.py took 0.116 seconds
[2025-03-06T04:35:00.244+0000] {processor.py:186} INFO - Started process (PID=14459) to work on /home/airflow/.local/lib/python3.12/site-packages/airflow/example_dags/example_xcomargs.py
[2025-03-06T04:35:00.246+0000] {processor.py:914} INFO - Processing file /home/airflow/.local/lib/python3.12/site-packages/airflow/example_dags/example_xcomargs.py for tasks to queue
[2025-03-06T04:35:00.250+0000] {logging_mixin.py:190} INFO - [2025-03-06T04:35:00.249+0000] {dagbag.py:588} INFO - Filling up the DagBag from /home/airflow/.local/lib/python3.12/site-packages/airflow/example_dags/example_xcomargs.py
[2025-03-06T04:35:00.266+0000] {processor.py:925} INFO - DAG(s) 'example_xcom_args', 'example_xcom_args_with_operators' retrieved from /home/airflow/.local/lib/python3.12/site-packages/airflow/example_dags/example_xcomargs.py
[2025-03-06T04:35:00.302+0000] {logging_mixin.py:190} INFO - [2025-03-06T04:35:00.301+0000] {dag.py:3239} INFO - Sync 2 DAGs
[2025-03-06T04:35:00.325+0000] {logging_mixin.py:190} INFO - [2025-03-06T04:35:00.325+0000] {dag.py:4180} INFO - Setting next_dagrun for example_xcom_args to None, run_after=None
[2025-03-06T04:35:00.331+0000] {logging_mixin.py:190} INFO - [2025-03-06T04:35:00.330+0000] {dag.py:4180} INFO - Setting next_dagrun for example_xcom_args_with_operators to None, run_after=None
[2025-03-06T04:35:00.357+0000] {processor.py:208} INFO - Processing /home/airflow/.local/lib/python3.12/site-packages/airflow/example_dags/example_xcomargs.py took 0.121 seconds
[2025-03-06T04:35:30.547+0000] {processor.py:186} INFO - Started process (PID=14533) to work on /home/airflow/.local/lib/python3.12/site-packages/airflow/example_dags/example_xcomargs.py
[2025-03-06T04:35:30.548+0000] {processor.py:914} INFO - Processing file /home/airflow/.local/lib/python3.12/site-packages/airflow/example_dags/example_xcomargs.py for tasks to queue
[2025-03-06T04:35:30.550+0000] {logging_mixin.py:190} INFO - [2025-03-06T04:35:30.550+0000] {dagbag.py:588} INFO - Filling up the DagBag from /home/airflow/.local/lib/python3.12/site-packages/airflow/example_dags/example_xcomargs.py
[2025-03-06T04:35:30.559+0000] {processor.py:925} INFO - DAG(s) 'example_xcom_args_with_operators', 'example_xcom_args' retrieved from /home/airflow/.local/lib/python3.12/site-packages/airflow/example_dags/example_xcomargs.py
[2025-03-06T04:35:30.584+0000] {logging_mixin.py:190} INFO - [2025-03-06T04:35:30.583+0000] {dag.py:3239} INFO - Sync 2 DAGs
[2025-03-06T04:35:30.597+0000] {logging_mixin.py:190} INFO - [2025-03-06T04:35:30.597+0000] {dag.py:4180} INFO - Setting next_dagrun for example_xcom_args to None, run_after=None
[2025-03-06T04:35:30.601+0000] {logging_mixin.py:190} INFO - [2025-03-06T04:35:30.601+0000] {dag.py:4180} INFO - Setting next_dagrun for example_xcom_args_with_operators to None, run_after=None
[2025-03-06T04:35:30.619+0000] {processor.py:208} INFO - Processing /home/airflow/.local/lib/python3.12/site-packages/airflow/example_dags/example_xcomargs.py took 0.077 seconds
[2025-03-06T04:36:02.874+0000] {processor.py:186} INFO - Started process (PID=14608) to work on /home/airflow/.local/lib/python3.12/site-packages/airflow/example_dags/example_xcomargs.py
[2025-03-06T04:36:02.876+0000] {processor.py:914} INFO - Processing file /home/airflow/.local/lib/python3.12/site-packages/airflow/example_dags/example_xcomargs.py for tasks to queue
[2025-03-06T04:36:02.879+0000] {logging_mixin.py:190} INFO - [2025-03-06T04:36:02.879+0000] {dagbag.py:588} INFO - Filling up the DagBag from /home/airflow/.local/lib/python3.12/site-packages/airflow/example_dags/example_xcomargs.py
[2025-03-06T04:36:02.893+0000] {processor.py:925} INFO - DAG(s) 'example_xcom_args', 'example_xcom_args_with_operators' retrieved from /home/airflow/.local/lib/python3.12/site-packages/airflow/example_dags/example_xcomargs.py
[2025-03-06T04:36:02.922+0000] {logging_mixin.py:190} INFO - [2025-03-06T04:36:02.922+0000] {dag.py:3239} INFO - Sync 2 DAGs
[2025-03-06T04:36:02.938+0000] {logging_mixin.py:190} INFO - [2025-03-06T04:36:02.938+0000] {dag.py:4180} INFO - Setting next_dagrun for example_xcom_args to None, run_after=None
[2025-03-06T04:36:02.943+0000] {logging_mixin.py:190} INFO - [2025-03-06T04:36:02.942+0000] {dag.py:4180} INFO - Setting next_dagrun for example_xcom_args_with_operators to None, run_after=None
[2025-03-06T04:36:02.964+0000] {processor.py:208} INFO - Processing /home/airflow/.local/lib/python3.12/site-packages/airflow/example_dags/example_xcomargs.py took 0.096 seconds
[2025-03-06T04:36:35.387+0000] {processor.py:186} INFO - Started process (PID=14683) to work on /home/airflow/.local/lib/python3.12/site-packages/airflow/example_dags/example_xcomargs.py
[2025-03-06T04:36:35.388+0000] {processor.py:914} INFO - Processing file /home/airflow/.local/lib/python3.12/site-packages/airflow/example_dags/example_xcomargs.py for tasks to queue
[2025-03-06T04:36:35.391+0000] {logging_mixin.py:190} INFO - [2025-03-06T04:36:35.390+0000] {dagbag.py:588} INFO - Filling up the DagBag from /home/airflow/.local/lib/python3.12/site-packages/airflow/example_dags/example_xcomargs.py
[2025-03-06T04:36:35.401+0000] {processor.py:925} INFO - DAG(s) 'example_xcom_args_with_operators', 'example_xcom_args' retrieved from /home/airflow/.local/lib/python3.12/site-packages/airflow/example_dags/example_xcomargs.py
[2025-03-06T04:36:35.425+0000] {logging_mixin.py:190} INFO - [2025-03-06T04:36:35.424+0000] {dag.py:3239} INFO - Sync 2 DAGs
[2025-03-06T04:36:35.441+0000] {logging_mixin.py:190} INFO - [2025-03-06T04:36:35.440+0000] {dag.py:4180} INFO - Setting next_dagrun for example_xcom_args to None, run_after=None
[2025-03-06T04:36:35.445+0000] {logging_mixin.py:190} INFO - [2025-03-06T04:36:35.445+0000] {dag.py:4180} INFO - Setting next_dagrun for example_xcom_args_with_operators to None, run_after=None
[2025-03-06T04:36:35.463+0000] {processor.py:208} INFO - Processing /home/airflow/.local/lib/python3.12/site-packages/airflow/example_dags/example_xcomargs.py took 0.082 seconds
[2025-03-06T04:37:06.754+0000] {processor.py:186} INFO - Started process (PID=14760) to work on /home/airflow/.local/lib/python3.12/site-packages/airflow/example_dags/example_xcomargs.py
[2025-03-06T04:37:06.755+0000] {processor.py:914} INFO - Processing file /home/airflow/.local/lib/python3.12/site-packages/airflow/example_dags/example_xcomargs.py for tasks to queue
[2025-03-06T04:37:06.758+0000] {logging_mixin.py:190} INFO - [2025-03-06T04:37:06.758+0000] {dagbag.py:588} INFO - Filling up the DagBag from /home/airflow/.local/lib/python3.12/site-packages/airflow/example_dags/example_xcomargs.py
[2025-03-06T04:37:06.766+0000] {processor.py:925} INFO - DAG(s) 'example_xcom_args', 'example_xcom_args_with_operators' retrieved from /home/airflow/.local/lib/python3.12/site-packages/airflow/example_dags/example_xcomargs.py
[2025-03-06T04:37:06.787+0000] {logging_mixin.py:190} INFO - [2025-03-06T04:37:06.787+0000] {dag.py:3239} INFO - Sync 2 DAGs
[2025-03-06T04:37:06.799+0000] {logging_mixin.py:190} INFO - [2025-03-06T04:37:06.798+0000] {dag.py:4180} INFO - Setting next_dagrun for example_xcom_args to None, run_after=None
[2025-03-06T04:37:06.802+0000] {logging_mixin.py:190} INFO - [2025-03-06T04:37:06.802+0000] {dag.py:4180} INFO - Setting next_dagrun for example_xcom_args_with_operators to None, run_after=None
[2025-03-06T04:37:06.817+0000] {processor.py:208} INFO - Processing /home/airflow/.local/lib/python3.12/site-packages/airflow/example_dags/example_xcomargs.py took 0.068 seconds
[2025-03-06T04:37:37.938+0000] {processor.py:186} INFO - Started process (PID=14835) to work on /home/airflow/.local/lib/python3.12/site-packages/airflow/example_dags/example_xcomargs.py
[2025-03-06T04:37:37.939+0000] {processor.py:914} INFO - Processing file /home/airflow/.local/lib/python3.12/site-packages/airflow/example_dags/example_xcomargs.py for tasks to queue
[2025-03-06T04:37:37.941+0000] {logging_mixin.py:190} INFO - [2025-03-06T04:37:37.940+0000] {dagbag.py:588} INFO - Filling up the DagBag from /home/airflow/.local/lib/python3.12/site-packages/airflow/example_dags/example_xcomargs.py
[2025-03-06T04:37:37.948+0000] {processor.py:925} INFO - DAG(s) 'example_xcom_args', 'example_xcom_args_with_operators' retrieved from /home/airflow/.local/lib/python3.12/site-packages/airflow/example_dags/example_xcomargs.py
[2025-03-06T04:37:37.968+0000] {logging_mixin.py:190} INFO - [2025-03-06T04:37:37.968+0000] {dag.py:3239} INFO - Sync 2 DAGs
[2025-03-06T04:37:37.980+0000] {logging_mixin.py:190} INFO - [2025-03-06T04:37:37.980+0000] {dag.py:4180} INFO - Setting next_dagrun for example_xcom_args to None, run_after=None
[2025-03-06T04:37:37.984+0000] {logging_mixin.py:190} INFO - [2025-03-06T04:37:37.983+0000] {dag.py:4180} INFO - Setting next_dagrun for example_xcom_args_with_operators to None, run_after=None
[2025-03-06T04:37:38.000+0000] {processor.py:208} INFO - Processing /home/airflow/.local/lib/python3.12/site-packages/airflow/example_dags/example_xcomargs.py took 0.066 seconds
[2025-03-06T04:38:08.514+0000] {processor.py:186} INFO - Started process (PID=14910) to work on /home/airflow/.local/lib/python3.12/site-packages/airflow/example_dags/example_xcomargs.py
[2025-03-06T04:38:08.515+0000] {processor.py:914} INFO - Processing file /home/airflow/.local/lib/python3.12/site-packages/airflow/example_dags/example_xcomargs.py for tasks to queue
[2025-03-06T04:38:08.518+0000] {logging_mixin.py:190} INFO - [2025-03-06T04:38:08.517+0000] {dagbag.py:588} INFO - Filling up the DagBag from /home/airflow/.local/lib/python3.12/site-packages/airflow/example_dags/example_xcomargs.py
[2025-03-06T04:38:08.526+0000] {processor.py:925} INFO - DAG(s) 'example_xcom_args_with_operators', 'example_xcom_args' retrieved from /home/airflow/.local/lib/python3.12/site-packages/airflow/example_dags/example_xcomargs.py
[2025-03-06T04:38:08.548+0000] {logging_mixin.py:190} INFO - [2025-03-06T04:38:08.548+0000] {dag.py:3239} INFO - Sync 2 DAGs
[2025-03-06T04:38:08.560+0000] {logging_mixin.py:190} INFO - [2025-03-06T04:38:08.560+0000] {dag.py:4180} INFO - Setting next_dagrun for example_xcom_args to None, run_after=None
[2025-03-06T04:38:08.565+0000] {logging_mixin.py:190} INFO - [2025-03-06T04:38:08.565+0000] {dag.py:4180} INFO - Setting next_dagrun for example_xcom_args_with_operators to None, run_after=None
[2025-03-06T04:38:08.580+0000] {processor.py:208} INFO - Processing /home/airflow/.local/lib/python3.12/site-packages/airflow/example_dags/example_xcomargs.py took 0.071 seconds
[2025-03-06T04:38:39.755+0000] {processor.py:186} INFO - Started process (PID=14985) to work on /home/airflow/.local/lib/python3.12/site-packages/airflow/example_dags/example_xcomargs.py
[2025-03-06T04:38:39.756+0000] {processor.py:914} INFO - Processing file /home/airflow/.local/lib/python3.12/site-packages/airflow/example_dags/example_xcomargs.py for tasks to queue
[2025-03-06T04:38:39.758+0000] {logging_mixin.py:190} INFO - [2025-03-06T04:38:39.758+0000] {dagbag.py:588} INFO - Filling up the DagBag from /home/airflow/.local/lib/python3.12/site-packages/airflow/example_dags/example_xcomargs.py
[2025-03-06T04:38:39.766+0000] {processor.py:925} INFO - DAG(s) 'example_xcom_args_with_operators', 'example_xcom_args' retrieved from /home/airflow/.local/lib/python3.12/site-packages/airflow/example_dags/example_xcomargs.py
[2025-03-06T04:38:39.786+0000] {logging_mixin.py:190} INFO - [2025-03-06T04:38:39.785+0000] {dag.py:3239} INFO - Sync 2 DAGs
[2025-03-06T04:38:39.797+0000] {logging_mixin.py:190} INFO - [2025-03-06T04:38:39.797+0000] {dag.py:4180} INFO - Setting next_dagrun for example_xcom_args to None, run_after=None
[2025-03-06T04:38:39.801+0000] {logging_mixin.py:190} INFO - [2025-03-06T04:38:39.801+0000] {dag.py:4180} INFO - Setting next_dagrun for example_xcom_args_with_operators to None, run_after=None
[2025-03-06T04:38:39.817+0000] {processor.py:208} INFO - Processing /home/airflow/.local/lib/python3.12/site-packages/airflow/example_dags/example_xcomargs.py took 0.067 seconds
[2025-03-06T04:39:12.178+0000] {processor.py:186} INFO - Started process (PID=15060) to work on /home/airflow/.local/lib/python3.12/site-packages/airflow/example_dags/example_xcomargs.py
[2025-03-06T04:39:12.179+0000] {processor.py:914} INFO - Processing file /home/airflow/.local/lib/python3.12/site-packages/airflow/example_dags/example_xcomargs.py for tasks to queue
[2025-03-06T04:39:12.181+0000] {logging_mixin.py:190} INFO - [2025-03-06T04:39:12.180+0000] {dagbag.py:588} INFO - Filling up the DagBag from /home/airflow/.local/lib/python3.12/site-packages/airflow/example_dags/example_xcomargs.py
[2025-03-06T04:39:12.189+0000] {processor.py:925} INFO - DAG(s) 'example_xcom_args', 'example_xcom_args_with_operators' retrieved from /home/airflow/.local/lib/python3.12/site-packages/airflow/example_dags/example_xcomargs.py
[2025-03-06T04:39:12.223+0000] {logging_mixin.py:190} INFO - [2025-03-06T04:39:12.222+0000] {dag.py:3239} INFO - Sync 2 DAGs
[2025-03-06T04:39:12.235+0000] {logging_mixin.py:190} INFO - [2025-03-06T04:39:12.235+0000] {dag.py:4180} INFO - Setting next_dagrun for example_xcom_args to None, run_after=None
[2025-03-06T04:39:12.239+0000] {logging_mixin.py:190} INFO - [2025-03-06T04:39:12.239+0000] {dag.py:4180} INFO - Setting next_dagrun for example_xcom_args_with_operators to None, run_after=None
[2025-03-06T04:39:12.282+0000] {processor.py:208} INFO - Processing /home/airflow/.local/lib/python3.12/site-packages/airflow/example_dags/example_xcomargs.py took 0.109 seconds
[2025-03-06T04:39:43.627+0000] {processor.py:186} INFO - Started process (PID=15135) to work on /home/airflow/.local/lib/python3.12/site-packages/airflow/example_dags/example_xcomargs.py
[2025-03-06T04:39:43.628+0000] {processor.py:914} INFO - Processing file /home/airflow/.local/lib/python3.12/site-packages/airflow/example_dags/example_xcomargs.py for tasks to queue
[2025-03-06T04:39:43.631+0000] {logging_mixin.py:190} INFO - [2025-03-06T04:39:43.630+0000] {dagbag.py:588} INFO - Filling up the DagBag from /home/airflow/.local/lib/python3.12/site-packages/airflow/example_dags/example_xcomargs.py
[2025-03-06T04:39:43.639+0000] {processor.py:925} INFO - DAG(s) 'example_xcom_args', 'example_xcom_args_with_operators' retrieved from /home/airflow/.local/lib/python3.12/site-packages/airflow/example_dags/example_xcomargs.py
[2025-03-06T04:39:43.660+0000] {logging_mixin.py:190} INFO - [2025-03-06T04:39:43.659+0000] {dag.py:3239} INFO - Sync 2 DAGs
[2025-03-06T04:39:43.672+0000] {logging_mixin.py:190} INFO - [2025-03-06T04:39:43.671+0000] {dag.py:4180} INFO - Setting next_dagrun for example_xcom_args to None, run_after=None
[2025-03-06T04:39:43.675+0000] {logging_mixin.py:190} INFO - [2025-03-06T04:39:43.675+0000] {dag.py:4180} INFO - Setting next_dagrun for example_xcom_args_with_operators to None, run_after=None
[2025-03-06T04:39:43.690+0000] {processor.py:208} INFO - Processing /home/airflow/.local/lib/python3.12/site-packages/airflow/example_dags/example_xcomargs.py took 0.068 seconds
[2025-03-06T04:40:14.638+0000] {processor.py:186} INFO - Started process (PID=15216) to work on /home/airflow/.local/lib/python3.12/site-packages/airflow/example_dags/example_xcomargs.py
[2025-03-06T04:40:14.639+0000] {processor.py:914} INFO - Processing file /home/airflow/.local/lib/python3.12/site-packages/airflow/example_dags/example_xcomargs.py for tasks to queue
[2025-03-06T04:40:14.641+0000] {logging_mixin.py:190} INFO - [2025-03-06T04:40:14.641+0000] {dagbag.py:588} INFO - Filling up the DagBag from /home/airflow/.local/lib/python3.12/site-packages/airflow/example_dags/example_xcomargs.py
[2025-03-06T04:40:14.650+0000] {processor.py:925} INFO - DAG(s) 'example_xcom_args_with_operators', 'example_xcom_args' retrieved from /home/airflow/.local/lib/python3.12/site-packages/airflow/example_dags/example_xcomargs.py
[2025-03-06T04:40:14.669+0000] {logging_mixin.py:190} INFO - [2025-03-06T04:40:14.668+0000] {dag.py:3239} INFO - Sync 2 DAGs
[2025-03-06T04:40:14.680+0000] {logging_mixin.py:190} INFO - [2025-03-06T04:40:14.680+0000] {dag.py:4180} INFO - Setting next_dagrun for example_xcom_args to None, run_after=None
[2025-03-06T04:40:14.684+0000] {logging_mixin.py:190} INFO - [2025-03-06T04:40:14.684+0000] {dag.py:4180} INFO - Setting next_dagrun for example_xcom_args_with_operators to None, run_after=None
[2025-03-06T04:40:14.699+0000] {processor.py:208} INFO - Processing /home/airflow/.local/lib/python3.12/site-packages/airflow/example_dags/example_xcomargs.py took 0.066 seconds
[2025-03-06T04:40:45.513+0000] {processor.py:186} INFO - Started process (PID=15292) to work on /home/airflow/.local/lib/python3.12/site-packages/airflow/example_dags/example_xcomargs.py
[2025-03-06T04:40:45.514+0000] {processor.py:914} INFO - Processing file /home/airflow/.local/lib/python3.12/site-packages/airflow/example_dags/example_xcomargs.py for tasks to queue
[2025-03-06T04:40:45.516+0000] {logging_mixin.py:190} INFO - [2025-03-06T04:40:45.516+0000] {dagbag.py:588} INFO - Filling up the DagBag from /home/airflow/.local/lib/python3.12/site-packages/airflow/example_dags/example_xcomargs.py
[2025-03-06T04:40:45.524+0000] {processor.py:925} INFO - DAG(s) 'example_xcom_args_with_operators', 'example_xcom_args' retrieved from /home/airflow/.local/lib/python3.12/site-packages/airflow/example_dags/example_xcomargs.py
[2025-03-06T04:40:45.542+0000] {logging_mixin.py:190} INFO - [2025-03-06T04:40:45.542+0000] {dag.py:3239} INFO - Sync 2 DAGs
[2025-03-06T04:40:45.554+0000] {logging_mixin.py:190} INFO - [2025-03-06T04:40:45.554+0000] {dag.py:4180} INFO - Setting next_dagrun for example_xcom_args to None, run_after=None
[2025-03-06T04:40:45.558+0000] {logging_mixin.py:190} INFO - [2025-03-06T04:40:45.558+0000] {dag.py:4180} INFO - Setting next_dagrun for example_xcom_args_with_operators to None, run_after=None
[2025-03-06T04:40:45.574+0000] {processor.py:208} INFO - Processing /home/airflow/.local/lib/python3.12/site-packages/airflow/example_dags/example_xcomargs.py took 0.065 seconds
[2025-03-06T04:41:16.818+0000] {processor.py:186} INFO - Started process (PID=15367) to work on /home/airflow/.local/lib/python3.12/site-packages/airflow/example_dags/example_xcomargs.py
[2025-03-06T04:41:16.819+0000] {processor.py:914} INFO - Processing file /home/airflow/.local/lib/python3.12/site-packages/airflow/example_dags/example_xcomargs.py for tasks to queue
[2025-03-06T04:41:16.822+0000] {logging_mixin.py:190} INFO - [2025-03-06T04:41:16.822+0000] {dagbag.py:588} INFO - Filling up the DagBag from /home/airflow/.local/lib/python3.12/site-packages/airflow/example_dags/example_xcomargs.py
[2025-03-06T04:41:16.830+0000] {processor.py:925} INFO - DAG(s) 'example_xcom_args_with_operators', 'example_xcom_args' retrieved from /home/airflow/.local/lib/python3.12/site-packages/airflow/example_dags/example_xcomargs.py
[2025-03-06T04:41:16.851+0000] {logging_mixin.py:190} INFO - [2025-03-06T04:41:16.851+0000] {dag.py:3239} INFO - Sync 2 DAGs
[2025-03-06T04:41:16.865+0000] {logging_mixin.py:190} INFO - [2025-03-06T04:41:16.865+0000] {dag.py:4180} INFO - Setting next_dagrun for example_xcom_args to None, run_after=None
[2025-03-06T04:41:16.870+0000] {logging_mixin.py:190} INFO - [2025-03-06T04:41:16.870+0000] {dag.py:4180} INFO - Setting next_dagrun for example_xcom_args_with_operators to None, run_after=None
[2025-03-06T04:41:16.894+0000] {processor.py:208} INFO - Processing /home/airflow/.local/lib/python3.12/site-packages/airflow/example_dags/example_xcomargs.py took 0.083 seconds
[2025-03-06T04:41:47.982+0000] {processor.py:186} INFO - Started process (PID=15442) to work on /home/airflow/.local/lib/python3.12/site-packages/airflow/example_dags/example_xcomargs.py
[2025-03-06T04:41:47.983+0000] {processor.py:914} INFO - Processing file /home/airflow/.local/lib/python3.12/site-packages/airflow/example_dags/example_xcomargs.py for tasks to queue
[2025-03-06T04:41:47.985+0000] {logging_mixin.py:190} INFO - [2025-03-06T04:41:47.985+0000] {dagbag.py:588} INFO - Filling up the DagBag from /home/airflow/.local/lib/python3.12/site-packages/airflow/example_dags/example_xcomargs.py
[2025-03-06T04:41:47.997+0000] {processor.py:925} INFO - DAG(s) 'example_xcom_args', 'example_xcom_args_with_operators' retrieved from /home/airflow/.local/lib/python3.12/site-packages/airflow/example_dags/example_xcomargs.py
[2025-03-06T04:41:48.022+0000] {logging_mixin.py:190} INFO - [2025-03-06T04:41:48.022+0000] {dag.py:3239} INFO - Sync 2 DAGs
[2025-03-06T04:41:48.038+0000] {logging_mixin.py:190} INFO - [2025-03-06T04:41:48.038+0000] {dag.py:4180} INFO - Setting next_dagrun for example_xcom_args to None, run_after=None
[2025-03-06T04:41:48.043+0000] {logging_mixin.py:190} INFO - [2025-03-06T04:41:48.042+0000] {dag.py:4180} INFO - Setting next_dagrun for example_xcom_args_with_operators to None, run_after=None
[2025-03-06T04:41:48.061+0000] {processor.py:208} INFO - Processing /home/airflow/.local/lib/python3.12/site-packages/airflow/example_dags/example_xcomargs.py took 0.086 seconds
[2025-03-06T04:42:19.328+0000] {processor.py:186} INFO - Started process (PID=15516) to work on /home/airflow/.local/lib/python3.12/site-packages/airflow/example_dags/example_xcomargs.py
[2025-03-06T04:42:19.330+0000] {processor.py:914} INFO - Processing file /home/airflow/.local/lib/python3.12/site-packages/airflow/example_dags/example_xcomargs.py for tasks to queue
[2025-03-06T04:42:19.332+0000] {logging_mixin.py:190} INFO - [2025-03-06T04:42:19.332+0000] {dagbag.py:588} INFO - Filling up the DagBag from /home/airflow/.local/lib/python3.12/site-packages/airflow/example_dags/example_xcomargs.py
[2025-03-06T04:42:19.340+0000] {processor.py:925} INFO - DAG(s) 'example_xcom_args_with_operators', 'example_xcom_args' retrieved from /home/airflow/.local/lib/python3.12/site-packages/airflow/example_dags/example_xcomargs.py
[2025-03-06T04:42:19.359+0000] {logging_mixin.py:190} INFO - [2025-03-06T04:42:19.359+0000] {dag.py:3239} INFO - Sync 2 DAGs
[2025-03-06T04:42:19.372+0000] {logging_mixin.py:190} INFO - [2025-03-06T04:42:19.371+0000] {dag.py:4180} INFO - Setting next_dagrun for example_xcom_args to None, run_after=None
[2025-03-06T04:42:19.376+0000] {logging_mixin.py:190} INFO - [2025-03-06T04:42:19.375+0000] {dag.py:4180} INFO - Setting next_dagrun for example_xcom_args_with_operators to None, run_after=None
[2025-03-06T04:42:19.388+0000] {processor.py:208} INFO - Processing /home/airflow/.local/lib/python3.12/site-packages/airflow/example_dags/example_xcomargs.py took 0.065 seconds
[2025-03-06T11:01:16.753+0000] {processor.py:186} INFO - Started process (PID=149) to work on /home/airflow/.local/lib/python3.12/site-packages/airflow/example_dags/example_xcomargs.py
[2025-03-06T11:01:16.755+0000] {processor.py:914} INFO - Processing file /home/airflow/.local/lib/python3.12/site-packages/airflow/example_dags/example_xcomargs.py for tasks to queue
[2025-03-06T11:01:16.760+0000] {logging_mixin.py:190} INFO - [2025-03-06T11:01:16.760+0000] {dagbag.py:588} INFO - Filling up the DagBag from /home/airflow/.local/lib/python3.12/site-packages/airflow/example_dags/example_xcomargs.py
[2025-03-06T11:01:16.779+0000] {processor.py:925} INFO - DAG(s) 'example_xcom_args_with_operators', 'example_xcom_args' retrieved from /home/airflow/.local/lib/python3.12/site-packages/airflow/example_dags/example_xcomargs.py
[2025-03-06T11:01:16.820+0000] {logging_mixin.py:190} INFO - [2025-03-06T11:01:16.819+0000] {dag.py:3239} INFO - Sync 2 DAGs
[2025-03-06T11:01:16.845+0000] {logging_mixin.py:190} INFO - [2025-03-06T11:01:16.844+0000] {dag.py:4180} INFO - Setting next_dagrun for example_xcom_args to None, run_after=None
[2025-03-06T11:01:16.851+0000] {logging_mixin.py:190} INFO - [2025-03-06T11:01:16.851+0000] {dag.py:4180} INFO - Setting next_dagrun for example_xcom_args_with_operators to None, run_after=None
[2025-03-06T11:01:16.881+0000] {processor.py:208} INFO - Processing /home/airflow/.local/lib/python3.12/site-packages/airflow/example_dags/example_xcomargs.py took 0.137 seconds
[2025-03-06T11:01:47.983+0000] {processor.py:186} INFO - Started process (PID=224) to work on /home/airflow/.local/lib/python3.12/site-packages/airflow/example_dags/example_xcomargs.py
[2025-03-06T11:01:47.984+0000] {processor.py:914} INFO - Processing file /home/airflow/.local/lib/python3.12/site-packages/airflow/example_dags/example_xcomargs.py for tasks to queue
[2025-03-06T11:01:47.987+0000] {logging_mixin.py:190} INFO - [2025-03-06T11:01:47.986+0000] {dagbag.py:588} INFO - Filling up the DagBag from /home/airflow/.local/lib/python3.12/site-packages/airflow/example_dags/example_xcomargs.py
[2025-03-06T11:01:47.996+0000] {processor.py:925} INFO - DAG(s) 'example_xcom_args_with_operators', 'example_xcom_args' retrieved from /home/airflow/.local/lib/python3.12/site-packages/airflow/example_dags/example_xcomargs.py
[2025-03-06T11:01:48.019+0000] {logging_mixin.py:190} INFO - [2025-03-06T11:01:48.018+0000] {dag.py:3239} INFO - Sync 2 DAGs
[2025-03-06T11:01:48.031+0000] {logging_mixin.py:190} INFO - [2025-03-06T11:01:48.031+0000] {dag.py:4180} INFO - Setting next_dagrun for example_xcom_args to None, run_after=None
[2025-03-06T11:01:48.036+0000] {logging_mixin.py:190} INFO - [2025-03-06T11:01:48.036+0000] {dag.py:4180} INFO - Setting next_dagrun for example_xcom_args_with_operators to None, run_after=None
[2025-03-06T11:01:48.053+0000] {processor.py:208} INFO - Processing /home/airflow/.local/lib/python3.12/site-packages/airflow/example_dags/example_xcomargs.py took 0.075 seconds
[2025-03-06T11:02:18.954+0000] {processor.py:186} INFO - Started process (PID=299) to work on /home/airflow/.local/lib/python3.12/site-packages/airflow/example_dags/example_xcomargs.py
[2025-03-06T11:02:18.955+0000] {processor.py:914} INFO - Processing file /home/airflow/.local/lib/python3.12/site-packages/airflow/example_dags/example_xcomargs.py for tasks to queue
[2025-03-06T11:02:18.960+0000] {logging_mixin.py:190} INFO - [2025-03-06T11:02:18.960+0000] {dagbag.py:588} INFO - Filling up the DagBag from /home/airflow/.local/lib/python3.12/site-packages/airflow/example_dags/example_xcomargs.py
[2025-03-06T11:02:18.974+0000] {processor.py:925} INFO - DAG(s) 'example_xcom_args_with_operators', 'example_xcom_args' retrieved from /home/airflow/.local/lib/python3.12/site-packages/airflow/example_dags/example_xcomargs.py
[2025-03-06T11:02:19.004+0000] {logging_mixin.py:190} INFO - [2025-03-06T11:02:19.003+0000] {dag.py:3239} INFO - Sync 2 DAGs
[2025-03-06T11:02:19.022+0000] {logging_mixin.py:190} INFO - [2025-03-06T11:02:19.022+0000] {dag.py:4180} INFO - Setting next_dagrun for example_xcom_args to None, run_after=None
[2025-03-06T11:02:19.027+0000] {logging_mixin.py:190} INFO - [2025-03-06T11:02:19.027+0000] {dag.py:4180} INFO - Setting next_dagrun for example_xcom_args_with_operators to None, run_after=None
[2025-03-06T11:02:19.051+0000] {processor.py:208} INFO - Processing /home/airflow/.local/lib/python3.12/site-packages/airflow/example_dags/example_xcomargs.py took 0.102 seconds
[2025-03-06T11:02:50.449+0000] {processor.py:186} INFO - Started process (PID=374) to work on /home/airflow/.local/lib/python3.12/site-packages/airflow/example_dags/example_xcomargs.py
[2025-03-06T11:02:50.451+0000] {processor.py:914} INFO - Processing file /home/airflow/.local/lib/python3.12/site-packages/airflow/example_dags/example_xcomargs.py for tasks to queue
[2025-03-06T11:02:50.455+0000] {logging_mixin.py:190} INFO - [2025-03-06T11:02:50.455+0000] {dagbag.py:588} INFO - Filling up the DagBag from /home/airflow/.local/lib/python3.12/site-packages/airflow/example_dags/example_xcomargs.py
[2025-03-06T11:02:50.473+0000] {processor.py:925} INFO - DAG(s) 'example_xcom_args', 'example_xcom_args_with_operators' retrieved from /home/airflow/.local/lib/python3.12/site-packages/airflow/example_dags/example_xcomargs.py
[2025-03-06T11:02:50.511+0000] {logging_mixin.py:190} INFO - [2025-03-06T11:02:50.511+0000] {dag.py:3239} INFO - Sync 2 DAGs
[2025-03-06T11:02:50.534+0000] {logging_mixin.py:190} INFO - [2025-03-06T11:02:50.534+0000] {dag.py:4180} INFO - Setting next_dagrun for example_xcom_args to None, run_after=None
[2025-03-06T11:02:50.541+0000] {logging_mixin.py:190} INFO - [2025-03-06T11:02:50.540+0000] {dag.py:4180} INFO - Setting next_dagrun for example_xcom_args_with_operators to None, run_after=None
[2025-03-06T11:02:50.568+0000] {processor.py:208} INFO - Processing /home/airflow/.local/lib/python3.12/site-packages/airflow/example_dags/example_xcomargs.py took 0.128 seconds
[2025-03-06T11:03:20.895+0000] {processor.py:186} INFO - Started process (PID=450) to work on /home/airflow/.local/lib/python3.12/site-packages/airflow/example_dags/example_xcomargs.py
[2025-03-06T11:03:20.896+0000] {processor.py:914} INFO - Processing file /home/airflow/.local/lib/python3.12/site-packages/airflow/example_dags/example_xcomargs.py for tasks to queue
[2025-03-06T11:03:20.899+0000] {logging_mixin.py:190} INFO - [2025-03-06T11:03:20.898+0000] {dagbag.py:588} INFO - Filling up the DagBag from /home/airflow/.local/lib/python3.12/site-packages/airflow/example_dags/example_xcomargs.py
[2025-03-06T11:03:20.907+0000] {processor.py:925} INFO - DAG(s) 'example_xcom_args', 'example_xcom_args_with_operators' retrieved from /home/airflow/.local/lib/python3.12/site-packages/airflow/example_dags/example_xcomargs.py
[2025-03-06T11:03:20.929+0000] {logging_mixin.py:190} INFO - [2025-03-06T11:03:20.928+0000] {dag.py:3239} INFO - Sync 2 DAGs
[2025-03-06T11:03:20.951+0000] {logging_mixin.py:190} INFO - [2025-03-06T11:03:20.951+0000] {dag.py:4180} INFO - Setting next_dagrun for example_xcom_args to None, run_after=None
[2025-03-06T11:03:20.959+0000] {logging_mixin.py:190} INFO - [2025-03-06T11:03:20.959+0000] {dag.py:4180} INFO - Setting next_dagrun for example_xcom_args_with_operators to None, run_after=None
[2025-03-06T11:03:20.974+0000] {processor.py:208} INFO - Processing /home/airflow/.local/lib/python3.12/site-packages/airflow/example_dags/example_xcomargs.py took 0.084 seconds
[2025-03-06T11:03:51.687+0000] {processor.py:186} INFO - Started process (PID=525) to work on /home/airflow/.local/lib/python3.12/site-packages/airflow/example_dags/example_xcomargs.py
[2025-03-06T11:03:51.688+0000] {processor.py:914} INFO - Processing file /home/airflow/.local/lib/python3.12/site-packages/airflow/example_dags/example_xcomargs.py for tasks to queue
[2025-03-06T11:03:51.690+0000] {logging_mixin.py:190} INFO - [2025-03-06T11:03:51.690+0000] {dagbag.py:588} INFO - Filling up the DagBag from /home/airflow/.local/lib/python3.12/site-packages/airflow/example_dags/example_xcomargs.py
[2025-03-06T11:03:51.700+0000] {processor.py:925} INFO - DAG(s) 'example_xcom_args', 'example_xcom_args_with_operators' retrieved from /home/airflow/.local/lib/python3.12/site-packages/airflow/example_dags/example_xcomargs.py
[2025-03-06T11:03:51.722+0000] {logging_mixin.py:190} INFO - [2025-03-06T11:03:51.722+0000] {dag.py:3239} INFO - Sync 2 DAGs
[2025-03-06T11:03:51.735+0000] {logging_mixin.py:190} INFO - [2025-03-06T11:03:51.735+0000] {dag.py:4180} INFO - Setting next_dagrun for example_xcom_args to None, run_after=None
[2025-03-06T11:03:51.739+0000] {logging_mixin.py:190} INFO - [2025-03-06T11:03:51.738+0000] {dag.py:4180} INFO - Setting next_dagrun for example_xcom_args_with_operators to None, run_after=None
[2025-03-06T11:03:51.755+0000] {processor.py:208} INFO - Processing /home/airflow/.local/lib/python3.12/site-packages/airflow/example_dags/example_xcomargs.py took 0.073 seconds
[2025-03-06T11:04:22.435+0000] {processor.py:186} INFO - Started process (PID=600) to work on /home/airflow/.local/lib/python3.12/site-packages/airflow/example_dags/example_xcomargs.py
[2025-03-06T11:04:22.436+0000] {processor.py:914} INFO - Processing file /home/airflow/.local/lib/python3.12/site-packages/airflow/example_dags/example_xcomargs.py for tasks to queue
[2025-03-06T11:04:22.438+0000] {logging_mixin.py:190} INFO - [2025-03-06T11:04:22.438+0000] {dagbag.py:588} INFO - Filling up the DagBag from /home/airflow/.local/lib/python3.12/site-packages/airflow/example_dags/example_xcomargs.py
[2025-03-06T11:04:22.447+0000] {processor.py:925} INFO - DAG(s) 'example_xcom_args_with_operators', 'example_xcom_args' retrieved from /home/airflow/.local/lib/python3.12/site-packages/airflow/example_dags/example_xcomargs.py
[2025-03-06T11:04:22.468+0000] {logging_mixin.py:190} INFO - [2025-03-06T11:04:22.467+0000] {dag.py:3239} INFO - Sync 2 DAGs
[2025-03-06T11:04:22.481+0000] {logging_mixin.py:190} INFO - [2025-03-06T11:04:22.481+0000] {dag.py:4180} INFO - Setting next_dagrun for example_xcom_args to None, run_after=None
[2025-03-06T11:04:22.485+0000] {logging_mixin.py:190} INFO - [2025-03-06T11:04:22.485+0000] {dag.py:4180} INFO - Setting next_dagrun for example_xcom_args_with_operators to None, run_after=None
[2025-03-06T11:04:22.499+0000] {processor.py:208} INFO - Processing /home/airflow/.local/lib/python3.12/site-packages/airflow/example_dags/example_xcomargs.py took 0.069 seconds
[2025-03-06T11:04:53.519+0000] {processor.py:186} INFO - Started process (PID=675) to work on /home/airflow/.local/lib/python3.12/site-packages/airflow/example_dags/example_xcomargs.py
[2025-03-06T11:04:53.520+0000] {processor.py:914} INFO - Processing file /home/airflow/.local/lib/python3.12/site-packages/airflow/example_dags/example_xcomargs.py for tasks to queue
[2025-03-06T11:04:53.523+0000] {logging_mixin.py:190} INFO - [2025-03-06T11:04:53.522+0000] {dagbag.py:588} INFO - Filling up the DagBag from /home/airflow/.local/lib/python3.12/site-packages/airflow/example_dags/example_xcomargs.py
[2025-03-06T11:04:53.533+0000] {processor.py:925} INFO - DAG(s) 'example_xcom_args_with_operators', 'example_xcom_args' retrieved from /home/airflow/.local/lib/python3.12/site-packages/airflow/example_dags/example_xcomargs.py
[2025-03-06T11:04:53.559+0000] {logging_mixin.py:190} INFO - [2025-03-06T11:04:53.559+0000] {dag.py:3239} INFO - Sync 2 DAGs
[2025-03-06T11:04:53.571+0000] {logging_mixin.py:190} INFO - [2025-03-06T11:04:53.571+0000] {dag.py:4180} INFO - Setting next_dagrun for example_xcom_args to None, run_after=None
[2025-03-06T11:04:53.576+0000] {logging_mixin.py:190} INFO - [2025-03-06T11:04:53.575+0000] {dag.py:4180} INFO - Setting next_dagrun for example_xcom_args_with_operators to None, run_after=None
[2025-03-06T11:04:53.592+0000] {processor.py:208} INFO - Processing /home/airflow/.local/lib/python3.12/site-packages/airflow/example_dags/example_xcomargs.py took 0.077 seconds
[2025-03-06T11:05:24.688+0000] {processor.py:186} INFO - Started process (PID=774) to work on /home/airflow/.local/lib/python3.12/site-packages/airflow/example_dags/example_xcomargs.py
[2025-03-06T11:05:24.690+0000] {processor.py:914} INFO - Processing file /home/airflow/.local/lib/python3.12/site-packages/airflow/example_dags/example_xcomargs.py for tasks to queue
[2025-03-06T11:05:24.693+0000] {logging_mixin.py:190} INFO - [2025-03-06T11:05:24.693+0000] {dagbag.py:588} INFO - Filling up the DagBag from /home/airflow/.local/lib/python3.12/site-packages/airflow/example_dags/example_xcomargs.py
[2025-03-06T11:05:24.705+0000] {processor.py:925} INFO - DAG(s) 'example_xcom_args', 'example_xcom_args_with_operators' retrieved from /home/airflow/.local/lib/python3.12/site-packages/airflow/example_dags/example_xcomargs.py
[2025-03-06T11:05:24.730+0000] {logging_mixin.py:190} INFO - [2025-03-06T11:05:24.730+0000] {dag.py:3239} INFO - Sync 2 DAGs
[2025-03-06T11:05:24.747+0000] {logging_mixin.py:190} INFO - [2025-03-06T11:05:24.746+0000] {dag.py:4180} INFO - Setting next_dagrun for example_xcom_args to None, run_after=None
[2025-03-06T11:05:24.752+0000] {logging_mixin.py:190} INFO - [2025-03-06T11:05:24.751+0000] {dag.py:4180} INFO - Setting next_dagrun for example_xcom_args_with_operators to None, run_after=None
[2025-03-06T11:05:24.769+0000] {processor.py:208} INFO - Processing /home/airflow/.local/lib/python3.12/site-packages/airflow/example_dags/example_xcomargs.py took 0.088 seconds
[2025-03-06T11:05:56.066+0000] {processor.py:186} INFO - Started process (PID=861) to work on /home/airflow/.local/lib/python3.12/site-packages/airflow/example_dags/example_xcomargs.py
[2025-03-06T11:05:56.067+0000] {processor.py:914} INFO - Processing file /home/airflow/.local/lib/python3.12/site-packages/airflow/example_dags/example_xcomargs.py for tasks to queue
[2025-03-06T11:05:56.070+0000] {logging_mixin.py:190} INFO - [2025-03-06T11:05:56.070+0000] {dagbag.py:588} INFO - Filling up the DagBag from /home/airflow/.local/lib/python3.12/site-packages/airflow/example_dags/example_xcomargs.py
[2025-03-06T11:05:56.084+0000] {processor.py:925} INFO - DAG(s) 'example_xcom_args', 'example_xcom_args_with_operators' retrieved from /home/airflow/.local/lib/python3.12/site-packages/airflow/example_dags/example_xcomargs.py
[2025-03-06T11:05:56.114+0000] {logging_mixin.py:190} INFO - [2025-03-06T11:05:56.114+0000] {dag.py:3239} INFO - Sync 2 DAGs
[2025-03-06T11:05:56.138+0000] {logging_mixin.py:190} INFO - [2025-03-06T11:05:56.138+0000] {dag.py:4180} INFO - Setting next_dagrun for example_xcom_args to None, run_after=None
[2025-03-06T11:05:56.145+0000] {logging_mixin.py:190} INFO - [2025-03-06T11:05:56.145+0000] {dag.py:4180} INFO - Setting next_dagrun for example_xcom_args_with_operators to None, run_after=None
[2025-03-06T11:05:56.176+0000] {processor.py:208} INFO - Processing /home/airflow/.local/lib/python3.12/site-packages/airflow/example_dags/example_xcomargs.py took 0.118 seconds
[2025-03-06T11:07:43.623+0000] {processor.py:186} INFO - Started process (PID=964) to work on /home/airflow/.local/lib/python3.12/site-packages/airflow/example_dags/example_xcomargs.py
[2025-03-06T11:07:43.625+0000] {processor.py:914} INFO - Processing file /home/airflow/.local/lib/python3.12/site-packages/airflow/example_dags/example_xcomargs.py for tasks to queue
[2025-03-06T11:07:43.629+0000] {logging_mixin.py:190} INFO - [2025-03-06T11:07:43.628+0000] {dagbag.py:588} INFO - Filling up the DagBag from /home/airflow/.local/lib/python3.12/site-packages/airflow/example_dags/example_xcomargs.py
[2025-03-06T11:07:43.667+0000] {processor.py:925} INFO - DAG(s) 'example_xcom_args_with_operators', 'example_xcom_args' retrieved from /home/airflow/.local/lib/python3.12/site-packages/airflow/example_dags/example_xcomargs.py
[2025-03-06T11:07:43.734+0000] {logging_mixin.py:190} INFO - [2025-03-06T11:07:43.734+0000] {dag.py:3239} INFO - Sync 2 DAGs
[2025-03-06T11:07:43.765+0000] {logging_mixin.py:190} INFO - [2025-03-06T11:07:43.765+0000] {dag.py:4180} INFO - Setting next_dagrun for example_xcom_args to None, run_after=None
[2025-03-06T11:07:43.774+0000] {logging_mixin.py:190} INFO - [2025-03-06T11:07:43.773+0000] {dag.py:4180} INFO - Setting next_dagrun for example_xcom_args_with_operators to None, run_after=None
[2025-03-06T11:07:43.810+0000] {processor.py:208} INFO - Processing /home/airflow/.local/lib/python3.12/site-packages/airflow/example_dags/example_xcomargs.py took 0.199 seconds
[2025-03-06T11:08:13.865+0000] {processor.py:186} INFO - Started process (PID=1039) to work on /home/airflow/.local/lib/python3.12/site-packages/airflow/example_dags/example_xcomargs.py
[2025-03-06T11:08:13.866+0000] {processor.py:914} INFO - Processing file /home/airflow/.local/lib/python3.12/site-packages/airflow/example_dags/example_xcomargs.py for tasks to queue
[2025-03-06T11:08:13.867+0000] {logging_mixin.py:190} INFO - [2025-03-06T11:08:13.867+0000] {dagbag.py:588} INFO - Filling up the DagBag from /home/airflow/.local/lib/python3.12/site-packages/airflow/example_dags/example_xcomargs.py
[2025-03-06T11:08:13.876+0000] {processor.py:925} INFO - DAG(s) 'example_xcom_args', 'example_xcom_args_with_operators' retrieved from /home/airflow/.local/lib/python3.12/site-packages/airflow/example_dags/example_xcomargs.py
[2025-03-06T11:08:13.898+0000] {logging_mixin.py:190} INFO - [2025-03-06T11:08:13.897+0000] {dag.py:3239} INFO - Sync 2 DAGs
[2025-03-06T11:08:13.911+0000] {logging_mixin.py:190} INFO - [2025-03-06T11:08:13.911+0000] {dag.py:4180} INFO - Setting next_dagrun for example_xcom_args to None, run_after=None
[2025-03-06T11:08:13.915+0000] {logging_mixin.py:190} INFO - [2025-03-06T11:08:13.915+0000] {dag.py:4180} INFO - Setting next_dagrun for example_xcom_args_with_operators to None, run_after=None
[2025-03-06T11:08:13.932+0000] {processor.py:208} INFO - Processing /home/airflow/.local/lib/python3.12/site-packages/airflow/example_dags/example_xcomargs.py took 0.072 seconds
[2025-03-06T11:08:44.459+0000] {processor.py:186} INFO - Started process (PID=1114) to work on /home/airflow/.local/lib/python3.12/site-packages/airflow/example_dags/example_xcomargs.py
[2025-03-06T11:08:44.460+0000] {processor.py:914} INFO - Processing file /home/airflow/.local/lib/python3.12/site-packages/airflow/example_dags/example_xcomargs.py for tasks to queue
[2025-03-06T11:08:44.462+0000] {logging_mixin.py:190} INFO - [2025-03-06T11:08:44.461+0000] {dagbag.py:588} INFO - Filling up the DagBag from /home/airflow/.local/lib/python3.12/site-packages/airflow/example_dags/example_xcomargs.py
[2025-03-06T11:08:44.471+0000] {processor.py:925} INFO - DAG(s) 'example_xcom_args', 'example_xcom_args_with_operators' retrieved from /home/airflow/.local/lib/python3.12/site-packages/airflow/example_dags/example_xcomargs.py
[2025-03-06T11:08:44.491+0000] {logging_mixin.py:190} INFO - [2025-03-06T11:08:44.491+0000] {dag.py:3239} INFO - Sync 2 DAGs
[2025-03-06T11:08:44.505+0000] {logging_mixin.py:190} INFO - [2025-03-06T11:08:44.505+0000] {dag.py:4180} INFO - Setting next_dagrun for example_xcom_args to None, run_after=None
[2025-03-06T11:08:44.510+0000] {logging_mixin.py:190} INFO - [2025-03-06T11:08:44.510+0000] {dag.py:4180} INFO - Setting next_dagrun for example_xcom_args_with_operators to None, run_after=None
[2025-03-06T11:08:44.530+0000] {processor.py:208} INFO - Processing /home/airflow/.local/lib/python3.12/site-packages/airflow/example_dags/example_xcomargs.py took 0.076 seconds
[2025-03-06T11:09:15.295+0000] {processor.py:186} INFO - Started process (PID=1189) to work on /home/airflow/.local/lib/python3.12/site-packages/airflow/example_dags/example_xcomargs.py
[2025-03-06T11:09:15.296+0000] {processor.py:914} INFO - Processing file /home/airflow/.local/lib/python3.12/site-packages/airflow/example_dags/example_xcomargs.py for tasks to queue
[2025-03-06T11:09:15.297+0000] {logging_mixin.py:190} INFO - [2025-03-06T11:09:15.297+0000] {dagbag.py:588} INFO - Filling up the DagBag from /home/airflow/.local/lib/python3.12/site-packages/airflow/example_dags/example_xcomargs.py
[2025-03-06T11:09:15.310+0000] {processor.py:925} INFO - DAG(s) 'example_xcom_args_with_operators', 'example_xcom_args' retrieved from /home/airflow/.local/lib/python3.12/site-packages/airflow/example_dags/example_xcomargs.py
[2025-03-06T11:09:15.338+0000] {logging_mixin.py:190} INFO - [2025-03-06T11:09:15.338+0000] {dag.py:3239} INFO - Sync 2 DAGs
[2025-03-06T11:09:15.353+0000] {logging_mixin.py:190} INFO - [2025-03-06T11:09:15.353+0000] {dag.py:4180} INFO - Setting next_dagrun for example_xcom_args to None, run_after=None
[2025-03-06T11:09:15.357+0000] {logging_mixin.py:190} INFO - [2025-03-06T11:09:15.356+0000] {dag.py:4180} INFO - Setting next_dagrun for example_xcom_args_with_operators to None, run_after=None
[2025-03-06T11:09:15.374+0000] {processor.py:208} INFO - Processing /home/airflow/.local/lib/python3.12/site-packages/airflow/example_dags/example_xcomargs.py took 0.084 seconds
[2025-03-06T11:09:45.536+0000] {processor.py:186} INFO - Started process (PID=1264) to work on /home/airflow/.local/lib/python3.12/site-packages/airflow/example_dags/example_xcomargs.py
[2025-03-06T11:09:45.537+0000] {processor.py:914} INFO - Processing file /home/airflow/.local/lib/python3.12/site-packages/airflow/example_dags/example_xcomargs.py for tasks to queue
[2025-03-06T11:09:45.538+0000] {logging_mixin.py:190} INFO - [2025-03-06T11:09:45.538+0000] {dagbag.py:588} INFO - Filling up the DagBag from /home/airflow/.local/lib/python3.12/site-packages/airflow/example_dags/example_xcomargs.py
[2025-03-06T11:09:45.548+0000] {processor.py:925} INFO - DAG(s) 'example_xcom_args', 'example_xcom_args_with_operators' retrieved from /home/airflow/.local/lib/python3.12/site-packages/airflow/example_dags/example_xcomargs.py
[2025-03-06T11:09:45.570+0000] {logging_mixin.py:190} INFO - [2025-03-06T11:09:45.570+0000] {dag.py:3239} INFO - Sync 2 DAGs
[2025-03-06T11:09:45.584+0000] {logging_mixin.py:190} INFO - [2025-03-06T11:09:45.583+0000] {dag.py:4180} INFO - Setting next_dagrun for example_xcom_args to None, run_after=None
[2025-03-06T11:09:45.587+0000] {logging_mixin.py:190} INFO - [2025-03-06T11:09:45.587+0000] {dag.py:4180} INFO - Setting next_dagrun for example_xcom_args_with_operators to None, run_after=None
[2025-03-06T11:09:45.602+0000] {processor.py:208} INFO - Processing /home/airflow/.local/lib/python3.12/site-packages/airflow/example_dags/example_xcomargs.py took 0.071 seconds
[2025-03-06T11:10:16.473+0000] {processor.py:186} INFO - Started process (PID=1339) to work on /home/airflow/.local/lib/python3.12/site-packages/airflow/example_dags/example_xcomargs.py
[2025-03-06T11:10:16.474+0000] {processor.py:914} INFO - Processing file /home/airflow/.local/lib/python3.12/site-packages/airflow/example_dags/example_xcomargs.py for tasks to queue
[2025-03-06T11:10:16.476+0000] {logging_mixin.py:190} INFO - [2025-03-06T11:10:16.475+0000] {dagbag.py:588} INFO - Filling up the DagBag from /home/airflow/.local/lib/python3.12/site-packages/airflow/example_dags/example_xcomargs.py
[2025-03-06T11:10:16.485+0000] {processor.py:925} INFO - DAG(s) 'example_xcom_args_with_operators', 'example_xcom_args' retrieved from /home/airflow/.local/lib/python3.12/site-packages/airflow/example_dags/example_xcomargs.py
[2025-03-06T11:10:16.504+0000] {logging_mixin.py:190} INFO - [2025-03-06T11:10:16.504+0000] {dag.py:3239} INFO - Sync 2 DAGs
[2025-03-06T11:10:16.516+0000] {logging_mixin.py:190} INFO - [2025-03-06T11:10:16.516+0000] {dag.py:4180} INFO - Setting next_dagrun for example_xcom_args to None, run_after=None
[2025-03-06T11:10:16.519+0000] {logging_mixin.py:190} INFO - [2025-03-06T11:10:16.519+0000] {dag.py:4180} INFO - Setting next_dagrun for example_xcom_args_with_operators to None, run_after=None
[2025-03-06T11:10:16.536+0000] {processor.py:208} INFO - Processing /home/airflow/.local/lib/python3.12/site-packages/airflow/example_dags/example_xcomargs.py took 0.068 seconds
[2025-03-06T11:10:47.616+0000] {processor.py:186} INFO - Started process (PID=1415) to work on /home/airflow/.local/lib/python3.12/site-packages/airflow/example_dags/example_xcomargs.py
[2025-03-06T11:10:47.618+0000] {processor.py:914} INFO - Processing file /home/airflow/.local/lib/python3.12/site-packages/airflow/example_dags/example_xcomargs.py for tasks to queue
[2025-03-06T11:10:47.619+0000] {logging_mixin.py:190} INFO - [2025-03-06T11:10:47.619+0000] {dagbag.py:588} INFO - Filling up the DagBag from /home/airflow/.local/lib/python3.12/site-packages/airflow/example_dags/example_xcomargs.py
[2025-03-06T11:10:47.630+0000] {processor.py:925} INFO - DAG(s) 'example_xcom_args_with_operators', 'example_xcom_args' retrieved from /home/airflow/.local/lib/python3.12/site-packages/airflow/example_dags/example_xcomargs.py
[2025-03-06T11:10:47.649+0000] {logging_mixin.py:190} INFO - [2025-03-06T11:10:47.649+0000] {dag.py:3239} INFO - Sync 2 DAGs
[2025-03-06T11:10:47.662+0000] {logging_mixin.py:190} INFO - [2025-03-06T11:10:47.662+0000] {dag.py:4180} INFO - Setting next_dagrun for example_xcom_args to None, run_after=None
[2025-03-06T11:10:47.665+0000] {logging_mixin.py:190} INFO - [2025-03-06T11:10:47.665+0000] {dag.py:4180} INFO - Setting next_dagrun for example_xcom_args_with_operators to None, run_after=None
[2025-03-06T11:10:47.679+0000] {processor.py:208} INFO - Processing /home/airflow/.local/lib/python3.12/site-packages/airflow/example_dags/example_xcomargs.py took 0.067 seconds
[2025-03-06T11:11:18.608+0000] {processor.py:186} INFO - Started process (PID=1490) to work on /home/airflow/.local/lib/python3.12/site-packages/airflow/example_dags/example_xcomargs.py
[2025-03-06T11:11:18.609+0000] {processor.py:914} INFO - Processing file /home/airflow/.local/lib/python3.12/site-packages/airflow/example_dags/example_xcomargs.py for tasks to queue
[2025-03-06T11:11:18.611+0000] {logging_mixin.py:190} INFO - [2025-03-06T11:11:18.610+0000] {dagbag.py:588} INFO - Filling up the DagBag from /home/airflow/.local/lib/python3.12/site-packages/airflow/example_dags/example_xcomargs.py
[2025-03-06T11:11:18.622+0000] {processor.py:925} INFO - DAG(s) 'example_xcom_args_with_operators', 'example_xcom_args' retrieved from /home/airflow/.local/lib/python3.12/site-packages/airflow/example_dags/example_xcomargs.py
[2025-03-06T11:11:18.642+0000] {logging_mixin.py:190} INFO - [2025-03-06T11:11:18.642+0000] {dag.py:3239} INFO - Sync 2 DAGs
[2025-03-06T11:11:18.655+0000] {logging_mixin.py:190} INFO - [2025-03-06T11:11:18.655+0000] {dag.py:4180} INFO - Setting next_dagrun for example_xcom_args to None, run_after=None
[2025-03-06T11:11:18.659+0000] {logging_mixin.py:190} INFO - [2025-03-06T11:11:18.659+0000] {dag.py:4180} INFO - Setting next_dagrun for example_xcom_args_with_operators to None, run_after=None
[2025-03-06T11:11:18.674+0000] {processor.py:208} INFO - Processing /home/airflow/.local/lib/python3.12/site-packages/airflow/example_dags/example_xcomargs.py took 0.072 seconds
[2025-03-06T11:11:49.882+0000] {processor.py:186} INFO - Started process (PID=1565) to work on /home/airflow/.local/lib/python3.12/site-packages/airflow/example_dags/example_xcomargs.py
[2025-03-06T11:11:49.883+0000] {processor.py:914} INFO - Processing file /home/airflow/.local/lib/python3.12/site-packages/airflow/example_dags/example_xcomargs.py for tasks to queue
[2025-03-06T11:11:49.884+0000] {logging_mixin.py:190} INFO - [2025-03-06T11:11:49.884+0000] {dagbag.py:588} INFO - Filling up the DagBag from /home/airflow/.local/lib/python3.12/site-packages/airflow/example_dags/example_xcomargs.py
[2025-03-06T11:11:49.894+0000] {processor.py:925} INFO - DAG(s) 'example_xcom_args', 'example_xcom_args_with_operators' retrieved from /home/airflow/.local/lib/python3.12/site-packages/airflow/example_dags/example_xcomargs.py
[2025-03-06T11:11:49.913+0000] {logging_mixin.py:190} INFO - [2025-03-06T11:11:49.912+0000] {dag.py:3239} INFO - Sync 2 DAGs
[2025-03-06T11:11:49.927+0000] {logging_mixin.py:190} INFO - [2025-03-06T11:11:49.926+0000] {dag.py:4180} INFO - Setting next_dagrun for example_xcom_args to None, run_after=None
[2025-03-06T11:11:49.931+0000] {logging_mixin.py:190} INFO - [2025-03-06T11:11:49.931+0000] {dag.py:4180} INFO - Setting next_dagrun for example_xcom_args_with_operators to None, run_after=None
[2025-03-06T11:11:49.948+0000] {processor.py:208} INFO - Processing /home/airflow/.local/lib/python3.12/site-packages/airflow/example_dags/example_xcomargs.py took 0.073 seconds
[2025-03-06T11:12:20.775+0000] {processor.py:186} INFO - Started process (PID=1640) to work on /home/airflow/.local/lib/python3.12/site-packages/airflow/example_dags/example_xcomargs.py
[2025-03-06T11:12:20.776+0000] {processor.py:914} INFO - Processing file /home/airflow/.local/lib/python3.12/site-packages/airflow/example_dags/example_xcomargs.py for tasks to queue
[2025-03-06T11:12:20.777+0000] {logging_mixin.py:190} INFO - [2025-03-06T11:12:20.777+0000] {dagbag.py:588} INFO - Filling up the DagBag from /home/airflow/.local/lib/python3.12/site-packages/airflow/example_dags/example_xcomargs.py
[2025-03-06T11:12:20.788+0000] {processor.py:925} INFO - DAG(s) 'example_xcom_args_with_operators', 'example_xcom_args' retrieved from /home/airflow/.local/lib/python3.12/site-packages/airflow/example_dags/example_xcomargs.py
[2025-03-06T11:12:20.812+0000] {logging_mixin.py:190} INFO - [2025-03-06T11:12:20.811+0000] {dag.py:3239} INFO - Sync 2 DAGs
[2025-03-06T11:12:20.825+0000] {logging_mixin.py:190} INFO - [2025-03-06T11:12:20.825+0000] {dag.py:4180} INFO - Setting next_dagrun for example_xcom_args to None, run_after=None
[2025-03-06T11:12:20.830+0000] {logging_mixin.py:190} INFO - [2025-03-06T11:12:20.829+0000] {dag.py:4180} INFO - Setting next_dagrun for example_xcom_args_with_operators to None, run_after=None
[2025-03-06T11:12:20.849+0000] {processor.py:208} INFO - Processing /home/airflow/.local/lib/python3.12/site-packages/airflow/example_dags/example_xcomargs.py took 0.079 seconds
[2025-03-06T11:12:52.068+0000] {processor.py:186} INFO - Started process (PID=1716) to work on /home/airflow/.local/lib/python3.12/site-packages/airflow/example_dags/example_xcomargs.py
[2025-03-06T11:12:52.069+0000] {processor.py:914} INFO - Processing file /home/airflow/.local/lib/python3.12/site-packages/airflow/example_dags/example_xcomargs.py for tasks to queue
[2025-03-06T11:12:52.071+0000] {logging_mixin.py:190} INFO - [2025-03-06T11:12:52.070+0000] {dagbag.py:588} INFO - Filling up the DagBag from /home/airflow/.local/lib/python3.12/site-packages/airflow/example_dags/example_xcomargs.py
[2025-03-06T11:12:52.086+0000] {processor.py:925} INFO - DAG(s) 'example_xcom_args_with_operators', 'example_xcom_args' retrieved from /home/airflow/.local/lib/python3.12/site-packages/airflow/example_dags/example_xcomargs.py
[2025-03-06T11:12:52.111+0000] {logging_mixin.py:190} INFO - [2025-03-06T11:12:52.110+0000] {dag.py:3239} INFO - Sync 2 DAGs
[2025-03-06T11:12:52.126+0000] {logging_mixin.py:190} INFO - [2025-03-06T11:12:52.126+0000] {dag.py:4180} INFO - Setting next_dagrun for example_xcom_args to None, run_after=None
[2025-03-06T11:12:52.132+0000] {logging_mixin.py:190} INFO - [2025-03-06T11:12:52.132+0000] {dag.py:4180} INFO - Setting next_dagrun for example_xcom_args_with_operators to None, run_after=None
[2025-03-06T11:12:52.152+0000] {processor.py:208} INFO - Processing /home/airflow/.local/lib/python3.12/site-packages/airflow/example_dags/example_xcomargs.py took 0.090 seconds
[2025-03-06T11:13:23.969+0000] {processor.py:186} INFO - Started process (PID=1794) to work on /home/airflow/.local/lib/python3.12/site-packages/airflow/example_dags/example_xcomargs.py
[2025-03-06T11:13:23.970+0000] {processor.py:914} INFO - Processing file /home/airflow/.local/lib/python3.12/site-packages/airflow/example_dags/example_xcomargs.py for tasks to queue
[2025-03-06T11:13:23.972+0000] {logging_mixin.py:190} INFO - [2025-03-06T11:13:23.971+0000] {dagbag.py:588} INFO - Filling up the DagBag from /home/airflow/.local/lib/python3.12/site-packages/airflow/example_dags/example_xcomargs.py
[2025-03-06T11:13:23.981+0000] {processor.py:925} INFO - DAG(s) 'example_xcom_args_with_operators', 'example_xcom_args' retrieved from /home/airflow/.local/lib/python3.12/site-packages/airflow/example_dags/example_xcomargs.py
[2025-03-06T11:13:24.004+0000] {logging_mixin.py:190} INFO - [2025-03-06T11:13:24.004+0000] {dag.py:3239} INFO - Sync 2 DAGs
[2025-03-06T11:13:24.018+0000] {logging_mixin.py:190} INFO - [2025-03-06T11:13:24.018+0000] {dag.py:4180} INFO - Setting next_dagrun for example_xcom_args to None, run_after=None
[2025-03-06T11:13:24.022+0000] {logging_mixin.py:190} INFO - [2025-03-06T11:13:24.021+0000] {dag.py:4180} INFO - Setting next_dagrun for example_xcom_args_with_operators to None, run_after=None
[2025-03-06T11:13:24.039+0000] {processor.py:208} INFO - Processing /home/airflow/.local/lib/python3.12/site-packages/airflow/example_dags/example_xcomargs.py took 0.075 seconds
[2025-03-06T11:13:55.248+0000] {processor.py:186} INFO - Started process (PID=1869) to work on /home/airflow/.local/lib/python3.12/site-packages/airflow/example_dags/example_xcomargs.py
[2025-03-06T11:13:55.249+0000] {processor.py:914} INFO - Processing file /home/airflow/.local/lib/python3.12/site-packages/airflow/example_dags/example_xcomargs.py for tasks to queue
[2025-03-06T11:13:55.252+0000] {logging_mixin.py:190} INFO - [2025-03-06T11:13:55.251+0000] {dagbag.py:588} INFO - Filling up the DagBag from /home/airflow/.local/lib/python3.12/site-packages/airflow/example_dags/example_xcomargs.py
[2025-03-06T11:13:55.267+0000] {processor.py:925} INFO - DAG(s) 'example_xcom_args_with_operators', 'example_xcom_args' retrieved from /home/airflow/.local/lib/python3.12/site-packages/airflow/example_dags/example_xcomargs.py
[2025-03-06T11:13:55.297+0000] {logging_mixin.py:190} INFO - [2025-03-06T11:13:55.297+0000] {dag.py:3239} INFO - Sync 2 DAGs
[2025-03-06T11:13:55.317+0000] {logging_mixin.py:190} INFO - [2025-03-06T11:13:55.317+0000] {dag.py:4180} INFO - Setting next_dagrun for example_xcom_args to None, run_after=None
[2025-03-06T11:13:55.322+0000] {logging_mixin.py:190} INFO - [2025-03-06T11:13:55.322+0000] {dag.py:4180} INFO - Setting next_dagrun for example_xcom_args_with_operators to None, run_after=None
[2025-03-06T11:13:55.349+0000] {processor.py:208} INFO - Processing /home/airflow/.local/lib/python3.12/site-packages/airflow/example_dags/example_xcomargs.py took 0.108 seconds
[2025-03-06T11:14:27.027+0000] {processor.py:186} INFO - Started process (PID=1944) to work on /home/airflow/.local/lib/python3.12/site-packages/airflow/example_dags/example_xcomargs.py
[2025-03-06T11:14:27.029+0000] {processor.py:914} INFO - Processing file /home/airflow/.local/lib/python3.12/site-packages/airflow/example_dags/example_xcomargs.py for tasks to queue
[2025-03-06T11:14:27.031+0000] {logging_mixin.py:190} INFO - [2025-03-06T11:14:27.030+0000] {dagbag.py:588} INFO - Filling up the DagBag from /home/airflow/.local/lib/python3.12/site-packages/airflow/example_dags/example_xcomargs.py
[2025-03-06T11:14:27.047+0000] {processor.py:925} INFO - DAG(s) 'example_xcom_args', 'example_xcom_args_with_operators' retrieved from /home/airflow/.local/lib/python3.12/site-packages/airflow/example_dags/example_xcomargs.py
[2025-03-06T11:14:27.082+0000] {logging_mixin.py:190} INFO - [2025-03-06T11:14:27.082+0000] {dag.py:3239} INFO - Sync 2 DAGs
[2025-03-06T11:14:27.106+0000] {logging_mixin.py:190} INFO - [2025-03-06T11:14:27.106+0000] {dag.py:4180} INFO - Setting next_dagrun for example_xcom_args to None, run_after=None
[2025-03-06T11:14:27.113+0000] {logging_mixin.py:190} INFO - [2025-03-06T11:14:27.112+0000] {dag.py:4180} INFO - Setting next_dagrun for example_xcom_args_with_operators to None, run_after=None
[2025-03-06T11:14:27.138+0000] {processor.py:208} INFO - Processing /home/airflow/.local/lib/python3.12/site-packages/airflow/example_dags/example_xcomargs.py took 0.120 seconds
[2025-03-06T11:14:57.827+0000] {processor.py:186} INFO - Started process (PID=2019) to work on /home/airflow/.local/lib/python3.12/site-packages/airflow/example_dags/example_xcomargs.py
[2025-03-06T11:14:57.829+0000] {processor.py:914} INFO - Processing file /home/airflow/.local/lib/python3.12/site-packages/airflow/example_dags/example_xcomargs.py for tasks to queue
[2025-03-06T11:14:57.830+0000] {logging_mixin.py:190} INFO - [2025-03-06T11:14:57.830+0000] {dagbag.py:588} INFO - Filling up the DagBag from /home/airflow/.local/lib/python3.12/site-packages/airflow/example_dags/example_xcomargs.py
[2025-03-06T11:14:57.839+0000] {processor.py:925} INFO - DAG(s) 'example_xcom_args_with_operators', 'example_xcom_args' retrieved from /home/airflow/.local/lib/python3.12/site-packages/airflow/example_dags/example_xcomargs.py
[2025-03-06T11:14:57.858+0000] {logging_mixin.py:190} INFO - [2025-03-06T11:14:57.857+0000] {dag.py:3239} INFO - Sync 2 DAGs
[2025-03-06T11:14:57.869+0000] {logging_mixin.py:190} INFO - [2025-03-06T11:14:57.869+0000] {dag.py:4180} INFO - Setting next_dagrun for example_xcom_args to None, run_after=None
[2025-03-06T11:14:57.872+0000] {logging_mixin.py:190} INFO - [2025-03-06T11:14:57.872+0000] {dag.py:4180} INFO - Setting next_dagrun for example_xcom_args_with_operators to None, run_after=None
[2025-03-06T11:14:57.885+0000] {processor.py:208} INFO - Processing /home/airflow/.local/lib/python3.12/site-packages/airflow/example_dags/example_xcomargs.py took 0.063 seconds
[2025-03-06T11:15:29.432+0000] {processor.py:186} INFO - Started process (PID=2094) to work on /home/airflow/.local/lib/python3.12/site-packages/airflow/example_dags/example_xcomargs.py
[2025-03-06T11:15:29.433+0000] {processor.py:914} INFO - Processing file /home/airflow/.local/lib/python3.12/site-packages/airflow/example_dags/example_xcomargs.py for tasks to queue
[2025-03-06T11:15:29.434+0000] {logging_mixin.py:190} INFO - [2025-03-06T11:15:29.434+0000] {dagbag.py:588} INFO - Filling up the DagBag from /home/airflow/.local/lib/python3.12/site-packages/airflow/example_dags/example_xcomargs.py
[2025-03-06T11:15:29.445+0000] {processor.py:925} INFO - DAG(s) 'example_xcom_args_with_operators', 'example_xcom_args' retrieved from /home/airflow/.local/lib/python3.12/site-packages/airflow/example_dags/example_xcomargs.py
[2025-03-06T11:15:29.466+0000] {logging_mixin.py:190} INFO - [2025-03-06T11:15:29.465+0000] {dag.py:3239} INFO - Sync 2 DAGs
[2025-03-06T11:15:29.478+0000] {logging_mixin.py:190} INFO - [2025-03-06T11:15:29.478+0000] {dag.py:4180} INFO - Setting next_dagrun for example_xcom_args to None, run_after=None
[2025-03-06T11:15:29.482+0000] {logging_mixin.py:190} INFO - [2025-03-06T11:15:29.481+0000] {dag.py:4180} INFO - Setting next_dagrun for example_xcom_args_with_operators to None, run_after=None
[2025-03-06T11:15:29.497+0000] {processor.py:208} INFO - Processing /home/airflow/.local/lib/python3.12/site-packages/airflow/example_dags/example_xcomargs.py took 0.070 seconds
[2025-03-06T11:16:00.749+0000] {processor.py:186} INFO - Started process (PID=2175) to work on /home/airflow/.local/lib/python3.12/site-packages/airflow/example_dags/example_xcomargs.py
[2025-03-06T11:16:00.750+0000] {processor.py:914} INFO - Processing file /home/airflow/.local/lib/python3.12/site-packages/airflow/example_dags/example_xcomargs.py for tasks to queue
[2025-03-06T11:16:00.752+0000] {logging_mixin.py:190} INFO - [2025-03-06T11:16:00.752+0000] {dagbag.py:588} INFO - Filling up the DagBag from /home/airflow/.local/lib/python3.12/site-packages/airflow/example_dags/example_xcomargs.py
[2025-03-06T11:16:00.761+0000] {processor.py:925} INFO - DAG(s) 'example_xcom_args', 'example_xcom_args_with_operators' retrieved from /home/airflow/.local/lib/python3.12/site-packages/airflow/example_dags/example_xcomargs.py
[2025-03-06T11:16:00.783+0000] {logging_mixin.py:190} INFO - [2025-03-06T11:16:00.783+0000] {dag.py:3239} INFO - Sync 2 DAGs
[2025-03-06T11:16:00.798+0000] {logging_mixin.py:190} INFO - [2025-03-06T11:16:00.797+0000] {dag.py:4180} INFO - Setting next_dagrun for example_xcom_args to None, run_after=None
[2025-03-06T11:16:00.802+0000] {logging_mixin.py:190} INFO - [2025-03-06T11:16:00.802+0000] {dag.py:4180} INFO - Setting next_dagrun for example_xcom_args_with_operators to None, run_after=None
[2025-03-06T11:16:00.819+0000] {processor.py:208} INFO - Processing /home/airflow/.local/lib/python3.12/site-packages/airflow/example_dags/example_xcomargs.py took 0.075 seconds
[2025-03-06T11:16:32.445+0000] {processor.py:186} INFO - Started process (PID=2250) to work on /home/airflow/.local/lib/python3.12/site-packages/airflow/example_dags/example_xcomargs.py
[2025-03-06T11:16:32.446+0000] {processor.py:914} INFO - Processing file /home/airflow/.local/lib/python3.12/site-packages/airflow/example_dags/example_xcomargs.py for tasks to queue
[2025-03-06T11:16:32.448+0000] {logging_mixin.py:190} INFO - [2025-03-06T11:16:32.447+0000] {dagbag.py:588} INFO - Filling up the DagBag from /home/airflow/.local/lib/python3.12/site-packages/airflow/example_dags/example_xcomargs.py
[2025-03-06T11:16:32.456+0000] {processor.py:925} INFO - DAG(s) 'example_xcom_args', 'example_xcom_args_with_operators' retrieved from /home/airflow/.local/lib/python3.12/site-packages/airflow/example_dags/example_xcomargs.py
[2025-03-06T11:16:32.477+0000] {logging_mixin.py:190} INFO - [2025-03-06T11:16:32.477+0000] {dag.py:3239} INFO - Sync 2 DAGs
[2025-03-06T11:16:32.489+0000] {logging_mixin.py:190} INFO - [2025-03-06T11:16:32.489+0000] {dag.py:4180} INFO - Setting next_dagrun for example_xcom_args to None, run_after=None
[2025-03-06T11:16:32.494+0000] {logging_mixin.py:190} INFO - [2025-03-06T11:16:32.494+0000] {dag.py:4180} INFO - Setting next_dagrun for example_xcom_args_with_operators to None, run_after=None
[2025-03-06T11:16:32.511+0000] {processor.py:208} INFO - Processing /home/airflow/.local/lib/python3.12/site-packages/airflow/example_dags/example_xcomargs.py took 0.071 seconds
[2025-03-06T11:17:03.165+0000] {processor.py:186} INFO - Started process (PID=2325) to work on /home/airflow/.local/lib/python3.12/site-packages/airflow/example_dags/example_xcomargs.py
[2025-03-06T11:17:03.167+0000] {processor.py:914} INFO - Processing file /home/airflow/.local/lib/python3.12/site-packages/airflow/example_dags/example_xcomargs.py for tasks to queue
[2025-03-06T11:17:03.168+0000] {logging_mixin.py:190} INFO - [2025-03-06T11:17:03.168+0000] {dagbag.py:588} INFO - Filling up the DagBag from /home/airflow/.local/lib/python3.12/site-packages/airflow/example_dags/example_xcomargs.py
[2025-03-06T11:17:03.178+0000] {processor.py:925} INFO - DAG(s) 'example_xcom_args', 'example_xcom_args_with_operators' retrieved from /home/airflow/.local/lib/python3.12/site-packages/airflow/example_dags/example_xcomargs.py
[2025-03-06T11:17:03.197+0000] {logging_mixin.py:190} INFO - [2025-03-06T11:17:03.197+0000] {dag.py:3239} INFO - Sync 2 DAGs
[2025-03-06T11:17:03.209+0000] {logging_mixin.py:190} INFO - [2025-03-06T11:17:03.209+0000] {dag.py:4180} INFO - Setting next_dagrun for example_xcom_args to None, run_after=None
[2025-03-06T11:17:03.212+0000] {logging_mixin.py:190} INFO - [2025-03-06T11:17:03.212+0000] {dag.py:4180} INFO - Setting next_dagrun for example_xcom_args_with_operators to None, run_after=None
[2025-03-06T11:17:03.226+0000] {processor.py:208} INFO - Processing /home/airflow/.local/lib/python3.12/site-packages/airflow/example_dags/example_xcomargs.py took 0.065 seconds
[2025-03-06T11:17:34.053+0000] {processor.py:186} INFO - Started process (PID=2400) to work on /home/airflow/.local/lib/python3.12/site-packages/airflow/example_dags/example_xcomargs.py
[2025-03-06T11:17:34.054+0000] {processor.py:914} INFO - Processing file /home/airflow/.local/lib/python3.12/site-packages/airflow/example_dags/example_xcomargs.py for tasks to queue
[2025-03-06T11:17:34.056+0000] {logging_mixin.py:190} INFO - [2025-03-06T11:17:34.055+0000] {dagbag.py:588} INFO - Filling up the DagBag from /home/airflow/.local/lib/python3.12/site-packages/airflow/example_dags/example_xcomargs.py
[2025-03-06T11:17:34.065+0000] {processor.py:925} INFO - DAG(s) 'example_xcom_args', 'example_xcom_args_with_operators' retrieved from /home/airflow/.local/lib/python3.12/site-packages/airflow/example_dags/example_xcomargs.py
[2025-03-06T11:17:34.086+0000] {logging_mixin.py:190} INFO - [2025-03-06T11:17:34.086+0000] {dag.py:3239} INFO - Sync 2 DAGs
[2025-03-06T11:17:34.100+0000] {logging_mixin.py:190} INFO - [2025-03-06T11:17:34.100+0000] {dag.py:4180} INFO - Setting next_dagrun for example_xcom_args to None, run_after=None
[2025-03-06T11:17:34.105+0000] {logging_mixin.py:190} INFO - [2025-03-06T11:17:34.104+0000] {dag.py:4180} INFO - Setting next_dagrun for example_xcom_args_with_operators to None, run_after=None
[2025-03-06T11:17:34.120+0000] {processor.py:208} INFO - Processing /home/airflow/.local/lib/python3.12/site-packages/airflow/example_dags/example_xcomargs.py took 0.072 seconds
[2025-03-06T11:18:05.729+0000] {processor.py:186} INFO - Started process (PID=2475) to work on /home/airflow/.local/lib/python3.12/site-packages/airflow/example_dags/example_xcomargs.py
[2025-03-06T11:18:05.731+0000] {processor.py:914} INFO - Processing file /home/airflow/.local/lib/python3.12/site-packages/airflow/example_dags/example_xcomargs.py for tasks to queue
[2025-03-06T11:18:05.733+0000] {logging_mixin.py:190} INFO - [2025-03-06T11:18:05.732+0000] {dagbag.py:588} INFO - Filling up the DagBag from /home/airflow/.local/lib/python3.12/site-packages/airflow/example_dags/example_xcomargs.py
[2025-03-06T11:18:05.742+0000] {processor.py:925} INFO - DAG(s) 'example_xcom_args', 'example_xcom_args_with_operators' retrieved from /home/airflow/.local/lib/python3.12/site-packages/airflow/example_dags/example_xcomargs.py
[2025-03-06T11:18:05.761+0000] {logging_mixin.py:190} INFO - [2025-03-06T11:18:05.761+0000] {dag.py:3239} INFO - Sync 2 DAGs
[2025-03-06T11:18:05.774+0000] {logging_mixin.py:190} INFO - [2025-03-06T11:18:05.774+0000] {dag.py:4180} INFO - Setting next_dagrun for example_xcom_args to None, run_after=None
[2025-03-06T11:18:05.778+0000] {logging_mixin.py:190} INFO - [2025-03-06T11:18:05.778+0000] {dag.py:4180} INFO - Setting next_dagrun for example_xcom_args_with_operators to None, run_after=None
[2025-03-06T11:18:05.793+0000] {processor.py:208} INFO - Processing /home/airflow/.local/lib/python3.12/site-packages/airflow/example_dags/example_xcomargs.py took 0.069 seconds
[2025-03-06T11:18:37.459+0000] {processor.py:186} INFO - Started process (PID=2552) to work on /home/airflow/.local/lib/python3.12/site-packages/airflow/example_dags/example_xcomargs.py
[2025-03-06T11:18:37.460+0000] {processor.py:914} INFO - Processing file /home/airflow/.local/lib/python3.12/site-packages/airflow/example_dags/example_xcomargs.py for tasks to queue
[2025-03-06T11:18:37.461+0000] {logging_mixin.py:190} INFO - [2025-03-06T11:18:37.461+0000] {dagbag.py:588} INFO - Filling up the DagBag from /home/airflow/.local/lib/python3.12/site-packages/airflow/example_dags/example_xcomargs.py
[2025-03-06T11:18:37.472+0000] {processor.py:925} INFO - DAG(s) 'example_xcom_args_with_operators', 'example_xcom_args' retrieved from /home/airflow/.local/lib/python3.12/site-packages/airflow/example_dags/example_xcomargs.py
[2025-03-06T11:18:37.500+0000] {logging_mixin.py:190} INFO - [2025-03-06T11:18:37.500+0000] {dag.py:3239} INFO - Sync 2 DAGs
[2025-03-06T11:18:37.515+0000] {logging_mixin.py:190} INFO - [2025-03-06T11:18:37.515+0000] {dag.py:4180} INFO - Setting next_dagrun for example_xcom_args to None, run_after=None
[2025-03-06T11:18:37.519+0000] {logging_mixin.py:190} INFO - [2025-03-06T11:18:37.519+0000] {dag.py:4180} INFO - Setting next_dagrun for example_xcom_args_with_operators to None, run_after=None
[2025-03-06T11:18:37.534+0000] {processor.py:208} INFO - Processing /home/airflow/.local/lib/python3.12/site-packages/airflow/example_dags/example_xcomargs.py took 0.080 seconds
