[2025-03-06T04:34:25.063+0000] {processor.py:186} INFO - Started process (PID=14354) to work on /home/airflow/.local/lib/python3.12/site-packages/airflow/example_dags/example_branch_operator.py
[2025-03-06T04:34:25.064+0000] {processor.py:914} INFO - Processing file /home/airflow/.local/lib/python3.12/site-packages/airflow/example_dags/example_branch_operator.py for tasks to queue
[2025-03-06T04:34:25.068+0000] {logging_mixin.py:190} INFO - [2025-03-06T04:34:25.068+0000] {dagbag.py:588} INFO - Filling up the DagBag from /home/airflow/.local/lib/python3.12/site-packages/airflow/example_dags/example_branch_operator.py
[2025-03-06T04:34:25.102+0000] {processor.py:925} INFO - DAG(s) 'example_branch_operator' retrieved from /home/airflow/.local/lib/python3.12/site-packages/airflow/example_dags/example_branch_operator.py
[2025-03-06T04:34:25.230+0000] {logging_mixin.py:190} INFO - [2025-03-06T04:34:25.229+0000] {dag.py:3239} INFO - Sync 1 DAGs
[2025-03-06T04:34:25.352+0000] {logging_mixin.py:190} INFO - [2025-03-06T04:34:25.351+0000] {dag.py:4180} INFO - Setting next_dagrun for example_branch_operator to 2025-03-05 00:00:00+00:00, run_after=2025-03-06 00:00:00+00:00
[2025-03-06T04:34:25.394+0000] {processor.py:208} INFO - Processing /home/airflow/.local/lib/python3.12/site-packages/airflow/example_dags/example_branch_operator.py took 0.342 seconds
[2025-03-06T04:34:56.417+0000] {processor.py:186} INFO - Started process (PID=14429) to work on /home/airflow/.local/lib/python3.12/site-packages/airflow/example_dags/example_branch_operator.py
[2025-03-06T04:34:56.419+0000] {processor.py:914} INFO - Processing file /home/airflow/.local/lib/python3.12/site-packages/airflow/example_dags/example_branch_operator.py for tasks to queue
[2025-03-06T04:34:56.422+0000] {logging_mixin.py:190} INFO - [2025-03-06T04:34:56.422+0000] {dagbag.py:588} INFO - Filling up the DagBag from /home/airflow/.local/lib/python3.12/site-packages/airflow/example_dags/example_branch_operator.py
[2025-03-06T04:34:56.451+0000] {processor.py:925} INFO - DAG(s) 'example_branch_operator' retrieved from /home/airflow/.local/lib/python3.12/site-packages/airflow/example_dags/example_branch_operator.py
[2025-03-06T04:34:56.494+0000] {logging_mixin.py:190} INFO - [2025-03-06T04:34:56.494+0000] {dag.py:3239} INFO - Sync 1 DAGs
[2025-03-06T04:34:56.531+0000] {logging_mixin.py:190} INFO - [2025-03-06T04:34:56.531+0000] {dag.py:4180} INFO - Setting next_dagrun for example_branch_operator to 2025-03-05 00:00:00+00:00, run_after=2025-03-06 00:00:00+00:00
[2025-03-06T04:34:56.559+0000] {processor.py:208} INFO - Processing /home/airflow/.local/lib/python3.12/site-packages/airflow/example_dags/example_branch_operator.py took 0.151 seconds
[2025-03-06T04:35:26.953+0000] {processor.py:186} INFO - Started process (PID=14492) to work on /home/airflow/.local/lib/python3.12/site-packages/airflow/example_dags/example_branch_operator.py
[2025-03-06T04:35:26.954+0000] {processor.py:914} INFO - Processing file /home/airflow/.local/lib/python3.12/site-packages/airflow/example_dags/example_branch_operator.py for tasks to queue
[2025-03-06T04:35:26.956+0000] {logging_mixin.py:190} INFO - [2025-03-06T04:35:26.955+0000] {dagbag.py:588} INFO - Filling up the DagBag from /home/airflow/.local/lib/python3.12/site-packages/airflow/example_dags/example_branch_operator.py
[2025-03-06T04:35:26.969+0000] {processor.py:925} INFO - DAG(s) 'example_branch_operator' retrieved from /home/airflow/.local/lib/python3.12/site-packages/airflow/example_dags/example_branch_operator.py
[2025-03-06T04:35:26.996+0000] {logging_mixin.py:190} INFO - [2025-03-06T04:35:26.995+0000] {dag.py:3239} INFO - Sync 1 DAGs
[2025-03-06T04:35:27.033+0000] {logging_mixin.py:190} INFO - [2025-03-06T04:35:27.033+0000] {dag.py:4180} INFO - Setting next_dagrun for example_branch_operator to 2025-03-05 00:00:00+00:00, run_after=2025-03-06 00:00:00+00:00
[2025-03-06T04:35:27.060+0000] {processor.py:208} INFO - Processing /home/airflow/.local/lib/python3.12/site-packages/airflow/example_dags/example_branch_operator.py took 0.112 seconds
[2025-03-06T04:35:57.512+0000] {processor.py:186} INFO - Started process (PID=14566) to work on /home/airflow/.local/lib/python3.12/site-packages/airflow/example_dags/example_branch_operator.py
[2025-03-06T04:35:57.514+0000] {processor.py:914} INFO - Processing file /home/airflow/.local/lib/python3.12/site-packages/airflow/example_dags/example_branch_operator.py for tasks to queue
[2025-03-06T04:35:57.517+0000] {logging_mixin.py:190} INFO - [2025-03-06T04:35:57.517+0000] {dagbag.py:588} INFO - Filling up the DagBag from /home/airflow/.local/lib/python3.12/site-packages/airflow/example_dags/example_branch_operator.py
[2025-03-06T04:35:57.543+0000] {processor.py:925} INFO - DAG(s) 'example_branch_operator' retrieved from /home/airflow/.local/lib/python3.12/site-packages/airflow/example_dags/example_branch_operator.py
[2025-03-06T04:35:57.584+0000] {logging_mixin.py:190} INFO - [2025-03-06T04:35:57.583+0000] {dag.py:3239} INFO - Sync 1 DAGs
[2025-03-06T04:35:57.622+0000] {logging_mixin.py:190} INFO - [2025-03-06T04:35:57.622+0000] {dag.py:4180} INFO - Setting next_dagrun for example_branch_operator to 2025-03-05 00:00:00+00:00, run_after=2025-03-06 00:00:00+00:00
[2025-03-06T04:35:57.668+0000] {processor.py:208} INFO - Processing /home/airflow/.local/lib/python3.12/site-packages/airflow/example_dags/example_branch_operator.py took 0.164 seconds
[2025-03-06T04:36:27.835+0000] {processor.py:186} INFO - Started process (PID=14641) to work on /home/airflow/.local/lib/python3.12/site-packages/airflow/example_dags/example_branch_operator.py
[2025-03-06T04:36:27.837+0000] {processor.py:914} INFO - Processing file /home/airflow/.local/lib/python3.12/site-packages/airflow/example_dags/example_branch_operator.py for tasks to queue
[2025-03-06T04:36:27.840+0000] {logging_mixin.py:190} INFO - [2025-03-06T04:36:27.840+0000] {dagbag.py:588} INFO - Filling up the DagBag from /home/airflow/.local/lib/python3.12/site-packages/airflow/example_dags/example_branch_operator.py
[2025-03-06T04:36:27.862+0000] {processor.py:925} INFO - DAG(s) 'example_branch_operator' retrieved from /home/airflow/.local/lib/python3.12/site-packages/airflow/example_dags/example_branch_operator.py
[2025-03-06T04:36:27.911+0000] {logging_mixin.py:190} INFO - [2025-03-06T04:36:27.910+0000] {dag.py:3239} INFO - Sync 1 DAGs
[2025-03-06T04:36:27.947+0000] {logging_mixin.py:190} INFO - [2025-03-06T04:36:27.947+0000] {dag.py:4180} INFO - Setting next_dagrun for example_branch_operator to 2025-03-05 00:00:00+00:00, run_after=2025-03-06 00:00:00+00:00
[2025-03-06T04:36:27.978+0000] {processor.py:208} INFO - Processing /home/airflow/.local/lib/python3.12/site-packages/airflow/example_dags/example_branch_operator.py took 0.150 seconds
[2025-03-06T04:36:58.565+0000] {processor.py:186} INFO - Started process (PID=14717) to work on /home/airflow/.local/lib/python3.12/site-packages/airflow/example_dags/example_branch_operator.py
[2025-03-06T04:36:58.567+0000] {processor.py:914} INFO - Processing file /home/airflow/.local/lib/python3.12/site-packages/airflow/example_dags/example_branch_operator.py for tasks to queue
[2025-03-06T04:36:58.569+0000] {logging_mixin.py:190} INFO - [2025-03-06T04:36:58.569+0000] {dagbag.py:588} INFO - Filling up the DagBag from /home/airflow/.local/lib/python3.12/site-packages/airflow/example_dags/example_branch_operator.py
[2025-03-06T04:36:58.587+0000] {processor.py:925} INFO - DAG(s) 'example_branch_operator' retrieved from /home/airflow/.local/lib/python3.12/site-packages/airflow/example_dags/example_branch_operator.py
[2025-03-06T04:36:58.619+0000] {logging_mixin.py:190} INFO - [2025-03-06T04:36:58.619+0000] {dag.py:3239} INFO - Sync 1 DAGs
[2025-03-06T04:36:58.642+0000] {logging_mixin.py:190} INFO - [2025-03-06T04:36:58.642+0000] {dag.py:4180} INFO - Setting next_dagrun for example_branch_operator to 2025-03-05 00:00:00+00:00, run_after=2025-03-06 00:00:00+00:00
[2025-03-06T04:36:58.672+0000] {processor.py:208} INFO - Processing /home/airflow/.local/lib/python3.12/site-packages/airflow/example_dags/example_branch_operator.py took 0.112 seconds
[2025-03-06T04:37:29.077+0000] {processor.py:186} INFO - Started process (PID=14792) to work on /home/airflow/.local/lib/python3.12/site-packages/airflow/example_dags/example_branch_operator.py
[2025-03-06T04:37:29.078+0000] {processor.py:914} INFO - Processing file /home/airflow/.local/lib/python3.12/site-packages/airflow/example_dags/example_branch_operator.py for tasks to queue
[2025-03-06T04:37:29.080+0000] {logging_mixin.py:190} INFO - [2025-03-06T04:37:29.080+0000] {dagbag.py:588} INFO - Filling up the DagBag from /home/airflow/.local/lib/python3.12/site-packages/airflow/example_dags/example_branch_operator.py
[2025-03-06T04:37:29.094+0000] {processor.py:925} INFO - DAG(s) 'example_branch_operator' retrieved from /home/airflow/.local/lib/python3.12/site-packages/airflow/example_dags/example_branch_operator.py
[2025-03-06T04:37:29.121+0000] {logging_mixin.py:190} INFO - [2025-03-06T04:37:29.121+0000] {dag.py:3239} INFO - Sync 1 DAGs
[2025-03-06T04:37:29.140+0000] {logging_mixin.py:190} INFO - [2025-03-06T04:37:29.140+0000] {dag.py:4180} INFO - Setting next_dagrun for example_branch_operator to 2025-03-05 00:00:00+00:00, run_after=2025-03-06 00:00:00+00:00
[2025-03-06T04:37:29.156+0000] {processor.py:208} INFO - Processing /home/airflow/.local/lib/python3.12/site-packages/airflow/example_dags/example_branch_operator.py took 0.084 seconds
[2025-03-06T04:37:59.577+0000] {processor.py:186} INFO - Started process (PID=14866) to work on /home/airflow/.local/lib/python3.12/site-packages/airflow/example_dags/example_branch_operator.py
[2025-03-06T04:37:59.578+0000] {processor.py:914} INFO - Processing file /home/airflow/.local/lib/python3.12/site-packages/airflow/example_dags/example_branch_operator.py for tasks to queue
[2025-03-06T04:37:59.580+0000] {logging_mixin.py:190} INFO - [2025-03-06T04:37:59.580+0000] {dagbag.py:588} INFO - Filling up the DagBag from /home/airflow/.local/lib/python3.12/site-packages/airflow/example_dags/example_branch_operator.py
[2025-03-06T04:37:59.594+0000] {processor.py:925} INFO - DAG(s) 'example_branch_operator' retrieved from /home/airflow/.local/lib/python3.12/site-packages/airflow/example_dags/example_branch_operator.py
[2025-03-06T04:37:59.618+0000] {logging_mixin.py:190} INFO - [2025-03-06T04:37:59.618+0000] {dag.py:3239} INFO - Sync 1 DAGs
[2025-03-06T04:37:59.637+0000] {logging_mixin.py:190} INFO - [2025-03-06T04:37:59.637+0000] {dag.py:4180} INFO - Setting next_dagrun for example_branch_operator to 2025-03-05 00:00:00+00:00, run_after=2025-03-06 00:00:00+00:00
[2025-03-06T04:37:59.655+0000] {processor.py:208} INFO - Processing /home/airflow/.local/lib/python3.12/site-packages/airflow/example_dags/example_branch_operator.py took 0.083 seconds
[2025-03-06T04:38:30.274+0000] {processor.py:186} INFO - Started process (PID=14941) to work on /home/airflow/.local/lib/python3.12/site-packages/airflow/example_dags/example_branch_operator.py
[2025-03-06T04:38:30.275+0000] {processor.py:914} INFO - Processing file /home/airflow/.local/lib/python3.12/site-packages/airflow/example_dags/example_branch_operator.py for tasks to queue
[2025-03-06T04:38:30.278+0000] {logging_mixin.py:190} INFO - [2025-03-06T04:38:30.277+0000] {dagbag.py:588} INFO - Filling up the DagBag from /home/airflow/.local/lib/python3.12/site-packages/airflow/example_dags/example_branch_operator.py
[2025-03-06T04:38:30.296+0000] {processor.py:925} INFO - DAG(s) 'example_branch_operator' retrieved from /home/airflow/.local/lib/python3.12/site-packages/airflow/example_dags/example_branch_operator.py
[2025-03-06T04:38:30.329+0000] {logging_mixin.py:190} INFO - [2025-03-06T04:38:30.328+0000] {dag.py:3239} INFO - Sync 1 DAGs
[2025-03-06T04:38:30.357+0000] {logging_mixin.py:190} INFO - [2025-03-06T04:38:30.356+0000] {dag.py:4180} INFO - Setting next_dagrun for example_branch_operator to 2025-03-05 00:00:00+00:00, run_after=2025-03-06 00:00:00+00:00
[2025-03-06T04:38:30.384+0000] {processor.py:208} INFO - Processing /home/airflow/.local/lib/python3.12/site-packages/airflow/example_dags/example_branch_operator.py took 0.115 seconds
[2025-03-06T04:39:00.681+0000] {processor.py:186} INFO - Started process (PID=15016) to work on /home/airflow/.local/lib/python3.12/site-packages/airflow/example_dags/example_branch_operator.py
[2025-03-06T04:39:00.682+0000] {processor.py:914} INFO - Processing file /home/airflow/.local/lib/python3.12/site-packages/airflow/example_dags/example_branch_operator.py for tasks to queue
[2025-03-06T04:39:00.684+0000] {logging_mixin.py:190} INFO - [2025-03-06T04:39:00.684+0000] {dagbag.py:588} INFO - Filling up the DagBag from /home/airflow/.local/lib/python3.12/site-packages/airflow/example_dags/example_branch_operator.py
[2025-03-06T04:39:00.698+0000] {processor.py:925} INFO - DAG(s) 'example_branch_operator' retrieved from /home/airflow/.local/lib/python3.12/site-packages/airflow/example_dags/example_branch_operator.py
[2025-03-06T04:39:00.722+0000] {logging_mixin.py:190} INFO - [2025-03-06T04:39:00.721+0000] {dag.py:3239} INFO - Sync 1 DAGs
[2025-03-06T04:39:00.741+0000] {logging_mixin.py:190} INFO - [2025-03-06T04:39:00.741+0000] {dag.py:4180} INFO - Setting next_dagrun for example_branch_operator to 2025-03-05 00:00:00+00:00, run_after=2025-03-06 00:00:00+00:00
[2025-03-06T04:39:00.777+0000] {processor.py:208} INFO - Processing /home/airflow/.local/lib/python3.12/site-packages/airflow/example_dags/example_branch_operator.py took 0.101 seconds
[2025-03-06T04:39:31.096+0000] {processor.py:186} INFO - Started process (PID=15091) to work on /home/airflow/.local/lib/python3.12/site-packages/airflow/example_dags/example_branch_operator.py
[2025-03-06T04:39:31.097+0000] {processor.py:914} INFO - Processing file /home/airflow/.local/lib/python3.12/site-packages/airflow/example_dags/example_branch_operator.py for tasks to queue
[2025-03-06T04:39:31.099+0000] {logging_mixin.py:190} INFO - [2025-03-06T04:39:31.099+0000] {dagbag.py:588} INFO - Filling up the DagBag from /home/airflow/.local/lib/python3.12/site-packages/airflow/example_dags/example_branch_operator.py
[2025-03-06T04:39:31.115+0000] {processor.py:925} INFO - DAG(s) 'example_branch_operator' retrieved from /home/airflow/.local/lib/python3.12/site-packages/airflow/example_dags/example_branch_operator.py
[2025-03-06T04:39:31.138+0000] {logging_mixin.py:190} INFO - [2025-03-06T04:39:31.138+0000] {dag.py:3239} INFO - Sync 1 DAGs
[2025-03-06T04:39:31.159+0000] {logging_mixin.py:190} INFO - [2025-03-06T04:39:31.159+0000] {dag.py:4180} INFO - Setting next_dagrun for example_branch_operator to 2025-03-05 00:00:00+00:00, run_after=2025-03-06 00:00:00+00:00
[2025-03-06T04:39:31.178+0000] {processor.py:208} INFO - Processing /home/airflow/.local/lib/python3.12/site-packages/airflow/example_dags/example_branch_operator.py took 0.087 seconds
[2025-03-06T04:40:01.232+0000] {processor.py:186} INFO - Started process (PID=15167) to work on /home/airflow/.local/lib/python3.12/site-packages/airflow/example_dags/example_branch_operator.py
[2025-03-06T04:40:01.234+0000] {processor.py:914} INFO - Processing file /home/airflow/.local/lib/python3.12/site-packages/airflow/example_dags/example_branch_operator.py for tasks to queue
[2025-03-06T04:40:01.236+0000] {logging_mixin.py:190} INFO - [2025-03-06T04:40:01.236+0000] {dagbag.py:588} INFO - Filling up the DagBag from /home/airflow/.local/lib/python3.12/site-packages/airflow/example_dags/example_branch_operator.py
[2025-03-06T04:40:01.255+0000] {processor.py:925} INFO - DAG(s) 'example_branch_operator' retrieved from /home/airflow/.local/lib/python3.12/site-packages/airflow/example_dags/example_branch_operator.py
[2025-03-06T04:40:01.280+0000] {logging_mixin.py:190} INFO - [2025-03-06T04:40:01.280+0000] {dag.py:3239} INFO - Sync 1 DAGs
[2025-03-06T04:40:01.302+0000] {logging_mixin.py:190} INFO - [2025-03-06T04:40:01.302+0000] {dag.py:4180} INFO - Setting next_dagrun for example_branch_operator to 2025-03-05 00:00:00+00:00, run_after=2025-03-06 00:00:00+00:00
[2025-03-06T04:40:01.320+0000] {processor.py:208} INFO - Processing /home/airflow/.local/lib/python3.12/site-packages/airflow/example_dags/example_branch_operator.py took 0.095 seconds
[2025-03-06T04:40:31.490+0000] {processor.py:186} INFO - Started process (PID=15242) to work on /home/airflow/.local/lib/python3.12/site-packages/airflow/example_dags/example_branch_operator.py
[2025-03-06T04:40:31.492+0000] {processor.py:914} INFO - Processing file /home/airflow/.local/lib/python3.12/site-packages/airflow/example_dags/example_branch_operator.py for tasks to queue
[2025-03-06T04:40:31.494+0000] {logging_mixin.py:190} INFO - [2025-03-06T04:40:31.494+0000] {dagbag.py:588} INFO - Filling up the DagBag from /home/airflow/.local/lib/python3.12/site-packages/airflow/example_dags/example_branch_operator.py
[2025-03-06T04:40:31.511+0000] {processor.py:925} INFO - DAG(s) 'example_branch_operator' retrieved from /home/airflow/.local/lib/python3.12/site-packages/airflow/example_dags/example_branch_operator.py
[2025-03-06T04:40:31.541+0000] {logging_mixin.py:190} INFO - [2025-03-06T04:40:31.541+0000] {dag.py:3239} INFO - Sync 1 DAGs
[2025-03-06T04:40:31.565+0000] {logging_mixin.py:190} INFO - [2025-03-06T04:40:31.565+0000] {dag.py:4180} INFO - Setting next_dagrun for example_branch_operator to 2025-03-05 00:00:00+00:00, run_after=2025-03-06 00:00:00+00:00
[2025-03-06T04:40:31.589+0000] {processor.py:208} INFO - Processing /home/airflow/.local/lib/python3.12/site-packages/airflow/example_dags/example_branch_operator.py took 0.104 seconds
[2025-03-06T04:41:02.351+0000] {processor.py:186} INFO - Started process (PID=15317) to work on /home/airflow/.local/lib/python3.12/site-packages/airflow/example_dags/example_branch_operator.py
[2025-03-06T04:41:02.352+0000] {processor.py:914} INFO - Processing file /home/airflow/.local/lib/python3.12/site-packages/airflow/example_dags/example_branch_operator.py for tasks to queue
[2025-03-06T04:41:02.354+0000] {logging_mixin.py:190} INFO - [2025-03-06T04:41:02.354+0000] {dagbag.py:588} INFO - Filling up the DagBag from /home/airflow/.local/lib/python3.12/site-packages/airflow/example_dags/example_branch_operator.py
[2025-03-06T04:41:02.367+0000] {processor.py:925} INFO - DAG(s) 'example_branch_operator' retrieved from /home/airflow/.local/lib/python3.12/site-packages/airflow/example_dags/example_branch_operator.py
[2025-03-06T04:41:02.490+0000] {logging_mixin.py:190} INFO - [2025-03-06T04:41:02.490+0000] {dag.py:3239} INFO - Sync 1 DAGs
[2025-03-06T04:41:02.512+0000] {logging_mixin.py:190} INFO - [2025-03-06T04:41:02.511+0000] {dag.py:4180} INFO - Setting next_dagrun for example_branch_operator to 2025-03-05 00:00:00+00:00, run_after=2025-03-06 00:00:00+00:00
[2025-03-06T04:41:02.531+0000] {processor.py:208} INFO - Processing /home/airflow/.local/lib/python3.12/site-packages/airflow/example_dags/example_branch_operator.py took 0.185 seconds
[2025-03-06T04:41:32.631+0000] {processor.py:186} INFO - Started process (PID=15392) to work on /home/airflow/.local/lib/python3.12/site-packages/airflow/example_dags/example_branch_operator.py
[2025-03-06T04:41:32.633+0000] {processor.py:914} INFO - Processing file /home/airflow/.local/lib/python3.12/site-packages/airflow/example_dags/example_branch_operator.py for tasks to queue
[2025-03-06T04:41:32.636+0000] {logging_mixin.py:190} INFO - [2025-03-06T04:41:32.635+0000] {dagbag.py:588} INFO - Filling up the DagBag from /home/airflow/.local/lib/python3.12/site-packages/airflow/example_dags/example_branch_operator.py
[2025-03-06T04:41:32.653+0000] {processor.py:925} INFO - DAG(s) 'example_branch_operator' retrieved from /home/airflow/.local/lib/python3.12/site-packages/airflow/example_dags/example_branch_operator.py
[2025-03-06T04:41:32.682+0000] {logging_mixin.py:190} INFO - [2025-03-06T04:41:32.681+0000] {dag.py:3239} INFO - Sync 1 DAGs
[2025-03-06T04:41:32.704+0000] {logging_mixin.py:190} INFO - [2025-03-06T04:41:32.704+0000] {dag.py:4180} INFO - Setting next_dagrun for example_branch_operator to 2025-03-05 00:00:00+00:00, run_after=2025-03-06 00:00:00+00:00
[2025-03-06T04:41:32.723+0000] {processor.py:208} INFO - Processing /home/airflow/.local/lib/python3.12/site-packages/airflow/example_dags/example_branch_operator.py took 0.096 seconds
[2025-03-06T04:42:02.871+0000] {processor.py:186} INFO - Started process (PID=15467) to work on /home/airflow/.local/lib/python3.12/site-packages/airflow/example_dags/example_branch_operator.py
[2025-03-06T04:42:02.872+0000] {processor.py:914} INFO - Processing file /home/airflow/.local/lib/python3.12/site-packages/airflow/example_dags/example_branch_operator.py for tasks to queue
[2025-03-06T04:42:02.874+0000] {logging_mixin.py:190} INFO - [2025-03-06T04:42:02.874+0000] {dagbag.py:588} INFO - Filling up the DagBag from /home/airflow/.local/lib/python3.12/site-packages/airflow/example_dags/example_branch_operator.py
[2025-03-06T04:42:02.892+0000] {processor.py:925} INFO - DAG(s) 'example_branch_operator' retrieved from /home/airflow/.local/lib/python3.12/site-packages/airflow/example_dags/example_branch_operator.py
[2025-03-06T04:42:02.922+0000] {logging_mixin.py:190} INFO - [2025-03-06T04:42:02.922+0000] {dag.py:3239} INFO - Sync 1 DAGs
[2025-03-06T04:42:02.951+0000] {logging_mixin.py:190} INFO - [2025-03-06T04:42:02.951+0000] {dag.py:4180} INFO - Setting next_dagrun for example_branch_operator to 2025-03-05 00:00:00+00:00, run_after=2025-03-06 00:00:00+00:00
[2025-03-06T04:42:02.971+0000] {processor.py:208} INFO - Processing /home/airflow/.local/lib/python3.12/site-packages/airflow/example_dags/example_branch_operator.py took 0.107 seconds
[2025-03-06T04:42:33.189+0000] {processor.py:186} INFO - Started process (PID=15542) to work on /home/airflow/.local/lib/python3.12/site-packages/airflow/example_dags/example_branch_operator.py
[2025-03-06T04:42:33.190+0000] {processor.py:914} INFO - Processing file /home/airflow/.local/lib/python3.12/site-packages/airflow/example_dags/example_branch_operator.py for tasks to queue
[2025-03-06T04:42:33.193+0000] {logging_mixin.py:190} INFO - [2025-03-06T04:42:33.192+0000] {dagbag.py:588} INFO - Filling up the DagBag from /home/airflow/.local/lib/python3.12/site-packages/airflow/example_dags/example_branch_operator.py
[2025-03-06T04:42:33.208+0000] {processor.py:925} INFO - DAG(s) 'example_branch_operator' retrieved from /home/airflow/.local/lib/python3.12/site-packages/airflow/example_dags/example_branch_operator.py
[2025-03-06T04:42:33.235+0000] {logging_mixin.py:190} INFO - [2025-03-06T04:42:33.235+0000] {dag.py:3239} INFO - Sync 1 DAGs
[2025-03-06T04:42:33.257+0000] {logging_mixin.py:190} INFO - [2025-03-06T04:42:33.256+0000] {dag.py:4180} INFO - Setting next_dagrun for example_branch_operator to 2025-03-05 00:00:00+00:00, run_after=2025-03-06 00:00:00+00:00
[2025-03-06T04:42:33.277+0000] {processor.py:208} INFO - Processing /home/airflow/.local/lib/python3.12/site-packages/airflow/example_dags/example_branch_operator.py took 0.093 seconds
[2025-03-06T11:00:59.906+0000] {processor.py:186} INFO - Started process (PID=109) to work on /home/airflow/.local/lib/python3.12/site-packages/airflow/example_dags/example_branch_operator.py
[2025-03-06T11:00:59.908+0000] {processor.py:914} INFO - Processing file /home/airflow/.local/lib/python3.12/site-packages/airflow/example_dags/example_branch_operator.py for tasks to queue
[2025-03-06T11:00:59.912+0000] {logging_mixin.py:190} INFO - [2025-03-06T11:00:59.911+0000] {dagbag.py:588} INFO - Filling up the DagBag from /home/airflow/.local/lib/python3.12/site-packages/airflow/example_dags/example_branch_operator.py
[2025-03-06T11:00:59.961+0000] {processor.py:925} INFO - DAG(s) 'example_branch_operator' retrieved from /home/airflow/.local/lib/python3.12/site-packages/airflow/example_dags/example_branch_operator.py
[2025-03-06T11:01:00.731+0000] {logging_mixin.py:190} INFO - [2025-03-06T11:01:00.731+0000] {dag.py:3239} INFO - Sync 1 DAGs
[2025-03-06T11:01:00.787+0000] {logging_mixin.py:190} INFO - [2025-03-06T11:01:00.786+0000] {dag.py:4180} INFO - Setting next_dagrun for example_branch_operator to 2025-03-05 00:00:00+00:00, run_after=2025-03-06 00:00:00+00:00
[2025-03-06T11:01:00.852+0000] {processor.py:208} INFO - Processing /home/airflow/.local/lib/python3.12/site-packages/airflow/example_dags/example_branch_operator.py took 0.955 seconds
[2025-03-06T11:01:31.155+0000] {processor.py:186} INFO - Started process (PID=183) to work on /home/airflow/.local/lib/python3.12/site-packages/airflow/example_dags/example_branch_operator.py
[2025-03-06T11:01:31.159+0000] {processor.py:914} INFO - Processing file /home/airflow/.local/lib/python3.12/site-packages/airflow/example_dags/example_branch_operator.py for tasks to queue
[2025-03-06T11:01:31.165+0000] {logging_mixin.py:190} INFO - [2025-03-06T11:01:31.164+0000] {dagbag.py:588} INFO - Filling up the DagBag from /home/airflow/.local/lib/python3.12/site-packages/airflow/example_dags/example_branch_operator.py
[2025-03-06T11:01:31.197+0000] {processor.py:925} INFO - DAG(s) 'example_branch_operator' retrieved from /home/airflow/.local/lib/python3.12/site-packages/airflow/example_dags/example_branch_operator.py
[2025-03-06T11:01:31.253+0000] {logging_mixin.py:190} INFO - [2025-03-06T11:01:31.253+0000] {dag.py:3239} INFO - Sync 1 DAGs
[2025-03-06T11:01:31.292+0000] {logging_mixin.py:190} INFO - [2025-03-06T11:01:31.292+0000] {dag.py:4180} INFO - Setting next_dagrun for example_branch_operator to 2025-03-05 00:00:00+00:00, run_after=2025-03-06 00:00:00+00:00
[2025-03-06T11:01:31.318+0000] {processor.py:208} INFO - Processing /home/airflow/.local/lib/python3.12/site-packages/airflow/example_dags/example_branch_operator.py took 0.178 seconds
[2025-03-06T11:02:01.743+0000] {processor.py:186} INFO - Started process (PID=246) to work on /home/airflow/.local/lib/python3.12/site-packages/airflow/example_dags/example_branch_operator.py
[2025-03-06T11:02:01.745+0000] {processor.py:914} INFO - Processing file /home/airflow/.local/lib/python3.12/site-packages/airflow/example_dags/example_branch_operator.py for tasks to queue
[2025-03-06T11:02:01.747+0000] {logging_mixin.py:190} INFO - [2025-03-06T11:02:01.747+0000] {dagbag.py:588} INFO - Filling up the DagBag from /home/airflow/.local/lib/python3.12/site-packages/airflow/example_dags/example_branch_operator.py
[2025-03-06T11:02:01.760+0000] {processor.py:925} INFO - DAG(s) 'example_branch_operator' retrieved from /home/airflow/.local/lib/python3.12/site-packages/airflow/example_dags/example_branch_operator.py
[2025-03-06T11:02:01.783+0000] {logging_mixin.py:190} INFO - [2025-03-06T11:02:01.783+0000] {dag.py:3239} INFO - Sync 1 DAGs
[2025-03-06T11:02:01.802+0000] {logging_mixin.py:190} INFO - [2025-03-06T11:02:01.802+0000] {dag.py:4180} INFO - Setting next_dagrun for example_branch_operator to 2025-03-05 00:00:00+00:00, run_after=2025-03-06 00:00:00+00:00
[2025-03-06T11:02:01.819+0000] {processor.py:208} INFO - Processing /home/airflow/.local/lib/python3.12/site-packages/airflow/example_dags/example_branch_operator.py took 0.080 seconds
[2025-03-06T11:02:31.904+0000] {processor.py:186} INFO - Started process (PID=321) to work on /home/airflow/.local/lib/python3.12/site-packages/airflow/example_dags/example_branch_operator.py
[2025-03-06T11:02:31.906+0000] {processor.py:914} INFO - Processing file /home/airflow/.local/lib/python3.12/site-packages/airflow/example_dags/example_branch_operator.py for tasks to queue
[2025-03-06T11:02:31.909+0000] {logging_mixin.py:190} INFO - [2025-03-06T11:02:31.909+0000] {dagbag.py:588} INFO - Filling up the DagBag from /home/airflow/.local/lib/python3.12/site-packages/airflow/example_dags/example_branch_operator.py
[2025-03-06T11:02:31.940+0000] {processor.py:925} INFO - DAG(s) 'example_branch_operator' retrieved from /home/airflow/.local/lib/python3.12/site-packages/airflow/example_dags/example_branch_operator.py
[2025-03-06T11:02:31.973+0000] {logging_mixin.py:190} INFO - [2025-03-06T11:02:31.973+0000] {dag.py:3239} INFO - Sync 1 DAGs
[2025-03-06T11:02:32.002+0000] {logging_mixin.py:190} INFO - [2025-03-06T11:02:32.002+0000] {dag.py:4180} INFO - Setting next_dagrun for example_branch_operator to 2025-03-05 00:00:00+00:00, run_after=2025-03-06 00:00:00+00:00
[2025-03-06T11:02:32.044+0000] {processor.py:208} INFO - Processing /home/airflow/.local/lib/python3.12/site-packages/airflow/example_dags/example_branch_operator.py took 0.149 seconds
[2025-03-06T11:03:02.258+0000] {processor.py:186} INFO - Started process (PID=396) to work on /home/airflow/.local/lib/python3.12/site-packages/airflow/example_dags/example_branch_operator.py
[2025-03-06T11:03:02.260+0000] {processor.py:914} INFO - Processing file /home/airflow/.local/lib/python3.12/site-packages/airflow/example_dags/example_branch_operator.py for tasks to queue
[2025-03-06T11:03:02.263+0000] {logging_mixin.py:190} INFO - [2025-03-06T11:03:02.262+0000] {dagbag.py:588} INFO - Filling up the DagBag from /home/airflow/.local/lib/python3.12/site-packages/airflow/example_dags/example_branch_operator.py
[2025-03-06T11:03:02.280+0000] {processor.py:925} INFO - DAG(s) 'example_branch_operator' retrieved from /home/airflow/.local/lib/python3.12/site-packages/airflow/example_dags/example_branch_operator.py
[2025-03-06T11:03:02.304+0000] {logging_mixin.py:190} INFO - [2025-03-06T11:03:02.304+0000] {dag.py:3239} INFO - Sync 1 DAGs
[2025-03-06T11:03:02.325+0000] {logging_mixin.py:190} INFO - [2025-03-06T11:03:02.325+0000] {dag.py:4180} INFO - Setting next_dagrun for example_branch_operator to 2025-03-05 00:00:00+00:00, run_after=2025-03-06 00:00:00+00:00
[2025-03-06T11:03:02.341+0000] {processor.py:208} INFO - Processing /home/airflow/.local/lib/python3.12/site-packages/airflow/example_dags/example_branch_operator.py took 0.087 seconds
[2025-03-06T11:03:32.677+0000] {processor.py:186} INFO - Started process (PID=472) to work on /home/airflow/.local/lib/python3.12/site-packages/airflow/example_dags/example_branch_operator.py
[2025-03-06T11:03:32.679+0000] {processor.py:914} INFO - Processing file /home/airflow/.local/lib/python3.12/site-packages/airflow/example_dags/example_branch_operator.py for tasks to queue
[2025-03-06T11:03:32.684+0000] {logging_mixin.py:190} INFO - [2025-03-06T11:03:32.684+0000] {dagbag.py:588} INFO - Filling up the DagBag from /home/airflow/.local/lib/python3.12/site-packages/airflow/example_dags/example_branch_operator.py
[2025-03-06T11:03:32.701+0000] {processor.py:925} INFO - DAG(s) 'example_branch_operator' retrieved from /home/airflow/.local/lib/python3.12/site-packages/airflow/example_dags/example_branch_operator.py
[2025-03-06T11:03:32.729+0000] {logging_mixin.py:190} INFO - [2025-03-06T11:03:32.729+0000] {dag.py:3239} INFO - Sync 1 DAGs
[2025-03-06T11:03:32.754+0000] {logging_mixin.py:190} INFO - [2025-03-06T11:03:32.754+0000] {dag.py:4180} INFO - Setting next_dagrun for example_branch_operator to 2025-03-05 00:00:00+00:00, run_after=2025-03-06 00:00:00+00:00
[2025-03-06T11:03:32.773+0000] {processor.py:208} INFO - Processing /home/airflow/.local/lib/python3.12/site-packages/airflow/example_dags/example_branch_operator.py took 0.101 seconds
[2025-03-06T11:04:02.917+0000] {processor.py:186} INFO - Started process (PID=547) to work on /home/airflow/.local/lib/python3.12/site-packages/airflow/example_dags/example_branch_operator.py
[2025-03-06T11:04:02.919+0000] {processor.py:914} INFO - Processing file /home/airflow/.local/lib/python3.12/site-packages/airflow/example_dags/example_branch_operator.py for tasks to queue
[2025-03-06T11:04:02.922+0000] {logging_mixin.py:190} INFO - [2025-03-06T11:04:02.922+0000] {dagbag.py:588} INFO - Filling up the DagBag from /home/airflow/.local/lib/python3.12/site-packages/airflow/example_dags/example_branch_operator.py
[2025-03-06T11:04:02.938+0000] {processor.py:925} INFO - DAG(s) 'example_branch_operator' retrieved from /home/airflow/.local/lib/python3.12/site-packages/airflow/example_dags/example_branch_operator.py
[2025-03-06T11:04:02.964+0000] {logging_mixin.py:190} INFO - [2025-03-06T11:04:02.963+0000] {dag.py:3239} INFO - Sync 1 DAGs
[2025-03-06T11:04:02.987+0000] {logging_mixin.py:190} INFO - [2025-03-06T11:04:02.987+0000] {dag.py:4180} INFO - Setting next_dagrun for example_branch_operator to 2025-03-05 00:00:00+00:00, run_after=2025-03-06 00:00:00+00:00
[2025-03-06T11:04:03.004+0000] {processor.py:208} INFO - Processing /home/airflow/.local/lib/python3.12/site-packages/airflow/example_dags/example_branch_operator.py took 0.092 seconds
[2025-03-06T11:04:33.607+0000] {processor.py:186} INFO - Started process (PID=622) to work on /home/airflow/.local/lib/python3.12/site-packages/airflow/example_dags/example_branch_operator.py
[2025-03-06T11:04:33.609+0000] {processor.py:914} INFO - Processing file /home/airflow/.local/lib/python3.12/site-packages/airflow/example_dags/example_branch_operator.py for tasks to queue
[2025-03-06T11:04:33.611+0000] {logging_mixin.py:190} INFO - [2025-03-06T11:04:33.611+0000] {dagbag.py:588} INFO - Filling up the DagBag from /home/airflow/.local/lib/python3.12/site-packages/airflow/example_dags/example_branch_operator.py
[2025-03-06T11:04:33.626+0000] {processor.py:925} INFO - DAG(s) 'example_branch_operator' retrieved from /home/airflow/.local/lib/python3.12/site-packages/airflow/example_dags/example_branch_operator.py
[2025-03-06T11:04:33.651+0000] {logging_mixin.py:190} INFO - [2025-03-06T11:04:33.651+0000] {dag.py:3239} INFO - Sync 1 DAGs
[2025-03-06T11:04:33.674+0000] {logging_mixin.py:190} INFO - [2025-03-06T11:04:33.674+0000] {dag.py:4180} INFO - Setting next_dagrun for example_branch_operator to 2025-03-05 00:00:00+00:00, run_after=2025-03-06 00:00:00+00:00
[2025-03-06T11:04:33.691+0000] {processor.py:208} INFO - Processing /home/airflow/.local/lib/python3.12/site-packages/airflow/example_dags/example_branch_operator.py took 0.089 seconds
[2025-03-06T11:05:04.078+0000] {processor.py:186} INFO - Started process (PID=721) to work on /home/airflow/.local/lib/python3.12/site-packages/airflow/example_dags/example_branch_operator.py
[2025-03-06T11:05:04.079+0000] {processor.py:914} INFO - Processing file /home/airflow/.local/lib/python3.12/site-packages/airflow/example_dags/example_branch_operator.py for tasks to queue
[2025-03-06T11:05:04.082+0000] {logging_mixin.py:190} INFO - [2025-03-06T11:05:04.082+0000] {dagbag.py:588} INFO - Filling up the DagBag from /home/airflow/.local/lib/python3.12/site-packages/airflow/example_dags/example_branch_operator.py
[2025-03-06T11:05:04.100+0000] {processor.py:925} INFO - DAG(s) 'example_branch_operator' retrieved from /home/airflow/.local/lib/python3.12/site-packages/airflow/example_dags/example_branch_operator.py
[2025-03-06T11:05:04.124+0000] {logging_mixin.py:190} INFO - [2025-03-06T11:05:04.124+0000] {dag.py:3239} INFO - Sync 1 DAGs
[2025-03-06T11:05:04.143+0000] {logging_mixin.py:190} INFO - [2025-03-06T11:05:04.143+0000] {dag.py:4180} INFO - Setting next_dagrun for example_branch_operator to 2025-03-05 00:00:00+00:00, run_after=2025-03-06 00:00:00+00:00
[2025-03-06T11:05:04.157+0000] {processor.py:208} INFO - Processing /home/airflow/.local/lib/python3.12/site-packages/airflow/example_dags/example_branch_operator.py took 0.085 seconds
[2025-03-06T11:05:34.454+0000] {processor.py:186} INFO - Started process (PID=796) to work on /home/airflow/.local/lib/python3.12/site-packages/airflow/example_dags/example_branch_operator.py
[2025-03-06T11:05:34.457+0000] {processor.py:914} INFO - Processing file /home/airflow/.local/lib/python3.12/site-packages/airflow/example_dags/example_branch_operator.py for tasks to queue
[2025-03-06T11:05:34.460+0000] {logging_mixin.py:190} INFO - [2025-03-06T11:05:34.459+0000] {dagbag.py:588} INFO - Filling up the DagBag from /home/airflow/.local/lib/python3.12/site-packages/airflow/example_dags/example_branch_operator.py
[2025-03-06T11:05:34.474+0000] {processor.py:925} INFO - DAG(s) 'example_branch_operator' retrieved from /home/airflow/.local/lib/python3.12/site-packages/airflow/example_dags/example_branch_operator.py
[2025-03-06T11:05:34.497+0000] {logging_mixin.py:190} INFO - [2025-03-06T11:05:34.497+0000] {dag.py:3239} INFO - Sync 1 DAGs
[2025-03-06T11:05:34.515+0000] {logging_mixin.py:190} INFO - [2025-03-06T11:05:34.515+0000] {dag.py:4180} INFO - Setting next_dagrun for example_branch_operator to 2025-03-05 00:00:00+00:00, run_after=2025-03-06 00:00:00+00:00
[2025-03-06T11:05:34.532+0000] {processor.py:208} INFO - Processing /home/airflow/.local/lib/python3.12/site-packages/airflow/example_dags/example_branch_operator.py took 0.082 seconds
[2025-03-06T11:06:05.105+0000] {processor.py:186} INFO - Started process (PID=883) to work on /home/airflow/.local/lib/python3.12/site-packages/airflow/example_dags/example_branch_operator.py
[2025-03-06T11:06:05.106+0000] {processor.py:914} INFO - Processing file /home/airflow/.local/lib/python3.12/site-packages/airflow/example_dags/example_branch_operator.py for tasks to queue
[2025-03-06T11:06:05.114+0000] {logging_mixin.py:190} INFO - [2025-03-06T11:06:05.113+0000] {dagbag.py:588} INFO - Filling up the DagBag from /home/airflow/.local/lib/python3.12/site-packages/airflow/example_dags/example_branch_operator.py
[2025-03-06T11:06:05.135+0000] {processor.py:925} INFO - DAG(s) 'example_branch_operator' retrieved from /home/airflow/.local/lib/python3.12/site-packages/airflow/example_dags/example_branch_operator.py
[2025-03-06T11:06:05.163+0000] {logging_mixin.py:190} INFO - [2025-03-06T11:06:05.163+0000] {dag.py:3239} INFO - Sync 1 DAGs
[2025-03-06T11:06:05.187+0000] {logging_mixin.py:190} INFO - [2025-03-06T11:06:05.187+0000] {dag.py:4180} INFO - Setting next_dagrun for example_branch_operator to 2025-03-05 00:00:00+00:00, run_after=2025-03-06 00:00:00+00:00
[2025-03-06T11:06:05.207+0000] {processor.py:208} INFO - Processing /home/airflow/.local/lib/python3.12/site-packages/airflow/example_dags/example_branch_operator.py took 0.108 seconds
[2025-03-06T11:06:46.569+0000] {processor.py:186} INFO - Started process (PID=926) to work on /home/airflow/.local/lib/python3.12/site-packages/airflow/example_dags/example_branch_operator.py
[2025-03-06T11:06:46.571+0000] {processor.py:914} INFO - Processing file /home/airflow/.local/lib/python3.12/site-packages/airflow/example_dags/example_branch_operator.py for tasks to queue
[2025-03-06T11:06:46.576+0000] {logging_mixin.py:190} INFO - [2025-03-06T11:06:46.575+0000] {dagbag.py:588} INFO - Filling up the DagBag from /home/airflow/.local/lib/python3.12/site-packages/airflow/example_dags/example_branch_operator.py
[2025-03-06T11:06:46.613+0000] {processor.py:925} INFO - DAG(s) 'example_branch_operator' retrieved from /home/airflow/.local/lib/python3.12/site-packages/airflow/example_dags/example_branch_operator.py
[2025-03-06T11:06:46.685+0000] {logging_mixin.py:190} INFO - [2025-03-06T11:06:46.684+0000] {dag.py:3239} INFO - Sync 1 DAGs
[2025-03-06T11:06:46.739+0000] {logging_mixin.py:190} INFO - [2025-03-06T11:06:46.739+0000] {dag.py:4180} INFO - Setting next_dagrun for example_branch_operator to 2025-03-05 00:00:00+00:00, run_after=2025-03-06 00:00:00+00:00
[2025-03-06T11:06:46.779+0000] {processor.py:208} INFO - Processing /home/airflow/.local/lib/python3.12/site-packages/airflow/example_dags/example_branch_operator.py took 0.223 seconds
[2025-03-06T11:07:48.938+0000] {processor.py:186} INFO - Started process (PID=999) to work on /home/airflow/.local/lib/python3.12/site-packages/airflow/example_dags/example_branch_operator.py
[2025-03-06T11:07:48.940+0000] {processor.py:914} INFO - Processing file /home/airflow/.local/lib/python3.12/site-packages/airflow/example_dags/example_branch_operator.py for tasks to queue
[2025-03-06T11:07:48.943+0000] {logging_mixin.py:190} INFO - [2025-03-06T11:07:48.942+0000] {dagbag.py:588} INFO - Filling up the DagBag from /home/airflow/.local/lib/python3.12/site-packages/airflow/example_dags/example_branch_operator.py
[2025-03-06T11:07:48.974+0000] {processor.py:925} INFO - DAG(s) 'example_branch_operator' retrieved from /home/airflow/.local/lib/python3.12/site-packages/airflow/example_dags/example_branch_operator.py
[2025-03-06T11:07:49.022+0000] {logging_mixin.py:190} INFO - [2025-03-06T11:07:49.021+0000] {dag.py:3239} INFO - Sync 1 DAGs
[2025-03-06T11:07:49.061+0000] {logging_mixin.py:190} INFO - [2025-03-06T11:07:49.061+0000] {dag.py:4180} INFO - Setting next_dagrun for example_branch_operator to 2025-03-05 00:00:00+00:00, run_after=2025-03-06 00:00:00+00:00
[2025-03-06T11:07:49.097+0000] {processor.py:208} INFO - Processing /home/airflow/.local/lib/python3.12/site-packages/airflow/example_dags/example_branch_operator.py took 0.167 seconds
[2025-03-06T11:08:20.313+0000] {processor.py:186} INFO - Started process (PID=1075) to work on /home/airflow/.local/lib/python3.12/site-packages/airflow/example_dags/example_branch_operator.py
[2025-03-06T11:08:20.315+0000] {processor.py:914} INFO - Processing file /home/airflow/.local/lib/python3.12/site-packages/airflow/example_dags/example_branch_operator.py for tasks to queue
[2025-03-06T11:08:20.317+0000] {logging_mixin.py:190} INFO - [2025-03-06T11:08:20.317+0000] {dagbag.py:588} INFO - Filling up the DagBag from /home/airflow/.local/lib/python3.12/site-packages/airflow/example_dags/example_branch_operator.py
[2025-03-06T11:08:20.346+0000] {processor.py:925} INFO - DAG(s) 'example_branch_operator' retrieved from /home/airflow/.local/lib/python3.12/site-packages/airflow/example_dags/example_branch_operator.py
[2025-03-06T11:08:20.386+0000] {logging_mixin.py:190} INFO - [2025-03-06T11:08:20.386+0000] {dag.py:3239} INFO - Sync 1 DAGs
[2025-03-06T11:08:20.422+0000] {logging_mixin.py:190} INFO - [2025-03-06T11:08:20.422+0000] {dag.py:4180} INFO - Setting next_dagrun for example_branch_operator to 2025-03-05 00:00:00+00:00, run_after=2025-03-06 00:00:00+00:00
[2025-03-06T11:08:20.451+0000] {processor.py:208} INFO - Processing /home/airflow/.local/lib/python3.12/site-packages/airflow/example_dags/example_branch_operator.py took 0.145 seconds
[2025-03-06T11:08:51.504+0000] {processor.py:186} INFO - Started process (PID=1150) to work on /home/airflow/.local/lib/python3.12/site-packages/airflow/example_dags/example_branch_operator.py
[2025-03-06T11:08:51.505+0000] {processor.py:914} INFO - Processing file /home/airflow/.local/lib/python3.12/site-packages/airflow/example_dags/example_branch_operator.py for tasks to queue
[2025-03-06T11:08:51.506+0000] {logging_mixin.py:190} INFO - [2025-03-06T11:08:51.506+0000] {dagbag.py:588} INFO - Filling up the DagBag from /home/airflow/.local/lib/python3.12/site-packages/airflow/example_dags/example_branch_operator.py
[2025-03-06T11:08:51.521+0000] {processor.py:925} INFO - DAG(s) 'example_branch_operator' retrieved from /home/airflow/.local/lib/python3.12/site-packages/airflow/example_dags/example_branch_operator.py
[2025-03-06T11:08:51.546+0000] {logging_mixin.py:190} INFO - [2025-03-06T11:08:51.545+0000] {dag.py:3239} INFO - Sync 1 DAGs
[2025-03-06T11:08:51.568+0000] {logging_mixin.py:190} INFO - [2025-03-06T11:08:51.567+0000] {dag.py:4180} INFO - Setting next_dagrun for example_branch_operator to 2025-03-05 00:00:00+00:00, run_after=2025-03-06 00:00:00+00:00
[2025-03-06T11:08:51.587+0000] {processor.py:208} INFO - Processing /home/airflow/.local/lib/python3.12/site-packages/airflow/example_dags/example_branch_operator.py took 0.088 seconds
[2025-03-06T11:09:22.452+0000] {processor.py:186} INFO - Started process (PID=1214) to work on /home/airflow/.local/lib/python3.12/site-packages/airflow/example_dags/example_branch_operator.py
[2025-03-06T11:09:22.454+0000] {processor.py:914} INFO - Processing file /home/airflow/.local/lib/python3.12/site-packages/airflow/example_dags/example_branch_operator.py for tasks to queue
[2025-03-06T11:09:22.455+0000] {logging_mixin.py:190} INFO - [2025-03-06T11:09:22.455+0000] {dagbag.py:588} INFO - Filling up the DagBag from /home/airflow/.local/lib/python3.12/site-packages/airflow/example_dags/example_branch_operator.py
[2025-03-06T11:09:22.481+0000] {processor.py:925} INFO - DAG(s) 'example_branch_operator' retrieved from /home/airflow/.local/lib/python3.12/site-packages/airflow/example_dags/example_branch_operator.py
[2025-03-06T11:09:22.523+0000] {logging_mixin.py:190} INFO - [2025-03-06T11:09:22.522+0000] {dag.py:3239} INFO - Sync 1 DAGs
[2025-03-06T11:09:22.557+0000] {logging_mixin.py:190} INFO - [2025-03-06T11:09:22.557+0000] {dag.py:4180} INFO - Setting next_dagrun for example_branch_operator to 2025-03-05 00:00:00+00:00, run_after=2025-03-06 00:00:00+00:00
[2025-03-06T11:09:22.588+0000] {processor.py:208} INFO - Processing /home/airflow/.local/lib/python3.12/site-packages/airflow/example_dags/example_branch_operator.py took 0.143 seconds
[2025-03-06T11:09:53.103+0000] {processor.py:186} INFO - Started process (PID=1288) to work on /home/airflow/.local/lib/python3.12/site-packages/airflow/example_dags/example_branch_operator.py
[2025-03-06T11:09:53.104+0000] {processor.py:914} INFO - Processing file /home/airflow/.local/lib/python3.12/site-packages/airflow/example_dags/example_branch_operator.py for tasks to queue
[2025-03-06T11:09:53.105+0000] {logging_mixin.py:190} INFO - [2025-03-06T11:09:53.105+0000] {dagbag.py:588} INFO - Filling up the DagBag from /home/airflow/.local/lib/python3.12/site-packages/airflow/example_dags/example_branch_operator.py
[2025-03-06T11:09:53.121+0000] {processor.py:925} INFO - DAG(s) 'example_branch_operator' retrieved from /home/airflow/.local/lib/python3.12/site-packages/airflow/example_dags/example_branch_operator.py
[2025-03-06T11:09:53.149+0000] {logging_mixin.py:190} INFO - [2025-03-06T11:09:53.149+0000] {dag.py:3239} INFO - Sync 1 DAGs
[2025-03-06T11:09:53.173+0000] {logging_mixin.py:190} INFO - [2025-03-06T11:09:53.173+0000] {dag.py:4180} INFO - Setting next_dagrun for example_branch_operator to 2025-03-05 00:00:00+00:00, run_after=2025-03-06 00:00:00+00:00
[2025-03-06T11:09:53.193+0000] {processor.py:208} INFO - Processing /home/airflow/.local/lib/python3.12/site-packages/airflow/example_dags/example_branch_operator.py took 0.096 seconds
[2025-03-06T11:10:24.077+0000] {processor.py:186} INFO - Started process (PID=1363) to work on /home/airflow/.local/lib/python3.12/site-packages/airflow/example_dags/example_branch_operator.py
[2025-03-06T11:10:24.078+0000] {processor.py:914} INFO - Processing file /home/airflow/.local/lib/python3.12/site-packages/airflow/example_dags/example_branch_operator.py for tasks to queue
[2025-03-06T11:10:24.080+0000] {logging_mixin.py:190} INFO - [2025-03-06T11:10:24.079+0000] {dagbag.py:588} INFO - Filling up the DagBag from /home/airflow/.local/lib/python3.12/site-packages/airflow/example_dags/example_branch_operator.py
[2025-03-06T11:10:24.096+0000] {processor.py:925} INFO - DAG(s) 'example_branch_operator' retrieved from /home/airflow/.local/lib/python3.12/site-packages/airflow/example_dags/example_branch_operator.py
[2025-03-06T11:10:24.120+0000] {logging_mixin.py:190} INFO - [2025-03-06T11:10:24.120+0000] {dag.py:3239} INFO - Sync 1 DAGs
[2025-03-06T11:10:24.141+0000] {logging_mixin.py:190} INFO - [2025-03-06T11:10:24.141+0000] {dag.py:4180} INFO - Setting next_dagrun for example_branch_operator to 2025-03-05 00:00:00+00:00, run_after=2025-03-06 00:00:00+00:00
[2025-03-06T11:10:24.160+0000] {processor.py:208} INFO - Processing /home/airflow/.local/lib/python3.12/site-packages/airflow/example_dags/example_branch_operator.py took 0.087 seconds
[2025-03-06T11:10:54.462+0000] {processor.py:186} INFO - Started process (PID=1438) to work on /home/airflow/.local/lib/python3.12/site-packages/airflow/example_dags/example_branch_operator.py
[2025-03-06T11:10:54.464+0000] {processor.py:914} INFO - Processing file /home/airflow/.local/lib/python3.12/site-packages/airflow/example_dags/example_branch_operator.py for tasks to queue
[2025-03-06T11:10:54.466+0000] {logging_mixin.py:190} INFO - [2025-03-06T11:10:54.466+0000] {dagbag.py:588} INFO - Filling up the DagBag from /home/airflow/.local/lib/python3.12/site-packages/airflow/example_dags/example_branch_operator.py
[2025-03-06T11:10:54.489+0000] {processor.py:925} INFO - DAG(s) 'example_branch_operator' retrieved from /home/airflow/.local/lib/python3.12/site-packages/airflow/example_dags/example_branch_operator.py
[2025-03-06T11:10:54.523+0000] {logging_mixin.py:190} INFO - [2025-03-06T11:10:54.523+0000] {dag.py:3239} INFO - Sync 1 DAGs
[2025-03-06T11:10:54.549+0000] {logging_mixin.py:190} INFO - [2025-03-06T11:10:54.548+0000] {dag.py:4180} INFO - Setting next_dagrun for example_branch_operator to 2025-03-05 00:00:00+00:00, run_after=2025-03-06 00:00:00+00:00
[2025-03-06T11:10:54.572+0000] {processor.py:208} INFO - Processing /home/airflow/.local/lib/python3.12/site-packages/airflow/example_dags/example_branch_operator.py took 0.115 seconds
[2025-03-06T11:11:25.120+0000] {processor.py:186} INFO - Started process (PID=1513) to work on /home/airflow/.local/lib/python3.12/site-packages/airflow/example_dags/example_branch_operator.py
[2025-03-06T11:11:25.121+0000] {processor.py:914} INFO - Processing file /home/airflow/.local/lib/python3.12/site-packages/airflow/example_dags/example_branch_operator.py for tasks to queue
[2025-03-06T11:11:25.123+0000] {logging_mixin.py:190} INFO - [2025-03-06T11:11:25.122+0000] {dagbag.py:588} INFO - Filling up the DagBag from /home/airflow/.local/lib/python3.12/site-packages/airflow/example_dags/example_branch_operator.py
[2025-03-06T11:11:25.138+0000] {processor.py:925} INFO - DAG(s) 'example_branch_operator' retrieved from /home/airflow/.local/lib/python3.12/site-packages/airflow/example_dags/example_branch_operator.py
[2025-03-06T11:11:25.166+0000] {logging_mixin.py:190} INFO - [2025-03-06T11:11:25.166+0000] {dag.py:3239} INFO - Sync 1 DAGs
[2025-03-06T11:11:25.188+0000] {logging_mixin.py:190} INFO - [2025-03-06T11:11:25.188+0000] {dag.py:4180} INFO - Setting next_dagrun for example_branch_operator to 2025-03-05 00:00:00+00:00, run_after=2025-03-06 00:00:00+00:00
[2025-03-06T11:11:25.207+0000] {processor.py:208} INFO - Processing /home/airflow/.local/lib/python3.12/site-packages/airflow/example_dags/example_branch_operator.py took 0.092 seconds
[2025-03-06T11:11:55.446+0000] {processor.py:186} INFO - Started process (PID=1588) to work on /home/airflow/.local/lib/python3.12/site-packages/airflow/example_dags/example_branch_operator.py
[2025-03-06T11:11:55.448+0000] {processor.py:914} INFO - Processing file /home/airflow/.local/lib/python3.12/site-packages/airflow/example_dags/example_branch_operator.py for tasks to queue
[2025-03-06T11:11:55.450+0000] {logging_mixin.py:190} INFO - [2025-03-06T11:11:55.449+0000] {dagbag.py:588} INFO - Filling up the DagBag from /home/airflow/.local/lib/python3.12/site-packages/airflow/example_dags/example_branch_operator.py
[2025-03-06T11:11:55.467+0000] {processor.py:925} INFO - DAG(s) 'example_branch_operator' retrieved from /home/airflow/.local/lib/python3.12/site-packages/airflow/example_dags/example_branch_operator.py
[2025-03-06T11:11:55.495+0000] {logging_mixin.py:190} INFO - [2025-03-06T11:11:55.495+0000] {dag.py:3239} INFO - Sync 1 DAGs
[2025-03-06T11:11:55.515+0000] {logging_mixin.py:190} INFO - [2025-03-06T11:11:55.515+0000] {dag.py:4180} INFO - Setting next_dagrun for example_branch_operator to 2025-03-05 00:00:00+00:00, run_after=2025-03-06 00:00:00+00:00
[2025-03-06T11:11:55.533+0000] {processor.py:208} INFO - Processing /home/airflow/.local/lib/python3.12/site-packages/airflow/example_dags/example_branch_operator.py took 0.092 seconds
[2025-03-06T11:12:26.297+0000] {processor.py:186} INFO - Started process (PID=1663) to work on /home/airflow/.local/lib/python3.12/site-packages/airflow/example_dags/example_branch_operator.py
[2025-03-06T11:12:26.299+0000] {processor.py:914} INFO - Processing file /home/airflow/.local/lib/python3.12/site-packages/airflow/example_dags/example_branch_operator.py for tasks to queue
[2025-03-06T11:12:26.300+0000] {logging_mixin.py:190} INFO - [2025-03-06T11:12:26.300+0000] {dagbag.py:588} INFO - Filling up the DagBag from /home/airflow/.local/lib/python3.12/site-packages/airflow/example_dags/example_branch_operator.py
[2025-03-06T11:12:26.317+0000] {processor.py:925} INFO - DAG(s) 'example_branch_operator' retrieved from /home/airflow/.local/lib/python3.12/site-packages/airflow/example_dags/example_branch_operator.py
[2025-03-06T11:12:26.341+0000] {logging_mixin.py:190} INFO - [2025-03-06T11:12:26.341+0000] {dag.py:3239} INFO - Sync 1 DAGs
[2025-03-06T11:12:26.363+0000] {logging_mixin.py:190} INFO - [2025-03-06T11:12:26.363+0000] {dag.py:4180} INFO - Setting next_dagrun for example_branch_operator to 2025-03-05 00:00:00+00:00, run_after=2025-03-06 00:00:00+00:00
[2025-03-06T11:12:26.382+0000] {processor.py:208} INFO - Processing /home/airflow/.local/lib/python3.12/site-packages/airflow/example_dags/example_branch_operator.py took 0.089 seconds
[2025-03-06T11:12:56.847+0000] {processor.py:186} INFO - Started process (PID=1738) to work on /home/airflow/.local/lib/python3.12/site-packages/airflow/example_dags/example_branch_operator.py
[2025-03-06T11:12:56.849+0000] {processor.py:914} INFO - Processing file /home/airflow/.local/lib/python3.12/site-packages/airflow/example_dags/example_branch_operator.py for tasks to queue
[2025-03-06T11:12:56.850+0000] {logging_mixin.py:190} INFO - [2025-03-06T11:12:56.850+0000] {dagbag.py:588} INFO - Filling up the DagBag from /home/airflow/.local/lib/python3.12/site-packages/airflow/example_dags/example_branch_operator.py
[2025-03-06T11:12:56.866+0000] {processor.py:925} INFO - DAG(s) 'example_branch_operator' retrieved from /home/airflow/.local/lib/python3.12/site-packages/airflow/example_dags/example_branch_operator.py
[2025-03-06T11:12:56.891+0000] {logging_mixin.py:190} INFO - [2025-03-06T11:12:56.891+0000] {dag.py:3239} INFO - Sync 1 DAGs
[2025-03-06T11:12:56.912+0000] {logging_mixin.py:190} INFO - [2025-03-06T11:12:56.912+0000] {dag.py:4180} INFO - Setting next_dagrun for example_branch_operator to 2025-03-05 00:00:00+00:00, run_after=2025-03-06 00:00:00+00:00
[2025-03-06T11:12:56.930+0000] {processor.py:208} INFO - Processing /home/airflow/.local/lib/python3.12/site-packages/airflow/example_dags/example_branch_operator.py took 0.088 seconds
[2025-03-06T11:13:27.630+0000] {processor.py:186} INFO - Started process (PID=1813) to work on /home/airflow/.local/lib/python3.12/site-packages/airflow/example_dags/example_branch_operator.py
[2025-03-06T11:13:27.631+0000] {processor.py:914} INFO - Processing file /home/airflow/.local/lib/python3.12/site-packages/airflow/example_dags/example_branch_operator.py for tasks to queue
[2025-03-06T11:13:27.633+0000] {logging_mixin.py:190} INFO - [2025-03-06T11:13:27.633+0000] {dagbag.py:588} INFO - Filling up the DagBag from /home/airflow/.local/lib/python3.12/site-packages/airflow/example_dags/example_branch_operator.py
[2025-03-06T11:13:27.652+0000] {processor.py:925} INFO - DAG(s) 'example_branch_operator' retrieved from /home/airflow/.local/lib/python3.12/site-packages/airflow/example_dags/example_branch_operator.py
[2025-03-06T11:13:27.681+0000] {logging_mixin.py:190} INFO - [2025-03-06T11:13:27.681+0000] {dag.py:3239} INFO - Sync 1 DAGs
[2025-03-06T11:13:27.704+0000] {logging_mixin.py:190} INFO - [2025-03-06T11:13:27.704+0000] {dag.py:4180} INFO - Setting next_dagrun for example_branch_operator to 2025-03-05 00:00:00+00:00, run_after=2025-03-06 00:00:00+00:00
[2025-03-06T11:13:27.722+0000] {processor.py:208} INFO - Processing /home/airflow/.local/lib/python3.12/site-packages/airflow/example_dags/example_branch_operator.py took 0.097 seconds
[2025-03-06T11:13:57.934+0000] {processor.py:186} INFO - Started process (PID=1888) to work on /home/airflow/.local/lib/python3.12/site-packages/airflow/example_dags/example_branch_operator.py
[2025-03-06T11:13:57.936+0000] {processor.py:914} INFO - Processing file /home/airflow/.local/lib/python3.12/site-packages/airflow/example_dags/example_branch_operator.py for tasks to queue
[2025-03-06T11:13:57.937+0000] {logging_mixin.py:190} INFO - [2025-03-06T11:13:57.936+0000] {dagbag.py:588} INFO - Filling up the DagBag from /home/airflow/.local/lib/python3.12/site-packages/airflow/example_dags/example_branch_operator.py
[2025-03-06T11:13:57.954+0000] {processor.py:925} INFO - DAG(s) 'example_branch_operator' retrieved from /home/airflow/.local/lib/python3.12/site-packages/airflow/example_dags/example_branch_operator.py
[2025-03-06T11:13:57.979+0000] {logging_mixin.py:190} INFO - [2025-03-06T11:13:57.979+0000] {dag.py:3239} INFO - Sync 1 DAGs
[2025-03-06T11:13:58.000+0000] {logging_mixin.py:190} INFO - [2025-03-06T11:13:58.000+0000] {dag.py:4180} INFO - Setting next_dagrun for example_branch_operator to 2025-03-05 00:00:00+00:00, run_after=2025-03-06 00:00:00+00:00
[2025-03-06T11:13:58.020+0000] {processor.py:208} INFO - Processing /home/airflow/.local/lib/python3.12/site-packages/airflow/example_dags/example_branch_operator.py took 0.090 seconds
[2025-03-06T11:14:28.514+0000] {processor.py:186} INFO - Started process (PID=1958) to work on /home/airflow/.local/lib/python3.12/site-packages/airflow/example_dags/example_branch_operator.py
[2025-03-06T11:14:28.517+0000] {processor.py:914} INFO - Processing file /home/airflow/.local/lib/python3.12/site-packages/airflow/example_dags/example_branch_operator.py for tasks to queue
[2025-03-06T11:14:28.519+0000] {logging_mixin.py:190} INFO - [2025-03-06T11:14:28.518+0000] {dagbag.py:588} INFO - Filling up the DagBag from /home/airflow/.local/lib/python3.12/site-packages/airflow/example_dags/example_branch_operator.py
[2025-03-06T11:14:28.552+0000] {processor.py:925} INFO - DAG(s) 'example_branch_operator' retrieved from /home/airflow/.local/lib/python3.12/site-packages/airflow/example_dags/example_branch_operator.py
[2025-03-06T11:14:28.609+0000] {logging_mixin.py:190} INFO - [2025-03-06T11:14:28.609+0000] {dag.py:3239} INFO - Sync 1 DAGs
[2025-03-06T11:14:28.656+0000] {logging_mixin.py:190} INFO - [2025-03-06T11:14:28.656+0000] {dag.py:4180} INFO - Setting next_dagrun for example_branch_operator to 2025-03-05 00:00:00+00:00, run_after=2025-03-06 00:00:00+00:00
[2025-03-06T11:14:28.691+0000] {processor.py:208} INFO - Processing /home/airflow/.local/lib/python3.12/site-packages/airflow/example_dags/example_branch_operator.py took 0.188 seconds
[2025-03-06T11:14:58.986+0000] {processor.py:186} INFO - Started process (PID=2033) to work on /home/airflow/.local/lib/python3.12/site-packages/airflow/example_dags/example_branch_operator.py
[2025-03-06T11:14:58.987+0000] {processor.py:914} INFO - Processing file /home/airflow/.local/lib/python3.12/site-packages/airflow/example_dags/example_branch_operator.py for tasks to queue
[2025-03-06T11:14:58.988+0000] {logging_mixin.py:190} INFO - [2025-03-06T11:14:58.988+0000] {dagbag.py:588} INFO - Filling up the DagBag from /home/airflow/.local/lib/python3.12/site-packages/airflow/example_dags/example_branch_operator.py
[2025-03-06T11:14:59.003+0000] {processor.py:925} INFO - DAG(s) 'example_branch_operator' retrieved from /home/airflow/.local/lib/python3.12/site-packages/airflow/example_dags/example_branch_operator.py
[2025-03-06T11:14:59.028+0000] {logging_mixin.py:190} INFO - [2025-03-06T11:14:59.027+0000] {dag.py:3239} INFO - Sync 1 DAGs
[2025-03-06T11:14:59.050+0000] {logging_mixin.py:190} INFO - [2025-03-06T11:14:59.050+0000] {dag.py:4180} INFO - Setting next_dagrun for example_branch_operator to 2025-03-05 00:00:00+00:00, run_after=2025-03-06 00:00:00+00:00
[2025-03-06T11:14:59.067+0000] {processor.py:208} INFO - Processing /home/airflow/.local/lib/python3.12/site-packages/airflow/example_dags/example_branch_operator.py took 0.086 seconds
[2025-03-06T11:15:29.881+0000] {processor.py:186} INFO - Started process (PID=2097) to work on /home/airflow/.local/lib/python3.12/site-packages/airflow/example_dags/example_branch_operator.py
[2025-03-06T11:15:29.882+0000] {processor.py:914} INFO - Processing file /home/airflow/.local/lib/python3.12/site-packages/airflow/example_dags/example_branch_operator.py for tasks to queue
[2025-03-06T11:15:29.884+0000] {logging_mixin.py:190} INFO - [2025-03-06T11:15:29.884+0000] {dagbag.py:588} INFO - Filling up the DagBag from /home/airflow/.local/lib/python3.12/site-packages/airflow/example_dags/example_branch_operator.py
[2025-03-06T11:15:29.901+0000] {processor.py:925} INFO - DAG(s) 'example_branch_operator' retrieved from /home/airflow/.local/lib/python3.12/site-packages/airflow/example_dags/example_branch_operator.py
[2025-03-06T11:15:29.927+0000] {logging_mixin.py:190} INFO - [2025-03-06T11:15:29.926+0000] {dag.py:3239} INFO - Sync 1 DAGs
[2025-03-06T11:15:29.950+0000] {logging_mixin.py:190} INFO - [2025-03-06T11:15:29.950+0000] {dag.py:4180} INFO - Setting next_dagrun for example_branch_operator to 2025-03-05 00:00:00+00:00, run_after=2025-03-06 00:00:00+00:00
[2025-03-06T11:15:29.970+0000] {processor.py:208} INFO - Processing /home/airflow/.local/lib/python3.12/site-packages/airflow/example_dags/example_branch_operator.py took 0.093 seconds
[2025-03-06T11:16:00.228+0000] {processor.py:186} INFO - Started process (PID=2164) to work on /home/airflow/.local/lib/python3.12/site-packages/airflow/example_dags/example_branch_operator.py
[2025-03-06T11:16:00.229+0000] {processor.py:914} INFO - Processing file /home/airflow/.local/lib/python3.12/site-packages/airflow/example_dags/example_branch_operator.py for tasks to queue
[2025-03-06T11:16:00.231+0000] {logging_mixin.py:190} INFO - [2025-03-06T11:16:00.231+0000] {dagbag.py:588} INFO - Filling up the DagBag from /home/airflow/.local/lib/python3.12/site-packages/airflow/example_dags/example_branch_operator.py
[2025-03-06T11:16:00.248+0000] {processor.py:925} INFO - DAG(s) 'example_branch_operator' retrieved from /home/airflow/.local/lib/python3.12/site-packages/airflow/example_dags/example_branch_operator.py
[2025-03-06T11:16:00.275+0000] {logging_mixin.py:190} INFO - [2025-03-06T11:16:00.275+0000] {dag.py:3239} INFO - Sync 1 DAGs
[2025-03-06T11:16:00.295+0000] {logging_mixin.py:190} INFO - [2025-03-06T11:16:00.295+0000] {dag.py:4180} INFO - Setting next_dagrun for example_branch_operator to 2025-03-05 00:00:00+00:00, run_after=2025-03-06 00:00:00+00:00
[2025-03-06T11:16:00.318+0000] {processor.py:208} INFO - Processing /home/airflow/.local/lib/python3.12/site-packages/airflow/example_dags/example_branch_operator.py took 0.095 seconds
[2025-03-06T11:16:31.659+0000] {processor.py:186} INFO - Started process (PID=2239) to work on /home/airflow/.local/lib/python3.12/site-packages/airflow/example_dags/example_branch_operator.py
[2025-03-06T11:16:31.661+0000] {processor.py:914} INFO - Processing file /home/airflow/.local/lib/python3.12/site-packages/airflow/example_dags/example_branch_operator.py for tasks to queue
[2025-03-06T11:16:31.663+0000] {logging_mixin.py:190} INFO - [2025-03-06T11:16:31.662+0000] {dagbag.py:588} INFO - Filling up the DagBag from /home/airflow/.local/lib/python3.12/site-packages/airflow/example_dags/example_branch_operator.py
[2025-03-06T11:16:31.682+0000] {processor.py:925} INFO - DAG(s) 'example_branch_operator' retrieved from /home/airflow/.local/lib/python3.12/site-packages/airflow/example_dags/example_branch_operator.py
[2025-03-06T11:16:31.708+0000] {logging_mixin.py:190} INFO - [2025-03-06T11:16:31.707+0000] {dag.py:3239} INFO - Sync 1 DAGs
[2025-03-06T11:16:31.730+0000] {logging_mixin.py:190} INFO - [2025-03-06T11:16:31.730+0000] {dag.py:4180} INFO - Setting next_dagrun for example_branch_operator to 2025-03-05 00:00:00+00:00, run_after=2025-03-06 00:00:00+00:00
[2025-03-06T11:16:31.750+0000] {processor.py:208} INFO - Processing /home/airflow/.local/lib/python3.12/site-packages/airflow/example_dags/example_branch_operator.py took 0.096 seconds
[2025-03-06T11:17:02.357+0000] {processor.py:186} INFO - Started process (PID=2311) to work on /home/airflow/.local/lib/python3.12/site-packages/airflow/example_dags/example_branch_operator.py
[2025-03-06T11:17:02.358+0000] {processor.py:914} INFO - Processing file /home/airflow/.local/lib/python3.12/site-packages/airflow/example_dags/example_branch_operator.py for tasks to queue
[2025-03-06T11:17:02.360+0000] {logging_mixin.py:190} INFO - [2025-03-06T11:17:02.360+0000] {dagbag.py:588} INFO - Filling up the DagBag from /home/airflow/.local/lib/python3.12/site-packages/airflow/example_dags/example_branch_operator.py
[2025-03-06T11:17:02.377+0000] {processor.py:925} INFO - DAG(s) 'example_branch_operator' retrieved from /home/airflow/.local/lib/python3.12/site-packages/airflow/example_dags/example_branch_operator.py
[2025-03-06T11:17:02.401+0000] {logging_mixin.py:190} INFO - [2025-03-06T11:17:02.401+0000] {dag.py:3239} INFO - Sync 1 DAGs
[2025-03-06T11:17:02.424+0000] {logging_mixin.py:190} INFO - [2025-03-06T11:17:02.423+0000] {dag.py:4180} INFO - Setting next_dagrun for example_branch_operator to 2025-03-05 00:00:00+00:00, run_after=2025-03-06 00:00:00+00:00
[2025-03-06T11:17:02.439+0000] {processor.py:208} INFO - Processing /home/airflow/.local/lib/python3.12/site-packages/airflow/example_dags/example_branch_operator.py took 0.087 seconds
[2025-03-06T11:17:32.596+0000] {processor.py:186} INFO - Started process (PID=2383) to work on /home/airflow/.local/lib/python3.12/site-packages/airflow/example_dags/example_branch_operator.py
[2025-03-06T11:17:32.598+0000] {processor.py:914} INFO - Processing file /home/airflow/.local/lib/python3.12/site-packages/airflow/example_dags/example_branch_operator.py for tasks to queue
[2025-03-06T11:17:32.599+0000] {logging_mixin.py:190} INFO - [2025-03-06T11:17:32.599+0000] {dagbag.py:588} INFO - Filling up the DagBag from /home/airflow/.local/lib/python3.12/site-packages/airflow/example_dags/example_branch_operator.py
[2025-03-06T11:17:32.615+0000] {processor.py:925} INFO - DAG(s) 'example_branch_operator' retrieved from /home/airflow/.local/lib/python3.12/site-packages/airflow/example_dags/example_branch_operator.py
[2025-03-06T11:17:32.642+0000] {logging_mixin.py:190} INFO - [2025-03-06T11:17:32.642+0000] {dag.py:3239} INFO - Sync 1 DAGs
[2025-03-06T11:17:32.664+0000] {logging_mixin.py:190} INFO - [2025-03-06T11:17:32.664+0000] {dag.py:4180} INFO - Setting next_dagrun for example_branch_operator to 2025-03-05 00:00:00+00:00, run_after=2025-03-06 00:00:00+00:00
[2025-03-06T11:17:32.682+0000] {processor.py:208} INFO - Processing /home/airflow/.local/lib/python3.12/site-packages/airflow/example_dags/example_branch_operator.py took 0.091 seconds
[2025-03-06T11:18:03.026+0000] {processor.py:186} INFO - Started process (PID=2458) to work on /home/airflow/.local/lib/python3.12/site-packages/airflow/example_dags/example_branch_operator.py
[2025-03-06T11:18:03.027+0000] {processor.py:914} INFO - Processing file /home/airflow/.local/lib/python3.12/site-packages/airflow/example_dags/example_branch_operator.py for tasks to queue
[2025-03-06T11:18:03.028+0000] {logging_mixin.py:190} INFO - [2025-03-06T11:18:03.028+0000] {dagbag.py:588} INFO - Filling up the DagBag from /home/airflow/.local/lib/python3.12/site-packages/airflow/example_dags/example_branch_operator.py
[2025-03-06T11:18:03.044+0000] {processor.py:925} INFO - DAG(s) 'example_branch_operator' retrieved from /home/airflow/.local/lib/python3.12/site-packages/airflow/example_dags/example_branch_operator.py
[2025-03-06T11:18:03.070+0000] {logging_mixin.py:190} INFO - [2025-03-06T11:18:03.070+0000] {dag.py:3239} INFO - Sync 1 DAGs
[2025-03-06T11:18:03.090+0000] {logging_mixin.py:190} INFO - [2025-03-06T11:18:03.090+0000] {dag.py:4180} INFO - Setting next_dagrun for example_branch_operator to 2025-03-05 00:00:00+00:00, run_after=2025-03-06 00:00:00+00:00
[2025-03-06T11:18:03.107+0000] {processor.py:208} INFO - Processing /home/airflow/.local/lib/python3.12/site-packages/airflow/example_dags/example_branch_operator.py took 0.087 seconds
[2025-03-06T11:18:33.740+0000] {processor.py:186} INFO - Started process (PID=2533) to work on /home/airflow/.local/lib/python3.12/site-packages/airflow/example_dags/example_branch_operator.py
[2025-03-06T11:18:33.747+0000] {processor.py:914} INFO - Processing file /home/airflow/.local/lib/python3.12/site-packages/airflow/example_dags/example_branch_operator.py for tasks to queue
[2025-03-06T11:18:33.749+0000] {logging_mixin.py:190} INFO - [2025-03-06T11:18:33.748+0000] {dagbag.py:588} INFO - Filling up the DagBag from /home/airflow/.local/lib/python3.12/site-packages/airflow/example_dags/example_branch_operator.py
[2025-03-06T11:18:33.763+0000] {processor.py:925} INFO - DAG(s) 'example_branch_operator' retrieved from /home/airflow/.local/lib/python3.12/site-packages/airflow/example_dags/example_branch_operator.py
[2025-03-06T11:18:33.788+0000] {logging_mixin.py:190} INFO - [2025-03-06T11:18:33.788+0000] {dag.py:3239} INFO - Sync 1 DAGs
[2025-03-06T11:18:33.809+0000] {logging_mixin.py:190} INFO - [2025-03-06T11:18:33.808+0000] {dag.py:4180} INFO - Setting next_dagrun for example_branch_operator to 2025-03-05 00:00:00+00:00, run_after=2025-03-06 00:00:00+00:00
[2025-03-06T11:18:33.826+0000] {processor.py:208} INFO - Processing /home/airflow/.local/lib/python3.12/site-packages/airflow/example_dags/example_branch_operator.py took 0.091 seconds
