[2025-03-06T04:34:30.263+0000] {processor.py:186} INFO - Started process (PID=14387) to work on /home/airflow/.local/lib/python3.12/site-packages/airflow/example_dags/example_skip_dag.py
[2025-03-06T04:34:30.267+0000] {processor.py:914} INFO - Processing file /home/airflow/.local/lib/python3.12/site-packages/airflow/example_dags/example_skip_dag.py for tasks to queue
[2025-03-06T04:34:30.272+0000] {logging_mixin.py:190} INFO - [2025-03-06T04:34:30.271+0000] {dagbag.py:588} INFO - Filling up the DagBag from /home/airflow/.local/lib/python3.12/site-packages/airflow/example_dags/example_skip_dag.py
[2025-03-06T04:34:30.290+0000] {processor.py:925} INFO - DAG(s) 'example_skip_dag' retrieved from /home/airflow/.local/lib/python3.12/site-packages/airflow/example_dags/example_skip_dag.py
[2025-03-06T04:34:30.327+0000] {logging_mixin.py:190} INFO - [2025-03-06T04:34:30.326+0000] {dag.py:3239} INFO - Sync 1 DAGs
[2025-03-06T04:34:30.364+0000] {logging_mixin.py:190} INFO - [2025-03-06T04:34:30.364+0000] {dag.py:4180} INFO - Setting next_dagrun for example_skip_dag to 2025-03-05 00:00:00+00:00, run_after=2025-03-06 00:00:00+00:00
[2025-03-06T04:34:30.393+0000] {processor.py:208} INFO - Processing /home/airflow/.local/lib/python3.12/site-packages/airflow/example_dags/example_skip_dag.py took 0.140 seconds
[2025-03-06T04:35:00.789+0000] {processor.py:186} INFO - Started process (PID=14462) to work on /home/airflow/.local/lib/python3.12/site-packages/airflow/example_dags/example_skip_dag.py
[2025-03-06T04:35:00.791+0000] {processor.py:914} INFO - Processing file /home/airflow/.local/lib/python3.12/site-packages/airflow/example_dags/example_skip_dag.py for tasks to queue
[2025-03-06T04:35:00.795+0000] {logging_mixin.py:190} INFO - [2025-03-06T04:35:00.794+0000] {dagbag.py:588} INFO - Filling up the DagBag from /home/airflow/.local/lib/python3.12/site-packages/airflow/example_dags/example_skip_dag.py
[2025-03-06T04:35:00.805+0000] {processor.py:925} INFO - DAG(s) 'example_skip_dag' retrieved from /home/airflow/.local/lib/python3.12/site-packages/airflow/example_dags/example_skip_dag.py
[2025-03-06T04:35:00.835+0000] {logging_mixin.py:190} INFO - [2025-03-06T04:35:00.835+0000] {dag.py:3239} INFO - Sync 1 DAGs
[2025-03-06T04:35:00.864+0000] {logging_mixin.py:190} INFO - [2025-03-06T04:35:00.864+0000] {dag.py:4180} INFO - Setting next_dagrun for example_skip_dag to 2025-03-05 00:00:00+00:00, run_after=2025-03-06 00:00:00+00:00
[2025-03-06T04:35:00.889+0000] {processor.py:208} INFO - Processing /home/airflow/.local/lib/python3.12/site-packages/airflow/example_dags/example_skip_dag.py took 0.108 seconds
[2025-03-06T04:35:31.805+0000] {processor.py:186} INFO - Started process (PID=14537) to work on /home/airflow/.local/lib/python3.12/site-packages/airflow/example_dags/example_skip_dag.py
[2025-03-06T04:35:31.806+0000] {processor.py:914} INFO - Processing file /home/airflow/.local/lib/python3.12/site-packages/airflow/example_dags/example_skip_dag.py for tasks to queue
[2025-03-06T04:35:31.808+0000] {logging_mixin.py:190} INFO - [2025-03-06T04:35:31.808+0000] {dagbag.py:588} INFO - Filling up the DagBag from /home/airflow/.local/lib/python3.12/site-packages/airflow/example_dags/example_skip_dag.py
[2025-03-06T04:35:31.816+0000] {processor.py:925} INFO - DAG(s) 'example_skip_dag' retrieved from /home/airflow/.local/lib/python3.12/site-packages/airflow/example_dags/example_skip_dag.py
[2025-03-06T04:35:31.838+0000] {logging_mixin.py:190} INFO - [2025-03-06T04:35:31.838+0000] {dag.py:3239} INFO - Sync 1 DAGs
[2025-03-06T04:35:31.864+0000] {logging_mixin.py:190} INFO - [2025-03-06T04:35:31.864+0000] {dag.py:4180} INFO - Setting next_dagrun for example_skip_dag to 2025-03-05 00:00:00+00:00, run_after=2025-03-06 00:00:00+00:00
[2025-03-06T04:35:31.887+0000] {processor.py:208} INFO - Processing /home/airflow/.local/lib/python3.12/site-packages/airflow/example_dags/example_skip_dag.py took 0.088 seconds
[2025-03-06T04:36:03.282+0000] {processor.py:186} INFO - Started process (PID=14612) to work on /home/airflow/.local/lib/python3.12/site-packages/airflow/example_dags/example_skip_dag.py
[2025-03-06T04:36:03.284+0000] {processor.py:914} INFO - Processing file /home/airflow/.local/lib/python3.12/site-packages/airflow/example_dags/example_skip_dag.py for tasks to queue
[2025-03-06T04:36:03.288+0000] {logging_mixin.py:190} INFO - [2025-03-06T04:36:03.288+0000] {dagbag.py:588} INFO - Filling up the DagBag from /home/airflow/.local/lib/python3.12/site-packages/airflow/example_dags/example_skip_dag.py
[2025-03-06T04:36:03.299+0000] {processor.py:925} INFO - DAG(s) 'example_skip_dag' retrieved from /home/airflow/.local/lib/python3.12/site-packages/airflow/example_dags/example_skip_dag.py
[2025-03-06T04:36:03.331+0000] {logging_mixin.py:190} INFO - [2025-03-06T04:36:03.331+0000] {dag.py:3239} INFO - Sync 1 DAGs
[2025-03-06T04:36:03.370+0000] {logging_mixin.py:190} INFO - [2025-03-06T04:36:03.369+0000] {dag.py:4180} INFO - Setting next_dagrun for example_skip_dag to 2025-03-05 00:00:00+00:00, run_after=2025-03-06 00:00:00+00:00
[2025-03-06T04:36:03.408+0000] {processor.py:208} INFO - Processing /home/airflow/.local/lib/python3.12/site-packages/airflow/example_dags/example_skip_dag.py took 0.133 seconds
[2025-03-06T04:36:35.705+0000] {processor.py:186} INFO - Started process (PID=14687) to work on /home/airflow/.local/lib/python3.12/site-packages/airflow/example_dags/example_skip_dag.py
[2025-03-06T04:36:35.706+0000] {processor.py:914} INFO - Processing file /home/airflow/.local/lib/python3.12/site-packages/airflow/example_dags/example_skip_dag.py for tasks to queue
[2025-03-06T04:36:35.709+0000] {logging_mixin.py:190} INFO - [2025-03-06T04:36:35.708+0000] {dagbag.py:588} INFO - Filling up the DagBag from /home/airflow/.local/lib/python3.12/site-packages/airflow/example_dags/example_skip_dag.py
[2025-03-06T04:36:35.717+0000] {processor.py:925} INFO - DAG(s) 'example_skip_dag' retrieved from /home/airflow/.local/lib/python3.12/site-packages/airflow/example_dags/example_skip_dag.py
[2025-03-06T04:36:35.739+0000] {logging_mixin.py:190} INFO - [2025-03-06T04:36:35.739+0000] {dag.py:3239} INFO - Sync 1 DAGs
[2025-03-06T04:36:35.767+0000] {logging_mixin.py:190} INFO - [2025-03-06T04:36:35.767+0000] {dag.py:4180} INFO - Setting next_dagrun for example_skip_dag to 2025-03-05 00:00:00+00:00, run_after=2025-03-06 00:00:00+00:00
[2025-03-06T04:36:35.789+0000] {processor.py:208} INFO - Processing /home/airflow/.local/lib/python3.12/site-packages/airflow/example_dags/example_skip_dag.py took 0.089 seconds
[2025-03-06T04:37:06.992+0000] {processor.py:186} INFO - Started process (PID=14763) to work on /home/airflow/.local/lib/python3.12/site-packages/airflow/example_dags/example_skip_dag.py
[2025-03-06T04:37:06.993+0000] {processor.py:914} INFO - Processing file /home/airflow/.local/lib/python3.12/site-packages/airflow/example_dags/example_skip_dag.py for tasks to queue
[2025-03-06T04:37:06.995+0000] {logging_mixin.py:190} INFO - [2025-03-06T04:37:06.995+0000] {dagbag.py:588} INFO - Filling up the DagBag from /home/airflow/.local/lib/python3.12/site-packages/airflow/example_dags/example_skip_dag.py
[2025-03-06T04:37:07.001+0000] {processor.py:925} INFO - DAG(s) 'example_skip_dag' retrieved from /home/airflow/.local/lib/python3.12/site-packages/airflow/example_dags/example_skip_dag.py
[2025-03-06T04:37:07.020+0000] {logging_mixin.py:190} INFO - [2025-03-06T04:37:07.020+0000] {dag.py:3239} INFO - Sync 1 DAGs
[2025-03-06T04:37:07.039+0000] {logging_mixin.py:190} INFO - [2025-03-06T04:37:07.039+0000] {dag.py:4180} INFO - Setting next_dagrun for example_skip_dag to 2025-03-05 00:00:00+00:00, run_after=2025-03-06 00:00:00+00:00
[2025-03-06T04:37:07.055+0000] {processor.py:208} INFO - Processing /home/airflow/.local/lib/python3.12/site-packages/airflow/example_dags/example_skip_dag.py took 0.068 seconds
[2025-03-06T04:37:38.061+0000] {processor.py:186} INFO - Started process (PID=14838) to work on /home/airflow/.local/lib/python3.12/site-packages/airflow/example_dags/example_skip_dag.py
[2025-03-06T04:37:38.062+0000] {processor.py:914} INFO - Processing file /home/airflow/.local/lib/python3.12/site-packages/airflow/example_dags/example_skip_dag.py for tasks to queue
[2025-03-06T04:37:38.065+0000] {logging_mixin.py:190} INFO - [2025-03-06T04:37:38.065+0000] {dagbag.py:588} INFO - Filling up the DagBag from /home/airflow/.local/lib/python3.12/site-packages/airflow/example_dags/example_skip_dag.py
[2025-03-06T04:37:38.072+0000] {processor.py:925} INFO - DAG(s) 'example_skip_dag' retrieved from /home/airflow/.local/lib/python3.12/site-packages/airflow/example_dags/example_skip_dag.py
[2025-03-06T04:37:38.091+0000] {logging_mixin.py:190} INFO - [2025-03-06T04:37:38.091+0000] {dag.py:3239} INFO - Sync 1 DAGs
[2025-03-06T04:37:38.112+0000] {logging_mixin.py:190} INFO - [2025-03-06T04:37:38.111+0000] {dag.py:4180} INFO - Setting next_dagrun for example_skip_dag to 2025-03-05 00:00:00+00:00, run_after=2025-03-06 00:00:00+00:00
[2025-03-06T04:37:38.126+0000] {processor.py:208} INFO - Processing /home/airflow/.local/lib/python3.12/site-packages/airflow/example_dags/example_skip_dag.py took 0.070 seconds
[2025-03-06T04:38:08.864+0000] {processor.py:186} INFO - Started process (PID=14913) to work on /home/airflow/.local/lib/python3.12/site-packages/airflow/example_dags/example_skip_dag.py
[2025-03-06T04:38:08.865+0000] {processor.py:914} INFO - Processing file /home/airflow/.local/lib/python3.12/site-packages/airflow/example_dags/example_skip_dag.py for tasks to queue
[2025-03-06T04:38:08.867+0000] {logging_mixin.py:190} INFO - [2025-03-06T04:38:08.867+0000] {dagbag.py:588} INFO - Filling up the DagBag from /home/airflow/.local/lib/python3.12/site-packages/airflow/example_dags/example_skip_dag.py
[2025-03-06T04:38:08.874+0000] {processor.py:925} INFO - DAG(s) 'example_skip_dag' retrieved from /home/airflow/.local/lib/python3.12/site-packages/airflow/example_dags/example_skip_dag.py
[2025-03-06T04:38:08.893+0000] {logging_mixin.py:190} INFO - [2025-03-06T04:38:08.893+0000] {dag.py:3239} INFO - Sync 1 DAGs
[2025-03-06T04:38:08.911+0000] {logging_mixin.py:190} INFO - [2025-03-06T04:38:08.911+0000] {dag.py:4180} INFO - Setting next_dagrun for example_skip_dag to 2025-03-05 00:00:00+00:00, run_after=2025-03-06 00:00:00+00:00
[2025-03-06T04:38:08.928+0000] {processor.py:208} INFO - Processing /home/airflow/.local/lib/python3.12/site-packages/airflow/example_dags/example_skip_dag.py took 0.069 seconds
[2025-03-06T04:38:40.102+0000] {processor.py:186} INFO - Started process (PID=14988) to work on /home/airflow/.local/lib/python3.12/site-packages/airflow/example_dags/example_skip_dag.py
[2025-03-06T04:38:40.103+0000] {processor.py:914} INFO - Processing file /home/airflow/.local/lib/python3.12/site-packages/airflow/example_dags/example_skip_dag.py for tasks to queue
[2025-03-06T04:38:40.105+0000] {logging_mixin.py:190} INFO - [2025-03-06T04:38:40.105+0000] {dagbag.py:588} INFO - Filling up the DagBag from /home/airflow/.local/lib/python3.12/site-packages/airflow/example_dags/example_skip_dag.py
[2025-03-06T04:38:40.113+0000] {processor.py:925} INFO - DAG(s) 'example_skip_dag' retrieved from /home/airflow/.local/lib/python3.12/site-packages/airflow/example_dags/example_skip_dag.py
[2025-03-06T04:38:40.132+0000] {logging_mixin.py:190} INFO - [2025-03-06T04:38:40.132+0000] {dag.py:3239} INFO - Sync 1 DAGs
[2025-03-06T04:38:40.151+0000] {logging_mixin.py:190} INFO - [2025-03-06T04:38:40.151+0000] {dag.py:4180} INFO - Setting next_dagrun for example_skip_dag to 2025-03-05 00:00:00+00:00, run_after=2025-03-06 00:00:00+00:00
[2025-03-06T04:38:40.167+0000] {processor.py:208} INFO - Processing /home/airflow/.local/lib/python3.12/site-packages/airflow/example_dags/example_skip_dag.py took 0.070 seconds
[2025-03-06T04:39:12.653+0000] {processor.py:186} INFO - Started process (PID=15063) to work on /home/airflow/.local/lib/python3.12/site-packages/airflow/example_dags/example_skip_dag.py
[2025-03-06T04:39:12.654+0000] {processor.py:914} INFO - Processing file /home/airflow/.local/lib/python3.12/site-packages/airflow/example_dags/example_skip_dag.py for tasks to queue
[2025-03-06T04:39:12.658+0000] {logging_mixin.py:190} INFO - [2025-03-06T04:39:12.657+0000] {dagbag.py:588} INFO - Filling up the DagBag from /home/airflow/.local/lib/python3.12/site-packages/airflow/example_dags/example_skip_dag.py
[2025-03-06T04:39:12.670+0000] {processor.py:925} INFO - DAG(s) 'example_skip_dag' retrieved from /home/airflow/.local/lib/python3.12/site-packages/airflow/example_dags/example_skip_dag.py
[2025-03-06T04:39:12.697+0000] {logging_mixin.py:190} INFO - [2025-03-06T04:39:12.697+0000] {dag.py:3239} INFO - Sync 1 DAGs
[2025-03-06T04:39:12.718+0000] {logging_mixin.py:190} INFO - [2025-03-06T04:39:12.718+0000] {dag.py:4180} INFO - Setting next_dagrun for example_skip_dag to 2025-03-05 00:00:00+00:00, run_after=2025-03-06 00:00:00+00:00
[2025-03-06T04:39:12.735+0000] {processor.py:208} INFO - Processing /home/airflow/.local/lib/python3.12/site-packages/airflow/example_dags/example_skip_dag.py took 0.088 seconds
[2025-03-06T04:39:43.896+0000] {processor.py:186} INFO - Started process (PID=15138) to work on /home/airflow/.local/lib/python3.12/site-packages/airflow/example_dags/example_skip_dag.py
[2025-03-06T04:39:43.897+0000] {processor.py:914} INFO - Processing file /home/airflow/.local/lib/python3.12/site-packages/airflow/example_dags/example_skip_dag.py for tasks to queue
[2025-03-06T04:39:43.899+0000] {logging_mixin.py:190} INFO - [2025-03-06T04:39:43.899+0000] {dagbag.py:588} INFO - Filling up the DagBag from /home/airflow/.local/lib/python3.12/site-packages/airflow/example_dags/example_skip_dag.py
[2025-03-06T04:39:43.907+0000] {processor.py:925} INFO - DAG(s) 'example_skip_dag' retrieved from /home/airflow/.local/lib/python3.12/site-packages/airflow/example_dags/example_skip_dag.py
[2025-03-06T04:39:43.926+0000] {logging_mixin.py:190} INFO - [2025-03-06T04:39:43.925+0000] {dag.py:3239} INFO - Sync 1 DAGs
[2025-03-06T04:39:43.945+0000] {logging_mixin.py:190} INFO - [2025-03-06T04:39:43.944+0000] {dag.py:4180} INFO - Setting next_dagrun for example_skip_dag to 2025-03-05 00:00:00+00:00, run_after=2025-03-06 00:00:00+00:00
[2025-03-06T04:39:43.965+0000] {processor.py:208} INFO - Processing /home/airflow/.local/lib/python3.12/site-packages/airflow/example_dags/example_skip_dag.py took 0.074 seconds
[2025-03-06T04:40:14.987+0000] {processor.py:186} INFO - Started process (PID=15220) to work on /home/airflow/.local/lib/python3.12/site-packages/airflow/example_dags/example_skip_dag.py
[2025-03-06T04:40:14.988+0000] {processor.py:914} INFO - Processing file /home/airflow/.local/lib/python3.12/site-packages/airflow/example_dags/example_skip_dag.py for tasks to queue
[2025-03-06T04:40:14.990+0000] {logging_mixin.py:190} INFO - [2025-03-06T04:40:14.990+0000] {dagbag.py:588} INFO - Filling up the DagBag from /home/airflow/.local/lib/python3.12/site-packages/airflow/example_dags/example_skip_dag.py
[2025-03-06T04:40:14.998+0000] {processor.py:925} INFO - DAG(s) 'example_skip_dag' retrieved from /home/airflow/.local/lib/python3.12/site-packages/airflow/example_dags/example_skip_dag.py
[2025-03-06T04:40:15.015+0000] {logging_mixin.py:190} INFO - [2025-03-06T04:40:15.015+0000] {dag.py:3239} INFO - Sync 1 DAGs
[2025-03-06T04:40:15.035+0000] {logging_mixin.py:190} INFO - [2025-03-06T04:40:15.034+0000] {dag.py:4180} INFO - Setting next_dagrun for example_skip_dag to 2025-03-05 00:00:00+00:00, run_after=2025-03-06 00:00:00+00:00
[2025-03-06T04:40:15.050+0000] {processor.py:208} INFO - Processing /home/airflow/.local/lib/python3.12/site-packages/airflow/example_dags/example_skip_dag.py took 0.067 seconds
[2025-03-06T04:40:45.845+0000] {processor.py:186} INFO - Started process (PID=15295) to work on /home/airflow/.local/lib/python3.12/site-packages/airflow/example_dags/example_skip_dag.py
[2025-03-06T04:40:45.846+0000] {processor.py:914} INFO - Processing file /home/airflow/.local/lib/python3.12/site-packages/airflow/example_dags/example_skip_dag.py for tasks to queue
[2025-03-06T04:40:45.848+0000] {logging_mixin.py:190} INFO - [2025-03-06T04:40:45.848+0000] {dagbag.py:588} INFO - Filling up the DagBag from /home/airflow/.local/lib/python3.12/site-packages/airflow/example_dags/example_skip_dag.py
[2025-03-06T04:40:45.855+0000] {processor.py:925} INFO - DAG(s) 'example_skip_dag' retrieved from /home/airflow/.local/lib/python3.12/site-packages/airflow/example_dags/example_skip_dag.py
[2025-03-06T04:40:45.875+0000] {logging_mixin.py:190} INFO - [2025-03-06T04:40:45.874+0000] {dag.py:3239} INFO - Sync 1 DAGs
[2025-03-06T04:40:45.894+0000] {logging_mixin.py:190} INFO - [2025-03-06T04:40:45.894+0000] {dag.py:4180} INFO - Setting next_dagrun for example_skip_dag to 2025-03-05 00:00:00+00:00, run_after=2025-03-06 00:00:00+00:00
[2025-03-06T04:40:45.910+0000] {processor.py:208} INFO - Processing /home/airflow/.local/lib/python3.12/site-packages/airflow/example_dags/example_skip_dag.py took 0.069 seconds
[2025-03-06T04:41:17.168+0000] {processor.py:186} INFO - Started process (PID=15370) to work on /home/airflow/.local/lib/python3.12/site-packages/airflow/example_dags/example_skip_dag.py
[2025-03-06T04:41:17.169+0000] {processor.py:914} INFO - Processing file /home/airflow/.local/lib/python3.12/site-packages/airflow/example_dags/example_skip_dag.py for tasks to queue
[2025-03-06T04:41:17.171+0000] {logging_mixin.py:190} INFO - [2025-03-06T04:41:17.170+0000] {dagbag.py:588} INFO - Filling up the DagBag from /home/airflow/.local/lib/python3.12/site-packages/airflow/example_dags/example_skip_dag.py
[2025-03-06T04:41:17.177+0000] {processor.py:925} INFO - DAG(s) 'example_skip_dag' retrieved from /home/airflow/.local/lib/python3.12/site-packages/airflow/example_dags/example_skip_dag.py
[2025-03-06T04:41:17.194+0000] {logging_mixin.py:190} INFO - [2025-03-06T04:41:17.194+0000] {dag.py:3239} INFO - Sync 1 DAGs
[2025-03-06T04:41:17.216+0000] {logging_mixin.py:190} INFO - [2025-03-06T04:41:17.216+0000] {dag.py:4180} INFO - Setting next_dagrun for example_skip_dag to 2025-03-05 00:00:00+00:00, run_after=2025-03-06 00:00:00+00:00
[2025-03-06T04:41:17.231+0000] {processor.py:208} INFO - Processing /home/airflow/.local/lib/python3.12/site-packages/airflow/example_dags/example_skip_dag.py took 0.068 seconds
[2025-03-06T04:41:48.346+0000] {processor.py:186} INFO - Started process (PID=15445) to work on /home/airflow/.local/lib/python3.12/site-packages/airflow/example_dags/example_skip_dag.py
[2025-03-06T04:41:48.347+0000] {processor.py:914} INFO - Processing file /home/airflow/.local/lib/python3.12/site-packages/airflow/example_dags/example_skip_dag.py for tasks to queue
[2025-03-06T04:41:48.349+0000] {logging_mixin.py:190} INFO - [2025-03-06T04:41:48.349+0000] {dagbag.py:588} INFO - Filling up the DagBag from /home/airflow/.local/lib/python3.12/site-packages/airflow/example_dags/example_skip_dag.py
[2025-03-06T04:41:48.356+0000] {processor.py:925} INFO - DAG(s) 'example_skip_dag' retrieved from /home/airflow/.local/lib/python3.12/site-packages/airflow/example_dags/example_skip_dag.py
[2025-03-06T04:41:48.374+0000] {logging_mixin.py:190} INFO - [2025-03-06T04:41:48.373+0000] {dag.py:3239} INFO - Sync 1 DAGs
[2025-03-06T04:41:48.393+0000] {logging_mixin.py:190} INFO - [2025-03-06T04:41:48.392+0000] {dag.py:4180} INFO - Setting next_dagrun for example_skip_dag to 2025-03-05 00:00:00+00:00, run_after=2025-03-06 00:00:00+00:00
[2025-03-06T04:41:48.409+0000] {processor.py:208} INFO - Processing /home/airflow/.local/lib/python3.12/site-packages/airflow/example_dags/example_skip_dag.py took 0.068 seconds
[2025-03-06T04:42:19.595+0000] {processor.py:186} INFO - Started process (PID=15520) to work on /home/airflow/.local/lib/python3.12/site-packages/airflow/example_dags/example_skip_dag.py
[2025-03-06T04:42:19.597+0000] {processor.py:914} INFO - Processing file /home/airflow/.local/lib/python3.12/site-packages/airflow/example_dags/example_skip_dag.py for tasks to queue
[2025-03-06T04:42:19.600+0000] {logging_mixin.py:190} INFO - [2025-03-06T04:42:19.599+0000] {dagbag.py:588} INFO - Filling up the DagBag from /home/airflow/.local/lib/python3.12/site-packages/airflow/example_dags/example_skip_dag.py
[2025-03-06T04:42:19.607+0000] {processor.py:925} INFO - DAG(s) 'example_skip_dag' retrieved from /home/airflow/.local/lib/python3.12/site-packages/airflow/example_dags/example_skip_dag.py
[2025-03-06T04:42:19.627+0000] {logging_mixin.py:190} INFO - [2025-03-06T04:42:19.627+0000] {dag.py:3239} INFO - Sync 1 DAGs
[2025-03-06T04:42:19.648+0000] {logging_mixin.py:190} INFO - [2025-03-06T04:42:19.648+0000] {dag.py:4180} INFO - Setting next_dagrun for example_skip_dag to 2025-03-05 00:00:00+00:00, run_after=2025-03-06 00:00:00+00:00
[2025-03-06T04:42:19.666+0000] {processor.py:208} INFO - Processing /home/airflow/.local/lib/python3.12/site-packages/airflow/example_dags/example_skip_dag.py took 0.076 seconds
[2025-03-06T11:01:17.017+0000] {processor.py:186} INFO - Started process (PID=152) to work on /home/airflow/.local/lib/python3.12/site-packages/airflow/example_dags/example_skip_dag.py
[2025-03-06T11:01:17.019+0000] {processor.py:914} INFO - Processing file /home/airflow/.local/lib/python3.12/site-packages/airflow/example_dags/example_skip_dag.py for tasks to queue
[2025-03-06T11:01:17.023+0000] {logging_mixin.py:190} INFO - [2025-03-06T11:01:17.022+0000] {dagbag.py:588} INFO - Filling up the DagBag from /home/airflow/.local/lib/python3.12/site-packages/airflow/example_dags/example_skip_dag.py
[2025-03-06T11:01:17.037+0000] {processor.py:925} INFO - DAG(s) 'example_skip_dag' retrieved from /home/airflow/.local/lib/python3.12/site-packages/airflow/example_dags/example_skip_dag.py
[2025-03-06T11:01:17.070+0000] {logging_mixin.py:190} INFO - [2025-03-06T11:01:17.069+0000] {dag.py:3239} INFO - Sync 1 DAGs
[2025-03-06T11:01:17.108+0000] {logging_mixin.py:190} INFO - [2025-03-06T11:01:17.108+0000] {dag.py:4180} INFO - Setting next_dagrun for example_skip_dag to 2025-03-05 00:00:00+00:00, run_after=2025-03-06 00:00:00+00:00
[2025-03-06T11:01:17.140+0000] {processor.py:208} INFO - Processing /home/airflow/.local/lib/python3.12/site-packages/airflow/example_dags/example_skip_dag.py took 0.133 seconds
[2025-03-06T11:01:48.232+0000] {processor.py:186} INFO - Started process (PID=227) to work on /home/airflow/.local/lib/python3.12/site-packages/airflow/example_dags/example_skip_dag.py
[2025-03-06T11:01:48.234+0000] {processor.py:914} INFO - Processing file /home/airflow/.local/lib/python3.12/site-packages/airflow/example_dags/example_skip_dag.py for tasks to queue
[2025-03-06T11:01:48.236+0000] {logging_mixin.py:190} INFO - [2025-03-06T11:01:48.235+0000] {dagbag.py:588} INFO - Filling up the DagBag from /home/airflow/.local/lib/python3.12/site-packages/airflow/example_dags/example_skip_dag.py
[2025-03-06T11:01:48.243+0000] {processor.py:925} INFO - DAG(s) 'example_skip_dag' retrieved from /home/airflow/.local/lib/python3.12/site-packages/airflow/example_dags/example_skip_dag.py
[2025-03-06T11:01:48.262+0000] {logging_mixin.py:190} INFO - [2025-03-06T11:01:48.261+0000] {dag.py:3239} INFO - Sync 1 DAGs
[2025-03-06T11:01:48.282+0000] {logging_mixin.py:190} INFO - [2025-03-06T11:01:48.281+0000] {dag.py:4180} INFO - Setting next_dagrun for example_skip_dag to 2025-03-05 00:00:00+00:00, run_after=2025-03-06 00:00:00+00:00
[2025-03-06T11:01:48.297+0000] {processor.py:208} INFO - Processing /home/airflow/.local/lib/python3.12/site-packages/airflow/example_dags/example_skip_dag.py took 0.070 seconds
[2025-03-06T11:02:19.247+0000] {processor.py:186} INFO - Started process (PID=302) to work on /home/airflow/.local/lib/python3.12/site-packages/airflow/example_dags/example_skip_dag.py
[2025-03-06T11:02:19.249+0000] {processor.py:914} INFO - Processing file /home/airflow/.local/lib/python3.12/site-packages/airflow/example_dags/example_skip_dag.py for tasks to queue
[2025-03-06T11:02:19.251+0000] {logging_mixin.py:190} INFO - [2025-03-06T11:02:19.251+0000] {dagbag.py:588} INFO - Filling up the DagBag from /home/airflow/.local/lib/python3.12/site-packages/airflow/example_dags/example_skip_dag.py
[2025-03-06T11:02:19.258+0000] {processor.py:925} INFO - DAG(s) 'example_skip_dag' retrieved from /home/airflow/.local/lib/python3.12/site-packages/airflow/example_dags/example_skip_dag.py
[2025-03-06T11:02:19.281+0000] {logging_mixin.py:190} INFO - [2025-03-06T11:02:19.280+0000] {dag.py:3239} INFO - Sync 1 DAGs
[2025-03-06T11:02:19.299+0000] {logging_mixin.py:190} INFO - [2025-03-06T11:02:19.299+0000] {dag.py:4180} INFO - Setting next_dagrun for example_skip_dag to 2025-03-05 00:00:00+00:00, run_after=2025-03-06 00:00:00+00:00
[2025-03-06T11:02:19.316+0000] {processor.py:208} INFO - Processing /home/airflow/.local/lib/python3.12/site-packages/airflow/example_dags/example_skip_dag.py took 0.075 seconds
[2025-03-06T11:02:50.770+0000] {processor.py:186} INFO - Started process (PID=377) to work on /home/airflow/.local/lib/python3.12/site-packages/airflow/example_dags/example_skip_dag.py
[2025-03-06T11:02:50.771+0000] {processor.py:914} INFO - Processing file /home/airflow/.local/lib/python3.12/site-packages/airflow/example_dags/example_skip_dag.py for tasks to queue
[2025-03-06T11:02:50.775+0000] {logging_mixin.py:190} INFO - [2025-03-06T11:02:50.775+0000] {dagbag.py:588} INFO - Filling up the DagBag from /home/airflow/.local/lib/python3.12/site-packages/airflow/example_dags/example_skip_dag.py
[2025-03-06T11:02:50.786+0000] {processor.py:925} INFO - DAG(s) 'example_skip_dag' retrieved from /home/airflow/.local/lib/python3.12/site-packages/airflow/example_dags/example_skip_dag.py
[2025-03-06T11:02:50.815+0000] {logging_mixin.py:190} INFO - [2025-03-06T11:02:50.814+0000] {dag.py:3239} INFO - Sync 1 DAGs
[2025-03-06T11:02:50.846+0000] {logging_mixin.py:190} INFO - [2025-03-06T11:02:50.845+0000] {dag.py:4180} INFO - Setting next_dagrun for example_skip_dag to 2025-03-05 00:00:00+00:00, run_after=2025-03-06 00:00:00+00:00
[2025-03-06T11:02:50.871+0000] {processor.py:208} INFO - Processing /home/airflow/.local/lib/python3.12/site-packages/airflow/example_dags/example_skip_dag.py took 0.109 seconds
[2025-03-06T11:03:21.112+0000] {processor.py:186} INFO - Started process (PID=453) to work on /home/airflow/.local/lib/python3.12/site-packages/airflow/example_dags/example_skip_dag.py
[2025-03-06T11:03:21.113+0000] {processor.py:914} INFO - Processing file /home/airflow/.local/lib/python3.12/site-packages/airflow/example_dags/example_skip_dag.py for tasks to queue
[2025-03-06T11:03:21.116+0000] {logging_mixin.py:190} INFO - [2025-03-06T11:03:21.115+0000] {dagbag.py:588} INFO - Filling up the DagBag from /home/airflow/.local/lib/python3.12/site-packages/airflow/example_dags/example_skip_dag.py
[2025-03-06T11:03:21.122+0000] {processor.py:925} INFO - DAG(s) 'example_skip_dag' retrieved from /home/airflow/.local/lib/python3.12/site-packages/airflow/example_dags/example_skip_dag.py
[2025-03-06T11:03:21.141+0000] {logging_mixin.py:190} INFO - [2025-03-06T11:03:21.140+0000] {dag.py:3239} INFO - Sync 1 DAGs
[2025-03-06T11:03:21.160+0000] {logging_mixin.py:190} INFO - [2025-03-06T11:03:21.160+0000] {dag.py:4180} INFO - Setting next_dagrun for example_skip_dag to 2025-03-05 00:00:00+00:00, run_after=2025-03-06 00:00:00+00:00
[2025-03-06T11:03:21.176+0000] {processor.py:208} INFO - Processing /home/airflow/.local/lib/python3.12/site-packages/airflow/example_dags/example_skip_dag.py took 0.068 seconds
[2025-03-06T11:03:51.848+0000] {processor.py:186} INFO - Started process (PID=528) to work on /home/airflow/.local/lib/python3.12/site-packages/airflow/example_dags/example_skip_dag.py
[2025-03-06T11:03:51.849+0000] {processor.py:914} INFO - Processing file /home/airflow/.local/lib/python3.12/site-packages/airflow/example_dags/example_skip_dag.py for tasks to queue
[2025-03-06T11:03:51.852+0000] {logging_mixin.py:190} INFO - [2025-03-06T11:03:51.851+0000] {dagbag.py:588} INFO - Filling up the DagBag from /home/airflow/.local/lib/python3.12/site-packages/airflow/example_dags/example_skip_dag.py
[2025-03-06T11:03:51.860+0000] {processor.py:925} INFO - DAG(s) 'example_skip_dag' retrieved from /home/airflow/.local/lib/python3.12/site-packages/airflow/example_dags/example_skip_dag.py
[2025-03-06T11:03:51.881+0000] {logging_mixin.py:190} INFO - [2025-03-06T11:03:51.881+0000] {dag.py:3239} INFO - Sync 1 DAGs
[2025-03-06T11:03:51.907+0000] {logging_mixin.py:190} INFO - [2025-03-06T11:03:51.906+0000] {dag.py:4180} INFO - Setting next_dagrun for example_skip_dag to 2025-03-05 00:00:00+00:00, run_after=2025-03-06 00:00:00+00:00
[2025-03-06T11:03:51.925+0000] {processor.py:208} INFO - Processing /home/airflow/.local/lib/python3.12/site-packages/airflow/example_dags/example_skip_dag.py took 0.082 seconds
[2025-03-06T11:04:22.624+0000] {processor.py:186} INFO - Started process (PID=603) to work on /home/airflow/.local/lib/python3.12/site-packages/airflow/example_dags/example_skip_dag.py
[2025-03-06T11:04:22.625+0000] {processor.py:914} INFO - Processing file /home/airflow/.local/lib/python3.12/site-packages/airflow/example_dags/example_skip_dag.py for tasks to queue
[2025-03-06T11:04:22.627+0000] {logging_mixin.py:190} INFO - [2025-03-06T11:04:22.627+0000] {dagbag.py:588} INFO - Filling up the DagBag from /home/airflow/.local/lib/python3.12/site-packages/airflow/example_dags/example_skip_dag.py
[2025-03-06T11:04:22.635+0000] {processor.py:925} INFO - DAG(s) 'example_skip_dag' retrieved from /home/airflow/.local/lib/python3.12/site-packages/airflow/example_dags/example_skip_dag.py
[2025-03-06T11:04:22.651+0000] {logging_mixin.py:190} INFO - [2025-03-06T11:04:22.651+0000] {dag.py:3239} INFO - Sync 1 DAGs
[2025-03-06T11:04:22.671+0000] {logging_mixin.py:190} INFO - [2025-03-06T11:04:22.671+0000] {dag.py:4180} INFO - Setting next_dagrun for example_skip_dag to 2025-03-05 00:00:00+00:00, run_after=2025-03-06 00:00:00+00:00
[2025-03-06T11:04:22.689+0000] {processor.py:208} INFO - Processing /home/airflow/.local/lib/python3.12/site-packages/airflow/example_dags/example_skip_dag.py took 0.071 seconds
[2025-03-06T11:04:53.750+0000] {processor.py:186} INFO - Started process (PID=678) to work on /home/airflow/.local/lib/python3.12/site-packages/airflow/example_dags/example_skip_dag.py
[2025-03-06T11:04:53.751+0000] {processor.py:914} INFO - Processing file /home/airflow/.local/lib/python3.12/site-packages/airflow/example_dags/example_skip_dag.py for tasks to queue
[2025-03-06T11:04:53.753+0000] {logging_mixin.py:190} INFO - [2025-03-06T11:04:53.753+0000] {dagbag.py:588} INFO - Filling up the DagBag from /home/airflow/.local/lib/python3.12/site-packages/airflow/example_dags/example_skip_dag.py
[2025-03-06T11:04:53.760+0000] {processor.py:925} INFO - DAG(s) 'example_skip_dag' retrieved from /home/airflow/.local/lib/python3.12/site-packages/airflow/example_dags/example_skip_dag.py
[2025-03-06T11:04:53.778+0000] {logging_mixin.py:190} INFO - [2025-03-06T11:04:53.777+0000] {dag.py:3239} INFO - Sync 1 DAGs
[2025-03-06T11:04:53.796+0000] {logging_mixin.py:190} INFO - [2025-03-06T11:04:53.796+0000] {dag.py:4180} INFO - Setting next_dagrun for example_skip_dag to 2025-03-05 00:00:00+00:00, run_after=2025-03-06 00:00:00+00:00
[2025-03-06T11:04:53.811+0000] {processor.py:208} INFO - Processing /home/airflow/.local/lib/python3.12/site-packages/airflow/example_dags/example_skip_dag.py took 0.066 seconds
[2025-03-06T11:05:24.997+0000] {processor.py:186} INFO - Started process (PID=777) to work on /home/airflow/.local/lib/python3.12/site-packages/airflow/example_dags/example_skip_dag.py
[2025-03-06T11:05:24.999+0000] {processor.py:914} INFO - Processing file /home/airflow/.local/lib/python3.12/site-packages/airflow/example_dags/example_skip_dag.py for tasks to queue
[2025-03-06T11:05:25.002+0000] {logging_mixin.py:190} INFO - [2025-03-06T11:05:25.002+0000] {dagbag.py:588} INFO - Filling up the DagBag from /home/airflow/.local/lib/python3.12/site-packages/airflow/example_dags/example_skip_dag.py
[2025-03-06T11:05:25.012+0000] {processor.py:925} INFO - DAG(s) 'example_skip_dag' retrieved from /home/airflow/.local/lib/python3.12/site-packages/airflow/example_dags/example_skip_dag.py
[2025-03-06T11:05:25.038+0000] {logging_mixin.py:190} INFO - [2025-03-06T11:05:25.038+0000] {dag.py:3239} INFO - Sync 1 DAGs
[2025-03-06T11:05:25.066+0000] {logging_mixin.py:190} INFO - [2025-03-06T11:05:25.066+0000] {dag.py:4180} INFO - Setting next_dagrun for example_skip_dag to 2025-03-05 00:00:00+00:00, run_after=2025-03-06 00:00:00+00:00
[2025-03-06T11:05:25.093+0000] {processor.py:208} INFO - Processing /home/airflow/.local/lib/python3.12/site-packages/airflow/example_dags/example_skip_dag.py took 0.102 seconds
[2025-03-06T11:05:56.505+0000] {processor.py:186} INFO - Started process (PID=864) to work on /home/airflow/.local/lib/python3.12/site-packages/airflow/example_dags/example_skip_dag.py
[2025-03-06T11:05:56.507+0000] {processor.py:914} INFO - Processing file /home/airflow/.local/lib/python3.12/site-packages/airflow/example_dags/example_skip_dag.py for tasks to queue
[2025-03-06T11:05:56.512+0000] {logging_mixin.py:190} INFO - [2025-03-06T11:05:56.511+0000] {dagbag.py:588} INFO - Filling up the DagBag from /home/airflow/.local/lib/python3.12/site-packages/airflow/example_dags/example_skip_dag.py
[2025-03-06T11:05:56.529+0000] {processor.py:925} INFO - DAG(s) 'example_skip_dag' retrieved from /home/airflow/.local/lib/python3.12/site-packages/airflow/example_dags/example_skip_dag.py
[2025-03-06T11:05:56.598+0000] {logging_mixin.py:190} INFO - [2025-03-06T11:05:56.597+0000] {dag.py:3239} INFO - Sync 1 DAGs
[2025-03-06T11:05:56.672+0000] {logging_mixin.py:190} INFO - [2025-03-06T11:05:56.672+0000] {dag.py:4180} INFO - Setting next_dagrun for example_skip_dag to 2025-03-05 00:00:00+00:00, run_after=2025-03-06 00:00:00+00:00
[2025-03-06T11:05:56.725+0000] {processor.py:208} INFO - Processing /home/airflow/.local/lib/python3.12/site-packages/airflow/example_dags/example_skip_dag.py took 0.231 seconds
[2025-03-06T11:07:44.475+0000] {processor.py:186} INFO - Started process (PID=967) to work on /home/airflow/.local/lib/python3.12/site-packages/airflow/example_dags/example_skip_dag.py
[2025-03-06T11:07:44.478+0000] {processor.py:914} INFO - Processing file /home/airflow/.local/lib/python3.12/site-packages/airflow/example_dags/example_skip_dag.py for tasks to queue
[2025-03-06T11:07:44.481+0000] {logging_mixin.py:190} INFO - [2025-03-06T11:07:44.480+0000] {dagbag.py:588} INFO - Filling up the DagBag from /home/airflow/.local/lib/python3.12/site-packages/airflow/example_dags/example_skip_dag.py
[2025-03-06T11:07:44.501+0000] {processor.py:925} INFO - DAG(s) 'example_skip_dag' retrieved from /home/airflow/.local/lib/python3.12/site-packages/airflow/example_dags/example_skip_dag.py
[2025-03-06T11:07:44.553+0000] {logging_mixin.py:190} INFO - [2025-03-06T11:07:44.552+0000] {dag.py:3239} INFO - Sync 1 DAGs
[2025-03-06T11:07:44.611+0000] {logging_mixin.py:190} INFO - [2025-03-06T11:07:44.611+0000] {dag.py:4180} INFO - Setting next_dagrun for example_skip_dag to 2025-03-05 00:00:00+00:00, run_after=2025-03-06 00:00:00+00:00
[2025-03-06T11:07:44.657+0000] {processor.py:208} INFO - Processing /home/airflow/.local/lib/python3.12/site-packages/airflow/example_dags/example_skip_dag.py took 0.196 seconds
[2025-03-06T11:08:15.011+0000] {processor.py:186} INFO - Started process (PID=1042) to work on /home/airflow/.local/lib/python3.12/site-packages/airflow/example_dags/example_skip_dag.py
[2025-03-06T11:08:15.012+0000] {processor.py:914} INFO - Processing file /home/airflow/.local/lib/python3.12/site-packages/airflow/example_dags/example_skip_dag.py for tasks to queue
[2025-03-06T11:08:15.013+0000] {logging_mixin.py:190} INFO - [2025-03-06T11:08:15.013+0000] {dagbag.py:588} INFO - Filling up the DagBag from /home/airflow/.local/lib/python3.12/site-packages/airflow/example_dags/example_skip_dag.py
[2025-03-06T11:08:15.026+0000] {processor.py:925} INFO - DAG(s) 'example_skip_dag' retrieved from /home/airflow/.local/lib/python3.12/site-packages/airflow/example_dags/example_skip_dag.py
[2025-03-06T11:08:15.053+0000] {logging_mixin.py:190} INFO - [2025-03-06T11:08:15.052+0000] {dag.py:3239} INFO - Sync 1 DAGs
[2025-03-06T11:08:15.084+0000] {logging_mixin.py:190} INFO - [2025-03-06T11:08:15.083+0000] {dag.py:4180} INFO - Setting next_dagrun for example_skip_dag to 2025-03-05 00:00:00+00:00, run_after=2025-03-06 00:00:00+00:00
[2025-03-06T11:08:15.112+0000] {processor.py:208} INFO - Processing /home/airflow/.local/lib/python3.12/site-packages/airflow/example_dags/example_skip_dag.py took 0.106 seconds
[2025-03-06T11:08:45.611+0000] {processor.py:186} INFO - Started process (PID=1117) to work on /home/airflow/.local/lib/python3.12/site-packages/airflow/example_dags/example_skip_dag.py
[2025-03-06T11:08:45.612+0000] {processor.py:914} INFO - Processing file /home/airflow/.local/lib/python3.12/site-packages/airflow/example_dags/example_skip_dag.py for tasks to queue
[2025-03-06T11:08:45.614+0000] {logging_mixin.py:190} INFO - [2025-03-06T11:08:45.613+0000] {dagbag.py:588} INFO - Filling up the DagBag from /home/airflow/.local/lib/python3.12/site-packages/airflow/example_dags/example_skip_dag.py
[2025-03-06T11:08:45.623+0000] {processor.py:925} INFO - DAG(s) 'example_skip_dag' retrieved from /home/airflow/.local/lib/python3.12/site-packages/airflow/example_dags/example_skip_dag.py
[2025-03-06T11:08:45.644+0000] {logging_mixin.py:190} INFO - [2025-03-06T11:08:45.643+0000] {dag.py:3239} INFO - Sync 1 DAGs
[2025-03-06T11:08:45.664+0000] {logging_mixin.py:190} INFO - [2025-03-06T11:08:45.664+0000] {dag.py:4180} INFO - Setting next_dagrun for example_skip_dag to 2025-03-05 00:00:00+00:00, run_after=2025-03-06 00:00:00+00:00
[2025-03-06T11:08:45.683+0000] {processor.py:208} INFO - Processing /home/airflow/.local/lib/python3.12/site-packages/airflow/example_dags/example_skip_dag.py took 0.079 seconds
[2025-03-06T11:09:16.442+0000] {processor.py:186} INFO - Started process (PID=1192) to work on /home/airflow/.local/lib/python3.12/site-packages/airflow/example_dags/example_skip_dag.py
[2025-03-06T11:09:16.443+0000] {processor.py:914} INFO - Processing file /home/airflow/.local/lib/python3.12/site-packages/airflow/example_dags/example_skip_dag.py for tasks to queue
[2025-03-06T11:09:16.445+0000] {logging_mixin.py:190} INFO - [2025-03-06T11:09:16.445+0000] {dagbag.py:588} INFO - Filling up the DagBag from /home/airflow/.local/lib/python3.12/site-packages/airflow/example_dags/example_skip_dag.py
[2025-03-06T11:09:16.454+0000] {processor.py:925} INFO - DAG(s) 'example_skip_dag' retrieved from /home/airflow/.local/lib/python3.12/site-packages/airflow/example_dags/example_skip_dag.py
[2025-03-06T11:09:16.474+0000] {logging_mixin.py:190} INFO - [2025-03-06T11:09:16.474+0000] {dag.py:3239} INFO - Sync 1 DAGs
[2025-03-06T11:09:16.503+0000] {logging_mixin.py:190} INFO - [2025-03-06T11:09:16.503+0000] {dag.py:4180} INFO - Setting next_dagrun for example_skip_dag to 2025-03-05 00:00:00+00:00, run_after=2025-03-06 00:00:00+00:00
[2025-03-06T11:09:16.520+0000] {processor.py:208} INFO - Processing /home/airflow/.local/lib/python3.12/site-packages/airflow/example_dags/example_skip_dag.py took 0.083 seconds
[2025-03-06T11:09:46.685+0000] {processor.py:186} INFO - Started process (PID=1267) to work on /home/airflow/.local/lib/python3.12/site-packages/airflow/example_dags/example_skip_dag.py
[2025-03-06T11:09:46.686+0000] {processor.py:914} INFO - Processing file /home/airflow/.local/lib/python3.12/site-packages/airflow/example_dags/example_skip_dag.py for tasks to queue
[2025-03-06T11:09:46.688+0000] {logging_mixin.py:190} INFO - [2025-03-06T11:09:46.688+0000] {dagbag.py:588} INFO - Filling up the DagBag from /home/airflow/.local/lib/python3.12/site-packages/airflow/example_dags/example_skip_dag.py
[2025-03-06T11:09:46.701+0000] {processor.py:925} INFO - DAG(s) 'example_skip_dag' retrieved from /home/airflow/.local/lib/python3.12/site-packages/airflow/example_dags/example_skip_dag.py
[2025-03-06T11:09:46.728+0000] {logging_mixin.py:190} INFO - [2025-03-06T11:09:46.727+0000] {dag.py:3239} INFO - Sync 1 DAGs
[2025-03-06T11:09:46.766+0000] {logging_mixin.py:190} INFO - [2025-03-06T11:09:46.766+0000] {dag.py:4180} INFO - Setting next_dagrun for example_skip_dag to 2025-03-05 00:00:00+00:00, run_after=2025-03-06 00:00:00+00:00
[2025-03-06T11:09:46.792+0000] {processor.py:208} INFO - Processing /home/airflow/.local/lib/python3.12/site-packages/airflow/example_dags/example_skip_dag.py took 0.117 seconds
[2025-03-06T11:10:17.658+0000] {processor.py:186} INFO - Started process (PID=1342) to work on /home/airflow/.local/lib/python3.12/site-packages/airflow/example_dags/example_skip_dag.py
[2025-03-06T11:10:17.660+0000] {processor.py:914} INFO - Processing file /home/airflow/.local/lib/python3.12/site-packages/airflow/example_dags/example_skip_dag.py for tasks to queue
[2025-03-06T11:10:17.662+0000] {logging_mixin.py:190} INFO - [2025-03-06T11:10:17.661+0000] {dagbag.py:588} INFO - Filling up the DagBag from /home/airflow/.local/lib/python3.12/site-packages/airflow/example_dags/example_skip_dag.py
[2025-03-06T11:10:17.671+0000] {processor.py:925} INFO - DAG(s) 'example_skip_dag' retrieved from /home/airflow/.local/lib/python3.12/site-packages/airflow/example_dags/example_skip_dag.py
[2025-03-06T11:10:17.695+0000] {logging_mixin.py:190} INFO - [2025-03-06T11:10:17.695+0000] {dag.py:3239} INFO - Sync 1 DAGs
[2025-03-06T11:10:17.717+0000] {logging_mixin.py:190} INFO - [2025-03-06T11:10:17.717+0000] {dag.py:4180} INFO - Setting next_dagrun for example_skip_dag to 2025-03-05 00:00:00+00:00, run_after=2025-03-06 00:00:00+00:00
[2025-03-06T11:10:17.735+0000] {processor.py:208} INFO - Processing /home/airflow/.local/lib/python3.12/site-packages/airflow/example_dags/example_skip_dag.py took 0.082 seconds
[2025-03-06T11:10:47.841+0000] {processor.py:186} INFO - Started process (PID=1418) to work on /home/airflow/.local/lib/python3.12/site-packages/airflow/example_dags/example_skip_dag.py
[2025-03-06T11:10:47.842+0000] {processor.py:914} INFO - Processing file /home/airflow/.local/lib/python3.12/site-packages/airflow/example_dags/example_skip_dag.py for tasks to queue
[2025-03-06T11:10:47.843+0000] {logging_mixin.py:190} INFO - [2025-03-06T11:10:47.843+0000] {dagbag.py:588} INFO - Filling up the DagBag from /home/airflow/.local/lib/python3.12/site-packages/airflow/example_dags/example_skip_dag.py
[2025-03-06T11:10:47.851+0000] {processor.py:925} INFO - DAG(s) 'example_skip_dag' retrieved from /home/airflow/.local/lib/python3.12/site-packages/airflow/example_dags/example_skip_dag.py
[2025-03-06T11:10:47.868+0000] {logging_mixin.py:190} INFO - [2025-03-06T11:10:47.868+0000] {dag.py:3239} INFO - Sync 1 DAGs
[2025-03-06T11:10:47.887+0000] {logging_mixin.py:190} INFO - [2025-03-06T11:10:47.887+0000] {dag.py:4180} INFO - Setting next_dagrun for example_skip_dag to 2025-03-05 00:00:00+00:00, run_after=2025-03-06 00:00:00+00:00
[2025-03-06T11:10:47.908+0000] {processor.py:208} INFO - Processing /home/airflow/.local/lib/python3.12/site-packages/airflow/example_dags/example_skip_dag.py took 0.072 seconds
[2025-03-06T11:11:18.817+0000] {processor.py:186} INFO - Started process (PID=1493) to work on /home/airflow/.local/lib/python3.12/site-packages/airflow/example_dags/example_skip_dag.py
[2025-03-06T11:11:18.818+0000] {processor.py:914} INFO - Processing file /home/airflow/.local/lib/python3.12/site-packages/airflow/example_dags/example_skip_dag.py for tasks to queue
[2025-03-06T11:11:18.819+0000] {logging_mixin.py:190} INFO - [2025-03-06T11:11:18.819+0000] {dagbag.py:588} INFO - Filling up the DagBag from /home/airflow/.local/lib/python3.12/site-packages/airflow/example_dags/example_skip_dag.py
[2025-03-06T11:11:18.826+0000] {processor.py:925} INFO - DAG(s) 'example_skip_dag' retrieved from /home/airflow/.local/lib/python3.12/site-packages/airflow/example_dags/example_skip_dag.py
[2025-03-06T11:11:18.844+0000] {logging_mixin.py:190} INFO - [2025-03-06T11:11:18.844+0000] {dag.py:3239} INFO - Sync 1 DAGs
[2025-03-06T11:11:18.861+0000] {logging_mixin.py:190} INFO - [2025-03-06T11:11:18.861+0000] {dag.py:4180} INFO - Setting next_dagrun for example_skip_dag to 2025-03-05 00:00:00+00:00, run_after=2025-03-06 00:00:00+00:00
[2025-03-06T11:11:18.878+0000] {processor.py:208} INFO - Processing /home/airflow/.local/lib/python3.12/site-packages/airflow/example_dags/example_skip_dag.py took 0.066 seconds
[2025-03-06T11:11:50.018+0000] {processor.py:186} INFO - Started process (PID=1568) to work on /home/airflow/.local/lib/python3.12/site-packages/airflow/example_dags/example_skip_dag.py
[2025-03-06T11:11:50.019+0000] {processor.py:914} INFO - Processing file /home/airflow/.local/lib/python3.12/site-packages/airflow/example_dags/example_skip_dag.py for tasks to queue
[2025-03-06T11:11:50.021+0000] {logging_mixin.py:190} INFO - [2025-03-06T11:11:50.021+0000] {dagbag.py:588} INFO - Filling up the DagBag from /home/airflow/.local/lib/python3.12/site-packages/airflow/example_dags/example_skip_dag.py
[2025-03-06T11:11:50.030+0000] {processor.py:925} INFO - DAG(s) 'example_skip_dag' retrieved from /home/airflow/.local/lib/python3.12/site-packages/airflow/example_dags/example_skip_dag.py
[2025-03-06T11:11:50.051+0000] {logging_mixin.py:190} INFO - [2025-03-06T11:11:50.051+0000] {dag.py:3239} INFO - Sync 1 DAGs
[2025-03-06T11:11:50.071+0000] {logging_mixin.py:190} INFO - [2025-03-06T11:11:50.071+0000] {dag.py:4180} INFO - Setting next_dagrun for example_skip_dag to 2025-03-05 00:00:00+00:00, run_after=2025-03-06 00:00:00+00:00
[2025-03-06T11:11:50.090+0000] {processor.py:208} INFO - Processing /home/airflow/.local/lib/python3.12/site-packages/airflow/example_dags/example_skip_dag.py took 0.077 seconds
[2025-03-06T11:12:20.999+0000] {processor.py:186} INFO - Started process (PID=1644) to work on /home/airflow/.local/lib/python3.12/site-packages/airflow/example_dags/example_skip_dag.py
[2025-03-06T11:12:21.000+0000] {processor.py:914} INFO - Processing file /home/airflow/.local/lib/python3.12/site-packages/airflow/example_dags/example_skip_dag.py for tasks to queue
[2025-03-06T11:12:21.002+0000] {logging_mixin.py:190} INFO - [2025-03-06T11:12:21.001+0000] {dagbag.py:588} INFO - Filling up the DagBag from /home/airflow/.local/lib/python3.12/site-packages/airflow/example_dags/example_skip_dag.py
[2025-03-06T11:12:21.012+0000] {processor.py:925} INFO - DAG(s) 'example_skip_dag' retrieved from /home/airflow/.local/lib/python3.12/site-packages/airflow/example_dags/example_skip_dag.py
[2025-03-06T11:12:21.030+0000] {logging_mixin.py:190} INFO - [2025-03-06T11:12:21.030+0000] {dag.py:3239} INFO - Sync 1 DAGs
[2025-03-06T11:12:21.050+0000] {logging_mixin.py:190} INFO - [2025-03-06T11:12:21.050+0000] {dag.py:4180} INFO - Setting next_dagrun for example_skip_dag to 2025-03-05 00:00:00+00:00, run_after=2025-03-06 00:00:00+00:00
[2025-03-06T11:12:21.071+0000] {processor.py:208} INFO - Processing /home/airflow/.local/lib/python3.12/site-packages/airflow/example_dags/example_skip_dag.py took 0.077 seconds
[2025-03-06T11:12:52.353+0000] {processor.py:186} INFO - Started process (PID=1719) to work on /home/airflow/.local/lib/python3.12/site-packages/airflow/example_dags/example_skip_dag.py
[2025-03-06T11:12:52.354+0000] {processor.py:914} INFO - Processing file /home/airflow/.local/lib/python3.12/site-packages/airflow/example_dags/example_skip_dag.py for tasks to queue
[2025-03-06T11:12:52.356+0000] {logging_mixin.py:190} INFO - [2025-03-06T11:12:52.356+0000] {dagbag.py:588} INFO - Filling up the DagBag from /home/airflow/.local/lib/python3.12/site-packages/airflow/example_dags/example_skip_dag.py
[2025-03-06T11:12:52.367+0000] {processor.py:925} INFO - DAG(s) 'example_skip_dag' retrieved from /home/airflow/.local/lib/python3.12/site-packages/airflow/example_dags/example_skip_dag.py
[2025-03-06T11:12:52.388+0000] {logging_mixin.py:190} INFO - [2025-03-06T11:12:52.388+0000] {dag.py:3239} INFO - Sync 1 DAGs
[2025-03-06T11:12:52.416+0000] {logging_mixin.py:190} INFO - [2025-03-06T11:12:52.416+0000] {dag.py:4180} INFO - Setting next_dagrun for example_skip_dag to 2025-03-05 00:00:00+00:00, run_after=2025-03-06 00:00:00+00:00
[2025-03-06T11:12:52.442+0000] {processor.py:208} INFO - Processing /home/airflow/.local/lib/python3.12/site-packages/airflow/example_dags/example_skip_dag.py took 0.096 seconds
[2025-03-06T11:13:24.105+0000] {processor.py:186} INFO - Started process (PID=1797) to work on /home/airflow/.local/lib/python3.12/site-packages/airflow/example_dags/example_skip_dag.py
[2025-03-06T11:13:24.106+0000] {processor.py:914} INFO - Processing file /home/airflow/.local/lib/python3.12/site-packages/airflow/example_dags/example_skip_dag.py for tasks to queue
[2025-03-06T11:13:24.108+0000] {logging_mixin.py:190} INFO - [2025-03-06T11:13:24.107+0000] {dagbag.py:588} INFO - Filling up the DagBag from /home/airflow/.local/lib/python3.12/site-packages/airflow/example_dags/example_skip_dag.py
[2025-03-06T11:13:24.115+0000] {processor.py:925} INFO - DAG(s) 'example_skip_dag' retrieved from /home/airflow/.local/lib/python3.12/site-packages/airflow/example_dags/example_skip_dag.py
[2025-03-06T11:13:24.134+0000] {logging_mixin.py:190} INFO - [2025-03-06T11:13:24.134+0000] {dag.py:3239} INFO - Sync 1 DAGs
[2025-03-06T11:13:24.154+0000] {logging_mixin.py:190} INFO - [2025-03-06T11:13:24.154+0000] {dag.py:4180} INFO - Setting next_dagrun for example_skip_dag to 2025-03-05 00:00:00+00:00, run_after=2025-03-06 00:00:00+00:00
[2025-03-06T11:13:24.175+0000] {processor.py:208} INFO - Processing /home/airflow/.local/lib/python3.12/site-packages/airflow/example_dags/example_skip_dag.py took 0.075 seconds
[2025-03-06T11:13:55.493+0000] {processor.py:186} INFO - Started process (PID=1872) to work on /home/airflow/.local/lib/python3.12/site-packages/airflow/example_dags/example_skip_dag.py
[2025-03-06T11:13:55.494+0000] {processor.py:914} INFO - Processing file /home/airflow/.local/lib/python3.12/site-packages/airflow/example_dags/example_skip_dag.py for tasks to queue
[2025-03-06T11:13:55.496+0000] {logging_mixin.py:190} INFO - [2025-03-06T11:13:55.496+0000] {dagbag.py:588} INFO - Filling up the DagBag from /home/airflow/.local/lib/python3.12/site-packages/airflow/example_dags/example_skip_dag.py
[2025-03-06T11:13:55.508+0000] {processor.py:925} INFO - DAG(s) 'example_skip_dag' retrieved from /home/airflow/.local/lib/python3.12/site-packages/airflow/example_dags/example_skip_dag.py
[2025-03-06T11:13:55.535+0000] {logging_mixin.py:190} INFO - [2025-03-06T11:13:55.534+0000] {dag.py:3239} INFO - Sync 1 DAGs
[2025-03-06T11:13:55.563+0000] {logging_mixin.py:190} INFO - [2025-03-06T11:13:55.563+0000] {dag.py:4180} INFO - Setting next_dagrun for example_skip_dag to 2025-03-05 00:00:00+00:00, run_after=2025-03-06 00:00:00+00:00
[2025-03-06T11:13:55.595+0000] {processor.py:208} INFO - Processing /home/airflow/.local/lib/python3.12/site-packages/airflow/example_dags/example_skip_dag.py took 0.108 seconds
[2025-03-06T11:14:27.381+0000] {processor.py:186} INFO - Started process (PID=1947) to work on /home/airflow/.local/lib/python3.12/site-packages/airflow/example_dags/example_skip_dag.py
[2025-03-06T11:14:27.384+0000] {processor.py:914} INFO - Processing file /home/airflow/.local/lib/python3.12/site-packages/airflow/example_dags/example_skip_dag.py for tasks to queue
[2025-03-06T11:14:27.387+0000] {logging_mixin.py:190} INFO - [2025-03-06T11:14:27.386+0000] {dagbag.py:588} INFO - Filling up the DagBag from /home/airflow/.local/lib/python3.12/site-packages/airflow/example_dags/example_skip_dag.py
[2025-03-06T11:14:27.405+0000] {processor.py:925} INFO - DAG(s) 'example_skip_dag' retrieved from /home/airflow/.local/lib/python3.12/site-packages/airflow/example_dags/example_skip_dag.py
[2025-03-06T11:14:27.449+0000] {logging_mixin.py:190} INFO - [2025-03-06T11:14:27.448+0000] {dag.py:3239} INFO - Sync 1 DAGs
[2025-03-06T11:14:27.501+0000] {logging_mixin.py:190} INFO - [2025-03-06T11:14:27.500+0000] {dag.py:4180} INFO - Setting next_dagrun for example_skip_dag to 2025-03-05 00:00:00+00:00, run_after=2025-03-06 00:00:00+00:00
[2025-03-06T11:14:27.540+0000] {processor.py:208} INFO - Processing /home/airflow/.local/lib/python3.12/site-packages/airflow/example_dags/example_skip_dag.py took 0.167 seconds
[2025-03-06T11:14:58.046+0000] {processor.py:186} INFO - Started process (PID=2022) to work on /home/airflow/.local/lib/python3.12/site-packages/airflow/example_dags/example_skip_dag.py
[2025-03-06T11:14:58.048+0000] {processor.py:914} INFO - Processing file /home/airflow/.local/lib/python3.12/site-packages/airflow/example_dags/example_skip_dag.py for tasks to queue
[2025-03-06T11:14:58.049+0000] {logging_mixin.py:190} INFO - [2025-03-06T11:14:58.049+0000] {dagbag.py:588} INFO - Filling up the DagBag from /home/airflow/.local/lib/python3.12/site-packages/airflow/example_dags/example_skip_dag.py
[2025-03-06T11:14:58.056+0000] {processor.py:925} INFO - DAG(s) 'example_skip_dag' retrieved from /home/airflow/.local/lib/python3.12/site-packages/airflow/example_dags/example_skip_dag.py
[2025-03-06T11:14:58.073+0000] {logging_mixin.py:190} INFO - [2025-03-06T11:14:58.073+0000] {dag.py:3239} INFO - Sync 1 DAGs
[2025-03-06T11:14:58.090+0000] {logging_mixin.py:190} INFO - [2025-03-06T11:14:58.090+0000] {dag.py:4180} INFO - Setting next_dagrun for example_skip_dag to 2025-03-05 00:00:00+00:00, run_after=2025-03-06 00:00:00+00:00
[2025-03-06T11:14:58.108+0000] {processor.py:208} INFO - Processing /home/airflow/.local/lib/python3.12/site-packages/airflow/example_dags/example_skip_dag.py took 0.067 seconds
[2025-03-06T11:15:30.174+0000] {processor.py:186} INFO - Started process (PID=2103) to work on /home/airflow/.local/lib/python3.12/site-packages/airflow/example_dags/example_skip_dag.py
[2025-03-06T11:15:30.176+0000] {processor.py:914} INFO - Processing file /home/airflow/.local/lib/python3.12/site-packages/airflow/example_dags/example_skip_dag.py for tasks to queue
[2025-03-06T11:15:30.177+0000] {logging_mixin.py:190} INFO - [2025-03-06T11:15:30.177+0000] {dagbag.py:588} INFO - Filling up the DagBag from /home/airflow/.local/lib/python3.12/site-packages/airflow/example_dags/example_skip_dag.py
[2025-03-06T11:15:30.186+0000] {processor.py:925} INFO - DAG(s) 'example_skip_dag' retrieved from /home/airflow/.local/lib/python3.12/site-packages/airflow/example_dags/example_skip_dag.py
[2025-03-06T11:15:30.203+0000] {logging_mixin.py:190} INFO - [2025-03-06T11:15:30.203+0000] {dag.py:3239} INFO - Sync 1 DAGs
[2025-03-06T11:15:30.224+0000] {logging_mixin.py:190} INFO - [2025-03-06T11:15:30.224+0000] {dag.py:4180} INFO - Setting next_dagrun for example_skip_dag to 2025-03-05 00:00:00+00:00, run_after=2025-03-06 00:00:00+00:00
[2025-03-06T11:15:30.241+0000] {processor.py:208} INFO - Processing /home/airflow/.local/lib/python3.12/site-packages/airflow/example_dags/example_skip_dag.py took 0.072 seconds
[2025-03-06T11:16:00.949+0000] {processor.py:186} INFO - Started process (PID=2178) to work on /home/airflow/.local/lib/python3.12/site-packages/airflow/example_dags/example_skip_dag.py
[2025-03-06T11:16:00.950+0000] {processor.py:914} INFO - Processing file /home/airflow/.local/lib/python3.12/site-packages/airflow/example_dags/example_skip_dag.py for tasks to queue
[2025-03-06T11:16:00.952+0000] {logging_mixin.py:190} INFO - [2025-03-06T11:16:00.952+0000] {dagbag.py:588} INFO - Filling up the DagBag from /home/airflow/.local/lib/python3.12/site-packages/airflow/example_dags/example_skip_dag.py
[2025-03-06T11:16:00.962+0000] {processor.py:925} INFO - DAG(s) 'example_skip_dag' retrieved from /home/airflow/.local/lib/python3.12/site-packages/airflow/example_dags/example_skip_dag.py
[2025-03-06T11:16:00.982+0000] {logging_mixin.py:190} INFO - [2025-03-06T11:16:00.982+0000] {dag.py:3239} INFO - Sync 1 DAGs
[2025-03-06T11:16:01.001+0000] {logging_mixin.py:190} INFO - [2025-03-06T11:16:01.001+0000] {dag.py:4180} INFO - Setting next_dagrun for example_skip_dag to 2025-03-05 00:00:00+00:00, run_after=2025-03-06 00:00:00+00:00
[2025-03-06T11:16:01.018+0000] {processor.py:208} INFO - Processing /home/airflow/.local/lib/python3.12/site-packages/airflow/example_dags/example_skip_dag.py took 0.075 seconds
[2025-03-06T11:16:32.570+0000] {processor.py:186} INFO - Started process (PID=2253) to work on /home/airflow/.local/lib/python3.12/site-packages/airflow/example_dags/example_skip_dag.py
[2025-03-06T11:16:32.571+0000] {processor.py:914} INFO - Processing file /home/airflow/.local/lib/python3.12/site-packages/airflow/example_dags/example_skip_dag.py for tasks to queue
[2025-03-06T11:16:32.573+0000] {logging_mixin.py:190} INFO - [2025-03-06T11:16:32.573+0000] {dagbag.py:588} INFO - Filling up the DagBag from /home/airflow/.local/lib/python3.12/site-packages/airflow/example_dags/example_skip_dag.py
[2025-03-06T11:16:32.581+0000] {processor.py:925} INFO - DAG(s) 'example_skip_dag' retrieved from /home/airflow/.local/lib/python3.12/site-packages/airflow/example_dags/example_skip_dag.py
[2025-03-06T11:16:32.600+0000] {logging_mixin.py:190} INFO - [2025-03-06T11:16:32.600+0000] {dag.py:3239} INFO - Sync 1 DAGs
[2025-03-06T11:16:32.624+0000] {logging_mixin.py:190} INFO - [2025-03-06T11:16:32.624+0000] {dag.py:4180} INFO - Setting next_dagrun for example_skip_dag to 2025-03-05 00:00:00+00:00, run_after=2025-03-06 00:00:00+00:00
[2025-03-06T11:16:32.646+0000] {processor.py:208} INFO - Processing /home/airflow/.local/lib/python3.12/site-packages/airflow/example_dags/example_skip_dag.py took 0.081 seconds
[2025-03-06T11:17:03.375+0000] {processor.py:186} INFO - Started process (PID=2328) to work on /home/airflow/.local/lib/python3.12/site-packages/airflow/example_dags/example_skip_dag.py
[2025-03-06T11:17:03.376+0000] {processor.py:914} INFO - Processing file /home/airflow/.local/lib/python3.12/site-packages/airflow/example_dags/example_skip_dag.py for tasks to queue
[2025-03-06T11:17:03.377+0000] {logging_mixin.py:190} INFO - [2025-03-06T11:17:03.377+0000] {dagbag.py:588} INFO - Filling up the DagBag from /home/airflow/.local/lib/python3.12/site-packages/airflow/example_dags/example_skip_dag.py
[2025-03-06T11:17:03.386+0000] {processor.py:925} INFO - DAG(s) 'example_skip_dag' retrieved from /home/airflow/.local/lib/python3.12/site-packages/airflow/example_dags/example_skip_dag.py
[2025-03-06T11:17:03.405+0000] {logging_mixin.py:190} INFO - [2025-03-06T11:17:03.404+0000] {dag.py:3239} INFO - Sync 1 DAGs
[2025-03-06T11:17:03.424+0000] {logging_mixin.py:190} INFO - [2025-03-06T11:17:03.424+0000] {dag.py:4180} INFO - Setting next_dagrun for example_skip_dag to 2025-03-05 00:00:00+00:00, run_after=2025-03-06 00:00:00+00:00
[2025-03-06T11:17:03.442+0000] {processor.py:208} INFO - Processing /home/airflow/.local/lib/python3.12/site-packages/airflow/example_dags/example_skip_dag.py took 0.072 seconds
[2025-03-06T11:17:34.568+0000] {processor.py:186} INFO - Started process (PID=2408) to work on /home/airflow/.local/lib/python3.12/site-packages/airflow/example_dags/example_skip_dag.py
[2025-03-06T11:17:34.569+0000] {processor.py:914} INFO - Processing file /home/airflow/.local/lib/python3.12/site-packages/airflow/example_dags/example_skip_dag.py for tasks to queue
[2025-03-06T11:17:34.570+0000] {logging_mixin.py:190} INFO - [2025-03-06T11:17:34.570+0000] {dagbag.py:588} INFO - Filling up the DagBag from /home/airflow/.local/lib/python3.12/site-packages/airflow/example_dags/example_skip_dag.py
[2025-03-06T11:17:34.578+0000] {processor.py:925} INFO - DAG(s) 'example_skip_dag' retrieved from /home/airflow/.local/lib/python3.12/site-packages/airflow/example_dags/example_skip_dag.py
[2025-03-06T11:17:34.599+0000] {logging_mixin.py:190} INFO - [2025-03-06T11:17:34.599+0000] {dag.py:3239} INFO - Sync 1 DAGs
[2025-03-06T11:17:34.619+0000] {logging_mixin.py:190} INFO - [2025-03-06T11:17:34.619+0000] {dag.py:4180} INFO - Setting next_dagrun for example_skip_dag to 2025-03-05 00:00:00+00:00, run_after=2025-03-06 00:00:00+00:00
[2025-03-06T11:17:34.637+0000] {processor.py:208} INFO - Processing /home/airflow/.local/lib/python3.12/site-packages/airflow/example_dags/example_skip_dag.py took 0.074 seconds
[2025-03-06T11:18:07.017+0000] {processor.py:186} INFO - Started process (PID=2490) to work on /home/airflow/.local/lib/python3.12/site-packages/airflow/example_dags/example_skip_dag.py
[2025-03-06T11:18:07.019+0000] {processor.py:914} INFO - Processing file /home/airflow/.local/lib/python3.12/site-packages/airflow/example_dags/example_skip_dag.py for tasks to queue
[2025-03-06T11:18:07.021+0000] {logging_mixin.py:190} INFO - [2025-03-06T11:18:07.020+0000] {dagbag.py:588} INFO - Filling up the DagBag from /home/airflow/.local/lib/python3.12/site-packages/airflow/example_dags/example_skip_dag.py
[2025-03-06T11:18:07.032+0000] {processor.py:925} INFO - DAG(s) 'example_skip_dag' retrieved from /home/airflow/.local/lib/python3.12/site-packages/airflow/example_dags/example_skip_dag.py
[2025-03-06T11:18:07.055+0000] {logging_mixin.py:190} INFO - [2025-03-06T11:18:07.055+0000] {dag.py:3239} INFO - Sync 1 DAGs
[2025-03-06T11:18:07.078+0000] {logging_mixin.py:190} INFO - [2025-03-06T11:18:07.078+0000] {dag.py:4180} INFO - Setting next_dagrun for example_skip_dag to 2025-03-05 00:00:00+00:00, run_after=2025-03-06 00:00:00+00:00
[2025-03-06T11:18:07.130+0000] {processor.py:208} INFO - Processing /home/airflow/.local/lib/python3.12/site-packages/airflow/example_dags/example_skip_dag.py took 0.119 seconds
[2025-03-06T11:18:38.469+0000] {processor.py:186} INFO - Started process (PID=2565) to work on /home/airflow/.local/lib/python3.12/site-packages/airflow/example_dags/example_skip_dag.py
[2025-03-06T11:18:38.470+0000] {processor.py:914} INFO - Processing file /home/airflow/.local/lib/python3.12/site-packages/airflow/example_dags/example_skip_dag.py for tasks to queue
[2025-03-06T11:18:38.472+0000] {logging_mixin.py:190} INFO - [2025-03-06T11:18:38.472+0000] {dagbag.py:588} INFO - Filling up the DagBag from /home/airflow/.local/lib/python3.12/site-packages/airflow/example_dags/example_skip_dag.py
[2025-03-06T11:18:38.480+0000] {processor.py:925} INFO - DAG(s) 'example_skip_dag' retrieved from /home/airflow/.local/lib/python3.12/site-packages/airflow/example_dags/example_skip_dag.py
[2025-03-06T11:18:38.498+0000] {logging_mixin.py:190} INFO - [2025-03-06T11:18:38.497+0000] {dag.py:3239} INFO - Sync 1 DAGs
[2025-03-06T11:18:38.515+0000] {logging_mixin.py:190} INFO - [2025-03-06T11:18:38.515+0000] {dag.py:4180} INFO - Setting next_dagrun for example_skip_dag to 2025-03-05 00:00:00+00:00, run_after=2025-03-06 00:00:00+00:00
[2025-03-06T11:18:38.529+0000] {processor.py:208} INFO - Processing /home/airflow/.local/lib/python3.12/site-packages/airflow/example_dags/example_skip_dag.py took 0.065 seconds
