[2025-03-06T04:34:25.889+0000] {processor.py:186} INFO - Started process (PID=14358) to work on /home/airflow/.local/lib/python3.12/site-packages/airflow/example_dags/example_local_kubernetes_executor.py
[2025-03-06T04:34:25.891+0000] {processor.py:914} INFO - Processing file /home/airflow/.local/lib/python3.12/site-packages/airflow/example_dags/example_local_kubernetes_executor.py for tasks to queue
[2025-03-06T04:34:25.896+0000] {logging_mixin.py:190} INFO - [2025-03-06T04:34:25.895+0000] {dagbag.py:588} INFO - Filling up the DagBag from /home/airflow/.local/lib/python3.12/site-packages/airflow/example_dags/example_local_kubernetes_executor.py
[2025-03-06T04:34:25.936+0000] {processor.py:925} INFO - DAG(s) 'example_local_kubernetes_executor' retrieved from /home/airflow/.local/lib/python3.12/site-packages/airflow/example_dags/example_local_kubernetes_executor.py
[2025-03-06T04:34:25.972+0000] {logging_mixin.py:190} INFO - [2025-03-06T04:34:25.971+0000] {dag.py:3239} INFO - Sync 1 DAGs
[2025-03-06T04:34:25.995+0000] {logging_mixin.py:190} INFO - [2025-03-06T04:34:25.994+0000] {dag.py:4180} INFO - Setting next_dagrun for example_local_kubernetes_executor to None, run_after=None
[2025-03-06T04:34:26.144+0000] {processor.py:208} INFO - Processing /home/airflow/.local/lib/python3.12/site-packages/airflow/example_dags/example_local_kubernetes_executor.py took 0.266 seconds
[2025-03-06T04:34:57.063+0000] {processor.py:186} INFO - Started process (PID=14433) to work on /home/airflow/.local/lib/python3.12/site-packages/airflow/example_dags/example_local_kubernetes_executor.py
[2025-03-06T04:34:57.065+0000] {processor.py:914} INFO - Processing file /home/airflow/.local/lib/python3.12/site-packages/airflow/example_dags/example_local_kubernetes_executor.py for tasks to queue
[2025-03-06T04:34:57.069+0000] {logging_mixin.py:190} INFO - [2025-03-06T04:34:57.068+0000] {dagbag.py:588} INFO - Filling up the DagBag from /home/airflow/.local/lib/python3.12/site-packages/airflow/example_dags/example_local_kubernetes_executor.py
[2025-03-06T04:34:57.082+0000] {processor.py:925} INFO - DAG(s) 'example_local_kubernetes_executor' retrieved from /home/airflow/.local/lib/python3.12/site-packages/airflow/example_dags/example_local_kubernetes_executor.py
[2025-03-06T04:34:57.134+0000] {logging_mixin.py:190} INFO - [2025-03-06T04:34:57.133+0000] {dag.py:3239} INFO - Sync 1 DAGs
[2025-03-06T04:34:57.261+0000] {logging_mixin.py:190} INFO - [2025-03-06T04:34:57.261+0000] {dag.py:4180} INFO - Setting next_dagrun for example_local_kubernetes_executor to None, run_after=None
[2025-03-06T04:34:57.293+0000] {processor.py:208} INFO - Processing /home/airflow/.local/lib/python3.12/site-packages/airflow/example_dags/example_local_kubernetes_executor.py took 0.238 seconds
[2025-03-06T04:35:27.623+0000] {processor.py:186} INFO - Started process (PID=14508) to work on /home/airflow/.local/lib/python3.12/site-packages/airflow/example_dags/example_local_kubernetes_executor.py
[2025-03-06T04:35:27.624+0000] {processor.py:914} INFO - Processing file /home/airflow/.local/lib/python3.12/site-packages/airflow/example_dags/example_local_kubernetes_executor.py for tasks to queue
[2025-03-06T04:35:27.627+0000] {logging_mixin.py:190} INFO - [2025-03-06T04:35:27.627+0000] {dagbag.py:588} INFO - Filling up the DagBag from /home/airflow/.local/lib/python3.12/site-packages/airflow/example_dags/example_local_kubernetes_executor.py
[2025-03-06T04:35:27.634+0000] {processor.py:925} INFO - DAG(s) 'example_local_kubernetes_executor' retrieved from /home/airflow/.local/lib/python3.12/site-packages/airflow/example_dags/example_local_kubernetes_executor.py
[2025-03-06T04:35:27.652+0000] {logging_mixin.py:190} INFO - [2025-03-06T04:35:27.652+0000] {dag.py:3239} INFO - Sync 1 DAGs
[2025-03-06T04:35:27.665+0000] {logging_mixin.py:190} INFO - [2025-03-06T04:35:27.665+0000] {dag.py:4180} INFO - Setting next_dagrun for example_local_kubernetes_executor to None, run_after=None
[2025-03-06T04:35:27.685+0000] {processor.py:208} INFO - Processing /home/airflow/.local/lib/python3.12/site-packages/airflow/example_dags/example_local_kubernetes_executor.py took 0.066 seconds
[2025-03-06T04:35:57.906+0000] {processor.py:186} INFO - Started process (PID=14571) to work on /home/airflow/.local/lib/python3.12/site-packages/airflow/example_dags/example_local_kubernetes_executor.py
[2025-03-06T04:35:57.908+0000] {processor.py:914} INFO - Processing file /home/airflow/.local/lib/python3.12/site-packages/airflow/example_dags/example_local_kubernetes_executor.py for tasks to queue
[2025-03-06T04:35:57.911+0000] {logging_mixin.py:190} INFO - [2025-03-06T04:35:57.910+0000] {dagbag.py:588} INFO - Filling up the DagBag from /home/airflow/.local/lib/python3.12/site-packages/airflow/example_dags/example_local_kubernetes_executor.py
[2025-03-06T04:35:57.927+0000] {processor.py:925} INFO - DAG(s) 'example_local_kubernetes_executor' retrieved from /home/airflow/.local/lib/python3.12/site-packages/airflow/example_dags/example_local_kubernetes_executor.py
[2025-03-06T04:35:57.969+0000] {logging_mixin.py:190} INFO - [2025-03-06T04:35:57.968+0000] {dag.py:3239} INFO - Sync 1 DAGs
[2025-03-06T04:35:57.995+0000] {logging_mixin.py:190} INFO - [2025-03-06T04:35:57.995+0000] {dag.py:4180} INFO - Setting next_dagrun for example_local_kubernetes_executor to None, run_after=None
[2025-03-06T04:35:58.090+0000] {processor.py:208} INFO - Processing /home/airflow/.local/lib/python3.12/site-packages/airflow/example_dags/example_local_kubernetes_executor.py took 0.195 seconds
[2025-03-06T04:36:28.222+0000] {processor.py:186} INFO - Started process (PID=14645) to work on /home/airflow/.local/lib/python3.12/site-packages/airflow/example_dags/example_local_kubernetes_executor.py
[2025-03-06T04:36:28.234+0000] {processor.py:914} INFO - Processing file /home/airflow/.local/lib/python3.12/site-packages/airflow/example_dags/example_local_kubernetes_executor.py for tasks to queue
[2025-03-06T04:36:28.237+0000] {logging_mixin.py:190} INFO - [2025-03-06T04:36:28.237+0000] {dagbag.py:588} INFO - Filling up the DagBag from /home/airflow/.local/lib/python3.12/site-packages/airflow/example_dags/example_local_kubernetes_executor.py
[2025-03-06T04:36:28.252+0000] {processor.py:925} INFO - DAG(s) 'example_local_kubernetes_executor' retrieved from /home/airflow/.local/lib/python3.12/site-packages/airflow/example_dags/example_local_kubernetes_executor.py
[2025-03-06T04:36:28.280+0000] {logging_mixin.py:190} INFO - [2025-03-06T04:36:28.280+0000] {dag.py:3239} INFO - Sync 1 DAGs
[2025-03-06T04:36:28.303+0000] {logging_mixin.py:190} INFO - [2025-03-06T04:36:28.303+0000] {dag.py:4180} INFO - Setting next_dagrun for example_local_kubernetes_executor to None, run_after=None
[2025-03-06T04:36:28.336+0000] {processor.py:208} INFO - Processing /home/airflow/.local/lib/python3.12/site-packages/airflow/example_dags/example_local_kubernetes_executor.py took 0.123 seconds
[2025-03-06T04:36:58.759+0000] {processor.py:186} INFO - Started process (PID=14721) to work on /home/airflow/.local/lib/python3.12/site-packages/airflow/example_dags/example_local_kubernetes_executor.py
[2025-03-06T04:36:58.760+0000] {processor.py:914} INFO - Processing file /home/airflow/.local/lib/python3.12/site-packages/airflow/example_dags/example_local_kubernetes_executor.py for tasks to queue
[2025-03-06T04:36:58.762+0000] {logging_mixin.py:190} INFO - [2025-03-06T04:36:58.762+0000] {dagbag.py:588} INFO - Filling up the DagBag from /home/airflow/.local/lib/python3.12/site-packages/airflow/example_dags/example_local_kubernetes_executor.py
[2025-03-06T04:36:58.770+0000] {processor.py:925} INFO - DAG(s) 'example_local_kubernetes_executor' retrieved from /home/airflow/.local/lib/python3.12/site-packages/airflow/example_dags/example_local_kubernetes_executor.py
[2025-03-06T04:36:58.787+0000] {logging_mixin.py:190} INFO - [2025-03-06T04:36:58.787+0000] {dag.py:3239} INFO - Sync 1 DAGs
[2025-03-06T04:36:58.799+0000] {logging_mixin.py:190} INFO - [2025-03-06T04:36:58.799+0000] {dag.py:4180} INFO - Setting next_dagrun for example_local_kubernetes_executor to None, run_after=None
[2025-03-06T04:36:58.814+0000] {processor.py:208} INFO - Processing /home/airflow/.local/lib/python3.12/site-packages/airflow/example_dags/example_local_kubernetes_executor.py took 0.060 seconds
[2025-03-06T04:37:29.260+0000] {processor.py:186} INFO - Started process (PID=14796) to work on /home/airflow/.local/lib/python3.12/site-packages/airflow/example_dags/example_local_kubernetes_executor.py
[2025-03-06T04:37:29.261+0000] {processor.py:914} INFO - Processing file /home/airflow/.local/lib/python3.12/site-packages/airflow/example_dags/example_local_kubernetes_executor.py for tasks to queue
[2025-03-06T04:37:29.263+0000] {logging_mixin.py:190} INFO - [2025-03-06T04:37:29.263+0000] {dagbag.py:588} INFO - Filling up the DagBag from /home/airflow/.local/lib/python3.12/site-packages/airflow/example_dags/example_local_kubernetes_executor.py
[2025-03-06T04:37:29.272+0000] {processor.py:925} INFO - DAG(s) 'example_local_kubernetes_executor' retrieved from /home/airflow/.local/lib/python3.12/site-packages/airflow/example_dags/example_local_kubernetes_executor.py
[2025-03-06T04:37:29.287+0000] {logging_mixin.py:190} INFO - [2025-03-06T04:37:29.287+0000] {dag.py:3239} INFO - Sync 1 DAGs
[2025-03-06T04:37:29.299+0000] {logging_mixin.py:190} INFO - [2025-03-06T04:37:29.299+0000] {dag.py:4180} INFO - Setting next_dagrun for example_local_kubernetes_executor to None, run_after=None
[2025-03-06T04:37:29.314+0000] {processor.py:208} INFO - Processing /home/airflow/.local/lib/python3.12/site-packages/airflow/example_dags/example_local_kubernetes_executor.py took 0.059 seconds
[2025-03-06T04:37:59.817+0000] {processor.py:186} INFO - Started process (PID=14870) to work on /home/airflow/.local/lib/python3.12/site-packages/airflow/example_dags/example_local_kubernetes_executor.py
[2025-03-06T04:37:59.818+0000] {processor.py:914} INFO - Processing file /home/airflow/.local/lib/python3.12/site-packages/airflow/example_dags/example_local_kubernetes_executor.py for tasks to queue
[2025-03-06T04:37:59.820+0000] {logging_mixin.py:190} INFO - [2025-03-06T04:37:59.820+0000] {dagbag.py:588} INFO - Filling up the DagBag from /home/airflow/.local/lib/python3.12/site-packages/airflow/example_dags/example_local_kubernetes_executor.py
[2025-03-06T04:37:59.829+0000] {processor.py:925} INFO - DAG(s) 'example_local_kubernetes_executor' retrieved from /home/airflow/.local/lib/python3.12/site-packages/airflow/example_dags/example_local_kubernetes_executor.py
[2025-03-06T04:37:59.850+0000] {logging_mixin.py:190} INFO - [2025-03-06T04:37:59.849+0000] {dag.py:3239} INFO - Sync 1 DAGs
[2025-03-06T04:37:59.862+0000] {logging_mixin.py:190} INFO - [2025-03-06T04:37:59.862+0000] {dag.py:4180} INFO - Setting next_dagrun for example_local_kubernetes_executor to None, run_after=None
[2025-03-06T04:37:59.878+0000] {processor.py:208} INFO - Processing /home/airflow/.local/lib/python3.12/site-packages/airflow/example_dags/example_local_kubernetes_executor.py took 0.066 seconds
[2025-03-06T04:38:30.493+0000] {processor.py:186} INFO - Started process (PID=14945) to work on /home/airflow/.local/lib/python3.12/site-packages/airflow/example_dags/example_local_kubernetes_executor.py
[2025-03-06T04:38:30.494+0000] {processor.py:914} INFO - Processing file /home/airflow/.local/lib/python3.12/site-packages/airflow/example_dags/example_local_kubernetes_executor.py for tasks to queue
[2025-03-06T04:38:30.497+0000] {logging_mixin.py:190} INFO - [2025-03-06T04:38:30.496+0000] {dagbag.py:588} INFO - Filling up the DagBag from /home/airflow/.local/lib/python3.12/site-packages/airflow/example_dags/example_local_kubernetes_executor.py
[2025-03-06T04:38:30.505+0000] {processor.py:925} INFO - DAG(s) 'example_local_kubernetes_executor' retrieved from /home/airflow/.local/lib/python3.12/site-packages/airflow/example_dags/example_local_kubernetes_executor.py
[2025-03-06T04:38:30.524+0000] {logging_mixin.py:190} INFO - [2025-03-06T04:38:30.524+0000] {dag.py:3239} INFO - Sync 1 DAGs
[2025-03-06T04:38:30.536+0000] {logging_mixin.py:190} INFO - [2025-03-06T04:38:30.536+0000] {dag.py:4180} INFO - Setting next_dagrun for example_local_kubernetes_executor to None, run_after=None
[2025-03-06T04:38:30.553+0000] {processor.py:208} INFO - Processing /home/airflow/.local/lib/python3.12/site-packages/airflow/example_dags/example_local_kubernetes_executor.py took 0.065 seconds
[2025-03-06T04:39:00.887+0000] {processor.py:186} INFO - Started process (PID=15020) to work on /home/airflow/.local/lib/python3.12/site-packages/airflow/example_dags/example_local_kubernetes_executor.py
[2025-03-06T04:39:00.888+0000] {processor.py:914} INFO - Processing file /home/airflow/.local/lib/python3.12/site-packages/airflow/example_dags/example_local_kubernetes_executor.py for tasks to queue
[2025-03-06T04:39:00.890+0000] {logging_mixin.py:190} INFO - [2025-03-06T04:39:00.890+0000] {dagbag.py:588} INFO - Filling up the DagBag from /home/airflow/.local/lib/python3.12/site-packages/airflow/example_dags/example_local_kubernetes_executor.py
[2025-03-06T04:39:00.899+0000] {processor.py:925} INFO - DAG(s) 'example_local_kubernetes_executor' retrieved from /home/airflow/.local/lib/python3.12/site-packages/airflow/example_dags/example_local_kubernetes_executor.py
[2025-03-06T04:39:00.915+0000] {logging_mixin.py:190} INFO - [2025-03-06T04:39:00.915+0000] {dag.py:3239} INFO - Sync 1 DAGs
[2025-03-06T04:39:00.927+0000] {logging_mixin.py:190} INFO - [2025-03-06T04:39:00.927+0000] {dag.py:4180} INFO - Setting next_dagrun for example_local_kubernetes_executor to None, run_after=None
[2025-03-06T04:39:00.940+0000] {processor.py:208} INFO - Processing /home/airflow/.local/lib/python3.12/site-packages/airflow/example_dags/example_local_kubernetes_executor.py took 0.058 seconds
[2025-03-06T04:39:31.300+0000] {processor.py:186} INFO - Started process (PID=15095) to work on /home/airflow/.local/lib/python3.12/site-packages/airflow/example_dags/example_local_kubernetes_executor.py
[2025-03-06T04:39:31.301+0000] {processor.py:914} INFO - Processing file /home/airflow/.local/lib/python3.12/site-packages/airflow/example_dags/example_local_kubernetes_executor.py for tasks to queue
[2025-03-06T04:39:31.304+0000] {logging_mixin.py:190} INFO - [2025-03-06T04:39:31.303+0000] {dagbag.py:588} INFO - Filling up the DagBag from /home/airflow/.local/lib/python3.12/site-packages/airflow/example_dags/example_local_kubernetes_executor.py
[2025-03-06T04:39:31.312+0000] {processor.py:925} INFO - DAG(s) 'example_local_kubernetes_executor' retrieved from /home/airflow/.local/lib/python3.12/site-packages/airflow/example_dags/example_local_kubernetes_executor.py
[2025-03-06T04:39:31.329+0000] {logging_mixin.py:190} INFO - [2025-03-06T04:39:31.328+0000] {dag.py:3239} INFO - Sync 1 DAGs
[2025-03-06T04:39:31.341+0000] {logging_mixin.py:190} INFO - [2025-03-06T04:39:31.340+0000] {dag.py:4180} INFO - Setting next_dagrun for example_local_kubernetes_executor to None, run_after=None
[2025-03-06T04:39:31.358+0000] {processor.py:208} INFO - Processing /home/airflow/.local/lib/python3.12/site-packages/airflow/example_dags/example_local_kubernetes_executor.py took 0.063 seconds
[2025-03-06T04:40:01.549+0000] {processor.py:186} INFO - Started process (PID=15171) to work on /home/airflow/.local/lib/python3.12/site-packages/airflow/example_dags/example_local_kubernetes_executor.py
[2025-03-06T04:40:01.550+0000] {processor.py:914} INFO - Processing file /home/airflow/.local/lib/python3.12/site-packages/airflow/example_dags/example_local_kubernetes_executor.py for tasks to queue
[2025-03-06T04:40:01.553+0000] {logging_mixin.py:190} INFO - [2025-03-06T04:40:01.552+0000] {dagbag.py:588} INFO - Filling up the DagBag from /home/airflow/.local/lib/python3.12/site-packages/airflow/example_dags/example_local_kubernetes_executor.py
[2025-03-06T04:40:01.560+0000] {processor.py:925} INFO - DAG(s) 'example_local_kubernetes_executor' retrieved from /home/airflow/.local/lib/python3.12/site-packages/airflow/example_dags/example_local_kubernetes_executor.py
[2025-03-06T04:40:01.578+0000] {logging_mixin.py:190} INFO - [2025-03-06T04:40:01.578+0000] {dag.py:3239} INFO - Sync 1 DAGs
[2025-03-06T04:40:01.590+0000] {logging_mixin.py:190} INFO - [2025-03-06T04:40:01.590+0000] {dag.py:4180} INFO - Setting next_dagrun for example_local_kubernetes_executor to None, run_after=None
[2025-03-06T04:40:01.612+0000] {processor.py:208} INFO - Processing /home/airflow/.local/lib/python3.12/site-packages/airflow/example_dags/example_local_kubernetes_executor.py took 0.067 seconds
[2025-03-06T04:40:31.704+0000] {processor.py:186} INFO - Started process (PID=15246) to work on /home/airflow/.local/lib/python3.12/site-packages/airflow/example_dags/example_local_kubernetes_executor.py
[2025-03-06T04:40:31.706+0000] {processor.py:914} INFO - Processing file /home/airflow/.local/lib/python3.12/site-packages/airflow/example_dags/example_local_kubernetes_executor.py for tasks to queue
[2025-03-06T04:40:31.708+0000] {logging_mixin.py:190} INFO - [2025-03-06T04:40:31.708+0000] {dagbag.py:588} INFO - Filling up the DagBag from /home/airflow/.local/lib/python3.12/site-packages/airflow/example_dags/example_local_kubernetes_executor.py
[2025-03-06T04:40:31.717+0000] {processor.py:925} INFO - DAG(s) 'example_local_kubernetes_executor' retrieved from /home/airflow/.local/lib/python3.12/site-packages/airflow/example_dags/example_local_kubernetes_executor.py
[2025-03-06T04:40:31.738+0000] {logging_mixin.py:190} INFO - [2025-03-06T04:40:31.737+0000] {dag.py:3239} INFO - Sync 1 DAGs
[2025-03-06T04:40:31.751+0000] {logging_mixin.py:190} INFO - [2025-03-06T04:40:31.751+0000] {dag.py:4180} INFO - Setting next_dagrun for example_local_kubernetes_executor to None, run_after=None
[2025-03-06T04:40:31.771+0000] {processor.py:208} INFO - Processing /home/airflow/.local/lib/python3.12/site-packages/airflow/example_dags/example_local_kubernetes_executor.py took 0.072 seconds
[2025-03-06T04:41:02.651+0000] {processor.py:186} INFO - Started process (PID=15321) to work on /home/airflow/.local/lib/python3.12/site-packages/airflow/example_dags/example_local_kubernetes_executor.py
[2025-03-06T04:41:02.652+0000] {processor.py:914} INFO - Processing file /home/airflow/.local/lib/python3.12/site-packages/airflow/example_dags/example_local_kubernetes_executor.py for tasks to queue
[2025-03-06T04:41:02.655+0000] {logging_mixin.py:190} INFO - [2025-03-06T04:41:02.654+0000] {dagbag.py:588} INFO - Filling up the DagBag from /home/airflow/.local/lib/python3.12/site-packages/airflow/example_dags/example_local_kubernetes_executor.py
[2025-03-06T04:41:02.664+0000] {processor.py:925} INFO - DAG(s) 'example_local_kubernetes_executor' retrieved from /home/airflow/.local/lib/python3.12/site-packages/airflow/example_dags/example_local_kubernetes_executor.py
[2025-03-06T04:41:02.683+0000] {logging_mixin.py:190} INFO - [2025-03-06T04:41:02.683+0000] {dag.py:3239} INFO - Sync 1 DAGs
[2025-03-06T04:41:02.696+0000] {logging_mixin.py:190} INFO - [2025-03-06T04:41:02.696+0000] {dag.py:4180} INFO - Setting next_dagrun for example_local_kubernetes_executor to None, run_after=None
[2025-03-06T04:41:02.714+0000] {processor.py:208} INFO - Processing /home/airflow/.local/lib/python3.12/site-packages/airflow/example_dags/example_local_kubernetes_executor.py took 0.067 seconds
[2025-03-06T04:41:32.849+0000] {processor.py:186} INFO - Started process (PID=15396) to work on /home/airflow/.local/lib/python3.12/site-packages/airflow/example_dags/example_local_kubernetes_executor.py
[2025-03-06T04:41:32.851+0000] {processor.py:914} INFO - Processing file /home/airflow/.local/lib/python3.12/site-packages/airflow/example_dags/example_local_kubernetes_executor.py for tasks to queue
[2025-03-06T04:41:32.854+0000] {logging_mixin.py:190} INFO - [2025-03-06T04:41:32.853+0000] {dagbag.py:588} INFO - Filling up the DagBag from /home/airflow/.local/lib/python3.12/site-packages/airflow/example_dags/example_local_kubernetes_executor.py
[2025-03-06T04:41:32.869+0000] {processor.py:925} INFO - DAG(s) 'example_local_kubernetes_executor' retrieved from /home/airflow/.local/lib/python3.12/site-packages/airflow/example_dags/example_local_kubernetes_executor.py
[2025-03-06T04:41:32.889+0000] {logging_mixin.py:190} INFO - [2025-03-06T04:41:32.888+0000] {dag.py:3239} INFO - Sync 1 DAGs
[2025-03-06T04:41:32.902+0000] {logging_mixin.py:190} INFO - [2025-03-06T04:41:32.902+0000] {dag.py:4180} INFO - Setting next_dagrun for example_local_kubernetes_executor to None, run_after=None
[2025-03-06T04:41:32.922+0000] {processor.py:208} INFO - Processing /home/airflow/.local/lib/python3.12/site-packages/airflow/example_dags/example_local_kubernetes_executor.py took 0.078 seconds
[2025-03-06T04:42:03.076+0000] {processor.py:186} INFO - Started process (PID=15471) to work on /home/airflow/.local/lib/python3.12/site-packages/airflow/example_dags/example_local_kubernetes_executor.py
[2025-03-06T04:42:03.077+0000] {processor.py:914} INFO - Processing file /home/airflow/.local/lib/python3.12/site-packages/airflow/example_dags/example_local_kubernetes_executor.py for tasks to queue
[2025-03-06T04:42:03.080+0000] {logging_mixin.py:190} INFO - [2025-03-06T04:42:03.079+0000] {dagbag.py:588} INFO - Filling up the DagBag from /home/airflow/.local/lib/python3.12/site-packages/airflow/example_dags/example_local_kubernetes_executor.py
[2025-03-06T04:42:03.093+0000] {processor.py:925} INFO - DAG(s) 'example_local_kubernetes_executor' retrieved from /home/airflow/.local/lib/python3.12/site-packages/airflow/example_dags/example_local_kubernetes_executor.py
[2025-03-06T04:42:03.114+0000] {logging_mixin.py:190} INFO - [2025-03-06T04:42:03.114+0000] {dag.py:3239} INFO - Sync 1 DAGs
[2025-03-06T04:42:03.126+0000] {logging_mixin.py:190} INFO - [2025-03-06T04:42:03.126+0000] {dag.py:4180} INFO - Setting next_dagrun for example_local_kubernetes_executor to None, run_after=None
[2025-03-06T04:42:03.145+0000] {processor.py:208} INFO - Processing /home/airflow/.local/lib/python3.12/site-packages/airflow/example_dags/example_local_kubernetes_executor.py took 0.075 seconds
[2025-03-06T04:42:33.527+0000] {processor.py:186} INFO - Started process (PID=15546) to work on /home/airflow/.local/lib/python3.12/site-packages/airflow/example_dags/example_local_kubernetes_executor.py
[2025-03-06T04:42:33.529+0000] {processor.py:914} INFO - Processing file /home/airflow/.local/lib/python3.12/site-packages/airflow/example_dags/example_local_kubernetes_executor.py for tasks to queue
[2025-03-06T04:42:33.531+0000] {logging_mixin.py:190} INFO - [2025-03-06T04:42:33.531+0000] {dagbag.py:588} INFO - Filling up the DagBag from /home/airflow/.local/lib/python3.12/site-packages/airflow/example_dags/example_local_kubernetes_executor.py
[2025-03-06T04:42:33.539+0000] {processor.py:925} INFO - DAG(s) 'example_local_kubernetes_executor' retrieved from /home/airflow/.local/lib/python3.12/site-packages/airflow/example_dags/example_local_kubernetes_executor.py
[2025-03-06T04:42:33.558+0000] {logging_mixin.py:190} INFO - [2025-03-06T04:42:33.558+0000] {dag.py:3239} INFO - Sync 1 DAGs
[2025-03-06T04:42:33.570+0000] {logging_mixin.py:190} INFO - [2025-03-06T04:42:33.570+0000] {dag.py:4180} INFO - Setting next_dagrun for example_local_kubernetes_executor to None, run_after=None
[2025-03-06T04:42:33.589+0000] {processor.py:208} INFO - Processing /home/airflow/.local/lib/python3.12/site-packages/airflow/example_dags/example_local_kubernetes_executor.py took 0.066 seconds
[2025-03-06T11:01:02.951+0000] {processor.py:186} INFO - Started process (PID=113) to work on /home/airflow/.local/lib/python3.12/site-packages/airflow/example_dags/example_local_kubernetes_executor.py
[2025-03-06T11:01:02.953+0000] {processor.py:914} INFO - Processing file /home/airflow/.local/lib/python3.12/site-packages/airflow/example_dags/example_local_kubernetes_executor.py for tasks to queue
[2025-03-06T11:01:02.959+0000] {logging_mixin.py:190} INFO - [2025-03-06T11:01:02.957+0000] {dagbag.py:588} INFO - Filling up the DagBag from /home/airflow/.local/lib/python3.12/site-packages/airflow/example_dags/example_local_kubernetes_executor.py
[2025-03-06T11:01:03.002+0000] {processor.py:925} INFO - DAG(s) 'example_local_kubernetes_executor' retrieved from /home/airflow/.local/lib/python3.12/site-packages/airflow/example_dags/example_local_kubernetes_executor.py
[2025-03-06T11:01:03.115+0000] {logging_mixin.py:190} INFO - [2025-03-06T11:01:03.114+0000] {dag.py:3239} INFO - Sync 1 DAGs
[2025-03-06T11:01:03.220+0000] {logging_mixin.py:190} INFO - [2025-03-06T11:01:03.219+0000] {dag.py:4180} INFO - Setting next_dagrun for example_local_kubernetes_executor to None, run_after=None
[2025-03-06T11:01:03.379+0000] {processor.py:208} INFO - Processing /home/airflow/.local/lib/python3.12/site-packages/airflow/example_dags/example_local_kubernetes_executor.py took 0.436 seconds
[2025-03-06T11:01:33.819+0000] {processor.py:186} INFO - Started process (PID=187) to work on /home/airflow/.local/lib/python3.12/site-packages/airflow/example_dags/example_local_kubernetes_executor.py
[2025-03-06T11:01:33.822+0000] {processor.py:914} INFO - Processing file /home/airflow/.local/lib/python3.12/site-packages/airflow/example_dags/example_local_kubernetes_executor.py for tasks to queue
[2025-03-06T11:01:33.826+0000] {logging_mixin.py:190} INFO - [2025-03-06T11:01:33.825+0000] {dagbag.py:588} INFO - Filling up the DagBag from /home/airflow/.local/lib/python3.12/site-packages/airflow/example_dags/example_local_kubernetes_executor.py
[2025-03-06T11:01:33.837+0000] {processor.py:925} INFO - DAG(s) 'example_local_kubernetes_executor' retrieved from /home/airflow/.local/lib/python3.12/site-packages/airflow/example_dags/example_local_kubernetes_executor.py
[2025-03-06T11:01:33.864+0000] {logging_mixin.py:190} INFO - [2025-03-06T11:01:33.864+0000] {dag.py:3239} INFO - Sync 1 DAGs
[2025-03-06T11:01:33.883+0000] {logging_mixin.py:190} INFO - [2025-03-06T11:01:33.883+0000] {dag.py:4180} INFO - Setting next_dagrun for example_local_kubernetes_executor to None, run_after=None
[2025-03-06T11:01:33.945+0000] {processor.py:208} INFO - Processing /home/airflow/.local/lib/python3.12/site-packages/airflow/example_dags/example_local_kubernetes_executor.py took 0.130 seconds
[2025-03-06T11:02:04.018+0000] {processor.py:186} INFO - Started process (PID=261) to work on /home/airflow/.local/lib/python3.12/site-packages/airflow/example_dags/example_local_kubernetes_executor.py
[2025-03-06T11:02:04.020+0000] {processor.py:914} INFO - Processing file /home/airflow/.local/lib/python3.12/site-packages/airflow/example_dags/example_local_kubernetes_executor.py for tasks to queue
[2025-03-06T11:02:04.025+0000] {logging_mixin.py:190} INFO - [2025-03-06T11:02:04.024+0000] {dagbag.py:588} INFO - Filling up the DagBag from /home/airflow/.local/lib/python3.12/site-packages/airflow/example_dags/example_local_kubernetes_executor.py
[2025-03-06T11:02:04.052+0000] {processor.py:925} INFO - DAG(s) 'example_local_kubernetes_executor' retrieved from /home/airflow/.local/lib/python3.12/site-packages/airflow/example_dags/example_local_kubernetes_executor.py
[2025-03-06T11:02:04.086+0000] {logging_mixin.py:190} INFO - [2025-03-06T11:02:04.086+0000] {dag.py:3239} INFO - Sync 1 DAGs
[2025-03-06T11:02:04.102+0000] {logging_mixin.py:190} INFO - [2025-03-06T11:02:04.102+0000] {dag.py:4180} INFO - Setting next_dagrun for example_local_kubernetes_executor to None, run_after=None
[2025-03-06T11:02:04.119+0000] {processor.py:208} INFO - Processing /home/airflow/.local/lib/python3.12/site-packages/airflow/example_dags/example_local_kubernetes_executor.py took 0.112 seconds
[2025-03-06T11:02:34.214+0000] {processor.py:186} INFO - Started process (PID=324) to work on /home/airflow/.local/lib/python3.12/site-packages/airflow/example_dags/example_local_kubernetes_executor.py
[2025-03-06T11:02:34.216+0000] {processor.py:914} INFO - Processing file /home/airflow/.local/lib/python3.12/site-packages/airflow/example_dags/example_local_kubernetes_executor.py for tasks to queue
[2025-03-06T11:02:34.219+0000] {logging_mixin.py:190} INFO - [2025-03-06T11:02:34.218+0000] {dagbag.py:588} INFO - Filling up the DagBag from /home/airflow/.local/lib/python3.12/site-packages/airflow/example_dags/example_local_kubernetes_executor.py
[2025-03-06T11:02:34.231+0000] {processor.py:925} INFO - DAG(s) 'example_local_kubernetes_executor' retrieved from /home/airflow/.local/lib/python3.12/site-packages/airflow/example_dags/example_local_kubernetes_executor.py
[2025-03-06T11:02:34.258+0000] {logging_mixin.py:190} INFO - [2025-03-06T11:02:34.258+0000] {dag.py:3239} INFO - Sync 1 DAGs
[2025-03-06T11:02:34.280+0000] {logging_mixin.py:190} INFO - [2025-03-06T11:02:34.280+0000] {dag.py:4180} INFO - Setting next_dagrun for example_local_kubernetes_executor to None, run_after=None
[2025-03-06T11:02:34.306+0000] {processor.py:208} INFO - Processing /home/airflow/.local/lib/python3.12/site-packages/airflow/example_dags/example_local_kubernetes_executor.py took 0.098 seconds
[2025-03-06T11:03:04.374+0000] {processor.py:186} INFO - Started process (PID=399) to work on /home/airflow/.local/lib/python3.12/site-packages/airflow/example_dags/example_local_kubernetes_executor.py
[2025-03-06T11:03:04.375+0000] {processor.py:914} INFO - Processing file /home/airflow/.local/lib/python3.12/site-packages/airflow/example_dags/example_local_kubernetes_executor.py for tasks to queue
[2025-03-06T11:03:04.378+0000] {logging_mixin.py:190} INFO - [2025-03-06T11:03:04.377+0000] {dagbag.py:588} INFO - Filling up the DagBag from /home/airflow/.local/lib/python3.12/site-packages/airflow/example_dags/example_local_kubernetes_executor.py
[2025-03-06T11:03:04.388+0000] {processor.py:925} INFO - DAG(s) 'example_local_kubernetes_executor' retrieved from /home/airflow/.local/lib/python3.12/site-packages/airflow/example_dags/example_local_kubernetes_executor.py
[2025-03-06T11:03:04.410+0000] {logging_mixin.py:190} INFO - [2025-03-06T11:03:04.409+0000] {dag.py:3239} INFO - Sync 1 DAGs
[2025-03-06T11:03:04.425+0000] {logging_mixin.py:190} INFO - [2025-03-06T11:03:04.425+0000] {dag.py:4180} INFO - Setting next_dagrun for example_local_kubernetes_executor to None, run_after=None
[2025-03-06T11:03:04.444+0000] {processor.py:208} INFO - Processing /home/airflow/.local/lib/python3.12/site-packages/airflow/example_dags/example_local_kubernetes_executor.py took 0.076 seconds
[2025-03-06T11:03:34.830+0000] {processor.py:186} INFO - Started process (PID=475) to work on /home/airflow/.local/lib/python3.12/site-packages/airflow/example_dags/example_local_kubernetes_executor.py
[2025-03-06T11:03:34.831+0000] {processor.py:914} INFO - Processing file /home/airflow/.local/lib/python3.12/site-packages/airflow/example_dags/example_local_kubernetes_executor.py for tasks to queue
[2025-03-06T11:03:34.833+0000] {logging_mixin.py:190} INFO - [2025-03-06T11:03:34.833+0000] {dagbag.py:588} INFO - Filling up the DagBag from /home/airflow/.local/lib/python3.12/site-packages/airflow/example_dags/example_local_kubernetes_executor.py
[2025-03-06T11:03:34.843+0000] {processor.py:925} INFO - DAG(s) 'example_local_kubernetes_executor' retrieved from /home/airflow/.local/lib/python3.12/site-packages/airflow/example_dags/example_local_kubernetes_executor.py
[2025-03-06T11:03:34.861+0000] {logging_mixin.py:190} INFO - [2025-03-06T11:03:34.861+0000] {dag.py:3239} INFO - Sync 1 DAGs
[2025-03-06T11:03:34.873+0000] {logging_mixin.py:190} INFO - [2025-03-06T11:03:34.873+0000] {dag.py:4180} INFO - Setting next_dagrun for example_local_kubernetes_executor to None, run_after=None
[2025-03-06T11:03:34.889+0000] {processor.py:208} INFO - Processing /home/airflow/.local/lib/python3.12/site-packages/airflow/example_dags/example_local_kubernetes_executor.py took 0.063 seconds
[2025-03-06T11:04:05.064+0000] {processor.py:186} INFO - Started process (PID=550) to work on /home/airflow/.local/lib/python3.12/site-packages/airflow/example_dags/example_local_kubernetes_executor.py
[2025-03-06T11:04:05.065+0000] {processor.py:914} INFO - Processing file /home/airflow/.local/lib/python3.12/site-packages/airflow/example_dags/example_local_kubernetes_executor.py for tasks to queue
[2025-03-06T11:04:05.068+0000] {logging_mixin.py:190} INFO - [2025-03-06T11:04:05.068+0000] {dagbag.py:588} INFO - Filling up the DagBag from /home/airflow/.local/lib/python3.12/site-packages/airflow/example_dags/example_local_kubernetes_executor.py
[2025-03-06T11:04:05.077+0000] {processor.py:925} INFO - DAG(s) 'example_local_kubernetes_executor' retrieved from /home/airflow/.local/lib/python3.12/site-packages/airflow/example_dags/example_local_kubernetes_executor.py
[2025-03-06T11:04:05.097+0000] {logging_mixin.py:190} INFO - [2025-03-06T11:04:05.097+0000] {dag.py:3239} INFO - Sync 1 DAGs
[2025-03-06T11:04:05.110+0000] {logging_mixin.py:190} INFO - [2025-03-06T11:04:05.109+0000] {dag.py:4180} INFO - Setting next_dagrun for example_local_kubernetes_executor to None, run_after=None
[2025-03-06T11:04:05.127+0000] {processor.py:208} INFO - Processing /home/airflow/.local/lib/python3.12/site-packages/airflow/example_dags/example_local_kubernetes_executor.py took 0.068 seconds
[2025-03-06T11:04:35.838+0000] {processor.py:186} INFO - Started process (PID=625) to work on /home/airflow/.local/lib/python3.12/site-packages/airflow/example_dags/example_local_kubernetes_executor.py
[2025-03-06T11:04:35.840+0000] {processor.py:914} INFO - Processing file /home/airflow/.local/lib/python3.12/site-packages/airflow/example_dags/example_local_kubernetes_executor.py for tasks to queue
[2025-03-06T11:04:35.842+0000] {logging_mixin.py:190} INFO - [2025-03-06T11:04:35.842+0000] {dagbag.py:588} INFO - Filling up the DagBag from /home/airflow/.local/lib/python3.12/site-packages/airflow/example_dags/example_local_kubernetes_executor.py
[2025-03-06T11:04:35.851+0000] {processor.py:925} INFO - DAG(s) 'example_local_kubernetes_executor' retrieved from /home/airflow/.local/lib/python3.12/site-packages/airflow/example_dags/example_local_kubernetes_executor.py
[2025-03-06T11:04:35.871+0000] {logging_mixin.py:190} INFO - [2025-03-06T11:04:35.870+0000] {dag.py:3239} INFO - Sync 1 DAGs
[2025-03-06T11:04:35.882+0000] {logging_mixin.py:190} INFO - [2025-03-06T11:04:35.882+0000] {dag.py:4180} INFO - Setting next_dagrun for example_local_kubernetes_executor to None, run_after=None
[2025-03-06T11:04:35.899+0000] {processor.py:208} INFO - Processing /home/airflow/.local/lib/python3.12/site-packages/airflow/example_dags/example_local_kubernetes_executor.py took 0.065 seconds
[2025-03-06T11:05:06.221+0000] {processor.py:186} INFO - Started process (PID=724) to work on /home/airflow/.local/lib/python3.12/site-packages/airflow/example_dags/example_local_kubernetes_executor.py
[2025-03-06T11:05:06.223+0000] {processor.py:914} INFO - Processing file /home/airflow/.local/lib/python3.12/site-packages/airflow/example_dags/example_local_kubernetes_executor.py for tasks to queue
[2025-03-06T11:05:06.226+0000] {logging_mixin.py:190} INFO - [2025-03-06T11:05:06.225+0000] {dagbag.py:588} INFO - Filling up the DagBag from /home/airflow/.local/lib/python3.12/site-packages/airflow/example_dags/example_local_kubernetes_executor.py
[2025-03-06T11:05:06.239+0000] {processor.py:925} INFO - DAG(s) 'example_local_kubernetes_executor' retrieved from /home/airflow/.local/lib/python3.12/site-packages/airflow/example_dags/example_local_kubernetes_executor.py
[2025-03-06T11:05:06.264+0000] {logging_mixin.py:190} INFO - [2025-03-06T11:05:06.263+0000] {dag.py:3239} INFO - Sync 1 DAGs
[2025-03-06T11:05:06.283+0000] {logging_mixin.py:190} INFO - [2025-03-06T11:05:06.282+0000] {dag.py:4180} INFO - Setting next_dagrun for example_local_kubernetes_executor to None, run_after=None
[2025-03-06T11:05:06.319+0000] {processor.py:208} INFO - Processing /home/airflow/.local/lib/python3.12/site-packages/airflow/example_dags/example_local_kubernetes_executor.py took 0.104 seconds
[2025-03-06T11:05:36.653+0000] {processor.py:186} INFO - Started process (PID=799) to work on /home/airflow/.local/lib/python3.12/site-packages/airflow/example_dags/example_local_kubernetes_executor.py
[2025-03-06T11:05:36.655+0000] {processor.py:914} INFO - Processing file /home/airflow/.local/lib/python3.12/site-packages/airflow/example_dags/example_local_kubernetes_executor.py for tasks to queue
[2025-03-06T11:05:36.657+0000] {logging_mixin.py:190} INFO - [2025-03-06T11:05:36.657+0000] {dagbag.py:588} INFO - Filling up the DagBag from /home/airflow/.local/lib/python3.12/site-packages/airflow/example_dags/example_local_kubernetes_executor.py
[2025-03-06T11:05:36.666+0000] {processor.py:925} INFO - DAG(s) 'example_local_kubernetes_executor' retrieved from /home/airflow/.local/lib/python3.12/site-packages/airflow/example_dags/example_local_kubernetes_executor.py
[2025-03-06T11:05:36.684+0000] {logging_mixin.py:190} INFO - [2025-03-06T11:05:36.684+0000] {dag.py:3239} INFO - Sync 1 DAGs
[2025-03-06T11:05:36.696+0000] {logging_mixin.py:190} INFO - [2025-03-06T11:05:36.696+0000] {dag.py:4180} INFO - Setting next_dagrun for example_local_kubernetes_executor to None, run_after=None
[2025-03-06T11:05:36.713+0000] {processor.py:208} INFO - Processing /home/airflow/.local/lib/python3.12/site-packages/airflow/example_dags/example_local_kubernetes_executor.py took 0.065 seconds
[2025-03-06T11:06:07.304+0000] {processor.py:186} INFO - Started process (PID=886) to work on /home/airflow/.local/lib/python3.12/site-packages/airflow/example_dags/example_local_kubernetes_executor.py
[2025-03-06T11:06:07.306+0000] {processor.py:914} INFO - Processing file /home/airflow/.local/lib/python3.12/site-packages/airflow/example_dags/example_local_kubernetes_executor.py for tasks to queue
[2025-03-06T11:06:07.308+0000] {logging_mixin.py:190} INFO - [2025-03-06T11:06:07.308+0000] {dagbag.py:588} INFO - Filling up the DagBag from /home/airflow/.local/lib/python3.12/site-packages/airflow/example_dags/example_local_kubernetes_executor.py
[2025-03-06T11:06:07.318+0000] {processor.py:925} INFO - DAG(s) 'example_local_kubernetes_executor' retrieved from /home/airflow/.local/lib/python3.12/site-packages/airflow/example_dags/example_local_kubernetes_executor.py
[2025-03-06T11:06:07.340+0000] {logging_mixin.py:190} INFO - [2025-03-06T11:06:07.340+0000] {dag.py:3239} INFO - Sync 1 DAGs
[2025-03-06T11:06:07.354+0000] {logging_mixin.py:190} INFO - [2025-03-06T11:06:07.354+0000] {dag.py:4180} INFO - Setting next_dagrun for example_local_kubernetes_executor to None, run_after=None
[2025-03-06T11:06:07.374+0000] {processor.py:208} INFO - Processing /home/airflow/.local/lib/python3.12/site-packages/airflow/example_dags/example_local_kubernetes_executor.py took 0.075 seconds
[2025-03-06T11:06:47.454+0000] {processor.py:186} INFO - Started process (PID=930) to work on /home/airflow/.local/lib/python3.12/site-packages/airflow/example_dags/example_local_kubernetes_executor.py
[2025-03-06T11:06:47.456+0000] {processor.py:914} INFO - Processing file /home/airflow/.local/lib/python3.12/site-packages/airflow/example_dags/example_local_kubernetes_executor.py for tasks to queue
[2025-03-06T11:06:47.461+0000] {logging_mixin.py:190} INFO - [2025-03-06T11:06:47.461+0000] {dagbag.py:588} INFO - Filling up the DagBag from /home/airflow/.local/lib/python3.12/site-packages/airflow/example_dags/example_local_kubernetes_executor.py
[2025-03-06T11:06:47.487+0000] {processor.py:925} INFO - DAG(s) 'example_local_kubernetes_executor' retrieved from /home/airflow/.local/lib/python3.12/site-packages/airflow/example_dags/example_local_kubernetes_executor.py
[2025-03-06T11:06:47.539+0000] {logging_mixin.py:190} INFO - [2025-03-06T11:06:47.538+0000] {dag.py:3239} INFO - Sync 1 DAGs
[2025-03-06T11:06:47.570+0000] {logging_mixin.py:190} INFO - [2025-03-06T11:06:47.569+0000] {dag.py:4180} INFO - Setting next_dagrun for example_local_kubernetes_executor to None, run_after=None
[2025-03-06T11:06:47.611+0000] {processor.py:208} INFO - Processing /home/airflow/.local/lib/python3.12/site-packages/airflow/example_dags/example_local_kubernetes_executor.py took 0.171 seconds
[2025-03-06T11:07:49.518+0000] {processor.py:186} INFO - Started process (PID=1003) to work on /home/airflow/.local/lib/python3.12/site-packages/airflow/example_dags/example_local_kubernetes_executor.py
[2025-03-06T11:07:49.520+0000] {processor.py:914} INFO - Processing file /home/airflow/.local/lib/python3.12/site-packages/airflow/example_dags/example_local_kubernetes_executor.py for tasks to queue
[2025-03-06T11:07:49.522+0000] {logging_mixin.py:190} INFO - [2025-03-06T11:07:49.522+0000] {dagbag.py:588} INFO - Filling up the DagBag from /home/airflow/.local/lib/python3.12/site-packages/airflow/example_dags/example_local_kubernetes_executor.py
[2025-03-06T11:07:49.545+0000] {processor.py:925} INFO - DAG(s) 'example_local_kubernetes_executor' retrieved from /home/airflow/.local/lib/python3.12/site-packages/airflow/example_dags/example_local_kubernetes_executor.py
[2025-03-06T11:07:49.587+0000] {logging_mixin.py:190} INFO - [2025-03-06T11:07:49.587+0000] {dag.py:3239} INFO - Sync 1 DAGs
[2025-03-06T11:07:49.611+0000] {logging_mixin.py:190} INFO - [2025-03-06T11:07:49.610+0000] {dag.py:4180} INFO - Setting next_dagrun for example_local_kubernetes_executor to None, run_after=None
[2025-03-06T11:07:49.643+0000] {processor.py:208} INFO - Processing /home/airflow/.local/lib/python3.12/site-packages/airflow/example_dags/example_local_kubernetes_executor.py took 0.133 seconds
[2025-03-06T11:08:20.786+0000] {processor.py:186} INFO - Started process (PID=1079) to work on /home/airflow/.local/lib/python3.12/site-packages/airflow/example_dags/example_local_kubernetes_executor.py
[2025-03-06T11:08:20.788+0000] {processor.py:914} INFO - Processing file /home/airflow/.local/lib/python3.12/site-packages/airflow/example_dags/example_local_kubernetes_executor.py for tasks to queue
[2025-03-06T11:08:20.790+0000] {logging_mixin.py:190} INFO - [2025-03-06T11:08:20.790+0000] {dagbag.py:588} INFO - Filling up the DagBag from /home/airflow/.local/lib/python3.12/site-packages/airflow/example_dags/example_local_kubernetes_executor.py
[2025-03-06T11:08:20.804+0000] {processor.py:925} INFO - DAG(s) 'example_local_kubernetes_executor' retrieved from /home/airflow/.local/lib/python3.12/site-packages/airflow/example_dags/example_local_kubernetes_executor.py
[2025-03-06T11:08:20.834+0000] {logging_mixin.py:190} INFO - [2025-03-06T11:08:20.834+0000] {dag.py:3239} INFO - Sync 1 DAGs
[2025-03-06T11:08:20.859+0000] {logging_mixin.py:190} INFO - [2025-03-06T11:08:20.859+0000] {dag.py:4180} INFO - Setting next_dagrun for example_local_kubernetes_executor to None, run_after=None
[2025-03-06T11:08:20.892+0000] {processor.py:208} INFO - Processing /home/airflow/.local/lib/python3.12/site-packages/airflow/example_dags/example_local_kubernetes_executor.py took 0.114 seconds
[2025-03-06T11:08:51.923+0000] {processor.py:186} INFO - Started process (PID=1154) to work on /home/airflow/.local/lib/python3.12/site-packages/airflow/example_dags/example_local_kubernetes_executor.py
[2025-03-06T11:08:51.924+0000] {processor.py:914} INFO - Processing file /home/airflow/.local/lib/python3.12/site-packages/airflow/example_dags/example_local_kubernetes_executor.py for tasks to queue
[2025-03-06T11:08:51.926+0000] {logging_mixin.py:190} INFO - [2025-03-06T11:08:51.926+0000] {dagbag.py:588} INFO - Filling up the DagBag from /home/airflow/.local/lib/python3.12/site-packages/airflow/example_dags/example_local_kubernetes_executor.py
[2025-03-06T11:08:51.935+0000] {processor.py:925} INFO - DAG(s) 'example_local_kubernetes_executor' retrieved from /home/airflow/.local/lib/python3.12/site-packages/airflow/example_dags/example_local_kubernetes_executor.py
[2025-03-06T11:08:51.953+0000] {logging_mixin.py:190} INFO - [2025-03-06T11:08:51.953+0000] {dag.py:3239} INFO - Sync 1 DAGs
[2025-03-06T11:08:51.966+0000] {logging_mixin.py:190} INFO - [2025-03-06T11:08:51.966+0000] {dag.py:4180} INFO - Setting next_dagrun for example_local_kubernetes_executor to None, run_after=None
[2025-03-06T11:08:51.985+0000] {processor.py:208} INFO - Processing /home/airflow/.local/lib/python3.12/site-packages/airflow/example_dags/example_local_kubernetes_executor.py took 0.066 seconds
[2025-03-06T11:09:23.273+0000] {processor.py:186} INFO - Started process (PID=1229) to work on /home/airflow/.local/lib/python3.12/site-packages/airflow/example_dags/example_local_kubernetes_executor.py
[2025-03-06T11:09:23.275+0000] {processor.py:914} INFO - Processing file /home/airflow/.local/lib/python3.12/site-packages/airflow/example_dags/example_local_kubernetes_executor.py for tasks to queue
[2025-03-06T11:09:23.278+0000] {logging_mixin.py:190} INFO - [2025-03-06T11:09:23.277+0000] {dagbag.py:588} INFO - Filling up the DagBag from /home/airflow/.local/lib/python3.12/site-packages/airflow/example_dags/example_local_kubernetes_executor.py
[2025-03-06T11:09:23.295+0000] {processor.py:925} INFO - DAG(s) 'example_local_kubernetes_executor' retrieved from /home/airflow/.local/lib/python3.12/site-packages/airflow/example_dags/example_local_kubernetes_executor.py
[2025-03-06T11:09:23.328+0000] {logging_mixin.py:190} INFO - [2025-03-06T11:09:23.328+0000] {dag.py:3239} INFO - Sync 1 DAGs
[2025-03-06T11:09:23.351+0000] {logging_mixin.py:190} INFO - [2025-03-06T11:09:23.350+0000] {dag.py:4180} INFO - Setting next_dagrun for example_local_kubernetes_executor to None, run_after=None
[2025-03-06T11:09:23.385+0000] {processor.py:208} INFO - Processing /home/airflow/.local/lib/python3.12/site-packages/airflow/example_dags/example_local_kubernetes_executor.py took 0.121 seconds
[2025-03-06T11:09:53.568+0000] {processor.py:186} INFO - Started process (PID=1292) to work on /home/airflow/.local/lib/python3.12/site-packages/airflow/example_dags/example_local_kubernetes_executor.py
[2025-03-06T11:09:53.569+0000] {processor.py:914} INFO - Processing file /home/airflow/.local/lib/python3.12/site-packages/airflow/example_dags/example_local_kubernetes_executor.py for tasks to queue
[2025-03-06T11:09:53.571+0000] {logging_mixin.py:190} INFO - [2025-03-06T11:09:53.571+0000] {dagbag.py:588} INFO - Filling up the DagBag from /home/airflow/.local/lib/python3.12/site-packages/airflow/example_dags/example_local_kubernetes_executor.py
[2025-03-06T11:09:53.580+0000] {processor.py:925} INFO - DAG(s) 'example_local_kubernetes_executor' retrieved from /home/airflow/.local/lib/python3.12/site-packages/airflow/example_dags/example_local_kubernetes_executor.py
[2025-03-06T11:09:53.601+0000] {logging_mixin.py:190} INFO - [2025-03-06T11:09:53.601+0000] {dag.py:3239} INFO - Sync 1 DAGs
[2025-03-06T11:09:53.615+0000] {logging_mixin.py:190} INFO - [2025-03-06T11:09:53.615+0000] {dag.py:4180} INFO - Setting next_dagrun for example_local_kubernetes_executor to None, run_after=None
[2025-03-06T11:09:53.633+0000] {processor.py:208} INFO - Processing /home/airflow/.local/lib/python3.12/site-packages/airflow/example_dags/example_local_kubernetes_executor.py took 0.070 seconds
[2025-03-06T11:10:24.505+0000] {processor.py:186} INFO - Started process (PID=1367) to work on /home/airflow/.local/lib/python3.12/site-packages/airflow/example_dags/example_local_kubernetes_executor.py
[2025-03-06T11:10:24.507+0000] {processor.py:914} INFO - Processing file /home/airflow/.local/lib/python3.12/site-packages/airflow/example_dags/example_local_kubernetes_executor.py for tasks to queue
[2025-03-06T11:10:24.508+0000] {logging_mixin.py:190} INFO - [2025-03-06T11:10:24.508+0000] {dagbag.py:588} INFO - Filling up the DagBag from /home/airflow/.local/lib/python3.12/site-packages/airflow/example_dags/example_local_kubernetes_executor.py
[2025-03-06T11:10:24.517+0000] {processor.py:925} INFO - DAG(s) 'example_local_kubernetes_executor' retrieved from /home/airflow/.local/lib/python3.12/site-packages/airflow/example_dags/example_local_kubernetes_executor.py
[2025-03-06T11:10:24.543+0000] {logging_mixin.py:190} INFO - [2025-03-06T11:10:24.543+0000] {dag.py:3239} INFO - Sync 1 DAGs
[2025-03-06T11:10:24.559+0000] {logging_mixin.py:190} INFO - [2025-03-06T11:10:24.559+0000] {dag.py:4180} INFO - Setting next_dagrun for example_local_kubernetes_executor to None, run_after=None
[2025-03-06T11:10:24.577+0000] {processor.py:208} INFO - Processing /home/airflow/.local/lib/python3.12/site-packages/airflow/example_dags/example_local_kubernetes_executor.py took 0.079 seconds
[2025-03-06T11:10:54.692+0000] {processor.py:186} INFO - Started process (PID=1442) to work on /home/airflow/.local/lib/python3.12/site-packages/airflow/example_dags/example_local_kubernetes_executor.py
[2025-03-06T11:10:54.694+0000] {processor.py:914} INFO - Processing file /home/airflow/.local/lib/python3.12/site-packages/airflow/example_dags/example_local_kubernetes_executor.py for tasks to queue
[2025-03-06T11:10:54.695+0000] {logging_mixin.py:190} INFO - [2025-03-06T11:10:54.695+0000] {dagbag.py:588} INFO - Filling up the DagBag from /home/airflow/.local/lib/python3.12/site-packages/airflow/example_dags/example_local_kubernetes_executor.py
[2025-03-06T11:10:54.705+0000] {processor.py:925} INFO - DAG(s) 'example_local_kubernetes_executor' retrieved from /home/airflow/.local/lib/python3.12/site-packages/airflow/example_dags/example_local_kubernetes_executor.py
[2025-03-06T11:10:54.724+0000] {logging_mixin.py:190} INFO - [2025-03-06T11:10:54.724+0000] {dag.py:3239} INFO - Sync 1 DAGs
[2025-03-06T11:10:54.738+0000] {logging_mixin.py:190} INFO - [2025-03-06T11:10:54.738+0000] {dag.py:4180} INFO - Setting next_dagrun for example_local_kubernetes_executor to None, run_after=None
[2025-03-06T11:10:54.756+0000] {processor.py:208} INFO - Processing /home/airflow/.local/lib/python3.12/site-packages/airflow/example_dags/example_local_kubernetes_executor.py took 0.068 seconds
[2025-03-06T11:11:25.310+0000] {processor.py:186} INFO - Started process (PID=1517) to work on /home/airflow/.local/lib/python3.12/site-packages/airflow/example_dags/example_local_kubernetes_executor.py
[2025-03-06T11:11:25.311+0000] {processor.py:914} INFO - Processing file /home/airflow/.local/lib/python3.12/site-packages/airflow/example_dags/example_local_kubernetes_executor.py for tasks to queue
[2025-03-06T11:11:25.313+0000] {logging_mixin.py:190} INFO - [2025-03-06T11:11:25.313+0000] {dagbag.py:588} INFO - Filling up the DagBag from /home/airflow/.local/lib/python3.12/site-packages/airflow/example_dags/example_local_kubernetes_executor.py
[2025-03-06T11:11:25.322+0000] {processor.py:925} INFO - DAG(s) 'example_local_kubernetes_executor' retrieved from /home/airflow/.local/lib/python3.12/site-packages/airflow/example_dags/example_local_kubernetes_executor.py
[2025-03-06T11:11:25.342+0000] {logging_mixin.py:190} INFO - [2025-03-06T11:11:25.342+0000] {dag.py:3239} INFO - Sync 1 DAGs
[2025-03-06T11:11:25.356+0000] {logging_mixin.py:190} INFO - [2025-03-06T11:11:25.356+0000] {dag.py:4180} INFO - Setting next_dagrun for example_local_kubernetes_executor to None, run_after=None
[2025-03-06T11:11:25.374+0000] {processor.py:208} INFO - Processing /home/airflow/.local/lib/python3.12/site-packages/airflow/example_dags/example_local_kubernetes_executor.py took 0.069 seconds
[2025-03-06T11:11:55.684+0000] {processor.py:186} INFO - Started process (PID=1592) to work on /home/airflow/.local/lib/python3.12/site-packages/airflow/example_dags/example_local_kubernetes_executor.py
[2025-03-06T11:11:55.685+0000] {processor.py:914} INFO - Processing file /home/airflow/.local/lib/python3.12/site-packages/airflow/example_dags/example_local_kubernetes_executor.py for tasks to queue
[2025-03-06T11:11:55.687+0000] {logging_mixin.py:190} INFO - [2025-03-06T11:11:55.687+0000] {dagbag.py:588} INFO - Filling up the DagBag from /home/airflow/.local/lib/python3.12/site-packages/airflow/example_dags/example_local_kubernetes_executor.py
[2025-03-06T11:11:55.696+0000] {processor.py:925} INFO - DAG(s) 'example_local_kubernetes_executor' retrieved from /home/airflow/.local/lib/python3.12/site-packages/airflow/example_dags/example_local_kubernetes_executor.py
[2025-03-06T11:11:55.714+0000] {logging_mixin.py:190} INFO - [2025-03-06T11:11:55.714+0000] {dag.py:3239} INFO - Sync 1 DAGs
[2025-03-06T11:11:55.728+0000] {logging_mixin.py:190} INFO - [2025-03-06T11:11:55.728+0000] {dag.py:4180} INFO - Setting next_dagrun for example_local_kubernetes_executor to None, run_after=None
[2025-03-06T11:11:55.744+0000] {processor.py:208} INFO - Processing /home/airflow/.local/lib/python3.12/site-packages/airflow/example_dags/example_local_kubernetes_executor.py took 0.064 seconds
[2025-03-06T11:12:26.508+0000] {processor.py:186} INFO - Started process (PID=1667) to work on /home/airflow/.local/lib/python3.12/site-packages/airflow/example_dags/example_local_kubernetes_executor.py
[2025-03-06T11:12:26.509+0000] {processor.py:914} INFO - Processing file /home/airflow/.local/lib/python3.12/site-packages/airflow/example_dags/example_local_kubernetes_executor.py for tasks to queue
[2025-03-06T11:12:26.510+0000] {logging_mixin.py:190} INFO - [2025-03-06T11:12:26.510+0000] {dagbag.py:588} INFO - Filling up the DagBag from /home/airflow/.local/lib/python3.12/site-packages/airflow/example_dags/example_local_kubernetes_executor.py
[2025-03-06T11:12:26.519+0000] {processor.py:925} INFO - DAG(s) 'example_local_kubernetes_executor' retrieved from /home/airflow/.local/lib/python3.12/site-packages/airflow/example_dags/example_local_kubernetes_executor.py
[2025-03-06T11:12:26.537+0000] {logging_mixin.py:190} INFO - [2025-03-06T11:12:26.537+0000] {dag.py:3239} INFO - Sync 1 DAGs
[2025-03-06T11:12:26.550+0000] {logging_mixin.py:190} INFO - [2025-03-06T11:12:26.550+0000] {dag.py:4180} INFO - Setting next_dagrun for example_local_kubernetes_executor to None, run_after=None
[2025-03-06T11:12:26.571+0000] {processor.py:208} INFO - Processing /home/airflow/.local/lib/python3.12/site-packages/airflow/example_dags/example_local_kubernetes_executor.py took 0.069 seconds
[2025-03-06T11:12:57.062+0000] {processor.py:186} INFO - Started process (PID=1742) to work on /home/airflow/.local/lib/python3.12/site-packages/airflow/example_dags/example_local_kubernetes_executor.py
[2025-03-06T11:12:57.063+0000] {processor.py:914} INFO - Processing file /home/airflow/.local/lib/python3.12/site-packages/airflow/example_dags/example_local_kubernetes_executor.py for tasks to queue
[2025-03-06T11:12:57.065+0000] {logging_mixin.py:190} INFO - [2025-03-06T11:12:57.064+0000] {dagbag.py:588} INFO - Filling up the DagBag from /home/airflow/.local/lib/python3.12/site-packages/airflow/example_dags/example_local_kubernetes_executor.py
[2025-03-06T11:12:57.075+0000] {processor.py:925} INFO - DAG(s) 'example_local_kubernetes_executor' retrieved from /home/airflow/.local/lib/python3.12/site-packages/airflow/example_dags/example_local_kubernetes_executor.py
[2025-03-06T11:12:57.092+0000] {logging_mixin.py:190} INFO - [2025-03-06T11:12:57.092+0000] {dag.py:3239} INFO - Sync 1 DAGs
[2025-03-06T11:12:57.104+0000] {logging_mixin.py:190} INFO - [2025-03-06T11:12:57.104+0000] {dag.py:4180} INFO - Setting next_dagrun for example_local_kubernetes_executor to None, run_after=None
[2025-03-06T11:12:57.123+0000] {processor.py:208} INFO - Processing /home/airflow/.local/lib/python3.12/site-packages/airflow/example_dags/example_local_kubernetes_executor.py took 0.065 seconds
[2025-03-06T11:13:27.830+0000] {processor.py:186} INFO - Started process (PID=1817) to work on /home/airflow/.local/lib/python3.12/site-packages/airflow/example_dags/example_local_kubernetes_executor.py
[2025-03-06T11:13:27.831+0000] {processor.py:914} INFO - Processing file /home/airflow/.local/lib/python3.12/site-packages/airflow/example_dags/example_local_kubernetes_executor.py for tasks to queue
[2025-03-06T11:13:27.832+0000] {logging_mixin.py:190} INFO - [2025-03-06T11:13:27.832+0000] {dagbag.py:588} INFO - Filling up the DagBag from /home/airflow/.local/lib/python3.12/site-packages/airflow/example_dags/example_local_kubernetes_executor.py
[2025-03-06T11:13:27.841+0000] {processor.py:925} INFO - DAG(s) 'example_local_kubernetes_executor' retrieved from /home/airflow/.local/lib/python3.12/site-packages/airflow/example_dags/example_local_kubernetes_executor.py
[2025-03-06T11:13:27.859+0000] {logging_mixin.py:190} INFO - [2025-03-06T11:13:27.858+0000] {dag.py:3239} INFO - Sync 1 DAGs
[2025-03-06T11:13:27.872+0000] {logging_mixin.py:190} INFO - [2025-03-06T11:13:27.872+0000] {dag.py:4180} INFO - Setting next_dagrun for example_local_kubernetes_executor to None, run_after=None
[2025-03-06T11:13:27.888+0000] {processor.py:208} INFO - Processing /home/airflow/.local/lib/python3.12/site-packages/airflow/example_dags/example_local_kubernetes_executor.py took 0.063 seconds
[2025-03-06T11:13:58.153+0000] {processor.py:186} INFO - Started process (PID=1892) to work on /home/airflow/.local/lib/python3.12/site-packages/airflow/example_dags/example_local_kubernetes_executor.py
[2025-03-06T11:13:58.154+0000] {processor.py:914} INFO - Processing file /home/airflow/.local/lib/python3.12/site-packages/airflow/example_dags/example_local_kubernetes_executor.py for tasks to queue
[2025-03-06T11:13:58.156+0000] {logging_mixin.py:190} INFO - [2025-03-06T11:13:58.156+0000] {dagbag.py:588} INFO - Filling up the DagBag from /home/airflow/.local/lib/python3.12/site-packages/airflow/example_dags/example_local_kubernetes_executor.py
[2025-03-06T11:13:58.166+0000] {processor.py:925} INFO - DAG(s) 'example_local_kubernetes_executor' retrieved from /home/airflow/.local/lib/python3.12/site-packages/airflow/example_dags/example_local_kubernetes_executor.py
[2025-03-06T11:13:58.187+0000] {logging_mixin.py:190} INFO - [2025-03-06T11:13:58.186+0000] {dag.py:3239} INFO - Sync 1 DAGs
[2025-03-06T11:13:58.201+0000] {logging_mixin.py:190} INFO - [2025-03-06T11:13:58.200+0000] {dag.py:4180} INFO - Setting next_dagrun for example_local_kubernetes_executor to None, run_after=None
[2025-03-06T11:13:58.220+0000] {processor.py:208} INFO - Processing /home/airflow/.local/lib/python3.12/site-packages/airflow/example_dags/example_local_kubernetes_executor.py took 0.072 seconds
[2025-03-06T11:14:28.906+0000] {processor.py:186} INFO - Started process (PID=1962) to work on /home/airflow/.local/lib/python3.12/site-packages/airflow/example_dags/example_local_kubernetes_executor.py
[2025-03-06T11:14:28.908+0000] {processor.py:914} INFO - Processing file /home/airflow/.local/lib/python3.12/site-packages/airflow/example_dags/example_local_kubernetes_executor.py for tasks to queue
[2025-03-06T11:14:28.911+0000] {logging_mixin.py:190} INFO - [2025-03-06T11:14:28.910+0000] {dagbag.py:588} INFO - Filling up the DagBag from /home/airflow/.local/lib/python3.12/site-packages/airflow/example_dags/example_local_kubernetes_executor.py
[2025-03-06T11:14:28.929+0000] {processor.py:925} INFO - DAG(s) 'example_local_kubernetes_executor' retrieved from /home/airflow/.local/lib/python3.12/site-packages/airflow/example_dags/example_local_kubernetes_executor.py
[2025-03-06T11:14:28.971+0000] {logging_mixin.py:190} INFO - [2025-03-06T11:14:28.970+0000] {dag.py:3239} INFO - Sync 1 DAGs
[2025-03-06T11:14:29.010+0000] {logging_mixin.py:190} INFO - [2025-03-06T11:14:29.009+0000] {dag.py:4180} INFO - Setting next_dagrun for example_local_kubernetes_executor to None, run_after=None
[2025-03-06T11:14:29.049+0000] {processor.py:208} INFO - Processing /home/airflow/.local/lib/python3.12/site-packages/airflow/example_dags/example_local_kubernetes_executor.py took 0.153 seconds
[2025-03-06T11:14:59.315+0000] {processor.py:186} INFO - Started process (PID=2037) to work on /home/airflow/.local/lib/python3.12/site-packages/airflow/example_dags/example_local_kubernetes_executor.py
[2025-03-06T11:14:59.316+0000] {processor.py:914} INFO - Processing file /home/airflow/.local/lib/python3.12/site-packages/airflow/example_dags/example_local_kubernetes_executor.py for tasks to queue
[2025-03-06T11:14:59.318+0000] {logging_mixin.py:190} INFO - [2025-03-06T11:14:59.317+0000] {dagbag.py:588} INFO - Filling up the DagBag from /home/airflow/.local/lib/python3.12/site-packages/airflow/example_dags/example_local_kubernetes_executor.py
[2025-03-06T11:14:59.327+0000] {processor.py:925} INFO - DAG(s) 'example_local_kubernetes_executor' retrieved from /home/airflow/.local/lib/python3.12/site-packages/airflow/example_dags/example_local_kubernetes_executor.py
[2025-03-06T11:14:59.350+0000] {logging_mixin.py:190} INFO - [2025-03-06T11:14:59.350+0000] {dag.py:3239} INFO - Sync 1 DAGs
[2025-03-06T11:14:59.365+0000] {logging_mixin.py:190} INFO - [2025-03-06T11:14:59.365+0000] {dag.py:4180} INFO - Setting next_dagrun for example_local_kubernetes_executor to None, run_after=None
[2025-03-06T11:14:59.389+0000] {processor.py:208} INFO - Processing /home/airflow/.local/lib/python3.12/site-packages/airflow/example_dags/example_local_kubernetes_executor.py took 0.079 seconds
[2025-03-06T11:15:30.084+0000] {processor.py:186} INFO - Started process (PID=2101) to work on /home/airflow/.local/lib/python3.12/site-packages/airflow/example_dags/example_local_kubernetes_executor.py
[2025-03-06T11:15:30.085+0000] {processor.py:914} INFO - Processing file /home/airflow/.local/lib/python3.12/site-packages/airflow/example_dags/example_local_kubernetes_executor.py for tasks to queue
[2025-03-06T11:15:30.086+0000] {logging_mixin.py:190} INFO - [2025-03-06T11:15:30.086+0000] {dagbag.py:588} INFO - Filling up the DagBag from /home/airflow/.local/lib/python3.12/site-packages/airflow/example_dags/example_local_kubernetes_executor.py
[2025-03-06T11:15:30.096+0000] {processor.py:925} INFO - DAG(s) 'example_local_kubernetes_executor' retrieved from /home/airflow/.local/lib/python3.12/site-packages/airflow/example_dags/example_local_kubernetes_executor.py
[2025-03-06T11:15:30.115+0000] {logging_mixin.py:190} INFO - [2025-03-06T11:15:30.114+0000] {dag.py:3239} INFO - Sync 1 DAGs
[2025-03-06T11:15:30.127+0000] {logging_mixin.py:190} INFO - [2025-03-06T11:15:30.127+0000] {dag.py:4180} INFO - Setting next_dagrun for example_local_kubernetes_executor to None, run_after=None
[2025-03-06T11:15:30.144+0000] {processor.py:208} INFO - Processing /home/airflow/.local/lib/python3.12/site-packages/airflow/example_dags/example_local_kubernetes_executor.py took 0.065 seconds
[2025-03-06T11:16:00.426+0000] {processor.py:186} INFO - Started process (PID=2168) to work on /home/airflow/.local/lib/python3.12/site-packages/airflow/example_dags/example_local_kubernetes_executor.py
[2025-03-06T11:16:00.427+0000] {processor.py:914} INFO - Processing file /home/airflow/.local/lib/python3.12/site-packages/airflow/example_dags/example_local_kubernetes_executor.py for tasks to queue
[2025-03-06T11:16:00.429+0000] {logging_mixin.py:190} INFO - [2025-03-06T11:16:00.429+0000] {dagbag.py:588} INFO - Filling up the DagBag from /home/airflow/.local/lib/python3.12/site-packages/airflow/example_dags/example_local_kubernetes_executor.py
[2025-03-06T11:16:00.438+0000] {processor.py:925} INFO - DAG(s) 'example_local_kubernetes_executor' retrieved from /home/airflow/.local/lib/python3.12/site-packages/airflow/example_dags/example_local_kubernetes_executor.py
[2025-03-06T11:16:00.458+0000] {logging_mixin.py:190} INFO - [2025-03-06T11:16:00.458+0000] {dag.py:3239} INFO - Sync 1 DAGs
[2025-03-06T11:16:00.471+0000] {logging_mixin.py:190} INFO - [2025-03-06T11:16:00.470+0000] {dag.py:4180} INFO - Setting next_dagrun for example_local_kubernetes_executor to None, run_after=None
[2025-03-06T11:16:00.487+0000] {processor.py:208} INFO - Processing /home/airflow/.local/lib/python3.12/site-packages/airflow/example_dags/example_local_kubernetes_executor.py took 0.067 seconds
[2025-03-06T11:16:32.005+0000] {processor.py:186} INFO - Started process (PID=2243) to work on /home/airflow/.local/lib/python3.12/site-packages/airflow/example_dags/example_local_kubernetes_executor.py
[2025-03-06T11:16:32.007+0000] {processor.py:914} INFO - Processing file /home/airflow/.local/lib/python3.12/site-packages/airflow/example_dags/example_local_kubernetes_executor.py for tasks to queue
[2025-03-06T11:16:32.008+0000] {logging_mixin.py:190} INFO - [2025-03-06T11:16:32.008+0000] {dagbag.py:588} INFO - Filling up the DagBag from /home/airflow/.local/lib/python3.12/site-packages/airflow/example_dags/example_local_kubernetes_executor.py
[2025-03-06T11:16:32.018+0000] {processor.py:925} INFO - DAG(s) 'example_local_kubernetes_executor' retrieved from /home/airflow/.local/lib/python3.12/site-packages/airflow/example_dags/example_local_kubernetes_executor.py
[2025-03-06T11:16:32.034+0000] {logging_mixin.py:190} INFO - [2025-03-06T11:16:32.034+0000] {dag.py:3239} INFO - Sync 1 DAGs
[2025-03-06T11:16:32.046+0000] {logging_mixin.py:190} INFO - [2025-03-06T11:16:32.046+0000] {dag.py:4180} INFO - Setting next_dagrun for example_local_kubernetes_executor to None, run_after=None
[2025-03-06T11:16:32.063+0000] {processor.py:208} INFO - Processing /home/airflow/.local/lib/python3.12/site-packages/airflow/example_dags/example_local_kubernetes_executor.py took 0.062 seconds
[2025-03-06T11:17:02.563+0000] {processor.py:186} INFO - Started process (PID=2315) to work on /home/airflow/.local/lib/python3.12/site-packages/airflow/example_dags/example_local_kubernetes_executor.py
[2025-03-06T11:17:02.564+0000] {processor.py:914} INFO - Processing file /home/airflow/.local/lib/python3.12/site-packages/airflow/example_dags/example_local_kubernetes_executor.py for tasks to queue
[2025-03-06T11:17:02.566+0000] {logging_mixin.py:190} INFO - [2025-03-06T11:17:02.565+0000] {dagbag.py:588} INFO - Filling up the DagBag from /home/airflow/.local/lib/python3.12/site-packages/airflow/example_dags/example_local_kubernetes_executor.py
[2025-03-06T11:17:02.575+0000] {processor.py:925} INFO - DAG(s) 'example_local_kubernetes_executor' retrieved from /home/airflow/.local/lib/python3.12/site-packages/airflow/example_dags/example_local_kubernetes_executor.py
[2025-03-06T11:17:02.596+0000] {logging_mixin.py:190} INFO - [2025-03-06T11:17:02.595+0000] {dag.py:3239} INFO - Sync 1 DAGs
[2025-03-06T11:17:02.609+0000] {logging_mixin.py:190} INFO - [2025-03-06T11:17:02.608+0000] {dag.py:4180} INFO - Setting next_dagrun for example_local_kubernetes_executor to None, run_after=None
[2025-03-06T11:17:02.626+0000] {processor.py:208} INFO - Processing /home/airflow/.local/lib/python3.12/site-packages/airflow/example_dags/example_local_kubernetes_executor.py took 0.067 seconds
[2025-03-06T11:17:33.481+0000] {processor.py:186} INFO - Started process (PID=2390) to work on /home/airflow/.local/lib/python3.12/site-packages/airflow/example_dags/example_local_kubernetes_executor.py
[2025-03-06T11:17:33.482+0000] {processor.py:914} INFO - Processing file /home/airflow/.local/lib/python3.12/site-packages/airflow/example_dags/example_local_kubernetes_executor.py for tasks to queue
[2025-03-06T11:17:33.483+0000] {logging_mixin.py:190} INFO - [2025-03-06T11:17:33.483+0000] {dagbag.py:588} INFO - Filling up the DagBag from /home/airflow/.local/lib/python3.12/site-packages/airflow/example_dags/example_local_kubernetes_executor.py
[2025-03-06T11:17:33.492+0000] {processor.py:925} INFO - DAG(s) 'example_local_kubernetes_executor' retrieved from /home/airflow/.local/lib/python3.12/site-packages/airflow/example_dags/example_local_kubernetes_executor.py
[2025-03-06T11:17:33.511+0000] {logging_mixin.py:190} INFO - [2025-03-06T11:17:33.511+0000] {dag.py:3239} INFO - Sync 1 DAGs
[2025-03-06T11:17:33.524+0000] {logging_mixin.py:190} INFO - [2025-03-06T11:17:33.524+0000] {dag.py:4180} INFO - Setting next_dagrun for example_local_kubernetes_executor to None, run_after=None
[2025-03-06T11:17:33.542+0000] {processor.py:208} INFO - Processing /home/airflow/.local/lib/python3.12/site-packages/airflow/example_dags/example_local_kubernetes_executor.py took 0.066 seconds
[2025-03-06T11:18:04.165+0000] {processor.py:186} INFO - Started process (PID=2462) to work on /home/airflow/.local/lib/python3.12/site-packages/airflow/example_dags/example_local_kubernetes_executor.py
[2025-03-06T11:18:04.168+0000] {processor.py:914} INFO - Processing file /home/airflow/.local/lib/python3.12/site-packages/airflow/example_dags/example_local_kubernetes_executor.py for tasks to queue
[2025-03-06T11:18:04.169+0000] {logging_mixin.py:190} INFO - [2025-03-06T11:18:04.169+0000] {dagbag.py:588} INFO - Filling up the DagBag from /home/airflow/.local/lib/python3.12/site-packages/airflow/example_dags/example_local_kubernetes_executor.py
[2025-03-06T11:18:04.179+0000] {processor.py:925} INFO - DAG(s) 'example_local_kubernetes_executor' retrieved from /home/airflow/.local/lib/python3.12/site-packages/airflow/example_dags/example_local_kubernetes_executor.py
[2025-03-06T11:18:04.197+0000] {logging_mixin.py:190} INFO - [2025-03-06T11:18:04.197+0000] {dag.py:3239} INFO - Sync 1 DAGs
[2025-03-06T11:18:04.210+0000] {logging_mixin.py:190} INFO - [2025-03-06T11:18:04.210+0000] {dag.py:4180} INFO - Setting next_dagrun for example_local_kubernetes_executor to None, run_after=None
[2025-03-06T11:18:04.230+0000] {processor.py:208} INFO - Processing /home/airflow/.local/lib/python3.12/site-packages/airflow/example_dags/example_local_kubernetes_executor.py took 0.070 seconds
[2025-03-06T11:18:34.902+0000] {processor.py:186} INFO - Started process (PID=2537) to work on /home/airflow/.local/lib/python3.12/site-packages/airflow/example_dags/example_local_kubernetes_executor.py
[2025-03-06T11:18:34.903+0000] {processor.py:914} INFO - Processing file /home/airflow/.local/lib/python3.12/site-packages/airflow/example_dags/example_local_kubernetes_executor.py for tasks to queue
[2025-03-06T11:18:34.905+0000] {logging_mixin.py:190} INFO - [2025-03-06T11:18:34.905+0000] {dagbag.py:588} INFO - Filling up the DagBag from /home/airflow/.local/lib/python3.12/site-packages/airflow/example_dags/example_local_kubernetes_executor.py
[2025-03-06T11:18:34.917+0000] {processor.py:925} INFO - DAG(s) 'example_local_kubernetes_executor' retrieved from /home/airflow/.local/lib/python3.12/site-packages/airflow/example_dags/example_local_kubernetes_executor.py
[2025-03-06T11:18:34.945+0000] {logging_mixin.py:190} INFO - [2025-03-06T11:18:34.944+0000] {dag.py:3239} INFO - Sync 1 DAGs
[2025-03-06T11:18:34.960+0000] {logging_mixin.py:190} INFO - [2025-03-06T11:18:34.960+0000] {dag.py:4180} INFO - Setting next_dagrun for example_local_kubernetes_executor to None, run_after=None
[2025-03-06T11:18:34.982+0000] {processor.py:208} INFO - Processing /home/airflow/.local/lib/python3.12/site-packages/airflow/example_dags/example_local_kubernetes_executor.py took 0.086 seconds
