[2025-03-06T04:34:30.527+0000] {processor.py:186} INFO - Started process (PID=14389) to work on /home/airflow/.local/lib/python3.12/site-packages/airflow/example_dags/example_sensors.py
[2025-03-06T04:34:30.529+0000] {processor.py:914} INFO - Processing file /home/airflow/.local/lib/python3.12/site-packages/airflow/example_dags/example_sensors.py for tasks to queue
[2025-03-06T04:34:30.532+0000] {logging_mixin.py:190} INFO - [2025-03-06T04:34:30.532+0000] {dagbag.py:588} INFO - Filling up the DagBag from /home/airflow/.local/lib/python3.12/site-packages/airflow/example_dags/example_sensors.py
[2025-03-06T04:34:30.547+0000] {processor.py:925} INFO - DAG(s) 'example_sensors' retrieved from /home/airflow/.local/lib/python3.12/site-packages/airflow/example_dags/example_sensors.py
[2025-03-06T04:34:30.589+0000] {logging_mixin.py:190} INFO - [2025-03-06T04:34:30.589+0000] {dag.py:3239} INFO - Sync 1 DAGs
[2025-03-06T04:34:30.612+0000] {logging_mixin.py:190} INFO - [2025-03-06T04:34:30.612+0000] {dag.py:4180} INFO - Setting next_dagrun for example_sensors to None, run_after=None
[2025-03-06T04:34:30.641+0000] {processor.py:208} INFO - Processing /home/airflow/.local/lib/python3.12/site-packages/airflow/example_dags/example_sensors.py took 0.121 seconds
[2025-03-06T04:35:00.996+0000] {processor.py:186} INFO - Started process (PID=14464) to work on /home/airflow/.local/lib/python3.12/site-packages/airflow/example_dags/example_sensors.py
[2025-03-06T04:35:00.998+0000] {processor.py:914} INFO - Processing file /home/airflow/.local/lib/python3.12/site-packages/airflow/example_dags/example_sensors.py for tasks to queue
[2025-03-06T04:35:01.001+0000] {logging_mixin.py:190} INFO - [2025-03-06T04:35:01.001+0000] {dagbag.py:588} INFO - Filling up the DagBag from /home/airflow/.local/lib/python3.12/site-packages/airflow/example_dags/example_sensors.py
[2025-03-06T04:35:01.015+0000] {processor.py:925} INFO - DAG(s) 'example_sensors' retrieved from /home/airflow/.local/lib/python3.12/site-packages/airflow/example_dags/example_sensors.py
[2025-03-06T04:35:01.056+0000] {logging_mixin.py:190} INFO - [2025-03-06T04:35:01.056+0000] {dag.py:3239} INFO - Sync 1 DAGs
[2025-03-06T04:35:01.079+0000] {logging_mixin.py:190} INFO - [2025-03-06T04:35:01.078+0000] {dag.py:4180} INFO - Setting next_dagrun for example_sensors to None, run_after=None
[2025-03-06T04:35:01.108+0000] {processor.py:208} INFO - Processing /home/airflow/.local/lib/python3.12/site-packages/airflow/example_dags/example_sensors.py took 0.121 seconds
[2025-03-06T04:35:32.033+0000] {processor.py:186} INFO - Started process (PID=14539) to work on /home/airflow/.local/lib/python3.12/site-packages/airflow/example_dags/example_sensors.py
[2025-03-06T04:35:32.035+0000] {processor.py:914} INFO - Processing file /home/airflow/.local/lib/python3.12/site-packages/airflow/example_dags/example_sensors.py for tasks to queue
[2025-03-06T04:35:32.037+0000] {logging_mixin.py:190} INFO - [2025-03-06T04:35:32.037+0000] {dagbag.py:588} INFO - Filling up the DagBag from /home/airflow/.local/lib/python3.12/site-packages/airflow/example_dags/example_sensors.py
[2025-03-06T04:35:32.049+0000] {processor.py:925} INFO - DAG(s) 'example_sensors' retrieved from /home/airflow/.local/lib/python3.12/site-packages/airflow/example_dags/example_sensors.py
[2025-03-06T04:35:32.077+0000] {logging_mixin.py:190} INFO - [2025-03-06T04:35:32.077+0000] {dag.py:3239} INFO - Sync 1 DAGs
[2025-03-06T04:35:32.093+0000] {logging_mixin.py:190} INFO - [2025-03-06T04:35:32.092+0000] {dag.py:4180} INFO - Setting next_dagrun for example_sensors to None, run_after=None
[2025-03-06T04:35:32.112+0000] {processor.py:208} INFO - Processing /home/airflow/.local/lib/python3.12/site-packages/airflow/example_dags/example_sensors.py took 0.085 seconds
[2025-03-06T04:36:03.574+0000] {processor.py:186} INFO - Started process (PID=14614) to work on /home/airflow/.local/lib/python3.12/site-packages/airflow/example_dags/example_sensors.py
[2025-03-06T04:36:03.575+0000] {processor.py:914} INFO - Processing file /home/airflow/.local/lib/python3.12/site-packages/airflow/example_dags/example_sensors.py for tasks to queue
[2025-03-06T04:36:03.578+0000] {logging_mixin.py:190} INFO - [2025-03-06T04:36:03.578+0000] {dagbag.py:588} INFO - Filling up the DagBag from /home/airflow/.local/lib/python3.12/site-packages/airflow/example_dags/example_sensors.py
[2025-03-06T04:36:03.590+0000] {processor.py:925} INFO - DAG(s) 'example_sensors' retrieved from /home/airflow/.local/lib/python3.12/site-packages/airflow/example_dags/example_sensors.py
[2025-03-06T04:36:03.621+0000] {logging_mixin.py:190} INFO - [2025-03-06T04:36:03.621+0000] {dag.py:3239} INFO - Sync 1 DAGs
[2025-03-06T04:36:03.638+0000] {logging_mixin.py:190} INFO - [2025-03-06T04:36:03.638+0000] {dag.py:4180} INFO - Setting next_dagrun for example_sensors to None, run_after=None
[2025-03-06T04:36:03.666+0000] {processor.py:208} INFO - Processing /home/airflow/.local/lib/python3.12/site-packages/airflow/example_dags/example_sensors.py took 0.099 seconds
[2025-03-06T04:36:35.932+0000] {processor.py:186} INFO - Started process (PID=14689) to work on /home/airflow/.local/lib/python3.12/site-packages/airflow/example_dags/example_sensors.py
[2025-03-06T04:36:35.934+0000] {processor.py:914} INFO - Processing file /home/airflow/.local/lib/python3.12/site-packages/airflow/example_dags/example_sensors.py for tasks to queue
[2025-03-06T04:36:35.938+0000] {logging_mixin.py:190} INFO - [2025-03-06T04:36:35.937+0000] {dagbag.py:588} INFO - Filling up the DagBag from /home/airflow/.local/lib/python3.12/site-packages/airflow/example_dags/example_sensors.py
[2025-03-06T04:36:35.950+0000] {processor.py:925} INFO - DAG(s) 'example_sensors' retrieved from /home/airflow/.local/lib/python3.12/site-packages/airflow/example_dags/example_sensors.py
[2025-03-06T04:36:35.985+0000] {logging_mixin.py:190} INFO - [2025-03-06T04:36:35.985+0000] {dag.py:3239} INFO - Sync 1 DAGs
[2025-03-06T04:36:36.003+0000] {logging_mixin.py:190} INFO - [2025-03-06T04:36:36.003+0000] {dag.py:4180} INFO - Setting next_dagrun for example_sensors to None, run_after=None
[2025-03-06T04:36:36.043+0000] {processor.py:208} INFO - Processing /home/airflow/.local/lib/python3.12/site-packages/airflow/example_dags/example_sensors.py took 0.118 seconds
[2025-03-06T04:37:07.187+0000] {processor.py:186} INFO - Started process (PID=14765) to work on /home/airflow/.local/lib/python3.12/site-packages/airflow/example_dags/example_sensors.py
[2025-03-06T04:37:07.188+0000] {processor.py:914} INFO - Processing file /home/airflow/.local/lib/python3.12/site-packages/airflow/example_dags/example_sensors.py for tasks to queue
[2025-03-06T04:37:07.190+0000] {logging_mixin.py:190} INFO - [2025-03-06T04:37:07.190+0000] {dagbag.py:588} INFO - Filling up the DagBag from /home/airflow/.local/lib/python3.12/site-packages/airflow/example_dags/example_sensors.py
[2025-03-06T04:37:07.199+0000] {processor.py:925} INFO - DAG(s) 'example_sensors' retrieved from /home/airflow/.local/lib/python3.12/site-packages/airflow/example_dags/example_sensors.py
[2025-03-06T04:37:07.223+0000] {logging_mixin.py:190} INFO - [2025-03-06T04:37:07.223+0000] {dag.py:3239} INFO - Sync 1 DAGs
[2025-03-06T04:37:07.235+0000] {logging_mixin.py:190} INFO - [2025-03-06T04:37:07.235+0000] {dag.py:4180} INFO - Setting next_dagrun for example_sensors to None, run_after=None
[2025-03-06T04:37:07.252+0000] {processor.py:208} INFO - Processing /home/airflow/.local/lib/python3.12/site-packages/airflow/example_dags/example_sensors.py took 0.071 seconds
[2025-03-06T04:37:38.278+0000] {processor.py:186} INFO - Started process (PID=14840) to work on /home/airflow/.local/lib/python3.12/site-packages/airflow/example_dags/example_sensors.py
[2025-03-06T04:37:38.279+0000] {processor.py:914} INFO - Processing file /home/airflow/.local/lib/python3.12/site-packages/airflow/example_dags/example_sensors.py for tasks to queue
[2025-03-06T04:37:38.281+0000] {logging_mixin.py:190} INFO - [2025-03-06T04:37:38.281+0000] {dagbag.py:588} INFO - Filling up the DagBag from /home/airflow/.local/lib/python3.12/site-packages/airflow/example_dags/example_sensors.py
[2025-03-06T04:37:38.290+0000] {processor.py:925} INFO - DAG(s) 'example_sensors' retrieved from /home/airflow/.local/lib/python3.12/site-packages/airflow/example_dags/example_sensors.py
[2025-03-06T04:37:38.312+0000] {logging_mixin.py:190} INFO - [2025-03-06T04:37:38.312+0000] {dag.py:3239} INFO - Sync 1 DAGs
[2025-03-06T04:37:38.324+0000] {logging_mixin.py:190} INFO - [2025-03-06T04:37:38.324+0000] {dag.py:4180} INFO - Setting next_dagrun for example_sensors to None, run_after=None
[2025-03-06T04:37:38.339+0000] {processor.py:208} INFO - Processing /home/airflow/.local/lib/python3.12/site-packages/airflow/example_dags/example_sensors.py took 0.066 seconds
[2025-03-06T04:38:09.018+0000] {processor.py:186} INFO - Started process (PID=14915) to work on /home/airflow/.local/lib/python3.12/site-packages/airflow/example_dags/example_sensors.py
[2025-03-06T04:38:09.019+0000] {processor.py:914} INFO - Processing file /home/airflow/.local/lib/python3.12/site-packages/airflow/example_dags/example_sensors.py for tasks to queue
[2025-03-06T04:38:09.021+0000] {logging_mixin.py:190} INFO - [2025-03-06T04:38:09.021+0000] {dagbag.py:588} INFO - Filling up the DagBag from /home/airflow/.local/lib/python3.12/site-packages/airflow/example_dags/example_sensors.py
[2025-03-06T04:38:09.031+0000] {processor.py:925} INFO - DAG(s) 'example_sensors' retrieved from /home/airflow/.local/lib/python3.12/site-packages/airflow/example_dags/example_sensors.py
[2025-03-06T04:38:09.052+0000] {logging_mixin.py:190} INFO - [2025-03-06T04:38:09.051+0000] {dag.py:3239} INFO - Sync 1 DAGs
[2025-03-06T04:38:09.063+0000] {logging_mixin.py:190} INFO - [2025-03-06T04:38:09.062+0000] {dag.py:4180} INFO - Setting next_dagrun for example_sensors to None, run_after=None
[2025-03-06T04:38:09.079+0000] {processor.py:208} INFO - Processing /home/airflow/.local/lib/python3.12/site-packages/airflow/example_dags/example_sensors.py took 0.066 seconds
[2025-03-06T04:38:40.295+0000] {processor.py:186} INFO - Started process (PID=14990) to work on /home/airflow/.local/lib/python3.12/site-packages/airflow/example_dags/example_sensors.py
[2025-03-06T04:38:40.296+0000] {processor.py:914} INFO - Processing file /home/airflow/.local/lib/python3.12/site-packages/airflow/example_dags/example_sensors.py for tasks to queue
[2025-03-06T04:38:40.298+0000] {logging_mixin.py:190} INFO - [2025-03-06T04:38:40.298+0000] {dagbag.py:588} INFO - Filling up the DagBag from /home/airflow/.local/lib/python3.12/site-packages/airflow/example_dags/example_sensors.py
[2025-03-06T04:38:40.311+0000] {processor.py:925} INFO - DAG(s) 'example_sensors' retrieved from /home/airflow/.local/lib/python3.12/site-packages/airflow/example_dags/example_sensors.py
[2025-03-06T04:38:40.338+0000] {logging_mixin.py:190} INFO - [2025-03-06T04:38:40.338+0000] {dag.py:3239} INFO - Sync 1 DAGs
[2025-03-06T04:38:40.353+0000] {logging_mixin.py:190} INFO - [2025-03-06T04:38:40.353+0000] {dag.py:4180} INFO - Setting next_dagrun for example_sensors to None, run_after=None
[2025-03-06T04:38:40.377+0000] {processor.py:208} INFO - Processing /home/airflow/.local/lib/python3.12/site-packages/airflow/example_dags/example_sensors.py took 0.088 seconds
[2025-03-06T04:39:12.768+0000] {processor.py:186} INFO - Started process (PID=15065) to work on /home/airflow/.local/lib/python3.12/site-packages/airflow/example_dags/example_sensors.py
[2025-03-06T04:39:12.769+0000] {processor.py:914} INFO - Processing file /home/airflow/.local/lib/python3.12/site-packages/airflow/example_dags/example_sensors.py for tasks to queue
[2025-03-06T04:39:12.771+0000] {logging_mixin.py:190} INFO - [2025-03-06T04:39:12.771+0000] {dagbag.py:588} INFO - Filling up the DagBag from /home/airflow/.local/lib/python3.12/site-packages/airflow/example_dags/example_sensors.py
[2025-03-06T04:39:12.780+0000] {processor.py:925} INFO - DAG(s) 'example_sensors' retrieved from /home/airflow/.local/lib/python3.12/site-packages/airflow/example_dags/example_sensors.py
[2025-03-06T04:39:12.800+0000] {logging_mixin.py:190} INFO - [2025-03-06T04:39:12.799+0000] {dag.py:3239} INFO - Sync 1 DAGs
[2025-03-06T04:39:12.811+0000] {logging_mixin.py:190} INFO - [2025-03-06T04:39:12.810+0000] {dag.py:4180} INFO - Setting next_dagrun for example_sensors to None, run_after=None
[2025-03-06T04:39:12.826+0000] {processor.py:208} INFO - Processing /home/airflow/.local/lib/python3.12/site-packages/airflow/example_dags/example_sensors.py took 0.063 seconds
[2025-03-06T04:39:44.003+0000] {processor.py:186} INFO - Started process (PID=15147) to work on /home/airflow/.local/lib/python3.12/site-packages/airflow/example_dags/example_sensors.py
[2025-03-06T04:39:44.004+0000] {processor.py:914} INFO - Processing file /home/airflow/.local/lib/python3.12/site-packages/airflow/example_dags/example_sensors.py for tasks to queue
[2025-03-06T04:39:44.007+0000] {logging_mixin.py:190} INFO - [2025-03-06T04:39:44.007+0000] {dagbag.py:588} INFO - Filling up the DagBag from /home/airflow/.local/lib/python3.12/site-packages/airflow/example_dags/example_sensors.py
[2025-03-06T04:39:44.017+0000] {processor.py:925} INFO - DAG(s) 'example_sensors' retrieved from /home/airflow/.local/lib/python3.12/site-packages/airflow/example_dags/example_sensors.py
[2025-03-06T04:39:44.039+0000] {logging_mixin.py:190} INFO - [2025-03-06T04:39:44.038+0000] {dag.py:3239} INFO - Sync 1 DAGs
[2025-03-06T04:39:44.050+0000] {logging_mixin.py:190} INFO - [2025-03-06T04:39:44.050+0000] {dag.py:4180} INFO - Setting next_dagrun for example_sensors to None, run_after=None
[2025-03-06T04:39:44.066+0000] {processor.py:208} INFO - Processing /home/airflow/.local/lib/python3.12/site-packages/airflow/example_dags/example_sensors.py took 0.068 seconds
[2025-03-06T04:40:15.159+0000] {processor.py:186} INFO - Started process (PID=15222) to work on /home/airflow/.local/lib/python3.12/site-packages/airflow/example_dags/example_sensors.py
[2025-03-06T04:40:15.160+0000] {processor.py:914} INFO - Processing file /home/airflow/.local/lib/python3.12/site-packages/airflow/example_dags/example_sensors.py for tasks to queue
[2025-03-06T04:40:15.162+0000] {logging_mixin.py:190} INFO - [2025-03-06T04:40:15.162+0000] {dagbag.py:588} INFO - Filling up the DagBag from /home/airflow/.local/lib/python3.12/site-packages/airflow/example_dags/example_sensors.py
[2025-03-06T04:40:15.171+0000] {processor.py:925} INFO - DAG(s) 'example_sensors' retrieved from /home/airflow/.local/lib/python3.12/site-packages/airflow/example_dags/example_sensors.py
[2025-03-06T04:40:15.190+0000] {logging_mixin.py:190} INFO - [2025-03-06T04:40:15.190+0000] {dag.py:3239} INFO - Sync 1 DAGs
[2025-03-06T04:40:15.202+0000] {logging_mixin.py:190} INFO - [2025-03-06T04:40:15.202+0000] {dag.py:4180} INFO - Setting next_dagrun for example_sensors to None, run_after=None
[2025-03-06T04:40:15.217+0000] {processor.py:208} INFO - Processing /home/airflow/.local/lib/python3.12/site-packages/airflow/example_dags/example_sensors.py took 0.062 seconds
[2025-03-06T04:40:45.958+0000] {processor.py:186} INFO - Started process (PID=15297) to work on /home/airflow/.local/lib/python3.12/site-packages/airflow/example_dags/example_sensors.py
[2025-03-06T04:40:45.959+0000] {processor.py:914} INFO - Processing file /home/airflow/.local/lib/python3.12/site-packages/airflow/example_dags/example_sensors.py for tasks to queue
[2025-03-06T04:40:45.962+0000] {logging_mixin.py:190} INFO - [2025-03-06T04:40:45.961+0000] {dagbag.py:588} INFO - Filling up the DagBag from /home/airflow/.local/lib/python3.12/site-packages/airflow/example_dags/example_sensors.py
[2025-03-06T04:40:45.971+0000] {processor.py:925} INFO - DAG(s) 'example_sensors' retrieved from /home/airflow/.local/lib/python3.12/site-packages/airflow/example_dags/example_sensors.py
[2025-03-06T04:40:45.992+0000] {logging_mixin.py:190} INFO - [2025-03-06T04:40:45.992+0000] {dag.py:3239} INFO - Sync 1 DAGs
[2025-03-06T04:40:46.002+0000] {logging_mixin.py:190} INFO - [2025-03-06T04:40:46.002+0000] {dag.py:4180} INFO - Setting next_dagrun for example_sensors to None, run_after=None
[2025-03-06T04:40:46.019+0000] {processor.py:208} INFO - Processing /home/airflow/.local/lib/python3.12/site-packages/airflow/example_dags/example_sensors.py took 0.065 seconds
[2025-03-06T04:41:17.264+0000] {processor.py:186} INFO - Started process (PID=15372) to work on /home/airflow/.local/lib/python3.12/site-packages/airflow/example_dags/example_sensors.py
[2025-03-06T04:41:17.265+0000] {processor.py:914} INFO - Processing file /home/airflow/.local/lib/python3.12/site-packages/airflow/example_dags/example_sensors.py for tasks to queue
[2025-03-06T04:41:17.267+0000] {logging_mixin.py:190} INFO - [2025-03-06T04:41:17.267+0000] {dagbag.py:588} INFO - Filling up the DagBag from /home/airflow/.local/lib/python3.12/site-packages/airflow/example_dags/example_sensors.py
[2025-03-06T04:41:17.277+0000] {processor.py:925} INFO - DAG(s) 'example_sensors' retrieved from /home/airflow/.local/lib/python3.12/site-packages/airflow/example_dags/example_sensors.py
[2025-03-06T04:41:17.300+0000] {logging_mixin.py:190} INFO - [2025-03-06T04:41:17.300+0000] {dag.py:3239} INFO - Sync 1 DAGs
[2025-03-06T04:41:17.313+0000] {logging_mixin.py:190} INFO - [2025-03-06T04:41:17.313+0000] {dag.py:4180} INFO - Setting next_dagrun for example_sensors to None, run_after=None
[2025-03-06T04:41:17.332+0000] {processor.py:208} INFO - Processing /home/airflow/.local/lib/python3.12/site-packages/airflow/example_dags/example_sensors.py took 0.073 seconds
[2025-03-06T04:41:48.460+0000] {processor.py:186} INFO - Started process (PID=15447) to work on /home/airflow/.local/lib/python3.12/site-packages/airflow/example_dags/example_sensors.py
[2025-03-06T04:41:48.461+0000] {processor.py:914} INFO - Processing file /home/airflow/.local/lib/python3.12/site-packages/airflow/example_dags/example_sensors.py for tasks to queue
[2025-03-06T04:41:48.463+0000] {logging_mixin.py:190} INFO - [2025-03-06T04:41:48.463+0000] {dagbag.py:588} INFO - Filling up the DagBag from /home/airflow/.local/lib/python3.12/site-packages/airflow/example_dags/example_sensors.py
[2025-03-06T04:41:48.472+0000] {processor.py:925} INFO - DAG(s) 'example_sensors' retrieved from /home/airflow/.local/lib/python3.12/site-packages/airflow/example_dags/example_sensors.py
[2025-03-06T04:41:48.495+0000] {logging_mixin.py:190} INFO - [2025-03-06T04:41:48.494+0000] {dag.py:3239} INFO - Sync 1 DAGs
[2025-03-06T04:41:48.507+0000] {logging_mixin.py:190} INFO - [2025-03-06T04:41:48.507+0000] {dag.py:4180} INFO - Setting next_dagrun for example_sensors to None, run_after=None
[2025-03-06T04:41:48.536+0000] {processor.py:208} INFO - Processing /home/airflow/.local/lib/python3.12/site-packages/airflow/example_dags/example_sensors.py took 0.081 seconds
[2025-03-06T04:42:19.789+0000] {processor.py:186} INFO - Started process (PID=15522) to work on /home/airflow/.local/lib/python3.12/site-packages/airflow/example_dags/example_sensors.py
[2025-03-06T04:42:19.790+0000] {processor.py:914} INFO - Processing file /home/airflow/.local/lib/python3.12/site-packages/airflow/example_dags/example_sensors.py for tasks to queue
[2025-03-06T04:42:19.793+0000] {logging_mixin.py:190} INFO - [2025-03-06T04:42:19.793+0000] {dagbag.py:588} INFO - Filling up the DagBag from /home/airflow/.local/lib/python3.12/site-packages/airflow/example_dags/example_sensors.py
[2025-03-06T04:42:19.801+0000] {processor.py:925} INFO - DAG(s) 'example_sensors' retrieved from /home/airflow/.local/lib/python3.12/site-packages/airflow/example_dags/example_sensors.py
[2025-03-06T04:42:19.823+0000] {logging_mixin.py:190} INFO - [2025-03-06T04:42:19.823+0000] {dag.py:3239} INFO - Sync 1 DAGs
[2025-03-06T04:42:19.836+0000] {logging_mixin.py:190} INFO - [2025-03-06T04:42:19.836+0000] {dag.py:4180} INFO - Setting next_dagrun for example_sensors to None, run_after=None
[2025-03-06T04:42:19.852+0000] {processor.py:208} INFO - Processing /home/airflow/.local/lib/python3.12/site-packages/airflow/example_dags/example_sensors.py took 0.068 seconds
[2025-03-06T11:01:17.210+0000] {processor.py:186} INFO - Started process (PID=154) to work on /home/airflow/.local/lib/python3.12/site-packages/airflow/example_dags/example_sensors.py
[2025-03-06T11:01:17.212+0000] {processor.py:914} INFO - Processing file /home/airflow/.local/lib/python3.12/site-packages/airflow/example_dags/example_sensors.py for tasks to queue
[2025-03-06T11:01:17.216+0000] {logging_mixin.py:190} INFO - [2025-03-06T11:01:17.216+0000] {dagbag.py:588} INFO - Filling up the DagBag from /home/airflow/.local/lib/python3.12/site-packages/airflow/example_dags/example_sensors.py
[2025-03-06T11:01:17.234+0000] {processor.py:925} INFO - DAG(s) 'example_sensors' retrieved from /home/airflow/.local/lib/python3.12/site-packages/airflow/example_dags/example_sensors.py
[2025-03-06T11:01:17.279+0000] {logging_mixin.py:190} INFO - [2025-03-06T11:01:17.278+0000] {dag.py:3239} INFO - Sync 1 DAGs
[2025-03-06T11:01:17.323+0000] {logging_mixin.py:190} INFO - [2025-03-06T11:01:17.322+0000] {dag.py:4180} INFO - Setting next_dagrun for example_sensors to None, run_after=None
[2025-03-06T11:01:17.372+0000] {processor.py:208} INFO - Processing /home/airflow/.local/lib/python3.12/site-packages/airflow/example_dags/example_sensors.py took 0.171 seconds
[2025-03-06T11:01:48.336+0000] {processor.py:186} INFO - Started process (PID=229) to work on /home/airflow/.local/lib/python3.12/site-packages/airflow/example_dags/example_sensors.py
[2025-03-06T11:01:48.338+0000] {processor.py:914} INFO - Processing file /home/airflow/.local/lib/python3.12/site-packages/airflow/example_dags/example_sensors.py for tasks to queue
[2025-03-06T11:01:48.340+0000] {logging_mixin.py:190} INFO - [2025-03-06T11:01:48.340+0000] {dagbag.py:588} INFO - Filling up the DagBag from /home/airflow/.local/lib/python3.12/site-packages/airflow/example_dags/example_sensors.py
[2025-03-06T11:01:48.350+0000] {processor.py:925} INFO - DAG(s) 'example_sensors' retrieved from /home/airflow/.local/lib/python3.12/site-packages/airflow/example_dags/example_sensors.py
[2025-03-06T11:01:48.373+0000] {logging_mixin.py:190} INFO - [2025-03-06T11:01:48.373+0000] {dag.py:3239} INFO - Sync 1 DAGs
[2025-03-06T11:01:48.385+0000] {logging_mixin.py:190} INFO - [2025-03-06T11:01:48.385+0000] {dag.py:4180} INFO - Setting next_dagrun for example_sensors to None, run_after=None
[2025-03-06T11:01:48.404+0000] {processor.py:208} INFO - Processing /home/airflow/.local/lib/python3.12/site-packages/airflow/example_dags/example_sensors.py took 0.072 seconds
[2025-03-06T11:02:19.365+0000] {processor.py:186} INFO - Started process (PID=304) to work on /home/airflow/.local/lib/python3.12/site-packages/airflow/example_dags/example_sensors.py
[2025-03-06T11:02:19.366+0000] {processor.py:914} INFO - Processing file /home/airflow/.local/lib/python3.12/site-packages/airflow/example_dags/example_sensors.py for tasks to queue
[2025-03-06T11:02:19.369+0000] {logging_mixin.py:190} INFO - [2025-03-06T11:02:19.368+0000] {dagbag.py:588} INFO - Filling up the DagBag from /home/airflow/.local/lib/python3.12/site-packages/airflow/example_dags/example_sensors.py
[2025-03-06T11:02:19.379+0000] {processor.py:925} INFO - DAG(s) 'example_sensors' retrieved from /home/airflow/.local/lib/python3.12/site-packages/airflow/example_dags/example_sensors.py
[2025-03-06T11:02:19.404+0000] {logging_mixin.py:190} INFO - [2025-03-06T11:02:19.404+0000] {dag.py:3239} INFO - Sync 1 DAGs
[2025-03-06T11:02:19.416+0000] {logging_mixin.py:190} INFO - [2025-03-06T11:02:19.416+0000] {dag.py:4180} INFO - Setting next_dagrun for example_sensors to None, run_after=None
[2025-03-06T11:02:19.437+0000] {processor.py:208} INFO - Processing /home/airflow/.local/lib/python3.12/site-packages/airflow/example_dags/example_sensors.py took 0.076 seconds
[2025-03-06T11:02:50.916+0000] {processor.py:186} INFO - Started process (PID=379) to work on /home/airflow/.local/lib/python3.12/site-packages/airflow/example_dags/example_sensors.py
[2025-03-06T11:02:50.918+0000] {processor.py:914} INFO - Processing file /home/airflow/.local/lib/python3.12/site-packages/airflow/example_dags/example_sensors.py for tasks to queue
[2025-03-06T11:02:50.921+0000] {logging_mixin.py:190} INFO - [2025-03-06T11:02:50.921+0000] {dagbag.py:588} INFO - Filling up the DagBag from /home/airflow/.local/lib/python3.12/site-packages/airflow/example_dags/example_sensors.py
[2025-03-06T11:02:50.935+0000] {processor.py:925} INFO - DAG(s) 'example_sensors' retrieved from /home/airflow/.local/lib/python3.12/site-packages/airflow/example_dags/example_sensors.py
[2025-03-06T11:02:50.968+0000] {logging_mixin.py:190} INFO - [2025-03-06T11:02:50.968+0000] {dag.py:3239} INFO - Sync 1 DAGs
[2025-03-06T11:02:50.987+0000] {logging_mixin.py:190} INFO - [2025-03-06T11:02:50.987+0000] {dag.py:4180} INFO - Setting next_dagrun for example_sensors to None, run_after=None
[2025-03-06T11:02:51.014+0000] {processor.py:208} INFO - Processing /home/airflow/.local/lib/python3.12/site-packages/airflow/example_dags/example_sensors.py took 0.105 seconds
[2025-03-06T11:03:21.216+0000] {processor.py:186} INFO - Started process (PID=455) to work on /home/airflow/.local/lib/python3.12/site-packages/airflow/example_dags/example_sensors.py
[2025-03-06T11:03:21.217+0000] {processor.py:914} INFO - Processing file /home/airflow/.local/lib/python3.12/site-packages/airflow/example_dags/example_sensors.py for tasks to queue
[2025-03-06T11:03:21.219+0000] {logging_mixin.py:190} INFO - [2025-03-06T11:03:21.219+0000] {dagbag.py:588} INFO - Filling up the DagBag from /home/airflow/.local/lib/python3.12/site-packages/airflow/example_dags/example_sensors.py
[2025-03-06T11:03:21.228+0000] {processor.py:925} INFO - DAG(s) 'example_sensors' retrieved from /home/airflow/.local/lib/python3.12/site-packages/airflow/example_dags/example_sensors.py
[2025-03-06T11:03:21.251+0000] {logging_mixin.py:190} INFO - [2025-03-06T11:03:21.251+0000] {dag.py:3239} INFO - Sync 1 DAGs
[2025-03-06T11:03:21.262+0000] {logging_mixin.py:190} INFO - [2025-03-06T11:03:21.262+0000] {dag.py:4180} INFO - Setting next_dagrun for example_sensors to None, run_after=None
[2025-03-06T11:03:21.277+0000] {processor.py:208} INFO - Processing /home/airflow/.local/lib/python3.12/site-packages/airflow/example_dags/example_sensors.py took 0.066 seconds
[2025-03-06T11:03:51.960+0000] {processor.py:186} INFO - Started process (PID=530) to work on /home/airflow/.local/lib/python3.12/site-packages/airflow/example_dags/example_sensors.py
[2025-03-06T11:03:51.961+0000] {processor.py:914} INFO - Processing file /home/airflow/.local/lib/python3.12/site-packages/airflow/example_dags/example_sensors.py for tasks to queue
[2025-03-06T11:03:51.964+0000] {logging_mixin.py:190} INFO - [2025-03-06T11:03:51.964+0000] {dagbag.py:588} INFO - Filling up the DagBag from /home/airflow/.local/lib/python3.12/site-packages/airflow/example_dags/example_sensors.py
[2025-03-06T11:03:51.974+0000] {processor.py:925} INFO - DAG(s) 'example_sensors' retrieved from /home/airflow/.local/lib/python3.12/site-packages/airflow/example_dags/example_sensors.py
[2025-03-06T11:03:52.000+0000] {logging_mixin.py:190} INFO - [2025-03-06T11:03:51.999+0000] {dag.py:3239} INFO - Sync 1 DAGs
[2025-03-06T11:03:52.014+0000] {logging_mixin.py:190} INFO - [2025-03-06T11:03:52.013+0000] {dag.py:4180} INFO - Setting next_dagrun for example_sensors to None, run_after=None
[2025-03-06T11:03:52.032+0000] {processor.py:208} INFO - Processing /home/airflow/.local/lib/python3.12/site-packages/airflow/example_dags/example_sensors.py took 0.077 seconds
[2025-03-06T11:04:22.723+0000] {processor.py:186} INFO - Started process (PID=605) to work on /home/airflow/.local/lib/python3.12/site-packages/airflow/example_dags/example_sensors.py
[2025-03-06T11:04:22.724+0000] {processor.py:914} INFO - Processing file /home/airflow/.local/lib/python3.12/site-packages/airflow/example_dags/example_sensors.py for tasks to queue
[2025-03-06T11:04:22.727+0000] {logging_mixin.py:190} INFO - [2025-03-06T11:04:22.726+0000] {dagbag.py:588} INFO - Filling up the DagBag from /home/airflow/.local/lib/python3.12/site-packages/airflow/example_dags/example_sensors.py
[2025-03-06T11:04:22.737+0000] {processor.py:925} INFO - DAG(s) 'example_sensors' retrieved from /home/airflow/.local/lib/python3.12/site-packages/airflow/example_dags/example_sensors.py
[2025-03-06T11:04:22.760+0000] {logging_mixin.py:190} INFO - [2025-03-06T11:04:22.760+0000] {dag.py:3239} INFO - Sync 1 DAGs
[2025-03-06T11:04:22.773+0000] {logging_mixin.py:190} INFO - [2025-03-06T11:04:22.773+0000] {dag.py:4180} INFO - Setting next_dagrun for example_sensors to None, run_after=None
[2025-03-06T11:04:22.792+0000] {processor.py:208} INFO - Processing /home/airflow/.local/lib/python3.12/site-packages/airflow/example_dags/example_sensors.py took 0.074 seconds
[2025-03-06T11:04:53.878+0000] {processor.py:186} INFO - Started process (PID=680) to work on /home/airflow/.local/lib/python3.12/site-packages/airflow/example_dags/example_sensors.py
[2025-03-06T11:04:53.879+0000] {processor.py:914} INFO - Processing file /home/airflow/.local/lib/python3.12/site-packages/airflow/example_dags/example_sensors.py for tasks to queue
[2025-03-06T11:04:53.881+0000] {logging_mixin.py:190} INFO - [2025-03-06T11:04:53.880+0000] {dagbag.py:588} INFO - Filling up the DagBag from /home/airflow/.local/lib/python3.12/site-packages/airflow/example_dags/example_sensors.py
[2025-03-06T11:04:53.890+0000] {processor.py:925} INFO - DAG(s) 'example_sensors' retrieved from /home/airflow/.local/lib/python3.12/site-packages/airflow/example_dags/example_sensors.py
[2025-03-06T11:04:53.914+0000] {logging_mixin.py:190} INFO - [2025-03-06T11:04:53.913+0000] {dag.py:3239} INFO - Sync 1 DAGs
[2025-03-06T11:04:53.932+0000] {logging_mixin.py:190} INFO - [2025-03-06T11:04:53.932+0000] {dag.py:4180} INFO - Setting next_dagrun for example_sensors to None, run_after=None
[2025-03-06T11:04:53.969+0000] {processor.py:208} INFO - Processing /home/airflow/.local/lib/python3.12/site-packages/airflow/example_dags/example_sensors.py took 0.096 seconds
[2025-03-06T11:05:25.149+0000] {processor.py:186} INFO - Started process (PID=779) to work on /home/airflow/.local/lib/python3.12/site-packages/airflow/example_dags/example_sensors.py
[2025-03-06T11:05:25.152+0000] {processor.py:914} INFO - Processing file /home/airflow/.local/lib/python3.12/site-packages/airflow/example_dags/example_sensors.py for tasks to queue
[2025-03-06T11:05:25.154+0000] {logging_mixin.py:190} INFO - [2025-03-06T11:05:25.154+0000] {dagbag.py:588} INFO - Filling up the DagBag from /home/airflow/.local/lib/python3.12/site-packages/airflow/example_dags/example_sensors.py
[2025-03-06T11:05:25.167+0000] {processor.py:925} INFO - DAG(s) 'example_sensors' retrieved from /home/airflow/.local/lib/python3.12/site-packages/airflow/example_dags/example_sensors.py
[2025-03-06T11:05:25.199+0000] {logging_mixin.py:190} INFO - [2025-03-06T11:05:25.199+0000] {dag.py:3239} INFO - Sync 1 DAGs
[2025-03-06T11:05:25.215+0000] {logging_mixin.py:190} INFO - [2025-03-06T11:05:25.215+0000] {dag.py:4180} INFO - Setting next_dagrun for example_sensors to None, run_after=None
[2025-03-06T11:05:25.235+0000] {processor.py:208} INFO - Processing /home/airflow/.local/lib/python3.12/site-packages/airflow/example_dags/example_sensors.py took 0.093 seconds
[2025-03-06T11:05:56.820+0000] {processor.py:186} INFO - Started process (PID=866) to work on /home/airflow/.local/lib/python3.12/site-packages/airflow/example_dags/example_sensors.py
[2025-03-06T11:05:56.822+0000] {processor.py:914} INFO - Processing file /home/airflow/.local/lib/python3.12/site-packages/airflow/example_dags/example_sensors.py for tasks to queue
[2025-03-06T11:05:56.830+0000] {logging_mixin.py:190} INFO - [2025-03-06T11:05:56.829+0000] {dagbag.py:588} INFO - Filling up the DagBag from /home/airflow/.local/lib/python3.12/site-packages/airflow/example_dags/example_sensors.py
[2025-03-06T11:05:56.856+0000] {processor.py:925} INFO - DAG(s) 'example_sensors' retrieved from /home/airflow/.local/lib/python3.12/site-packages/airflow/example_dags/example_sensors.py
[2025-03-06T11:05:56.953+0000] {logging_mixin.py:190} INFO - [2025-03-06T11:05:56.952+0000] {dag.py:3239} INFO - Sync 1 DAGs
[2025-03-06T11:05:57.014+0000] {logging_mixin.py:190} INFO - [2025-03-06T11:05:57.014+0000] {dag.py:4180} INFO - Setting next_dagrun for example_sensors to None, run_after=None
[2025-03-06T11:05:57.071+0000] {processor.py:208} INFO - Processing /home/airflow/.local/lib/python3.12/site-packages/airflow/example_dags/example_sensors.py took 0.264 seconds
[2025-03-06T11:07:44.897+0000] {processor.py:186} INFO - Started process (PID=969) to work on /home/airflow/.local/lib/python3.12/site-packages/airflow/example_dags/example_sensors.py
[2025-03-06T11:07:44.899+0000] {processor.py:914} INFO - Processing file /home/airflow/.local/lib/python3.12/site-packages/airflow/example_dags/example_sensors.py for tasks to queue
[2025-03-06T11:07:44.902+0000] {logging_mixin.py:190} INFO - [2025-03-06T11:07:44.901+0000] {dagbag.py:588} INFO - Filling up the DagBag from /home/airflow/.local/lib/python3.12/site-packages/airflow/example_dags/example_sensors.py
[2025-03-06T11:07:44.923+0000] {processor.py:925} INFO - DAG(s) 'example_sensors' retrieved from /home/airflow/.local/lib/python3.12/site-packages/airflow/example_dags/example_sensors.py
[2025-03-06T11:07:44.967+0000] {logging_mixin.py:190} INFO - [2025-03-06T11:07:44.966+0000] {dag.py:3239} INFO - Sync 1 DAGs
[2025-03-06T11:07:44.990+0000] {logging_mixin.py:190} INFO - [2025-03-06T11:07:44.989+0000] {dag.py:4180} INFO - Setting next_dagrun for example_sensors to None, run_after=None
[2025-03-06T11:07:45.023+0000] {processor.py:208} INFO - Processing /home/airflow/.local/lib/python3.12/site-packages/airflow/example_dags/example_sensors.py took 0.136 seconds
[2025-03-06T11:08:15.162+0000] {processor.py:186} INFO - Started process (PID=1044) to work on /home/airflow/.local/lib/python3.12/site-packages/airflow/example_dags/example_sensors.py
[2025-03-06T11:08:15.163+0000] {processor.py:914} INFO - Processing file /home/airflow/.local/lib/python3.12/site-packages/airflow/example_dags/example_sensors.py for tasks to queue
[2025-03-06T11:08:15.165+0000] {logging_mixin.py:190} INFO - [2025-03-06T11:08:15.164+0000] {dagbag.py:588} INFO - Filling up the DagBag from /home/airflow/.local/lib/python3.12/site-packages/airflow/example_dags/example_sensors.py
[2025-03-06T11:08:15.181+0000] {processor.py:925} INFO - DAG(s) 'example_sensors' retrieved from /home/airflow/.local/lib/python3.12/site-packages/airflow/example_dags/example_sensors.py
[2025-03-06T11:08:15.214+0000] {logging_mixin.py:190} INFO - [2025-03-06T11:08:15.214+0000] {dag.py:3239} INFO - Sync 1 DAGs
[2025-03-06T11:08:15.232+0000] {logging_mixin.py:190} INFO - [2025-03-06T11:08:15.232+0000] {dag.py:4180} INFO - Setting next_dagrun for example_sensors to None, run_after=None
[2025-03-06T11:08:15.258+0000] {processor.py:208} INFO - Processing /home/airflow/.local/lib/python3.12/site-packages/airflow/example_dags/example_sensors.py took 0.103 seconds
[2025-03-06T11:08:45.729+0000] {processor.py:186} INFO - Started process (PID=1119) to work on /home/airflow/.local/lib/python3.12/site-packages/airflow/example_dags/example_sensors.py
[2025-03-06T11:08:45.730+0000] {processor.py:914} INFO - Processing file /home/airflow/.local/lib/python3.12/site-packages/airflow/example_dags/example_sensors.py for tasks to queue
[2025-03-06T11:08:45.732+0000] {logging_mixin.py:190} INFO - [2025-03-06T11:08:45.731+0000] {dagbag.py:588} INFO - Filling up the DagBag from /home/airflow/.local/lib/python3.12/site-packages/airflow/example_dags/example_sensors.py
[2025-03-06T11:08:45.742+0000] {processor.py:925} INFO - DAG(s) 'example_sensors' retrieved from /home/airflow/.local/lib/python3.12/site-packages/airflow/example_dags/example_sensors.py
[2025-03-06T11:08:45.765+0000] {logging_mixin.py:190} INFO - [2025-03-06T11:08:45.765+0000] {dag.py:3239} INFO - Sync 1 DAGs
[2025-03-06T11:08:45.777+0000] {logging_mixin.py:190} INFO - [2025-03-06T11:08:45.777+0000] {dag.py:4180} INFO - Setting next_dagrun for example_sensors to None, run_after=None
[2025-03-06T11:08:45.794+0000] {processor.py:208} INFO - Processing /home/airflow/.local/lib/python3.12/site-packages/airflow/example_dags/example_sensors.py took 0.070 seconds
[2025-03-06T11:09:16.562+0000] {processor.py:186} INFO - Started process (PID=1194) to work on /home/airflow/.local/lib/python3.12/site-packages/airflow/example_dags/example_sensors.py
[2025-03-06T11:09:16.563+0000] {processor.py:914} INFO - Processing file /home/airflow/.local/lib/python3.12/site-packages/airflow/example_dags/example_sensors.py for tasks to queue
[2025-03-06T11:09:16.565+0000] {logging_mixin.py:190} INFO - [2025-03-06T11:09:16.565+0000] {dagbag.py:588} INFO - Filling up the DagBag from /home/airflow/.local/lib/python3.12/site-packages/airflow/example_dags/example_sensors.py
[2025-03-06T11:09:16.575+0000] {processor.py:925} INFO - DAG(s) 'example_sensors' retrieved from /home/airflow/.local/lib/python3.12/site-packages/airflow/example_dags/example_sensors.py
[2025-03-06T11:09:16.601+0000] {logging_mixin.py:190} INFO - [2025-03-06T11:09:16.601+0000] {dag.py:3239} INFO - Sync 1 DAGs
[2025-03-06T11:09:16.619+0000] {logging_mixin.py:190} INFO - [2025-03-06T11:09:16.619+0000] {dag.py:4180} INFO - Setting next_dagrun for example_sensors to None, run_after=None
[2025-03-06T11:09:16.641+0000] {processor.py:208} INFO - Processing /home/airflow/.local/lib/python3.12/site-packages/airflow/example_dags/example_sensors.py took 0.084 seconds
[2025-03-06T11:09:46.834+0000] {processor.py:186} INFO - Started process (PID=1269) to work on /home/airflow/.local/lib/python3.12/site-packages/airflow/example_dags/example_sensors.py
[2025-03-06T11:09:46.836+0000] {processor.py:914} INFO - Processing file /home/airflow/.local/lib/python3.12/site-packages/airflow/example_dags/example_sensors.py for tasks to queue
[2025-03-06T11:09:46.837+0000] {logging_mixin.py:190} INFO - [2025-03-06T11:09:46.837+0000] {dagbag.py:588} INFO - Filling up the DagBag from /home/airflow/.local/lib/python3.12/site-packages/airflow/example_dags/example_sensors.py
[2025-03-06T11:09:46.850+0000] {processor.py:925} INFO - DAG(s) 'example_sensors' retrieved from /home/airflow/.local/lib/python3.12/site-packages/airflow/example_dags/example_sensors.py
[2025-03-06T11:09:46.876+0000] {logging_mixin.py:190} INFO - [2025-03-06T11:09:46.876+0000] {dag.py:3239} INFO - Sync 1 DAGs
[2025-03-06T11:09:46.892+0000] {logging_mixin.py:190} INFO - [2025-03-06T11:09:46.892+0000] {dag.py:4180} INFO - Setting next_dagrun for example_sensors to None, run_after=None
[2025-03-06T11:09:46.912+0000] {processor.py:208} INFO - Processing /home/airflow/.local/lib/python3.12/site-packages/airflow/example_dags/example_sensors.py took 0.088 seconds
[2025-03-06T11:10:17.782+0000] {processor.py:186} INFO - Started process (PID=1344) to work on /home/airflow/.local/lib/python3.12/site-packages/airflow/example_dags/example_sensors.py
[2025-03-06T11:10:17.783+0000] {processor.py:914} INFO - Processing file /home/airflow/.local/lib/python3.12/site-packages/airflow/example_dags/example_sensors.py for tasks to queue
[2025-03-06T11:10:17.785+0000] {logging_mixin.py:190} INFO - [2025-03-06T11:10:17.784+0000] {dagbag.py:588} INFO - Filling up the DagBag from /home/airflow/.local/lib/python3.12/site-packages/airflow/example_dags/example_sensors.py
[2025-03-06T11:10:17.796+0000] {processor.py:925} INFO - DAG(s) 'example_sensors' retrieved from /home/airflow/.local/lib/python3.12/site-packages/airflow/example_dags/example_sensors.py
[2025-03-06T11:10:17.821+0000] {logging_mixin.py:190} INFO - [2025-03-06T11:10:17.821+0000] {dag.py:3239} INFO - Sync 1 DAGs
[2025-03-06T11:10:17.834+0000] {logging_mixin.py:190} INFO - [2025-03-06T11:10:17.834+0000] {dag.py:4180} INFO - Setting next_dagrun for example_sensors to None, run_after=None
[2025-03-06T11:10:17.854+0000] {processor.py:208} INFO - Processing /home/airflow/.local/lib/python3.12/site-packages/airflow/example_dags/example_sensors.py took 0.077 seconds
[2025-03-06T11:10:47.953+0000] {processor.py:186} INFO - Started process (PID=1420) to work on /home/airflow/.local/lib/python3.12/site-packages/airflow/example_dags/example_sensors.py
[2025-03-06T11:10:47.954+0000] {processor.py:914} INFO - Processing file /home/airflow/.local/lib/python3.12/site-packages/airflow/example_dags/example_sensors.py for tasks to queue
[2025-03-06T11:10:47.956+0000] {logging_mixin.py:190} INFO - [2025-03-06T11:10:47.956+0000] {dagbag.py:588} INFO - Filling up the DagBag from /home/airflow/.local/lib/python3.12/site-packages/airflow/example_dags/example_sensors.py
[2025-03-06T11:10:47.970+0000] {processor.py:925} INFO - DAG(s) 'example_sensors' retrieved from /home/airflow/.local/lib/python3.12/site-packages/airflow/example_dags/example_sensors.py
[2025-03-06T11:10:48.004+0000] {logging_mixin.py:190} INFO - [2025-03-06T11:10:48.004+0000] {dag.py:3239} INFO - Sync 1 DAGs
[2025-03-06T11:10:48.021+0000] {logging_mixin.py:190} INFO - [2025-03-06T11:10:48.021+0000] {dag.py:4180} INFO - Setting next_dagrun for example_sensors to None, run_after=None
[2025-03-06T11:10:48.041+0000] {processor.py:208} INFO - Processing /home/airflow/.local/lib/python3.12/site-packages/airflow/example_dags/example_sensors.py took 0.094 seconds
[2025-03-06T11:11:18.924+0000] {processor.py:186} INFO - Started process (PID=1495) to work on /home/airflow/.local/lib/python3.12/site-packages/airflow/example_dags/example_sensors.py
[2025-03-06T11:11:18.925+0000] {processor.py:914} INFO - Processing file /home/airflow/.local/lib/python3.12/site-packages/airflow/example_dags/example_sensors.py for tasks to queue
[2025-03-06T11:11:18.927+0000] {logging_mixin.py:190} INFO - [2025-03-06T11:11:18.926+0000] {dagbag.py:588} INFO - Filling up the DagBag from /home/airflow/.local/lib/python3.12/site-packages/airflow/example_dags/example_sensors.py
[2025-03-06T11:11:18.936+0000] {processor.py:925} INFO - DAG(s) 'example_sensors' retrieved from /home/airflow/.local/lib/python3.12/site-packages/airflow/example_dags/example_sensors.py
[2025-03-06T11:11:18.959+0000] {logging_mixin.py:190} INFO - [2025-03-06T11:11:18.958+0000] {dag.py:3239} INFO - Sync 1 DAGs
[2025-03-06T11:11:18.972+0000] {logging_mixin.py:190} INFO - [2025-03-06T11:11:18.971+0000] {dag.py:4180} INFO - Setting next_dagrun for example_sensors to None, run_after=None
[2025-03-06T11:11:18.991+0000] {processor.py:208} INFO - Processing /home/airflow/.local/lib/python3.12/site-packages/airflow/example_dags/example_sensors.py took 0.072 seconds
[2025-03-06T11:11:50.126+0000] {processor.py:186} INFO - Started process (PID=1570) to work on /home/airflow/.local/lib/python3.12/site-packages/airflow/example_dags/example_sensors.py
[2025-03-06T11:11:50.127+0000] {processor.py:914} INFO - Processing file /home/airflow/.local/lib/python3.12/site-packages/airflow/example_dags/example_sensors.py for tasks to queue
[2025-03-06T11:11:50.129+0000] {logging_mixin.py:190} INFO - [2025-03-06T11:11:50.128+0000] {dagbag.py:588} INFO - Filling up the DagBag from /home/airflow/.local/lib/python3.12/site-packages/airflow/example_dags/example_sensors.py
[2025-03-06T11:11:50.140+0000] {processor.py:925} INFO - DAG(s) 'example_sensors' retrieved from /home/airflow/.local/lib/python3.12/site-packages/airflow/example_dags/example_sensors.py
[2025-03-06T11:11:50.163+0000] {logging_mixin.py:190} INFO - [2025-03-06T11:11:50.162+0000] {dag.py:3239} INFO - Sync 1 DAGs
[2025-03-06T11:11:50.177+0000] {logging_mixin.py:190} INFO - [2025-03-06T11:11:50.177+0000] {dag.py:4180} INFO - Setting next_dagrun for example_sensors to None, run_after=None
[2025-03-06T11:11:50.198+0000] {processor.py:208} INFO - Processing /home/airflow/.local/lib/python3.12/site-packages/airflow/example_dags/example_sensors.py took 0.077 seconds
[2025-03-06T11:12:21.103+0000] {processor.py:186} INFO - Started process (PID=1646) to work on /home/airflow/.local/lib/python3.12/site-packages/airflow/example_dags/example_sensors.py
[2025-03-06T11:12:21.104+0000] {processor.py:914} INFO - Processing file /home/airflow/.local/lib/python3.12/site-packages/airflow/example_dags/example_sensors.py for tasks to queue
[2025-03-06T11:12:21.106+0000] {logging_mixin.py:190} INFO - [2025-03-06T11:12:21.106+0000] {dagbag.py:588} INFO - Filling up the DagBag from /home/airflow/.local/lib/python3.12/site-packages/airflow/example_dags/example_sensors.py
[2025-03-06T11:12:21.117+0000] {processor.py:925} INFO - DAG(s) 'example_sensors' retrieved from /home/airflow/.local/lib/python3.12/site-packages/airflow/example_dags/example_sensors.py
[2025-03-06T11:12:21.140+0000] {logging_mixin.py:190} INFO - [2025-03-06T11:12:21.140+0000] {dag.py:3239} INFO - Sync 1 DAGs
[2025-03-06T11:12:21.153+0000] {logging_mixin.py:190} INFO - [2025-03-06T11:12:21.153+0000] {dag.py:4180} INFO - Setting next_dagrun for example_sensors to None, run_after=None
[2025-03-06T11:12:21.171+0000] {processor.py:208} INFO - Processing /home/airflow/.local/lib/python3.12/site-packages/airflow/example_dags/example_sensors.py took 0.073 seconds
[2025-03-06T11:12:52.497+0000] {processor.py:186} INFO - Started process (PID=1721) to work on /home/airflow/.local/lib/python3.12/site-packages/airflow/example_dags/example_sensors.py
[2025-03-06T11:12:52.498+0000] {processor.py:914} INFO - Processing file /home/airflow/.local/lib/python3.12/site-packages/airflow/example_dags/example_sensors.py for tasks to queue
[2025-03-06T11:12:52.500+0000] {logging_mixin.py:190} INFO - [2025-03-06T11:12:52.499+0000] {dagbag.py:588} INFO - Filling up the DagBag from /home/airflow/.local/lib/python3.12/site-packages/airflow/example_dags/example_sensors.py
[2025-03-06T11:12:52.516+0000] {processor.py:925} INFO - DAG(s) 'example_sensors' retrieved from /home/airflow/.local/lib/python3.12/site-packages/airflow/example_dags/example_sensors.py
[2025-03-06T11:12:52.551+0000] {logging_mixin.py:190} INFO - [2025-03-06T11:12:52.550+0000] {dag.py:3239} INFO - Sync 1 DAGs
[2025-03-06T11:12:52.568+0000] {logging_mixin.py:190} INFO - [2025-03-06T11:12:52.568+0000] {dag.py:4180} INFO - Setting next_dagrun for example_sensors to None, run_after=None
[2025-03-06T11:12:52.594+0000] {processor.py:208} INFO - Processing /home/airflow/.local/lib/python3.12/site-packages/airflow/example_dags/example_sensors.py took 0.105 seconds
[2025-03-06T11:13:24.213+0000] {processor.py:186} INFO - Started process (PID=1799) to work on /home/airflow/.local/lib/python3.12/site-packages/airflow/example_dags/example_sensors.py
[2025-03-06T11:13:24.214+0000] {processor.py:914} INFO - Processing file /home/airflow/.local/lib/python3.12/site-packages/airflow/example_dags/example_sensors.py for tasks to queue
[2025-03-06T11:13:24.216+0000] {logging_mixin.py:190} INFO - [2025-03-06T11:13:24.215+0000] {dagbag.py:588} INFO - Filling up the DagBag from /home/airflow/.local/lib/python3.12/site-packages/airflow/example_dags/example_sensors.py
[2025-03-06T11:13:24.227+0000] {processor.py:925} INFO - DAG(s) 'example_sensors' retrieved from /home/airflow/.local/lib/python3.12/site-packages/airflow/example_dags/example_sensors.py
[2025-03-06T11:13:24.253+0000] {logging_mixin.py:190} INFO - [2025-03-06T11:13:24.252+0000] {dag.py:3239} INFO - Sync 1 DAGs
[2025-03-06T11:13:24.267+0000] {logging_mixin.py:190} INFO - [2025-03-06T11:13:24.267+0000] {dag.py:4180} INFO - Setting next_dagrun for example_sensors to None, run_after=None
[2025-03-06T11:13:24.289+0000] {processor.py:208} INFO - Processing /home/airflow/.local/lib/python3.12/site-packages/airflow/example_dags/example_sensors.py took 0.081 seconds
[2025-03-06T11:13:55.637+0000] {processor.py:186} INFO - Started process (PID=1874) to work on /home/airflow/.local/lib/python3.12/site-packages/airflow/example_dags/example_sensors.py
[2025-03-06T11:13:55.639+0000] {processor.py:914} INFO - Processing file /home/airflow/.local/lib/python3.12/site-packages/airflow/example_dags/example_sensors.py for tasks to queue
[2025-03-06T11:13:55.640+0000] {logging_mixin.py:190} INFO - [2025-03-06T11:13:55.640+0000] {dagbag.py:588} INFO - Filling up the DagBag from /home/airflow/.local/lib/python3.12/site-packages/airflow/example_dags/example_sensors.py
[2025-03-06T11:13:55.656+0000] {processor.py:925} INFO - DAG(s) 'example_sensors' retrieved from /home/airflow/.local/lib/python3.12/site-packages/airflow/example_dags/example_sensors.py
[2025-03-06T11:13:55.685+0000] {logging_mixin.py:190} INFO - [2025-03-06T11:13:55.685+0000] {dag.py:3239} INFO - Sync 1 DAGs
[2025-03-06T11:13:55.701+0000] {logging_mixin.py:190} INFO - [2025-03-06T11:13:55.701+0000] {dag.py:4180} INFO - Setting next_dagrun for example_sensors to None, run_after=None
[2025-03-06T11:13:55.725+0000] {processor.py:208} INFO - Processing /home/airflow/.local/lib/python3.12/site-packages/airflow/example_dags/example_sensors.py took 0.095 seconds
[2025-03-06T11:14:27.602+0000] {processor.py:186} INFO - Started process (PID=1949) to work on /home/airflow/.local/lib/python3.12/site-packages/airflow/example_dags/example_sensors.py
[2025-03-06T11:14:27.604+0000] {processor.py:914} INFO - Processing file /home/airflow/.local/lib/python3.12/site-packages/airflow/example_dags/example_sensors.py for tasks to queue
[2025-03-06T11:14:27.607+0000] {logging_mixin.py:190} INFO - [2025-03-06T11:14:27.606+0000] {dagbag.py:588} INFO - Filling up the DagBag from /home/airflow/.local/lib/python3.12/site-packages/airflow/example_dags/example_sensors.py
[2025-03-06T11:14:27.626+0000] {processor.py:925} INFO - DAG(s) 'example_sensors' retrieved from /home/airflow/.local/lib/python3.12/site-packages/airflow/example_dags/example_sensors.py
[2025-03-06T11:14:27.671+0000] {logging_mixin.py:190} INFO - [2025-03-06T11:14:27.671+0000] {dag.py:3239} INFO - Sync 1 DAGs
[2025-03-06T11:14:27.693+0000] {logging_mixin.py:190} INFO - [2025-03-06T11:14:27.693+0000] {dag.py:4180} INFO - Setting next_dagrun for example_sensors to None, run_after=None
[2025-03-06T11:14:27.726+0000] {processor.py:208} INFO - Processing /home/airflow/.local/lib/python3.12/site-packages/airflow/example_dags/example_sensors.py took 0.135 seconds
[2025-03-06T11:14:58.148+0000] {processor.py:186} INFO - Started process (PID=2024) to work on /home/airflow/.local/lib/python3.12/site-packages/airflow/example_dags/example_sensors.py
[2025-03-06T11:14:58.149+0000] {processor.py:914} INFO - Processing file /home/airflow/.local/lib/python3.12/site-packages/airflow/example_dags/example_sensors.py for tasks to queue
[2025-03-06T11:14:58.150+0000] {logging_mixin.py:190} INFO - [2025-03-06T11:14:58.150+0000] {dagbag.py:588} INFO - Filling up the DagBag from /home/airflow/.local/lib/python3.12/site-packages/airflow/example_dags/example_sensors.py
[2025-03-06T11:14:58.160+0000] {processor.py:925} INFO - DAG(s) 'example_sensors' retrieved from /home/airflow/.local/lib/python3.12/site-packages/airflow/example_dags/example_sensors.py
[2025-03-06T11:14:58.181+0000] {logging_mixin.py:190} INFO - [2025-03-06T11:14:58.181+0000] {dag.py:3239} INFO - Sync 1 DAGs
[2025-03-06T11:14:58.193+0000] {logging_mixin.py:190} INFO - [2025-03-06T11:14:58.193+0000] {dag.py:4180} INFO - Setting next_dagrun for example_sensors to None, run_after=None
[2025-03-06T11:14:58.210+0000] {processor.py:208} INFO - Processing /home/airflow/.local/lib/python3.12/site-packages/airflow/example_dags/example_sensors.py took 0.067 seconds
[2025-03-06T11:15:30.274+0000] {processor.py:186} INFO - Started process (PID=2105) to work on /home/airflow/.local/lib/python3.12/site-packages/airflow/example_dags/example_sensors.py
[2025-03-06T11:15:30.276+0000] {processor.py:914} INFO - Processing file /home/airflow/.local/lib/python3.12/site-packages/airflow/example_dags/example_sensors.py for tasks to queue
[2025-03-06T11:15:30.277+0000] {logging_mixin.py:190} INFO - [2025-03-06T11:15:30.277+0000] {dagbag.py:588} INFO - Filling up the DagBag from /home/airflow/.local/lib/python3.12/site-packages/airflow/example_dags/example_sensors.py
[2025-03-06T11:15:30.288+0000] {processor.py:925} INFO - DAG(s) 'example_sensors' retrieved from /home/airflow/.local/lib/python3.12/site-packages/airflow/example_dags/example_sensors.py
[2025-03-06T11:15:30.309+0000] {logging_mixin.py:190} INFO - [2025-03-06T11:15:30.309+0000] {dag.py:3239} INFO - Sync 1 DAGs
[2025-03-06T11:15:30.321+0000] {logging_mixin.py:190} INFO - [2025-03-06T11:15:30.320+0000] {dag.py:4180} INFO - Setting next_dagrun for example_sensors to None, run_after=None
[2025-03-06T11:15:30.338+0000] {processor.py:208} INFO - Processing /home/airflow/.local/lib/python3.12/site-packages/airflow/example_dags/example_sensors.py took 0.070 seconds
[2025-03-06T11:16:01.052+0000] {processor.py:186} INFO - Started process (PID=2180) to work on /home/airflow/.local/lib/python3.12/site-packages/airflow/example_dags/example_sensors.py
[2025-03-06T11:16:01.053+0000] {processor.py:914} INFO - Processing file /home/airflow/.local/lib/python3.12/site-packages/airflow/example_dags/example_sensors.py for tasks to queue
[2025-03-06T11:16:01.055+0000] {logging_mixin.py:190} INFO - [2025-03-06T11:16:01.054+0000] {dagbag.py:588} INFO - Filling up the DagBag from /home/airflow/.local/lib/python3.12/site-packages/airflow/example_dags/example_sensors.py
[2025-03-06T11:16:01.064+0000] {processor.py:925} INFO - DAG(s) 'example_sensors' retrieved from /home/airflow/.local/lib/python3.12/site-packages/airflow/example_dags/example_sensors.py
[2025-03-06T11:16:01.086+0000] {logging_mixin.py:190} INFO - [2025-03-06T11:16:01.086+0000] {dag.py:3239} INFO - Sync 1 DAGs
[2025-03-06T11:16:01.101+0000] {logging_mixin.py:190} INFO - [2025-03-06T11:16:01.100+0000] {dag.py:4180} INFO - Setting next_dagrun for example_sensors to None, run_after=None
[2025-03-06T11:16:01.119+0000] {processor.py:208} INFO - Processing /home/airflow/.local/lib/python3.12/site-packages/airflow/example_dags/example_sensors.py took 0.073 seconds
[2025-03-06T11:16:32.681+0000] {processor.py:186} INFO - Started process (PID=2255) to work on /home/airflow/.local/lib/python3.12/site-packages/airflow/example_dags/example_sensors.py
[2025-03-06T11:16:32.682+0000] {processor.py:914} INFO - Processing file /home/airflow/.local/lib/python3.12/site-packages/airflow/example_dags/example_sensors.py for tasks to queue
[2025-03-06T11:16:32.684+0000] {logging_mixin.py:190} INFO - [2025-03-06T11:16:32.684+0000] {dagbag.py:588} INFO - Filling up the DagBag from /home/airflow/.local/lib/python3.12/site-packages/airflow/example_dags/example_sensors.py
[2025-03-06T11:16:32.695+0000] {processor.py:925} INFO - DAG(s) 'example_sensors' retrieved from /home/airflow/.local/lib/python3.12/site-packages/airflow/example_dags/example_sensors.py
[2025-03-06T11:16:32.718+0000] {logging_mixin.py:190} INFO - [2025-03-06T11:16:32.718+0000] {dag.py:3239} INFO - Sync 1 DAGs
[2025-03-06T11:16:32.732+0000] {logging_mixin.py:190} INFO - [2025-03-06T11:16:32.732+0000] {dag.py:4180} INFO - Setting next_dagrun for example_sensors to None, run_after=None
[2025-03-06T11:16:32.748+0000] {processor.py:208} INFO - Processing /home/airflow/.local/lib/python3.12/site-packages/airflow/example_dags/example_sensors.py took 0.072 seconds
[2025-03-06T11:17:03.489+0000] {processor.py:186} INFO - Started process (PID=2330) to work on /home/airflow/.local/lib/python3.12/site-packages/airflow/example_dags/example_sensors.py
[2025-03-06T11:17:03.490+0000] {processor.py:914} INFO - Processing file /home/airflow/.local/lib/python3.12/site-packages/airflow/example_dags/example_sensors.py for tasks to queue
[2025-03-06T11:17:03.492+0000] {logging_mixin.py:190} INFO - [2025-03-06T11:17:03.491+0000] {dagbag.py:588} INFO - Filling up the DagBag from /home/airflow/.local/lib/python3.12/site-packages/airflow/example_dags/example_sensors.py
[2025-03-06T11:17:03.501+0000] {processor.py:925} INFO - DAG(s) 'example_sensors' retrieved from /home/airflow/.local/lib/python3.12/site-packages/airflow/example_dags/example_sensors.py
[2025-03-06T11:17:03.522+0000] {logging_mixin.py:190} INFO - [2025-03-06T11:17:03.521+0000] {dag.py:3239} INFO - Sync 1 DAGs
[2025-03-06T11:17:03.533+0000] {logging_mixin.py:190} INFO - [2025-03-06T11:17:03.532+0000] {dag.py:4180} INFO - Setting next_dagrun for example_sensors to None, run_after=None
[2025-03-06T11:17:03.549+0000] {processor.py:208} INFO - Processing /home/airflow/.local/lib/python3.12/site-packages/airflow/example_dags/example_sensors.py took 0.064 seconds
[2025-03-06T11:17:34.694+0000] {processor.py:186} INFO - Started process (PID=2410) to work on /home/airflow/.local/lib/python3.12/site-packages/airflow/example_dags/example_sensors.py
[2025-03-06T11:17:34.695+0000] {processor.py:914} INFO - Processing file /home/airflow/.local/lib/python3.12/site-packages/airflow/example_dags/example_sensors.py for tasks to queue
[2025-03-06T11:17:34.697+0000] {logging_mixin.py:190} INFO - [2025-03-06T11:17:34.697+0000] {dagbag.py:588} INFO - Filling up the DagBag from /home/airflow/.local/lib/python3.12/site-packages/airflow/example_dags/example_sensors.py
[2025-03-06T11:17:34.706+0000] {processor.py:925} INFO - DAG(s) 'example_sensors' retrieved from /home/airflow/.local/lib/python3.12/site-packages/airflow/example_dags/example_sensors.py
[2025-03-06T11:17:34.728+0000] {logging_mixin.py:190} INFO - [2025-03-06T11:17:34.728+0000] {dag.py:3239} INFO - Sync 1 DAGs
[2025-03-06T11:17:34.738+0000] {logging_mixin.py:190} INFO - [2025-03-06T11:17:34.738+0000] {dag.py:4180} INFO - Setting next_dagrun for example_sensors to None, run_after=None
[2025-03-06T11:17:34.754+0000] {processor.py:208} INFO - Processing /home/airflow/.local/lib/python3.12/site-packages/airflow/example_dags/example_sensors.py took 0.065 seconds
[2025-03-06T11:18:07.169+0000] {processor.py:186} INFO - Started process (PID=2492) to work on /home/airflow/.local/lib/python3.12/site-packages/airflow/example_dags/example_sensors.py
[2025-03-06T11:18:07.171+0000] {processor.py:914} INFO - Processing file /home/airflow/.local/lib/python3.12/site-packages/airflow/example_dags/example_sensors.py for tasks to queue
[2025-03-06T11:18:07.172+0000] {logging_mixin.py:190} INFO - [2025-03-06T11:18:07.172+0000] {dagbag.py:588} INFO - Filling up the DagBag from /home/airflow/.local/lib/python3.12/site-packages/airflow/example_dags/example_sensors.py
[2025-03-06T11:18:07.186+0000] {processor.py:925} INFO - DAG(s) 'example_sensors' retrieved from /home/airflow/.local/lib/python3.12/site-packages/airflow/example_dags/example_sensors.py
[2025-03-06T11:18:07.218+0000] {logging_mixin.py:190} INFO - [2025-03-06T11:18:07.218+0000] {dag.py:3239} INFO - Sync 1 DAGs
[2025-03-06T11:18:07.234+0000] {logging_mixin.py:190} INFO - [2025-03-06T11:18:07.234+0000] {dag.py:4180} INFO - Setting next_dagrun for example_sensors to None, run_after=None
[2025-03-06T11:18:07.258+0000] {processor.py:208} INFO - Processing /home/airflow/.local/lib/python3.12/site-packages/airflow/example_dags/example_sensors.py took 0.094 seconds
[2025-03-06T11:18:38.569+0000] {processor.py:186} INFO - Started process (PID=2567) to work on /home/airflow/.local/lib/python3.12/site-packages/airflow/example_dags/example_sensors.py
[2025-03-06T11:18:38.570+0000] {processor.py:914} INFO - Processing file /home/airflow/.local/lib/python3.12/site-packages/airflow/example_dags/example_sensors.py for tasks to queue
[2025-03-06T11:18:38.571+0000] {logging_mixin.py:190} INFO - [2025-03-06T11:18:38.571+0000] {dagbag.py:588} INFO - Filling up the DagBag from /home/airflow/.local/lib/python3.12/site-packages/airflow/example_dags/example_sensors.py
[2025-03-06T11:18:38.582+0000] {processor.py:925} INFO - DAG(s) 'example_sensors' retrieved from /home/airflow/.local/lib/python3.12/site-packages/airflow/example_dags/example_sensors.py
[2025-03-06T11:18:38.605+0000] {logging_mixin.py:190} INFO - [2025-03-06T11:18:38.604+0000] {dag.py:3239} INFO - Sync 1 DAGs
[2025-03-06T11:18:38.617+0000] {logging_mixin.py:190} INFO - [2025-03-06T11:18:38.617+0000] {dag.py:4180} INFO - Setting next_dagrun for example_sensors to None, run_after=None
[2025-03-06T11:18:38.642+0000] {processor.py:208} INFO - Processing /home/airflow/.local/lib/python3.12/site-packages/airflow/example_dags/example_sensors.py took 0.078 seconds
