[2025-03-06T04:34:29.885+0000] {processor.py:186} INFO - Started process (PID=14383) to work on /home/airflow/.local/lib/python3.12/site-packages/airflow/example_dags/example_latest_only_with_trigger.py
[2025-03-06T04:34:29.886+0000] {processor.py:914} INFO - Processing file /home/airflow/.local/lib/python3.12/site-packages/airflow/example_dags/example_latest_only_with_trigger.py for tasks to queue
[2025-03-06T04:34:29.890+0000] {logging_mixin.py:190} INFO - [2025-03-06T04:34:29.889+0000] {dagbag.py:588} INFO - Filling up the DagBag from /home/airflow/.local/lib/python3.12/site-packages/airflow/example_dags/example_latest_only_with_trigger.py
[2025-03-06T04:34:29.899+0000] {processor.py:925} INFO - DAG(s) 'latest_only_with_trigger' retrieved from /home/airflow/.local/lib/python3.12/site-packages/airflow/example_dags/example_latest_only_with_trigger.py
[2025-03-06T04:34:29.927+0000] {logging_mixin.py:190} INFO - [2025-03-06T04:34:29.926+0000] {dag.py:3239} INFO - Sync 1 DAGs
[2025-03-06T04:34:29.960+0000] {logging_mixin.py:190} INFO - [2025-03-06T04:34:29.959+0000] {dag.py:4180} INFO - Setting next_dagrun for latest_only_with_trigger to 2025-03-06 00:00:00+00:00, run_after=2025-03-06 04:00:00+00:00
[2025-03-06T04:34:29.988+0000] {processor.py:208} INFO - Processing /home/airflow/.local/lib/python3.12/site-packages/airflow/example_dags/example_latest_only_with_trigger.py took 0.110 seconds
[2025-03-06T04:35:00.058+0000] {processor.py:186} INFO - Started process (PID=14458) to work on /home/airflow/.local/lib/python3.12/site-packages/airflow/example_dags/example_latest_only_with_trigger.py
[2025-03-06T04:35:00.060+0000] {processor.py:914} INFO - Processing file /home/airflow/.local/lib/python3.12/site-packages/airflow/example_dags/example_latest_only_with_trigger.py for tasks to queue
[2025-03-06T04:35:00.064+0000] {logging_mixin.py:190} INFO - [2025-03-06T04:35:00.063+0000] {dagbag.py:588} INFO - Filling up the DagBag from /home/airflow/.local/lib/python3.12/site-packages/airflow/example_dags/example_latest_only_with_trigger.py
[2025-03-06T04:35:00.077+0000] {processor.py:925} INFO - DAG(s) 'latest_only_with_trigger' retrieved from /home/airflow/.local/lib/python3.12/site-packages/airflow/example_dags/example_latest_only_with_trigger.py
[2025-03-06T04:35:00.110+0000] {logging_mixin.py:190} INFO - [2025-03-06T04:35:00.110+0000] {dag.py:3239} INFO - Sync 1 DAGs
[2025-03-06T04:35:00.148+0000] {logging_mixin.py:190} INFO - [2025-03-06T04:35:00.147+0000] {dag.py:4180} INFO - Setting next_dagrun for latest_only_with_trigger to 2025-03-06 00:00:00+00:00, run_after=2025-03-06 04:00:00+00:00
[2025-03-06T04:35:00.187+0000] {processor.py:208} INFO - Processing /home/airflow/.local/lib/python3.12/site-packages/airflow/example_dags/example_latest_only_with_trigger.py took 0.137 seconds
[2025-03-06T04:35:30.504+0000] {processor.py:186} INFO - Started process (PID=14532) to work on /home/airflow/.local/lib/python3.12/site-packages/airflow/example_dags/example_latest_only_with_trigger.py
[2025-03-06T04:35:30.505+0000] {processor.py:914} INFO - Processing file /home/airflow/.local/lib/python3.12/site-packages/airflow/example_dags/example_latest_only_with_trigger.py for tasks to queue
[2025-03-06T04:35:30.507+0000] {logging_mixin.py:190} INFO - [2025-03-06T04:35:30.507+0000] {dagbag.py:588} INFO - Filling up the DagBag from /home/airflow/.local/lib/python3.12/site-packages/airflow/example_dags/example_latest_only_with_trigger.py
[2025-03-06T04:35:30.514+0000] {processor.py:925} INFO - DAG(s) 'latest_only_with_trigger' retrieved from /home/airflow/.local/lib/python3.12/site-packages/airflow/example_dags/example_latest_only_with_trigger.py
[2025-03-06T04:35:30.533+0000] {logging_mixin.py:190} INFO - [2025-03-06T04:35:30.533+0000] {dag.py:3239} INFO - Sync 1 DAGs
[2025-03-06T04:35:30.554+0000] {logging_mixin.py:190} INFO - [2025-03-06T04:35:30.554+0000] {dag.py:4180} INFO - Setting next_dagrun for latest_only_with_trigger to 2025-03-06 00:00:00+00:00, run_after=2025-03-06 04:00:00+00:00
[2025-03-06T04:35:30.576+0000] {processor.py:208} INFO - Processing /home/airflow/.local/lib/python3.12/site-packages/airflow/example_dags/example_latest_only_with_trigger.py took 0.077 seconds
[2025-03-06T04:36:02.842+0000] {processor.py:186} INFO - Started process (PID=14607) to work on /home/airflow/.local/lib/python3.12/site-packages/airflow/example_dags/example_latest_only_with_trigger.py
[2025-03-06T04:36:02.844+0000] {processor.py:914} INFO - Processing file /home/airflow/.local/lib/python3.12/site-packages/airflow/example_dags/example_latest_only_with_trigger.py for tasks to queue
[2025-03-06T04:36:02.848+0000] {logging_mixin.py:190} INFO - [2025-03-06T04:36:02.847+0000] {dagbag.py:588} INFO - Filling up the DagBag from /home/airflow/.local/lib/python3.12/site-packages/airflow/example_dags/example_latest_only_with_trigger.py
[2025-03-06T04:36:02.857+0000] {processor.py:925} INFO - DAG(s) 'latest_only_with_trigger' retrieved from /home/airflow/.local/lib/python3.12/site-packages/airflow/example_dags/example_latest_only_with_trigger.py
[2025-03-06T04:36:02.884+0000] {logging_mixin.py:190} INFO - [2025-03-06T04:36:02.883+0000] {dag.py:3239} INFO - Sync 1 DAGs
[2025-03-06T04:36:02.911+0000] {logging_mixin.py:190} INFO - [2025-03-06T04:36:02.911+0000] {dag.py:4180} INFO - Setting next_dagrun for latest_only_with_trigger to 2025-03-06 00:00:00+00:00, run_after=2025-03-06 04:00:00+00:00
[2025-03-06T04:36:02.936+0000] {processor.py:208} INFO - Processing /home/airflow/.local/lib/python3.12/site-packages/airflow/example_dags/example_latest_only_with_trigger.py took 0.101 seconds
[2025-03-06T04:36:35.333+0000] {processor.py:186} INFO - Started process (PID=14682) to work on /home/airflow/.local/lib/python3.12/site-packages/airflow/example_dags/example_latest_only_with_trigger.py
[2025-03-06T04:36:35.334+0000] {processor.py:914} INFO - Processing file /home/airflow/.local/lib/python3.12/site-packages/airflow/example_dags/example_latest_only_with_trigger.py for tasks to queue
[2025-03-06T04:36:35.337+0000] {logging_mixin.py:190} INFO - [2025-03-06T04:36:35.336+0000] {dagbag.py:588} INFO - Filling up the DagBag from /home/airflow/.local/lib/python3.12/site-packages/airflow/example_dags/example_latest_only_with_trigger.py
[2025-03-06T04:36:35.344+0000] {processor.py:925} INFO - DAG(s) 'latest_only_with_trigger' retrieved from /home/airflow/.local/lib/python3.12/site-packages/airflow/example_dags/example_latest_only_with_trigger.py
[2025-03-06T04:36:35.366+0000] {logging_mixin.py:190} INFO - [2025-03-06T04:36:35.366+0000] {dag.py:3239} INFO - Sync 1 DAGs
[2025-03-06T04:36:35.389+0000] {logging_mixin.py:190} INFO - [2025-03-06T04:36:35.388+0000] {dag.py:4180} INFO - Setting next_dagrun for latest_only_with_trigger to 2025-03-06 00:00:00+00:00, run_after=2025-03-06 04:00:00+00:00
[2025-03-06T04:36:35.407+0000] {processor.py:208} INFO - Processing /home/airflow/.local/lib/python3.12/site-packages/airflow/example_dags/example_latest_only_with_trigger.py took 0.080 seconds
[2025-03-06T04:37:06.652+0000] {processor.py:186} INFO - Started process (PID=14759) to work on /home/airflow/.local/lib/python3.12/site-packages/airflow/example_dags/example_latest_only_with_trigger.py
[2025-03-06T04:37:06.653+0000] {processor.py:914} INFO - Processing file /home/airflow/.local/lib/python3.12/site-packages/airflow/example_dags/example_latest_only_with_trigger.py for tasks to queue
[2025-03-06T04:37:06.655+0000] {logging_mixin.py:190} INFO - [2025-03-06T04:37:06.655+0000] {dagbag.py:588} INFO - Filling up the DagBag from /home/airflow/.local/lib/python3.12/site-packages/airflow/example_dags/example_latest_only_with_trigger.py
[2025-03-06T04:37:06.661+0000] {processor.py:925} INFO - DAG(s) 'latest_only_with_trigger' retrieved from /home/airflow/.local/lib/python3.12/site-packages/airflow/example_dags/example_latest_only_with_trigger.py
[2025-03-06T04:37:06.680+0000] {logging_mixin.py:190} INFO - [2025-03-06T04:37:06.680+0000] {dag.py:3239} INFO - Sync 1 DAGs
[2025-03-06T04:37:06.700+0000] {logging_mixin.py:190} INFO - [2025-03-06T04:37:06.700+0000] {dag.py:4180} INFO - Setting next_dagrun for latest_only_with_trigger to 2025-03-06 00:00:00+00:00, run_after=2025-03-06 04:00:00+00:00
[2025-03-06T04:37:06.720+0000] {processor.py:208} INFO - Processing /home/airflow/.local/lib/python3.12/site-packages/airflow/example_dags/example_latest_only_with_trigger.py took 0.073 seconds
[2025-03-06T04:37:37.263+0000] {processor.py:186} INFO - Started process (PID=14833) to work on /home/airflow/.local/lib/python3.12/site-packages/airflow/example_dags/example_latest_only_with_trigger.py
[2025-03-06T04:37:37.265+0000] {processor.py:914} INFO - Processing file /home/airflow/.local/lib/python3.12/site-packages/airflow/example_dags/example_latest_only_with_trigger.py for tasks to queue
[2025-03-06T04:37:37.267+0000] {logging_mixin.py:190} INFO - [2025-03-06T04:37:37.267+0000] {dagbag.py:588} INFO - Filling up the DagBag from /home/airflow/.local/lib/python3.12/site-packages/airflow/example_dags/example_latest_only_with_trigger.py
[2025-03-06T04:37:37.273+0000] {processor.py:925} INFO - DAG(s) 'latest_only_with_trigger' retrieved from /home/airflow/.local/lib/python3.12/site-packages/airflow/example_dags/example_latest_only_with_trigger.py
[2025-03-06T04:37:37.290+0000] {logging_mixin.py:190} INFO - [2025-03-06T04:37:37.290+0000] {dag.py:3239} INFO - Sync 1 DAGs
[2025-03-06T04:37:37.307+0000] {logging_mixin.py:190} INFO - [2025-03-06T04:37:37.307+0000] {dag.py:4180} INFO - Setting next_dagrun for latest_only_with_trigger to 2025-03-06 00:00:00+00:00, run_after=2025-03-06 04:00:00+00:00
[2025-03-06T04:37:37.325+0000] {processor.py:208} INFO - Processing /home/airflow/.local/lib/python3.12/site-packages/airflow/example_dags/example_latest_only_with_trigger.py took 0.066 seconds
[2025-03-06T04:38:08.409+0000] {processor.py:186} INFO - Started process (PID=14908) to work on /home/airflow/.local/lib/python3.12/site-packages/airflow/example_dags/example_latest_only_with_trigger.py
[2025-03-06T04:38:08.410+0000] {processor.py:914} INFO - Processing file /home/airflow/.local/lib/python3.12/site-packages/airflow/example_dags/example_latest_only_with_trigger.py for tasks to queue
[2025-03-06T04:38:08.413+0000] {logging_mixin.py:190} INFO - [2025-03-06T04:38:08.412+0000] {dagbag.py:588} INFO - Filling up the DagBag from /home/airflow/.local/lib/python3.12/site-packages/airflow/example_dags/example_latest_only_with_trigger.py
[2025-03-06T04:38:08.419+0000] {processor.py:925} INFO - DAG(s) 'latest_only_with_trigger' retrieved from /home/airflow/.local/lib/python3.12/site-packages/airflow/example_dags/example_latest_only_with_trigger.py
[2025-03-06T04:38:08.438+0000] {logging_mixin.py:190} INFO - [2025-03-06T04:38:08.438+0000] {dag.py:3239} INFO - Sync 1 DAGs
[2025-03-06T04:38:08.457+0000] {logging_mixin.py:190} INFO - [2025-03-06T04:38:08.457+0000] {dag.py:4180} INFO - Setting next_dagrun for latest_only_with_trigger to 2025-03-06 00:00:00+00:00, run_after=2025-03-06 04:00:00+00:00
[2025-03-06T04:38:08.476+0000] {processor.py:208} INFO - Processing /home/airflow/.local/lib/python3.12/site-packages/airflow/example_dags/example_latest_only_with_trigger.py took 0.072 seconds
[2025-03-06T04:38:39.663+0000] {processor.py:186} INFO - Started process (PID=14983) to work on /home/airflow/.local/lib/python3.12/site-packages/airflow/example_dags/example_latest_only_with_trigger.py
[2025-03-06T04:38:39.664+0000] {processor.py:914} INFO - Processing file /home/airflow/.local/lib/python3.12/site-packages/airflow/example_dags/example_latest_only_with_trigger.py for tasks to queue
[2025-03-06T04:38:39.666+0000] {logging_mixin.py:190} INFO - [2025-03-06T04:38:39.666+0000] {dagbag.py:588} INFO - Filling up the DagBag from /home/airflow/.local/lib/python3.12/site-packages/airflow/example_dags/example_latest_only_with_trigger.py
[2025-03-06T04:38:39.672+0000] {processor.py:925} INFO - DAG(s) 'latest_only_with_trigger' retrieved from /home/airflow/.local/lib/python3.12/site-packages/airflow/example_dags/example_latest_only_with_trigger.py
[2025-03-06T04:38:39.688+0000] {logging_mixin.py:190} INFO - [2025-03-06T04:38:39.688+0000] {dag.py:3239} INFO - Sync 1 DAGs
[2025-03-06T04:38:39.705+0000] {logging_mixin.py:190} INFO - [2025-03-06T04:38:39.705+0000] {dag.py:4180} INFO - Setting next_dagrun for latest_only_with_trigger to 2025-03-06 00:00:00+00:00, run_after=2025-03-06 04:00:00+00:00
[2025-03-06T04:38:39.719+0000] {processor.py:208} INFO - Processing /home/airflow/.local/lib/python3.12/site-packages/airflow/example_dags/example_latest_only_with_trigger.py took 0.061 seconds
[2025-03-06T04:39:12.033+0000] {processor.py:186} INFO - Started process (PID=15059) to work on /home/airflow/.local/lib/python3.12/site-packages/airflow/example_dags/example_latest_only_with_trigger.py
[2025-03-06T04:39:12.034+0000] {processor.py:914} INFO - Processing file /home/airflow/.local/lib/python3.12/site-packages/airflow/example_dags/example_latest_only_with_trigger.py for tasks to queue
[2025-03-06T04:39:12.037+0000] {logging_mixin.py:190} INFO - [2025-03-06T04:39:12.037+0000] {dagbag.py:588} INFO - Filling up the DagBag from /home/airflow/.local/lib/python3.12/site-packages/airflow/example_dags/example_latest_only_with_trigger.py
[2025-03-06T04:39:12.045+0000] {processor.py:925} INFO - DAG(s) 'latest_only_with_trigger' retrieved from /home/airflow/.local/lib/python3.12/site-packages/airflow/example_dags/example_latest_only_with_trigger.py
[2025-03-06T04:39:12.063+0000] {logging_mixin.py:190} INFO - [2025-03-06T04:39:12.063+0000] {dag.py:3239} INFO - Sync 1 DAGs
[2025-03-06T04:39:12.082+0000] {logging_mixin.py:190} INFO - [2025-03-06T04:39:12.082+0000] {dag.py:4180} INFO - Setting next_dagrun for latest_only_with_trigger to 2025-03-06 00:00:00+00:00, run_after=2025-03-06 04:00:00+00:00
[2025-03-06T04:39:12.126+0000] {processor.py:208} INFO - Processing /home/airflow/.local/lib/python3.12/site-packages/airflow/example_dags/example_latest_only_with_trigger.py took 0.097 seconds
[2025-03-06T04:39:43.511+0000] {processor.py:186} INFO - Started process (PID=15134) to work on /home/airflow/.local/lib/python3.12/site-packages/airflow/example_dags/example_latest_only_with_trigger.py
[2025-03-06T04:39:43.512+0000] {processor.py:914} INFO - Processing file /home/airflow/.local/lib/python3.12/site-packages/airflow/example_dags/example_latest_only_with_trigger.py for tasks to queue
[2025-03-06T04:39:43.514+0000] {logging_mixin.py:190} INFO - [2025-03-06T04:39:43.514+0000] {dagbag.py:588} INFO - Filling up the DagBag from /home/airflow/.local/lib/python3.12/site-packages/airflow/example_dags/example_latest_only_with_trigger.py
[2025-03-06T04:39:43.525+0000] {processor.py:925} INFO - DAG(s) 'latest_only_with_trigger' retrieved from /home/airflow/.local/lib/python3.12/site-packages/airflow/example_dags/example_latest_only_with_trigger.py
[2025-03-06T04:39:43.545+0000] {logging_mixin.py:190} INFO - [2025-03-06T04:39:43.545+0000] {dag.py:3239} INFO - Sync 1 DAGs
[2025-03-06T04:39:43.566+0000] {logging_mixin.py:190} INFO - [2025-03-06T04:39:43.566+0000] {dag.py:4180} INFO - Setting next_dagrun for latest_only_with_trigger to 2025-03-06 00:00:00+00:00, run_after=2025-03-06 04:00:00+00:00
[2025-03-06T04:39:43.589+0000] {processor.py:208} INFO - Processing /home/airflow/.local/lib/python3.12/site-packages/airflow/example_dags/example_latest_only_with_trigger.py took 0.084 seconds
[2025-03-06T04:40:14.575+0000] {processor.py:186} INFO - Started process (PID=15215) to work on /home/airflow/.local/lib/python3.12/site-packages/airflow/example_dags/example_latest_only_with_trigger.py
[2025-03-06T04:40:14.576+0000] {processor.py:914} INFO - Processing file /home/airflow/.local/lib/python3.12/site-packages/airflow/example_dags/example_latest_only_with_trigger.py for tasks to queue
[2025-03-06T04:40:14.578+0000] {logging_mixin.py:190} INFO - [2025-03-06T04:40:14.578+0000] {dagbag.py:588} INFO - Filling up the DagBag from /home/airflow/.local/lib/python3.12/site-packages/airflow/example_dags/example_latest_only_with_trigger.py
[2025-03-06T04:40:14.585+0000] {processor.py:925} INFO - DAG(s) 'latest_only_with_trigger' retrieved from /home/airflow/.local/lib/python3.12/site-packages/airflow/example_dags/example_latest_only_with_trigger.py
[2025-03-06T04:40:14.603+0000] {logging_mixin.py:190} INFO - [2025-03-06T04:40:14.603+0000] {dag.py:3239} INFO - Sync 1 DAGs
[2025-03-06T04:40:14.622+0000] {logging_mixin.py:190} INFO - [2025-03-06T04:40:14.622+0000] {dag.py:4180} INFO - Setting next_dagrun for latest_only_with_trigger to 2025-03-06 00:00:00+00:00, run_after=2025-03-06 04:00:00+00:00
[2025-03-06T04:40:14.637+0000] {processor.py:208} INFO - Processing /home/airflow/.local/lib/python3.12/site-packages/airflow/example_dags/example_latest_only_with_trigger.py took 0.067 seconds
[2025-03-06T04:40:45.423+0000] {processor.py:186} INFO - Started process (PID=15291) to work on /home/airflow/.local/lib/python3.12/site-packages/airflow/example_dags/example_latest_only_with_trigger.py
[2025-03-06T04:40:45.424+0000] {processor.py:914} INFO - Processing file /home/airflow/.local/lib/python3.12/site-packages/airflow/example_dags/example_latest_only_with_trigger.py for tasks to queue
[2025-03-06T04:40:45.426+0000] {logging_mixin.py:190} INFO - [2025-03-06T04:40:45.426+0000] {dagbag.py:588} INFO - Filling up the DagBag from /home/airflow/.local/lib/python3.12/site-packages/airflow/example_dags/example_latest_only_with_trigger.py
[2025-03-06T04:40:45.432+0000] {processor.py:925} INFO - DAG(s) 'latest_only_with_trigger' retrieved from /home/airflow/.local/lib/python3.12/site-packages/airflow/example_dags/example_latest_only_with_trigger.py
[2025-03-06T04:40:45.450+0000] {logging_mixin.py:190} INFO - [2025-03-06T04:40:45.449+0000] {dag.py:3239} INFO - Sync 1 DAGs
[2025-03-06T04:40:45.470+0000] {logging_mixin.py:190} INFO - [2025-03-06T04:40:45.470+0000] {dag.py:4180} INFO - Setting next_dagrun for latest_only_with_trigger to 2025-03-06 00:00:00+00:00, run_after=2025-03-06 04:00:00+00:00
[2025-03-06T04:40:45.485+0000] {processor.py:208} INFO - Processing /home/airflow/.local/lib/python3.12/site-packages/airflow/example_dags/example_latest_only_with_trigger.py took 0.067 seconds
[2025-03-06T04:41:16.724+0000] {processor.py:186} INFO - Started process (PID=15366) to work on /home/airflow/.local/lib/python3.12/site-packages/airflow/example_dags/example_latest_only_with_trigger.py
[2025-03-06T04:41:16.725+0000] {processor.py:914} INFO - Processing file /home/airflow/.local/lib/python3.12/site-packages/airflow/example_dags/example_latest_only_with_trigger.py for tasks to queue
[2025-03-06T04:41:16.727+0000] {logging_mixin.py:190} INFO - [2025-03-06T04:41:16.727+0000] {dagbag.py:588} INFO - Filling up the DagBag from /home/airflow/.local/lib/python3.12/site-packages/airflow/example_dags/example_latest_only_with_trigger.py
[2025-03-06T04:41:16.733+0000] {processor.py:925} INFO - DAG(s) 'latest_only_with_trigger' retrieved from /home/airflow/.local/lib/python3.12/site-packages/airflow/example_dags/example_latest_only_with_trigger.py
[2025-03-06T04:41:16.751+0000] {logging_mixin.py:190} INFO - [2025-03-06T04:41:16.750+0000] {dag.py:3239} INFO - Sync 1 DAGs
[2025-03-06T04:41:16.773+0000] {logging_mixin.py:190} INFO - [2025-03-06T04:41:16.773+0000] {dag.py:4180} INFO - Setting next_dagrun for latest_only_with_trigger to 2025-03-06 00:00:00+00:00, run_after=2025-03-06 04:00:00+00:00
[2025-03-06T04:41:16.788+0000] {processor.py:208} INFO - Processing /home/airflow/.local/lib/python3.12/site-packages/airflow/example_dags/example_latest_only_with_trigger.py took 0.070 seconds
[2025-03-06T04:41:47.834+0000] {processor.py:186} INFO - Started process (PID=15441) to work on /home/airflow/.local/lib/python3.12/site-packages/airflow/example_dags/example_latest_only_with_trigger.py
[2025-03-06T04:41:47.836+0000] {processor.py:914} INFO - Processing file /home/airflow/.local/lib/python3.12/site-packages/airflow/example_dags/example_latest_only_with_trigger.py for tasks to queue
[2025-03-06T04:41:47.842+0000] {logging_mixin.py:190} INFO - [2025-03-06T04:41:47.841+0000] {dagbag.py:588} INFO - Filling up the DagBag from /home/airflow/.local/lib/python3.12/site-packages/airflow/example_dags/example_latest_only_with_trigger.py
[2025-03-06T04:41:47.850+0000] {processor.py:925} INFO - DAG(s) 'latest_only_with_trigger' retrieved from /home/airflow/.local/lib/python3.12/site-packages/airflow/example_dags/example_latest_only_with_trigger.py
[2025-03-06T04:41:47.879+0000] {logging_mixin.py:190} INFO - [2025-03-06T04:41:47.878+0000] {dag.py:3239} INFO - Sync 1 DAGs
[2025-03-06T04:41:47.907+0000] {logging_mixin.py:190} INFO - [2025-03-06T04:41:47.907+0000] {dag.py:4180} INFO - Setting next_dagrun for latest_only_with_trigger to 2025-03-06 00:00:00+00:00, run_after=2025-03-06 04:00:00+00:00
[2025-03-06T04:41:47.936+0000] {processor.py:208} INFO - Processing /home/airflow/.local/lib/python3.12/site-packages/airflow/example_dags/example_latest_only_with_trigger.py took 0.110 seconds
[2025-03-06T04:42:19.267+0000] {processor.py:186} INFO - Started process (PID=15515) to work on /home/airflow/.local/lib/python3.12/site-packages/airflow/example_dags/example_latest_only_with_trigger.py
[2025-03-06T04:42:19.269+0000] {processor.py:914} INFO - Processing file /home/airflow/.local/lib/python3.12/site-packages/airflow/example_dags/example_latest_only_with_trigger.py for tasks to queue
[2025-03-06T04:42:19.271+0000] {logging_mixin.py:190} INFO - [2025-03-06T04:42:19.271+0000] {dagbag.py:588} INFO - Filling up the DagBag from /home/airflow/.local/lib/python3.12/site-packages/airflow/example_dags/example_latest_only_with_trigger.py
[2025-03-06T04:42:19.277+0000] {processor.py:925} INFO - DAG(s) 'latest_only_with_trigger' retrieved from /home/airflow/.local/lib/python3.12/site-packages/airflow/example_dags/example_latest_only_with_trigger.py
[2025-03-06T04:42:19.293+0000] {logging_mixin.py:190} INFO - [2025-03-06T04:42:19.293+0000] {dag.py:3239} INFO - Sync 1 DAGs
[2025-03-06T04:42:19.313+0000] {logging_mixin.py:190} INFO - [2025-03-06T04:42:19.312+0000] {dag.py:4180} INFO - Setting next_dagrun for latest_only_with_trigger to 2025-03-06 00:00:00+00:00, run_after=2025-03-06 04:00:00+00:00
[2025-03-06T04:42:19.327+0000] {processor.py:208} INFO - Processing /home/airflow/.local/lib/python3.12/site-packages/airflow/example_dags/example_latest_only_with_trigger.py took 0.064 seconds
[2025-03-06T11:01:16.608+0000] {processor.py:186} INFO - Started process (PID=148) to work on /home/airflow/.local/lib/python3.12/site-packages/airflow/example_dags/example_latest_only_with_trigger.py
[2025-03-06T11:01:16.611+0000] {processor.py:914} INFO - Processing file /home/airflow/.local/lib/python3.12/site-packages/airflow/example_dags/example_latest_only_with_trigger.py for tasks to queue
[2025-03-06T11:01:16.614+0000] {logging_mixin.py:190} INFO - [2025-03-06T11:01:16.614+0000] {dagbag.py:588} INFO - Filling up the DagBag from /home/airflow/.local/lib/python3.12/site-packages/airflow/example_dags/example_latest_only_with_trigger.py
[2025-03-06T11:01:16.627+0000] {processor.py:925} INFO - DAG(s) 'latest_only_with_trigger' retrieved from /home/airflow/.local/lib/python3.12/site-packages/airflow/example_dags/example_latest_only_with_trigger.py
[2025-03-06T11:01:16.664+0000] {logging_mixin.py:190} INFO - [2025-03-06T11:01:16.663+0000] {dag.py:3239} INFO - Sync 1 DAGs
[2025-03-06T11:01:16.706+0000] {logging_mixin.py:190} INFO - [2025-03-06T11:01:16.706+0000] {dag.py:4180} INFO - Setting next_dagrun for latest_only_with_trigger to 2025-03-06 04:00:00+00:00, run_after=2025-03-06 08:00:00+00:00
[2025-03-06T11:01:16.740+0000] {processor.py:208} INFO - Processing /home/airflow/.local/lib/python3.12/site-packages/airflow/example_dags/example_latest_only_with_trigger.py took 0.140 seconds
[2025-03-06T11:01:47.956+0000] {processor.py:186} INFO - Started process (PID=223) to work on /home/airflow/.local/lib/python3.12/site-packages/airflow/example_dags/example_latest_only_with_trigger.py
[2025-03-06T11:01:47.958+0000] {processor.py:914} INFO - Processing file /home/airflow/.local/lib/python3.12/site-packages/airflow/example_dags/example_latest_only_with_trigger.py for tasks to queue
[2025-03-06T11:01:47.960+0000] {logging_mixin.py:190} INFO - [2025-03-06T11:01:47.960+0000] {dagbag.py:588} INFO - Filling up the DagBag from /home/airflow/.local/lib/python3.12/site-packages/airflow/example_dags/example_latest_only_with_trigger.py
[2025-03-06T11:01:47.968+0000] {processor.py:925} INFO - DAG(s) 'latest_only_with_trigger' retrieved from /home/airflow/.local/lib/python3.12/site-packages/airflow/example_dags/example_latest_only_with_trigger.py
[2025-03-06T11:01:47.990+0000] {logging_mixin.py:190} INFO - [2025-03-06T11:01:47.990+0000] {dag.py:3239} INFO - Sync 1 DAGs
[2025-03-06T11:01:48.012+0000] {logging_mixin.py:190} INFO - [2025-03-06T11:01:48.011+0000] {dag.py:4180} INFO - Setting next_dagrun for latest_only_with_trigger to 2025-03-06 04:00:00+00:00, run_after=2025-03-06 08:00:00+00:00
[2025-03-06T11:01:48.029+0000] {processor.py:208} INFO - Processing /home/airflow/.local/lib/python3.12/site-packages/airflow/example_dags/example_latest_only_with_trigger.py took 0.079 seconds
[2025-03-06T11:02:18.932+0000] {processor.py:186} INFO - Started process (PID=298) to work on /home/airflow/.local/lib/python3.12/site-packages/airflow/example_dags/example_latest_only_with_trigger.py
[2025-03-06T11:02:18.933+0000] {processor.py:914} INFO - Processing file /home/airflow/.local/lib/python3.12/site-packages/airflow/example_dags/example_latest_only_with_trigger.py for tasks to queue
[2025-03-06T11:02:18.937+0000] {logging_mixin.py:190} INFO - [2025-03-06T11:02:18.936+0000] {dagbag.py:588} INFO - Filling up the DagBag from /home/airflow/.local/lib/python3.12/site-packages/airflow/example_dags/example_latest_only_with_trigger.py
[2025-03-06T11:02:18.948+0000] {processor.py:925} INFO - DAG(s) 'latest_only_with_trigger' retrieved from /home/airflow/.local/lib/python3.12/site-packages/airflow/example_dags/example_latest_only_with_trigger.py
[2025-03-06T11:02:18.971+0000] {logging_mixin.py:190} INFO - [2025-03-06T11:02:18.970+0000] {dag.py:3239} INFO - Sync 1 DAGs
[2025-03-06T11:02:19.002+0000] {logging_mixin.py:190} INFO - [2025-03-06T11:02:19.002+0000] {dag.py:4180} INFO - Setting next_dagrun for latest_only_with_trigger to 2025-03-06 04:00:00+00:00, run_after=2025-03-06 08:00:00+00:00
[2025-03-06T11:02:19.029+0000] {processor.py:208} INFO - Processing /home/airflow/.local/lib/python3.12/site-packages/airflow/example_dags/example_latest_only_with_trigger.py took 0.103 seconds
[2025-03-06T11:02:50.402+0000] {processor.py:186} INFO - Started process (PID=373) to work on /home/airflow/.local/lib/python3.12/site-packages/airflow/example_dags/example_latest_only_with_trigger.py
[2025-03-06T11:02:50.404+0000] {processor.py:914} INFO - Processing file /home/airflow/.local/lib/python3.12/site-packages/airflow/example_dags/example_latest_only_with_trigger.py for tasks to queue
[2025-03-06T11:02:50.408+0000] {logging_mixin.py:190} INFO - [2025-03-06T11:02:50.407+0000] {dagbag.py:588} INFO - Filling up the DagBag from /home/airflow/.local/lib/python3.12/site-packages/airflow/example_dags/example_latest_only_with_trigger.py
[2025-03-06T11:02:50.422+0000] {processor.py:925} INFO - DAG(s) 'latest_only_with_trigger' retrieved from /home/airflow/.local/lib/python3.12/site-packages/airflow/example_dags/example_latest_only_with_trigger.py
[2025-03-06T11:02:50.455+0000] {logging_mixin.py:190} INFO - [2025-03-06T11:02:50.454+0000] {dag.py:3239} INFO - Sync 1 DAGs
[2025-03-06T11:02:50.490+0000] {logging_mixin.py:190} INFO - [2025-03-06T11:02:50.489+0000] {dag.py:4180} INFO - Setting next_dagrun for latest_only_with_trigger to 2025-03-06 04:00:00+00:00, run_after=2025-03-06 08:00:00+00:00
[2025-03-06T11:02:50.519+0000] {processor.py:208} INFO - Processing /home/airflow/.local/lib/python3.12/site-packages/airflow/example_dags/example_latest_only_with_trigger.py took 0.127 seconds
[2025-03-06T11:03:20.874+0000] {processor.py:186} INFO - Started process (PID=449) to work on /home/airflow/.local/lib/python3.12/site-packages/airflow/example_dags/example_latest_only_with_trigger.py
[2025-03-06T11:03:20.875+0000] {processor.py:914} INFO - Processing file /home/airflow/.local/lib/python3.12/site-packages/airflow/example_dags/example_latest_only_with_trigger.py for tasks to queue
[2025-03-06T11:03:20.877+0000] {logging_mixin.py:190} INFO - [2025-03-06T11:03:20.877+0000] {dagbag.py:588} INFO - Filling up the DagBag from /home/airflow/.local/lib/python3.12/site-packages/airflow/example_dags/example_latest_only_with_trigger.py
[2025-03-06T11:03:20.884+0000] {processor.py:925} INFO - DAG(s) 'latest_only_with_trigger' retrieved from /home/airflow/.local/lib/python3.12/site-packages/airflow/example_dags/example_latest_only_with_trigger.py
[2025-03-06T11:03:20.901+0000] {logging_mixin.py:190} INFO - [2025-03-06T11:03:20.901+0000] {dag.py:3239} INFO - Sync 1 DAGs
[2025-03-06T11:03:20.921+0000] {logging_mixin.py:190} INFO - [2025-03-06T11:03:20.921+0000] {dag.py:4180} INFO - Setting next_dagrun for latest_only_with_trigger to 2025-03-06 04:00:00+00:00, run_after=2025-03-06 08:00:00+00:00
[2025-03-06T11:03:20.935+0000] {processor.py:208} INFO - Processing /home/airflow/.local/lib/python3.12/site-packages/airflow/example_dags/example_latest_only_with_trigger.py took 0.067 seconds
[2025-03-06T11:03:51.609+0000] {processor.py:186} INFO - Started process (PID=524) to work on /home/airflow/.local/lib/python3.12/site-packages/airflow/example_dags/example_latest_only_with_trigger.py
[2025-03-06T11:03:51.610+0000] {processor.py:914} INFO - Processing file /home/airflow/.local/lib/python3.12/site-packages/airflow/example_dags/example_latest_only_with_trigger.py for tasks to queue
[2025-03-06T11:03:51.612+0000] {logging_mixin.py:190} INFO - [2025-03-06T11:03:51.612+0000] {dagbag.py:588} INFO - Filling up the DagBag from /home/airflow/.local/lib/python3.12/site-packages/airflow/example_dags/example_latest_only_with_trigger.py
[2025-03-06T11:03:51.620+0000] {processor.py:925} INFO - DAG(s) 'latest_only_with_trigger' retrieved from /home/airflow/.local/lib/python3.12/site-packages/airflow/example_dags/example_latest_only_with_trigger.py
[2025-03-06T11:03:51.639+0000] {logging_mixin.py:190} INFO - [2025-03-06T11:03:51.639+0000] {dag.py:3239} INFO - Sync 1 DAGs
[2025-03-06T11:03:51.660+0000] {logging_mixin.py:190} INFO - [2025-03-06T11:03:51.660+0000] {dag.py:4180} INFO - Setting next_dagrun for latest_only_with_trigger to 2025-03-06 04:00:00+00:00, run_after=2025-03-06 08:00:00+00:00
[2025-03-06T11:03:51.679+0000] {processor.py:208} INFO - Processing /home/airflow/.local/lib/python3.12/site-packages/airflow/example_dags/example_latest_only_with_trigger.py took 0.074 seconds
[2025-03-06T11:04:22.338+0000] {processor.py:186} INFO - Started process (PID=599) to work on /home/airflow/.local/lib/python3.12/site-packages/airflow/example_dags/example_latest_only_with_trigger.py
[2025-03-06T11:04:22.339+0000] {processor.py:914} INFO - Processing file /home/airflow/.local/lib/python3.12/site-packages/airflow/example_dags/example_latest_only_with_trigger.py for tasks to queue
[2025-03-06T11:04:22.342+0000] {logging_mixin.py:190} INFO - [2025-03-06T11:04:22.342+0000] {dagbag.py:588} INFO - Filling up the DagBag from /home/airflow/.local/lib/python3.12/site-packages/airflow/example_dags/example_latest_only_with_trigger.py
[2025-03-06T11:04:22.349+0000] {processor.py:925} INFO - DAG(s) 'latest_only_with_trigger' retrieved from /home/airflow/.local/lib/python3.12/site-packages/airflow/example_dags/example_latest_only_with_trigger.py
[2025-03-06T11:04:22.367+0000] {logging_mixin.py:190} INFO - [2025-03-06T11:04:22.367+0000] {dag.py:3239} INFO - Sync 1 DAGs
[2025-03-06T11:04:22.385+0000] {logging_mixin.py:190} INFO - [2025-03-06T11:04:22.385+0000] {dag.py:4180} INFO - Setting next_dagrun for latest_only_with_trigger to 2025-03-06 04:00:00+00:00, run_after=2025-03-06 08:00:00+00:00
[2025-03-06T11:04:22.401+0000] {processor.py:208} INFO - Processing /home/airflow/.local/lib/python3.12/site-packages/airflow/example_dags/example_latest_only_with_trigger.py took 0.067 seconds
[2025-03-06T11:04:53.494+0000] {processor.py:186} INFO - Started process (PID=674) to work on /home/airflow/.local/lib/python3.12/site-packages/airflow/example_dags/example_latest_only_with_trigger.py
[2025-03-06T11:04:53.496+0000] {processor.py:914} INFO - Processing file /home/airflow/.local/lib/python3.12/site-packages/airflow/example_dags/example_latest_only_with_trigger.py for tasks to queue
[2025-03-06T11:04:53.498+0000] {logging_mixin.py:190} INFO - [2025-03-06T11:04:53.498+0000] {dagbag.py:588} INFO - Filling up the DagBag from /home/airflow/.local/lib/python3.12/site-packages/airflow/example_dags/example_latest_only_with_trigger.py
[2025-03-06T11:04:53.506+0000] {processor.py:925} INFO - DAG(s) 'latest_only_with_trigger' retrieved from /home/airflow/.local/lib/python3.12/site-packages/airflow/example_dags/example_latest_only_with_trigger.py
[2025-03-06T11:04:53.527+0000] {logging_mixin.py:190} INFO - [2025-03-06T11:04:53.526+0000] {dag.py:3239} INFO - Sync 1 DAGs
[2025-03-06T11:04:53.551+0000] {logging_mixin.py:190} INFO - [2025-03-06T11:04:53.551+0000] {dag.py:4180} INFO - Setting next_dagrun for latest_only_with_trigger to 2025-03-06 04:00:00+00:00, run_after=2025-03-06 08:00:00+00:00
[2025-03-06T11:04:53.570+0000] {processor.py:208} INFO - Processing /home/airflow/.local/lib/python3.12/site-packages/airflow/example_dags/example_latest_only_with_trigger.py took 0.081 seconds
[2025-03-06T11:05:24.545+0000] {processor.py:186} INFO - Started process (PID=773) to work on /home/airflow/.local/lib/python3.12/site-packages/airflow/example_dags/example_latest_only_with_trigger.py
[2025-03-06T11:05:24.546+0000] {processor.py:914} INFO - Processing file /home/airflow/.local/lib/python3.12/site-packages/airflow/example_dags/example_latest_only_with_trigger.py for tasks to queue
[2025-03-06T11:05:24.549+0000] {logging_mixin.py:190} INFO - [2025-03-06T11:05:24.549+0000] {dagbag.py:588} INFO - Filling up the DagBag from /home/airflow/.local/lib/python3.12/site-packages/airflow/example_dags/example_latest_only_with_trigger.py
[2025-03-06T11:05:24.559+0000] {processor.py:925} INFO - DAG(s) 'latest_only_with_trigger' retrieved from /home/airflow/.local/lib/python3.12/site-packages/airflow/example_dags/example_latest_only_with_trigger.py
[2025-03-06T11:05:24.584+0000] {logging_mixin.py:190} INFO - [2025-03-06T11:05:24.584+0000] {dag.py:3239} INFO - Sync 1 DAGs
[2025-03-06T11:05:24.613+0000] {logging_mixin.py:190} INFO - [2025-03-06T11:05:24.613+0000] {dag.py:4180} INFO - Setting next_dagrun for latest_only_with_trigger to 2025-03-06 04:00:00+00:00, run_after=2025-03-06 08:00:00+00:00
[2025-03-06T11:05:24.636+0000] {processor.py:208} INFO - Processing /home/airflow/.local/lib/python3.12/site-packages/airflow/example_dags/example_latest_only_with_trigger.py took 0.098 seconds
[2025-03-06T11:05:55.897+0000] {processor.py:186} INFO - Started process (PID=860) to work on /home/airflow/.local/lib/python3.12/site-packages/airflow/example_dags/example_latest_only_with_trigger.py
[2025-03-06T11:05:55.898+0000] {processor.py:914} INFO - Processing file /home/airflow/.local/lib/python3.12/site-packages/airflow/example_dags/example_latest_only_with_trigger.py for tasks to queue
[2025-03-06T11:05:55.901+0000] {logging_mixin.py:190} INFO - [2025-03-06T11:05:55.901+0000] {dagbag.py:588} INFO - Filling up the DagBag from /home/airflow/.local/lib/python3.12/site-packages/airflow/example_dags/example_latest_only_with_trigger.py
[2025-03-06T11:05:55.912+0000] {processor.py:925} INFO - DAG(s) 'latest_only_with_trigger' retrieved from /home/airflow/.local/lib/python3.12/site-packages/airflow/example_dags/example_latest_only_with_trigger.py
[2025-03-06T11:05:55.938+0000] {logging_mixin.py:190} INFO - [2025-03-06T11:05:55.938+0000] {dag.py:3239} INFO - Sync 1 DAGs
[2025-03-06T11:05:55.973+0000] {logging_mixin.py:190} INFO - [2025-03-06T11:05:55.972+0000] {dag.py:4180} INFO - Setting next_dagrun for latest_only_with_trigger to 2025-03-06 04:00:00+00:00, run_after=2025-03-06 08:00:00+00:00
[2025-03-06T11:05:56.000+0000] {processor.py:208} INFO - Processing /home/airflow/.local/lib/python3.12/site-packages/airflow/example_dags/example_latest_only_with_trigger.py took 0.109 seconds
[2025-03-06T11:07:43.284+0000] {processor.py:186} INFO - Started process (PID=963) to work on /home/airflow/.local/lib/python3.12/site-packages/airflow/example_dags/example_latest_only_with_trigger.py
[2025-03-06T11:07:43.289+0000] {processor.py:914} INFO - Processing file /home/airflow/.local/lib/python3.12/site-packages/airflow/example_dags/example_latest_only_with_trigger.py for tasks to queue
[2025-03-06T11:07:43.294+0000] {logging_mixin.py:190} INFO - [2025-03-06T11:07:43.293+0000] {dagbag.py:588} INFO - Filling up the DagBag from /home/airflow/.local/lib/python3.12/site-packages/airflow/example_dags/example_latest_only_with_trigger.py
[2025-03-06T11:07:43.315+0000] {processor.py:925} INFO - DAG(s) 'latest_only_with_trigger' retrieved from /home/airflow/.local/lib/python3.12/site-packages/airflow/example_dags/example_latest_only_with_trigger.py
[2025-03-06T11:07:43.381+0000] {logging_mixin.py:190} INFO - [2025-03-06T11:07:43.381+0000] {dag.py:3239} INFO - Sync 1 DAGs
[2025-03-06T11:07:43.467+0000] {logging_mixin.py:190} INFO - [2025-03-06T11:07:43.464+0000] {dag.py:4180} INFO - Setting next_dagrun for latest_only_with_trigger to 2025-03-06 04:00:00+00:00, run_after=2025-03-06 08:00:00+00:00
[2025-03-06T11:07:43.552+0000] {processor.py:208} INFO - Processing /home/airflow/.local/lib/python3.12/site-packages/airflow/example_dags/example_latest_only_with_trigger.py took 0.290 seconds
[2025-03-06T11:08:13.735+0000] {processor.py:186} INFO - Started process (PID=1038) to work on /home/airflow/.local/lib/python3.12/site-packages/airflow/example_dags/example_latest_only_with_trigger.py
[2025-03-06T11:08:13.737+0000] {processor.py:914} INFO - Processing file /home/airflow/.local/lib/python3.12/site-packages/airflow/example_dags/example_latest_only_with_trigger.py for tasks to queue
[2025-03-06T11:08:13.738+0000] {logging_mixin.py:190} INFO - [2025-03-06T11:08:13.738+0000] {dagbag.py:588} INFO - Filling up the DagBag from /home/airflow/.local/lib/python3.12/site-packages/airflow/example_dags/example_latest_only_with_trigger.py
[2025-03-06T11:08:13.750+0000] {processor.py:925} INFO - DAG(s) 'latest_only_with_trigger' retrieved from /home/airflow/.local/lib/python3.12/site-packages/airflow/example_dags/example_latest_only_with_trigger.py
[2025-03-06T11:08:13.775+0000] {logging_mixin.py:190} INFO - [2025-03-06T11:08:13.775+0000] {dag.py:3239} INFO - Sync 1 DAGs
[2025-03-06T11:08:13.798+0000] {logging_mixin.py:190} INFO - [2025-03-06T11:08:13.798+0000] {dag.py:4180} INFO - Setting next_dagrun for latest_only_with_trigger to 2025-03-06 04:00:00+00:00, run_after=2025-03-06 08:00:00+00:00
[2025-03-06T11:08:13.817+0000] {processor.py:208} INFO - Processing /home/airflow/.local/lib/python3.12/site-packages/airflow/example_dags/example_latest_only_with_trigger.py took 0.087 seconds
[2025-03-06T11:08:44.326+0000] {processor.py:186} INFO - Started process (PID=1113) to work on /home/airflow/.local/lib/python3.12/site-packages/airflow/example_dags/example_latest_only_with_trigger.py
[2025-03-06T11:08:44.327+0000] {processor.py:914} INFO - Processing file /home/airflow/.local/lib/python3.12/site-packages/airflow/example_dags/example_latest_only_with_trigger.py for tasks to queue
[2025-03-06T11:08:44.328+0000] {logging_mixin.py:190} INFO - [2025-03-06T11:08:44.328+0000] {dagbag.py:588} INFO - Filling up the DagBag from /home/airflow/.local/lib/python3.12/site-packages/airflow/example_dags/example_latest_only_with_trigger.py
[2025-03-06T11:08:44.340+0000] {processor.py:925} INFO - DAG(s) 'latest_only_with_trigger' retrieved from /home/airflow/.local/lib/python3.12/site-packages/airflow/example_dags/example_latest_only_with_trigger.py
[2025-03-06T11:08:44.365+0000] {logging_mixin.py:190} INFO - [2025-03-06T11:08:44.364+0000] {dag.py:3239} INFO - Sync 1 DAGs
[2025-03-06T11:08:44.390+0000] {logging_mixin.py:190} INFO - [2025-03-06T11:08:44.390+0000] {dag.py:4180} INFO - Setting next_dagrun for latest_only_with_trigger to 2025-03-06 04:00:00+00:00, run_after=2025-03-06 08:00:00+00:00
[2025-03-06T11:08:44.415+0000] {processor.py:208} INFO - Processing /home/airflow/.local/lib/python3.12/site-packages/airflow/example_dags/example_latest_only_with_trigger.py took 0.093 seconds
[2025-03-06T11:09:15.295+0000] {processor.py:186} INFO - Started process (PID=1188) to work on /home/airflow/.local/lib/python3.12/site-packages/airflow/example_dags/example_latest_only_with_trigger.py
[2025-03-06T11:09:15.296+0000] {processor.py:914} INFO - Processing file /home/airflow/.local/lib/python3.12/site-packages/airflow/example_dags/example_latest_only_with_trigger.py for tasks to queue
[2025-03-06T11:09:15.297+0000] {logging_mixin.py:190} INFO - [2025-03-06T11:09:15.297+0000] {dagbag.py:588} INFO - Filling up the DagBag from /home/airflow/.local/lib/python3.12/site-packages/airflow/example_dags/example_latest_only_with_trigger.py
[2025-03-06T11:09:15.305+0000] {processor.py:925} INFO - DAG(s) 'latest_only_with_trigger' retrieved from /home/airflow/.local/lib/python3.12/site-packages/airflow/example_dags/example_latest_only_with_trigger.py
[2025-03-06T11:09:15.328+0000] {logging_mixin.py:190} INFO - [2025-03-06T11:09:15.328+0000] {dag.py:3239} INFO - Sync 1 DAGs
[2025-03-06T11:09:15.352+0000] {logging_mixin.py:190} INFO - [2025-03-06T11:09:15.352+0000] {dag.py:4180} INFO - Setting next_dagrun for latest_only_with_trigger to 2025-03-06 04:00:00+00:00, run_after=2025-03-06 08:00:00+00:00
[2025-03-06T11:09:15.371+0000] {processor.py:208} INFO - Processing /home/airflow/.local/lib/python3.12/site-packages/airflow/example_dags/example_latest_only_with_trigger.py took 0.083 seconds
[2025-03-06T11:09:45.424+0000] {processor.py:186} INFO - Started process (PID=1263) to work on /home/airflow/.local/lib/python3.12/site-packages/airflow/example_dags/example_latest_only_with_trigger.py
[2025-03-06T11:09:45.425+0000] {processor.py:914} INFO - Processing file /home/airflow/.local/lib/python3.12/site-packages/airflow/example_dags/example_latest_only_with_trigger.py for tasks to queue
[2025-03-06T11:09:45.426+0000] {logging_mixin.py:190} INFO - [2025-03-06T11:09:45.426+0000] {dagbag.py:588} INFO - Filling up the DagBag from /home/airflow/.local/lib/python3.12/site-packages/airflow/example_dags/example_latest_only_with_trigger.py
[2025-03-06T11:09:45.435+0000] {processor.py:925} INFO - DAG(s) 'latest_only_with_trigger' retrieved from /home/airflow/.local/lib/python3.12/site-packages/airflow/example_dags/example_latest_only_with_trigger.py
[2025-03-06T11:09:45.452+0000] {logging_mixin.py:190} INFO - [2025-03-06T11:09:45.452+0000] {dag.py:3239} INFO - Sync 1 DAGs
[2025-03-06T11:09:45.472+0000] {logging_mixin.py:190} INFO - [2025-03-06T11:09:45.472+0000] {dag.py:4180} INFO - Setting next_dagrun for latest_only_with_trigger to 2025-03-06 04:00:00+00:00, run_after=2025-03-06 08:00:00+00:00
[2025-03-06T11:09:45.488+0000] {processor.py:208} INFO - Processing /home/airflow/.local/lib/python3.12/site-packages/airflow/example_dags/example_latest_only_with_trigger.py took 0.070 seconds
[2025-03-06T11:10:16.366+0000] {processor.py:186} INFO - Started process (PID=1338) to work on /home/airflow/.local/lib/python3.12/site-packages/airflow/example_dags/example_latest_only_with_trigger.py
[2025-03-06T11:10:16.367+0000] {processor.py:914} INFO - Processing file /home/airflow/.local/lib/python3.12/site-packages/airflow/example_dags/example_latest_only_with_trigger.py for tasks to queue
[2025-03-06T11:10:16.369+0000] {logging_mixin.py:190} INFO - [2025-03-06T11:10:16.368+0000] {dagbag.py:588} INFO - Filling up the DagBag from /home/airflow/.local/lib/python3.12/site-packages/airflow/example_dags/example_latest_only_with_trigger.py
[2025-03-06T11:10:16.376+0000] {processor.py:925} INFO - DAG(s) 'latest_only_with_trigger' retrieved from /home/airflow/.local/lib/python3.12/site-packages/airflow/example_dags/example_latest_only_with_trigger.py
[2025-03-06T11:10:16.394+0000] {logging_mixin.py:190} INFO - [2025-03-06T11:10:16.394+0000] {dag.py:3239} INFO - Sync 1 DAGs
[2025-03-06T11:10:16.411+0000] {logging_mixin.py:190} INFO - [2025-03-06T11:10:16.411+0000] {dag.py:4180} INFO - Setting next_dagrun for latest_only_with_trigger to 2025-03-06 04:00:00+00:00, run_after=2025-03-06 08:00:00+00:00
[2025-03-06T11:10:16.428+0000] {processor.py:208} INFO - Processing /home/airflow/.local/lib/python3.12/site-packages/airflow/example_dags/example_latest_only_with_trigger.py took 0.067 seconds
[2025-03-06T11:10:47.511+0000] {processor.py:186} INFO - Started process (PID=1414) to work on /home/airflow/.local/lib/python3.12/site-packages/airflow/example_dags/example_latest_only_with_trigger.py
[2025-03-06T11:10:47.512+0000] {processor.py:914} INFO - Processing file /home/airflow/.local/lib/python3.12/site-packages/airflow/example_dags/example_latest_only_with_trigger.py for tasks to queue
[2025-03-06T11:10:47.513+0000] {logging_mixin.py:190} INFO - [2025-03-06T11:10:47.513+0000] {dagbag.py:588} INFO - Filling up the DagBag from /home/airflow/.local/lib/python3.12/site-packages/airflow/example_dags/example_latest_only_with_trigger.py
[2025-03-06T11:10:47.521+0000] {processor.py:925} INFO - DAG(s) 'latest_only_with_trigger' retrieved from /home/airflow/.local/lib/python3.12/site-packages/airflow/example_dags/example_latest_only_with_trigger.py
[2025-03-06T11:10:47.539+0000] {logging_mixin.py:190} INFO - [2025-03-06T11:10:47.538+0000] {dag.py:3239} INFO - Sync 1 DAGs
[2025-03-06T11:10:47.558+0000] {logging_mixin.py:190} INFO - [2025-03-06T11:10:47.557+0000] {dag.py:4180} INFO - Setting next_dagrun for latest_only_with_trigger to 2025-03-06 04:00:00+00:00, run_after=2025-03-06 08:00:00+00:00
[2025-03-06T11:10:47.578+0000] {processor.py:208} INFO - Processing /home/airflow/.local/lib/python3.12/site-packages/airflow/example_dags/example_latest_only_with_trigger.py took 0.072 seconds
[2025-03-06T11:11:18.587+0000] {processor.py:186} INFO - Started process (PID=1489) to work on /home/airflow/.local/lib/python3.12/site-packages/airflow/example_dags/example_latest_only_with_trigger.py
[2025-03-06T11:11:18.588+0000] {processor.py:914} INFO - Processing file /home/airflow/.local/lib/python3.12/site-packages/airflow/example_dags/example_latest_only_with_trigger.py for tasks to queue
[2025-03-06T11:11:18.589+0000] {logging_mixin.py:190} INFO - [2025-03-06T11:11:18.589+0000] {dagbag.py:588} INFO - Filling up the DagBag from /home/airflow/.local/lib/python3.12/site-packages/airflow/example_dags/example_latest_only_with_trigger.py
[2025-03-06T11:11:18.597+0000] {processor.py:925} INFO - DAG(s) 'latest_only_with_trigger' retrieved from /home/airflow/.local/lib/python3.12/site-packages/airflow/example_dags/example_latest_only_with_trigger.py
[2025-03-06T11:11:18.614+0000] {logging_mixin.py:190} INFO - [2025-03-06T11:11:18.614+0000] {dag.py:3239} INFO - Sync 1 DAGs
[2025-03-06T11:11:18.633+0000] {logging_mixin.py:190} INFO - [2025-03-06T11:11:18.633+0000] {dag.py:4180} INFO - Setting next_dagrun for latest_only_with_trigger to 2025-03-06 04:00:00+00:00, run_after=2025-03-06 08:00:00+00:00
[2025-03-06T11:11:18.652+0000] {processor.py:208} INFO - Processing /home/airflow/.local/lib/python3.12/site-packages/airflow/example_dags/example_latest_only_with_trigger.py took 0.070 seconds
[2025-03-06T11:11:49.686+0000] {processor.py:186} INFO - Started process (PID=1564) to work on /home/airflow/.local/lib/python3.12/site-packages/airflow/example_dags/example_latest_only_with_trigger.py
[2025-03-06T11:11:49.687+0000] {processor.py:914} INFO - Processing file /home/airflow/.local/lib/python3.12/site-packages/airflow/example_dags/example_latest_only_with_trigger.py for tasks to queue
[2025-03-06T11:11:49.688+0000] {logging_mixin.py:190} INFO - [2025-03-06T11:11:49.688+0000] {dagbag.py:588} INFO - Filling up the DagBag from /home/airflow/.local/lib/python3.12/site-packages/airflow/example_dags/example_latest_only_with_trigger.py
[2025-03-06T11:11:49.695+0000] {processor.py:925} INFO - DAG(s) 'latest_only_with_trigger' retrieved from /home/airflow/.local/lib/python3.12/site-packages/airflow/example_dags/example_latest_only_with_trigger.py
[2025-03-06T11:11:49.711+0000] {logging_mixin.py:190} INFO - [2025-03-06T11:11:49.711+0000] {dag.py:3239} INFO - Sync 1 DAGs
[2025-03-06T11:11:49.729+0000] {logging_mixin.py:190} INFO - [2025-03-06T11:11:49.729+0000] {dag.py:4180} INFO - Setting next_dagrun for latest_only_with_trigger to 2025-03-06 04:00:00+00:00, run_after=2025-03-06 08:00:00+00:00
[2025-03-06T11:11:49.745+0000] {processor.py:208} INFO - Processing /home/airflow/.local/lib/python3.12/site-packages/airflow/example_dags/example_latest_only_with_trigger.py took 0.064 seconds
[2025-03-06T11:12:20.639+0000] {processor.py:186} INFO - Started process (PID=1639) to work on /home/airflow/.local/lib/python3.12/site-packages/airflow/example_dags/example_latest_only_with_trigger.py
[2025-03-06T11:12:20.640+0000] {processor.py:914} INFO - Processing file /home/airflow/.local/lib/python3.12/site-packages/airflow/example_dags/example_latest_only_with_trigger.py for tasks to queue
[2025-03-06T11:12:20.642+0000] {logging_mixin.py:190} INFO - [2025-03-06T11:12:20.642+0000] {dagbag.py:588} INFO - Filling up the DagBag from /home/airflow/.local/lib/python3.12/site-packages/airflow/example_dags/example_latest_only_with_trigger.py
[2025-03-06T11:12:20.653+0000] {processor.py:925} INFO - DAG(s) 'latest_only_with_trigger' retrieved from /home/airflow/.local/lib/python3.12/site-packages/airflow/example_dags/example_latest_only_with_trigger.py
[2025-03-06T11:12:20.675+0000] {logging_mixin.py:190} INFO - [2025-03-06T11:12:20.675+0000] {dag.py:3239} INFO - Sync 1 DAGs
[2025-03-06T11:12:20.704+0000] {logging_mixin.py:190} INFO - [2025-03-06T11:12:20.704+0000] {dag.py:4180} INFO - Setting next_dagrun for latest_only_with_trigger to 2025-03-06 04:00:00+00:00, run_after=2025-03-06 08:00:00+00:00
[2025-03-06T11:12:20.730+0000] {processor.py:208} INFO - Processing /home/airflow/.local/lib/python3.12/site-packages/airflow/example_dags/example_latest_only_with_trigger.py took 0.097 seconds
[2025-03-06T11:12:51.945+0000] {processor.py:186} INFO - Started process (PID=1715) to work on /home/airflow/.local/lib/python3.12/site-packages/airflow/example_dags/example_latest_only_with_trigger.py
[2025-03-06T11:12:51.946+0000] {processor.py:914} INFO - Processing file /home/airflow/.local/lib/python3.12/site-packages/airflow/example_dags/example_latest_only_with_trigger.py for tasks to queue
[2025-03-06T11:12:51.947+0000] {logging_mixin.py:190} INFO - [2025-03-06T11:12:51.947+0000] {dagbag.py:588} INFO - Filling up the DagBag from /home/airflow/.local/lib/python3.12/site-packages/airflow/example_dags/example_latest_only_with_trigger.py
[2025-03-06T11:12:51.957+0000] {processor.py:925} INFO - DAG(s) 'latest_only_with_trigger' retrieved from /home/airflow/.local/lib/python3.12/site-packages/airflow/example_dags/example_latest_only_with_trigger.py
[2025-03-06T11:12:51.980+0000] {logging_mixin.py:190} INFO - [2025-03-06T11:12:51.980+0000] {dag.py:3239} INFO - Sync 1 DAGs
[2025-03-06T11:12:52.004+0000] {logging_mixin.py:190} INFO - [2025-03-06T11:12:52.003+0000] {dag.py:4180} INFO - Setting next_dagrun for latest_only_with_trigger to 2025-03-06 04:00:00+00:00, run_after=2025-03-06 08:00:00+00:00
[2025-03-06T11:12:52.025+0000] {processor.py:208} INFO - Processing /home/airflow/.local/lib/python3.12/site-packages/airflow/example_dags/example_latest_only_with_trigger.py took 0.087 seconds
[2025-03-06T11:13:23.514+0000] {processor.py:186} INFO - Started process (PID=1789) to work on /home/airflow/.local/lib/python3.12/site-packages/airflow/example_dags/example_latest_only_with_trigger.py
[2025-03-06T11:13:23.515+0000] {processor.py:914} INFO - Processing file /home/airflow/.local/lib/python3.12/site-packages/airflow/example_dags/example_latest_only_with_trigger.py for tasks to queue
[2025-03-06T11:13:23.517+0000] {logging_mixin.py:190} INFO - [2025-03-06T11:13:23.517+0000] {dagbag.py:588} INFO - Filling up the DagBag from /home/airflow/.local/lib/python3.12/site-packages/airflow/example_dags/example_latest_only_with_trigger.py
[2025-03-06T11:13:23.530+0000] {processor.py:925} INFO - DAG(s) 'latest_only_with_trigger' retrieved from /home/airflow/.local/lib/python3.12/site-packages/airflow/example_dags/example_latest_only_with_trigger.py
[2025-03-06T11:13:23.557+0000] {logging_mixin.py:190} INFO - [2025-03-06T11:13:23.557+0000] {dag.py:3239} INFO - Sync 1 DAGs
[2025-03-06T11:13:23.578+0000] {logging_mixin.py:190} INFO - [2025-03-06T11:13:23.578+0000] {dag.py:4180} INFO - Setting next_dagrun for latest_only_with_trigger to 2025-03-06 04:00:00+00:00, run_after=2025-03-06 08:00:00+00:00
[2025-03-06T11:13:23.598+0000] {processor.py:208} INFO - Processing /home/airflow/.local/lib/python3.12/site-packages/airflow/example_dags/example_latest_only_with_trigger.py took 0.093 seconds
[2025-03-06T11:13:55.149+0000] {processor.py:186} INFO - Started process (PID=1868) to work on /home/airflow/.local/lib/python3.12/site-packages/airflow/example_dags/example_latest_only_with_trigger.py
[2025-03-06T11:13:55.150+0000] {processor.py:914} INFO - Processing file /home/airflow/.local/lib/python3.12/site-packages/airflow/example_dags/example_latest_only_with_trigger.py for tasks to queue
[2025-03-06T11:13:55.152+0000] {logging_mixin.py:190} INFO - [2025-03-06T11:13:55.151+0000] {dagbag.py:588} INFO - Filling up the DagBag from /home/airflow/.local/lib/python3.12/site-packages/airflow/example_dags/example_latest_only_with_trigger.py
[2025-03-06T11:13:55.162+0000] {processor.py:925} INFO - DAG(s) 'latest_only_with_trigger' retrieved from /home/airflow/.local/lib/python3.12/site-packages/airflow/example_dags/example_latest_only_with_trigger.py
[2025-03-06T11:13:55.185+0000] {logging_mixin.py:190} INFO - [2025-03-06T11:13:55.185+0000] {dag.py:3239} INFO - Sync 1 DAGs
[2025-03-06T11:13:55.211+0000] {logging_mixin.py:190} INFO - [2025-03-06T11:13:55.211+0000] {dag.py:4180} INFO - Setting next_dagrun for latest_only_with_trigger to 2025-03-06 04:00:00+00:00, run_after=2025-03-06 08:00:00+00:00
[2025-03-06T11:13:55.240+0000] {processor.py:208} INFO - Processing /home/airflow/.local/lib/python3.12/site-packages/airflow/example_dags/example_latest_only_with_trigger.py took 0.098 seconds
[2025-03-06T11:14:26.856+0000] {processor.py:186} INFO - Started process (PID=1943) to work on /home/airflow/.local/lib/python3.12/site-packages/airflow/example_dags/example_latest_only_with_trigger.py
[2025-03-06T11:14:26.858+0000] {processor.py:914} INFO - Processing file /home/airflow/.local/lib/python3.12/site-packages/airflow/example_dags/example_latest_only_with_trigger.py for tasks to queue
[2025-03-06T11:14:26.860+0000] {logging_mixin.py:190} INFO - [2025-03-06T11:14:26.859+0000] {dagbag.py:588} INFO - Filling up the DagBag from /home/airflow/.local/lib/python3.12/site-packages/airflow/example_dags/example_latest_only_with_trigger.py
[2025-03-06T11:14:26.872+0000] {processor.py:925} INFO - DAG(s) 'latest_only_with_trigger' retrieved from /home/airflow/.local/lib/python3.12/site-packages/airflow/example_dags/example_latest_only_with_trigger.py
[2025-03-06T11:14:26.902+0000] {logging_mixin.py:190} INFO - [2025-03-06T11:14:26.902+0000] {dag.py:3239} INFO - Sync 1 DAGs
[2025-03-06T11:14:26.934+0000] {logging_mixin.py:190} INFO - [2025-03-06T11:14:26.934+0000] {dag.py:4180} INFO - Setting next_dagrun for latest_only_with_trigger to 2025-03-06 04:00:00+00:00, run_after=2025-03-06 08:00:00+00:00
[2025-03-06T11:14:26.960+0000] {processor.py:208} INFO - Processing /home/airflow/.local/lib/python3.12/site-packages/airflow/example_dags/example_latest_only_with_trigger.py took 0.113 seconds
[2025-03-06T11:14:57.713+0000] {processor.py:186} INFO - Started process (PID=2018) to work on /home/airflow/.local/lib/python3.12/site-packages/airflow/example_dags/example_latest_only_with_trigger.py
[2025-03-06T11:14:57.715+0000] {processor.py:914} INFO - Processing file /home/airflow/.local/lib/python3.12/site-packages/airflow/example_dags/example_latest_only_with_trigger.py for tasks to queue
[2025-03-06T11:14:57.716+0000] {logging_mixin.py:190} INFO - [2025-03-06T11:14:57.716+0000] {dagbag.py:588} INFO - Filling up the DagBag from /home/airflow/.local/lib/python3.12/site-packages/airflow/example_dags/example_latest_only_with_trigger.py
[2025-03-06T11:14:57.725+0000] {processor.py:925} INFO - DAG(s) 'latest_only_with_trigger' retrieved from /home/airflow/.local/lib/python3.12/site-packages/airflow/example_dags/example_latest_only_with_trigger.py
[2025-03-06T11:14:57.743+0000] {logging_mixin.py:190} INFO - [2025-03-06T11:14:57.743+0000] {dag.py:3239} INFO - Sync 1 DAGs
[2025-03-06T11:14:57.762+0000] {logging_mixin.py:190} INFO - [2025-03-06T11:14:57.762+0000] {dag.py:4180} INFO - Setting next_dagrun for latest_only_with_trigger to 2025-03-06 04:00:00+00:00, run_after=2025-03-06 08:00:00+00:00
[2025-03-06T11:14:57.781+0000] {processor.py:208} INFO - Processing /home/airflow/.local/lib/python3.12/site-packages/airflow/example_dags/example_latest_only_with_trigger.py took 0.073 seconds
[2025-03-06T11:15:29.432+0000] {processor.py:186} INFO - Started process (PID=2093) to work on /home/airflow/.local/lib/python3.12/site-packages/airflow/example_dags/example_latest_only_with_trigger.py
[2025-03-06T11:15:29.433+0000] {processor.py:914} INFO - Processing file /home/airflow/.local/lib/python3.12/site-packages/airflow/example_dags/example_latest_only_with_trigger.py for tasks to queue
[2025-03-06T11:15:29.434+0000] {logging_mixin.py:190} INFO - [2025-03-06T11:15:29.434+0000] {dagbag.py:588} INFO - Filling up the DagBag from /home/airflow/.local/lib/python3.12/site-packages/airflow/example_dags/example_latest_only_with_trigger.py
[2025-03-06T11:15:29.445+0000] {processor.py:925} INFO - DAG(s) 'latest_only_with_trigger' retrieved from /home/airflow/.local/lib/python3.12/site-packages/airflow/example_dags/example_latest_only_with_trigger.py
[2025-03-06T11:15:29.463+0000] {logging_mixin.py:190} INFO - [2025-03-06T11:15:29.463+0000] {dag.py:3239} INFO - Sync 1 DAGs
[2025-03-06T11:15:29.483+0000] {logging_mixin.py:190} INFO - [2025-03-06T11:15:29.482+0000] {dag.py:4180} INFO - Setting next_dagrun for latest_only_with_trigger to 2025-03-06 04:00:00+00:00, run_after=2025-03-06 08:00:00+00:00
[2025-03-06T11:15:29.500+0000] {processor.py:208} INFO - Processing /home/airflow/.local/lib/python3.12/site-packages/airflow/example_dags/example_latest_only_with_trigger.py took 0.074 seconds
[2025-03-06T11:16:00.718+0000] {processor.py:186} INFO - Started process (PID=2174) to work on /home/airflow/.local/lib/python3.12/site-packages/airflow/example_dags/example_latest_only_with_trigger.py
[2025-03-06T11:16:00.720+0000] {processor.py:914} INFO - Processing file /home/airflow/.local/lib/python3.12/site-packages/airflow/example_dags/example_latest_only_with_trigger.py for tasks to queue
[2025-03-06T11:16:00.721+0000] {logging_mixin.py:190} INFO - [2025-03-06T11:16:00.721+0000] {dagbag.py:588} INFO - Filling up the DagBag from /home/airflow/.local/lib/python3.12/site-packages/airflow/example_dags/example_latest_only_with_trigger.py
[2025-03-06T11:16:00.729+0000] {processor.py:925} INFO - DAG(s) 'latest_only_with_trigger' retrieved from /home/airflow/.local/lib/python3.12/site-packages/airflow/example_dags/example_latest_only_with_trigger.py
[2025-03-06T11:16:00.746+0000] {logging_mixin.py:190} INFO - [2025-03-06T11:16:00.746+0000] {dag.py:3239} INFO - Sync 1 DAGs
[2025-03-06T11:16:00.766+0000] {logging_mixin.py:190} INFO - [2025-03-06T11:16:00.766+0000] {dag.py:4180} INFO - Setting next_dagrun for latest_only_with_trigger to 2025-03-06 04:00:00+00:00, run_after=2025-03-06 08:00:00+00:00
[2025-03-06T11:16:00.784+0000] {processor.py:208} INFO - Processing /home/airflow/.local/lib/python3.12/site-packages/airflow/example_dags/example_latest_only_with_trigger.py took 0.071 seconds
[2025-03-06T11:16:32.325+0000] {processor.py:186} INFO - Started process (PID=2249) to work on /home/airflow/.local/lib/python3.12/site-packages/airflow/example_dags/example_latest_only_with_trigger.py
[2025-03-06T11:16:32.329+0000] {processor.py:914} INFO - Processing file /home/airflow/.local/lib/python3.12/site-packages/airflow/example_dags/example_latest_only_with_trigger.py for tasks to queue
[2025-03-06T11:16:32.330+0000] {logging_mixin.py:190} INFO - [2025-03-06T11:16:32.330+0000] {dagbag.py:588} INFO - Filling up the DagBag from /home/airflow/.local/lib/python3.12/site-packages/airflow/example_dags/example_latest_only_with_trigger.py
[2025-03-06T11:16:32.340+0000] {processor.py:925} INFO - DAG(s) 'latest_only_with_trigger' retrieved from /home/airflow/.local/lib/python3.12/site-packages/airflow/example_dags/example_latest_only_with_trigger.py
[2025-03-06T11:16:32.358+0000] {logging_mixin.py:190} INFO - [2025-03-06T11:16:32.358+0000] {dag.py:3239} INFO - Sync 1 DAGs
[2025-03-06T11:16:32.378+0000] {logging_mixin.py:190} INFO - [2025-03-06T11:16:32.378+0000] {dag.py:4180} INFO - Setting next_dagrun for latest_only_with_trigger to 2025-03-06 04:00:00+00:00, run_after=2025-03-06 08:00:00+00:00
[2025-03-06T11:16:32.397+0000] {processor.py:208} INFO - Processing /home/airflow/.local/lib/python3.12/site-packages/airflow/example_dags/example_latest_only_with_trigger.py took 0.078 seconds
[2025-03-06T11:17:03.058+0000] {processor.py:186} INFO - Started process (PID=2324) to work on /home/airflow/.local/lib/python3.12/site-packages/airflow/example_dags/example_latest_only_with_trigger.py
[2025-03-06T11:17:03.059+0000] {processor.py:914} INFO - Processing file /home/airflow/.local/lib/python3.12/site-packages/airflow/example_dags/example_latest_only_with_trigger.py for tasks to queue
[2025-03-06T11:17:03.060+0000] {logging_mixin.py:190} INFO - [2025-03-06T11:17:03.060+0000] {dagbag.py:588} INFO - Filling up the DagBag from /home/airflow/.local/lib/python3.12/site-packages/airflow/example_dags/example_latest_only_with_trigger.py
[2025-03-06T11:17:03.069+0000] {processor.py:925} INFO - DAG(s) 'latest_only_with_trigger' retrieved from /home/airflow/.local/lib/python3.12/site-packages/airflow/example_dags/example_latest_only_with_trigger.py
[2025-03-06T11:17:03.087+0000] {logging_mixin.py:190} INFO - [2025-03-06T11:17:03.087+0000] {dag.py:3239} INFO - Sync 1 DAGs
[2025-03-06T11:17:03.106+0000] {logging_mixin.py:190} INFO - [2025-03-06T11:17:03.106+0000] {dag.py:4180} INFO - Setting next_dagrun for latest_only_with_trigger to 2025-03-06 04:00:00+00:00, run_after=2025-03-06 08:00:00+00:00
[2025-03-06T11:17:03.123+0000] {processor.py:208} INFO - Processing /home/airflow/.local/lib/python3.12/site-packages/airflow/example_dags/example_latest_only_with_trigger.py took 0.069 seconds
[2025-03-06T11:17:33.986+0000] {processor.py:186} INFO - Started process (PID=2399) to work on /home/airflow/.local/lib/python3.12/site-packages/airflow/example_dags/example_latest_only_with_trigger.py
[2025-03-06T11:17:33.987+0000] {processor.py:914} INFO - Processing file /home/airflow/.local/lib/python3.12/site-packages/airflow/example_dags/example_latest_only_with_trigger.py for tasks to queue
[2025-03-06T11:17:33.989+0000] {logging_mixin.py:190} INFO - [2025-03-06T11:17:33.988+0000] {dagbag.py:588} INFO - Filling up the DagBag from /home/airflow/.local/lib/python3.12/site-packages/airflow/example_dags/example_latest_only_with_trigger.py
[2025-03-06T11:17:33.997+0000] {processor.py:925} INFO - DAG(s) 'latest_only_with_trigger' retrieved from /home/airflow/.local/lib/python3.12/site-packages/airflow/example_dags/example_latest_only_with_trigger.py
[2025-03-06T11:17:34.015+0000] {logging_mixin.py:190} INFO - [2025-03-06T11:17:34.015+0000] {dag.py:3239} INFO - Sync 1 DAGs
[2025-03-06T11:17:34.034+0000] {logging_mixin.py:190} INFO - [2025-03-06T11:17:34.034+0000] {dag.py:4180} INFO - Setting next_dagrun for latest_only_with_trigger to 2025-03-06 04:00:00+00:00, run_after=2025-03-06 08:00:00+00:00
[2025-03-06T11:17:34.050+0000] {processor.py:208} INFO - Processing /home/airflow/.local/lib/python3.12/site-packages/airflow/example_dags/example_latest_only_with_trigger.py took 0.070 seconds
[2025-03-06T11:18:05.659+0000] {processor.py:186} INFO - Started process (PID=2474) to work on /home/airflow/.local/lib/python3.12/site-packages/airflow/example_dags/example_latest_only_with_trigger.py
[2025-03-06T11:18:05.660+0000] {processor.py:914} INFO - Processing file /home/airflow/.local/lib/python3.12/site-packages/airflow/example_dags/example_latest_only_with_trigger.py for tasks to queue
[2025-03-06T11:18:05.662+0000] {logging_mixin.py:190} INFO - [2025-03-06T11:18:05.661+0000] {dagbag.py:588} INFO - Filling up the DagBag from /home/airflow/.local/lib/python3.12/site-packages/airflow/example_dags/example_latest_only_with_trigger.py
[2025-03-06T11:18:05.671+0000] {processor.py:925} INFO - DAG(s) 'latest_only_with_trigger' retrieved from /home/airflow/.local/lib/python3.12/site-packages/airflow/example_dags/example_latest_only_with_trigger.py
[2025-03-06T11:18:05.690+0000] {logging_mixin.py:190} INFO - [2025-03-06T11:18:05.689+0000] {dag.py:3239} INFO - Sync 1 DAGs
[2025-03-06T11:18:05.709+0000] {logging_mixin.py:190} INFO - [2025-03-06T11:18:05.709+0000] {dag.py:4180} INFO - Setting next_dagrun for latest_only_with_trigger to 2025-03-06 04:00:00+00:00, run_after=2025-03-06 08:00:00+00:00
[2025-03-06T11:18:05.725+0000] {processor.py:208} INFO - Processing /home/airflow/.local/lib/python3.12/site-packages/airflow/example_dags/example_latest_only_with_trigger.py took 0.071 seconds
[2025-03-06T11:18:37.457+0000] {processor.py:186} INFO - Started process (PID=2551) to work on /home/airflow/.local/lib/python3.12/site-packages/airflow/example_dags/example_latest_only_with_trigger.py
[2025-03-06T11:18:37.459+0000] {processor.py:914} INFO - Processing file /home/airflow/.local/lib/python3.12/site-packages/airflow/example_dags/example_latest_only_with_trigger.py for tasks to queue
[2025-03-06T11:18:37.461+0000] {logging_mixin.py:190} INFO - [2025-03-06T11:18:37.460+0000] {dagbag.py:588} INFO - Filling up the DagBag from /home/airflow/.local/lib/python3.12/site-packages/airflow/example_dags/example_latest_only_with_trigger.py
[2025-03-06T11:18:37.469+0000] {processor.py:925} INFO - DAG(s) 'latest_only_with_trigger' retrieved from /home/airflow/.local/lib/python3.12/site-packages/airflow/example_dags/example_latest_only_with_trigger.py
[2025-03-06T11:18:37.489+0000] {logging_mixin.py:190} INFO - [2025-03-06T11:18:37.489+0000] {dag.py:3239} INFO - Sync 1 DAGs
[2025-03-06T11:18:37.516+0000] {logging_mixin.py:190} INFO - [2025-03-06T11:18:37.516+0000] {dag.py:4180} INFO - Setting next_dagrun for latest_only_with_trigger to 2025-03-06 04:00:00+00:00, run_after=2025-03-06 08:00:00+00:00
[2025-03-06T11:18:37.534+0000] {processor.py:208} INFO - Processing /home/airflow/.local/lib/python3.12/site-packages/airflow/example_dags/example_latest_only_with_trigger.py took 0.082 seconds
