[2025-03-06T04:34:26.549+0000] {processor.py:186} INFO - Started process (PID=14361) to work on /home/airflow/.local/lib/python3.12/site-packages/airflow/example_dags/example_task_group.py
[2025-03-06T04:34:26.576+0000] {processor.py:914} INFO - Processing file /home/airflow/.local/lib/python3.12/site-packages/airflow/example_dags/example_task_group.py for tasks to queue
[2025-03-06T04:34:26.591+0000] {logging_mixin.py:190} INFO - [2025-03-06T04:34:26.590+0000] {dagbag.py:588} INFO - Filling up the DagBag from /home/airflow/.local/lib/python3.12/site-packages/airflow/example_dags/example_task_group.py
[2025-03-06T04:34:26.628+0000] {processor.py:925} INFO - DAG(s) 'example_task_group' retrieved from /home/airflow/.local/lib/python3.12/site-packages/airflow/example_dags/example_task_group.py
[2025-03-06T04:34:26.656+0000] {logging_mixin.py:190} INFO - [2025-03-06T04:34:26.655+0000] {dag.py:3239} INFO - Sync 1 DAGs
[2025-03-06T04:34:26.677+0000] {logging_mixin.py:190} INFO - [2025-03-06T04:34:26.677+0000] {dag.py:4180} INFO - Setting next_dagrun for example_task_group to None, run_after=None
[2025-03-06T04:34:26.750+0000] {processor.py:208} INFO - Processing /home/airflow/.local/lib/python3.12/site-packages/airflow/example_dags/example_task_group.py took 0.212 seconds
[2025-03-06T04:34:57.515+0000] {processor.py:186} INFO - Started process (PID=14436) to work on /home/airflow/.local/lib/python3.12/site-packages/airflow/example_dags/example_task_group.py
[2025-03-06T04:34:57.516+0000] {processor.py:914} INFO - Processing file /home/airflow/.local/lib/python3.12/site-packages/airflow/example_dags/example_task_group.py for tasks to queue
[2025-03-06T04:34:57.520+0000] {logging_mixin.py:190} INFO - [2025-03-06T04:34:57.519+0000] {dagbag.py:588} INFO - Filling up the DagBag from /home/airflow/.local/lib/python3.12/site-packages/airflow/example_dags/example_task_group.py
[2025-03-06T04:34:57.536+0000] {processor.py:925} INFO - DAG(s) 'example_task_group' retrieved from /home/airflow/.local/lib/python3.12/site-packages/airflow/example_dags/example_task_group.py
[2025-03-06T04:34:57.574+0000] {logging_mixin.py:190} INFO - [2025-03-06T04:34:57.574+0000] {dag.py:3239} INFO - Sync 1 DAGs
[2025-03-06T04:34:57.600+0000] {logging_mixin.py:190} INFO - [2025-03-06T04:34:57.600+0000] {dag.py:4180} INFO - Setting next_dagrun for example_task_group to None, run_after=None
[2025-03-06T04:34:57.631+0000] {processor.py:208} INFO - Processing /home/airflow/.local/lib/python3.12/site-packages/airflow/example_dags/example_task_group.py took 0.125 seconds
[2025-03-06T04:35:27.821+0000] {processor.py:186} INFO - Started process (PID=14510) to work on /home/airflow/.local/lib/python3.12/site-packages/airflow/example_dags/example_task_group.py
[2025-03-06T04:35:27.822+0000] {processor.py:914} INFO - Processing file /home/airflow/.local/lib/python3.12/site-packages/airflow/example_dags/example_task_group.py for tasks to queue
[2025-03-06T04:35:27.825+0000] {logging_mixin.py:190} INFO - [2025-03-06T04:35:27.825+0000] {dagbag.py:588} INFO - Filling up the DagBag from /home/airflow/.local/lib/python3.12/site-packages/airflow/example_dags/example_task_group.py
[2025-03-06T04:35:27.832+0000] {processor.py:925} INFO - DAG(s) 'example_task_group' retrieved from /home/airflow/.local/lib/python3.12/site-packages/airflow/example_dags/example_task_group.py
[2025-03-06T04:35:27.855+0000] {logging_mixin.py:190} INFO - [2025-03-06T04:35:27.854+0000] {dag.py:3239} INFO - Sync 1 DAGs
[2025-03-06T04:35:27.866+0000] {logging_mixin.py:190} INFO - [2025-03-06T04:35:27.866+0000] {dag.py:4180} INFO - Setting next_dagrun for example_task_group to None, run_after=None
[2025-03-06T04:35:27.887+0000] {processor.py:208} INFO - Processing /home/airflow/.local/lib/python3.12/site-packages/airflow/example_dags/example_task_group.py took 0.070 seconds
[2025-03-06T04:35:59.712+0000] {processor.py:186} INFO - Started process (PID=14586) to work on /home/airflow/.local/lib/python3.12/site-packages/airflow/example_dags/example_task_group.py
[2025-03-06T04:35:59.721+0000] {processor.py:914} INFO - Processing file /home/airflow/.local/lib/python3.12/site-packages/airflow/example_dags/example_task_group.py for tasks to queue
[2025-03-06T04:35:59.725+0000] {logging_mixin.py:190} INFO - [2025-03-06T04:35:59.724+0000] {dagbag.py:588} INFO - Filling up the DagBag from /home/airflow/.local/lib/python3.12/site-packages/airflow/example_dags/example_task_group.py
[2025-03-06T04:35:59.760+0000] {processor.py:925} INFO - DAG(s) 'example_task_group' retrieved from /home/airflow/.local/lib/python3.12/site-packages/airflow/example_dags/example_task_group.py
[2025-03-06T04:35:59.814+0000] {logging_mixin.py:190} INFO - [2025-03-06T04:35:59.814+0000] {dag.py:3239} INFO - Sync 1 DAGs
[2025-03-06T04:35:59.892+0000] {logging_mixin.py:190} INFO - [2025-03-06T04:35:59.891+0000] {dag.py:4180} INFO - Setting next_dagrun for example_task_group to None, run_after=None
[2025-03-06T04:35:59.959+0000] {processor.py:208} INFO - Processing /home/airflow/.local/lib/python3.12/site-packages/airflow/example_dags/example_task_group.py took 0.258 seconds
[2025-03-06T04:36:32.897+0000] {processor.py:186} INFO - Started process (PID=14661) to work on /home/airflow/.local/lib/python3.12/site-packages/airflow/example_dags/example_task_group.py
[2025-03-06T04:36:32.899+0000] {processor.py:914} INFO - Processing file /home/airflow/.local/lib/python3.12/site-packages/airflow/example_dags/example_task_group.py for tasks to queue
[2025-03-06T04:36:32.903+0000] {logging_mixin.py:190} INFO - [2025-03-06T04:36:32.902+0000] {dagbag.py:588} INFO - Filling up the DagBag from /home/airflow/.local/lib/python3.12/site-packages/airflow/example_dags/example_task_group.py
[2025-03-06T04:36:32.914+0000] {processor.py:925} INFO - DAG(s) 'example_task_group' retrieved from /home/airflow/.local/lib/python3.12/site-packages/airflow/example_dags/example_task_group.py
[2025-03-06T04:36:32.950+0000] {logging_mixin.py:190} INFO - [2025-03-06T04:36:32.949+0000] {dag.py:3239} INFO - Sync 1 DAGs
[2025-03-06T04:36:32.968+0000] {logging_mixin.py:190} INFO - [2025-03-06T04:36:32.967+0000] {dag.py:4180} INFO - Setting next_dagrun for example_task_group to None, run_after=None
[2025-03-06T04:36:32.995+0000] {processor.py:208} INFO - Processing /home/airflow/.local/lib/python3.12/site-packages/airflow/example_dags/example_task_group.py took 0.108 seconds
[2025-03-06T04:37:03.112+0000] {processor.py:186} INFO - Started process (PID=14725) to work on /home/airflow/.local/lib/python3.12/site-packages/airflow/example_dags/example_task_group.py
[2025-03-06T04:37:03.113+0000] {processor.py:914} INFO - Processing file /home/airflow/.local/lib/python3.12/site-packages/airflow/example_dags/example_task_group.py for tasks to queue
[2025-03-06T04:37:03.117+0000] {logging_mixin.py:190} INFO - [2025-03-06T04:37:03.116+0000] {dagbag.py:588} INFO - Filling up the DagBag from /home/airflow/.local/lib/python3.12/site-packages/airflow/example_dags/example_task_group.py
[2025-03-06T04:37:03.125+0000] {processor.py:925} INFO - DAG(s) 'example_task_group' retrieved from /home/airflow/.local/lib/python3.12/site-packages/airflow/example_dags/example_task_group.py
[2025-03-06T04:37:03.146+0000] {logging_mixin.py:190} INFO - [2025-03-06T04:37:03.146+0000] {dag.py:3239} INFO - Sync 1 DAGs
[2025-03-06T04:37:03.177+0000] {logging_mixin.py:190} INFO - [2025-03-06T04:37:03.177+0000] {dag.py:4180} INFO - Setting next_dagrun for example_task_group to None, run_after=None
[2025-03-06T04:37:03.200+0000] {processor.py:208} INFO - Processing /home/airflow/.local/lib/python3.12/site-packages/airflow/example_dags/example_task_group.py took 0.093 seconds
[2025-03-06T04:37:33.420+0000] {processor.py:186} INFO - Started process (PID=14799) to work on /home/airflow/.local/lib/python3.12/site-packages/airflow/example_dags/example_task_group.py
[2025-03-06T04:37:33.422+0000] {processor.py:914} INFO - Processing file /home/airflow/.local/lib/python3.12/site-packages/airflow/example_dags/example_task_group.py for tasks to queue
[2025-03-06T04:37:33.425+0000] {logging_mixin.py:190} INFO - [2025-03-06T04:37:33.425+0000] {dagbag.py:588} INFO - Filling up the DagBag from /home/airflow/.local/lib/python3.12/site-packages/airflow/example_dags/example_task_group.py
[2025-03-06T04:37:33.432+0000] {processor.py:925} INFO - DAG(s) 'example_task_group' retrieved from /home/airflow/.local/lib/python3.12/site-packages/airflow/example_dags/example_task_group.py
[2025-03-06T04:37:33.450+0000] {logging_mixin.py:190} INFO - [2025-03-06T04:37:33.450+0000] {dag.py:3239} INFO - Sync 1 DAGs
[2025-03-06T04:37:33.461+0000] {logging_mixin.py:190} INFO - [2025-03-06T04:37:33.461+0000] {dag.py:4180} INFO - Setting next_dagrun for example_task_group to None, run_after=None
[2025-03-06T04:37:33.480+0000] {processor.py:208} INFO - Processing /home/airflow/.local/lib/python3.12/site-packages/airflow/example_dags/example_task_group.py took 0.064 seconds
[2025-03-06T04:38:03.561+0000] {processor.py:186} INFO - Started process (PID=14874) to work on /home/airflow/.local/lib/python3.12/site-packages/airflow/example_dags/example_task_group.py
[2025-03-06T04:38:03.563+0000] {processor.py:914} INFO - Processing file /home/airflow/.local/lib/python3.12/site-packages/airflow/example_dags/example_task_group.py for tasks to queue
[2025-03-06T04:38:03.566+0000] {logging_mixin.py:190} INFO - [2025-03-06T04:38:03.566+0000] {dagbag.py:588} INFO - Filling up the DagBag from /home/airflow/.local/lib/python3.12/site-packages/airflow/example_dags/example_task_group.py
[2025-03-06T04:38:03.573+0000] {processor.py:925} INFO - DAG(s) 'example_task_group' retrieved from /home/airflow/.local/lib/python3.12/site-packages/airflow/example_dags/example_task_group.py
[2025-03-06T04:38:03.596+0000] {logging_mixin.py:190} INFO - [2025-03-06T04:38:03.596+0000] {dag.py:3239} INFO - Sync 1 DAGs
[2025-03-06T04:38:03.611+0000] {logging_mixin.py:190} INFO - [2025-03-06T04:38:03.611+0000] {dag.py:4180} INFO - Setting next_dagrun for example_task_group to None, run_after=None
[2025-03-06T04:38:03.633+0000] {processor.py:208} INFO - Processing /home/airflow/.local/lib/python3.12/site-packages/airflow/example_dags/example_task_group.py took 0.078 seconds
[2025-03-06T04:38:34.191+0000] {processor.py:186} INFO - Started process (PID=14949) to work on /home/airflow/.local/lib/python3.12/site-packages/airflow/example_dags/example_task_group.py
[2025-03-06T04:38:34.193+0000] {processor.py:914} INFO - Processing file /home/airflow/.local/lib/python3.12/site-packages/airflow/example_dags/example_task_group.py for tasks to queue
[2025-03-06T04:38:34.195+0000] {logging_mixin.py:190} INFO - [2025-03-06T04:38:34.195+0000] {dagbag.py:588} INFO - Filling up the DagBag from /home/airflow/.local/lib/python3.12/site-packages/airflow/example_dags/example_task_group.py
[2025-03-06T04:38:34.202+0000] {processor.py:925} INFO - DAG(s) 'example_task_group' retrieved from /home/airflow/.local/lib/python3.12/site-packages/airflow/example_dags/example_task_group.py
[2025-03-06T04:38:34.221+0000] {logging_mixin.py:190} INFO - [2025-03-06T04:38:34.221+0000] {dag.py:3239} INFO - Sync 1 DAGs
[2025-03-06T04:38:34.234+0000] {logging_mixin.py:190} INFO - [2025-03-06T04:38:34.233+0000] {dag.py:4180} INFO - Setting next_dagrun for example_task_group to None, run_after=None
[2025-03-06T04:38:34.250+0000] {processor.py:208} INFO - Processing /home/airflow/.local/lib/python3.12/site-packages/airflow/example_dags/example_task_group.py took 0.063 seconds
[2025-03-06T04:39:04.524+0000] {processor.py:186} INFO - Started process (PID=15024) to work on /home/airflow/.local/lib/python3.12/site-packages/airflow/example_dags/example_task_group.py
[2025-03-06T04:39:04.525+0000] {processor.py:914} INFO - Processing file /home/airflow/.local/lib/python3.12/site-packages/airflow/example_dags/example_task_group.py for tasks to queue
[2025-03-06T04:39:04.527+0000] {logging_mixin.py:190} INFO - [2025-03-06T04:39:04.527+0000] {dagbag.py:588} INFO - Filling up the DagBag from /home/airflow/.local/lib/python3.12/site-packages/airflow/example_dags/example_task_group.py
[2025-03-06T04:39:04.535+0000] {processor.py:925} INFO - DAG(s) 'example_task_group' retrieved from /home/airflow/.local/lib/python3.12/site-packages/airflow/example_dags/example_task_group.py
[2025-03-06T04:39:04.552+0000] {logging_mixin.py:190} INFO - [2025-03-06T04:39:04.552+0000] {dag.py:3239} INFO - Sync 1 DAGs
[2025-03-06T04:39:04.564+0000] {logging_mixin.py:190} INFO - [2025-03-06T04:39:04.564+0000] {dag.py:4180} INFO - Setting next_dagrun for example_task_group to None, run_after=None
[2025-03-06T04:39:04.584+0000] {processor.py:208} INFO - Processing /home/airflow/.local/lib/python3.12/site-packages/airflow/example_dags/example_task_group.py took 0.064 seconds
[2025-03-06T04:39:35.101+0000] {processor.py:186} INFO - Started process (PID=15099) to work on /home/airflow/.local/lib/python3.12/site-packages/airflow/example_dags/example_task_group.py
[2025-03-06T04:39:35.101+0000] {processor.py:914} INFO - Processing file /home/airflow/.local/lib/python3.12/site-packages/airflow/example_dags/example_task_group.py for tasks to queue
[2025-03-06T04:39:35.105+0000] {logging_mixin.py:190} INFO - [2025-03-06T04:39:35.104+0000] {dagbag.py:588} INFO - Filling up the DagBag from /home/airflow/.local/lib/python3.12/site-packages/airflow/example_dags/example_task_group.py
[2025-03-06T04:39:35.113+0000] {processor.py:925} INFO - DAG(s) 'example_task_group' retrieved from /home/airflow/.local/lib/python3.12/site-packages/airflow/example_dags/example_task_group.py
[2025-03-06T04:39:35.185+0000] {logging_mixin.py:190} INFO - [2025-03-06T04:39:35.185+0000] {dag.py:3239} INFO - Sync 1 DAGs
[2025-03-06T04:39:35.198+0000] {logging_mixin.py:190} INFO - [2025-03-06T04:39:35.198+0000] {dag.py:4180} INFO - Setting next_dagrun for example_task_group to None, run_after=None
[2025-03-06T04:39:35.216+0000] {processor.py:208} INFO - Processing /home/airflow/.local/lib/python3.12/site-packages/airflow/example_dags/example_task_group.py took 0.121 seconds
[2025-03-06T04:40:05.294+0000] {processor.py:186} INFO - Started process (PID=15174) to work on /home/airflow/.local/lib/python3.12/site-packages/airflow/example_dags/example_task_group.py
[2025-03-06T04:40:05.296+0000] {processor.py:914} INFO - Processing file /home/airflow/.local/lib/python3.12/site-packages/airflow/example_dags/example_task_group.py for tasks to queue
[2025-03-06T04:40:05.298+0000] {logging_mixin.py:190} INFO - [2025-03-06T04:40:05.298+0000] {dagbag.py:588} INFO - Filling up the DagBag from /home/airflow/.local/lib/python3.12/site-packages/airflow/example_dags/example_task_group.py
[2025-03-06T04:40:05.307+0000] {processor.py:925} INFO - DAG(s) 'example_task_group' retrieved from /home/airflow/.local/lib/python3.12/site-packages/airflow/example_dags/example_task_group.py
[2025-03-06T04:40:05.323+0000] {logging_mixin.py:190} INFO - [2025-03-06T04:40:05.323+0000] {dag.py:3239} INFO - Sync 1 DAGs
[2025-03-06T04:40:05.334+0000] {logging_mixin.py:190} INFO - [2025-03-06T04:40:05.333+0000] {dag.py:4180} INFO - Setting next_dagrun for example_task_group to None, run_after=None
[2025-03-06T04:40:05.348+0000] {processor.py:208} INFO - Processing /home/airflow/.local/lib/python3.12/site-packages/airflow/example_dags/example_task_group.py took 0.059 seconds
[2025-03-06T04:40:35.873+0000] {processor.py:186} INFO - Started process (PID=15249) to work on /home/airflow/.local/lib/python3.12/site-packages/airflow/example_dags/example_task_group.py
[2025-03-06T04:40:35.875+0000] {processor.py:914} INFO - Processing file /home/airflow/.local/lib/python3.12/site-packages/airflow/example_dags/example_task_group.py for tasks to queue
[2025-03-06T04:40:35.877+0000] {logging_mixin.py:190} INFO - [2025-03-06T04:40:35.877+0000] {dagbag.py:588} INFO - Filling up the DagBag from /home/airflow/.local/lib/python3.12/site-packages/airflow/example_dags/example_task_group.py
[2025-03-06T04:40:35.884+0000] {processor.py:925} INFO - DAG(s) 'example_task_group' retrieved from /home/airflow/.local/lib/python3.12/site-packages/airflow/example_dags/example_task_group.py
[2025-03-06T04:40:35.903+0000] {logging_mixin.py:190} INFO - [2025-03-06T04:40:35.903+0000] {dag.py:3239} INFO - Sync 1 DAGs
[2025-03-06T04:40:35.916+0000] {logging_mixin.py:190} INFO - [2025-03-06T04:40:35.916+0000] {dag.py:4180} INFO - Setting next_dagrun for example_task_group to None, run_after=None
[2025-03-06T04:40:35.934+0000] {processor.py:208} INFO - Processing /home/airflow/.local/lib/python3.12/site-packages/airflow/example_dags/example_task_group.py took 0.066 seconds
[2025-03-06T04:41:06.788+0000] {processor.py:186} INFO - Started process (PID=15324) to work on /home/airflow/.local/lib/python3.12/site-packages/airflow/example_dags/example_task_group.py
[2025-03-06T04:41:06.788+0000] {processor.py:914} INFO - Processing file /home/airflow/.local/lib/python3.12/site-packages/airflow/example_dags/example_task_group.py for tasks to queue
[2025-03-06T04:41:06.791+0000] {logging_mixin.py:190} INFO - [2025-03-06T04:41:06.790+0000] {dagbag.py:588} INFO - Filling up the DagBag from /home/airflow/.local/lib/python3.12/site-packages/airflow/example_dags/example_task_group.py
[2025-03-06T04:41:06.797+0000] {processor.py:925} INFO - DAG(s) 'example_task_group' retrieved from /home/airflow/.local/lib/python3.12/site-packages/airflow/example_dags/example_task_group.py
[2025-03-06T04:41:06.813+0000] {logging_mixin.py:190} INFO - [2025-03-06T04:41:06.813+0000] {dag.py:3239} INFO - Sync 1 DAGs
[2025-03-06T04:41:06.825+0000] {logging_mixin.py:190} INFO - [2025-03-06T04:41:06.825+0000] {dag.py:4180} INFO - Setting next_dagrun for example_task_group to None, run_after=None
[2025-03-06T04:41:06.845+0000] {processor.py:208} INFO - Processing /home/airflow/.local/lib/python3.12/site-packages/airflow/example_dags/example_task_group.py took 0.062 seconds
[2025-03-06T04:41:37.034+0000] {processor.py:186} INFO - Started process (PID=15399) to work on /home/airflow/.local/lib/python3.12/site-packages/airflow/example_dags/example_task_group.py
[2025-03-06T04:41:37.035+0000] {processor.py:914} INFO - Processing file /home/airflow/.local/lib/python3.12/site-packages/airflow/example_dags/example_task_group.py for tasks to queue
[2025-03-06T04:41:37.047+0000] {logging_mixin.py:190} INFO - [2025-03-06T04:41:37.047+0000] {dagbag.py:588} INFO - Filling up the DagBag from /home/airflow/.local/lib/python3.12/site-packages/airflow/example_dags/example_task_group.py
[2025-03-06T04:41:37.055+0000] {processor.py:925} INFO - DAG(s) 'example_task_group' retrieved from /home/airflow/.local/lib/python3.12/site-packages/airflow/example_dags/example_task_group.py
[2025-03-06T04:41:37.075+0000] {logging_mixin.py:190} INFO - [2025-03-06T04:41:37.075+0000] {dag.py:3239} INFO - Sync 1 DAGs
[2025-03-06T04:41:37.089+0000] {logging_mixin.py:190} INFO - [2025-03-06T04:41:37.088+0000] {dag.py:4180} INFO - Setting next_dagrun for example_task_group to None, run_after=None
[2025-03-06T04:41:37.122+0000] {processor.py:208} INFO - Processing /home/airflow/.local/lib/python3.12/site-packages/airflow/example_dags/example_task_group.py took 0.093 seconds
[2025-03-06T04:42:07.244+0000] {processor.py:186} INFO - Started process (PID=15474) to work on /home/airflow/.local/lib/python3.12/site-packages/airflow/example_dags/example_task_group.py
[2025-03-06T04:42:07.246+0000] {processor.py:914} INFO - Processing file /home/airflow/.local/lib/python3.12/site-packages/airflow/example_dags/example_task_group.py for tasks to queue
[2025-03-06T04:42:07.249+0000] {logging_mixin.py:190} INFO - [2025-03-06T04:42:07.249+0000] {dagbag.py:588} INFO - Filling up the DagBag from /home/airflow/.local/lib/python3.12/site-packages/airflow/example_dags/example_task_group.py
[2025-03-06T04:42:07.258+0000] {processor.py:925} INFO - DAG(s) 'example_task_group' retrieved from /home/airflow/.local/lib/python3.12/site-packages/airflow/example_dags/example_task_group.py
[2025-03-06T04:42:07.283+0000] {logging_mixin.py:190} INFO - [2025-03-06T04:42:07.282+0000] {dag.py:3239} INFO - Sync 1 DAGs
[2025-03-06T04:42:07.297+0000] {logging_mixin.py:190} INFO - [2025-03-06T04:42:07.297+0000] {dag.py:4180} INFO - Setting next_dagrun for example_task_group to None, run_after=None
[2025-03-06T04:42:07.327+0000] {processor.py:208} INFO - Processing /home/airflow/.local/lib/python3.12/site-packages/airflow/example_dags/example_task_group.py took 0.090 seconds
[2025-03-06T04:42:38.065+0000] {processor.py:186} INFO - Started process (PID=15549) to work on /home/airflow/.local/lib/python3.12/site-packages/airflow/example_dags/example_task_group.py
[2025-03-06T04:42:38.088+0000] {processor.py:914} INFO - Processing file /home/airflow/.local/lib/python3.12/site-packages/airflow/example_dags/example_task_group.py for tasks to queue
[2025-03-06T04:42:38.204+0000] {logging_mixin.py:190} INFO - [2025-03-06T04:42:38.192+0000] {dagbag.py:588} INFO - Filling up the DagBag from /home/airflow/.local/lib/python3.12/site-packages/airflow/example_dags/example_task_group.py
[2025-03-06T04:42:41.099+0000] {logging_mixin.py:190} INFO - [2025-03-06T04:42:41.098+0000] {process_utils.py:266} INFO - Waiting up to 5 seconds for processes to exit...
[2025-03-06T11:01:04.988+0000] {processor.py:186} INFO - Started process (PID=116) to work on /home/airflow/.local/lib/python3.12/site-packages/airflow/example_dags/example_task_group.py
[2025-03-06T11:01:04.991+0000] {processor.py:914} INFO - Processing file /home/airflow/.local/lib/python3.12/site-packages/airflow/example_dags/example_task_group.py for tasks to queue
[2025-03-06T11:01:04.996+0000] {logging_mixin.py:190} INFO - [2025-03-06T11:01:04.995+0000] {dagbag.py:588} INFO - Filling up the DagBag from /home/airflow/.local/lib/python3.12/site-packages/airflow/example_dags/example_task_group.py
[2025-03-06T11:01:05.018+0000] {processor.py:925} INFO - DAG(s) 'example_task_group' retrieved from /home/airflow/.local/lib/python3.12/site-packages/airflow/example_dags/example_task_group.py
[2025-03-06T11:01:05.101+0000] {logging_mixin.py:190} INFO - [2025-03-06T11:01:05.100+0000] {dag.py:3239} INFO - Sync 1 DAGs
[2025-03-06T11:01:05.166+0000] {logging_mixin.py:190} INFO - [2025-03-06T11:01:05.165+0000] {dag.py:4180} INFO - Setting next_dagrun for example_task_group to None, run_after=None
[2025-03-06T11:01:05.207+0000] {processor.py:208} INFO - Processing /home/airflow/.local/lib/python3.12/site-packages/airflow/example_dags/example_task_group.py took 0.229 seconds
[2025-03-06T11:01:36.134+0000] {processor.py:186} INFO - Started process (PID=190) to work on /home/airflow/.local/lib/python3.12/site-packages/airflow/example_dags/example_task_group.py
[2025-03-06T11:01:36.135+0000] {processor.py:914} INFO - Processing file /home/airflow/.local/lib/python3.12/site-packages/airflow/example_dags/example_task_group.py for tasks to queue
[2025-03-06T11:01:36.138+0000] {logging_mixin.py:190} INFO - [2025-03-06T11:01:36.138+0000] {dagbag.py:588} INFO - Filling up the DagBag from /home/airflow/.local/lib/python3.12/site-packages/airflow/example_dags/example_task_group.py
[2025-03-06T11:01:36.151+0000] {processor.py:925} INFO - DAG(s) 'example_task_group' retrieved from /home/airflow/.local/lib/python3.12/site-packages/airflow/example_dags/example_task_group.py
[2025-03-06T11:01:36.177+0000] {logging_mixin.py:190} INFO - [2025-03-06T11:01:36.177+0000] {dag.py:3239} INFO - Sync 1 DAGs
[2025-03-06T11:01:36.192+0000] {logging_mixin.py:190} INFO - [2025-03-06T11:01:36.192+0000] {dag.py:4180} INFO - Setting next_dagrun for example_task_group to None, run_after=None
[2025-03-06T11:01:36.214+0000] {processor.py:208} INFO - Processing /home/airflow/.local/lib/python3.12/site-packages/airflow/example_dags/example_task_group.py took 0.086 seconds
[2025-03-06T11:02:06.385+0000] {processor.py:186} INFO - Started process (PID=265) to work on /home/airflow/.local/lib/python3.12/site-packages/airflow/example_dags/example_task_group.py
[2025-03-06T11:02:06.386+0000] {processor.py:914} INFO - Processing file /home/airflow/.local/lib/python3.12/site-packages/airflow/example_dags/example_task_group.py for tasks to queue
[2025-03-06T11:02:06.389+0000] {logging_mixin.py:190} INFO - [2025-03-06T11:02:06.388+0000] {dagbag.py:588} INFO - Filling up the DagBag from /home/airflow/.local/lib/python3.12/site-packages/airflow/example_dags/example_task_group.py
[2025-03-06T11:02:06.396+0000] {processor.py:925} INFO - DAG(s) 'example_task_group' retrieved from /home/airflow/.local/lib/python3.12/site-packages/airflow/example_dags/example_task_group.py
[2025-03-06T11:02:06.417+0000] {logging_mixin.py:190} INFO - [2025-03-06T11:02:06.417+0000] {dag.py:3239} INFO - Sync 1 DAGs
[2025-03-06T11:02:06.430+0000] {logging_mixin.py:190} INFO - [2025-03-06T11:02:06.430+0000] {dag.py:4180} INFO - Setting next_dagrun for example_task_group to None, run_after=None
[2025-03-06T11:02:06.448+0000] {processor.py:208} INFO - Processing /home/airflow/.local/lib/python3.12/site-packages/airflow/example_dags/example_task_group.py took 0.068 seconds
[2025-03-06T11:02:37.036+0000] {processor.py:186} INFO - Started process (PID=340) to work on /home/airflow/.local/lib/python3.12/site-packages/airflow/example_dags/example_task_group.py
[2025-03-06T11:02:37.037+0000] {processor.py:914} INFO - Processing file /home/airflow/.local/lib/python3.12/site-packages/airflow/example_dags/example_task_group.py for tasks to queue
[2025-03-06T11:02:37.041+0000] {logging_mixin.py:190} INFO - [2025-03-06T11:02:37.040+0000] {dagbag.py:588} INFO - Filling up the DagBag from /home/airflow/.local/lib/python3.12/site-packages/airflow/example_dags/example_task_group.py
[2025-03-06T11:02:37.055+0000] {processor.py:925} INFO - DAG(s) 'example_task_group' retrieved from /home/airflow/.local/lib/python3.12/site-packages/airflow/example_dags/example_task_group.py
[2025-03-06T11:02:37.081+0000] {logging_mixin.py:190} INFO - [2025-03-06T11:02:37.081+0000] {dag.py:3239} INFO - Sync 1 DAGs
[2025-03-06T11:02:37.098+0000] {logging_mixin.py:190} INFO - [2025-03-06T11:02:37.098+0000] {dag.py:4180} INFO - Setting next_dagrun for example_task_group to None, run_after=None
[2025-03-06T11:02:37.153+0000] {processor.py:208} INFO - Processing /home/airflow/.local/lib/python3.12/site-packages/airflow/example_dags/example_task_group.py took 0.124 seconds
[2025-03-06T11:03:07.526+0000] {processor.py:186} INFO - Started process (PID=415) to work on /home/airflow/.local/lib/python3.12/site-packages/airflow/example_dags/example_task_group.py
[2025-03-06T11:03:07.527+0000] {processor.py:914} INFO - Processing file /home/airflow/.local/lib/python3.12/site-packages/airflow/example_dags/example_task_group.py for tasks to queue
[2025-03-06T11:03:07.529+0000] {logging_mixin.py:190} INFO - [2025-03-06T11:03:07.528+0000] {dagbag.py:588} INFO - Filling up the DagBag from /home/airflow/.local/lib/python3.12/site-packages/airflow/example_dags/example_task_group.py
[2025-03-06T11:03:07.537+0000] {processor.py:925} INFO - DAG(s) 'example_task_group' retrieved from /home/airflow/.local/lib/python3.12/site-packages/airflow/example_dags/example_task_group.py
[2025-03-06T11:03:07.558+0000] {logging_mixin.py:190} INFO - [2025-03-06T11:03:07.557+0000] {dag.py:3239} INFO - Sync 1 DAGs
[2025-03-06T11:03:07.570+0000] {logging_mixin.py:190} INFO - [2025-03-06T11:03:07.569+0000] {dag.py:4180} INFO - Setting next_dagrun for example_task_group to None, run_after=None
[2025-03-06T11:03:07.589+0000] {processor.py:208} INFO - Processing /home/airflow/.local/lib/python3.12/site-packages/airflow/example_dags/example_task_group.py took 0.068 seconds
[2025-03-06T11:03:37.987+0000] {processor.py:186} INFO - Started process (PID=480) to work on /home/airflow/.local/lib/python3.12/site-packages/airflow/example_dags/example_task_group.py
[2025-03-06T11:03:37.988+0000] {processor.py:914} INFO - Processing file /home/airflow/.local/lib/python3.12/site-packages/airflow/example_dags/example_task_group.py for tasks to queue
[2025-03-06T11:03:37.991+0000] {logging_mixin.py:190} INFO - [2025-03-06T11:03:37.991+0000] {dagbag.py:588} INFO - Filling up the DagBag from /home/airflow/.local/lib/python3.12/site-packages/airflow/example_dags/example_task_group.py
[2025-03-06T11:03:38.001+0000] {processor.py:925} INFO - DAG(s) 'example_task_group' retrieved from /home/airflow/.local/lib/python3.12/site-packages/airflow/example_dags/example_task_group.py
[2025-03-06T11:03:38.024+0000] {logging_mixin.py:190} INFO - [2025-03-06T11:03:38.024+0000] {dag.py:3239} INFO - Sync 1 DAGs
[2025-03-06T11:03:38.036+0000] {logging_mixin.py:190} INFO - [2025-03-06T11:03:38.036+0000] {dag.py:4180} INFO - Setting next_dagrun for example_task_group to None, run_after=None
[2025-03-06T11:03:38.056+0000] {processor.py:208} INFO - Processing /home/airflow/.local/lib/python3.12/site-packages/airflow/example_dags/example_task_group.py took 0.074 seconds
[2025-03-06T11:04:08.258+0000] {processor.py:186} INFO - Started process (PID=554) to work on /home/airflow/.local/lib/python3.12/site-packages/airflow/example_dags/example_task_group.py
[2025-03-06T11:04:08.259+0000] {processor.py:914} INFO - Processing file /home/airflow/.local/lib/python3.12/site-packages/airflow/example_dags/example_task_group.py for tasks to queue
[2025-03-06T11:04:08.262+0000] {logging_mixin.py:190} INFO - [2025-03-06T11:04:08.262+0000] {dagbag.py:588} INFO - Filling up the DagBag from /home/airflow/.local/lib/python3.12/site-packages/airflow/example_dags/example_task_group.py
[2025-03-06T11:04:08.270+0000] {processor.py:925} INFO - DAG(s) 'example_task_group' retrieved from /home/airflow/.local/lib/python3.12/site-packages/airflow/example_dags/example_task_group.py
[2025-03-06T11:04:08.288+0000] {logging_mixin.py:190} INFO - [2025-03-06T11:04:08.288+0000] {dag.py:3239} INFO - Sync 1 DAGs
[2025-03-06T11:04:08.299+0000] {logging_mixin.py:190} INFO - [2025-03-06T11:04:08.299+0000] {dag.py:4180} INFO - Setting next_dagrun for example_task_group to None, run_after=None
[2025-03-06T11:04:08.322+0000] {processor.py:208} INFO - Processing /home/airflow/.local/lib/python3.12/site-packages/airflow/example_dags/example_task_group.py took 0.069 seconds
[2025-03-06T11:04:38.994+0000] {processor.py:186} INFO - Started process (PID=635) to work on /home/airflow/.local/lib/python3.12/site-packages/airflow/example_dags/example_task_group.py
[2025-03-06T11:04:38.996+0000] {processor.py:914} INFO - Processing file /home/airflow/.local/lib/python3.12/site-packages/airflow/example_dags/example_task_group.py for tasks to queue
[2025-03-06T11:04:38.999+0000] {logging_mixin.py:190} INFO - [2025-03-06T11:04:38.998+0000] {dagbag.py:588} INFO - Filling up the DagBag from /home/airflow/.local/lib/python3.12/site-packages/airflow/example_dags/example_task_group.py
[2025-03-06T11:04:39.010+0000] {processor.py:925} INFO - DAG(s) 'example_task_group' retrieved from /home/airflow/.local/lib/python3.12/site-packages/airflow/example_dags/example_task_group.py
[2025-03-06T11:04:39.033+0000] {logging_mixin.py:190} INFO - [2025-03-06T11:04:39.033+0000] {dag.py:3239} INFO - Sync 1 DAGs
[2025-03-06T11:04:39.047+0000] {logging_mixin.py:190} INFO - [2025-03-06T11:04:39.047+0000] {dag.py:4180} INFO - Setting next_dagrun for example_task_group to None, run_after=None
[2025-03-06T11:04:39.067+0000] {processor.py:208} INFO - Processing /home/airflow/.local/lib/python3.12/site-packages/airflow/example_dags/example_task_group.py took 0.080 seconds
[2025-03-06T11:05:09.589+0000] {processor.py:186} INFO - Started process (PID=734) to work on /home/airflow/.local/lib/python3.12/site-packages/airflow/example_dags/example_task_group.py
[2025-03-06T11:05:09.591+0000] {processor.py:914} INFO - Processing file /home/airflow/.local/lib/python3.12/site-packages/airflow/example_dags/example_task_group.py for tasks to queue
[2025-03-06T11:05:09.594+0000] {logging_mixin.py:190} INFO - [2025-03-06T11:05:09.594+0000] {dagbag.py:588} INFO - Filling up the DagBag from /home/airflow/.local/lib/python3.12/site-packages/airflow/example_dags/example_task_group.py
[2025-03-06T11:05:09.606+0000] {processor.py:925} INFO - DAG(s) 'example_task_group' retrieved from /home/airflow/.local/lib/python3.12/site-packages/airflow/example_dags/example_task_group.py
[2025-03-06T11:05:09.631+0000] {logging_mixin.py:190} INFO - [2025-03-06T11:05:09.631+0000] {dag.py:3239} INFO - Sync 1 DAGs
[2025-03-06T11:05:09.645+0000] {logging_mixin.py:190} INFO - [2025-03-06T11:05:09.645+0000] {dag.py:4180} INFO - Setting next_dagrun for example_task_group to None, run_after=None
[2025-03-06T11:05:09.663+0000] {processor.py:208} INFO - Processing /home/airflow/.local/lib/python3.12/site-packages/airflow/example_dags/example_task_group.py took 0.080 seconds
[2025-03-06T11:05:39.858+0000] {processor.py:186} INFO - Started process (PID=821) to work on /home/airflow/.local/lib/python3.12/site-packages/airflow/example_dags/example_task_group.py
[2025-03-06T11:05:39.859+0000] {processor.py:914} INFO - Processing file /home/airflow/.local/lib/python3.12/site-packages/airflow/example_dags/example_task_group.py for tasks to queue
[2025-03-06T11:05:39.862+0000] {logging_mixin.py:190} INFO - [2025-03-06T11:05:39.861+0000] {dagbag.py:588} INFO - Filling up the DagBag from /home/airflow/.local/lib/python3.12/site-packages/airflow/example_dags/example_task_group.py
[2025-03-06T11:05:39.870+0000] {processor.py:925} INFO - DAG(s) 'example_task_group' retrieved from /home/airflow/.local/lib/python3.12/site-packages/airflow/example_dags/example_task_group.py
[2025-03-06T11:05:39.889+0000] {logging_mixin.py:190} INFO - [2025-03-06T11:05:39.889+0000] {dag.py:3239} INFO - Sync 1 DAGs
[2025-03-06T11:05:39.903+0000] {logging_mixin.py:190} INFO - [2025-03-06T11:05:39.902+0000] {dag.py:4180} INFO - Setting next_dagrun for example_task_group to None, run_after=None
[2025-03-06T11:05:39.920+0000] {processor.py:208} INFO - Processing /home/airflow/.local/lib/python3.12/site-packages/airflow/example_dags/example_task_group.py took 0.067 seconds
[2025-03-06T11:06:10.595+0000] {processor.py:186} INFO - Started process (PID=896) to work on /home/airflow/.local/lib/python3.12/site-packages/airflow/example_dags/example_task_group.py
[2025-03-06T11:06:10.596+0000] {processor.py:914} INFO - Processing file /home/airflow/.local/lib/python3.12/site-packages/airflow/example_dags/example_task_group.py for tasks to queue
[2025-03-06T11:06:10.604+0000] {logging_mixin.py:190} INFO - [2025-03-06T11:06:10.604+0000] {dagbag.py:588} INFO - Filling up the DagBag from /home/airflow/.local/lib/python3.12/site-packages/airflow/example_dags/example_task_group.py
[2025-03-06T11:06:10.629+0000] {processor.py:925} INFO - DAG(s) 'example_task_group' retrieved from /home/airflow/.local/lib/python3.12/site-packages/airflow/example_dags/example_task_group.py
[2025-03-06T11:06:10.674+0000] {logging_mixin.py:190} INFO - [2025-03-06T11:06:10.673+0000] {dag.py:3239} INFO - Sync 1 DAGs
[2025-03-06T11:06:10.702+0000] {logging_mixin.py:190} INFO - [2025-03-06T11:06:10.702+0000] {dag.py:4180} INFO - Setting next_dagrun for example_task_group to None, run_after=None
[2025-03-06T11:06:10.784+0000] {processor.py:208} INFO - Processing /home/airflow/.local/lib/python3.12/site-packages/airflow/example_dags/example_task_group.py took 0.198 seconds
[2025-03-06T11:06:48.240+0000] {processor.py:186} INFO - Started process (PID=933) to work on /home/airflow/.local/lib/python3.12/site-packages/airflow/example_dags/example_task_group.py
[2025-03-06T11:06:48.242+0000] {processor.py:914} INFO - Processing file /home/airflow/.local/lib/python3.12/site-packages/airflow/example_dags/example_task_group.py for tasks to queue
[2025-03-06T11:06:48.247+0000] {logging_mixin.py:190} INFO - [2025-03-06T11:06:48.246+0000] {dagbag.py:588} INFO - Filling up the DagBag from /home/airflow/.local/lib/python3.12/site-packages/airflow/example_dags/example_task_group.py
[2025-03-06T11:06:48.263+0000] {processor.py:925} INFO - DAG(s) 'example_task_group' retrieved from /home/airflow/.local/lib/python3.12/site-packages/airflow/example_dags/example_task_group.py
[2025-03-06T11:06:48.310+0000] {logging_mixin.py:190} INFO - [2025-03-06T11:06:48.309+0000] {dag.py:3239} INFO - Sync 1 DAGs
[2025-03-06T11:06:48.350+0000] {logging_mixin.py:190} INFO - [2025-03-06T11:06:48.349+0000] {dag.py:4180} INFO - Setting next_dagrun for example_task_group to None, run_after=None
[2025-03-06T11:06:48.396+0000] {processor.py:208} INFO - Processing /home/airflow/.local/lib/python3.12/site-packages/airflow/example_dags/example_task_group.py took 0.169 seconds
[2025-03-06T11:07:49.829+0000] {processor.py:186} INFO - Started process (PID=1006) to work on /home/airflow/.local/lib/python3.12/site-packages/airflow/example_dags/example_task_group.py
[2025-03-06T11:07:49.832+0000] {processor.py:914} INFO - Processing file /home/airflow/.local/lib/python3.12/site-packages/airflow/example_dags/example_task_group.py for tasks to queue
[2025-03-06T11:07:49.834+0000] {logging_mixin.py:190} INFO - [2025-03-06T11:07:49.834+0000] {dagbag.py:588} INFO - Filling up the DagBag from /home/airflow/.local/lib/python3.12/site-packages/airflow/example_dags/example_task_group.py
[2025-03-06T11:07:49.850+0000] {processor.py:925} INFO - DAG(s) 'example_task_group' retrieved from /home/airflow/.local/lib/python3.12/site-packages/airflow/example_dags/example_task_group.py
[2025-03-06T11:07:49.888+0000] {logging_mixin.py:190} INFO - [2025-03-06T11:07:49.888+0000] {dag.py:3239} INFO - Sync 1 DAGs
[2025-03-06T11:07:49.910+0000] {logging_mixin.py:190} INFO - [2025-03-06T11:07:49.910+0000] {dag.py:4180} INFO - Setting next_dagrun for example_task_group to None, run_after=None
[2025-03-06T11:07:49.943+0000] {processor.py:208} INFO - Processing /home/airflow/.local/lib/python3.12/site-packages/airflow/example_dags/example_task_group.py took 0.124 seconds
[2025-03-06T11:08:21.056+0000] {processor.py:186} INFO - Started process (PID=1082) to work on /home/airflow/.local/lib/python3.12/site-packages/airflow/example_dags/example_task_group.py
[2025-03-06T11:08:21.058+0000] {processor.py:914} INFO - Processing file /home/airflow/.local/lib/python3.12/site-packages/airflow/example_dags/example_task_group.py for tasks to queue
[2025-03-06T11:08:21.060+0000] {logging_mixin.py:190} INFO - [2025-03-06T11:08:21.060+0000] {dagbag.py:588} INFO - Filling up the DagBag from /home/airflow/.local/lib/python3.12/site-packages/airflow/example_dags/example_task_group.py
[2025-03-06T11:08:21.075+0000] {processor.py:925} INFO - DAG(s) 'example_task_group' retrieved from /home/airflow/.local/lib/python3.12/site-packages/airflow/example_dags/example_task_group.py
[2025-03-06T11:08:21.111+0000] {logging_mixin.py:190} INFO - [2025-03-06T11:08:21.111+0000] {dag.py:3239} INFO - Sync 1 DAGs
[2025-03-06T11:08:21.133+0000] {logging_mixin.py:190} INFO - [2025-03-06T11:08:21.132+0000] {dag.py:4180} INFO - Setting next_dagrun for example_task_group to None, run_after=None
[2025-03-06T11:08:21.166+0000] {processor.py:208} INFO - Processing /home/airflow/.local/lib/python3.12/site-packages/airflow/example_dags/example_task_group.py took 0.119 seconds
[2025-03-06T11:08:52.163+0000] {processor.py:186} INFO - Started process (PID=1157) to work on /home/airflow/.local/lib/python3.12/site-packages/airflow/example_dags/example_task_group.py
[2025-03-06T11:08:52.164+0000] {processor.py:914} INFO - Processing file /home/airflow/.local/lib/python3.12/site-packages/airflow/example_dags/example_task_group.py for tasks to queue
[2025-03-06T11:08:52.166+0000] {logging_mixin.py:190} INFO - [2025-03-06T11:08:52.166+0000] {dagbag.py:588} INFO - Filling up the DagBag from /home/airflow/.local/lib/python3.12/site-packages/airflow/example_dags/example_task_group.py
[2025-03-06T11:08:52.175+0000] {processor.py:925} INFO - DAG(s) 'example_task_group' retrieved from /home/airflow/.local/lib/python3.12/site-packages/airflow/example_dags/example_task_group.py
[2025-03-06T11:08:52.198+0000] {logging_mixin.py:190} INFO - [2025-03-06T11:08:52.198+0000] {dag.py:3239} INFO - Sync 1 DAGs
[2025-03-06T11:08:52.212+0000] {logging_mixin.py:190} INFO - [2025-03-06T11:08:52.211+0000] {dag.py:4180} INFO - Setting next_dagrun for example_task_group to None, run_after=None
[2025-03-06T11:08:52.237+0000] {processor.py:208} INFO - Processing /home/airflow/.local/lib/python3.12/site-packages/airflow/example_dags/example_task_group.py took 0.081 seconds
[2025-03-06T11:09:23.870+0000] {processor.py:186} INFO - Started process (PID=1232) to work on /home/airflow/.local/lib/python3.12/site-packages/airflow/example_dags/example_task_group.py
[2025-03-06T11:09:23.871+0000] {processor.py:914} INFO - Processing file /home/airflow/.local/lib/python3.12/site-packages/airflow/example_dags/example_task_group.py for tasks to queue
[2025-03-06T11:09:23.874+0000] {logging_mixin.py:190} INFO - [2025-03-06T11:09:23.873+0000] {dagbag.py:588} INFO - Filling up the DagBag from /home/airflow/.local/lib/python3.12/site-packages/airflow/example_dags/example_task_group.py
[2025-03-06T11:09:23.888+0000] {processor.py:925} INFO - DAG(s) 'example_task_group' retrieved from /home/airflow/.local/lib/python3.12/site-packages/airflow/example_dags/example_task_group.py
[2025-03-06T11:09:23.927+0000] {logging_mixin.py:190} INFO - [2025-03-06T11:09:23.927+0000] {dag.py:3239} INFO - Sync 1 DAGs
[2025-03-06T11:09:23.953+0000] {logging_mixin.py:190} INFO - [2025-03-06T11:09:23.952+0000] {dag.py:4180} INFO - Setting next_dagrun for example_task_group to None, run_after=None
[2025-03-06T11:09:23.986+0000] {processor.py:208} INFO - Processing /home/airflow/.local/lib/python3.12/site-packages/airflow/example_dags/example_task_group.py took 0.127 seconds
[2025-03-06T11:09:54.977+0000] {processor.py:186} INFO - Started process (PID=1296) to work on /home/airflow/.local/lib/python3.12/site-packages/airflow/example_dags/example_task_group.py
[2025-03-06T11:09:54.994+0000] {processor.py:914} INFO - Processing file /home/airflow/.local/lib/python3.12/site-packages/airflow/example_dags/example_task_group.py for tasks to queue
[2025-03-06T11:09:55.001+0000] {logging_mixin.py:190} INFO - [2025-03-06T11:09:55.000+0000] {dagbag.py:588} INFO - Filling up the DagBag from /home/airflow/.local/lib/python3.12/site-packages/airflow/example_dags/example_task_group.py
[2025-03-06T11:09:55.013+0000] {processor.py:925} INFO - DAG(s) 'example_task_group' retrieved from /home/airflow/.local/lib/python3.12/site-packages/airflow/example_dags/example_task_group.py
[2025-03-06T11:09:55.084+0000] {logging_mixin.py:190} INFO - [2025-03-06T11:09:55.084+0000] {dag.py:3239} INFO - Sync 1 DAGs
[2025-03-06T11:09:55.111+0000] {logging_mixin.py:190} INFO - [2025-03-06T11:09:55.110+0000] {dag.py:4180} INFO - Setting next_dagrun for example_task_group to None, run_after=None
[2025-03-06T11:09:55.148+0000] {processor.py:208} INFO - Processing /home/airflow/.local/lib/python3.12/site-packages/airflow/example_dags/example_task_group.py took 0.179 seconds
[2025-03-06T11:10:25.640+0000] {processor.py:186} INFO - Started process (PID=1370) to work on /home/airflow/.local/lib/python3.12/site-packages/airflow/example_dags/example_task_group.py
[2025-03-06T11:10:25.641+0000] {processor.py:914} INFO - Processing file /home/airflow/.local/lib/python3.12/site-packages/airflow/example_dags/example_task_group.py for tasks to queue
[2025-03-06T11:10:25.642+0000] {logging_mixin.py:190} INFO - [2025-03-06T11:10:25.642+0000] {dagbag.py:588} INFO - Filling up the DagBag from /home/airflow/.local/lib/python3.12/site-packages/airflow/example_dags/example_task_group.py
[2025-03-06T11:10:25.651+0000] {processor.py:925} INFO - DAG(s) 'example_task_group' retrieved from /home/airflow/.local/lib/python3.12/site-packages/airflow/example_dags/example_task_group.py
[2025-03-06T11:10:25.671+0000] {logging_mixin.py:190} INFO - [2025-03-06T11:10:25.671+0000] {dag.py:3239} INFO - Sync 1 DAGs
[2025-03-06T11:10:25.683+0000] {logging_mixin.py:190} INFO - [2025-03-06T11:10:25.683+0000] {dag.py:4180} INFO - Setting next_dagrun for example_task_group to None, run_after=None
[2025-03-06T11:10:25.700+0000] {processor.py:208} INFO - Processing /home/airflow/.local/lib/python3.12/site-packages/airflow/example_dags/example_task_group.py took 0.065 seconds
[2025-03-06T11:10:55.910+0000] {processor.py:186} INFO - Started process (PID=1446) to work on /home/airflow/.local/lib/python3.12/site-packages/airflow/example_dags/example_task_group.py
[2025-03-06T11:10:55.912+0000] {processor.py:914} INFO - Processing file /home/airflow/.local/lib/python3.12/site-packages/airflow/example_dags/example_task_group.py for tasks to queue
[2025-03-06T11:10:55.913+0000] {logging_mixin.py:190} INFO - [2025-03-06T11:10:55.913+0000] {dagbag.py:588} INFO - Filling up the DagBag from /home/airflow/.local/lib/python3.12/site-packages/airflow/example_dags/example_task_group.py
[2025-03-06T11:10:55.921+0000] {processor.py:925} INFO - DAG(s) 'example_task_group' retrieved from /home/airflow/.local/lib/python3.12/site-packages/airflow/example_dags/example_task_group.py
[2025-03-06T11:10:55.943+0000] {logging_mixin.py:190} INFO - [2025-03-06T11:10:55.942+0000] {dag.py:3239} INFO - Sync 1 DAGs
[2025-03-06T11:10:55.954+0000] {logging_mixin.py:190} INFO - [2025-03-06T11:10:55.954+0000] {dag.py:4180} INFO - Setting next_dagrun for example_task_group to None, run_after=None
[2025-03-06T11:10:55.972+0000] {processor.py:208} INFO - Processing /home/airflow/.local/lib/python3.12/site-packages/airflow/example_dags/example_task_group.py took 0.066 seconds
[2025-03-06T11:11:26.460+0000] {processor.py:186} INFO - Started process (PID=1521) to work on /home/airflow/.local/lib/python3.12/site-packages/airflow/example_dags/example_task_group.py
[2025-03-06T11:11:26.461+0000] {processor.py:914} INFO - Processing file /home/airflow/.local/lib/python3.12/site-packages/airflow/example_dags/example_task_group.py for tasks to queue
[2025-03-06T11:11:26.462+0000] {logging_mixin.py:190} INFO - [2025-03-06T11:11:26.462+0000] {dagbag.py:588} INFO - Filling up the DagBag from /home/airflow/.local/lib/python3.12/site-packages/airflow/example_dags/example_task_group.py
[2025-03-06T11:11:26.469+0000] {processor.py:925} INFO - DAG(s) 'example_task_group' retrieved from /home/airflow/.local/lib/python3.12/site-packages/airflow/example_dags/example_task_group.py
[2025-03-06T11:11:26.487+0000] {logging_mixin.py:190} INFO - [2025-03-06T11:11:26.487+0000] {dag.py:3239} INFO - Sync 1 DAGs
[2025-03-06T11:11:26.499+0000] {logging_mixin.py:190} INFO - [2025-03-06T11:11:26.499+0000] {dag.py:4180} INFO - Setting next_dagrun for example_task_group to None, run_after=None
[2025-03-06T11:11:26.517+0000] {processor.py:208} INFO - Processing /home/airflow/.local/lib/python3.12/site-packages/airflow/example_dags/example_task_group.py took 0.064 seconds
[2025-03-06T11:11:56.858+0000] {processor.py:186} INFO - Started process (PID=1596) to work on /home/airflow/.local/lib/python3.12/site-packages/airflow/example_dags/example_task_group.py
[2025-03-06T11:11:56.859+0000] {processor.py:914} INFO - Processing file /home/airflow/.local/lib/python3.12/site-packages/airflow/example_dags/example_task_group.py for tasks to queue
[2025-03-06T11:11:56.861+0000] {logging_mixin.py:190} INFO - [2025-03-06T11:11:56.860+0000] {dagbag.py:588} INFO - Filling up the DagBag from /home/airflow/.local/lib/python3.12/site-packages/airflow/example_dags/example_task_group.py
[2025-03-06T11:11:56.870+0000] {processor.py:925} INFO - DAG(s) 'example_task_group' retrieved from /home/airflow/.local/lib/python3.12/site-packages/airflow/example_dags/example_task_group.py
[2025-03-06T11:11:56.887+0000] {logging_mixin.py:190} INFO - [2025-03-06T11:11:56.887+0000] {dag.py:3239} INFO - Sync 1 DAGs
[2025-03-06T11:11:56.902+0000] {logging_mixin.py:190} INFO - [2025-03-06T11:11:56.902+0000] {dag.py:4180} INFO - Setting next_dagrun for example_task_group to None, run_after=None
[2025-03-06T11:11:56.921+0000] {processor.py:208} INFO - Processing /home/airflow/.local/lib/python3.12/site-packages/airflow/example_dags/example_task_group.py took 0.068 seconds
[2025-03-06T11:12:27.753+0000] {processor.py:186} INFO - Started process (PID=1671) to work on /home/airflow/.local/lib/python3.12/site-packages/airflow/example_dags/example_task_group.py
[2025-03-06T11:12:27.755+0000] {processor.py:914} INFO - Processing file /home/airflow/.local/lib/python3.12/site-packages/airflow/example_dags/example_task_group.py for tasks to queue
[2025-03-06T11:12:27.756+0000] {logging_mixin.py:190} INFO - [2025-03-06T11:12:27.756+0000] {dagbag.py:588} INFO - Filling up the DagBag from /home/airflow/.local/lib/python3.12/site-packages/airflow/example_dags/example_task_group.py
[2025-03-06T11:12:27.765+0000] {processor.py:925} INFO - DAG(s) 'example_task_group' retrieved from /home/airflow/.local/lib/python3.12/site-packages/airflow/example_dags/example_task_group.py
[2025-03-06T11:12:27.786+0000] {logging_mixin.py:190} INFO - [2025-03-06T11:12:27.785+0000] {dag.py:3239} INFO - Sync 1 DAGs
[2025-03-06T11:12:27.800+0000] {logging_mixin.py:190} INFO - [2025-03-06T11:12:27.800+0000] {dag.py:4180} INFO - Setting next_dagrun for example_task_group to None, run_after=None
[2025-03-06T11:12:27.820+0000] {processor.py:208} INFO - Processing /home/airflow/.local/lib/python3.12/site-packages/airflow/example_dags/example_task_group.py took 0.071 seconds
[2025-03-06T11:12:58.197+0000] {processor.py:186} INFO - Started process (PID=1745) to work on /home/airflow/.local/lib/python3.12/site-packages/airflow/example_dags/example_task_group.py
[2025-03-06T11:12:58.198+0000] {processor.py:914} INFO - Processing file /home/airflow/.local/lib/python3.12/site-packages/airflow/example_dags/example_task_group.py for tasks to queue
[2025-03-06T11:12:58.199+0000] {logging_mixin.py:190} INFO - [2025-03-06T11:12:58.198+0000] {dagbag.py:588} INFO - Filling up the DagBag from /home/airflow/.local/lib/python3.12/site-packages/airflow/example_dags/example_task_group.py
[2025-03-06T11:12:58.206+0000] {processor.py:925} INFO - DAG(s) 'example_task_group' retrieved from /home/airflow/.local/lib/python3.12/site-packages/airflow/example_dags/example_task_group.py
[2025-03-06T11:12:58.223+0000] {logging_mixin.py:190} INFO - [2025-03-06T11:12:58.222+0000] {dag.py:3239} INFO - Sync 1 DAGs
[2025-03-06T11:12:58.236+0000] {logging_mixin.py:190} INFO - [2025-03-06T11:12:58.235+0000] {dag.py:4180} INFO - Setting next_dagrun for example_task_group to None, run_after=None
[2025-03-06T11:12:58.254+0000] {processor.py:208} INFO - Processing /home/airflow/.local/lib/python3.12/site-packages/airflow/example_dags/example_task_group.py took 0.063 seconds
[2025-03-06T11:13:28.944+0000] {processor.py:186} INFO - Started process (PID=1820) to work on /home/airflow/.local/lib/python3.12/site-packages/airflow/example_dags/example_task_group.py
[2025-03-06T11:13:28.945+0000] {processor.py:914} INFO - Processing file /home/airflow/.local/lib/python3.12/site-packages/airflow/example_dags/example_task_group.py for tasks to queue
[2025-03-06T11:13:28.947+0000] {logging_mixin.py:190} INFO - [2025-03-06T11:13:28.947+0000] {dagbag.py:588} INFO - Filling up the DagBag from /home/airflow/.local/lib/python3.12/site-packages/airflow/example_dags/example_task_group.py
[2025-03-06T11:13:28.957+0000] {processor.py:925} INFO - DAG(s) 'example_task_group' retrieved from /home/airflow/.local/lib/python3.12/site-packages/airflow/example_dags/example_task_group.py
[2025-03-06T11:13:28.976+0000] {logging_mixin.py:190} INFO - [2025-03-06T11:13:28.975+0000] {dag.py:3239} INFO - Sync 1 DAGs
[2025-03-06T11:13:28.992+0000] {logging_mixin.py:190} INFO - [2025-03-06T11:13:28.992+0000] {dag.py:4180} INFO - Setting next_dagrun for example_task_group to None, run_after=None
[2025-03-06T11:13:29.011+0000] {processor.py:208} INFO - Processing /home/airflow/.local/lib/python3.12/site-packages/airflow/example_dags/example_task_group.py took 0.073 seconds
[2025-03-06T11:13:59.274+0000] {processor.py:186} INFO - Started process (PID=1895) to work on /home/airflow/.local/lib/python3.12/site-packages/airflow/example_dags/example_task_group.py
[2025-03-06T11:13:59.276+0000] {processor.py:914} INFO - Processing file /home/airflow/.local/lib/python3.12/site-packages/airflow/example_dags/example_task_group.py for tasks to queue
[2025-03-06T11:13:59.278+0000] {logging_mixin.py:190} INFO - [2025-03-06T11:13:59.277+0000] {dagbag.py:588} INFO - Filling up the DagBag from /home/airflow/.local/lib/python3.12/site-packages/airflow/example_dags/example_task_group.py
[2025-03-06T11:13:59.291+0000] {processor.py:925} INFO - DAG(s) 'example_task_group' retrieved from /home/airflow/.local/lib/python3.12/site-packages/airflow/example_dags/example_task_group.py
[2025-03-06T11:13:59.319+0000] {logging_mixin.py:190} INFO - [2025-03-06T11:13:59.318+0000] {dag.py:3239} INFO - Sync 1 DAGs
[2025-03-06T11:13:59.343+0000] {logging_mixin.py:190} INFO - [2025-03-06T11:13:59.341+0000] {dag.py:4180} INFO - Setting next_dagrun for example_task_group to None, run_after=None
[2025-03-06T11:13:59.369+0000] {processor.py:208} INFO - Processing /home/airflow/.local/lib/python3.12/site-packages/airflow/example_dags/example_task_group.py took 0.100 seconds
[2025-03-06T11:14:29.851+0000] {processor.py:186} INFO - Started process (PID=1970) to work on /home/airflow/.local/lib/python3.12/site-packages/airflow/example_dags/example_task_group.py
[2025-03-06T11:14:29.853+0000] {processor.py:914} INFO - Processing file /home/airflow/.local/lib/python3.12/site-packages/airflow/example_dags/example_task_group.py for tasks to queue
[2025-03-06T11:14:29.855+0000] {logging_mixin.py:190} INFO - [2025-03-06T11:14:29.854+0000] {dagbag.py:588} INFO - Filling up the DagBag from /home/airflow/.local/lib/python3.12/site-packages/airflow/example_dags/example_task_group.py
[2025-03-06T11:14:29.870+0000] {processor.py:925} INFO - DAG(s) 'example_task_group' retrieved from /home/airflow/.local/lib/python3.12/site-packages/airflow/example_dags/example_task_group.py
[2025-03-06T11:14:29.906+0000] {logging_mixin.py:190} INFO - [2025-03-06T11:14:29.905+0000] {dag.py:3239} INFO - Sync 1 DAGs
[2025-03-06T11:14:29.933+0000] {logging_mixin.py:190} INFO - [2025-03-06T11:14:29.933+0000] {dag.py:4180} INFO - Setting next_dagrun for example_task_group to None, run_after=None
[2025-03-06T11:14:29.966+0000] {processor.py:208} INFO - Processing /home/airflow/.local/lib/python3.12/site-packages/airflow/example_dags/example_task_group.py took 0.123 seconds
[2025-03-06T11:15:00.593+0000] {processor.py:186} INFO - Started process (PID=2044) to work on /home/airflow/.local/lib/python3.12/site-packages/airflow/example_dags/example_task_group.py
[2025-03-06T11:15:00.594+0000] {processor.py:914} INFO - Processing file /home/airflow/.local/lib/python3.12/site-packages/airflow/example_dags/example_task_group.py for tasks to queue
[2025-03-06T11:15:00.596+0000] {logging_mixin.py:190} INFO - [2025-03-06T11:15:00.596+0000] {dagbag.py:588} INFO - Filling up the DagBag from /home/airflow/.local/lib/python3.12/site-packages/airflow/example_dags/example_task_group.py
[2025-03-06T11:15:00.606+0000] {processor.py:925} INFO - DAG(s) 'example_task_group' retrieved from /home/airflow/.local/lib/python3.12/site-packages/airflow/example_dags/example_task_group.py
[2025-03-06T11:15:00.629+0000] {logging_mixin.py:190} INFO - [2025-03-06T11:15:00.629+0000] {dag.py:3239} INFO - Sync 1 DAGs
[2025-03-06T11:15:00.644+0000] {logging_mixin.py:190} INFO - [2025-03-06T11:15:00.643+0000] {dag.py:4180} INFO - Setting next_dagrun for example_task_group to None, run_after=None
[2025-03-06T11:15:00.664+0000] {processor.py:208} INFO - Processing /home/airflow/.local/lib/python3.12/site-packages/airflow/example_dags/example_task_group.py took 0.076 seconds
[2025-03-06T11:15:30.997+0000] {processor.py:186} INFO - Started process (PID=2119) to work on /home/airflow/.local/lib/python3.12/site-packages/airflow/example_dags/example_task_group.py
[2025-03-06T11:15:30.998+0000] {processor.py:914} INFO - Processing file /home/airflow/.local/lib/python3.12/site-packages/airflow/example_dags/example_task_group.py for tasks to queue
[2025-03-06T11:15:30.999+0000] {logging_mixin.py:190} INFO - [2025-03-06T11:15:30.999+0000] {dagbag.py:588} INFO - Filling up the DagBag from /home/airflow/.local/lib/python3.12/site-packages/airflow/example_dags/example_task_group.py
[2025-03-06T11:15:31.007+0000] {processor.py:925} INFO - DAG(s) 'example_task_group' retrieved from /home/airflow/.local/lib/python3.12/site-packages/airflow/example_dags/example_task_group.py
[2025-03-06T11:15:31.029+0000] {logging_mixin.py:190} INFO - [2025-03-06T11:15:31.028+0000] {dag.py:3239} INFO - Sync 1 DAGs
[2025-03-06T11:15:31.048+0000] {logging_mixin.py:190} INFO - [2025-03-06T11:15:31.047+0000] {dag.py:4180} INFO - Setting next_dagrun for example_task_group to None, run_after=None
[2025-03-06T11:15:31.073+0000] {processor.py:208} INFO - Processing /home/airflow/.local/lib/python3.12/site-packages/airflow/example_dags/example_task_group.py took 0.081 seconds
[2025-03-06T11:16:01.834+0000] {processor.py:186} INFO - Started process (PID=2192) to work on /home/airflow/.local/lib/python3.12/site-packages/airflow/example_dags/example_task_group.py
[2025-03-06T11:16:01.836+0000] {processor.py:914} INFO - Processing file /home/airflow/.local/lib/python3.12/site-packages/airflow/example_dags/example_task_group.py for tasks to queue
[2025-03-06T11:16:01.837+0000] {logging_mixin.py:190} INFO - [2025-03-06T11:16:01.837+0000] {dagbag.py:588} INFO - Filling up the DagBag from /home/airflow/.local/lib/python3.12/site-packages/airflow/example_dags/example_task_group.py
[2025-03-06T11:16:01.846+0000] {processor.py:925} INFO - DAG(s) 'example_task_group' retrieved from /home/airflow/.local/lib/python3.12/site-packages/airflow/example_dags/example_task_group.py
[2025-03-06T11:16:01.867+0000] {logging_mixin.py:190} INFO - [2025-03-06T11:16:01.866+0000] {dag.py:3239} INFO - Sync 1 DAGs
[2025-03-06T11:16:01.882+0000] {logging_mixin.py:190} INFO - [2025-03-06T11:16:01.882+0000] {dag.py:4180} INFO - Setting next_dagrun for example_task_group to None, run_after=None
[2025-03-06T11:16:01.898+0000] {processor.py:208} INFO - Processing /home/airflow/.local/lib/python3.12/site-packages/airflow/example_dags/example_task_group.py took 0.069 seconds
[2025-03-06T11:16:33.093+0000] {processor.py:186} INFO - Started process (PID=2262) to work on /home/airflow/.local/lib/python3.12/site-packages/airflow/example_dags/example_task_group.py
[2025-03-06T11:16:33.095+0000] {processor.py:914} INFO - Processing file /home/airflow/.local/lib/python3.12/site-packages/airflow/example_dags/example_task_group.py for tasks to queue
[2025-03-06T11:16:33.097+0000] {logging_mixin.py:190} INFO - [2025-03-06T11:16:33.096+0000] {dagbag.py:588} INFO - Filling up the DagBag from /home/airflow/.local/lib/python3.12/site-packages/airflow/example_dags/example_task_group.py
[2025-03-06T11:16:33.106+0000] {processor.py:925} INFO - DAG(s) 'example_task_group' retrieved from /home/airflow/.local/lib/python3.12/site-packages/airflow/example_dags/example_task_group.py
[2025-03-06T11:16:33.128+0000] {logging_mixin.py:190} INFO - [2025-03-06T11:16:33.128+0000] {dag.py:3239} INFO - Sync 1 DAGs
[2025-03-06T11:16:33.141+0000] {logging_mixin.py:190} INFO - [2025-03-06T11:16:33.141+0000] {dag.py:4180} INFO - Setting next_dagrun for example_task_group to None, run_after=None
[2025-03-06T11:16:33.158+0000] {processor.py:208} INFO - Processing /home/airflow/.local/lib/python3.12/site-packages/airflow/example_dags/example_task_group.py took 0.070 seconds
[2025-03-06T11:17:03.916+0000] {processor.py:186} INFO - Started process (PID=2335) to work on /home/airflow/.local/lib/python3.12/site-packages/airflow/example_dags/example_task_group.py
[2025-03-06T11:17:03.917+0000] {processor.py:914} INFO - Processing file /home/airflow/.local/lib/python3.12/site-packages/airflow/example_dags/example_task_group.py for tasks to queue
[2025-03-06T11:17:03.919+0000] {logging_mixin.py:190} INFO - [2025-03-06T11:17:03.919+0000] {dagbag.py:588} INFO - Filling up the DagBag from /home/airflow/.local/lib/python3.12/site-packages/airflow/example_dags/example_task_group.py
[2025-03-06T11:17:03.927+0000] {processor.py:925} INFO - DAG(s) 'example_task_group' retrieved from /home/airflow/.local/lib/python3.12/site-packages/airflow/example_dags/example_task_group.py
[2025-03-06T11:17:03.953+0000] {logging_mixin.py:190} INFO - [2025-03-06T11:17:03.953+0000] {dag.py:3239} INFO - Sync 1 DAGs
[2025-03-06T11:17:03.966+0000] {logging_mixin.py:190} INFO - [2025-03-06T11:17:03.966+0000] {dag.py:4180} INFO - Setting next_dagrun for example_task_group to None, run_after=None
[2025-03-06T11:17:03.983+0000] {processor.py:208} INFO - Processing /home/airflow/.local/lib/python3.12/site-packages/airflow/example_dags/example_task_group.py took 0.072 seconds
[2025-03-06T11:17:34.261+0000] {processor.py:186} INFO - Started process (PID=2404) to work on /home/airflow/.local/lib/python3.12/site-packages/airflow/example_dags/example_task_group.py
[2025-03-06T11:17:34.263+0000] {processor.py:914} INFO - Processing file /home/airflow/.local/lib/python3.12/site-packages/airflow/example_dags/example_task_group.py for tasks to queue
[2025-03-06T11:17:34.264+0000] {logging_mixin.py:190} INFO - [2025-03-06T11:17:34.263+0000] {dagbag.py:588} INFO - Filling up the DagBag from /home/airflow/.local/lib/python3.12/site-packages/airflow/example_dags/example_task_group.py
[2025-03-06T11:17:34.271+0000] {processor.py:925} INFO - DAG(s) 'example_task_group' retrieved from /home/airflow/.local/lib/python3.12/site-packages/airflow/example_dags/example_task_group.py
[2025-03-06T11:17:34.289+0000] {logging_mixin.py:190} INFO - [2025-03-06T11:17:34.289+0000] {dag.py:3239} INFO - Sync 1 DAGs
[2025-03-06T11:17:34.302+0000] {logging_mixin.py:190} INFO - [2025-03-06T11:17:34.301+0000] {dag.py:4180} INFO - Setting next_dagrun for example_task_group to None, run_after=None
[2025-03-06T11:17:34.319+0000] {processor.py:208} INFO - Processing /home/airflow/.local/lib/python3.12/site-packages/airflow/example_dags/example_task_group.py took 0.062 seconds
[2025-03-06T11:18:05.833+0000] {processor.py:186} INFO - Started process (PID=2477) to work on /home/airflow/.local/lib/python3.12/site-packages/airflow/example_dags/example_task_group.py
[2025-03-06T11:18:05.835+0000] {processor.py:914} INFO - Processing file /home/airflow/.local/lib/python3.12/site-packages/airflow/example_dags/example_task_group.py for tasks to queue
[2025-03-06T11:18:05.836+0000] {logging_mixin.py:190} INFO - [2025-03-06T11:18:05.836+0000] {dagbag.py:588} INFO - Filling up the DagBag from /home/airflow/.local/lib/python3.12/site-packages/airflow/example_dags/example_task_group.py
[2025-03-06T11:18:05.847+0000] {processor.py:925} INFO - DAG(s) 'example_task_group' retrieved from /home/airflow/.local/lib/python3.12/site-packages/airflow/example_dags/example_task_group.py
[2025-03-06T11:18:05.872+0000] {logging_mixin.py:190} INFO - [2025-03-06T11:18:05.871+0000] {dag.py:3239} INFO - Sync 1 DAGs
[2025-03-06T11:18:05.895+0000] {logging_mixin.py:190} INFO - [2025-03-06T11:18:05.895+0000] {dag.py:4180} INFO - Setting next_dagrun for example_task_group to None, run_after=None
[2025-03-06T11:18:05.919+0000] {processor.py:208} INFO - Processing /home/airflow/.local/lib/python3.12/site-packages/airflow/example_dags/example_task_group.py took 0.093 seconds
[2025-03-06T11:18:36.043+0000] {processor.py:186} INFO - Started process (PID=2540) to work on /home/airflow/.local/lib/python3.12/site-packages/airflow/example_dags/example_task_group.py
[2025-03-06T11:18:36.045+0000] {processor.py:914} INFO - Processing file /home/airflow/.local/lib/python3.12/site-packages/airflow/example_dags/example_task_group.py for tasks to queue
[2025-03-06T11:18:36.047+0000] {logging_mixin.py:190} INFO - [2025-03-06T11:18:36.046+0000] {dagbag.py:588} INFO - Filling up the DagBag from /home/airflow/.local/lib/python3.12/site-packages/airflow/example_dags/example_task_group.py
[2025-03-06T11:18:36.056+0000] {processor.py:925} INFO - DAG(s) 'example_task_group' retrieved from /home/airflow/.local/lib/python3.12/site-packages/airflow/example_dags/example_task_group.py
[2025-03-06T11:18:36.076+0000] {logging_mixin.py:190} INFO - [2025-03-06T11:18:36.076+0000] {dag.py:3239} INFO - Sync 1 DAGs
[2025-03-06T11:18:36.091+0000] {logging_mixin.py:190} INFO - [2025-03-06T11:18:36.091+0000] {dag.py:4180} INFO - Setting next_dagrun for example_task_group to None, run_after=None
[2025-03-06T11:18:36.111+0000] {processor.py:208} INFO - Processing /home/airflow/.local/lib/python3.12/site-packages/airflow/example_dags/example_task_group.py took 0.072 seconds
