[2025-03-06T04:34:29.094+0000] {processor.py:186} INFO - Started process (PID=14377) to work on /home/airflow/.local/lib/python3.12/site-packages/airflow/example_dags/example_sla_dag.py
[2025-03-06T04:34:29.095+0000] {processor.py:914} INFO - Processing file /home/airflow/.local/lib/python3.12/site-packages/airflow/example_dags/example_sla_dag.py for tasks to queue
[2025-03-06T04:34:29.098+0000] {logging_mixin.py:190} INFO - [2025-03-06T04:34:29.098+0000] {dagbag.py:588} INFO - Filling up the DagBag from /home/airflow/.local/lib/python3.12/site-packages/airflow/example_dags/example_sla_dag.py
[2025-03-06T04:34:29.111+0000] {processor.py:925} INFO - DAG(s) 'example_sla_dag' retrieved from /home/airflow/.local/lib/python3.12/site-packages/airflow/example_dags/example_sla_dag.py
[2025-03-06T04:34:29.133+0000] {logging_mixin.py:190} INFO - [2025-03-06T04:34:29.133+0000] {dag.py:3239} INFO - Sync 1 DAGs
[2025-03-06T04:34:29.161+0000] {logging_mixin.py:190} INFO - [2025-03-06T04:34:29.161+0000] {dag.py:4180} INFO - Setting next_dagrun for example_sla_dag to 2025-03-06 04:32:00+00:00, run_after=2025-03-06 04:34:00+00:00
[2025-03-06T04:34:29.188+0000] {processor.py:208} INFO - Processing /home/airflow/.local/lib/python3.12/site-packages/airflow/example_dags/example_sla_dag.py took 0.101 seconds
[2025-03-06T04:34:59.404+0000] {processor.py:186} INFO - Started process (PID=14452) to work on /home/airflow/.local/lib/python3.12/site-packages/airflow/example_dags/example_sla_dag.py
[2025-03-06T04:34:59.406+0000] {processor.py:914} INFO - Processing file /home/airflow/.local/lib/python3.12/site-packages/airflow/example_dags/example_sla_dag.py for tasks to queue
[2025-03-06T04:34:59.409+0000] {logging_mixin.py:190} INFO - [2025-03-06T04:34:59.409+0000] {dagbag.py:588} INFO - Filling up the DagBag from /home/airflow/.local/lib/python3.12/site-packages/airflow/example_dags/example_sla_dag.py
[2025-03-06T04:34:59.422+0000] {processor.py:925} INFO - DAG(s) 'example_sla_dag' retrieved from /home/airflow/.local/lib/python3.12/site-packages/airflow/example_dags/example_sla_dag.py
[2025-03-06T04:34:59.446+0000] {logging_mixin.py:190} INFO - [2025-03-06T04:34:59.446+0000] {dag.py:3239} INFO - Sync 1 DAGs
[2025-03-06T04:34:59.479+0000] {logging_mixin.py:190} INFO - [2025-03-06T04:34:59.478+0000] {dag.py:4180} INFO - Setting next_dagrun for example_sla_dag to 2025-03-06 04:32:00+00:00, run_after=2025-03-06 04:34:00+00:00
[2025-03-06T04:34:59.505+0000] {processor.py:208} INFO - Processing /home/airflow/.local/lib/python3.12/site-packages/airflow/example_dags/example_sla_dag.py took 0.108 seconds
[2025-03-06T04:35:30.060+0000] {processor.py:186} INFO - Started process (PID=14527) to work on /home/airflow/.local/lib/python3.12/site-packages/airflow/example_dags/example_sla_dag.py
[2025-03-06T04:35:30.062+0000] {processor.py:914} INFO - Processing file /home/airflow/.local/lib/python3.12/site-packages/airflow/example_dags/example_sla_dag.py for tasks to queue
[2025-03-06T04:35:30.064+0000] {logging_mixin.py:190} INFO - [2025-03-06T04:35:30.064+0000] {dagbag.py:588} INFO - Filling up the DagBag from /home/airflow/.local/lib/python3.12/site-packages/airflow/example_dags/example_sla_dag.py
[2025-03-06T04:35:30.072+0000] {processor.py:925} INFO - DAG(s) 'example_sla_dag' retrieved from /home/airflow/.local/lib/python3.12/site-packages/airflow/example_dags/example_sla_dag.py
[2025-03-06T04:35:30.090+0000] {logging_mixin.py:190} INFO - [2025-03-06T04:35:30.090+0000] {dag.py:3239} INFO - Sync 1 DAGs
[2025-03-06T04:35:30.112+0000] {logging_mixin.py:190} INFO - [2025-03-06T04:35:30.112+0000] {dag.py:4180} INFO - Setting next_dagrun for example_sla_dag to 2025-03-06 04:32:00+00:00, run_after=2025-03-06 04:34:00+00:00
[2025-03-06T04:35:30.134+0000] {processor.py:208} INFO - Processing /home/airflow/.local/lib/python3.12/site-packages/airflow/example_dags/example_sla_dag.py took 0.080 seconds
[2025-03-06T04:36:02.278+0000] {processor.py:186} INFO - Started process (PID=14602) to work on /home/airflow/.local/lib/python3.12/site-packages/airflow/example_dags/example_sla_dag.py
[2025-03-06T04:36:02.280+0000] {processor.py:914} INFO - Processing file /home/airflow/.local/lib/python3.12/site-packages/airflow/example_dags/example_sla_dag.py for tasks to queue
[2025-03-06T04:36:02.283+0000] {logging_mixin.py:190} INFO - [2025-03-06T04:36:02.283+0000] {dagbag.py:588} INFO - Filling up the DagBag from /home/airflow/.local/lib/python3.12/site-packages/airflow/example_dags/example_sla_dag.py
[2025-03-06T04:36:02.296+0000] {processor.py:925} INFO - DAG(s) 'example_sla_dag' retrieved from /home/airflow/.local/lib/python3.12/site-packages/airflow/example_dags/example_sla_dag.py
[2025-03-06T04:36:02.321+0000] {logging_mixin.py:190} INFO - [2025-03-06T04:36:02.320+0000] {dag.py:3239} INFO - Sync 1 DAGs
[2025-03-06T04:36:02.350+0000] {logging_mixin.py:190} INFO - [2025-03-06T04:36:02.350+0000] {dag.py:4180} INFO - Setting next_dagrun for example_sla_dag to 2025-03-06 04:34:00+00:00, run_after=2025-03-06 04:36:00+00:00
[2025-03-06T04:36:02.374+0000] {processor.py:208} INFO - Processing /home/airflow/.local/lib/python3.12/site-packages/airflow/example_dags/example_sla_dag.py took 0.101 seconds
[2025-03-06T04:36:34.924+0000] {processor.py:186} INFO - Started process (PID=14677) to work on /home/airflow/.local/lib/python3.12/site-packages/airflow/example_dags/example_sla_dag.py
[2025-03-06T04:36:34.925+0000] {processor.py:914} INFO - Processing file /home/airflow/.local/lib/python3.12/site-packages/airflow/example_dags/example_sla_dag.py for tasks to queue
[2025-03-06T04:36:34.928+0000] {logging_mixin.py:190} INFO - [2025-03-06T04:36:34.928+0000] {dagbag.py:588} INFO - Filling up the DagBag from /home/airflow/.local/lib/python3.12/site-packages/airflow/example_dags/example_sla_dag.py
[2025-03-06T04:36:34.937+0000] {processor.py:925} INFO - DAG(s) 'example_sla_dag' retrieved from /home/airflow/.local/lib/python3.12/site-packages/airflow/example_dags/example_sla_dag.py
[2025-03-06T04:36:34.955+0000] {logging_mixin.py:190} INFO - [2025-03-06T04:36:34.955+0000] {dag.py:3239} INFO - Sync 1 DAGs
[2025-03-06T04:36:34.979+0000] {logging_mixin.py:190} INFO - [2025-03-06T04:36:34.979+0000] {dag.py:4180} INFO - Setting next_dagrun for example_sla_dag to 2025-03-06 04:34:00+00:00, run_after=2025-03-06 04:36:00+00:00
[2025-03-06T04:36:34.996+0000] {processor.py:208} INFO - Processing /home/airflow/.local/lib/python3.12/site-packages/airflow/example_dags/example_sla_dag.py took 0.077 seconds
[2025-03-06T04:37:06.078+0000] {processor.py:186} INFO - Started process (PID=14753) to work on /home/airflow/.local/lib/python3.12/site-packages/airflow/example_dags/example_sla_dag.py
[2025-03-06T04:37:06.080+0000] {processor.py:914} INFO - Processing file /home/airflow/.local/lib/python3.12/site-packages/airflow/example_dags/example_sla_dag.py for tasks to queue
[2025-03-06T04:37:06.082+0000] {logging_mixin.py:190} INFO - [2025-03-06T04:37:06.082+0000] {dagbag.py:588} INFO - Filling up the DagBag from /home/airflow/.local/lib/python3.12/site-packages/airflow/example_dags/example_sla_dag.py
[2025-03-06T04:37:06.091+0000] {processor.py:925} INFO - DAG(s) 'example_sla_dag' retrieved from /home/airflow/.local/lib/python3.12/site-packages/airflow/example_dags/example_sla_dag.py
[2025-03-06T04:37:06.108+0000] {logging_mixin.py:190} INFO - [2025-03-06T04:37:06.108+0000] {dag.py:3239} INFO - Sync 1 DAGs
[2025-03-06T04:37:06.128+0000] {logging_mixin.py:190} INFO - [2025-03-06T04:37:06.128+0000] {dag.py:4180} INFO - Setting next_dagrun for example_sla_dag to 2025-03-06 04:34:00+00:00, run_after=2025-03-06 04:36:00+00:00
[2025-03-06T04:37:06.144+0000] {processor.py:208} INFO - Processing /home/airflow/.local/lib/python3.12/site-packages/airflow/example_dags/example_sla_dag.py took 0.070 seconds
[2025-03-06T04:37:36.754+0000] {processor.py:186} INFO - Started process (PID=14827) to work on /home/airflow/.local/lib/python3.12/site-packages/airflow/example_dags/example_sla_dag.py
[2025-03-06T04:37:36.755+0000] {processor.py:914} INFO - Processing file /home/airflow/.local/lib/python3.12/site-packages/airflow/example_dags/example_sla_dag.py for tasks to queue
[2025-03-06T04:37:36.757+0000] {logging_mixin.py:190} INFO - [2025-03-06T04:37:36.757+0000] {dagbag.py:588} INFO - Filling up the DagBag from /home/airflow/.local/lib/python3.12/site-packages/airflow/example_dags/example_sla_dag.py
[2025-03-06T04:37:36.765+0000] {processor.py:925} INFO - DAG(s) 'example_sla_dag' retrieved from /home/airflow/.local/lib/python3.12/site-packages/airflow/example_dags/example_sla_dag.py
[2025-03-06T04:37:36.780+0000] {logging_mixin.py:190} INFO - [2025-03-06T04:37:36.780+0000] {dag.py:3239} INFO - Sync 1 DAGs
[2025-03-06T04:37:36.801+0000] {logging_mixin.py:190} INFO - [2025-03-06T04:37:36.801+0000] {dag.py:4180} INFO - Setting next_dagrun for example_sla_dag to 2025-03-06 04:34:00+00:00, run_after=2025-03-06 04:36:00+00:00
[2025-03-06T04:37:36.816+0000] {processor.py:208} INFO - Processing /home/airflow/.local/lib/python3.12/site-packages/airflow/example_dags/example_sla_dag.py took 0.067 seconds
[2025-03-06T04:38:08.126+0000] {processor.py:186} INFO - Started process (PID=14903) to work on /home/airflow/.local/lib/python3.12/site-packages/airflow/example_dags/example_sla_dag.py
[2025-03-06T04:38:08.127+0000] {processor.py:914} INFO - Processing file /home/airflow/.local/lib/python3.12/site-packages/airflow/example_dags/example_sla_dag.py for tasks to queue
[2025-03-06T04:38:08.129+0000] {logging_mixin.py:190} INFO - [2025-03-06T04:38:08.129+0000] {dagbag.py:588} INFO - Filling up the DagBag from /home/airflow/.local/lib/python3.12/site-packages/airflow/example_dags/example_sla_dag.py
[2025-03-06T04:38:08.138+0000] {processor.py:925} INFO - DAG(s) 'example_sla_dag' retrieved from /home/airflow/.local/lib/python3.12/site-packages/airflow/example_dags/example_sla_dag.py
[2025-03-06T04:38:08.156+0000] {logging_mixin.py:190} INFO - [2025-03-06T04:38:08.156+0000] {dag.py:3239} INFO - Sync 1 DAGs
[2025-03-06T04:38:08.175+0000] {logging_mixin.py:190} INFO - [2025-03-06T04:38:08.175+0000] {dag.py:4180} INFO - Setting next_dagrun for example_sla_dag to 2025-03-06 04:36:00+00:00, run_after=2025-03-06 04:38:00+00:00
[2025-03-06T04:38:08.194+0000] {processor.py:208} INFO - Processing /home/airflow/.local/lib/python3.12/site-packages/airflow/example_dags/example_sla_dag.py took 0.073 seconds
[2025-03-06T04:38:39.263+0000] {processor.py:186} INFO - Started process (PID=14978) to work on /home/airflow/.local/lib/python3.12/site-packages/airflow/example_dags/example_sla_dag.py
[2025-03-06T04:38:39.264+0000] {processor.py:914} INFO - Processing file /home/airflow/.local/lib/python3.12/site-packages/airflow/example_dags/example_sla_dag.py for tasks to queue
[2025-03-06T04:38:39.267+0000] {logging_mixin.py:190} INFO - [2025-03-06T04:38:39.266+0000] {dagbag.py:588} INFO - Filling up the DagBag from /home/airflow/.local/lib/python3.12/site-packages/airflow/example_dags/example_sla_dag.py
[2025-03-06T04:38:39.275+0000] {processor.py:925} INFO - DAG(s) 'example_sla_dag' retrieved from /home/airflow/.local/lib/python3.12/site-packages/airflow/example_dags/example_sla_dag.py
[2025-03-06T04:38:39.292+0000] {logging_mixin.py:190} INFO - [2025-03-06T04:38:39.292+0000] {dag.py:3239} INFO - Sync 1 DAGs
[2025-03-06T04:38:39.312+0000] {logging_mixin.py:190} INFO - [2025-03-06T04:38:39.311+0000] {dag.py:4180} INFO - Setting next_dagrun for example_sla_dag to 2025-03-06 04:36:00+00:00, run_after=2025-03-06 04:38:00+00:00
[2025-03-06T04:38:39.326+0000] {processor.py:208} INFO - Processing /home/airflow/.local/lib/python3.12/site-packages/airflow/example_dags/example_sla_dag.py took 0.067 seconds
[2025-03-06T04:39:11.603+0000] {processor.py:186} INFO - Started process (PID=15053) to work on /home/airflow/.local/lib/python3.12/site-packages/airflow/example_dags/example_sla_dag.py
[2025-03-06T04:39:11.605+0000] {processor.py:914} INFO - Processing file /home/airflow/.local/lib/python3.12/site-packages/airflow/example_dags/example_sla_dag.py for tasks to queue
[2025-03-06T04:39:11.608+0000] {logging_mixin.py:190} INFO - [2025-03-06T04:39:11.607+0000] {dagbag.py:588} INFO - Filling up the DagBag from /home/airflow/.local/lib/python3.12/site-packages/airflow/example_dags/example_sla_dag.py
[2025-03-06T04:39:11.617+0000] {processor.py:925} INFO - DAG(s) 'example_sla_dag' retrieved from /home/airflow/.local/lib/python3.12/site-packages/airflow/example_dags/example_sla_dag.py
[2025-03-06T04:39:11.636+0000] {logging_mixin.py:190} INFO - [2025-03-06T04:39:11.636+0000] {dag.py:3239} INFO - Sync 1 DAGs
[2025-03-06T04:39:11.658+0000] {logging_mixin.py:190} INFO - [2025-03-06T04:39:11.658+0000] {dag.py:4180} INFO - Setting next_dagrun for example_sla_dag to 2025-03-06 04:36:00+00:00, run_after=2025-03-06 04:38:00+00:00
[2025-03-06T04:39:11.673+0000] {processor.py:208} INFO - Processing /home/airflow/.local/lib/python3.12/site-packages/airflow/example_dags/example_sla_dag.py took 0.075 seconds
[2025-03-06T04:39:43.089+0000] {processor.py:186} INFO - Started process (PID=15128) to work on /home/airflow/.local/lib/python3.12/site-packages/airflow/example_dags/example_sla_dag.py
[2025-03-06T04:39:43.090+0000] {processor.py:914} INFO - Processing file /home/airflow/.local/lib/python3.12/site-packages/airflow/example_dags/example_sla_dag.py for tasks to queue
[2025-03-06T04:39:43.093+0000] {logging_mixin.py:190} INFO - [2025-03-06T04:39:43.093+0000] {dagbag.py:588} INFO - Filling up the DagBag from /home/airflow/.local/lib/python3.12/site-packages/airflow/example_dags/example_sla_dag.py
[2025-03-06T04:39:43.102+0000] {processor.py:925} INFO - DAG(s) 'example_sla_dag' retrieved from /home/airflow/.local/lib/python3.12/site-packages/airflow/example_dags/example_sla_dag.py
[2025-03-06T04:39:43.124+0000] {logging_mixin.py:190} INFO - [2025-03-06T04:39:43.124+0000] {dag.py:3239} INFO - Sync 1 DAGs
[2025-03-06T04:39:43.157+0000] {logging_mixin.py:190} INFO - [2025-03-06T04:39:43.157+0000] {dag.py:4180} INFO - Setting next_dagrun for example_sla_dag to 2025-03-06 04:36:00+00:00, run_after=2025-03-06 04:38:00+00:00
[2025-03-06T04:39:43.174+0000] {processor.py:208} INFO - Processing /home/airflow/.local/lib/python3.12/site-packages/airflow/example_dags/example_sla_dag.py took 0.091 seconds
[2025-03-06T04:40:14.214+0000] {processor.py:186} INFO - Started process (PID=15210) to work on /home/airflow/.local/lib/python3.12/site-packages/airflow/example_dags/example_sla_dag.py
[2025-03-06T04:40:14.214+0000] {processor.py:914} INFO - Processing file /home/airflow/.local/lib/python3.12/site-packages/airflow/example_dags/example_sla_dag.py for tasks to queue
[2025-03-06T04:40:14.216+0000] {logging_mixin.py:190} INFO - [2025-03-06T04:40:14.216+0000] {dagbag.py:588} INFO - Filling up the DagBag from /home/airflow/.local/lib/python3.12/site-packages/airflow/example_dags/example_sla_dag.py
[2025-03-06T04:40:14.224+0000] {processor.py:925} INFO - DAG(s) 'example_sla_dag' retrieved from /home/airflow/.local/lib/python3.12/site-packages/airflow/example_dags/example_sla_dag.py
[2025-03-06T04:40:14.243+0000] {logging_mixin.py:190} INFO - [2025-03-06T04:40:14.243+0000] {dag.py:3239} INFO - Sync 1 DAGs
[2025-03-06T04:40:14.263+0000] {logging_mixin.py:190} INFO - [2025-03-06T04:40:14.263+0000] {dag.py:4180} INFO - Setting next_dagrun for example_sla_dag to 2025-03-06 04:38:00+00:00, run_after=2025-03-06 04:40:00+00:00
[2025-03-06T04:40:14.342+0000] {processor.py:208} INFO - Processing /home/airflow/.local/lib/python3.12/site-packages/airflow/example_dags/example_sla_dag.py took 0.133 seconds
[2025-03-06T04:40:44.752+0000] {processor.py:186} INFO - Started process (PID=15285) to work on /home/airflow/.local/lib/python3.12/site-packages/airflow/example_dags/example_sla_dag.py
[2025-03-06T04:40:44.755+0000] {processor.py:914} INFO - Processing file /home/airflow/.local/lib/python3.12/site-packages/airflow/example_dags/example_sla_dag.py for tasks to queue
[2025-03-06T04:40:44.758+0000] {logging_mixin.py:190} INFO - [2025-03-06T04:40:44.758+0000] {dagbag.py:588} INFO - Filling up the DagBag from /home/airflow/.local/lib/python3.12/site-packages/airflow/example_dags/example_sla_dag.py
[2025-03-06T04:40:44.785+0000] {processor.py:925} INFO - DAG(s) 'example_sla_dag' retrieved from /home/airflow/.local/lib/python3.12/site-packages/airflow/example_dags/example_sla_dag.py
[2025-03-06T04:40:44.804+0000] {logging_mixin.py:190} INFO - [2025-03-06T04:40:44.804+0000] {dag.py:3239} INFO - Sync 1 DAGs
[2025-03-06T04:40:44.824+0000] {logging_mixin.py:190} INFO - [2025-03-06T04:40:44.824+0000] {dag.py:4180} INFO - Setting next_dagrun for example_sla_dag to 2025-03-06 04:38:00+00:00, run_after=2025-03-06 04:40:00+00:00
[2025-03-06T04:40:44.842+0000] {processor.py:208} INFO - Processing /home/airflow/.local/lib/python3.12/site-packages/airflow/example_dags/example_sla_dag.py took 0.097 seconds
[2025-03-06T04:41:16.393+0000] {processor.py:186} INFO - Started process (PID=15360) to work on /home/airflow/.local/lib/python3.12/site-packages/airflow/example_dags/example_sla_dag.py
[2025-03-06T04:41:16.394+0000] {processor.py:914} INFO - Processing file /home/airflow/.local/lib/python3.12/site-packages/airflow/example_dags/example_sla_dag.py for tasks to queue
[2025-03-06T04:41:16.396+0000] {logging_mixin.py:190} INFO - [2025-03-06T04:41:16.396+0000] {dagbag.py:588} INFO - Filling up the DagBag from /home/airflow/.local/lib/python3.12/site-packages/airflow/example_dags/example_sla_dag.py
[2025-03-06T04:41:16.412+0000] {processor.py:925} INFO - DAG(s) 'example_sla_dag' retrieved from /home/airflow/.local/lib/python3.12/site-packages/airflow/example_dags/example_sla_dag.py
[2025-03-06T04:41:16.434+0000] {logging_mixin.py:190} INFO - [2025-03-06T04:41:16.434+0000] {dag.py:3239} INFO - Sync 1 DAGs
[2025-03-06T04:41:16.456+0000] {logging_mixin.py:190} INFO - [2025-03-06T04:41:16.456+0000] {dag.py:4180} INFO - Setting next_dagrun for example_sla_dag to 2025-03-06 04:38:00+00:00, run_after=2025-03-06 04:40:00+00:00
[2025-03-06T04:41:16.473+0000] {processor.py:208} INFO - Processing /home/airflow/.local/lib/python3.12/site-packages/airflow/example_dags/example_sla_dag.py took 0.085 seconds
[2025-03-06T04:41:47.416+0000] {processor.py:186} INFO - Started process (PID=15435) to work on /home/airflow/.local/lib/python3.12/site-packages/airflow/example_dags/example_sla_dag.py
[2025-03-06T04:41:47.417+0000] {processor.py:914} INFO - Processing file /home/airflow/.local/lib/python3.12/site-packages/airflow/example_dags/example_sla_dag.py for tasks to queue
[2025-03-06T04:41:47.419+0000] {logging_mixin.py:190} INFO - [2025-03-06T04:41:47.419+0000] {dagbag.py:588} INFO - Filling up the DagBag from /home/airflow/.local/lib/python3.12/site-packages/airflow/example_dags/example_sla_dag.py
[2025-03-06T04:41:47.429+0000] {processor.py:925} INFO - DAG(s) 'example_sla_dag' retrieved from /home/airflow/.local/lib/python3.12/site-packages/airflow/example_dags/example_sla_dag.py
[2025-03-06T04:41:47.447+0000] {logging_mixin.py:190} INFO - [2025-03-06T04:41:47.447+0000] {dag.py:3239} INFO - Sync 1 DAGs
[2025-03-06T04:41:47.467+0000] {logging_mixin.py:190} INFO - [2025-03-06T04:41:47.467+0000] {dag.py:4180} INFO - Setting next_dagrun for example_sla_dag to 2025-03-06 04:38:00+00:00, run_after=2025-03-06 04:40:00+00:00
[2025-03-06T04:41:47.484+0000] {processor.py:208} INFO - Processing /home/airflow/.local/lib/python3.12/site-packages/airflow/example_dags/example_sla_dag.py took 0.073 seconds
[2025-03-06T04:42:18.960+0000] {processor.py:186} INFO - Started process (PID=15510) to work on /home/airflow/.local/lib/python3.12/site-packages/airflow/example_dags/example_sla_dag.py
[2025-03-06T04:42:18.961+0000] {processor.py:914} INFO - Processing file /home/airflow/.local/lib/python3.12/site-packages/airflow/example_dags/example_sla_dag.py for tasks to queue
[2025-03-06T04:42:18.964+0000] {logging_mixin.py:190} INFO - [2025-03-06T04:42:18.963+0000] {dagbag.py:588} INFO - Filling up the DagBag from /home/airflow/.local/lib/python3.12/site-packages/airflow/example_dags/example_sla_dag.py
[2025-03-06T04:42:18.972+0000] {processor.py:925} INFO - DAG(s) 'example_sla_dag' retrieved from /home/airflow/.local/lib/python3.12/site-packages/airflow/example_dags/example_sla_dag.py
[2025-03-06T04:42:18.992+0000] {logging_mixin.py:190} INFO - [2025-03-06T04:42:18.992+0000] {dag.py:3239} INFO - Sync 1 DAGs
[2025-03-06T04:42:19.013+0000] {logging_mixin.py:190} INFO - [2025-03-06T04:42:19.013+0000] {dag.py:4180} INFO - Setting next_dagrun for example_sla_dag to 2025-03-06 04:40:00+00:00, run_after=2025-03-06 04:42:00+00:00
[2025-03-06T04:42:19.030+0000] {processor.py:208} INFO - Processing /home/airflow/.local/lib/python3.12/site-packages/airflow/example_dags/example_sla_dag.py took 0.075 seconds
[2025-03-06T11:01:12.168+0000] {processor.py:186} INFO - Started process (PID=139) to work on /home/airflow/.local/lib/python3.12/site-packages/airflow/example_dags/example_sla_dag.py
[2025-03-06T11:01:12.172+0000] {processor.py:914} INFO - Processing file /home/airflow/.local/lib/python3.12/site-packages/airflow/example_dags/example_sla_dag.py for tasks to queue
[2025-03-06T11:01:12.176+0000] {logging_mixin.py:190} INFO - [2025-03-06T11:01:12.176+0000] {dagbag.py:588} INFO - Filling up the DagBag from /home/airflow/.local/lib/python3.12/site-packages/airflow/example_dags/example_sla_dag.py
[2025-03-06T11:01:12.195+0000] {processor.py:925} INFO - DAG(s) 'example_sla_dag' retrieved from /home/airflow/.local/lib/python3.12/site-packages/airflow/example_dags/example_sla_dag.py
[2025-03-06T11:01:12.235+0000] {logging_mixin.py:190} INFO - [2025-03-06T11:01:12.235+0000] {dag.py:3239} INFO - Sync 1 DAGs
[2025-03-06T11:01:12.293+0000] {logging_mixin.py:190} INFO - [2025-03-06T11:01:12.292+0000] {dag.py:4180} INFO - Setting next_dagrun for example_sla_dag to 2025-03-06 10:58:00+00:00, run_after=2025-03-06 11:00:00+00:00
[2025-03-06T11:01:12.327+0000] {processor.py:208} INFO - Processing /home/airflow/.local/lib/python3.12/site-packages/airflow/example_dags/example_sla_dag.py took 0.166 seconds
[2025-03-06T11:01:43.460+0000] {processor.py:186} INFO - Started process (PID=213) to work on /home/airflow/.local/lib/python3.12/site-packages/airflow/example_dags/example_sla_dag.py
[2025-03-06T11:01:43.462+0000] {processor.py:914} INFO - Processing file /home/airflow/.local/lib/python3.12/site-packages/airflow/example_dags/example_sla_dag.py for tasks to queue
[2025-03-06T11:01:43.464+0000] {logging_mixin.py:190} INFO - [2025-03-06T11:01:43.464+0000] {dagbag.py:588} INFO - Filling up the DagBag from /home/airflow/.local/lib/python3.12/site-packages/airflow/example_dags/example_sla_dag.py
[2025-03-06T11:01:43.472+0000] {processor.py:925} INFO - DAG(s) 'example_sla_dag' retrieved from /home/airflow/.local/lib/python3.12/site-packages/airflow/example_dags/example_sla_dag.py
[2025-03-06T11:01:43.489+0000] {logging_mixin.py:190} INFO - [2025-03-06T11:01:43.489+0000] {dag.py:3239} INFO - Sync 1 DAGs
[2025-03-06T11:01:43.509+0000] {logging_mixin.py:190} INFO - [2025-03-06T11:01:43.509+0000] {dag.py:4180} INFO - Setting next_dagrun for example_sla_dag to 2025-03-06 10:58:00+00:00, run_after=2025-03-06 11:00:00+00:00
[2025-03-06T11:01:43.524+0000] {processor.py:208} INFO - Processing /home/airflow/.local/lib/python3.12/site-packages/airflow/example_dags/example_sla_dag.py took 0.069 seconds
[2025-03-06T11:02:14.223+0000] {processor.py:186} INFO - Started process (PID=288) to work on /home/airflow/.local/lib/python3.12/site-packages/airflow/example_dags/example_sla_dag.py
[2025-03-06T11:02:14.228+0000] {processor.py:914} INFO - Processing file /home/airflow/.local/lib/python3.12/site-packages/airflow/example_dags/example_sla_dag.py for tasks to queue
[2025-03-06T11:02:14.231+0000] {logging_mixin.py:190} INFO - [2025-03-06T11:02:14.230+0000] {dagbag.py:588} INFO - Filling up the DagBag from /home/airflow/.local/lib/python3.12/site-packages/airflow/example_dags/example_sla_dag.py
[2025-03-06T11:02:14.241+0000] {processor.py:925} INFO - DAG(s) 'example_sla_dag' retrieved from /home/airflow/.local/lib/python3.12/site-packages/airflow/example_dags/example_sla_dag.py
[2025-03-06T11:02:14.260+0000] {logging_mixin.py:190} INFO - [2025-03-06T11:02:14.259+0000] {dag.py:3239} INFO - Sync 1 DAGs
[2025-03-06T11:02:14.284+0000] {logging_mixin.py:190} INFO - [2025-03-06T11:02:14.284+0000] {dag.py:4180} INFO - Setting next_dagrun for example_sla_dag to 2025-03-06 11:00:00+00:00, run_after=2025-03-06 11:02:00+00:00
[2025-03-06T11:02:14.305+0000] {processor.py:208} INFO - Processing /home/airflow/.local/lib/python3.12/site-packages/airflow/example_dags/example_sla_dag.py took 0.086 seconds
[2025-03-06T11:02:44.912+0000] {processor.py:186} INFO - Started process (PID=362) to work on /home/airflow/.local/lib/python3.12/site-packages/airflow/example_dags/example_sla_dag.py
[2025-03-06T11:02:44.913+0000] {processor.py:914} INFO - Processing file /home/airflow/.local/lib/python3.12/site-packages/airflow/example_dags/example_sla_dag.py for tasks to queue
[2025-03-06T11:02:44.917+0000] {logging_mixin.py:190} INFO - [2025-03-06T11:02:44.917+0000] {dagbag.py:588} INFO - Filling up the DagBag from /home/airflow/.local/lib/python3.12/site-packages/airflow/example_dags/example_sla_dag.py
[2025-03-06T11:02:44.932+0000] {processor.py:925} INFO - DAG(s) 'example_sla_dag' retrieved from /home/airflow/.local/lib/python3.12/site-packages/airflow/example_dags/example_sla_dag.py
[2025-03-06T11:02:44.959+0000] {logging_mixin.py:190} INFO - [2025-03-06T11:02:44.959+0000] {dag.py:3239} INFO - Sync 1 DAGs
[2025-03-06T11:02:44.996+0000] {logging_mixin.py:190} INFO - [2025-03-06T11:02:44.996+0000] {dag.py:4180} INFO - Setting next_dagrun for example_sla_dag to 2025-03-06 11:00:00+00:00, run_after=2025-03-06 11:02:00+00:00
[2025-03-06T11:02:45.022+0000] {processor.py:208} INFO - Processing /home/airflow/.local/lib/python3.12/site-packages/airflow/example_dags/example_sla_dag.py took 0.118 seconds
[2025-03-06T11:03:15.554+0000] {processor.py:186} INFO - Started process (PID=438) to work on /home/airflow/.local/lib/python3.12/site-packages/airflow/example_dags/example_sla_dag.py
[2025-03-06T11:03:15.555+0000] {processor.py:914} INFO - Processing file /home/airflow/.local/lib/python3.12/site-packages/airflow/example_dags/example_sla_dag.py for tasks to queue
[2025-03-06T11:03:15.557+0000] {logging_mixin.py:190} INFO - [2025-03-06T11:03:15.557+0000] {dagbag.py:588} INFO - Filling up the DagBag from /home/airflow/.local/lib/python3.12/site-packages/airflow/example_dags/example_sla_dag.py
[2025-03-06T11:03:15.567+0000] {processor.py:925} INFO - DAG(s) 'example_sla_dag' retrieved from /home/airflow/.local/lib/python3.12/site-packages/airflow/example_dags/example_sla_dag.py
[2025-03-06T11:03:15.585+0000] {logging_mixin.py:190} INFO - [2025-03-06T11:03:15.585+0000] {dag.py:3239} INFO - Sync 1 DAGs
[2025-03-06T11:03:15.605+0000] {logging_mixin.py:190} INFO - [2025-03-06T11:03:15.605+0000] {dag.py:4180} INFO - Setting next_dagrun for example_sla_dag to 2025-03-06 11:00:00+00:00, run_after=2025-03-06 11:02:00+00:00
[2025-03-06T11:03:15.618+0000] {processor.py:208} INFO - Processing /home/airflow/.local/lib/python3.12/site-packages/airflow/example_dags/example_sla_dag.py took 0.068 seconds
[2025-03-06T11:03:46.766+0000] {processor.py:186} INFO - Started process (PID=513) to work on /home/airflow/.local/lib/python3.12/site-packages/airflow/example_dags/example_sla_dag.py
[2025-03-06T11:03:46.768+0000] {processor.py:914} INFO - Processing file /home/airflow/.local/lib/python3.12/site-packages/airflow/example_dags/example_sla_dag.py for tasks to queue
[2025-03-06T11:03:46.770+0000] {logging_mixin.py:190} INFO - [2025-03-06T11:03:46.770+0000] {dagbag.py:588} INFO - Filling up the DagBag from /home/airflow/.local/lib/python3.12/site-packages/airflow/example_dags/example_sla_dag.py
[2025-03-06T11:03:46.781+0000] {processor.py:925} INFO - DAG(s) 'example_sla_dag' retrieved from /home/airflow/.local/lib/python3.12/site-packages/airflow/example_dags/example_sla_dag.py
[2025-03-06T11:03:46.800+0000] {logging_mixin.py:190} INFO - [2025-03-06T11:03:46.800+0000] {dag.py:3239} INFO - Sync 1 DAGs
[2025-03-06T11:03:46.821+0000] {logging_mixin.py:190} INFO - [2025-03-06T11:03:46.820+0000] {dag.py:4180} INFO - Setting next_dagrun for example_sla_dag to 2025-03-06 11:00:00+00:00, run_after=2025-03-06 11:02:00+00:00
[2025-03-06T11:03:46.836+0000] {processor.py:208} INFO - Processing /home/airflow/.local/lib/python3.12/site-packages/airflow/example_dags/example_sla_dag.py took 0.075 seconds
[2025-03-06T11:04:17.948+0000] {processor.py:186} INFO - Started process (PID=588) to work on /home/airflow/.local/lib/python3.12/site-packages/airflow/example_dags/example_sla_dag.py
[2025-03-06T11:04:17.949+0000] {processor.py:914} INFO - Processing file /home/airflow/.local/lib/python3.12/site-packages/airflow/example_dags/example_sla_dag.py for tasks to queue
[2025-03-06T11:04:17.951+0000] {logging_mixin.py:190} INFO - [2025-03-06T11:04:17.951+0000] {dagbag.py:588} INFO - Filling up the DagBag from /home/airflow/.local/lib/python3.12/site-packages/airflow/example_dags/example_sla_dag.py
[2025-03-06T11:04:17.963+0000] {processor.py:925} INFO - DAG(s) 'example_sla_dag' retrieved from /home/airflow/.local/lib/python3.12/site-packages/airflow/example_dags/example_sla_dag.py
[2025-03-06T11:04:17.981+0000] {logging_mixin.py:190} INFO - [2025-03-06T11:04:17.981+0000] {dag.py:3239} INFO - Sync 1 DAGs
[2025-03-06T11:04:18.002+0000] {logging_mixin.py:190} INFO - [2025-03-06T11:04:18.002+0000] {dag.py:4180} INFO - Setting next_dagrun for example_sla_dag to 2025-03-06 11:02:00+00:00, run_after=2025-03-06 11:04:00+00:00
[2025-03-06T11:04:18.015+0000] {processor.py:208} INFO - Processing /home/airflow/.local/lib/python3.12/site-packages/airflow/example_dags/example_sla_dag.py took 0.073 seconds
[2025-03-06T11:04:49.790+0000] {processor.py:186} INFO - Started process (PID=663) to work on /home/airflow/.local/lib/python3.12/site-packages/airflow/example_dags/example_sla_dag.py
[2025-03-06T11:04:49.792+0000] {processor.py:914} INFO - Processing file /home/airflow/.local/lib/python3.12/site-packages/airflow/example_dags/example_sla_dag.py for tasks to queue
[2025-03-06T11:04:49.795+0000] {logging_mixin.py:190} INFO - [2025-03-06T11:04:49.794+0000] {dagbag.py:588} INFO - Filling up the DagBag from /home/airflow/.local/lib/python3.12/site-packages/airflow/example_dags/example_sla_dag.py
[2025-03-06T11:04:49.812+0000] {processor.py:925} INFO - DAG(s) 'example_sla_dag' retrieved from /home/airflow/.local/lib/python3.12/site-packages/airflow/example_dags/example_sla_dag.py
[2025-03-06T11:04:49.833+0000] {logging_mixin.py:190} INFO - [2025-03-06T11:04:49.833+0000] {dag.py:3239} INFO - Sync 1 DAGs
[2025-03-06T11:04:49.865+0000] {logging_mixin.py:190} INFO - [2025-03-06T11:04:49.865+0000] {dag.py:4180} INFO - Setting next_dagrun for example_sla_dag to 2025-03-06 11:02:00+00:00, run_after=2025-03-06 11:04:00+00:00
[2025-03-06T11:04:49.889+0000] {processor.py:208} INFO - Processing /home/airflow/.local/lib/python3.12/site-packages/airflow/example_dags/example_sla_dag.py took 0.106 seconds
[2025-03-06T11:05:21.744+0000] {processor.py:186} INFO - Started process (PID=763) to work on /home/airflow/.local/lib/python3.12/site-packages/airflow/example_dags/example_sla_dag.py
[2025-03-06T11:05:21.747+0000] {processor.py:914} INFO - Processing file /home/airflow/.local/lib/python3.12/site-packages/airflow/example_dags/example_sla_dag.py for tasks to queue
[2025-03-06T11:05:21.751+0000] {logging_mixin.py:190} INFO - [2025-03-06T11:05:21.750+0000] {dagbag.py:588} INFO - Filling up the DagBag from /home/airflow/.local/lib/python3.12/site-packages/airflow/example_dags/example_sla_dag.py
[2025-03-06T11:05:21.767+0000] {processor.py:925} INFO - DAG(s) 'example_sla_dag' retrieved from /home/airflow/.local/lib/python3.12/site-packages/airflow/example_dags/example_sla_dag.py
[2025-03-06T11:05:21.799+0000] {logging_mixin.py:190} INFO - [2025-03-06T11:05:21.799+0000] {dag.py:3239} INFO - Sync 1 DAGs
[2025-03-06T11:05:21.838+0000] {logging_mixin.py:190} INFO - [2025-03-06T11:05:21.838+0000] {dag.py:4180} INFO - Setting next_dagrun for example_sla_dag to 2025-03-06 11:02:00+00:00, run_after=2025-03-06 11:04:00+00:00
[2025-03-06T11:05:21.869+0000] {processor.py:208} INFO - Processing /home/airflow/.local/lib/python3.12/site-packages/airflow/example_dags/example_sla_dag.py took 0.133 seconds
[2025-03-06T11:05:52.480+0000] {processor.py:186} INFO - Started process (PID=837) to work on /home/airflow/.local/lib/python3.12/site-packages/airflow/example_dags/example_sla_dag.py
[2025-03-06T11:05:52.482+0000] {processor.py:914} INFO - Processing file /home/airflow/.local/lib/python3.12/site-packages/airflow/example_dags/example_sla_dag.py for tasks to queue
[2025-03-06T11:05:52.485+0000] {logging_mixin.py:190} INFO - [2025-03-06T11:05:52.485+0000] {dagbag.py:588} INFO - Filling up the DagBag from /home/airflow/.local/lib/python3.12/site-packages/airflow/example_dags/example_sla_dag.py
[2025-03-06T11:05:52.495+0000] {processor.py:925} INFO - DAG(s) 'example_sla_dag' retrieved from /home/airflow/.local/lib/python3.12/site-packages/airflow/example_dags/example_sla_dag.py
[2025-03-06T11:05:52.518+0000] {logging_mixin.py:190} INFO - [2025-03-06T11:05:52.517+0000] {dag.py:3239} INFO - Sync 1 DAGs
[2025-03-06T11:05:52.542+0000] {logging_mixin.py:190} INFO - [2025-03-06T11:05:52.542+0000] {dag.py:4180} INFO - Setting next_dagrun for example_sla_dag to 2025-03-06 11:02:00+00:00, run_after=2025-03-06 11:04:00+00:00
[2025-03-06T11:05:52.560+0000] {processor.py:208} INFO - Processing /home/airflow/.local/lib/python3.12/site-packages/airflow/example_dags/example_sla_dag.py took 0.086 seconds
[2025-03-06T11:07:40.287+0000] {processor.py:186} INFO - Started process (PID=948) to work on /home/airflow/.local/lib/python3.12/site-packages/airflow/example_dags/example_sla_dag.py
[2025-03-06T11:07:40.291+0000] {processor.py:914} INFO - Processing file /home/airflow/.local/lib/python3.12/site-packages/airflow/example_dags/example_sla_dag.py for tasks to queue
[2025-03-06T11:07:40.301+0000] {logging_mixin.py:190} INFO - [2025-03-06T11:07:40.296+0000] {dagbag.py:588} INFO - Filling up the DagBag from /home/airflow/.local/lib/python3.12/site-packages/airflow/example_dags/example_sla_dag.py
[2025-03-06T11:07:40.416+0000] {processor.py:925} INFO - DAG(s) 'example_sla_dag' retrieved from /home/airflow/.local/lib/python3.12/site-packages/airflow/example_dags/example_sla_dag.py
[2025-03-06T11:07:40.695+0000] {logging_mixin.py:190} INFO - [2025-03-06T11:07:40.694+0000] {dag.py:3239} INFO - Sync 1 DAGs
[2025-03-06T11:07:40.904+0000] {logging_mixin.py:190} INFO - [2025-03-06T11:07:40.903+0000] {dag.py:4180} INFO - Setting next_dagrun for example_sla_dag to 2025-03-06 11:04:00+00:00, run_after=2025-03-06 11:06:00+00:00
[2025-03-06T11:07:40.993+0000] {processor.py:208} INFO - Processing /home/airflow/.local/lib/python3.12/site-packages/airflow/example_dags/example_sla_dag.py took 0.750 seconds
[2025-03-06T11:08:11.152+0000] {processor.py:186} INFO - Started process (PID=1023) to work on /home/airflow/.local/lib/python3.12/site-packages/airflow/example_dags/example_sla_dag.py
[2025-03-06T11:08:11.153+0000] {processor.py:914} INFO - Processing file /home/airflow/.local/lib/python3.12/site-packages/airflow/example_dags/example_sla_dag.py for tasks to queue
[2025-03-06T11:08:11.155+0000] {logging_mixin.py:190} INFO - [2025-03-06T11:08:11.155+0000] {dagbag.py:588} INFO - Filling up the DagBag from /home/airflow/.local/lib/python3.12/site-packages/airflow/example_dags/example_sla_dag.py
[2025-03-06T11:08:11.164+0000] {processor.py:925} INFO - DAG(s) 'example_sla_dag' retrieved from /home/airflow/.local/lib/python3.12/site-packages/airflow/example_dags/example_sla_dag.py
[2025-03-06T11:08:11.183+0000] {logging_mixin.py:190} INFO - [2025-03-06T11:08:11.183+0000] {dag.py:3239} INFO - Sync 1 DAGs
[2025-03-06T11:08:11.217+0000] {logging_mixin.py:190} INFO - [2025-03-06T11:08:11.217+0000] {dag.py:4180} INFO - Setting next_dagrun for example_sla_dag to 2025-03-06 11:06:00+00:00, run_after=2025-03-06 11:08:00+00:00
[2025-03-06T11:08:11.239+0000] {processor.py:208} INFO - Processing /home/airflow/.local/lib/python3.12/site-packages/airflow/example_dags/example_sla_dag.py took 0.093 seconds
[2025-03-06T11:08:41.916+0000] {processor.py:186} INFO - Started process (PID=1105) to work on /home/airflow/.local/lib/python3.12/site-packages/airflow/example_dags/example_sla_dag.py
[2025-03-06T11:08:41.917+0000] {processor.py:914} INFO - Processing file /home/airflow/.local/lib/python3.12/site-packages/airflow/example_dags/example_sla_dag.py for tasks to queue
[2025-03-06T11:08:41.919+0000] {logging_mixin.py:190} INFO - [2025-03-06T11:08:41.918+0000] {dagbag.py:588} INFO - Filling up the DagBag from /home/airflow/.local/lib/python3.12/site-packages/airflow/example_dags/example_sla_dag.py
[2025-03-06T11:08:41.929+0000] {processor.py:925} INFO - DAG(s) 'example_sla_dag' retrieved from /home/airflow/.local/lib/python3.12/site-packages/airflow/example_dags/example_sla_dag.py
[2025-03-06T11:08:41.945+0000] {logging_mixin.py:190} INFO - [2025-03-06T11:08:41.945+0000] {dag.py:3239} INFO - Sync 1 DAGs
[2025-03-06T11:08:41.968+0000] {logging_mixin.py:190} INFO - [2025-03-06T11:08:41.967+0000] {dag.py:4180} INFO - Setting next_dagrun for example_sla_dag to 2025-03-06 11:06:00+00:00, run_after=2025-03-06 11:08:00+00:00
[2025-03-06T11:08:41.983+0000] {processor.py:208} INFO - Processing /home/airflow/.local/lib/python3.12/site-packages/airflow/example_dags/example_sla_dag.py took 0.074 seconds
[2025-03-06T11:09:13.642+0000] {processor.py:186} INFO - Started process (PID=1180) to work on /home/airflow/.local/lib/python3.12/site-packages/airflow/example_dags/example_sla_dag.py
[2025-03-06T11:09:13.643+0000] {processor.py:914} INFO - Processing file /home/airflow/.local/lib/python3.12/site-packages/airflow/example_dags/example_sla_dag.py for tasks to queue
[2025-03-06T11:09:13.646+0000] {logging_mixin.py:190} INFO - [2025-03-06T11:09:13.645+0000] {dagbag.py:588} INFO - Filling up the DagBag from /home/airflow/.local/lib/python3.12/site-packages/airflow/example_dags/example_sla_dag.py
[2025-03-06T11:09:13.657+0000] {processor.py:925} INFO - DAG(s) 'example_sla_dag' retrieved from /home/airflow/.local/lib/python3.12/site-packages/airflow/example_dags/example_sla_dag.py
[2025-03-06T11:09:13.677+0000] {logging_mixin.py:190} INFO - [2025-03-06T11:09:13.677+0000] {dag.py:3239} INFO - Sync 1 DAGs
[2025-03-06T11:09:13.707+0000] {logging_mixin.py:190} INFO - [2025-03-06T11:09:13.706+0000] {dag.py:4180} INFO - Setting next_dagrun for example_sla_dag to 2025-03-06 11:06:00+00:00, run_after=2025-03-06 11:08:00+00:00
[2025-03-06T11:09:13.726+0000] {processor.py:208} INFO - Processing /home/airflow/.local/lib/python3.12/site-packages/airflow/example_dags/example_sla_dag.py took 0.092 seconds
[2025-03-06T11:09:44.822+0000] {processor.py:186} INFO - Started process (PID=1255) to work on /home/airflow/.local/lib/python3.12/site-packages/airflow/example_dags/example_sla_dag.py
[2025-03-06T11:09:44.823+0000] {processor.py:914} INFO - Processing file /home/airflow/.local/lib/python3.12/site-packages/airflow/example_dags/example_sla_dag.py for tasks to queue
[2025-03-06T11:09:44.825+0000] {logging_mixin.py:190} INFO - [2025-03-06T11:09:44.825+0000] {dagbag.py:588} INFO - Filling up the DagBag from /home/airflow/.local/lib/python3.12/site-packages/airflow/example_dags/example_sla_dag.py
[2025-03-06T11:09:44.835+0000] {processor.py:925} INFO - DAG(s) 'example_sla_dag' retrieved from /home/airflow/.local/lib/python3.12/site-packages/airflow/example_dags/example_sla_dag.py
[2025-03-06T11:09:44.856+0000] {logging_mixin.py:190} INFO - [2025-03-06T11:09:44.856+0000] {dag.py:3239} INFO - Sync 1 DAGs
[2025-03-06T11:09:44.878+0000] {logging_mixin.py:190} INFO - [2025-03-06T11:09:44.878+0000] {dag.py:4180} INFO - Setting next_dagrun for example_sla_dag to 2025-03-06 11:06:00+00:00, run_after=2025-03-06 11:08:00+00:00
[2025-03-06T11:09:44.898+0000] {processor.py:208} INFO - Processing /home/airflow/.local/lib/python3.12/site-packages/airflow/example_dags/example_sla_dag.py took 0.081 seconds
[2025-03-06T11:10:15.804+0000] {processor.py:186} INFO - Started process (PID=1330) to work on /home/airflow/.local/lib/python3.12/site-packages/airflow/example_dags/example_sla_dag.py
[2025-03-06T11:10:15.805+0000] {processor.py:914} INFO - Processing file /home/airflow/.local/lib/python3.12/site-packages/airflow/example_dags/example_sla_dag.py for tasks to queue
[2025-03-06T11:10:15.807+0000] {logging_mixin.py:190} INFO - [2025-03-06T11:10:15.807+0000] {dagbag.py:588} INFO - Filling up the DagBag from /home/airflow/.local/lib/python3.12/site-packages/airflow/example_dags/example_sla_dag.py
[2025-03-06T11:10:15.818+0000] {processor.py:925} INFO - DAG(s) 'example_sla_dag' retrieved from /home/airflow/.local/lib/python3.12/site-packages/airflow/example_dags/example_sla_dag.py
[2025-03-06T11:10:15.835+0000] {logging_mixin.py:190} INFO - [2025-03-06T11:10:15.835+0000] {dag.py:3239} INFO - Sync 1 DAGs
[2025-03-06T11:10:15.858+0000] {logging_mixin.py:190} INFO - [2025-03-06T11:10:15.857+0000] {dag.py:4180} INFO - Setting next_dagrun for example_sla_dag to 2025-03-06 11:08:00+00:00, run_after=2025-03-06 11:10:00+00:00
[2025-03-06T11:10:15.876+0000] {processor.py:208} INFO - Processing /home/airflow/.local/lib/python3.12/site-packages/airflow/example_dags/example_sla_dag.py took 0.077 seconds
[2025-03-06T11:10:46.920+0000] {processor.py:186} INFO - Started process (PID=1406) to work on /home/airflow/.local/lib/python3.12/site-packages/airflow/example_dags/example_sla_dag.py
[2025-03-06T11:10:46.921+0000] {processor.py:914} INFO - Processing file /home/airflow/.local/lib/python3.12/site-packages/airflow/example_dags/example_sla_dag.py for tasks to queue
[2025-03-06T11:10:46.922+0000] {logging_mixin.py:190} INFO - [2025-03-06T11:10:46.922+0000] {dagbag.py:588} INFO - Filling up the DagBag from /home/airflow/.local/lib/python3.12/site-packages/airflow/example_dags/example_sla_dag.py
[2025-03-06T11:10:46.931+0000] {processor.py:925} INFO - DAG(s) 'example_sla_dag' retrieved from /home/airflow/.local/lib/python3.12/site-packages/airflow/example_dags/example_sla_dag.py
[2025-03-06T11:10:46.949+0000] {logging_mixin.py:190} INFO - [2025-03-06T11:10:46.949+0000] {dag.py:3239} INFO - Sync 1 DAGs
[2025-03-06T11:10:46.972+0000] {logging_mixin.py:190} INFO - [2025-03-06T11:10:46.972+0000] {dag.py:4180} INFO - Setting next_dagrun for example_sla_dag to 2025-03-06 11:08:00+00:00, run_after=2025-03-06 11:10:00+00:00
[2025-03-06T11:10:46.988+0000] {processor.py:208} INFO - Processing /home/airflow/.local/lib/python3.12/site-packages/airflow/example_dags/example_sla_dag.py took 0.075 seconds
[2025-03-06T11:11:18.173+0000] {processor.py:186} INFO - Started process (PID=1481) to work on /home/airflow/.local/lib/python3.12/site-packages/airflow/example_dags/example_sla_dag.py
[2025-03-06T11:11:18.174+0000] {processor.py:914} INFO - Processing file /home/airflow/.local/lib/python3.12/site-packages/airflow/example_dags/example_sla_dag.py for tasks to queue
[2025-03-06T11:11:18.176+0000] {logging_mixin.py:190} INFO - [2025-03-06T11:11:18.175+0000] {dagbag.py:588} INFO - Filling up the DagBag from /home/airflow/.local/lib/python3.12/site-packages/airflow/example_dags/example_sla_dag.py
[2025-03-06T11:11:18.186+0000] {processor.py:925} INFO - DAG(s) 'example_sla_dag' retrieved from /home/airflow/.local/lib/python3.12/site-packages/airflow/example_dags/example_sla_dag.py
[2025-03-06T11:11:18.201+0000] {logging_mixin.py:190} INFO - [2025-03-06T11:11:18.201+0000] {dag.py:3239} INFO - Sync 1 DAGs
[2025-03-06T11:11:18.226+0000] {logging_mixin.py:190} INFO - [2025-03-06T11:11:18.225+0000] {dag.py:4180} INFO - Setting next_dagrun for example_sla_dag to 2025-03-06 11:08:00+00:00, run_after=2025-03-06 11:10:00+00:00
[2025-03-06T11:11:18.244+0000] {processor.py:208} INFO - Processing /home/airflow/.local/lib/python3.12/site-packages/airflow/example_dags/example_sla_dag.py took 0.077 seconds
[2025-03-06T11:11:49.098+0000] {processor.py:186} INFO - Started process (PID=1556) to work on /home/airflow/.local/lib/python3.12/site-packages/airflow/example_dags/example_sla_dag.py
[2025-03-06T11:11:49.100+0000] {processor.py:914} INFO - Processing file /home/airflow/.local/lib/python3.12/site-packages/airflow/example_dags/example_sla_dag.py for tasks to queue
[2025-03-06T11:11:49.101+0000] {logging_mixin.py:190} INFO - [2025-03-06T11:11:49.101+0000] {dagbag.py:588} INFO - Filling up the DagBag from /home/airflow/.local/lib/python3.12/site-packages/airflow/example_dags/example_sla_dag.py
[2025-03-06T11:11:49.112+0000] {processor.py:925} INFO - DAG(s) 'example_sla_dag' retrieved from /home/airflow/.local/lib/python3.12/site-packages/airflow/example_dags/example_sla_dag.py
[2025-03-06T11:11:49.132+0000] {logging_mixin.py:190} INFO - [2025-03-06T11:11:49.131+0000] {dag.py:3239} INFO - Sync 1 DAGs
[2025-03-06T11:11:49.159+0000] {logging_mixin.py:190} INFO - [2025-03-06T11:11:49.158+0000] {dag.py:4180} INFO - Setting next_dagrun for example_sla_dag to 2025-03-06 11:08:00+00:00, run_after=2025-03-06 11:10:00+00:00
[2025-03-06T11:11:49.179+0000] {processor.py:208} INFO - Processing /home/airflow/.local/lib/python3.12/site-packages/airflow/example_dags/example_sla_dag.py took 0.088 seconds
[2025-03-06T11:12:19.992+0000] {processor.py:186} INFO - Started process (PID=1631) to work on /home/airflow/.local/lib/python3.12/site-packages/airflow/example_dags/example_sla_dag.py
[2025-03-06T11:12:19.993+0000] {processor.py:914} INFO - Processing file /home/airflow/.local/lib/python3.12/site-packages/airflow/example_dags/example_sla_dag.py for tasks to queue
[2025-03-06T11:12:19.995+0000] {logging_mixin.py:190} INFO - [2025-03-06T11:12:19.994+0000] {dagbag.py:588} INFO - Filling up the DagBag from /home/airflow/.local/lib/python3.12/site-packages/airflow/example_dags/example_sla_dag.py
[2025-03-06T11:12:20.007+0000] {processor.py:925} INFO - DAG(s) 'example_sla_dag' retrieved from /home/airflow/.local/lib/python3.12/site-packages/airflow/example_dags/example_sla_dag.py
[2025-03-06T11:12:20.026+0000] {logging_mixin.py:190} INFO - [2025-03-06T11:12:20.026+0000] {dag.py:3239} INFO - Sync 1 DAGs
[2025-03-06T11:12:20.052+0000] {logging_mixin.py:190} INFO - [2025-03-06T11:12:20.052+0000] {dag.py:4180} INFO - Setting next_dagrun for example_sla_dag to 2025-03-06 11:10:00+00:00, run_after=2025-03-06 11:12:00+00:00
[2025-03-06T11:12:20.072+0000] {processor.py:208} INFO - Processing /home/airflow/.local/lib/python3.12/site-packages/airflow/example_dags/example_sla_dag.py took 0.087 seconds
[2025-03-06T11:12:51.385+0000] {processor.py:186} INFO - Started process (PID=1706) to work on /home/airflow/.local/lib/python3.12/site-packages/airflow/example_dags/example_sla_dag.py
[2025-03-06T11:12:51.387+0000] {processor.py:914} INFO - Processing file /home/airflow/.local/lib/python3.12/site-packages/airflow/example_dags/example_sla_dag.py for tasks to queue
[2025-03-06T11:12:51.388+0000] {logging_mixin.py:190} INFO - [2025-03-06T11:12:51.388+0000] {dagbag.py:588} INFO - Filling up the DagBag from /home/airflow/.local/lib/python3.12/site-packages/airflow/example_dags/example_sla_dag.py
[2025-03-06T11:12:51.400+0000] {processor.py:925} INFO - DAG(s) 'example_sla_dag' retrieved from /home/airflow/.local/lib/python3.12/site-packages/airflow/example_dags/example_sla_dag.py
[2025-03-06T11:12:51.418+0000] {logging_mixin.py:190} INFO - [2025-03-06T11:12:51.418+0000] {dag.py:3239} INFO - Sync 1 DAGs
[2025-03-06T11:12:51.442+0000] {logging_mixin.py:190} INFO - [2025-03-06T11:12:51.442+0000] {dag.py:4180} INFO - Setting next_dagrun for example_sla_dag to 2025-03-06 11:10:00+00:00, run_after=2025-03-06 11:12:00+00:00
[2025-03-06T11:12:51.459+0000] {processor.py:208} INFO - Processing /home/airflow/.local/lib/python3.12/site-packages/airflow/example_dags/example_sla_dag.py took 0.080 seconds
[2025-03-06T11:13:22.981+0000] {processor.py:186} INFO - Started process (PID=1781) to work on /home/airflow/.local/lib/python3.12/site-packages/airflow/example_dags/example_sla_dag.py
[2025-03-06T11:13:22.982+0000] {processor.py:914} INFO - Processing file /home/airflow/.local/lib/python3.12/site-packages/airflow/example_dags/example_sla_dag.py for tasks to queue
[2025-03-06T11:13:22.984+0000] {logging_mixin.py:190} INFO - [2025-03-06T11:13:22.984+0000] {dagbag.py:588} INFO - Filling up the DagBag from /home/airflow/.local/lib/python3.12/site-packages/airflow/example_dags/example_sla_dag.py
[2025-03-06T11:13:22.997+0000] {processor.py:925} INFO - DAG(s) 'example_sla_dag' retrieved from /home/airflow/.local/lib/python3.12/site-packages/airflow/example_dags/example_sla_dag.py
[2025-03-06T11:13:23.015+0000] {logging_mixin.py:190} INFO - [2025-03-06T11:13:23.015+0000] {dag.py:3239} INFO - Sync 1 DAGs
[2025-03-06T11:13:23.040+0000] {logging_mixin.py:190} INFO - [2025-03-06T11:13:23.039+0000] {dag.py:4180} INFO - Setting next_dagrun for example_sla_dag to 2025-03-06 11:10:00+00:00, run_after=2025-03-06 11:12:00+00:00
[2025-03-06T11:13:23.058+0000] {processor.py:208} INFO - Processing /home/airflow/.local/lib/python3.12/site-packages/airflow/example_dags/example_sla_dag.py took 0.082 seconds
[2025-03-06T11:13:54.219+0000] {processor.py:186} INFO - Started process (PID=1856) to work on /home/airflow/.local/lib/python3.12/site-packages/airflow/example_dags/example_sla_dag.py
[2025-03-06T11:13:54.220+0000] {processor.py:914} INFO - Processing file /home/airflow/.local/lib/python3.12/site-packages/airflow/example_dags/example_sla_dag.py for tasks to queue
[2025-03-06T11:13:54.221+0000] {logging_mixin.py:190} INFO - [2025-03-06T11:13:54.221+0000] {dagbag.py:588} INFO - Filling up the DagBag from /home/airflow/.local/lib/python3.12/site-packages/airflow/example_dags/example_sla_dag.py
[2025-03-06T11:13:54.232+0000] {processor.py:925} INFO - DAG(s) 'example_sla_dag' retrieved from /home/airflow/.local/lib/python3.12/site-packages/airflow/example_dags/example_sla_dag.py
[2025-03-06T11:13:54.250+0000] {logging_mixin.py:190} INFO - [2025-03-06T11:13:54.249+0000] {dag.py:3239} INFO - Sync 1 DAGs
[2025-03-06T11:13:54.274+0000] {logging_mixin.py:190} INFO - [2025-03-06T11:13:54.274+0000] {dag.py:4180} INFO - Setting next_dagrun for example_sla_dag to 2025-03-06 11:10:00+00:00, run_after=2025-03-06 11:12:00+00:00
[2025-03-06T11:13:54.291+0000] {processor.py:208} INFO - Processing /home/airflow/.local/lib/python3.12/site-packages/airflow/example_dags/example_sla_dag.py took 0.077 seconds
[2025-03-06T11:14:26.121+0000] {processor.py:186} INFO - Started process (PID=1934) to work on /home/airflow/.local/lib/python3.12/site-packages/airflow/example_dags/example_sla_dag.py
[2025-03-06T11:14:26.123+0000] {processor.py:914} INFO - Processing file /home/airflow/.local/lib/python3.12/site-packages/airflow/example_dags/example_sla_dag.py for tasks to queue
[2025-03-06T11:14:26.124+0000] {logging_mixin.py:190} INFO - [2025-03-06T11:14:26.124+0000] {dagbag.py:588} INFO - Filling up the DagBag from /home/airflow/.local/lib/python3.12/site-packages/airflow/example_dags/example_sla_dag.py
[2025-03-06T11:14:26.139+0000] {processor.py:925} INFO - DAG(s) 'example_sla_dag' retrieved from /home/airflow/.local/lib/python3.12/site-packages/airflow/example_dags/example_sla_dag.py
[2025-03-06T11:14:26.161+0000] {logging_mixin.py:190} INFO - [2025-03-06T11:14:26.161+0000] {dag.py:3239} INFO - Sync 1 DAGs
[2025-03-06T11:14:26.193+0000] {logging_mixin.py:190} INFO - [2025-03-06T11:14:26.193+0000] {dag.py:4180} INFO - Setting next_dagrun for example_sla_dag to 2025-03-06 11:12:00+00:00, run_after=2025-03-06 11:14:00+00:00
[2025-03-06T11:14:26.211+0000] {processor.py:208} INFO - Processing /home/airflow/.local/lib/python3.12/site-packages/airflow/example_dags/example_sla_dag.py took 0.096 seconds
[2025-03-06T11:14:57.271+0000] {processor.py:186} INFO - Started process (PID=2010) to work on /home/airflow/.local/lib/python3.12/site-packages/airflow/example_dags/example_sla_dag.py
[2025-03-06T11:14:57.272+0000] {processor.py:914} INFO - Processing file /home/airflow/.local/lib/python3.12/site-packages/airflow/example_dags/example_sla_dag.py for tasks to queue
[2025-03-06T11:14:57.274+0000] {logging_mixin.py:190} INFO - [2025-03-06T11:14:57.274+0000] {dagbag.py:588} INFO - Filling up the DagBag from /home/airflow/.local/lib/python3.12/site-packages/airflow/example_dags/example_sla_dag.py
[2025-03-06T11:14:57.285+0000] {processor.py:925} INFO - DAG(s) 'example_sla_dag' retrieved from /home/airflow/.local/lib/python3.12/site-packages/airflow/example_dags/example_sla_dag.py
[2025-03-06T11:14:57.307+0000] {logging_mixin.py:190} INFO - [2025-03-06T11:14:57.307+0000] {dag.py:3239} INFO - Sync 1 DAGs
[2025-03-06T11:14:57.334+0000] {logging_mixin.py:190} INFO - [2025-03-06T11:14:57.334+0000] {dag.py:4180} INFO - Setting next_dagrun for example_sla_dag to 2025-03-06 11:12:00+00:00, run_after=2025-03-06 11:14:00+00:00
[2025-03-06T11:14:57.353+0000] {processor.py:208} INFO - Processing /home/airflow/.local/lib/python3.12/site-packages/airflow/example_dags/example_sla_dag.py took 0.086 seconds
[2025-03-06T11:15:28.788+0000] {processor.py:186} INFO - Started process (PID=2085) to work on /home/airflow/.local/lib/python3.12/site-packages/airflow/example_dags/example_sla_dag.py
[2025-03-06T11:15:28.789+0000] {processor.py:914} INFO - Processing file /home/airflow/.local/lib/python3.12/site-packages/airflow/example_dags/example_sla_dag.py for tasks to queue
[2025-03-06T11:15:28.791+0000] {logging_mixin.py:190} INFO - [2025-03-06T11:15:28.790+0000] {dagbag.py:588} INFO - Filling up the DagBag from /home/airflow/.local/lib/python3.12/site-packages/airflow/example_dags/example_sla_dag.py
[2025-03-06T11:15:28.800+0000] {processor.py:925} INFO - DAG(s) 'example_sla_dag' retrieved from /home/airflow/.local/lib/python3.12/site-packages/airflow/example_dags/example_sla_dag.py
[2025-03-06T11:15:28.816+0000] {logging_mixin.py:190} INFO - [2025-03-06T11:15:28.816+0000] {dag.py:3239} INFO - Sync 1 DAGs
[2025-03-06T11:15:28.840+0000] {logging_mixin.py:190} INFO - [2025-03-06T11:15:28.840+0000] {dag.py:4180} INFO - Setting next_dagrun for example_sla_dag to 2025-03-06 11:12:00+00:00, run_after=2025-03-06 11:14:00+00:00
[2025-03-06T11:15:28.857+0000] {processor.py:208} INFO - Processing /home/airflow/.local/lib/python3.12/site-packages/airflow/example_dags/example_sla_dag.py took 0.075 seconds
[2025-03-06T11:15:59.870+0000] {processor.py:186} INFO - Started process (PID=2160) to work on /home/airflow/.local/lib/python3.12/site-packages/airflow/example_dags/example_sla_dag.py
[2025-03-06T11:15:59.872+0000] {processor.py:914} INFO - Processing file /home/airflow/.local/lib/python3.12/site-packages/airflow/example_dags/example_sla_dag.py for tasks to queue
[2025-03-06T11:15:59.873+0000] {logging_mixin.py:190} INFO - [2025-03-06T11:15:59.873+0000] {dagbag.py:588} INFO - Filling up the DagBag from /home/airflow/.local/lib/python3.12/site-packages/airflow/example_dags/example_sla_dag.py
[2025-03-06T11:15:59.882+0000] {processor.py:925} INFO - DAG(s) 'example_sla_dag' retrieved from /home/airflow/.local/lib/python3.12/site-packages/airflow/example_dags/example_sla_dag.py
[2025-03-06T11:15:59.899+0000] {logging_mixin.py:190} INFO - [2025-03-06T11:15:59.898+0000] {dag.py:3239} INFO - Sync 1 DAGs
[2025-03-06T11:15:59.923+0000] {logging_mixin.py:190} INFO - [2025-03-06T11:15:59.923+0000] {dag.py:4180} INFO - Setting next_dagrun for example_sla_dag to 2025-03-06 11:12:00+00:00, run_after=2025-03-06 11:14:00+00:00
[2025-03-06T11:15:59.940+0000] {processor.py:208} INFO - Processing /home/airflow/.local/lib/python3.12/site-packages/airflow/example_dags/example_sla_dag.py took 0.074 seconds
[2025-03-06T11:16:31.380+0000] {processor.py:186} INFO - Started process (PID=2235) to work on /home/airflow/.local/lib/python3.12/site-packages/airflow/example_dags/example_sla_dag.py
[2025-03-06T11:16:31.381+0000] {processor.py:914} INFO - Processing file /home/airflow/.local/lib/python3.12/site-packages/airflow/example_dags/example_sla_dag.py for tasks to queue
[2025-03-06T11:16:31.383+0000] {logging_mixin.py:190} INFO - [2025-03-06T11:16:31.382+0000] {dagbag.py:588} INFO - Filling up the DagBag from /home/airflow/.local/lib/python3.12/site-packages/airflow/example_dags/example_sla_dag.py
[2025-03-06T11:16:31.395+0000] {processor.py:925} INFO - DAG(s) 'example_sla_dag' retrieved from /home/airflow/.local/lib/python3.12/site-packages/airflow/example_dags/example_sla_dag.py
[2025-03-06T11:16:31.415+0000] {logging_mixin.py:190} INFO - [2025-03-06T11:16:31.415+0000] {dag.py:3239} INFO - Sync 1 DAGs
[2025-03-06T11:16:31.443+0000] {logging_mixin.py:190} INFO - [2025-03-06T11:16:31.442+0000] {dag.py:4180} INFO - Setting next_dagrun for example_sla_dag to 2025-03-06 11:14:00+00:00, run_after=2025-03-06 11:16:00+00:00
[2025-03-06T11:16:31.465+0000] {processor.py:208} INFO - Processing /home/airflow/.local/lib/python3.12/site-packages/airflow/example_dags/example_sla_dag.py took 0.092 seconds
[2025-03-06T11:17:02.333+0000] {processor.py:186} INFO - Started process (PID=2310) to work on /home/airflow/.local/lib/python3.12/site-packages/airflow/example_dags/example_sla_dag.py
[2025-03-06T11:17:02.334+0000] {processor.py:914} INFO - Processing file /home/airflow/.local/lib/python3.12/site-packages/airflow/example_dags/example_sla_dag.py for tasks to queue
[2025-03-06T11:17:02.336+0000] {logging_mixin.py:190} INFO - [2025-03-06T11:17:02.335+0000] {dagbag.py:588} INFO - Filling up the DagBag from /home/airflow/.local/lib/python3.12/site-packages/airflow/example_dags/example_sla_dag.py
[2025-03-06T11:17:02.347+0000] {processor.py:925} INFO - DAG(s) 'example_sla_dag' retrieved from /home/airflow/.local/lib/python3.12/site-packages/airflow/example_dags/example_sla_dag.py
[2025-03-06T11:17:02.363+0000] {logging_mixin.py:190} INFO - [2025-03-06T11:17:02.363+0000] {dag.py:3239} INFO - Sync 1 DAGs
[2025-03-06T11:17:02.388+0000] {logging_mixin.py:190} INFO - [2025-03-06T11:17:02.387+0000] {dag.py:4180} INFO - Setting next_dagrun for example_sla_dag to 2025-03-06 11:14:00+00:00, run_after=2025-03-06 11:16:00+00:00
[2025-03-06T11:17:02.404+0000] {processor.py:208} INFO - Processing /home/airflow/.local/lib/python3.12/site-packages/airflow/example_dags/example_sla_dag.py took 0.076 seconds
[2025-03-06T11:17:33.359+0000] {processor.py:186} INFO - Started process (PID=2388) to work on /home/airflow/.local/lib/python3.12/site-packages/airflow/example_dags/example_sla_dag.py
[2025-03-06T11:17:33.360+0000] {processor.py:914} INFO - Processing file /home/airflow/.local/lib/python3.12/site-packages/airflow/example_dags/example_sla_dag.py for tasks to queue
[2025-03-06T11:17:33.362+0000] {logging_mixin.py:190} INFO - [2025-03-06T11:17:33.362+0000] {dagbag.py:588} INFO - Filling up the DagBag from /home/airflow/.local/lib/python3.12/site-packages/airflow/example_dags/example_sla_dag.py
[2025-03-06T11:17:33.371+0000] {processor.py:925} INFO - DAG(s) 'example_sla_dag' retrieved from /home/airflow/.local/lib/python3.12/site-packages/airflow/example_dags/example_sla_dag.py
[2025-03-06T11:17:33.386+0000] {logging_mixin.py:190} INFO - [2025-03-06T11:17:33.386+0000] {dag.py:3239} INFO - Sync 1 DAGs
[2025-03-06T11:17:33.406+0000] {logging_mixin.py:190} INFO - [2025-03-06T11:17:33.406+0000] {dag.py:4180} INFO - Setting next_dagrun for example_sla_dag to 2025-03-06 11:14:00+00:00, run_after=2025-03-06 11:16:00+00:00
[2025-03-06T11:17:33.423+0000] {processor.py:208} INFO - Processing /home/airflow/.local/lib/python3.12/site-packages/airflow/example_dags/example_sla_dag.py took 0.069 seconds
[2025-03-06T11:18:05.179+0000] {processor.py:186} INFO - Started process (PID=2466) to work on /home/airflow/.local/lib/python3.12/site-packages/airflow/example_dags/example_sla_dag.py
[2025-03-06T11:18:05.180+0000] {processor.py:914} INFO - Processing file /home/airflow/.local/lib/python3.12/site-packages/airflow/example_dags/example_sla_dag.py for tasks to queue
[2025-03-06T11:18:05.182+0000] {logging_mixin.py:190} INFO - [2025-03-06T11:18:05.182+0000] {dagbag.py:588} INFO - Filling up the DagBag from /home/airflow/.local/lib/python3.12/site-packages/airflow/example_dags/example_sla_dag.py
[2025-03-06T11:18:05.192+0000] {processor.py:925} INFO - DAG(s) 'example_sla_dag' retrieved from /home/airflow/.local/lib/python3.12/site-packages/airflow/example_dags/example_sla_dag.py
[2025-03-06T11:18:05.209+0000] {logging_mixin.py:190} INFO - [2025-03-06T11:18:05.209+0000] {dag.py:3239} INFO - Sync 1 DAGs
[2025-03-06T11:18:05.234+0000] {logging_mixin.py:190} INFO - [2025-03-06T11:18:05.233+0000] {dag.py:4180} INFO - Setting next_dagrun for example_sla_dag to 2025-03-06 11:16:00+00:00, run_after=2025-03-06 11:18:00+00:00
[2025-03-06T11:18:05.251+0000] {processor.py:208} INFO - Processing /home/airflow/.local/lib/python3.12/site-packages/airflow/example_dags/example_sla_dag.py took 0.077 seconds
[2025-03-06T11:18:36.839+0000] {processor.py:186} INFO - Started process (PID=2543) to work on /home/airflow/.local/lib/python3.12/site-packages/airflow/example_dags/example_sla_dag.py
[2025-03-06T11:18:36.842+0000] {processor.py:914} INFO - Processing file /home/airflow/.local/lib/python3.12/site-packages/airflow/example_dags/example_sla_dag.py for tasks to queue
[2025-03-06T11:18:36.843+0000] {logging_mixin.py:190} INFO - [2025-03-06T11:18:36.843+0000] {dagbag.py:588} INFO - Filling up the DagBag from /home/airflow/.local/lib/python3.12/site-packages/airflow/example_dags/example_sla_dag.py
[2025-03-06T11:18:36.858+0000] {processor.py:925} INFO - DAG(s) 'example_sla_dag' retrieved from /home/airflow/.local/lib/python3.12/site-packages/airflow/example_dags/example_sla_dag.py
[2025-03-06T11:18:36.879+0000] {logging_mixin.py:190} INFO - [2025-03-06T11:18:36.879+0000] {dag.py:3239} INFO - Sync 1 DAGs
[2025-03-06T11:18:36.902+0000] {logging_mixin.py:190} INFO - [2025-03-06T11:18:36.902+0000] {dag.py:4180} INFO - Setting next_dagrun for example_sla_dag to 2025-03-06 11:16:00+00:00, run_after=2025-03-06 11:18:00+00:00
[2025-03-06T11:18:36.922+0000] {processor.py:208} INFO - Processing /home/airflow/.local/lib/python3.12/site-packages/airflow/example_dags/example_sla_dag.py took 0.089 seconds
