[2025-03-06T04:34:30.824+0000] {processor.py:186} INFO - Started process (PID=14392) to work on /home/airflow/.local/lib/python3.12/site-packages/airflow/example_dags/example_trigger_target_dag.py
[2025-03-06T04:34:30.826+0000] {processor.py:914} INFO - Processing file /home/airflow/.local/lib/python3.12/site-packages/airflow/example_dags/example_trigger_target_dag.py for tasks to queue
[2025-03-06T04:34:30.829+0000] {logging_mixin.py:190} INFO - [2025-03-06T04:34:30.828+0000] {dagbag.py:588} INFO - Filling up the DagBag from /home/airflow/.local/lib/python3.12/site-packages/airflow/example_dags/example_trigger_target_dag.py
[2025-03-06T04:34:30.840+0000] {processor.py:925} INFO - DAG(s) 'example_trigger_target_dag' retrieved from /home/airflow/.local/lib/python3.12/site-packages/airflow/example_dags/example_trigger_target_dag.py
[2025-03-06T04:34:30.866+0000] {logging_mixin.py:190} INFO - [2025-03-06T04:34:30.865+0000] {dag.py:3239} INFO - Sync 1 DAGs
[2025-03-06T04:34:30.884+0000] {logging_mixin.py:190} INFO - [2025-03-06T04:34:30.884+0000] {dag.py:4180} INFO - Setting next_dagrun for example_trigger_target_dag to None, run_after=None
[2025-03-06T04:34:30.909+0000] {processor.py:208} INFO - Processing /home/airflow/.local/lib/python3.12/site-packages/airflow/example_dags/example_trigger_target_dag.py took 0.094 seconds
[2025-03-06T04:35:01.153+0000] {processor.py:186} INFO - Started process (PID=14466) to work on /home/airflow/.local/lib/python3.12/site-packages/airflow/example_dags/example_trigger_target_dag.py
[2025-03-06T04:35:01.155+0000] {processor.py:914} INFO - Processing file /home/airflow/.local/lib/python3.12/site-packages/airflow/example_dags/example_trigger_target_dag.py for tasks to queue
[2025-03-06T04:35:01.158+0000] {logging_mixin.py:190} INFO - [2025-03-06T04:35:01.158+0000] {dagbag.py:588} INFO - Filling up the DagBag from /home/airflow/.local/lib/python3.12/site-packages/airflow/example_dags/example_trigger_target_dag.py
[2025-03-06T04:35:01.170+0000] {processor.py:925} INFO - DAG(s) 'example_trigger_target_dag' retrieved from /home/airflow/.local/lib/python3.12/site-packages/airflow/example_dags/example_trigger_target_dag.py
[2025-03-06T04:35:01.200+0000] {logging_mixin.py:190} INFO - [2025-03-06T04:35:01.200+0000] {dag.py:3239} INFO - Sync 1 DAGs
[2025-03-06T04:35:01.229+0000] {logging_mixin.py:190} INFO - [2025-03-06T04:35:01.228+0000] {dag.py:4180} INFO - Setting next_dagrun for example_trigger_target_dag to None, run_after=None
[2025-03-06T04:35:01.267+0000] {processor.py:208} INFO - Processing /home/airflow/.local/lib/python3.12/site-packages/airflow/example_dags/example_trigger_target_dag.py took 0.122 seconds
[2025-03-06T04:35:32.216+0000] {processor.py:186} INFO - Started process (PID=14541) to work on /home/airflow/.local/lib/python3.12/site-packages/airflow/example_dags/example_trigger_target_dag.py
[2025-03-06T04:35:32.218+0000] {processor.py:914} INFO - Processing file /home/airflow/.local/lib/python3.12/site-packages/airflow/example_dags/example_trigger_target_dag.py for tasks to queue
[2025-03-06T04:35:32.221+0000] {logging_mixin.py:190} INFO - [2025-03-06T04:35:32.221+0000] {dagbag.py:588} INFO - Filling up the DagBag from /home/airflow/.local/lib/python3.12/site-packages/airflow/example_dags/example_trigger_target_dag.py
[2025-03-06T04:35:32.228+0000] {processor.py:925} INFO - DAG(s) 'example_trigger_target_dag' retrieved from /home/airflow/.local/lib/python3.12/site-packages/airflow/example_dags/example_trigger_target_dag.py
[2025-03-06T04:35:32.248+0000] {logging_mixin.py:190} INFO - [2025-03-06T04:35:32.248+0000] {dag.py:3239} INFO - Sync 1 DAGs
[2025-03-06T04:35:32.262+0000] {logging_mixin.py:190} INFO - [2025-03-06T04:35:32.262+0000] {dag.py:4180} INFO - Setting next_dagrun for example_trigger_target_dag to None, run_after=None
[2025-03-06T04:35:32.283+0000] {processor.py:208} INFO - Processing /home/airflow/.local/lib/python3.12/site-packages/airflow/example_dags/example_trigger_target_dag.py took 0.077 seconds
[2025-03-06T04:36:03.898+0000] {processor.py:186} INFO - Started process (PID=14617) to work on /home/airflow/.local/lib/python3.12/site-packages/airflow/example_dags/example_trigger_target_dag.py
[2025-03-06T04:36:03.899+0000] {processor.py:914} INFO - Processing file /home/airflow/.local/lib/python3.12/site-packages/airflow/example_dags/example_trigger_target_dag.py for tasks to queue
[2025-03-06T04:36:03.903+0000] {logging_mixin.py:190} INFO - [2025-03-06T04:36:03.902+0000] {dagbag.py:588} INFO - Filling up the DagBag from /home/airflow/.local/lib/python3.12/site-packages/airflow/example_dags/example_trigger_target_dag.py
[2025-03-06T04:36:03.914+0000] {processor.py:925} INFO - DAG(s) 'example_trigger_target_dag' retrieved from /home/airflow/.local/lib/python3.12/site-packages/airflow/example_dags/example_trigger_target_dag.py
[2025-03-06T04:36:03.939+0000] {logging_mixin.py:190} INFO - [2025-03-06T04:36:03.939+0000] {dag.py:3239} INFO - Sync 1 DAGs
[2025-03-06T04:36:03.957+0000] {logging_mixin.py:190} INFO - [2025-03-06T04:36:03.957+0000] {dag.py:4180} INFO - Setting next_dagrun for example_trigger_target_dag to None, run_after=None
[2025-03-06T04:36:03.985+0000] {processor.py:208} INFO - Processing /home/airflow/.local/lib/python3.12/site-packages/airflow/example_dags/example_trigger_target_dag.py took 0.094 seconds
[2025-03-06T04:36:36.273+0000] {processor.py:186} INFO - Started process (PID=14692) to work on /home/airflow/.local/lib/python3.12/site-packages/airflow/example_dags/example_trigger_target_dag.py
[2025-03-06T04:36:36.275+0000] {processor.py:914} INFO - Processing file /home/airflow/.local/lib/python3.12/site-packages/airflow/example_dags/example_trigger_target_dag.py for tasks to queue
[2025-03-06T04:36:36.278+0000] {logging_mixin.py:190} INFO - [2025-03-06T04:36:36.278+0000] {dagbag.py:588} INFO - Filling up the DagBag from /home/airflow/.local/lib/python3.12/site-packages/airflow/example_dags/example_trigger_target_dag.py
[2025-03-06T04:36:36.286+0000] {processor.py:925} INFO - DAG(s) 'example_trigger_target_dag' retrieved from /home/airflow/.local/lib/python3.12/site-packages/airflow/example_dags/example_trigger_target_dag.py
[2025-03-06T04:36:36.307+0000] {logging_mixin.py:190} INFO - [2025-03-06T04:36:36.307+0000] {dag.py:3239} INFO - Sync 1 DAGs
[2025-03-06T04:36:36.321+0000] {logging_mixin.py:190} INFO - [2025-03-06T04:36:36.320+0000] {dag.py:4180} INFO - Setting next_dagrun for example_trigger_target_dag to None, run_after=None
[2025-03-06T04:36:36.339+0000] {processor.py:208} INFO - Processing /home/airflow/.local/lib/python3.12/site-packages/airflow/example_dags/example_trigger_target_dag.py took 0.071 seconds
[2025-03-06T04:37:07.379+0000] {processor.py:186} INFO - Started process (PID=14768) to work on /home/airflow/.local/lib/python3.12/site-packages/airflow/example_dags/example_trigger_target_dag.py
[2025-03-06T04:37:07.380+0000] {processor.py:914} INFO - Processing file /home/airflow/.local/lib/python3.12/site-packages/airflow/example_dags/example_trigger_target_dag.py for tasks to queue
[2025-03-06T04:37:07.382+0000] {logging_mixin.py:190} INFO - [2025-03-06T04:37:07.382+0000] {dagbag.py:588} INFO - Filling up the DagBag from /home/airflow/.local/lib/python3.12/site-packages/airflow/example_dags/example_trigger_target_dag.py
[2025-03-06T04:37:07.390+0000] {processor.py:925} INFO - DAG(s) 'example_trigger_target_dag' retrieved from /home/airflow/.local/lib/python3.12/site-packages/airflow/example_dags/example_trigger_target_dag.py
[2025-03-06T04:37:07.406+0000] {logging_mixin.py:190} INFO - [2025-03-06T04:37:07.405+0000] {dag.py:3239} INFO - Sync 1 DAGs
[2025-03-06T04:37:07.417+0000] {logging_mixin.py:190} INFO - [2025-03-06T04:37:07.417+0000] {dag.py:4180} INFO - Setting next_dagrun for example_trigger_target_dag to None, run_after=None
[2025-03-06T04:37:07.433+0000] {processor.py:208} INFO - Processing /home/airflow/.local/lib/python3.12/site-packages/airflow/example_dags/example_trigger_target_dag.py took 0.058 seconds
[2025-03-06T04:37:38.470+0000] {processor.py:186} INFO - Started process (PID=14843) to work on /home/airflow/.local/lib/python3.12/site-packages/airflow/example_dags/example_trigger_target_dag.py
[2025-03-06T04:37:38.471+0000] {processor.py:914} INFO - Processing file /home/airflow/.local/lib/python3.12/site-packages/airflow/example_dags/example_trigger_target_dag.py for tasks to queue
[2025-03-06T04:37:38.474+0000] {logging_mixin.py:190} INFO - [2025-03-06T04:37:38.473+0000] {dagbag.py:588} INFO - Filling up the DagBag from /home/airflow/.local/lib/python3.12/site-packages/airflow/example_dags/example_trigger_target_dag.py
[2025-03-06T04:37:38.480+0000] {processor.py:925} INFO - DAG(s) 'example_trigger_target_dag' retrieved from /home/airflow/.local/lib/python3.12/site-packages/airflow/example_dags/example_trigger_target_dag.py
[2025-03-06T04:37:38.497+0000] {logging_mixin.py:190} INFO - [2025-03-06T04:37:38.497+0000] {dag.py:3239} INFO - Sync 1 DAGs
[2025-03-06T04:37:38.509+0000] {logging_mixin.py:190} INFO - [2025-03-06T04:37:38.508+0000] {dag.py:4180} INFO - Setting next_dagrun for example_trigger_target_dag to None, run_after=None
[2025-03-06T04:37:38.525+0000] {processor.py:208} INFO - Processing /home/airflow/.local/lib/python3.12/site-packages/airflow/example_dags/example_trigger_target_dag.py took 0.060 seconds
[2025-03-06T04:38:09.130+0000] {processor.py:186} INFO - Started process (PID=14918) to work on /home/airflow/.local/lib/python3.12/site-packages/airflow/example_dags/example_trigger_target_dag.py
[2025-03-06T04:38:09.131+0000] {processor.py:914} INFO - Processing file /home/airflow/.local/lib/python3.12/site-packages/airflow/example_dags/example_trigger_target_dag.py for tasks to queue
[2025-03-06T04:38:09.134+0000] {logging_mixin.py:190} INFO - [2025-03-06T04:38:09.133+0000] {dagbag.py:588} INFO - Filling up the DagBag from /home/airflow/.local/lib/python3.12/site-packages/airflow/example_dags/example_trigger_target_dag.py
[2025-03-06T04:38:09.141+0000] {processor.py:925} INFO - DAG(s) 'example_trigger_target_dag' retrieved from /home/airflow/.local/lib/python3.12/site-packages/airflow/example_dags/example_trigger_target_dag.py
[2025-03-06T04:38:09.157+0000] {logging_mixin.py:190} INFO - [2025-03-06T04:38:09.156+0000] {dag.py:3239} INFO - Sync 1 DAGs
[2025-03-06T04:38:09.168+0000] {logging_mixin.py:190} INFO - [2025-03-06T04:38:09.168+0000] {dag.py:4180} INFO - Setting next_dagrun for example_trigger_target_dag to None, run_after=None
[2025-03-06T04:38:09.185+0000] {processor.py:208} INFO - Processing /home/airflow/.local/lib/python3.12/site-packages/airflow/example_dags/example_trigger_target_dag.py took 0.060 seconds
[2025-03-06T04:38:40.505+0000] {processor.py:186} INFO - Started process (PID=14993) to work on /home/airflow/.local/lib/python3.12/site-packages/airflow/example_dags/example_trigger_target_dag.py
[2025-03-06T04:38:40.506+0000] {processor.py:914} INFO - Processing file /home/airflow/.local/lib/python3.12/site-packages/airflow/example_dags/example_trigger_target_dag.py for tasks to queue
[2025-03-06T04:38:40.509+0000] {logging_mixin.py:190} INFO - [2025-03-06T04:38:40.508+0000] {dagbag.py:588} INFO - Filling up the DagBag from /home/airflow/.local/lib/python3.12/site-packages/airflow/example_dags/example_trigger_target_dag.py
[2025-03-06T04:38:40.515+0000] {processor.py:925} INFO - DAG(s) 'example_trigger_target_dag' retrieved from /home/airflow/.local/lib/python3.12/site-packages/airflow/example_dags/example_trigger_target_dag.py
[2025-03-06T04:38:40.531+0000] {logging_mixin.py:190} INFO - [2025-03-06T04:38:40.531+0000] {dag.py:3239} INFO - Sync 1 DAGs
[2025-03-06T04:38:40.545+0000] {logging_mixin.py:190} INFO - [2025-03-06T04:38:40.545+0000] {dag.py:4180} INFO - Setting next_dagrun for example_trigger_target_dag to None, run_after=None
[2025-03-06T04:38:40.562+0000] {processor.py:208} INFO - Processing /home/airflow/.local/lib/python3.12/site-packages/airflow/example_dags/example_trigger_target_dag.py took 0.062 seconds
[2025-03-06T04:39:12.950+0000] {processor.py:186} INFO - Started process (PID=15068) to work on /home/airflow/.local/lib/python3.12/site-packages/airflow/example_dags/example_trigger_target_dag.py
[2025-03-06T04:39:12.952+0000] {processor.py:914} INFO - Processing file /home/airflow/.local/lib/python3.12/site-packages/airflow/example_dags/example_trigger_target_dag.py for tasks to queue
[2025-03-06T04:39:12.955+0000] {logging_mixin.py:190} INFO - [2025-03-06T04:39:12.954+0000] {dagbag.py:588} INFO - Filling up the DagBag from /home/airflow/.local/lib/python3.12/site-packages/airflow/example_dags/example_trigger_target_dag.py
[2025-03-06T04:39:12.962+0000] {processor.py:925} INFO - DAG(s) 'example_trigger_target_dag' retrieved from /home/airflow/.local/lib/python3.12/site-packages/airflow/example_dags/example_trigger_target_dag.py
[2025-03-06T04:39:12.980+0000] {logging_mixin.py:190} INFO - [2025-03-06T04:39:12.979+0000] {dag.py:3239} INFO - Sync 1 DAGs
[2025-03-06T04:39:12.992+0000] {logging_mixin.py:190} INFO - [2025-03-06T04:39:12.991+0000] {dag.py:4180} INFO - Setting next_dagrun for example_trigger_target_dag to None, run_after=None
[2025-03-06T04:39:13.007+0000] {processor.py:208} INFO - Processing /home/airflow/.local/lib/python3.12/site-packages/airflow/example_dags/example_trigger_target_dag.py took 0.062 seconds
[2025-03-06T04:39:44.188+0000] {processor.py:186} INFO - Started process (PID=15150) to work on /home/airflow/.local/lib/python3.12/site-packages/airflow/example_dags/example_trigger_target_dag.py
[2025-03-06T04:39:44.189+0000] {processor.py:914} INFO - Processing file /home/airflow/.local/lib/python3.12/site-packages/airflow/example_dags/example_trigger_target_dag.py for tasks to queue
[2025-03-06T04:39:44.192+0000] {logging_mixin.py:190} INFO - [2025-03-06T04:39:44.191+0000] {dagbag.py:588} INFO - Filling up the DagBag from /home/airflow/.local/lib/python3.12/site-packages/airflow/example_dags/example_trigger_target_dag.py
[2025-03-06T04:39:44.198+0000] {processor.py:925} INFO - DAG(s) 'example_trigger_target_dag' retrieved from /home/airflow/.local/lib/python3.12/site-packages/airflow/example_dags/example_trigger_target_dag.py
[2025-03-06T04:39:44.213+0000] {logging_mixin.py:190} INFO - [2025-03-06T04:39:44.213+0000] {dag.py:3239} INFO - Sync 1 DAGs
[2025-03-06T04:39:44.225+0000] {logging_mixin.py:190} INFO - [2025-03-06T04:39:44.225+0000] {dag.py:4180} INFO - Setting next_dagrun for example_trigger_target_dag to None, run_after=None
[2025-03-06T04:39:44.240+0000] {processor.py:208} INFO - Processing /home/airflow/.local/lib/python3.12/site-packages/airflow/example_dags/example_trigger_target_dag.py took 0.057 seconds
[2025-03-06T04:40:15.332+0000] {processor.py:186} INFO - Started process (PID=15225) to work on /home/airflow/.local/lib/python3.12/site-packages/airflow/example_dags/example_trigger_target_dag.py
[2025-03-06T04:40:15.333+0000] {processor.py:914} INFO - Processing file /home/airflow/.local/lib/python3.12/site-packages/airflow/example_dags/example_trigger_target_dag.py for tasks to queue
[2025-03-06T04:40:15.335+0000] {logging_mixin.py:190} INFO - [2025-03-06T04:40:15.335+0000] {dagbag.py:588} INFO - Filling up the DagBag from /home/airflow/.local/lib/python3.12/site-packages/airflow/example_dags/example_trigger_target_dag.py
[2025-03-06T04:40:15.341+0000] {processor.py:925} INFO - DAG(s) 'example_trigger_target_dag' retrieved from /home/airflow/.local/lib/python3.12/site-packages/airflow/example_dags/example_trigger_target_dag.py
[2025-03-06T04:40:15.357+0000] {logging_mixin.py:190} INFO - [2025-03-06T04:40:15.357+0000] {dag.py:3239} INFO - Sync 1 DAGs
[2025-03-06T04:40:15.368+0000] {logging_mixin.py:190} INFO - [2025-03-06T04:40:15.368+0000] {dag.py:4180} INFO - Setting next_dagrun for example_trigger_target_dag to None, run_after=None
[2025-03-06T04:40:15.383+0000] {processor.py:208} INFO - Processing /home/airflow/.local/lib/python3.12/site-packages/airflow/example_dags/example_trigger_target_dag.py took 0.055 seconds
[2025-03-06T04:40:46.171+0000] {processor.py:186} INFO - Started process (PID=15300) to work on /home/airflow/.local/lib/python3.12/site-packages/airflow/example_dags/example_trigger_target_dag.py
[2025-03-06T04:40:46.173+0000] {processor.py:914} INFO - Processing file /home/airflow/.local/lib/python3.12/site-packages/airflow/example_dags/example_trigger_target_dag.py for tasks to queue
[2025-03-06T04:40:46.176+0000] {logging_mixin.py:190} INFO - [2025-03-06T04:40:46.175+0000] {dagbag.py:588} INFO - Filling up the DagBag from /home/airflow/.local/lib/python3.12/site-packages/airflow/example_dags/example_trigger_target_dag.py
[2025-03-06T04:40:46.182+0000] {processor.py:925} INFO - DAG(s) 'example_trigger_target_dag' retrieved from /home/airflow/.local/lib/python3.12/site-packages/airflow/example_dags/example_trigger_target_dag.py
[2025-03-06T04:40:46.200+0000] {logging_mixin.py:190} INFO - [2025-03-06T04:40:46.200+0000] {dag.py:3239} INFO - Sync 1 DAGs
[2025-03-06T04:40:46.213+0000] {logging_mixin.py:190} INFO - [2025-03-06T04:40:46.212+0000] {dag.py:4180} INFO - Setting next_dagrun for example_trigger_target_dag to None, run_after=None
[2025-03-06T04:40:46.230+0000] {processor.py:208} INFO - Processing /home/airflow/.local/lib/python3.12/site-packages/airflow/example_dags/example_trigger_target_dag.py took 0.063 seconds
[2025-03-06T04:41:17.447+0000] {processor.py:186} INFO - Started process (PID=15375) to work on /home/airflow/.local/lib/python3.12/site-packages/airflow/example_dags/example_trigger_target_dag.py
[2025-03-06T04:41:17.448+0000] {processor.py:914} INFO - Processing file /home/airflow/.local/lib/python3.12/site-packages/airflow/example_dags/example_trigger_target_dag.py for tasks to queue
[2025-03-06T04:41:17.451+0000] {logging_mixin.py:190} INFO - [2025-03-06T04:41:17.450+0000] {dagbag.py:588} INFO - Filling up the DagBag from /home/airflow/.local/lib/python3.12/site-packages/airflow/example_dags/example_trigger_target_dag.py
[2025-03-06T04:41:17.457+0000] {processor.py:925} INFO - DAG(s) 'example_trigger_target_dag' retrieved from /home/airflow/.local/lib/python3.12/site-packages/airflow/example_dags/example_trigger_target_dag.py
[2025-03-06T04:41:17.474+0000] {logging_mixin.py:190} INFO - [2025-03-06T04:41:17.474+0000] {dag.py:3239} INFO - Sync 1 DAGs
[2025-03-06T04:41:17.484+0000] {logging_mixin.py:190} INFO - [2025-03-06T04:41:17.484+0000] {dag.py:4180} INFO - Setting next_dagrun for example_trigger_target_dag to None, run_after=None
[2025-03-06T04:41:17.500+0000] {processor.py:208} INFO - Processing /home/airflow/.local/lib/python3.12/site-packages/airflow/example_dags/example_trigger_target_dag.py took 0.058 seconds
[2025-03-06T04:41:48.666+0000] {processor.py:186} INFO - Started process (PID=15450) to work on /home/airflow/.local/lib/python3.12/site-packages/airflow/example_dags/example_trigger_target_dag.py
[2025-03-06T04:41:48.667+0000] {processor.py:914} INFO - Processing file /home/airflow/.local/lib/python3.12/site-packages/airflow/example_dags/example_trigger_target_dag.py for tasks to queue
[2025-03-06T04:41:48.670+0000] {logging_mixin.py:190} INFO - [2025-03-06T04:41:48.669+0000] {dagbag.py:588} INFO - Filling up the DagBag from /home/airflow/.local/lib/python3.12/site-packages/airflow/example_dags/example_trigger_target_dag.py
[2025-03-06T04:41:48.676+0000] {processor.py:925} INFO - DAG(s) 'example_trigger_target_dag' retrieved from /home/airflow/.local/lib/python3.12/site-packages/airflow/example_dags/example_trigger_target_dag.py
[2025-03-06T04:41:48.695+0000] {logging_mixin.py:190} INFO - [2025-03-06T04:41:48.694+0000] {dag.py:3239} INFO - Sync 1 DAGs
[2025-03-06T04:41:48.707+0000] {logging_mixin.py:190} INFO - [2025-03-06T04:41:48.707+0000] {dag.py:4180} INFO - Setting next_dagrun for example_trigger_target_dag to None, run_after=None
[2025-03-06T04:41:48.727+0000] {processor.py:208} INFO - Processing /home/airflow/.local/lib/python3.12/site-packages/airflow/example_dags/example_trigger_target_dag.py took 0.066 seconds
[2025-03-06T04:42:20.041+0000] {processor.py:186} INFO - Started process (PID=15525) to work on /home/airflow/.local/lib/python3.12/site-packages/airflow/example_dags/example_trigger_target_dag.py
[2025-03-06T04:42:20.044+0000] {processor.py:914} INFO - Processing file /home/airflow/.local/lib/python3.12/site-packages/airflow/example_dags/example_trigger_target_dag.py for tasks to queue
[2025-03-06T04:42:20.047+0000] {logging_mixin.py:190} INFO - [2025-03-06T04:42:20.047+0000] {dagbag.py:588} INFO - Filling up the DagBag from /home/airflow/.local/lib/python3.12/site-packages/airflow/example_dags/example_trigger_target_dag.py
[2025-03-06T04:42:20.054+0000] {processor.py:925} INFO - DAG(s) 'example_trigger_target_dag' retrieved from /home/airflow/.local/lib/python3.12/site-packages/airflow/example_dags/example_trigger_target_dag.py
[2025-03-06T04:42:20.071+0000] {logging_mixin.py:190} INFO - [2025-03-06T04:42:20.071+0000] {dag.py:3239} INFO - Sync 1 DAGs
[2025-03-06T04:42:20.083+0000] {logging_mixin.py:190} INFO - [2025-03-06T04:42:20.083+0000] {dag.py:4180} INFO - Setting next_dagrun for example_trigger_target_dag to None, run_after=None
[2025-03-06T04:42:20.100+0000] {processor.py:208} INFO - Processing /home/airflow/.local/lib/python3.12/site-packages/airflow/example_dags/example_trigger_target_dag.py took 0.066 seconds
[2025-03-06T11:01:17.581+0000] {processor.py:186} INFO - Started process (PID=157) to work on /home/airflow/.local/lib/python3.12/site-packages/airflow/example_dags/example_trigger_target_dag.py
[2025-03-06T11:01:17.582+0000] {processor.py:914} INFO - Processing file /home/airflow/.local/lib/python3.12/site-packages/airflow/example_dags/example_trigger_target_dag.py for tasks to queue
[2025-03-06T11:01:17.586+0000] {logging_mixin.py:190} INFO - [2025-03-06T11:01:17.586+0000] {dagbag.py:588} INFO - Filling up the DagBag from /home/airflow/.local/lib/python3.12/site-packages/airflow/example_dags/example_trigger_target_dag.py
[2025-03-06T11:01:17.598+0000] {processor.py:925} INFO - DAG(s) 'example_trigger_target_dag' retrieved from /home/airflow/.local/lib/python3.12/site-packages/airflow/example_dags/example_trigger_target_dag.py
[2025-03-06T11:01:17.633+0000] {logging_mixin.py:190} INFO - [2025-03-06T11:01:17.633+0000] {dag.py:3239} INFO - Sync 1 DAGs
[2025-03-06T11:01:17.654+0000] {logging_mixin.py:190} INFO - [2025-03-06T11:01:17.654+0000] {dag.py:4180} INFO - Setting next_dagrun for example_trigger_target_dag to None, run_after=None
[2025-03-06T11:01:17.693+0000] {processor.py:208} INFO - Processing /home/airflow/.local/lib/python3.12/site-packages/airflow/example_dags/example_trigger_target_dag.py took 0.121 seconds
[2025-03-06T11:01:48.543+0000] {processor.py:186} INFO - Started process (PID=231) to work on /home/airflow/.local/lib/python3.12/site-packages/airflow/example_dags/example_trigger_target_dag.py
[2025-03-06T11:01:48.544+0000] {processor.py:914} INFO - Processing file /home/airflow/.local/lib/python3.12/site-packages/airflow/example_dags/example_trigger_target_dag.py for tasks to queue
[2025-03-06T11:01:48.546+0000] {logging_mixin.py:190} INFO - [2025-03-06T11:01:48.546+0000] {dagbag.py:588} INFO - Filling up the DagBag from /home/airflow/.local/lib/python3.12/site-packages/airflow/example_dags/example_trigger_target_dag.py
[2025-03-06T11:01:48.553+0000] {processor.py:925} INFO - DAG(s) 'example_trigger_target_dag' retrieved from /home/airflow/.local/lib/python3.12/site-packages/airflow/example_dags/example_trigger_target_dag.py
[2025-03-06T11:01:48.569+0000] {logging_mixin.py:190} INFO - [2025-03-06T11:01:48.569+0000] {dag.py:3239} INFO - Sync 1 DAGs
[2025-03-06T11:01:48.581+0000] {logging_mixin.py:190} INFO - [2025-03-06T11:01:48.580+0000] {dag.py:4180} INFO - Setting next_dagrun for example_trigger_target_dag to None, run_after=None
[2025-03-06T11:01:48.596+0000] {processor.py:208} INFO - Processing /home/airflow/.local/lib/python3.12/site-packages/airflow/example_dags/example_trigger_target_dag.py took 0.058 seconds
[2025-03-06T11:02:19.585+0000] {processor.py:186} INFO - Started process (PID=306) to work on /home/airflow/.local/lib/python3.12/site-packages/airflow/example_dags/example_trigger_target_dag.py
[2025-03-06T11:02:19.586+0000] {processor.py:914} INFO - Processing file /home/airflow/.local/lib/python3.12/site-packages/airflow/example_dags/example_trigger_target_dag.py for tasks to queue
[2025-03-06T11:02:19.590+0000] {logging_mixin.py:190} INFO - [2025-03-06T11:02:19.589+0000] {dagbag.py:588} INFO - Filling up the DagBag from /home/airflow/.local/lib/python3.12/site-packages/airflow/example_dags/example_trigger_target_dag.py
[2025-03-06T11:02:19.599+0000] {processor.py:925} INFO - DAG(s) 'example_trigger_target_dag' retrieved from /home/airflow/.local/lib/python3.12/site-packages/airflow/example_dags/example_trigger_target_dag.py
[2025-03-06T11:02:19.617+0000] {logging_mixin.py:190} INFO - [2025-03-06T11:02:19.617+0000] {dag.py:3239} INFO - Sync 1 DAGs
[2025-03-06T11:02:19.631+0000] {logging_mixin.py:190} INFO - [2025-03-06T11:02:19.631+0000] {dag.py:4180} INFO - Setting next_dagrun for example_trigger_target_dag to None, run_after=None
[2025-03-06T11:02:19.654+0000] {processor.py:208} INFO - Processing /home/airflow/.local/lib/python3.12/site-packages/airflow/example_dags/example_trigger_target_dag.py took 0.074 seconds
[2025-03-06T11:02:51.084+0000] {processor.py:186} INFO - Started process (PID=381) to work on /home/airflow/.local/lib/python3.12/site-packages/airflow/example_dags/example_trigger_target_dag.py
[2025-03-06T11:02:51.086+0000] {processor.py:914} INFO - Processing file /home/airflow/.local/lib/python3.12/site-packages/airflow/example_dags/example_trigger_target_dag.py for tasks to queue
[2025-03-06T11:02:51.089+0000] {logging_mixin.py:190} INFO - [2025-03-06T11:02:51.089+0000] {dagbag.py:588} INFO - Filling up the DagBag from /home/airflow/.local/lib/python3.12/site-packages/airflow/example_dags/example_trigger_target_dag.py
[2025-03-06T11:02:51.102+0000] {processor.py:925} INFO - DAG(s) 'example_trigger_target_dag' retrieved from /home/airflow/.local/lib/python3.12/site-packages/airflow/example_dags/example_trigger_target_dag.py
[2025-03-06T11:02:51.131+0000] {logging_mixin.py:190} INFO - [2025-03-06T11:02:51.130+0000] {dag.py:3239} INFO - Sync 1 DAGs
[2025-03-06T11:02:51.150+0000] {logging_mixin.py:190} INFO - [2025-03-06T11:02:51.150+0000] {dag.py:4180} INFO - Setting next_dagrun for example_trigger_target_dag to None, run_after=None
[2025-03-06T11:02:51.175+0000] {processor.py:208} INFO - Processing /home/airflow/.local/lib/python3.12/site-packages/airflow/example_dags/example_trigger_target_dag.py took 0.100 seconds
[2025-03-06T11:03:21.317+0000] {processor.py:186} INFO - Started process (PID=457) to work on /home/airflow/.local/lib/python3.12/site-packages/airflow/example_dags/example_trigger_target_dag.py
[2025-03-06T11:03:21.318+0000] {processor.py:914} INFO - Processing file /home/airflow/.local/lib/python3.12/site-packages/airflow/example_dags/example_trigger_target_dag.py for tasks to queue
[2025-03-06T11:03:21.320+0000] {logging_mixin.py:190} INFO - [2025-03-06T11:03:21.320+0000] {dagbag.py:588} INFO - Filling up the DagBag from /home/airflow/.local/lib/python3.12/site-packages/airflow/example_dags/example_trigger_target_dag.py
[2025-03-06T11:03:21.327+0000] {processor.py:925} INFO - DAG(s) 'example_trigger_target_dag' retrieved from /home/airflow/.local/lib/python3.12/site-packages/airflow/example_dags/example_trigger_target_dag.py
[2025-03-06T11:03:21.343+0000] {logging_mixin.py:190} INFO - [2025-03-06T11:03:21.343+0000] {dag.py:3239} INFO - Sync 1 DAGs
[2025-03-06T11:03:21.356+0000] {logging_mixin.py:190} INFO - [2025-03-06T11:03:21.355+0000] {dag.py:4180} INFO - Setting next_dagrun for example_trigger_target_dag to None, run_after=None
[2025-03-06T11:03:21.373+0000] {processor.py:208} INFO - Processing /home/airflow/.local/lib/python3.12/site-packages/airflow/example_dags/example_trigger_target_dag.py took 0.060 seconds
[2025-03-06T11:03:52.067+0000] {processor.py:186} INFO - Started process (PID=532) to work on /home/airflow/.local/lib/python3.12/site-packages/airflow/example_dags/example_trigger_target_dag.py
[2025-03-06T11:03:52.069+0000] {processor.py:914} INFO - Processing file /home/airflow/.local/lib/python3.12/site-packages/airflow/example_dags/example_trigger_target_dag.py for tasks to queue
[2025-03-06T11:03:52.071+0000] {logging_mixin.py:190} INFO - [2025-03-06T11:03:52.071+0000] {dagbag.py:588} INFO - Filling up the DagBag from /home/airflow/.local/lib/python3.12/site-packages/airflow/example_dags/example_trigger_target_dag.py
[2025-03-06T11:03:52.079+0000] {processor.py:925} INFO - DAG(s) 'example_trigger_target_dag' retrieved from /home/airflow/.local/lib/python3.12/site-packages/airflow/example_dags/example_trigger_target_dag.py
[2025-03-06T11:03:52.098+0000] {logging_mixin.py:190} INFO - [2025-03-06T11:03:52.098+0000] {dag.py:3239} INFO - Sync 1 DAGs
[2025-03-06T11:03:52.110+0000] {logging_mixin.py:190} INFO - [2025-03-06T11:03:52.110+0000] {dag.py:4180} INFO - Setting next_dagrun for example_trigger_target_dag to None, run_after=None
[2025-03-06T11:03:52.130+0000] {processor.py:208} INFO - Processing /home/airflow/.local/lib/python3.12/site-packages/airflow/example_dags/example_trigger_target_dag.py took 0.068 seconds
[2025-03-06T11:04:22.828+0000] {processor.py:186} INFO - Started process (PID=607) to work on /home/airflow/.local/lib/python3.12/site-packages/airflow/example_dags/example_trigger_target_dag.py
[2025-03-06T11:04:22.829+0000] {processor.py:914} INFO - Processing file /home/airflow/.local/lib/python3.12/site-packages/airflow/example_dags/example_trigger_target_dag.py for tasks to queue
[2025-03-06T11:04:22.832+0000] {logging_mixin.py:190} INFO - [2025-03-06T11:04:22.831+0000] {dagbag.py:588} INFO - Filling up the DagBag from /home/airflow/.local/lib/python3.12/site-packages/airflow/example_dags/example_trigger_target_dag.py
[2025-03-06T11:04:22.839+0000] {processor.py:925} INFO - DAG(s) 'example_trigger_target_dag' retrieved from /home/airflow/.local/lib/python3.12/site-packages/airflow/example_dags/example_trigger_target_dag.py
[2025-03-06T11:04:22.855+0000] {logging_mixin.py:190} INFO - [2025-03-06T11:04:22.855+0000] {dag.py:3239} INFO - Sync 1 DAGs
[2025-03-06T11:04:22.867+0000] {logging_mixin.py:190} INFO - [2025-03-06T11:04:22.867+0000] {dag.py:4180} INFO - Setting next_dagrun for example_trigger_target_dag to None, run_after=None
[2025-03-06T11:04:22.884+0000] {processor.py:208} INFO - Processing /home/airflow/.local/lib/python3.12/site-packages/airflow/example_dags/example_trigger_target_dag.py took 0.061 seconds
[2025-03-06T11:04:54.196+0000] {processor.py:186} INFO - Started process (PID=683) to work on /home/airflow/.local/lib/python3.12/site-packages/airflow/example_dags/example_trigger_target_dag.py
[2025-03-06T11:04:54.197+0000] {processor.py:914} INFO - Processing file /home/airflow/.local/lib/python3.12/site-packages/airflow/example_dags/example_trigger_target_dag.py for tasks to queue
[2025-03-06T11:04:54.200+0000] {logging_mixin.py:190} INFO - [2025-03-06T11:04:54.200+0000] {dagbag.py:588} INFO - Filling up the DagBag from /home/airflow/.local/lib/python3.12/site-packages/airflow/example_dags/example_trigger_target_dag.py
[2025-03-06T11:04:54.212+0000] {processor.py:925} INFO - DAG(s) 'example_trigger_target_dag' retrieved from /home/airflow/.local/lib/python3.12/site-packages/airflow/example_dags/example_trigger_target_dag.py
[2025-03-06T11:04:54.237+0000] {logging_mixin.py:190} INFO - [2025-03-06T11:04:54.237+0000] {dag.py:3239} INFO - Sync 1 DAGs
[2025-03-06T11:04:54.256+0000] {logging_mixin.py:190} INFO - [2025-03-06T11:04:54.255+0000] {dag.py:4180} INFO - Setting next_dagrun for example_trigger_target_dag to None, run_after=None
[2025-03-06T11:04:54.282+0000] {processor.py:208} INFO - Processing /home/airflow/.local/lib/python3.12/site-packages/airflow/example_dags/example_trigger_target_dag.py took 0.094 seconds
[2025-03-06T11:05:25.423+0000] {processor.py:186} INFO - Started process (PID=782) to work on /home/airflow/.local/lib/python3.12/site-packages/airflow/example_dags/example_trigger_target_dag.py
[2025-03-06T11:05:25.425+0000] {processor.py:914} INFO - Processing file /home/airflow/.local/lib/python3.12/site-packages/airflow/example_dags/example_trigger_target_dag.py for tasks to queue
[2025-03-06T11:05:25.428+0000] {logging_mixin.py:190} INFO - [2025-03-06T11:05:25.428+0000] {dagbag.py:588} INFO - Filling up the DagBag from /home/airflow/.local/lib/python3.12/site-packages/airflow/example_dags/example_trigger_target_dag.py
[2025-03-06T11:05:25.437+0000] {processor.py:925} INFO - DAG(s) 'example_trigger_target_dag' retrieved from /home/airflow/.local/lib/python3.12/site-packages/airflow/example_dags/example_trigger_target_dag.py
[2025-03-06T11:05:25.460+0000] {logging_mixin.py:190} INFO - [2025-03-06T11:05:25.459+0000] {dag.py:3239} INFO - Sync 1 DAGs
[2025-03-06T11:05:25.475+0000] {logging_mixin.py:190} INFO - [2025-03-06T11:05:25.475+0000] {dag.py:4180} INFO - Setting next_dagrun for example_trigger_target_dag to None, run_after=None
[2025-03-06T11:05:25.496+0000] {processor.py:208} INFO - Processing /home/airflow/.local/lib/python3.12/site-packages/airflow/example_dags/example_trigger_target_dag.py took 0.079 seconds
[2025-03-06T11:05:58.036+0000] {processor.py:186} INFO - Started process (PID=869) to work on /home/airflow/.local/lib/python3.12/site-packages/airflow/example_dags/example_trigger_target_dag.py
[2025-03-06T11:05:58.038+0000] {processor.py:914} INFO - Processing file /home/airflow/.local/lib/python3.12/site-packages/airflow/example_dags/example_trigger_target_dag.py for tasks to queue
[2025-03-06T11:05:58.042+0000] {logging_mixin.py:190} INFO - [2025-03-06T11:05:58.041+0000] {dagbag.py:588} INFO - Filling up the DagBag from /home/airflow/.local/lib/python3.12/site-packages/airflow/example_dags/example_trigger_target_dag.py
[2025-03-06T11:05:58.055+0000] {processor.py:925} INFO - DAG(s) 'example_trigger_target_dag' retrieved from /home/airflow/.local/lib/python3.12/site-packages/airflow/example_dags/example_trigger_target_dag.py
[2025-03-06T11:05:58.092+0000] {logging_mixin.py:190} INFO - [2025-03-06T11:05:58.092+0000] {dag.py:3239} INFO - Sync 1 DAGs
[2025-03-06T11:05:58.123+0000] {logging_mixin.py:190} INFO - [2025-03-06T11:05:58.123+0000] {dag.py:4180} INFO - Setting next_dagrun for example_trigger_target_dag to None, run_after=None
[2025-03-06T11:05:58.167+0000] {processor.py:208} INFO - Processing /home/airflow/.local/lib/python3.12/site-packages/airflow/example_dags/example_trigger_target_dag.py took 0.140 seconds
[2025-03-06T11:07:45.475+0000] {processor.py:186} INFO - Started process (PID=972) to work on /home/airflow/.local/lib/python3.12/site-packages/airflow/example_dags/example_trigger_target_dag.py
[2025-03-06T11:07:45.478+0000] {processor.py:914} INFO - Processing file /home/airflow/.local/lib/python3.12/site-packages/airflow/example_dags/example_trigger_target_dag.py for tasks to queue
[2025-03-06T11:07:45.481+0000] {logging_mixin.py:190} INFO - [2025-03-06T11:07:45.480+0000] {dagbag.py:588} INFO - Filling up the DagBag from /home/airflow/.local/lib/python3.12/site-packages/airflow/example_dags/example_trigger_target_dag.py
[2025-03-06T11:07:45.500+0000] {processor.py:925} INFO - DAG(s) 'example_trigger_target_dag' retrieved from /home/airflow/.local/lib/python3.12/site-packages/airflow/example_dags/example_trigger_target_dag.py
[2025-03-06T11:07:45.542+0000] {logging_mixin.py:190} INFO - [2025-03-06T11:07:45.542+0000] {dag.py:3239} INFO - Sync 1 DAGs
[2025-03-06T11:07:45.572+0000] {logging_mixin.py:190} INFO - [2025-03-06T11:07:45.571+0000] {dag.py:4180} INFO - Setting next_dagrun for example_trigger_target_dag to None, run_after=None
[2025-03-06T11:07:45.608+0000] {processor.py:208} INFO - Processing /home/airflow/.local/lib/python3.12/site-packages/airflow/example_dags/example_trigger_target_dag.py took 0.144 seconds
[2025-03-06T11:08:16.280+0000] {processor.py:186} INFO - Started process (PID=1048) to work on /home/airflow/.local/lib/python3.12/site-packages/airflow/example_dags/example_trigger_target_dag.py
[2025-03-06T11:08:16.282+0000] {processor.py:914} INFO - Processing file /home/airflow/.local/lib/python3.12/site-packages/airflow/example_dags/example_trigger_target_dag.py for tasks to queue
[2025-03-06T11:08:16.285+0000] {logging_mixin.py:190} INFO - [2025-03-06T11:08:16.284+0000] {dagbag.py:588} INFO - Filling up the DagBag from /home/airflow/.local/lib/python3.12/site-packages/airflow/example_dags/example_trigger_target_dag.py
[2025-03-06T11:08:16.297+0000] {processor.py:925} INFO - DAG(s) 'example_trigger_target_dag' retrieved from /home/airflow/.local/lib/python3.12/site-packages/airflow/example_dags/example_trigger_target_dag.py
[2025-03-06T11:08:16.327+0000] {logging_mixin.py:190} INFO - [2025-03-06T11:08:16.326+0000] {dag.py:3239} INFO - Sync 1 DAGs
[2025-03-06T11:08:16.353+0000] {logging_mixin.py:190} INFO - [2025-03-06T11:08:16.353+0000] {dag.py:4180} INFO - Setting next_dagrun for example_trigger_target_dag to None, run_after=None
[2025-03-06T11:08:16.386+0000] {processor.py:208} INFO - Processing /home/airflow/.local/lib/python3.12/site-packages/airflow/example_dags/example_trigger_target_dag.py took 0.112 seconds
[2025-03-06T11:08:46.858+0000] {processor.py:186} INFO - Started process (PID=1122) to work on /home/airflow/.local/lib/python3.12/site-packages/airflow/example_dags/example_trigger_target_dag.py
[2025-03-06T11:08:46.859+0000] {processor.py:914} INFO - Processing file /home/airflow/.local/lib/python3.12/site-packages/airflow/example_dags/example_trigger_target_dag.py for tasks to queue
[2025-03-06T11:08:46.861+0000] {logging_mixin.py:190} INFO - [2025-03-06T11:08:46.860+0000] {dagbag.py:588} INFO - Filling up the DagBag from /home/airflow/.local/lib/python3.12/site-packages/airflow/example_dags/example_trigger_target_dag.py
[2025-03-06T11:08:46.869+0000] {processor.py:925} INFO - DAG(s) 'example_trigger_target_dag' retrieved from /home/airflow/.local/lib/python3.12/site-packages/airflow/example_dags/example_trigger_target_dag.py
[2025-03-06T11:08:46.888+0000] {logging_mixin.py:190} INFO - [2025-03-06T11:08:46.888+0000] {dag.py:3239} INFO - Sync 1 DAGs
[2025-03-06T11:08:46.901+0000] {logging_mixin.py:190} INFO - [2025-03-06T11:08:46.900+0000] {dag.py:4180} INFO - Setting next_dagrun for example_trigger_target_dag to None, run_after=None
[2025-03-06T11:08:46.920+0000] {processor.py:208} INFO - Processing /home/airflow/.local/lib/python3.12/site-packages/airflow/example_dags/example_trigger_target_dag.py took 0.067 seconds
[2025-03-06T11:09:17.810+0000] {processor.py:186} INFO - Started process (PID=1198) to work on /home/airflow/.local/lib/python3.12/site-packages/airflow/example_dags/example_trigger_target_dag.py
[2025-03-06T11:09:17.811+0000] {processor.py:914} INFO - Processing file /home/airflow/.local/lib/python3.12/site-packages/airflow/example_dags/example_trigger_target_dag.py for tasks to queue
[2025-03-06T11:09:17.814+0000] {logging_mixin.py:190} INFO - [2025-03-06T11:09:17.813+0000] {dagbag.py:588} INFO - Filling up the DagBag from /home/airflow/.local/lib/python3.12/site-packages/airflow/example_dags/example_trigger_target_dag.py
[2025-03-06T11:09:17.823+0000] {processor.py:925} INFO - DAG(s) 'example_trigger_target_dag' retrieved from /home/airflow/.local/lib/python3.12/site-packages/airflow/example_dags/example_trigger_target_dag.py
[2025-03-06T11:09:17.847+0000] {logging_mixin.py:190} INFO - [2025-03-06T11:09:17.847+0000] {dag.py:3239} INFO - Sync 1 DAGs
[2025-03-06T11:09:17.866+0000] {logging_mixin.py:190} INFO - [2025-03-06T11:09:17.865+0000] {dag.py:4180} INFO - Setting next_dagrun for example_trigger_target_dag to None, run_after=None
[2025-03-06T11:09:17.891+0000] {processor.py:208} INFO - Processing /home/airflow/.local/lib/python3.12/site-packages/airflow/example_dags/example_trigger_target_dag.py took 0.089 seconds
[2025-03-06T11:09:48.004+0000] {processor.py:186} INFO - Started process (PID=1272) to work on /home/airflow/.local/lib/python3.12/site-packages/airflow/example_dags/example_trigger_target_dag.py
[2025-03-06T11:09:48.005+0000] {processor.py:914} INFO - Processing file /home/airflow/.local/lib/python3.12/site-packages/airflow/example_dags/example_trigger_target_dag.py for tasks to queue
[2025-03-06T11:09:48.006+0000] {logging_mixin.py:190} INFO - [2025-03-06T11:09:48.006+0000] {dagbag.py:588} INFO - Filling up the DagBag from /home/airflow/.local/lib/python3.12/site-packages/airflow/example_dags/example_trigger_target_dag.py
[2025-03-06T11:09:48.014+0000] {processor.py:925} INFO - DAG(s) 'example_trigger_target_dag' retrieved from /home/airflow/.local/lib/python3.12/site-packages/airflow/example_dags/example_trigger_target_dag.py
[2025-03-06T11:09:48.030+0000] {logging_mixin.py:190} INFO - [2025-03-06T11:09:48.029+0000] {dag.py:3239} INFO - Sync 1 DAGs
[2025-03-06T11:09:48.043+0000] {logging_mixin.py:190} INFO - [2025-03-06T11:09:48.042+0000] {dag.py:4180} INFO - Setting next_dagrun for example_trigger_target_dag to None, run_after=None
[2025-03-06T11:09:48.057+0000] {processor.py:208} INFO - Processing /home/airflow/.local/lib/python3.12/site-packages/airflow/example_dags/example_trigger_target_dag.py took 0.058 seconds
[2025-03-06T11:10:18.919+0000] {processor.py:186} INFO - Started process (PID=1347) to work on /home/airflow/.local/lib/python3.12/site-packages/airflow/example_dags/example_trigger_target_dag.py
[2025-03-06T11:10:18.920+0000] {processor.py:914} INFO - Processing file /home/airflow/.local/lib/python3.12/site-packages/airflow/example_dags/example_trigger_target_dag.py for tasks to queue
[2025-03-06T11:10:18.921+0000] {logging_mixin.py:190} INFO - [2025-03-06T11:10:18.921+0000] {dagbag.py:588} INFO - Filling up the DagBag from /home/airflow/.local/lib/python3.12/site-packages/airflow/example_dags/example_trigger_target_dag.py
[2025-03-06T11:10:18.929+0000] {processor.py:925} INFO - DAG(s) 'example_trigger_target_dag' retrieved from /home/airflow/.local/lib/python3.12/site-packages/airflow/example_dags/example_trigger_target_dag.py
[2025-03-06T11:10:18.948+0000] {logging_mixin.py:190} INFO - [2025-03-06T11:10:18.947+0000] {dag.py:3239} INFO - Sync 1 DAGs
[2025-03-06T11:10:18.961+0000] {logging_mixin.py:190} INFO - [2025-03-06T11:10:18.961+0000] {dag.py:4180} INFO - Setting next_dagrun for example_trigger_target_dag to None, run_after=None
[2025-03-06T11:10:18.981+0000] {processor.py:208} INFO - Processing /home/airflow/.local/lib/python3.12/site-packages/airflow/example_dags/example_trigger_target_dag.py took 0.067 seconds
[2025-03-06T11:10:49.092+0000] {processor.py:186} INFO - Started process (PID=1423) to work on /home/airflow/.local/lib/python3.12/site-packages/airflow/example_dags/example_trigger_target_dag.py
[2025-03-06T11:10:49.093+0000] {processor.py:914} INFO - Processing file /home/airflow/.local/lib/python3.12/site-packages/airflow/example_dags/example_trigger_target_dag.py for tasks to queue
[2025-03-06T11:10:49.094+0000] {logging_mixin.py:190} INFO - [2025-03-06T11:10:49.094+0000] {dagbag.py:588} INFO - Filling up the DagBag from /home/airflow/.local/lib/python3.12/site-packages/airflow/example_dags/example_trigger_target_dag.py
[2025-03-06T11:10:49.101+0000] {processor.py:925} INFO - DAG(s) 'example_trigger_target_dag' retrieved from /home/airflow/.local/lib/python3.12/site-packages/airflow/example_dags/example_trigger_target_dag.py
[2025-03-06T11:10:49.120+0000] {logging_mixin.py:190} INFO - [2025-03-06T11:10:49.120+0000] {dag.py:3239} INFO - Sync 1 DAGs
[2025-03-06T11:10:49.134+0000] {logging_mixin.py:190} INFO - [2025-03-06T11:10:49.134+0000] {dag.py:4180} INFO - Setting next_dagrun for example_trigger_target_dag to None, run_after=None
[2025-03-06T11:10:49.153+0000] {processor.py:208} INFO - Processing /home/airflow/.local/lib/python3.12/site-packages/airflow/example_dags/example_trigger_target_dag.py took 0.066 seconds
[2025-03-06T11:11:20.050+0000] {processor.py:186} INFO - Started process (PID=1498) to work on /home/airflow/.local/lib/python3.12/site-packages/airflow/example_dags/example_trigger_target_dag.py
[2025-03-06T11:11:20.051+0000] {processor.py:914} INFO - Processing file /home/airflow/.local/lib/python3.12/site-packages/airflow/example_dags/example_trigger_target_dag.py for tasks to queue
[2025-03-06T11:11:20.053+0000] {logging_mixin.py:190} INFO - [2025-03-06T11:11:20.052+0000] {dagbag.py:588} INFO - Filling up the DagBag from /home/airflow/.local/lib/python3.12/site-packages/airflow/example_dags/example_trigger_target_dag.py
[2025-03-06T11:11:20.059+0000] {processor.py:925} INFO - DAG(s) 'example_trigger_target_dag' retrieved from /home/airflow/.local/lib/python3.12/site-packages/airflow/example_dags/example_trigger_target_dag.py
[2025-03-06T11:11:20.077+0000] {logging_mixin.py:190} INFO - [2025-03-06T11:11:20.077+0000] {dag.py:3239} INFO - Sync 1 DAGs
[2025-03-06T11:11:20.089+0000] {logging_mixin.py:190} INFO - [2025-03-06T11:11:20.089+0000] {dag.py:4180} INFO - Setting next_dagrun for example_trigger_target_dag to None, run_after=None
[2025-03-06T11:11:20.109+0000] {processor.py:208} INFO - Processing /home/airflow/.local/lib/python3.12/site-packages/airflow/example_dags/example_trigger_target_dag.py took 0.063 seconds
[2025-03-06T11:11:50.318+0000] {processor.py:186} INFO - Started process (PID=1573) to work on /home/airflow/.local/lib/python3.12/site-packages/airflow/example_dags/example_trigger_target_dag.py
[2025-03-06T11:11:50.319+0000] {processor.py:914} INFO - Processing file /home/airflow/.local/lib/python3.12/site-packages/airflow/example_dags/example_trigger_target_dag.py for tasks to queue
[2025-03-06T11:11:50.320+0000] {logging_mixin.py:190} INFO - [2025-03-06T11:11:50.320+0000] {dagbag.py:588} INFO - Filling up the DagBag from /home/airflow/.local/lib/python3.12/site-packages/airflow/example_dags/example_trigger_target_dag.py
[2025-03-06T11:11:50.328+0000] {processor.py:925} INFO - DAG(s) 'example_trigger_target_dag' retrieved from /home/airflow/.local/lib/python3.12/site-packages/airflow/example_dags/example_trigger_target_dag.py
[2025-03-06T11:11:50.346+0000] {logging_mixin.py:190} INFO - [2025-03-06T11:11:50.346+0000] {dag.py:3239} INFO - Sync 1 DAGs
[2025-03-06T11:11:50.359+0000] {logging_mixin.py:190} INFO - [2025-03-06T11:11:50.359+0000] {dag.py:4180} INFO - Setting next_dagrun for example_trigger_target_dag to None, run_after=None
[2025-03-06T11:11:50.377+0000] {processor.py:208} INFO - Processing /home/airflow/.local/lib/python3.12/site-packages/airflow/example_dags/example_trigger_target_dag.py took 0.064 seconds
[2025-03-06T11:12:21.202+0000] {processor.py:186} INFO - Started process (PID=1648) to work on /home/airflow/.local/lib/python3.12/site-packages/airflow/example_dags/example_trigger_target_dag.py
[2025-03-06T11:12:21.204+0000] {processor.py:914} INFO - Processing file /home/airflow/.local/lib/python3.12/site-packages/airflow/example_dags/example_trigger_target_dag.py for tasks to queue
[2025-03-06T11:12:21.205+0000] {logging_mixin.py:190} INFO - [2025-03-06T11:12:21.205+0000] {dagbag.py:588} INFO - Filling up the DagBag from /home/airflow/.local/lib/python3.12/site-packages/airflow/example_dags/example_trigger_target_dag.py
[2025-03-06T11:12:21.213+0000] {processor.py:925} INFO - DAG(s) 'example_trigger_target_dag' retrieved from /home/airflow/.local/lib/python3.12/site-packages/airflow/example_dags/example_trigger_target_dag.py
[2025-03-06T11:12:21.230+0000] {logging_mixin.py:190} INFO - [2025-03-06T11:12:21.230+0000] {dag.py:3239} INFO - Sync 1 DAGs
[2025-03-06T11:12:21.245+0000] {logging_mixin.py:190} INFO - [2025-03-06T11:12:21.245+0000] {dag.py:4180} INFO - Setting next_dagrun for example_trigger_target_dag to None, run_after=None
[2025-03-06T11:12:21.271+0000] {processor.py:208} INFO - Processing /home/airflow/.local/lib/python3.12/site-packages/airflow/example_dags/example_trigger_target_dag.py took 0.073 seconds
[2025-03-06T11:12:52.757+0000] {processor.py:186} INFO - Started process (PID=1723) to work on /home/airflow/.local/lib/python3.12/site-packages/airflow/example_dags/example_trigger_target_dag.py
[2025-03-06T11:12:52.759+0000] {processor.py:914} INFO - Processing file /home/airflow/.local/lib/python3.12/site-packages/airflow/example_dags/example_trigger_target_dag.py for tasks to queue
[2025-03-06T11:12:52.760+0000] {logging_mixin.py:190} INFO - [2025-03-06T11:12:52.760+0000] {dagbag.py:588} INFO - Filling up the DagBag from /home/airflow/.local/lib/python3.12/site-packages/airflow/example_dags/example_trigger_target_dag.py
[2025-03-06T11:12:52.771+0000] {processor.py:925} INFO - DAG(s) 'example_trigger_target_dag' retrieved from /home/airflow/.local/lib/python3.12/site-packages/airflow/example_dags/example_trigger_target_dag.py
[2025-03-06T11:12:52.793+0000] {logging_mixin.py:190} INFO - [2025-03-06T11:12:52.793+0000] {dag.py:3239} INFO - Sync 1 DAGs
[2025-03-06T11:12:52.808+0000] {logging_mixin.py:190} INFO - [2025-03-06T11:12:52.808+0000] {dag.py:4180} INFO - Setting next_dagrun for example_trigger_target_dag to None, run_after=None
[2025-03-06T11:12:52.832+0000] {processor.py:208} INFO - Processing /home/airflow/.local/lib/python3.12/site-packages/airflow/example_dags/example_trigger_target_dag.py took 0.080 seconds
[2025-03-06T11:13:24.327+0000] {processor.py:186} INFO - Started process (PID=1801) to work on /home/airflow/.local/lib/python3.12/site-packages/airflow/example_dags/example_trigger_target_dag.py
[2025-03-06T11:13:24.328+0000] {processor.py:914} INFO - Processing file /home/airflow/.local/lib/python3.12/site-packages/airflow/example_dags/example_trigger_target_dag.py for tasks to queue
[2025-03-06T11:13:24.330+0000] {logging_mixin.py:190} INFO - [2025-03-06T11:13:24.329+0000] {dagbag.py:588} INFO - Filling up the DagBag from /home/airflow/.local/lib/python3.12/site-packages/airflow/example_dags/example_trigger_target_dag.py
[2025-03-06T11:13:24.338+0000] {processor.py:925} INFO - DAG(s) 'example_trigger_target_dag' retrieved from /home/airflow/.local/lib/python3.12/site-packages/airflow/example_dags/example_trigger_target_dag.py
[2025-03-06T11:13:24.358+0000] {logging_mixin.py:190} INFO - [2025-03-06T11:13:24.358+0000] {dag.py:3239} INFO - Sync 1 DAGs
[2025-03-06T11:13:24.373+0000] {logging_mixin.py:190} INFO - [2025-03-06T11:13:24.372+0000] {dag.py:4180} INFO - Setting next_dagrun for example_trigger_target_dag to None, run_after=None
[2025-03-06T11:13:24.392+0000] {processor.py:208} INFO - Processing /home/airflow/.local/lib/python3.12/site-packages/airflow/example_dags/example_trigger_target_dag.py took 0.071 seconds
[2025-03-06T11:13:55.760+0000] {processor.py:186} INFO - Started process (PID=1876) to work on /home/airflow/.local/lib/python3.12/site-packages/airflow/example_dags/example_trigger_target_dag.py
[2025-03-06T11:13:55.761+0000] {processor.py:914} INFO - Processing file /home/airflow/.local/lib/python3.12/site-packages/airflow/example_dags/example_trigger_target_dag.py for tasks to queue
[2025-03-06T11:13:55.763+0000] {logging_mixin.py:190} INFO - [2025-03-06T11:13:55.762+0000] {dagbag.py:588} INFO - Filling up the DagBag from /home/airflow/.local/lib/python3.12/site-packages/airflow/example_dags/example_trigger_target_dag.py
[2025-03-06T11:13:55.774+0000] {processor.py:925} INFO - DAG(s) 'example_trigger_target_dag' retrieved from /home/airflow/.local/lib/python3.12/site-packages/airflow/example_dags/example_trigger_target_dag.py
[2025-03-06T11:13:55.798+0000] {logging_mixin.py:190} INFO - [2025-03-06T11:13:55.798+0000] {dag.py:3239} INFO - Sync 1 DAGs
[2025-03-06T11:13:55.817+0000] {logging_mixin.py:190} INFO - [2025-03-06T11:13:55.817+0000] {dag.py:4180} INFO - Setting next_dagrun for example_trigger_target_dag to None, run_after=None
[2025-03-06T11:13:55.838+0000] {processor.py:208} INFO - Processing /home/airflow/.local/lib/python3.12/site-packages/airflow/example_dags/example_trigger_target_dag.py took 0.085 seconds
[2025-03-06T11:14:27.934+0000] {processor.py:186} INFO - Started process (PID=1952) to work on /home/airflow/.local/lib/python3.12/site-packages/airflow/example_dags/example_trigger_target_dag.py
[2025-03-06T11:14:27.936+0000] {processor.py:914} INFO - Processing file /home/airflow/.local/lib/python3.12/site-packages/airflow/example_dags/example_trigger_target_dag.py for tasks to queue
[2025-03-06T11:14:27.939+0000] {logging_mixin.py:190} INFO - [2025-03-06T11:14:27.938+0000] {dagbag.py:588} INFO - Filling up the DagBag from /home/airflow/.local/lib/python3.12/site-packages/airflow/example_dags/example_trigger_target_dag.py
[2025-03-06T11:14:27.952+0000] {processor.py:925} INFO - DAG(s) 'example_trigger_target_dag' retrieved from /home/airflow/.local/lib/python3.12/site-packages/airflow/example_dags/example_trigger_target_dag.py
[2025-03-06T11:14:27.982+0000] {logging_mixin.py:190} INFO - [2025-03-06T11:14:27.981+0000] {dag.py:3239} INFO - Sync 1 DAGs
[2025-03-06T11:14:28.003+0000] {logging_mixin.py:190} INFO - [2025-03-06T11:14:28.003+0000] {dag.py:4180} INFO - Setting next_dagrun for example_trigger_target_dag to None, run_after=None
[2025-03-06T11:14:28.033+0000] {processor.py:208} INFO - Processing /home/airflow/.local/lib/python3.12/site-packages/airflow/example_dags/example_trigger_target_dag.py took 0.107 seconds
[2025-03-06T11:14:58.693+0000] {processor.py:186} INFO - Started process (PID=2027) to work on /home/airflow/.local/lib/python3.12/site-packages/airflow/example_dags/example_trigger_target_dag.py
[2025-03-06T11:14:58.694+0000] {processor.py:914} INFO - Processing file /home/airflow/.local/lib/python3.12/site-packages/airflow/example_dags/example_trigger_target_dag.py for tasks to queue
[2025-03-06T11:14:58.696+0000] {logging_mixin.py:190} INFO - [2025-03-06T11:14:58.695+0000] {dagbag.py:588} INFO - Filling up the DagBag from /home/airflow/.local/lib/python3.12/site-packages/airflow/example_dags/example_trigger_target_dag.py
[2025-03-06T11:14:58.705+0000] {processor.py:925} INFO - DAG(s) 'example_trigger_target_dag' retrieved from /home/airflow/.local/lib/python3.12/site-packages/airflow/example_dags/example_trigger_target_dag.py
[2025-03-06T11:14:58.725+0000] {logging_mixin.py:190} INFO - [2025-03-06T11:14:58.725+0000] {dag.py:3239} INFO - Sync 1 DAGs
[2025-03-06T11:14:58.741+0000] {logging_mixin.py:190} INFO - [2025-03-06T11:14:58.741+0000] {dag.py:4180} INFO - Setting next_dagrun for example_trigger_target_dag to None, run_after=None
[2025-03-06T11:14:58.761+0000] {processor.py:208} INFO - Processing /home/airflow/.local/lib/python3.12/site-packages/airflow/example_dags/example_trigger_target_dag.py took 0.073 seconds
[2025-03-06T11:15:30.474+0000] {processor.py:186} INFO - Started process (PID=2108) to work on /home/airflow/.local/lib/python3.12/site-packages/airflow/example_dags/example_trigger_target_dag.py
[2025-03-06T11:15:30.476+0000] {processor.py:914} INFO - Processing file /home/airflow/.local/lib/python3.12/site-packages/airflow/example_dags/example_trigger_target_dag.py for tasks to queue
[2025-03-06T11:15:30.477+0000] {logging_mixin.py:190} INFO - [2025-03-06T11:15:30.477+0000] {dagbag.py:588} INFO - Filling up the DagBag from /home/airflow/.local/lib/python3.12/site-packages/airflow/example_dags/example_trigger_target_dag.py
[2025-03-06T11:15:30.485+0000] {processor.py:925} INFO - DAG(s) 'example_trigger_target_dag' retrieved from /home/airflow/.local/lib/python3.12/site-packages/airflow/example_dags/example_trigger_target_dag.py
[2025-03-06T11:15:30.507+0000] {logging_mixin.py:190} INFO - [2025-03-06T11:15:30.506+0000] {dag.py:3239} INFO - Sync 1 DAGs
[2025-03-06T11:15:30.533+0000] {logging_mixin.py:190} INFO - [2025-03-06T11:15:30.533+0000] {dag.py:4180} INFO - Setting next_dagrun for example_trigger_target_dag to None, run_after=None
[2025-03-06T11:15:30.558+0000] {processor.py:208} INFO - Processing /home/airflow/.local/lib/python3.12/site-packages/airflow/example_dags/example_trigger_target_dag.py took 0.089 seconds
[2025-03-06T11:16:01.264+0000] {processor.py:186} INFO - Started process (PID=2183) to work on /home/airflow/.local/lib/python3.12/site-packages/airflow/example_dags/example_trigger_target_dag.py
[2025-03-06T11:16:01.265+0000] {processor.py:914} INFO - Processing file /home/airflow/.local/lib/python3.12/site-packages/airflow/example_dags/example_trigger_target_dag.py for tasks to queue
[2025-03-06T11:16:01.267+0000] {logging_mixin.py:190} INFO - [2025-03-06T11:16:01.266+0000] {dagbag.py:588} INFO - Filling up the DagBag from /home/airflow/.local/lib/python3.12/site-packages/airflow/example_dags/example_trigger_target_dag.py
[2025-03-06T11:16:01.273+0000] {processor.py:925} INFO - DAG(s) 'example_trigger_target_dag' retrieved from /home/airflow/.local/lib/python3.12/site-packages/airflow/example_dags/example_trigger_target_dag.py
[2025-03-06T11:16:01.292+0000] {logging_mixin.py:190} INFO - [2025-03-06T11:16:01.292+0000] {dag.py:3239} INFO - Sync 1 DAGs
[2025-03-06T11:16:01.306+0000] {logging_mixin.py:190} INFO - [2025-03-06T11:16:01.306+0000] {dag.py:4180} INFO - Setting next_dagrun for example_trigger_target_dag to None, run_after=None
[2025-03-06T11:16:01.322+0000] {processor.py:208} INFO - Processing /home/airflow/.local/lib/python3.12/site-packages/airflow/example_dags/example_trigger_target_dag.py took 0.063 seconds
[2025-03-06T11:16:32.864+0000] {processor.py:186} INFO - Started process (PID=2258) to work on /home/airflow/.local/lib/python3.12/site-packages/airflow/example_dags/example_trigger_target_dag.py
[2025-03-06T11:16:32.865+0000] {processor.py:914} INFO - Processing file /home/airflow/.local/lib/python3.12/site-packages/airflow/example_dags/example_trigger_target_dag.py for tasks to queue
[2025-03-06T11:16:32.866+0000] {logging_mixin.py:190} INFO - [2025-03-06T11:16:32.866+0000] {dagbag.py:588} INFO - Filling up the DagBag from /home/airflow/.local/lib/python3.12/site-packages/airflow/example_dags/example_trigger_target_dag.py
[2025-03-06T11:16:32.873+0000] {processor.py:925} INFO - DAG(s) 'example_trigger_target_dag' retrieved from /home/airflow/.local/lib/python3.12/site-packages/airflow/example_dags/example_trigger_target_dag.py
[2025-03-06T11:16:32.891+0000] {logging_mixin.py:190} INFO - [2025-03-06T11:16:32.891+0000] {dag.py:3239} INFO - Sync 1 DAGs
[2025-03-06T11:16:32.904+0000] {logging_mixin.py:190} INFO - [2025-03-06T11:16:32.904+0000] {dag.py:4180} INFO - Setting next_dagrun for example_trigger_target_dag to None, run_after=None
[2025-03-06T11:16:32.921+0000] {processor.py:208} INFO - Processing /home/airflow/.local/lib/python3.12/site-packages/airflow/example_dags/example_trigger_target_dag.py took 0.062 seconds
[2025-03-06T11:17:03.679+0000] {processor.py:186} INFO - Started process (PID=2333) to work on /home/airflow/.local/lib/python3.12/site-packages/airflow/example_dags/example_trigger_target_dag.py
[2025-03-06T11:17:03.680+0000] {processor.py:914} INFO - Processing file /home/airflow/.local/lib/python3.12/site-packages/airflow/example_dags/example_trigger_target_dag.py for tasks to queue
[2025-03-06T11:17:03.681+0000] {logging_mixin.py:190} INFO - [2025-03-06T11:17:03.681+0000] {dagbag.py:588} INFO - Filling up the DagBag from /home/airflow/.local/lib/python3.12/site-packages/airflow/example_dags/example_trigger_target_dag.py
[2025-03-06T11:17:03.689+0000] {processor.py:925} INFO - DAG(s) 'example_trigger_target_dag' retrieved from /home/airflow/.local/lib/python3.12/site-packages/airflow/example_dags/example_trigger_target_dag.py
[2025-03-06T11:17:03.704+0000] {logging_mixin.py:190} INFO - [2025-03-06T11:17:03.704+0000] {dag.py:3239} INFO - Sync 1 DAGs
[2025-03-06T11:17:03.718+0000] {logging_mixin.py:190} INFO - [2025-03-06T11:17:03.718+0000] {dag.py:4180} INFO - Setting next_dagrun for example_trigger_target_dag to None, run_after=None
[2025-03-06T11:17:03.736+0000] {processor.py:208} INFO - Processing /home/airflow/.local/lib/python3.12/site-packages/airflow/example_dags/example_trigger_target_dag.py took 0.062 seconds
[2025-03-06T11:17:34.909+0000] {processor.py:186} INFO - Started process (PID=2413) to work on /home/airflow/.local/lib/python3.12/site-packages/airflow/example_dags/example_trigger_target_dag.py
[2025-03-06T11:17:34.910+0000] {processor.py:914} INFO - Processing file /home/airflow/.local/lib/python3.12/site-packages/airflow/example_dags/example_trigger_target_dag.py for tasks to queue
[2025-03-06T11:17:34.911+0000] {logging_mixin.py:190} INFO - [2025-03-06T11:17:34.911+0000] {dagbag.py:588} INFO - Filling up the DagBag from /home/airflow/.local/lib/python3.12/site-packages/airflow/example_dags/example_trigger_target_dag.py
[2025-03-06T11:17:34.919+0000] {processor.py:925} INFO - DAG(s) 'example_trigger_target_dag' retrieved from /home/airflow/.local/lib/python3.12/site-packages/airflow/example_dags/example_trigger_target_dag.py
[2025-03-06T11:17:34.944+0000] {logging_mixin.py:190} INFO - [2025-03-06T11:17:34.943+0000] {dag.py:3239} INFO - Sync 1 DAGs
[2025-03-06T11:17:34.959+0000] {logging_mixin.py:190} INFO - [2025-03-06T11:17:34.959+0000] {dag.py:4180} INFO - Setting next_dagrun for example_trigger_target_dag to None, run_after=None
[2025-03-06T11:17:34.984+0000] {processor.py:208} INFO - Processing /home/airflow/.local/lib/python3.12/site-packages/airflow/example_dags/example_trigger_target_dag.py took 0.080 seconds
[2025-03-06T11:18:07.406+0000] {processor.py:186} INFO - Started process (PID=2495) to work on /home/airflow/.local/lib/python3.12/site-packages/airflow/example_dags/example_trigger_target_dag.py
[2025-03-06T11:18:07.407+0000] {processor.py:914} INFO - Processing file /home/airflow/.local/lib/python3.12/site-packages/airflow/example_dags/example_trigger_target_dag.py for tasks to queue
[2025-03-06T11:18:07.410+0000] {logging_mixin.py:190} INFO - [2025-03-06T11:18:07.409+0000] {dagbag.py:588} INFO - Filling up the DagBag from /home/airflow/.local/lib/python3.12/site-packages/airflow/example_dags/example_trigger_target_dag.py
[2025-03-06T11:18:07.420+0000] {processor.py:925} INFO - DAG(s) 'example_trigger_target_dag' retrieved from /home/airflow/.local/lib/python3.12/site-packages/airflow/example_dags/example_trigger_target_dag.py
[2025-03-06T11:18:07.452+0000] {logging_mixin.py:190} INFO - [2025-03-06T11:18:07.451+0000] {dag.py:3239} INFO - Sync 1 DAGs
[2025-03-06T11:18:07.470+0000] {logging_mixin.py:190} INFO - [2025-03-06T11:18:07.470+0000] {dag.py:4180} INFO - Setting next_dagrun for example_trigger_target_dag to None, run_after=None
[2025-03-06T11:18:07.497+0000] {processor.py:208} INFO - Processing /home/airflow/.local/lib/python3.12/site-packages/airflow/example_dags/example_trigger_target_dag.py took 0.098 seconds
[2025-03-06T11:18:38.791+0000] {processor.py:186} INFO - Started process (PID=2569) to work on /home/airflow/.local/lib/python3.12/site-packages/airflow/example_dags/example_trigger_target_dag.py
[2025-03-06T11:18:38.792+0000] {processor.py:914} INFO - Processing file /home/airflow/.local/lib/python3.12/site-packages/airflow/example_dags/example_trigger_target_dag.py for tasks to queue
[2025-03-06T11:18:38.794+0000] {logging_mixin.py:190} INFO - [2025-03-06T11:18:38.794+0000] {dagbag.py:588} INFO - Filling up the DagBag from /home/airflow/.local/lib/python3.12/site-packages/airflow/example_dags/example_trigger_target_dag.py
[2025-03-06T11:18:38.801+0000] {processor.py:925} INFO - DAG(s) 'example_trigger_target_dag' retrieved from /home/airflow/.local/lib/python3.12/site-packages/airflow/example_dags/example_trigger_target_dag.py
[2025-03-06T11:18:38.817+0000] {logging_mixin.py:190} INFO - [2025-03-06T11:18:38.817+0000] {dag.py:3239} INFO - Sync 1 DAGs
[2025-03-06T11:18:38.828+0000] {logging_mixin.py:190} INFO - [2025-03-06T11:18:38.828+0000] {dag.py:4180} INFO - Setting next_dagrun for example_trigger_target_dag to None, run_after=None
[2025-03-06T11:18:38.846+0000] {processor.py:208} INFO - Processing /home/airflow/.local/lib/python3.12/site-packages/airflow/example_dags/example_trigger_target_dag.py took 0.059 seconds
