[2025-03-06T04:34:27.481+0000] {processor.py:186} INFO - Started process (PID=14369) to work on /home/airflow/.local/lib/python3.12/site-packages/airflow/example_dags/example_complex.py
[2025-03-06T04:34:27.483+0000] {processor.py:914} INFO - Processing file /home/airflow/.local/lib/python3.12/site-packages/airflow/example_dags/example_complex.py for tasks to queue
[2025-03-06T04:34:27.485+0000] {logging_mixin.py:190} INFO - [2025-03-06T04:34:27.485+0000] {dagbag.py:588} INFO - Filling up the DagBag from /home/airflow/.local/lib/python3.12/site-packages/airflow/example_dags/example_complex.py
[2025-03-06T04:34:27.502+0000] {processor.py:925} INFO - DAG(s) 'example_complex' retrieved from /home/airflow/.local/lib/python3.12/site-packages/airflow/example_dags/example_complex.py
[2025-03-06T04:34:27.551+0000] {logging_mixin.py:190} INFO - [2025-03-06T04:34:27.550+0000] {dag.py:3239} INFO - Sync 1 DAGs
[2025-03-06T04:34:27.577+0000] {logging_mixin.py:190} INFO - [2025-03-06T04:34:27.577+0000] {dag.py:4180} INFO - Setting next_dagrun for example_complex to None, run_after=None
[2025-03-06T04:34:27.648+0000] {processor.py:208} INFO - Processing /home/airflow/.local/lib/python3.12/site-packages/airflow/example_dags/example_complex.py took 0.173 seconds
[2025-03-06T04:34:58.358+0000] {processor.py:186} INFO - Started process (PID=14444) to work on /home/airflow/.local/lib/python3.12/site-packages/airflow/example_dags/example_complex.py
[2025-03-06T04:34:58.360+0000] {processor.py:914} INFO - Processing file /home/airflow/.local/lib/python3.12/site-packages/airflow/example_dags/example_complex.py for tasks to queue
[2025-03-06T04:34:58.364+0000] {logging_mixin.py:190} INFO - [2025-03-06T04:34:58.363+0000] {dagbag.py:588} INFO - Filling up the DagBag from /home/airflow/.local/lib/python3.12/site-packages/airflow/example_dags/example_complex.py
[2025-03-06T04:34:58.383+0000] {processor.py:925} INFO - DAG(s) 'example_complex' retrieved from /home/airflow/.local/lib/python3.12/site-packages/airflow/example_dags/example_complex.py
[2025-03-06T04:34:58.429+0000] {logging_mixin.py:190} INFO - [2025-03-06T04:34:58.429+0000] {dag.py:3239} INFO - Sync 1 DAGs
[2025-03-06T04:34:58.450+0000] {logging_mixin.py:190} INFO - [2025-03-06T04:34:58.450+0000] {dag.py:4180} INFO - Setting next_dagrun for example_complex to None, run_after=None
[2025-03-06T04:34:58.481+0000] {processor.py:208} INFO - Processing /home/airflow/.local/lib/python3.12/site-packages/airflow/example_dags/example_complex.py took 0.130 seconds
[2025-03-06T04:35:29.378+0000] {processor.py:186} INFO - Started process (PID=14519) to work on /home/airflow/.local/lib/python3.12/site-packages/airflow/example_dags/example_complex.py
[2025-03-06T04:35:29.379+0000] {processor.py:914} INFO - Processing file /home/airflow/.local/lib/python3.12/site-packages/airflow/example_dags/example_complex.py for tasks to queue
[2025-03-06T04:35:29.382+0000] {logging_mixin.py:190} INFO - [2025-03-06T04:35:29.381+0000] {dagbag.py:588} INFO - Filling up the DagBag from /home/airflow/.local/lib/python3.12/site-packages/airflow/example_dags/example_complex.py
[2025-03-06T04:35:29.391+0000] {processor.py:925} INFO - DAG(s) 'example_complex' retrieved from /home/airflow/.local/lib/python3.12/site-packages/airflow/example_dags/example_complex.py
[2025-03-06T04:35:29.418+0000] {logging_mixin.py:190} INFO - [2025-03-06T04:35:29.418+0000] {dag.py:3239} INFO - Sync 1 DAGs
[2025-03-06T04:35:29.430+0000] {logging_mixin.py:190} INFO - [2025-03-06T04:35:29.430+0000] {dag.py:4180} INFO - Setting next_dagrun for example_complex to None, run_after=None
[2025-03-06T04:35:29.449+0000] {processor.py:208} INFO - Processing /home/airflow/.local/lib/python3.12/site-packages/airflow/example_dags/example_complex.py took 0.077 seconds
[2025-03-06T04:36:01.515+0000] {processor.py:186} INFO - Started process (PID=14594) to work on /home/airflow/.local/lib/python3.12/site-packages/airflow/example_dags/example_complex.py
[2025-03-06T04:36:01.516+0000] {processor.py:914} INFO - Processing file /home/airflow/.local/lib/python3.12/site-packages/airflow/example_dags/example_complex.py for tasks to queue
[2025-03-06T04:36:01.519+0000] {logging_mixin.py:190} INFO - [2025-03-06T04:36:01.518+0000] {dagbag.py:588} INFO - Filling up the DagBag from /home/airflow/.local/lib/python3.12/site-packages/airflow/example_dags/example_complex.py
[2025-03-06T04:36:01.531+0000] {processor.py:925} INFO - DAG(s) 'example_complex' retrieved from /home/airflow/.local/lib/python3.12/site-packages/airflow/example_dags/example_complex.py
[2025-03-06T04:36:01.569+0000] {logging_mixin.py:190} INFO - [2025-03-06T04:36:01.569+0000] {dag.py:3239} INFO - Sync 1 DAGs
[2025-03-06T04:36:01.586+0000] {logging_mixin.py:190} INFO - [2025-03-06T04:36:01.586+0000] {dag.py:4180} INFO - Setting next_dagrun for example_complex to None, run_after=None
[2025-03-06T04:36:01.611+0000] {processor.py:208} INFO - Processing /home/airflow/.local/lib/python3.12/site-packages/airflow/example_dags/example_complex.py took 0.104 seconds
[2025-03-06T04:36:34.162+0000] {processor.py:186} INFO - Started process (PID=14669) to work on /home/airflow/.local/lib/python3.12/site-packages/airflow/example_dags/example_complex.py
[2025-03-06T04:36:34.164+0000] {processor.py:914} INFO - Processing file /home/airflow/.local/lib/python3.12/site-packages/airflow/example_dags/example_complex.py for tasks to queue
[2025-03-06T04:36:34.166+0000] {logging_mixin.py:190} INFO - [2025-03-06T04:36:34.166+0000] {dagbag.py:588} INFO - Filling up the DagBag from /home/airflow/.local/lib/python3.12/site-packages/airflow/example_dags/example_complex.py
[2025-03-06T04:36:34.178+0000] {processor.py:925} INFO - DAG(s) 'example_complex' retrieved from /home/airflow/.local/lib/python3.12/site-packages/airflow/example_dags/example_complex.py
[2025-03-06T04:36:34.218+0000] {logging_mixin.py:190} INFO - [2025-03-06T04:36:34.218+0000] {dag.py:3239} INFO - Sync 1 DAGs
[2025-03-06T04:36:34.232+0000] {logging_mixin.py:190} INFO - [2025-03-06T04:36:34.232+0000] {dag.py:4180} INFO - Setting next_dagrun for example_complex to None, run_after=None
[2025-03-06T04:36:34.255+0000] {processor.py:208} INFO - Processing /home/airflow/.local/lib/python3.12/site-packages/airflow/example_dags/example_complex.py took 0.101 seconds
[2025-03-06T04:37:05.053+0000] {processor.py:186} INFO - Started process (PID=14744) to work on /home/airflow/.local/lib/python3.12/site-packages/airflow/example_dags/example_complex.py
[2025-03-06T04:37:05.054+0000] {processor.py:914} INFO - Processing file /home/airflow/.local/lib/python3.12/site-packages/airflow/example_dags/example_complex.py for tasks to queue
[2025-03-06T04:37:05.057+0000] {logging_mixin.py:190} INFO - [2025-03-06T04:37:05.056+0000] {dagbag.py:588} INFO - Filling up the DagBag from /home/airflow/.local/lib/python3.12/site-packages/airflow/example_dags/example_complex.py
[2025-03-06T04:37:05.066+0000] {processor.py:925} INFO - DAG(s) 'example_complex' retrieved from /home/airflow/.local/lib/python3.12/site-packages/airflow/example_dags/example_complex.py
[2025-03-06T04:37:05.093+0000] {logging_mixin.py:190} INFO - [2025-03-06T04:37:05.092+0000] {dag.py:3239} INFO - Sync 1 DAGs
[2025-03-06T04:37:05.105+0000] {logging_mixin.py:190} INFO - [2025-03-06T04:37:05.105+0000] {dag.py:4180} INFO - Setting next_dagrun for example_complex to None, run_after=None
[2025-03-06T04:37:05.125+0000] {processor.py:208} INFO - Processing /home/airflow/.local/lib/python3.12/site-packages/airflow/example_dags/example_complex.py took 0.077 seconds
[2025-03-06T04:37:35.244+0000] {processor.py:186} INFO - Started process (PID=14807) to work on /home/airflow/.local/lib/python3.12/site-packages/airflow/example_dags/example_complex.py
[2025-03-06T04:37:35.246+0000] {processor.py:914} INFO - Processing file /home/airflow/.local/lib/python3.12/site-packages/airflow/example_dags/example_complex.py for tasks to queue
[2025-03-06T04:37:35.249+0000] {logging_mixin.py:190} INFO - [2025-03-06T04:37:35.249+0000] {dagbag.py:588} INFO - Filling up the DagBag from /home/airflow/.local/lib/python3.12/site-packages/airflow/example_dags/example_complex.py
[2025-03-06T04:37:35.259+0000] {processor.py:925} INFO - DAG(s) 'example_complex' retrieved from /home/airflow/.local/lib/python3.12/site-packages/airflow/example_dags/example_complex.py
[2025-03-06T04:37:35.282+0000] {logging_mixin.py:190} INFO - [2025-03-06T04:37:35.282+0000] {dag.py:3239} INFO - Sync 1 DAGs
[2025-03-06T04:37:35.295+0000] {logging_mixin.py:190} INFO - [2025-03-06T04:37:35.295+0000] {dag.py:4180} INFO - Setting next_dagrun for example_complex to None, run_after=None
[2025-03-06T04:37:35.308+0000] {processor.py:208} INFO - Processing /home/airflow/.local/lib/python3.12/site-packages/airflow/example_dags/example_complex.py took 0.069 seconds
[2025-03-06T04:38:05.669+0000] {processor.py:186} INFO - Started process (PID=14882) to work on /home/airflow/.local/lib/python3.12/site-packages/airflow/example_dags/example_complex.py
[2025-03-06T04:38:05.670+0000] {processor.py:914} INFO - Processing file /home/airflow/.local/lib/python3.12/site-packages/airflow/example_dags/example_complex.py for tasks to queue
[2025-03-06T04:38:05.673+0000] {logging_mixin.py:190} INFO - [2025-03-06T04:38:05.672+0000] {dagbag.py:588} INFO - Filling up the DagBag from /home/airflow/.local/lib/python3.12/site-packages/airflow/example_dags/example_complex.py
[2025-03-06T04:38:05.682+0000] {processor.py:925} INFO - DAG(s) 'example_complex' retrieved from /home/airflow/.local/lib/python3.12/site-packages/airflow/example_dags/example_complex.py
[2025-03-06T04:38:05.712+0000] {logging_mixin.py:190} INFO - [2025-03-06T04:38:05.712+0000] {dag.py:3239} INFO - Sync 1 DAGs
[2025-03-06T04:38:05.726+0000] {logging_mixin.py:190} INFO - [2025-03-06T04:38:05.725+0000] {dag.py:4180} INFO - Setting next_dagrun for example_complex to None, run_after=None
[2025-03-06T04:38:05.744+0000] {processor.py:208} INFO - Processing /home/airflow/.local/lib/python3.12/site-packages/airflow/example_dags/example_complex.py took 0.081 seconds
[2025-03-06T04:38:35.843+0000] {processor.py:186} INFO - Started process (PID=14957) to work on /home/airflow/.local/lib/python3.12/site-packages/airflow/example_dags/example_complex.py
[2025-03-06T04:38:35.844+0000] {processor.py:914} INFO - Processing file /home/airflow/.local/lib/python3.12/site-packages/airflow/example_dags/example_complex.py for tasks to queue
[2025-03-06T04:38:35.847+0000] {logging_mixin.py:190} INFO - [2025-03-06T04:38:35.846+0000] {dagbag.py:588} INFO - Filling up the DagBag from /home/airflow/.local/lib/python3.12/site-packages/airflow/example_dags/example_complex.py
[2025-03-06T04:38:35.856+0000] {processor.py:925} INFO - DAG(s) 'example_complex' retrieved from /home/airflow/.local/lib/python3.12/site-packages/airflow/example_dags/example_complex.py
[2025-03-06T04:38:35.881+0000] {logging_mixin.py:190} INFO - [2025-03-06T04:38:35.880+0000] {dag.py:3239} INFO - Sync 1 DAGs
[2025-03-06T04:38:35.893+0000] {logging_mixin.py:190} INFO - [2025-03-06T04:38:35.893+0000] {dag.py:4180} INFO - Setting next_dagrun for example_complex to None, run_after=None
[2025-03-06T04:38:35.910+0000] {processor.py:208} INFO - Processing /home/airflow/.local/lib/python3.12/site-packages/airflow/example_dags/example_complex.py took 0.072 seconds
[2025-03-06T04:39:05.970+0000] {processor.py:186} INFO - Started process (PID=15031) to work on /home/airflow/.local/lib/python3.12/site-packages/airflow/example_dags/example_complex.py
[2025-03-06T04:39:05.971+0000] {processor.py:914} INFO - Processing file /home/airflow/.local/lib/python3.12/site-packages/airflow/example_dags/example_complex.py for tasks to queue
[2025-03-06T04:39:05.973+0000] {logging_mixin.py:190} INFO - [2025-03-06T04:39:05.973+0000] {dagbag.py:588} INFO - Filling up the DagBag from /home/airflow/.local/lib/python3.12/site-packages/airflow/example_dags/example_complex.py
[2025-03-06T04:39:05.982+0000] {processor.py:925} INFO - DAG(s) 'example_complex' retrieved from /home/airflow/.local/lib/python3.12/site-packages/airflow/example_dags/example_complex.py
[2025-03-06T04:39:06.009+0000] {logging_mixin.py:190} INFO - [2025-03-06T04:39:06.009+0000] {dag.py:3239} INFO - Sync 1 DAGs
[2025-03-06T04:39:06.021+0000] {logging_mixin.py:190} INFO - [2025-03-06T04:39:06.021+0000] {dag.py:4180} INFO - Setting next_dagrun for example_complex to None, run_after=None
[2025-03-06T04:39:06.038+0000] {processor.py:208} INFO - Processing /home/airflow/.local/lib/python3.12/site-packages/airflow/example_dags/example_complex.py took 0.073 seconds
[2025-03-06T04:39:36.657+0000] {processor.py:186} INFO - Started process (PID=15106) to work on /home/airflow/.local/lib/python3.12/site-packages/airflow/example_dags/example_complex.py
[2025-03-06T04:39:36.658+0000] {processor.py:914} INFO - Processing file /home/airflow/.local/lib/python3.12/site-packages/airflow/example_dags/example_complex.py for tasks to queue
[2025-03-06T04:39:36.660+0000] {logging_mixin.py:190} INFO - [2025-03-06T04:39:36.660+0000] {dagbag.py:588} INFO - Filling up the DagBag from /home/airflow/.local/lib/python3.12/site-packages/airflow/example_dags/example_complex.py
[2025-03-06T04:39:36.673+0000] {processor.py:925} INFO - DAG(s) 'example_complex' retrieved from /home/airflow/.local/lib/python3.12/site-packages/airflow/example_dags/example_complex.py
[2025-03-06T04:39:36.703+0000] {logging_mixin.py:190} INFO - [2025-03-06T04:39:36.703+0000] {dag.py:3239} INFO - Sync 1 DAGs
[2025-03-06T04:39:36.717+0000] {logging_mixin.py:190} INFO - [2025-03-06T04:39:36.716+0000] {dag.py:4180} INFO - Setting next_dagrun for example_complex to None, run_after=None
[2025-03-06T04:39:36.735+0000] {processor.py:208} INFO - Processing /home/airflow/.local/lib/python3.12/site-packages/airflow/example_dags/example_complex.py took 0.083 seconds
[2025-03-06T04:40:07.046+0000] {processor.py:186} INFO - Started process (PID=15182) to work on /home/airflow/.local/lib/python3.12/site-packages/airflow/example_dags/example_complex.py
[2025-03-06T04:40:07.048+0000] {processor.py:914} INFO - Processing file /home/airflow/.local/lib/python3.12/site-packages/airflow/example_dags/example_complex.py for tasks to queue
[2025-03-06T04:40:07.050+0000] {logging_mixin.py:190} INFO - [2025-03-06T04:40:07.050+0000] {dagbag.py:588} INFO - Filling up the DagBag from /home/airflow/.local/lib/python3.12/site-packages/airflow/example_dags/example_complex.py
[2025-03-06T04:40:07.060+0000] {processor.py:925} INFO - DAG(s) 'example_complex' retrieved from /home/airflow/.local/lib/python3.12/site-packages/airflow/example_dags/example_complex.py
[2025-03-06T04:40:07.089+0000] {logging_mixin.py:190} INFO - [2025-03-06T04:40:07.088+0000] {dag.py:3239} INFO - Sync 1 DAGs
[2025-03-06T04:40:07.102+0000] {logging_mixin.py:190} INFO - [2025-03-06T04:40:07.102+0000] {dag.py:4180} INFO - Setting next_dagrun for example_complex to None, run_after=None
[2025-03-06T04:40:07.121+0000] {processor.py:208} INFO - Processing /home/airflow/.local/lib/python3.12/site-packages/airflow/example_dags/example_complex.py took 0.081 seconds
[2025-03-06T04:40:37.341+0000] {processor.py:186} INFO - Started process (PID=15257) to work on /home/airflow/.local/lib/python3.12/site-packages/airflow/example_dags/example_complex.py
[2025-03-06T04:40:37.343+0000] {processor.py:914} INFO - Processing file /home/airflow/.local/lib/python3.12/site-packages/airflow/example_dags/example_complex.py for tasks to queue
[2025-03-06T04:40:37.347+0000] {logging_mixin.py:190} INFO - [2025-03-06T04:40:37.346+0000] {dagbag.py:588} INFO - Filling up the DagBag from /home/airflow/.local/lib/python3.12/site-packages/airflow/example_dags/example_complex.py
[2025-03-06T04:40:37.358+0000] {processor.py:925} INFO - DAG(s) 'example_complex' retrieved from /home/airflow/.local/lib/python3.12/site-packages/airflow/example_dags/example_complex.py
[2025-03-06T04:40:37.384+0000] {logging_mixin.py:190} INFO - [2025-03-06T04:40:37.384+0000] {dag.py:3239} INFO - Sync 1 DAGs
[2025-03-06T04:40:37.400+0000] {logging_mixin.py:190} INFO - [2025-03-06T04:40:37.400+0000] {dag.py:4180} INFO - Setting next_dagrun for example_complex to None, run_after=None
[2025-03-06T04:40:37.422+0000] {processor.py:208} INFO - Processing /home/airflow/.local/lib/python3.12/site-packages/airflow/example_dags/example_complex.py took 0.087 seconds
[2025-03-06T04:41:07.795+0000] {processor.py:186} INFO - Started process (PID=15332) to work on /home/airflow/.local/lib/python3.12/site-packages/airflow/example_dags/example_complex.py
[2025-03-06T04:41:07.796+0000] {processor.py:914} INFO - Processing file /home/airflow/.local/lib/python3.12/site-packages/airflow/example_dags/example_complex.py for tasks to queue
[2025-03-06T04:41:07.799+0000] {logging_mixin.py:190} INFO - [2025-03-06T04:41:07.798+0000] {dagbag.py:588} INFO - Filling up the DagBag from /home/airflow/.local/lib/python3.12/site-packages/airflow/example_dags/example_complex.py
[2025-03-06T04:41:07.808+0000] {processor.py:925} INFO - DAG(s) 'example_complex' retrieved from /home/airflow/.local/lib/python3.12/site-packages/airflow/example_dags/example_complex.py
[2025-03-06T04:41:07.832+0000] {logging_mixin.py:190} INFO - [2025-03-06T04:41:07.832+0000] {dag.py:3239} INFO - Sync 1 DAGs
[2025-03-06T04:41:07.843+0000] {logging_mixin.py:190} INFO - [2025-03-06T04:41:07.843+0000] {dag.py:4180} INFO - Setting next_dagrun for example_complex to None, run_after=None
[2025-03-06T04:41:07.861+0000] {processor.py:208} INFO - Processing /home/airflow/.local/lib/python3.12/site-packages/airflow/example_dags/example_complex.py took 0.071 seconds
[2025-03-06T04:41:38.525+0000] {processor.py:186} INFO - Started process (PID=15406) to work on /home/airflow/.local/lib/python3.12/site-packages/airflow/example_dags/example_complex.py
[2025-03-06T04:41:38.526+0000] {processor.py:914} INFO - Processing file /home/airflow/.local/lib/python3.12/site-packages/airflow/example_dags/example_complex.py for tasks to queue
[2025-03-06T04:41:38.529+0000] {logging_mixin.py:190} INFO - [2025-03-06T04:41:38.528+0000] {dagbag.py:588} INFO - Filling up the DagBag from /home/airflow/.local/lib/python3.12/site-packages/airflow/example_dags/example_complex.py
[2025-03-06T04:41:38.539+0000] {processor.py:925} INFO - DAG(s) 'example_complex' retrieved from /home/airflow/.local/lib/python3.12/site-packages/airflow/example_dags/example_complex.py
[2025-03-06T04:41:38.567+0000] {logging_mixin.py:190} INFO - [2025-03-06T04:41:38.567+0000] {dag.py:3239} INFO - Sync 1 DAGs
[2025-03-06T04:41:38.579+0000] {logging_mixin.py:190} INFO - [2025-03-06T04:41:38.579+0000] {dag.py:4180} INFO - Setting next_dagrun for example_complex to None, run_after=None
[2025-03-06T04:41:38.596+0000] {processor.py:208} INFO - Processing /home/airflow/.local/lib/python3.12/site-packages/airflow/example_dags/example_complex.py took 0.075 seconds
[2025-03-06T04:42:08.948+0000] {processor.py:186} INFO - Started process (PID=15481) to work on /home/airflow/.local/lib/python3.12/site-packages/airflow/example_dags/example_complex.py
[2025-03-06T04:42:08.949+0000] {processor.py:914} INFO - Processing file /home/airflow/.local/lib/python3.12/site-packages/airflow/example_dags/example_complex.py for tasks to queue
[2025-03-06T04:42:08.954+0000] {logging_mixin.py:190} INFO - [2025-03-06T04:42:08.953+0000] {dagbag.py:588} INFO - Filling up the DagBag from /home/airflow/.local/lib/python3.12/site-packages/airflow/example_dags/example_complex.py
[2025-03-06T04:42:08.973+0000] {processor.py:925} INFO - DAG(s) 'example_complex' retrieved from /home/airflow/.local/lib/python3.12/site-packages/airflow/example_dags/example_complex.py
[2025-03-06T04:42:09.012+0000] {logging_mixin.py:190} INFO - [2025-03-06T04:42:09.011+0000] {dag.py:3239} INFO - Sync 1 DAGs
[2025-03-06T04:42:09.031+0000] {logging_mixin.py:190} INFO - [2025-03-06T04:42:09.031+0000] {dag.py:4180} INFO - Setting next_dagrun for example_complex to None, run_after=None
[2025-03-06T04:42:09.054+0000] {processor.py:208} INFO - Processing /home/airflow/.local/lib/python3.12/site-packages/airflow/example_dags/example_complex.py took 0.114 seconds
[2025-03-06T11:01:08.898+0000] {processor.py:186} INFO - Started process (PID=130) to work on /home/airflow/.local/lib/python3.12/site-packages/airflow/example_dags/example_complex.py
[2025-03-06T11:01:08.902+0000] {processor.py:914} INFO - Processing file /home/airflow/.local/lib/python3.12/site-packages/airflow/example_dags/example_complex.py for tasks to queue
[2025-03-06T11:01:08.906+0000] {logging_mixin.py:190} INFO - [2025-03-06T11:01:08.906+0000] {dagbag.py:588} INFO - Filling up the DagBag from /home/airflow/.local/lib/python3.12/site-packages/airflow/example_dags/example_complex.py
[2025-03-06T11:01:08.926+0000] {processor.py:925} INFO - DAG(s) 'example_complex' retrieved from /home/airflow/.local/lib/python3.12/site-packages/airflow/example_dags/example_complex.py
[2025-03-06T11:01:08.971+0000] {logging_mixin.py:190} INFO - [2025-03-06T11:01:08.971+0000] {dag.py:3239} INFO - Sync 1 DAGs
[2025-03-06T11:01:08.995+0000] {logging_mixin.py:190} INFO - [2025-03-06T11:01:08.995+0000] {dag.py:4180} INFO - Setting next_dagrun for example_complex to None, run_after=None
[2025-03-06T11:01:09.025+0000] {processor.py:208} INFO - Processing /home/airflow/.local/lib/python3.12/site-packages/airflow/example_dags/example_complex.py took 0.135 seconds
[2025-03-06T11:01:39.238+0000] {processor.py:186} INFO - Started process (PID=205) to work on /home/airflow/.local/lib/python3.12/site-packages/airflow/example_dags/example_complex.py
[2025-03-06T11:01:39.240+0000] {processor.py:914} INFO - Processing file /home/airflow/.local/lib/python3.12/site-packages/airflow/example_dags/example_complex.py for tasks to queue
[2025-03-06T11:01:39.243+0000] {logging_mixin.py:190} INFO - [2025-03-06T11:01:39.243+0000] {dagbag.py:588} INFO - Filling up the DagBag from /home/airflow/.local/lib/python3.12/site-packages/airflow/example_dags/example_complex.py
[2025-03-06T11:01:39.252+0000] {processor.py:925} INFO - DAG(s) 'example_complex' retrieved from /home/airflow/.local/lib/python3.12/site-packages/airflow/example_dags/example_complex.py
[2025-03-06T11:01:39.278+0000] {logging_mixin.py:190} INFO - [2025-03-06T11:01:39.278+0000] {dag.py:3239} INFO - Sync 1 DAGs
[2025-03-06T11:01:39.293+0000] {logging_mixin.py:190} INFO - [2025-03-06T11:01:39.293+0000] {dag.py:4180} INFO - Setting next_dagrun for example_complex to None, run_after=None
[2025-03-06T11:01:39.310+0000] {processor.py:208} INFO - Processing /home/airflow/.local/lib/python3.12/site-packages/airflow/example_dags/example_complex.py took 0.077 seconds
[2025-03-06T11:02:10.812+0000] {processor.py:186} INFO - Started process (PID=280) to work on /home/airflow/.local/lib/python3.12/site-packages/airflow/example_dags/example_complex.py
[2025-03-06T11:02:10.814+0000] {processor.py:914} INFO - Processing file /home/airflow/.local/lib/python3.12/site-packages/airflow/example_dags/example_complex.py for tasks to queue
[2025-03-06T11:02:10.816+0000] {logging_mixin.py:190} INFO - [2025-03-06T11:02:10.816+0000] {dagbag.py:588} INFO - Filling up the DagBag from /home/airflow/.local/lib/python3.12/site-packages/airflow/example_dags/example_complex.py
[2025-03-06T11:02:10.827+0000] {processor.py:925} INFO - DAG(s) 'example_complex' retrieved from /home/airflow/.local/lib/python3.12/site-packages/airflow/example_dags/example_complex.py
[2025-03-06T11:02:10.854+0000] {logging_mixin.py:190} INFO - [2025-03-06T11:02:10.853+0000] {dag.py:3239} INFO - Sync 1 DAGs
[2025-03-06T11:02:10.866+0000] {logging_mixin.py:190} INFO - [2025-03-06T11:02:10.865+0000] {dag.py:4180} INFO - Setting next_dagrun for example_complex to None, run_after=None
[2025-03-06T11:02:10.884+0000] {processor.py:208} INFO - Processing /home/airflow/.local/lib/python3.12/site-packages/airflow/example_dags/example_complex.py took 0.076 seconds
[2025-03-06T11:02:44.131+0000] {processor.py:186} INFO - Started process (PID=355) to work on /home/airflow/.local/lib/python3.12/site-packages/airflow/example_dags/example_complex.py
[2025-03-06T11:02:44.133+0000] {processor.py:914} INFO - Processing file /home/airflow/.local/lib/python3.12/site-packages/airflow/example_dags/example_complex.py for tasks to queue
[2025-03-06T11:02:44.138+0000] {logging_mixin.py:190} INFO - [2025-03-06T11:02:44.137+0000] {dagbag.py:588} INFO - Filling up the DagBag from /home/airflow/.local/lib/python3.12/site-packages/airflow/example_dags/example_complex.py
[2025-03-06T11:02:44.161+0000] {processor.py:925} INFO - DAG(s) 'example_complex' retrieved from /home/airflow/.local/lib/python3.12/site-packages/airflow/example_dags/example_complex.py
[2025-03-06T11:02:44.226+0000] {logging_mixin.py:190} INFO - [2025-03-06T11:02:44.225+0000] {dag.py:3239} INFO - Sync 1 DAGs
[2025-03-06T11:02:44.252+0000] {logging_mixin.py:190} INFO - [2025-03-06T11:02:44.251+0000] {dag.py:4180} INFO - Setting next_dagrun for example_complex to None, run_after=None
[2025-03-06T11:02:44.291+0000] {processor.py:208} INFO - Processing /home/airflow/.local/lib/python3.12/site-packages/airflow/example_dags/example_complex.py took 0.171 seconds
[2025-03-06T11:03:14.999+0000] {processor.py:186} INFO - Started process (PID=431) to work on /home/airflow/.local/lib/python3.12/site-packages/airflow/example_dags/example_complex.py
[2025-03-06T11:03:15.000+0000] {processor.py:914} INFO - Processing file /home/airflow/.local/lib/python3.12/site-packages/airflow/example_dags/example_complex.py for tasks to queue
[2025-03-06T11:03:15.003+0000] {logging_mixin.py:190} INFO - [2025-03-06T11:03:15.002+0000] {dagbag.py:588} INFO - Filling up the DagBag from /home/airflow/.local/lib/python3.12/site-packages/airflow/example_dags/example_complex.py
[2025-03-06T11:03:15.014+0000] {processor.py:925} INFO - DAG(s) 'example_complex' retrieved from /home/airflow/.local/lib/python3.12/site-packages/airflow/example_dags/example_complex.py
[2025-03-06T11:03:15.045+0000] {logging_mixin.py:190} INFO - [2025-03-06T11:03:15.045+0000] {dag.py:3239} INFO - Sync 1 DAGs
[2025-03-06T11:03:15.059+0000] {logging_mixin.py:190} INFO - [2025-03-06T11:03:15.059+0000] {dag.py:4180} INFO - Setting next_dagrun for example_complex to None, run_after=None
[2025-03-06T11:03:15.077+0000] {processor.py:208} INFO - Processing /home/airflow/.local/lib/python3.12/site-packages/airflow/example_dags/example_complex.py took 0.084 seconds
[2025-03-06T11:03:46.371+0000] {processor.py:186} INFO - Started process (PID=506) to work on /home/airflow/.local/lib/python3.12/site-packages/airflow/example_dags/example_complex.py
[2025-03-06T11:03:46.372+0000] {processor.py:914} INFO - Processing file /home/airflow/.local/lib/python3.12/site-packages/airflow/example_dags/example_complex.py for tasks to queue
[2025-03-06T11:03:46.375+0000] {logging_mixin.py:190} INFO - [2025-03-06T11:03:46.374+0000] {dagbag.py:588} INFO - Filling up the DagBag from /home/airflow/.local/lib/python3.12/site-packages/airflow/example_dags/example_complex.py
[2025-03-06T11:03:46.385+0000] {processor.py:925} INFO - DAG(s) 'example_complex' retrieved from /home/airflow/.local/lib/python3.12/site-packages/airflow/example_dags/example_complex.py
[2025-03-06T11:03:46.412+0000] {logging_mixin.py:190} INFO - [2025-03-06T11:03:46.412+0000] {dag.py:3239} INFO - Sync 1 DAGs
[2025-03-06T11:03:46.425+0000] {logging_mixin.py:190} INFO - [2025-03-06T11:03:46.424+0000] {dag.py:4180} INFO - Setting next_dagrun for example_complex to None, run_after=None
[2025-03-06T11:03:46.445+0000] {processor.py:208} INFO - Processing /home/airflow/.local/lib/python3.12/site-packages/airflow/example_dags/example_complex.py took 0.079 seconds
[2025-03-06T11:04:17.554+0000] {processor.py:186} INFO - Started process (PID=581) to work on /home/airflow/.local/lib/python3.12/site-packages/airflow/example_dags/example_complex.py
[2025-03-06T11:04:17.556+0000] {processor.py:914} INFO - Processing file /home/airflow/.local/lib/python3.12/site-packages/airflow/example_dags/example_complex.py for tasks to queue
[2025-03-06T11:04:17.558+0000] {logging_mixin.py:190} INFO - [2025-03-06T11:04:17.558+0000] {dagbag.py:588} INFO - Filling up the DagBag from /home/airflow/.local/lib/python3.12/site-packages/airflow/example_dags/example_complex.py
[2025-03-06T11:04:17.569+0000] {processor.py:925} INFO - DAG(s) 'example_complex' retrieved from /home/airflow/.local/lib/python3.12/site-packages/airflow/example_dags/example_complex.py
[2025-03-06T11:04:17.600+0000] {logging_mixin.py:190} INFO - [2025-03-06T11:04:17.599+0000] {dag.py:3239} INFO - Sync 1 DAGs
[2025-03-06T11:04:17.612+0000] {logging_mixin.py:190} INFO - [2025-03-06T11:04:17.612+0000] {dag.py:4180} INFO - Setting next_dagrun for example_complex to None, run_after=None
[2025-03-06T11:04:17.630+0000] {processor.py:208} INFO - Processing /home/airflow/.local/lib/python3.12/site-packages/airflow/example_dags/example_complex.py took 0.081 seconds
[2025-03-06T11:04:49.350+0000] {processor.py:186} INFO - Started process (PID=656) to work on /home/airflow/.local/lib/python3.12/site-packages/airflow/example_dags/example_complex.py
[2025-03-06T11:04:49.353+0000] {processor.py:914} INFO - Processing file /home/airflow/.local/lib/python3.12/site-packages/airflow/example_dags/example_complex.py for tasks to queue
[2025-03-06T11:04:49.356+0000] {logging_mixin.py:190} INFO - [2025-03-06T11:04:49.356+0000] {dagbag.py:588} INFO - Filling up the DagBag from /home/airflow/.local/lib/python3.12/site-packages/airflow/example_dags/example_complex.py
[2025-03-06T11:04:49.368+0000] {processor.py:925} INFO - DAG(s) 'example_complex' retrieved from /home/airflow/.local/lib/python3.12/site-packages/airflow/example_dags/example_complex.py
[2025-03-06T11:04:49.402+0000] {logging_mixin.py:190} INFO - [2025-03-06T11:04:49.402+0000] {dag.py:3239} INFO - Sync 1 DAGs
[2025-03-06T11:04:49.417+0000] {logging_mixin.py:190} INFO - [2025-03-06T11:04:49.416+0000] {dag.py:4180} INFO - Setting next_dagrun for example_complex to None, run_after=None
[2025-03-06T11:04:49.437+0000] {processor.py:208} INFO - Processing /home/airflow/.local/lib/python3.12/site-packages/airflow/example_dags/example_complex.py took 0.092 seconds
[2025-03-06T11:05:20.892+0000] {processor.py:186} INFO - Started process (PID=755) to work on /home/airflow/.local/lib/python3.12/site-packages/airflow/example_dags/example_complex.py
[2025-03-06T11:05:20.894+0000] {processor.py:914} INFO - Processing file /home/airflow/.local/lib/python3.12/site-packages/airflow/example_dags/example_complex.py for tasks to queue
[2025-03-06T11:05:20.898+0000] {logging_mixin.py:190} INFO - [2025-03-06T11:05:20.897+0000] {dagbag.py:588} INFO - Filling up the DagBag from /home/airflow/.local/lib/python3.12/site-packages/airflow/example_dags/example_complex.py
[2025-03-06T11:05:20.914+0000] {processor.py:925} INFO - DAG(s) 'example_complex' retrieved from /home/airflow/.local/lib/python3.12/site-packages/airflow/example_dags/example_complex.py
[2025-03-06T11:05:20.960+0000] {logging_mixin.py:190} INFO - [2025-03-06T11:05:20.959+0000] {dag.py:3239} INFO - Sync 1 DAGs
[2025-03-06T11:05:20.982+0000] {logging_mixin.py:190} INFO - [2025-03-06T11:05:20.982+0000] {dag.py:4180} INFO - Setting next_dagrun for example_complex to None, run_after=None
[2025-03-06T11:05:21.011+0000] {processor.py:208} INFO - Processing /home/airflow/.local/lib/python3.12/site-packages/airflow/example_dags/example_complex.py took 0.127 seconds
[2025-03-06T11:05:52.103+0000] {processor.py:186} INFO - Started process (PID=830) to work on /home/airflow/.local/lib/python3.12/site-packages/airflow/example_dags/example_complex.py
[2025-03-06T11:05:52.105+0000] {processor.py:914} INFO - Processing file /home/airflow/.local/lib/python3.12/site-packages/airflow/example_dags/example_complex.py for tasks to queue
[2025-03-06T11:05:52.107+0000] {logging_mixin.py:190} INFO - [2025-03-06T11:05:52.107+0000] {dagbag.py:588} INFO - Filling up the DagBag from /home/airflow/.local/lib/python3.12/site-packages/airflow/example_dags/example_complex.py
[2025-03-06T11:05:52.117+0000] {processor.py:925} INFO - DAG(s) 'example_complex' retrieved from /home/airflow/.local/lib/python3.12/site-packages/airflow/example_dags/example_complex.py
[2025-03-06T11:05:52.146+0000] {logging_mixin.py:190} INFO - [2025-03-06T11:05:52.145+0000] {dag.py:3239} INFO - Sync 1 DAGs
[2025-03-06T11:05:52.159+0000] {logging_mixin.py:190} INFO - [2025-03-06T11:05:52.159+0000] {dag.py:4180} INFO - Setting next_dagrun for example_complex to None, run_after=None
[2025-03-06T11:05:52.176+0000] {processor.py:208} INFO - Processing /home/airflow/.local/lib/python3.12/site-packages/airflow/example_dags/example_complex.py took 0.078 seconds
[2025-03-06T11:06:49.019+0000] {processor.py:186} INFO - Started process (PID=939) to work on /home/airflow/.local/lib/python3.12/site-packages/airflow/example_dags/example_complex.py
[2025-03-06T11:06:49.022+0000] {processor.py:914} INFO - Processing file /home/airflow/.local/lib/python3.12/site-packages/airflow/example_dags/example_complex.py for tasks to queue
[2025-03-06T11:06:49.027+0000] {logging_mixin.py:190} INFO - [2025-03-06T11:06:49.026+0000] {dagbag.py:588} INFO - Filling up the DagBag from /home/airflow/.local/lib/python3.12/site-packages/airflow/example_dags/example_complex.py
[2025-03-06T11:06:49.055+0000] {processor.py:925} INFO - DAG(s) 'example_complex' retrieved from /home/airflow/.local/lib/python3.12/site-packages/airflow/example_dags/example_complex.py
[2025-03-06T11:06:49.140+0000] {logging_mixin.py:190} INFO - [2025-03-06T11:06:49.139+0000] {dag.py:3239} INFO - Sync 1 DAGs
[2025-03-06T11:06:49.176+0000] {logging_mixin.py:190} INFO - [2025-03-06T11:06:49.175+0000] {dag.py:4180} INFO - Setting next_dagrun for example_complex to None, run_after=None
[2025-03-06T11:06:49.228+0000] {processor.py:208} INFO - Processing /home/airflow/.local/lib/python3.12/site-packages/airflow/example_dags/example_complex.py took 0.221 seconds
[2025-03-06T11:07:50.919+0000] {processor.py:186} INFO - Started process (PID=1014) to work on /home/airflow/.local/lib/python3.12/site-packages/airflow/example_dags/example_complex.py
[2025-03-06T11:07:50.921+0000] {processor.py:914} INFO - Processing file /home/airflow/.local/lib/python3.12/site-packages/airflow/example_dags/example_complex.py for tasks to queue
[2025-03-06T11:07:50.924+0000] {logging_mixin.py:190} INFO - [2025-03-06T11:07:50.923+0000] {dagbag.py:588} INFO - Filling up the DagBag from /home/airflow/.local/lib/python3.12/site-packages/airflow/example_dags/example_complex.py
[2025-03-06T11:07:50.944+0000] {processor.py:925} INFO - DAG(s) 'example_complex' retrieved from /home/airflow/.local/lib/python3.12/site-packages/airflow/example_dags/example_complex.py
[2025-03-06T11:07:50.994+0000] {logging_mixin.py:190} INFO - [2025-03-06T11:07:50.994+0000] {dag.py:3239} INFO - Sync 1 DAGs
[2025-03-06T11:07:51.022+0000] {logging_mixin.py:190} INFO - [2025-03-06T11:07:51.022+0000] {dag.py:4180} INFO - Setting next_dagrun for example_complex to None, run_after=None
[2025-03-06T11:07:51.058+0000] {processor.py:208} INFO - Processing /home/airflow/.local/lib/python3.12/site-packages/airflow/example_dags/example_complex.py took 0.148 seconds
[2025-03-06T11:08:22.033+0000] {processor.py:186} INFO - Started process (PID=1090) to work on /home/airflow/.local/lib/python3.12/site-packages/airflow/example_dags/example_complex.py
[2025-03-06T11:08:22.035+0000] {processor.py:914} INFO - Processing file /home/airflow/.local/lib/python3.12/site-packages/airflow/example_dags/example_complex.py for tasks to queue
[2025-03-06T11:08:22.038+0000] {logging_mixin.py:190} INFO - [2025-03-06T11:08:22.037+0000] {dagbag.py:588} INFO - Filling up the DagBag from /home/airflow/.local/lib/python3.12/site-packages/airflow/example_dags/example_complex.py
[2025-03-06T11:08:22.056+0000] {processor.py:925} INFO - DAG(s) 'example_complex' retrieved from /home/airflow/.local/lib/python3.12/site-packages/airflow/example_dags/example_complex.py
[2025-03-06T11:08:22.107+0000] {logging_mixin.py:190} INFO - [2025-03-06T11:08:22.107+0000] {dag.py:3239} INFO - Sync 1 DAGs
[2025-03-06T11:08:22.134+0000] {logging_mixin.py:190} INFO - [2025-03-06T11:08:22.134+0000] {dag.py:4180} INFO - Setting next_dagrun for example_complex to None, run_after=None
[2025-03-06T11:08:22.167+0000] {processor.py:208} INFO - Processing /home/airflow/.local/lib/python3.12/site-packages/airflow/example_dags/example_complex.py took 0.142 seconds
[2025-03-06T11:08:52.664+0000] {processor.py:186} INFO - Started process (PID=1164) to work on /home/airflow/.local/lib/python3.12/site-packages/airflow/example_dags/example_complex.py
[2025-03-06T11:08:52.665+0000] {processor.py:914} INFO - Processing file /home/airflow/.local/lib/python3.12/site-packages/airflow/example_dags/example_complex.py for tasks to queue
[2025-03-06T11:08:52.667+0000] {logging_mixin.py:190} INFO - [2025-03-06T11:08:52.667+0000] {dagbag.py:588} INFO - Filling up the DagBag from /home/airflow/.local/lib/python3.12/site-packages/airflow/example_dags/example_complex.py
[2025-03-06T11:08:52.681+0000] {processor.py:925} INFO - DAG(s) 'example_complex' retrieved from /home/airflow/.local/lib/python3.12/site-packages/airflow/example_dags/example_complex.py
[2025-03-06T11:08:52.714+0000] {logging_mixin.py:190} INFO - [2025-03-06T11:08:52.713+0000] {dag.py:3239} INFO - Sync 1 DAGs
[2025-03-06T11:08:52.729+0000] {logging_mixin.py:190} INFO - [2025-03-06T11:08:52.728+0000] {dag.py:4180} INFO - Setting next_dagrun for example_complex to None, run_after=None
[2025-03-06T11:08:52.753+0000] {processor.py:208} INFO - Processing /home/airflow/.local/lib/python3.12/site-packages/airflow/example_dags/example_complex.py took 0.095 seconds
[2025-03-06T11:09:25.258+0000] {processor.py:186} INFO - Started process (PID=1240) to work on /home/airflow/.local/lib/python3.12/site-packages/airflow/example_dags/example_complex.py
[2025-03-06T11:09:25.260+0000] {processor.py:914} INFO - Processing file /home/airflow/.local/lib/python3.12/site-packages/airflow/example_dags/example_complex.py for tasks to queue
[2025-03-06T11:09:25.262+0000] {logging_mixin.py:190} INFO - [2025-03-06T11:09:25.261+0000] {dagbag.py:588} INFO - Filling up the DagBag from /home/airflow/.local/lib/python3.12/site-packages/airflow/example_dags/example_complex.py
[2025-03-06T11:09:25.279+0000] {processor.py:925} INFO - DAG(s) 'example_complex' retrieved from /home/airflow/.local/lib/python3.12/site-packages/airflow/example_dags/example_complex.py
[2025-03-06T11:09:25.323+0000] {logging_mixin.py:190} INFO - [2025-03-06T11:09:25.323+0000] {dag.py:3239} INFO - Sync 1 DAGs
[2025-03-06T11:09:25.344+0000] {logging_mixin.py:190} INFO - [2025-03-06T11:09:25.343+0000] {dag.py:4180} INFO - Setting next_dagrun for example_complex to None, run_after=None
[2025-03-06T11:09:25.370+0000] {processor.py:208} INFO - Processing /home/airflow/.local/lib/python3.12/site-packages/airflow/example_dags/example_complex.py took 0.120 seconds
[2025-03-06T11:09:56.351+0000] {processor.py:186} INFO - Started process (PID=1314) to work on /home/airflow/.local/lib/python3.12/site-packages/airflow/example_dags/example_complex.py
[2025-03-06T11:09:56.353+0000] {processor.py:914} INFO - Processing file /home/airflow/.local/lib/python3.12/site-packages/airflow/example_dags/example_complex.py for tasks to queue
[2025-03-06T11:09:56.356+0000] {logging_mixin.py:190} INFO - [2025-03-06T11:09:56.355+0000] {dagbag.py:588} INFO - Filling up the DagBag from /home/airflow/.local/lib/python3.12/site-packages/airflow/example_dags/example_complex.py
[2025-03-06T11:09:56.374+0000] {processor.py:925} INFO - DAG(s) 'example_complex' retrieved from /home/airflow/.local/lib/python3.12/site-packages/airflow/example_dags/example_complex.py
[2025-03-06T11:09:56.425+0000] {logging_mixin.py:190} INFO - [2025-03-06T11:09:56.425+0000] {dag.py:3239} INFO - Sync 1 DAGs
[2025-03-06T11:09:56.454+0000] {logging_mixin.py:190} INFO - [2025-03-06T11:09:56.453+0000] {dag.py:4180} INFO - Setting next_dagrun for example_complex to None, run_after=None
[2025-03-06T11:09:56.488+0000] {processor.py:208} INFO - Processing /home/airflow/.local/lib/python3.12/site-packages/airflow/example_dags/example_complex.py took 0.146 seconds
[2025-03-06T11:10:28.126+0000] {processor.py:186} INFO - Started process (PID=1389) to work on /home/airflow/.local/lib/python3.12/site-packages/airflow/example_dags/example_complex.py
[2025-03-06T11:10:28.130+0000] {processor.py:914} INFO - Processing file /home/airflow/.local/lib/python3.12/site-packages/airflow/example_dags/example_complex.py for tasks to queue
[2025-03-06T11:10:28.132+0000] {logging_mixin.py:190} INFO - [2025-03-06T11:10:28.131+0000] {dagbag.py:588} INFO - Filling up the DagBag from /home/airflow/.local/lib/python3.12/site-packages/airflow/example_dags/example_complex.py
[2025-03-06T11:10:28.143+0000] {processor.py:925} INFO - DAG(s) 'example_complex' retrieved from /home/airflow/.local/lib/python3.12/site-packages/airflow/example_dags/example_complex.py
[2025-03-06T11:10:28.171+0000] {logging_mixin.py:190} INFO - [2025-03-06T11:10:28.171+0000] {dag.py:3239} INFO - Sync 1 DAGs
[2025-03-06T11:10:28.185+0000] {logging_mixin.py:190} INFO - [2025-03-06T11:10:28.185+0000] {dag.py:4180} INFO - Setting next_dagrun for example_complex to None, run_after=None
[2025-03-06T11:10:28.206+0000] {processor.py:208} INFO - Processing /home/airflow/.local/lib/python3.12/site-packages/airflow/example_dags/example_complex.py took 0.088 seconds
[2025-03-06T11:10:58.408+0000] {processor.py:186} INFO - Started process (PID=1454) to work on /home/airflow/.local/lib/python3.12/site-packages/airflow/example_dags/example_complex.py
[2025-03-06T11:10:58.409+0000] {processor.py:914} INFO - Processing file /home/airflow/.local/lib/python3.12/site-packages/airflow/example_dags/example_complex.py for tasks to queue
[2025-03-06T11:10:58.411+0000] {logging_mixin.py:190} INFO - [2025-03-06T11:10:58.410+0000] {dagbag.py:588} INFO - Filling up the DagBag from /home/airflow/.local/lib/python3.12/site-packages/airflow/example_dags/example_complex.py
[2025-03-06T11:10:58.420+0000] {processor.py:925} INFO - DAG(s) 'example_complex' retrieved from /home/airflow/.local/lib/python3.12/site-packages/airflow/example_dags/example_complex.py
[2025-03-06T11:10:58.446+0000] {logging_mixin.py:190} INFO - [2025-03-06T11:10:58.446+0000] {dag.py:3239} INFO - Sync 1 DAGs
[2025-03-06T11:10:58.459+0000] {logging_mixin.py:190} INFO - [2025-03-06T11:10:58.458+0000] {dag.py:4180} INFO - Setting next_dagrun for example_complex to None, run_after=None
[2025-03-06T11:10:58.500+0000] {processor.py:208} INFO - Processing /home/airflow/.local/lib/python3.12/site-packages/airflow/example_dags/example_complex.py took 0.097 seconds
[2025-03-06T11:11:28.858+0000] {processor.py:186} INFO - Started process (PID=1528) to work on /home/airflow/.local/lib/python3.12/site-packages/airflow/example_dags/example_complex.py
[2025-03-06T11:11:28.859+0000] {processor.py:914} INFO - Processing file /home/airflow/.local/lib/python3.12/site-packages/airflow/example_dags/example_complex.py for tasks to queue
[2025-03-06T11:11:28.860+0000] {logging_mixin.py:190} INFO - [2025-03-06T11:11:28.860+0000] {dagbag.py:588} INFO - Filling up the DagBag from /home/airflow/.local/lib/python3.12/site-packages/airflow/example_dags/example_complex.py
[2025-03-06T11:11:28.870+0000] {processor.py:925} INFO - DAG(s) 'example_complex' retrieved from /home/airflow/.local/lib/python3.12/site-packages/airflow/example_dags/example_complex.py
[2025-03-06T11:11:28.895+0000] {logging_mixin.py:190} INFO - [2025-03-06T11:11:28.895+0000] {dag.py:3239} INFO - Sync 1 DAGs
[2025-03-06T11:11:28.907+0000] {logging_mixin.py:190} INFO - [2025-03-06T11:11:28.907+0000] {dag.py:4180} INFO - Setting next_dagrun for example_complex to None, run_after=None
[2025-03-06T11:11:28.966+0000] {processor.py:208} INFO - Processing /home/airflow/.local/lib/python3.12/site-packages/airflow/example_dags/example_complex.py took 0.113 seconds
[2025-03-06T11:11:59.501+0000] {processor.py:186} INFO - Started process (PID=1603) to work on /home/airflow/.local/lib/python3.12/site-packages/airflow/example_dags/example_complex.py
[2025-03-06T11:11:59.502+0000] {processor.py:914} INFO - Processing file /home/airflow/.local/lib/python3.12/site-packages/airflow/example_dags/example_complex.py for tasks to queue
[2025-03-06T11:11:59.507+0000] {logging_mixin.py:190} INFO - [2025-03-06T11:11:59.506+0000] {dagbag.py:588} INFO - Filling up the DagBag from /home/airflow/.local/lib/python3.12/site-packages/airflow/example_dags/example_complex.py
[2025-03-06T11:11:59.524+0000] {processor.py:925} INFO - DAG(s) 'example_complex' retrieved from /home/airflow/.local/lib/python3.12/site-packages/airflow/example_dags/example_complex.py
[2025-03-06T11:11:59.558+0000] {logging_mixin.py:190} INFO - [2025-03-06T11:11:59.557+0000] {dag.py:3239} INFO - Sync 1 DAGs
[2025-03-06T11:11:59.572+0000] {logging_mixin.py:190} INFO - [2025-03-06T11:11:59.572+0000] {dag.py:4180} INFO - Setting next_dagrun for example_complex to None, run_after=None
[2025-03-06T11:11:59.591+0000] {processor.py:208} INFO - Processing /home/airflow/.local/lib/python3.12/site-packages/airflow/example_dags/example_complex.py took 0.097 seconds
[2025-03-06T11:12:30.313+0000] {processor.py:186} INFO - Started process (PID=1678) to work on /home/airflow/.local/lib/python3.12/site-packages/airflow/example_dags/example_complex.py
[2025-03-06T11:12:30.314+0000] {processor.py:914} INFO - Processing file /home/airflow/.local/lib/python3.12/site-packages/airflow/example_dags/example_complex.py for tasks to queue
[2025-03-06T11:12:30.315+0000] {logging_mixin.py:190} INFO - [2025-03-06T11:12:30.315+0000] {dagbag.py:588} INFO - Filling up the DagBag from /home/airflow/.local/lib/python3.12/site-packages/airflow/example_dags/example_complex.py
[2025-03-06T11:12:30.327+0000] {processor.py:925} INFO - DAG(s) 'example_complex' retrieved from /home/airflow/.local/lib/python3.12/site-packages/airflow/example_dags/example_complex.py
[2025-03-06T11:12:30.356+0000] {logging_mixin.py:190} INFO - [2025-03-06T11:12:30.356+0000] {dag.py:3239} INFO - Sync 1 DAGs
[2025-03-06T11:12:30.371+0000] {logging_mixin.py:190} INFO - [2025-03-06T11:12:30.371+0000] {dag.py:4180} INFO - Setting next_dagrun for example_complex to None, run_after=None
[2025-03-06T11:12:30.389+0000] {processor.py:208} INFO - Processing /home/airflow/.local/lib/python3.12/site-packages/airflow/example_dags/example_complex.py took 0.081 seconds
[2025-03-06T11:13:00.723+0000] {processor.py:186} INFO - Started process (PID=1753) to work on /home/airflow/.local/lib/python3.12/site-packages/airflow/example_dags/example_complex.py
[2025-03-06T11:13:00.724+0000] {processor.py:914} INFO - Processing file /home/airflow/.local/lib/python3.12/site-packages/airflow/example_dags/example_complex.py for tasks to queue
[2025-03-06T11:13:00.725+0000] {logging_mixin.py:190} INFO - [2025-03-06T11:13:00.725+0000] {dagbag.py:588} INFO - Filling up the DagBag from /home/airflow/.local/lib/python3.12/site-packages/airflow/example_dags/example_complex.py
[2025-03-06T11:13:00.736+0000] {processor.py:925} INFO - DAG(s) 'example_complex' retrieved from /home/airflow/.local/lib/python3.12/site-packages/airflow/example_dags/example_complex.py
[2025-03-06T11:13:00.765+0000] {logging_mixin.py:190} INFO - [2025-03-06T11:13:00.764+0000] {dag.py:3239} INFO - Sync 1 DAGs
[2025-03-06T11:13:00.777+0000] {logging_mixin.py:190} INFO - [2025-03-06T11:13:00.776+0000] {dag.py:4180} INFO - Setting next_dagrun for example_complex to None, run_after=None
[2025-03-06T11:13:00.794+0000] {processor.py:208} INFO - Processing /home/airflow/.local/lib/python3.12/site-packages/airflow/example_dags/example_complex.py took 0.075 seconds
[2025-03-06T11:13:30.948+0000] {processor.py:186} INFO - Started process (PID=1828) to work on /home/airflow/.local/lib/python3.12/site-packages/airflow/example_dags/example_complex.py
[2025-03-06T11:13:30.949+0000] {processor.py:914} INFO - Processing file /home/airflow/.local/lib/python3.12/site-packages/airflow/example_dags/example_complex.py for tasks to queue
[2025-03-06T11:13:30.951+0000] {logging_mixin.py:190} INFO - [2025-03-06T11:13:30.950+0000] {dagbag.py:588} INFO - Filling up the DagBag from /home/airflow/.local/lib/python3.12/site-packages/airflow/example_dags/example_complex.py
[2025-03-06T11:13:30.963+0000] {processor.py:925} INFO - DAG(s) 'example_complex' retrieved from /home/airflow/.local/lib/python3.12/site-packages/airflow/example_dags/example_complex.py
[2025-03-06T11:13:30.994+0000] {logging_mixin.py:190} INFO - [2025-03-06T11:13:30.993+0000] {dag.py:3239} INFO - Sync 1 DAGs
[2025-03-06T11:13:31.008+0000] {logging_mixin.py:190} INFO - [2025-03-06T11:13:31.008+0000] {dag.py:4180} INFO - Setting next_dagrun for example_complex to None, run_after=None
[2025-03-06T11:13:31.028+0000] {processor.py:208} INFO - Processing /home/airflow/.local/lib/python3.12/site-packages/airflow/example_dags/example_complex.py took 0.085 seconds
[2025-03-06T11:14:01.293+0000] {processor.py:186} INFO - Started process (PID=1903) to work on /home/airflow/.local/lib/python3.12/site-packages/airflow/example_dags/example_complex.py
[2025-03-06T11:14:01.294+0000] {processor.py:914} INFO - Processing file /home/airflow/.local/lib/python3.12/site-packages/airflow/example_dags/example_complex.py for tasks to queue
[2025-03-06T11:14:01.296+0000] {logging_mixin.py:190} INFO - [2025-03-06T11:14:01.296+0000] {dagbag.py:588} INFO - Filling up the DagBag from /home/airflow/.local/lib/python3.12/site-packages/airflow/example_dags/example_complex.py
[2025-03-06T11:14:01.309+0000] {processor.py:925} INFO - DAG(s) 'example_complex' retrieved from /home/airflow/.local/lib/python3.12/site-packages/airflow/example_dags/example_complex.py
[2025-03-06T11:14:01.342+0000] {logging_mixin.py:190} INFO - [2025-03-06T11:14:01.342+0000] {dag.py:3239} INFO - Sync 1 DAGs
[2025-03-06T11:14:01.359+0000] {logging_mixin.py:190} INFO - [2025-03-06T11:14:01.359+0000] {dag.py:4180} INFO - Setting next_dagrun for example_complex to None, run_after=None
[2025-03-06T11:14:01.378+0000] {processor.py:208} INFO - Processing /home/airflow/.local/lib/python3.12/site-packages/airflow/example_dags/example_complex.py took 0.091 seconds
[2025-03-06T11:14:31.706+0000] {processor.py:186} INFO - Started process (PID=1978) to work on /home/airflow/.local/lib/python3.12/site-packages/airflow/example_dags/example_complex.py
[2025-03-06T11:14:31.708+0000] {processor.py:914} INFO - Processing file /home/airflow/.local/lib/python3.12/site-packages/airflow/example_dags/example_complex.py for tasks to queue
[2025-03-06T11:14:31.709+0000] {logging_mixin.py:190} INFO - [2025-03-06T11:14:31.709+0000] {dagbag.py:588} INFO - Filling up the DagBag from /home/airflow/.local/lib/python3.12/site-packages/airflow/example_dags/example_complex.py
[2025-03-06T11:14:31.723+0000] {processor.py:925} INFO - DAG(s) 'example_complex' retrieved from /home/airflow/.local/lib/python3.12/site-packages/airflow/example_dags/example_complex.py
[2025-03-06T11:14:31.762+0000] {logging_mixin.py:190} INFO - [2025-03-06T11:14:31.762+0000] {dag.py:3239} INFO - Sync 1 DAGs
[2025-03-06T11:14:31.780+0000] {logging_mixin.py:190} INFO - [2025-03-06T11:14:31.780+0000] {dag.py:4180} INFO - Setting next_dagrun for example_complex to None, run_after=None
[2025-03-06T11:14:31.808+0000] {processor.py:208} INFO - Processing /home/airflow/.local/lib/python3.12/site-packages/airflow/example_dags/example_complex.py took 0.108 seconds
[2025-03-06T11:15:02.086+0000] {processor.py:186} INFO - Started process (PID=2052) to work on /home/airflow/.local/lib/python3.12/site-packages/airflow/example_dags/example_complex.py
[2025-03-06T11:15:02.087+0000] {processor.py:914} INFO - Processing file /home/airflow/.local/lib/python3.12/site-packages/airflow/example_dags/example_complex.py for tasks to queue
[2025-03-06T11:15:02.089+0000] {logging_mixin.py:190} INFO - [2025-03-06T11:15:02.088+0000] {dagbag.py:588} INFO - Filling up the DagBag from /home/airflow/.local/lib/python3.12/site-packages/airflow/example_dags/example_complex.py
[2025-03-06T11:15:02.101+0000] {processor.py:925} INFO - DAG(s) 'example_complex' retrieved from /home/airflow/.local/lib/python3.12/site-packages/airflow/example_dags/example_complex.py
[2025-03-06T11:15:02.130+0000] {logging_mixin.py:190} INFO - [2025-03-06T11:15:02.130+0000] {dag.py:3239} INFO - Sync 1 DAGs
[2025-03-06T11:15:02.145+0000] {logging_mixin.py:190} INFO - [2025-03-06T11:15:02.145+0000] {dag.py:4180} INFO - Setting next_dagrun for example_complex to None, run_after=None
[2025-03-06T11:15:02.172+0000] {processor.py:208} INFO - Processing /home/airflow/.local/lib/python3.12/site-packages/airflow/example_dags/example_complex.py took 0.091 seconds
[2025-03-06T11:15:32.424+0000] {processor.py:186} INFO - Started process (PID=2126) to work on /home/airflow/.local/lib/python3.12/site-packages/airflow/example_dags/example_complex.py
[2025-03-06T11:15:32.425+0000] {processor.py:914} INFO - Processing file /home/airflow/.local/lib/python3.12/site-packages/airflow/example_dags/example_complex.py for tasks to queue
[2025-03-06T11:15:32.426+0000] {logging_mixin.py:190} INFO - [2025-03-06T11:15:32.426+0000] {dagbag.py:588} INFO - Filling up the DagBag from /home/airflow/.local/lib/python3.12/site-packages/airflow/example_dags/example_complex.py
[2025-03-06T11:15:32.437+0000] {processor.py:925} INFO - DAG(s) 'example_complex' retrieved from /home/airflow/.local/lib/python3.12/site-packages/airflow/example_dags/example_complex.py
[2025-03-06T11:15:32.463+0000] {logging_mixin.py:190} INFO - [2025-03-06T11:15:32.462+0000] {dag.py:3239} INFO - Sync 1 DAGs
[2025-03-06T11:15:32.475+0000] {logging_mixin.py:190} INFO - [2025-03-06T11:15:32.475+0000] {dag.py:4180} INFO - Setting next_dagrun for example_complex to None, run_after=None
[2025-03-06T11:15:32.493+0000] {processor.py:208} INFO - Processing /home/airflow/.local/lib/python3.12/site-packages/airflow/example_dags/example_complex.py took 0.074 seconds
[2025-03-06T11:16:03.391+0000] {processor.py:186} INFO - Started process (PID=2201) to work on /home/airflow/.local/lib/python3.12/site-packages/airflow/example_dags/example_complex.py
[2025-03-06T11:16:03.392+0000] {processor.py:914} INFO - Processing file /home/airflow/.local/lib/python3.12/site-packages/airflow/example_dags/example_complex.py for tasks to queue
[2025-03-06T11:16:03.393+0000] {logging_mixin.py:190} INFO - [2025-03-06T11:16:03.393+0000] {dagbag.py:588} INFO - Filling up the DagBag from /home/airflow/.local/lib/python3.12/site-packages/airflow/example_dags/example_complex.py
[2025-03-06T11:16:03.403+0000] {processor.py:925} INFO - DAG(s) 'example_complex' retrieved from /home/airflow/.local/lib/python3.12/site-packages/airflow/example_dags/example_complex.py
[2025-03-06T11:16:03.430+0000] {logging_mixin.py:190} INFO - [2025-03-06T11:16:03.430+0000] {dag.py:3239} INFO - Sync 1 DAGs
[2025-03-06T11:16:03.443+0000] {logging_mixin.py:190} INFO - [2025-03-06T11:16:03.443+0000] {dag.py:4180} INFO - Setting next_dagrun for example_complex to None, run_after=None
[2025-03-06T11:16:03.458+0000] {processor.py:208} INFO - Processing /home/airflow/.local/lib/python3.12/site-packages/airflow/example_dags/example_complex.py took 0.072 seconds
[2025-03-06T11:16:33.855+0000] {processor.py:186} INFO - Started process (PID=2276) to work on /home/airflow/.local/lib/python3.12/site-packages/airflow/example_dags/example_complex.py
[2025-03-06T11:16:33.856+0000] {processor.py:914} INFO - Processing file /home/airflow/.local/lib/python3.12/site-packages/airflow/example_dags/example_complex.py for tasks to queue
[2025-03-06T11:16:33.857+0000] {logging_mixin.py:190} INFO - [2025-03-06T11:16:33.857+0000] {dagbag.py:588} INFO - Filling up the DagBag from /home/airflow/.local/lib/python3.12/site-packages/airflow/example_dags/example_complex.py
[2025-03-06T11:16:33.868+0000] {processor.py:925} INFO - DAG(s) 'example_complex' retrieved from /home/airflow/.local/lib/python3.12/site-packages/airflow/example_dags/example_complex.py
[2025-03-06T11:16:33.897+0000] {logging_mixin.py:190} INFO - [2025-03-06T11:16:33.897+0000] {dag.py:3239} INFO - Sync 1 DAGs
[2025-03-06T11:16:33.912+0000] {logging_mixin.py:190} INFO - [2025-03-06T11:16:33.912+0000] {dag.py:4180} INFO - Setting next_dagrun for example_complex to None, run_after=None
[2025-03-06T11:16:33.932+0000] {processor.py:208} INFO - Processing /home/airflow/.local/lib/python3.12/site-packages/airflow/example_dags/example_complex.py took 0.082 seconds
[2025-03-06T11:17:04.708+0000] {processor.py:186} INFO - Started process (PID=2351) to work on /home/airflow/.local/lib/python3.12/site-packages/airflow/example_dags/example_complex.py
[2025-03-06T11:17:04.709+0000] {processor.py:914} INFO - Processing file /home/airflow/.local/lib/python3.12/site-packages/airflow/example_dags/example_complex.py for tasks to queue
[2025-03-06T11:17:04.711+0000] {logging_mixin.py:190} INFO - [2025-03-06T11:17:04.710+0000] {dagbag.py:588} INFO - Filling up the DagBag from /home/airflow/.local/lib/python3.12/site-packages/airflow/example_dags/example_complex.py
[2025-03-06T11:17:04.724+0000] {processor.py:925} INFO - DAG(s) 'example_complex' retrieved from /home/airflow/.local/lib/python3.12/site-packages/airflow/example_dags/example_complex.py
[2025-03-06T11:17:04.760+0000] {logging_mixin.py:190} INFO - [2025-03-06T11:17:04.760+0000] {dag.py:3239} INFO - Sync 1 DAGs
[2025-03-06T11:17:04.783+0000] {logging_mixin.py:190} INFO - [2025-03-06T11:17:04.783+0000] {dag.py:4180} INFO - Setting next_dagrun for example_complex to None, run_after=None
[2025-03-06T11:17:04.811+0000] {processor.py:208} INFO - Processing /home/airflow/.local/lib/python3.12/site-packages/airflow/example_dags/example_complex.py took 0.110 seconds
[2025-03-06T11:17:35.324+0000] {processor.py:186} INFO - Started process (PID=2417) to work on /home/airflow/.local/lib/python3.12/site-packages/airflow/example_dags/example_complex.py
[2025-03-06T11:17:35.325+0000] {processor.py:914} INFO - Processing file /home/airflow/.local/lib/python3.12/site-packages/airflow/example_dags/example_complex.py for tasks to queue
[2025-03-06T11:17:35.326+0000] {logging_mixin.py:190} INFO - [2025-03-06T11:17:35.326+0000] {dagbag.py:588} INFO - Filling up the DagBag from /home/airflow/.local/lib/python3.12/site-packages/airflow/example_dags/example_complex.py
[2025-03-06T11:17:35.336+0000] {processor.py:925} INFO - DAG(s) 'example_complex' retrieved from /home/airflow/.local/lib/python3.12/site-packages/airflow/example_dags/example_complex.py
[2025-03-06T11:17:35.360+0000] {logging_mixin.py:190} INFO - [2025-03-06T11:17:35.360+0000] {dag.py:3239} INFO - Sync 1 DAGs
[2025-03-06T11:17:35.372+0000] {logging_mixin.py:190} INFO - [2025-03-06T11:17:35.372+0000] {dag.py:4180} INFO - Setting next_dagrun for example_complex to None, run_after=None
[2025-03-06T11:17:35.387+0000] {processor.py:208} INFO - Processing /home/airflow/.local/lib/python3.12/site-packages/airflow/example_dags/example_complex.py took 0.068 seconds
[2025-03-06T11:18:06.613+0000] {processor.py:186} INFO - Started process (PID=2484) to work on /home/airflow/.local/lib/python3.12/site-packages/airflow/example_dags/example_complex.py
[2025-03-06T11:18:06.615+0000] {processor.py:914} INFO - Processing file /home/airflow/.local/lib/python3.12/site-packages/airflow/example_dags/example_complex.py for tasks to queue
[2025-03-06T11:18:06.617+0000] {logging_mixin.py:190} INFO - [2025-03-06T11:18:06.616+0000] {dagbag.py:588} INFO - Filling up the DagBag from /home/airflow/.local/lib/python3.12/site-packages/airflow/example_dags/example_complex.py
[2025-03-06T11:18:06.630+0000] {processor.py:925} INFO - DAG(s) 'example_complex' retrieved from /home/airflow/.local/lib/python3.12/site-packages/airflow/example_dags/example_complex.py
[2025-03-06T11:18:06.680+0000] {logging_mixin.py:190} INFO - [2025-03-06T11:18:06.680+0000] {dag.py:3239} INFO - Sync 1 DAGs
[2025-03-06T11:18:06.699+0000] {logging_mixin.py:190} INFO - [2025-03-06T11:18:06.699+0000] {dag.py:4180} INFO - Setting next_dagrun for example_complex to None, run_after=None
[2025-03-06T11:18:06.720+0000] {processor.py:208} INFO - Processing /home/airflow/.local/lib/python3.12/site-packages/airflow/example_dags/example_complex.py took 0.112 seconds
[2025-03-06T11:18:38.026+0000] {processor.py:186} INFO - Started process (PID=2559) to work on /home/airflow/.local/lib/python3.12/site-packages/airflow/example_dags/example_complex.py
[2025-03-06T11:18:38.027+0000] {processor.py:914} INFO - Processing file /home/airflow/.local/lib/python3.12/site-packages/airflow/example_dags/example_complex.py for tasks to queue
[2025-03-06T11:18:38.029+0000] {logging_mixin.py:190} INFO - [2025-03-06T11:18:38.028+0000] {dagbag.py:588} INFO - Filling up the DagBag from /home/airflow/.local/lib/python3.12/site-packages/airflow/example_dags/example_complex.py
[2025-03-06T11:18:38.039+0000] {processor.py:925} INFO - DAG(s) 'example_complex' retrieved from /home/airflow/.local/lib/python3.12/site-packages/airflow/example_dags/example_complex.py
[2025-03-06T11:18:38.063+0000] {logging_mixin.py:190} INFO - [2025-03-06T11:18:38.063+0000] {dag.py:3239} INFO - Sync 1 DAGs
[2025-03-06T11:18:38.075+0000] {logging_mixin.py:190} INFO - [2025-03-06T11:18:38.074+0000] {dag.py:4180} INFO - Setting next_dagrun for example_complex to None, run_after=None
[2025-03-06T11:18:38.089+0000] {processor.py:208} INFO - Processing /home/airflow/.local/lib/python3.12/site-packages/airflow/example_dags/example_complex.py took 0.068 seconds
