[2025-03-06T04:34:25.883+0000] {processor.py:186} INFO - Started process (PID=14357) to work on /home/airflow/.local/lib/python3.12/site-packages/airflow/example_dags/example_external_task_marker_dag.py
[2025-03-06T04:34:25.884+0000] {processor.py:914} INFO - Processing file /home/airflow/.local/lib/python3.12/site-packages/airflow/example_dags/example_external_task_marker_dag.py for tasks to queue
[2025-03-06T04:34:25.889+0000] {logging_mixin.py:190} INFO - [2025-03-06T04:34:25.888+0000] {dagbag.py:588} INFO - Filling up the DagBag from /home/airflow/.local/lib/python3.12/site-packages/airflow/example_dags/example_external_task_marker_dag.py
[2025-03-06T04:34:25.913+0000] {processor.py:925} INFO - DAG(s) 'example_external_task_marker_parent', 'example_external_task_marker_child' retrieved from /home/airflow/.local/lib/python3.12/site-packages/airflow/example_dags/example_external_task_marker_dag.py
[2025-03-06T04:34:25.961+0000] {logging_mixin.py:190} INFO - [2025-03-06T04:34:25.960+0000] {dag.py:3239} INFO - Sync 2 DAGs
[2025-03-06T04:34:25.988+0000] {logging_mixin.py:190} INFO - [2025-03-06T04:34:25.988+0000] {dag.py:4180} INFO - Setting next_dagrun for example_external_task_marker_child to None, run_after=None
[2025-03-06T04:34:25.995+0000] {logging_mixin.py:190} INFO - [2025-03-06T04:34:25.995+0000] {dag.py:4180} INFO - Setting next_dagrun for example_external_task_marker_parent to None, run_after=None
[2025-03-06T04:34:26.143+0000] {processor.py:208} INFO - Processing /home/airflow/.local/lib/python3.12/site-packages/airflow/example_dags/example_external_task_marker_dag.py took 0.270 seconds
[2025-03-06T04:34:56.911+0000] {processor.py:186} INFO - Started process (PID=14432) to work on /home/airflow/.local/lib/python3.12/site-packages/airflow/example_dags/example_external_task_marker_dag.py
[2025-03-06T04:34:56.913+0000] {processor.py:914} INFO - Processing file /home/airflow/.local/lib/python3.12/site-packages/airflow/example_dags/example_external_task_marker_dag.py for tasks to queue
[2025-03-06T04:34:56.917+0000] {logging_mixin.py:190} INFO - [2025-03-06T04:34:56.917+0000] {dagbag.py:588} INFO - Filling up the DagBag from /home/airflow/.local/lib/python3.12/site-packages/airflow/example_dags/example_external_task_marker_dag.py
[2025-03-06T04:34:56.929+0000] {processor.py:925} INFO - DAG(s) 'example_external_task_marker_parent', 'example_external_task_marker_child' retrieved from /home/airflow/.local/lib/python3.12/site-packages/airflow/example_dags/example_external_task_marker_dag.py
[2025-03-06T04:34:56.964+0000] {logging_mixin.py:190} INFO - [2025-03-06T04:34:56.963+0000] {dag.py:3239} INFO - Sync 2 DAGs
[2025-03-06T04:34:56.986+0000] {logging_mixin.py:190} INFO - [2025-03-06T04:34:56.985+0000] {dag.py:4180} INFO - Setting next_dagrun for example_external_task_marker_child to None, run_after=None
[2025-03-06T04:34:56.992+0000] {logging_mixin.py:190} INFO - [2025-03-06T04:34:56.992+0000] {dag.py:4180} INFO - Setting next_dagrun for example_external_task_marker_parent to None, run_after=None
[2025-03-06T04:34:57.017+0000] {processor.py:208} INFO - Processing /home/airflow/.local/lib/python3.12/site-packages/airflow/example_dags/example_external_task_marker_dag.py took 0.114 seconds
[2025-03-06T04:35:27.322+0000] {processor.py:186} INFO - Started process (PID=14506) to work on /home/airflow/.local/lib/python3.12/site-packages/airflow/example_dags/example_external_task_marker_dag.py
[2025-03-06T04:35:27.323+0000] {processor.py:914} INFO - Processing file /home/airflow/.local/lib/python3.12/site-packages/airflow/example_dags/example_external_task_marker_dag.py for tasks to queue
[2025-03-06T04:35:27.325+0000] {logging_mixin.py:190} INFO - [2025-03-06T04:35:27.325+0000] {dagbag.py:588} INFO - Filling up the DagBag from /home/airflow/.local/lib/python3.12/site-packages/airflow/example_dags/example_external_task_marker_dag.py
[2025-03-06T04:35:27.331+0000] {processor.py:925} INFO - DAG(s) 'example_external_task_marker_child', 'example_external_task_marker_parent' retrieved from /home/airflow/.local/lib/python3.12/site-packages/airflow/example_dags/example_external_task_marker_dag.py
[2025-03-06T04:35:27.356+0000] {logging_mixin.py:190} INFO - [2025-03-06T04:35:27.356+0000] {dag.py:3239} INFO - Sync 2 DAGs
[2025-03-06T04:35:27.369+0000] {logging_mixin.py:190} INFO - [2025-03-06T04:35:27.369+0000] {dag.py:4180} INFO - Setting next_dagrun for example_external_task_marker_child to None, run_after=None
[2025-03-06T04:35:27.373+0000] {logging_mixin.py:190} INFO - [2025-03-06T04:35:27.373+0000] {dag.py:4180} INFO - Setting next_dagrun for example_external_task_marker_parent to None, run_after=None
[2025-03-06T04:35:27.391+0000] {processor.py:208} INFO - Processing /home/airflow/.local/lib/python3.12/site-packages/airflow/example_dags/example_external_task_marker_dag.py took 0.075 seconds
[2025-03-06T04:35:57.729+0000] {processor.py:186} INFO - Started process (PID=14569) to work on /home/airflow/.local/lib/python3.12/site-packages/airflow/example_dags/example_external_task_marker_dag.py
[2025-03-06T04:35:57.731+0000] {processor.py:914} INFO - Processing file /home/airflow/.local/lib/python3.12/site-packages/airflow/example_dags/example_external_task_marker_dag.py for tasks to queue
[2025-03-06T04:35:57.736+0000] {logging_mixin.py:190} INFO - [2025-03-06T04:35:57.736+0000] {dagbag.py:588} INFO - Filling up the DagBag from /home/airflow/.local/lib/python3.12/site-packages/airflow/example_dags/example_external_task_marker_dag.py
[2025-03-06T04:35:57.752+0000] {processor.py:925} INFO - DAG(s) 'example_external_task_marker_parent', 'example_external_task_marker_child' retrieved from /home/airflow/.local/lib/python3.12/site-packages/airflow/example_dags/example_external_task_marker_dag.py
[2025-03-06T04:35:57.788+0000] {logging_mixin.py:190} INFO - [2025-03-06T04:35:57.788+0000] {dag.py:3239} INFO - Sync 2 DAGs
[2025-03-06T04:35:57.807+0000] {logging_mixin.py:190} INFO - [2025-03-06T04:35:57.806+0000] {dag.py:4180} INFO - Setting next_dagrun for example_external_task_marker_child to None, run_after=None
[2025-03-06T04:35:57.812+0000] {logging_mixin.py:190} INFO - [2025-03-06T04:35:57.812+0000] {dag.py:4180} INFO - Setting next_dagrun for example_external_task_marker_parent to None, run_after=None
[2025-03-06T04:35:57.847+0000] {processor.py:208} INFO - Processing /home/airflow/.local/lib/python3.12/site-packages/airflow/example_dags/example_external_task_marker_dag.py took 0.128 seconds
[2025-03-06T04:36:28.034+0000] {processor.py:186} INFO - Started process (PID=14644) to work on /home/airflow/.local/lib/python3.12/site-packages/airflow/example_dags/example_external_task_marker_dag.py
[2025-03-06T04:36:28.036+0000] {processor.py:914} INFO - Processing file /home/airflow/.local/lib/python3.12/site-packages/airflow/example_dags/example_external_task_marker_dag.py for tasks to queue
[2025-03-06T04:36:28.040+0000] {logging_mixin.py:190} INFO - [2025-03-06T04:36:28.039+0000] {dagbag.py:588} INFO - Filling up the DagBag from /home/airflow/.local/lib/python3.12/site-packages/airflow/example_dags/example_external_task_marker_dag.py
[2025-03-06T04:36:28.050+0000] {processor.py:925} INFO - DAG(s) 'example_external_task_marker_parent', 'example_external_task_marker_child' retrieved from /home/airflow/.local/lib/python3.12/site-packages/airflow/example_dags/example_external_task_marker_dag.py
[2025-03-06T04:36:28.083+0000] {logging_mixin.py:190} INFO - [2025-03-06T04:36:28.082+0000] {dag.py:3239} INFO - Sync 2 DAGs
[2025-03-06T04:36:28.103+0000] {logging_mixin.py:190} INFO - [2025-03-06T04:36:28.102+0000] {dag.py:4180} INFO - Setting next_dagrun for example_external_task_marker_child to None, run_after=None
[2025-03-06T04:36:28.110+0000] {logging_mixin.py:190} INFO - [2025-03-06T04:36:28.110+0000] {dag.py:4180} INFO - Setting next_dagrun for example_external_task_marker_parent to None, run_after=None
[2025-03-06T04:36:28.134+0000] {processor.py:208} INFO - Processing /home/airflow/.local/lib/python3.12/site-packages/airflow/example_dags/example_external_task_marker_dag.py took 0.107 seconds
[2025-03-06T04:36:58.707+0000] {processor.py:186} INFO - Started process (PID=14720) to work on /home/airflow/.local/lib/python3.12/site-packages/airflow/example_dags/example_external_task_marker_dag.py
[2025-03-06T04:36:58.708+0000] {processor.py:914} INFO - Processing file /home/airflow/.local/lib/python3.12/site-packages/airflow/example_dags/example_external_task_marker_dag.py for tasks to queue
[2025-03-06T04:36:58.710+0000] {logging_mixin.py:190} INFO - [2025-03-06T04:36:58.710+0000] {dagbag.py:588} INFO - Filling up the DagBag from /home/airflow/.local/lib/python3.12/site-packages/airflow/example_dags/example_external_task_marker_dag.py
[2025-03-06T04:36:58.717+0000] {processor.py:925} INFO - DAG(s) 'example_external_task_marker_child', 'example_external_task_marker_parent' retrieved from /home/airflow/.local/lib/python3.12/site-packages/airflow/example_dags/example_external_task_marker_dag.py
[2025-03-06T04:36:58.738+0000] {logging_mixin.py:190} INFO - [2025-03-06T04:36:58.738+0000] {dag.py:3239} INFO - Sync 2 DAGs
[2025-03-06T04:36:58.750+0000] {logging_mixin.py:190} INFO - [2025-03-06T04:36:58.750+0000] {dag.py:4180} INFO - Setting next_dagrun for example_external_task_marker_child to None, run_after=None
[2025-03-06T04:36:58.754+0000] {logging_mixin.py:190} INFO - [2025-03-06T04:36:58.754+0000] {dag.py:4180} INFO - Setting next_dagrun for example_external_task_marker_parent to None, run_after=None
[2025-03-06T04:36:58.769+0000] {processor.py:208} INFO - Processing /home/airflow/.local/lib/python3.12/site-packages/airflow/example_dags/example_external_task_marker_dag.py took 0.067 seconds
[2025-03-06T04:37:29.191+0000] {processor.py:186} INFO - Started process (PID=14795) to work on /home/airflow/.local/lib/python3.12/site-packages/airflow/example_dags/example_external_task_marker_dag.py
[2025-03-06T04:37:29.192+0000] {processor.py:914} INFO - Processing file /home/airflow/.local/lib/python3.12/site-packages/airflow/example_dags/example_external_task_marker_dag.py for tasks to queue
[2025-03-06T04:37:29.194+0000] {logging_mixin.py:190} INFO - [2025-03-06T04:37:29.194+0000] {dagbag.py:588} INFO - Filling up the DagBag from /home/airflow/.local/lib/python3.12/site-packages/airflow/example_dags/example_external_task_marker_dag.py
[2025-03-06T04:37:29.201+0000] {processor.py:925} INFO - DAG(s) 'example_external_task_marker_parent', 'example_external_task_marker_child' retrieved from /home/airflow/.local/lib/python3.12/site-packages/airflow/example_dags/example_external_task_marker_dag.py
[2025-03-06T04:37:29.220+0000] {logging_mixin.py:190} INFO - [2025-03-06T04:37:29.220+0000] {dag.py:3239} INFO - Sync 2 DAGs
[2025-03-06T04:37:29.234+0000] {logging_mixin.py:190} INFO - [2025-03-06T04:37:29.233+0000] {dag.py:4180} INFO - Setting next_dagrun for example_external_task_marker_child to None, run_after=None
[2025-03-06T04:37:29.238+0000] {logging_mixin.py:190} INFO - [2025-03-06T04:37:29.237+0000] {dag.py:4180} INFO - Setting next_dagrun for example_external_task_marker_parent to None, run_after=None
[2025-03-06T04:37:29.254+0000] {processor.py:208} INFO - Processing /home/airflow/.local/lib/python3.12/site-packages/airflow/example_dags/example_external_task_marker_dag.py took 0.068 seconds
[2025-03-06T04:37:59.873+0000] {processor.py:186} INFO - Started process (PID=14869) to work on /home/airflow/.local/lib/python3.12/site-packages/airflow/example_dags/example_external_task_marker_dag.py
[2025-03-06T04:37:59.874+0000] {processor.py:914} INFO - Processing file /home/airflow/.local/lib/python3.12/site-packages/airflow/example_dags/example_external_task_marker_dag.py for tasks to queue
[2025-03-06T04:37:59.876+0000] {logging_mixin.py:190} INFO - [2025-03-06T04:37:59.876+0000] {dagbag.py:588} INFO - Filling up the DagBag from /home/airflow/.local/lib/python3.12/site-packages/airflow/example_dags/example_external_task_marker_dag.py
[2025-03-06T04:37:59.883+0000] {processor.py:925} INFO - DAG(s) 'example_external_task_marker_parent', 'example_external_task_marker_child' retrieved from /home/airflow/.local/lib/python3.12/site-packages/airflow/example_dags/example_external_task_marker_dag.py
[2025-03-06T04:37:59.913+0000] {logging_mixin.py:190} INFO - [2025-03-06T04:37:59.913+0000] {dag.py:3239} INFO - Sync 2 DAGs
[2025-03-06T04:37:59.926+0000] {logging_mixin.py:190} INFO - [2025-03-06T04:37:59.926+0000] {dag.py:4180} INFO - Setting next_dagrun for example_external_task_marker_child to None, run_after=None
[2025-03-06T04:37:59.930+0000] {logging_mixin.py:190} INFO - [2025-03-06T04:37:59.930+0000] {dag.py:4180} INFO - Setting next_dagrun for example_external_task_marker_parent to None, run_after=None
[2025-03-06T04:37:59.946+0000] {processor.py:208} INFO - Processing /home/airflow/.local/lib/python3.12/site-packages/airflow/example_dags/example_external_task_marker_dag.py took 0.135 seconds
[2025-03-06T04:38:30.423+0000] {processor.py:186} INFO - Started process (PID=14944) to work on /home/airflow/.local/lib/python3.12/site-packages/airflow/example_dags/example_external_task_marker_dag.py
[2025-03-06T04:38:30.424+0000] {processor.py:914} INFO - Processing file /home/airflow/.local/lib/python3.12/site-packages/airflow/example_dags/example_external_task_marker_dag.py for tasks to queue
[2025-03-06T04:38:30.426+0000] {logging_mixin.py:190} INFO - [2025-03-06T04:38:30.426+0000] {dagbag.py:588} INFO - Filling up the DagBag from /home/airflow/.local/lib/python3.12/site-packages/airflow/example_dags/example_external_task_marker_dag.py
[2025-03-06T04:38:30.433+0000] {processor.py:925} INFO - DAG(s) 'example_external_task_marker_parent', 'example_external_task_marker_child' retrieved from /home/airflow/.local/lib/python3.12/site-packages/airflow/example_dags/example_external_task_marker_dag.py
[2025-03-06T04:38:30.453+0000] {logging_mixin.py:190} INFO - [2025-03-06T04:38:30.453+0000] {dag.py:3239} INFO - Sync 2 DAGs
[2025-03-06T04:38:30.468+0000] {logging_mixin.py:190} INFO - [2025-03-06T04:38:30.467+0000] {dag.py:4180} INFO - Setting next_dagrun for example_external_task_marker_child to None, run_after=None
[2025-03-06T04:38:30.472+0000] {logging_mixin.py:190} INFO - [2025-03-06T04:38:30.471+0000] {dag.py:4180} INFO - Setting next_dagrun for example_external_task_marker_parent to None, run_after=None
[2025-03-06T04:38:30.487+0000] {processor.py:208} INFO - Processing /home/airflow/.local/lib/python3.12/site-packages/airflow/example_dags/example_external_task_marker_dag.py took 0.069 seconds
[2025-03-06T04:39:00.816+0000] {processor.py:186} INFO - Started process (PID=15019) to work on /home/airflow/.local/lib/python3.12/site-packages/airflow/example_dags/example_external_task_marker_dag.py
[2025-03-06T04:39:00.817+0000] {processor.py:914} INFO - Processing file /home/airflow/.local/lib/python3.12/site-packages/airflow/example_dags/example_external_task_marker_dag.py for tasks to queue
[2025-03-06T04:39:00.819+0000] {logging_mixin.py:190} INFO - [2025-03-06T04:39:00.819+0000] {dagbag.py:588} INFO - Filling up the DagBag from /home/airflow/.local/lib/python3.12/site-packages/airflow/example_dags/example_external_task_marker_dag.py
[2025-03-06T04:39:00.826+0000] {processor.py:925} INFO - DAG(s) 'example_external_task_marker_child', 'example_external_task_marker_parent' retrieved from /home/airflow/.local/lib/python3.12/site-packages/airflow/example_dags/example_external_task_marker_dag.py
[2025-03-06T04:39:00.846+0000] {logging_mixin.py:190} INFO - [2025-03-06T04:39:00.846+0000] {dag.py:3239} INFO - Sync 2 DAGs
[2025-03-06T04:39:00.858+0000] {logging_mixin.py:190} INFO - [2025-03-06T04:39:00.858+0000] {dag.py:4180} INFO - Setting next_dagrun for example_external_task_marker_child to None, run_after=None
[2025-03-06T04:39:00.861+0000] {logging_mixin.py:190} INFO - [2025-03-06T04:39:00.861+0000] {dag.py:4180} INFO - Setting next_dagrun for example_external_task_marker_parent to None, run_after=None
[2025-03-06T04:39:00.878+0000] {processor.py:208} INFO - Processing /home/airflow/.local/lib/python3.12/site-packages/airflow/example_dags/example_external_task_marker_dag.py took 0.066 seconds
[2025-03-06T04:39:31.223+0000] {processor.py:186} INFO - Started process (PID=15094) to work on /home/airflow/.local/lib/python3.12/site-packages/airflow/example_dags/example_external_task_marker_dag.py
[2025-03-06T04:39:31.224+0000] {processor.py:914} INFO - Processing file /home/airflow/.local/lib/python3.12/site-packages/airflow/example_dags/example_external_task_marker_dag.py for tasks to queue
[2025-03-06T04:39:31.226+0000] {logging_mixin.py:190} INFO - [2025-03-06T04:39:31.226+0000] {dagbag.py:588} INFO - Filling up the DagBag from /home/airflow/.local/lib/python3.12/site-packages/airflow/example_dags/example_external_task_marker_dag.py
[2025-03-06T04:39:31.233+0000] {processor.py:925} INFO - DAG(s) 'example_external_task_marker_child', 'example_external_task_marker_parent' retrieved from /home/airflow/.local/lib/python3.12/site-packages/airflow/example_dags/example_external_task_marker_dag.py
[2025-03-06T04:39:31.252+0000] {logging_mixin.py:190} INFO - [2025-03-06T04:39:31.251+0000] {dag.py:3239} INFO - Sync 2 DAGs
[2025-03-06T04:39:31.264+0000] {logging_mixin.py:190} INFO - [2025-03-06T04:39:31.264+0000] {dag.py:4180} INFO - Setting next_dagrun for example_external_task_marker_child to None, run_after=None
[2025-03-06T04:39:31.267+0000] {logging_mixin.py:190} INFO - [2025-03-06T04:39:31.267+0000] {dag.py:4180} INFO - Setting next_dagrun for example_external_task_marker_parent to None, run_after=None
[2025-03-06T04:39:31.284+0000] {processor.py:208} INFO - Processing /home/airflow/.local/lib/python3.12/site-packages/airflow/example_dags/example_external_task_marker_dag.py took 0.066 seconds
[2025-03-06T04:40:01.449+0000] {processor.py:186} INFO - Started process (PID=15170) to work on /home/airflow/.local/lib/python3.12/site-packages/airflow/example_dags/example_external_task_marker_dag.py
[2025-03-06T04:40:01.452+0000] {processor.py:914} INFO - Processing file /home/airflow/.local/lib/python3.12/site-packages/airflow/example_dags/example_external_task_marker_dag.py for tasks to queue
[2025-03-06T04:40:01.455+0000] {logging_mixin.py:190} INFO - [2025-03-06T04:40:01.455+0000] {dagbag.py:588} INFO - Filling up the DagBag from /home/airflow/.local/lib/python3.12/site-packages/airflow/example_dags/example_external_task_marker_dag.py
[2025-03-06T04:40:01.462+0000] {processor.py:925} INFO - DAG(s) 'example_external_task_marker_parent', 'example_external_task_marker_child' retrieved from /home/airflow/.local/lib/python3.12/site-packages/airflow/example_dags/example_external_task_marker_dag.py
[2025-03-06T04:40:01.481+0000] {logging_mixin.py:190} INFO - [2025-03-06T04:40:01.481+0000] {dag.py:3239} INFO - Sync 2 DAGs
[2025-03-06T04:40:01.494+0000] {logging_mixin.py:190} INFO - [2025-03-06T04:40:01.494+0000] {dag.py:4180} INFO - Setting next_dagrun for example_external_task_marker_child to None, run_after=None
[2025-03-06T04:40:01.498+0000] {logging_mixin.py:190} INFO - [2025-03-06T04:40:01.498+0000] {dag.py:4180} INFO - Setting next_dagrun for example_external_task_marker_parent to None, run_after=None
[2025-03-06T04:40:01.511+0000] {processor.py:208} INFO - Processing /home/airflow/.local/lib/python3.12/site-packages/airflow/example_dags/example_external_task_marker_dag.py took 0.068 seconds
[2025-03-06T04:40:31.631+0000] {processor.py:186} INFO - Started process (PID=15245) to work on /home/airflow/.local/lib/python3.12/site-packages/airflow/example_dags/example_external_task_marker_dag.py
[2025-03-06T04:40:31.632+0000] {processor.py:914} INFO - Processing file /home/airflow/.local/lib/python3.12/site-packages/airflow/example_dags/example_external_task_marker_dag.py for tasks to queue
[2025-03-06T04:40:31.635+0000] {logging_mixin.py:190} INFO - [2025-03-06T04:40:31.634+0000] {dagbag.py:588} INFO - Filling up the DagBag from /home/airflow/.local/lib/python3.12/site-packages/airflow/example_dags/example_external_task_marker_dag.py
[2025-03-06T04:40:31.642+0000] {processor.py:925} INFO - DAG(s) 'example_external_task_marker_child', 'example_external_task_marker_parent' retrieved from /home/airflow/.local/lib/python3.12/site-packages/airflow/example_dags/example_external_task_marker_dag.py
[2025-03-06T04:40:31.664+0000] {logging_mixin.py:190} INFO - [2025-03-06T04:40:31.664+0000] {dag.py:3239} INFO - Sync 2 DAGs
[2025-03-06T04:40:31.676+0000] {logging_mixin.py:190} INFO - [2025-03-06T04:40:31.676+0000] {dag.py:4180} INFO - Setting next_dagrun for example_external_task_marker_child to None, run_after=None
[2025-03-06T04:40:31.681+0000] {logging_mixin.py:190} INFO - [2025-03-06T04:40:31.680+0000] {dag.py:4180} INFO - Setting next_dagrun for example_external_task_marker_parent to None, run_after=None
[2025-03-06T04:40:31.700+0000] {processor.py:208} INFO - Processing /home/airflow/.local/lib/python3.12/site-packages/airflow/example_dags/example_external_task_marker_dag.py took 0.075 seconds
[2025-03-06T04:41:02.574+0000] {processor.py:186} INFO - Started process (PID=15320) to work on /home/airflow/.local/lib/python3.12/site-packages/airflow/example_dags/example_external_task_marker_dag.py
[2025-03-06T04:41:02.575+0000] {processor.py:914} INFO - Processing file /home/airflow/.local/lib/python3.12/site-packages/airflow/example_dags/example_external_task_marker_dag.py for tasks to queue
[2025-03-06T04:41:02.577+0000] {logging_mixin.py:190} INFO - [2025-03-06T04:41:02.577+0000] {dagbag.py:588} INFO - Filling up the DagBag from /home/airflow/.local/lib/python3.12/site-packages/airflow/example_dags/example_external_task_marker_dag.py
[2025-03-06T04:41:02.584+0000] {processor.py:925} INFO - DAG(s) 'example_external_task_marker_parent', 'example_external_task_marker_child' retrieved from /home/airflow/.local/lib/python3.12/site-packages/airflow/example_dags/example_external_task_marker_dag.py
[2025-03-06T04:41:02.606+0000] {logging_mixin.py:190} INFO - [2025-03-06T04:41:02.606+0000] {dag.py:3239} INFO - Sync 2 DAGs
[2025-03-06T04:41:02.618+0000] {logging_mixin.py:190} INFO - [2025-03-06T04:41:02.617+0000] {dag.py:4180} INFO - Setting next_dagrun for example_external_task_marker_child to None, run_after=None
[2025-03-06T04:41:02.622+0000] {logging_mixin.py:190} INFO - [2025-03-06T04:41:02.622+0000] {dag.py:4180} INFO - Setting next_dagrun for example_external_task_marker_parent to None, run_after=None
[2025-03-06T04:41:02.638+0000] {processor.py:208} INFO - Processing /home/airflow/.local/lib/python3.12/site-packages/airflow/example_dags/example_external_task_marker_dag.py took 0.069 seconds
[2025-03-06T04:41:32.761+0000] {processor.py:186} INFO - Started process (PID=15395) to work on /home/airflow/.local/lib/python3.12/site-packages/airflow/example_dags/example_external_task_marker_dag.py
[2025-03-06T04:41:32.762+0000] {processor.py:914} INFO - Processing file /home/airflow/.local/lib/python3.12/site-packages/airflow/example_dags/example_external_task_marker_dag.py for tasks to queue
[2025-03-06T04:41:32.765+0000] {logging_mixin.py:190} INFO - [2025-03-06T04:41:32.765+0000] {dagbag.py:588} INFO - Filling up the DagBag from /home/airflow/.local/lib/python3.12/site-packages/airflow/example_dags/example_external_task_marker_dag.py
[2025-03-06T04:41:32.774+0000] {processor.py:925} INFO - DAG(s) 'example_external_task_marker_parent', 'example_external_task_marker_child' retrieved from /home/airflow/.local/lib/python3.12/site-packages/airflow/example_dags/example_external_task_marker_dag.py
[2025-03-06T04:41:32.798+0000] {logging_mixin.py:190} INFO - [2025-03-06T04:41:32.798+0000] {dag.py:3239} INFO - Sync 2 DAGs
[2025-03-06T04:41:32.813+0000] {logging_mixin.py:190} INFO - [2025-03-06T04:41:32.813+0000] {dag.py:4180} INFO - Setting next_dagrun for example_external_task_marker_child to None, run_after=None
[2025-03-06T04:41:32.819+0000] {logging_mixin.py:190} INFO - [2025-03-06T04:41:32.819+0000] {dag.py:4180} INFO - Setting next_dagrun for example_external_task_marker_parent to None, run_after=None
[2025-03-06T04:41:32.840+0000] {processor.py:208} INFO - Processing /home/airflow/.local/lib/python3.12/site-packages/airflow/example_dags/example_external_task_marker_dag.py took 0.084 seconds
[2025-03-06T04:42:03.009+0000] {processor.py:186} INFO - Started process (PID=15470) to work on /home/airflow/.local/lib/python3.12/site-packages/airflow/example_dags/example_external_task_marker_dag.py
[2025-03-06T04:42:03.010+0000] {processor.py:914} INFO - Processing file /home/airflow/.local/lib/python3.12/site-packages/airflow/example_dags/example_external_task_marker_dag.py for tasks to queue
[2025-03-06T04:42:03.012+0000] {logging_mixin.py:190} INFO - [2025-03-06T04:42:03.012+0000] {dagbag.py:588} INFO - Filling up the DagBag from /home/airflow/.local/lib/python3.12/site-packages/airflow/example_dags/example_external_task_marker_dag.py
[2025-03-06T04:42:03.019+0000] {processor.py:925} INFO - DAG(s) 'example_external_task_marker_child', 'example_external_task_marker_parent' retrieved from /home/airflow/.local/lib/python3.12/site-packages/airflow/example_dags/example_external_task_marker_dag.py
[2025-03-06T04:42:03.041+0000] {logging_mixin.py:190} INFO - [2025-03-06T04:42:03.041+0000] {dag.py:3239} INFO - Sync 2 DAGs
[2025-03-06T04:42:03.055+0000] {logging_mixin.py:190} INFO - [2025-03-06T04:42:03.055+0000] {dag.py:4180} INFO - Setting next_dagrun for example_external_task_marker_child to None, run_after=None
[2025-03-06T04:42:03.060+0000] {logging_mixin.py:190} INFO - [2025-03-06T04:42:03.060+0000] {dag.py:4180} INFO - Setting next_dagrun for example_external_task_marker_parent to None, run_after=None
[2025-03-06T04:42:03.082+0000] {processor.py:208} INFO - Processing /home/airflow/.local/lib/python3.12/site-packages/airflow/example_dags/example_external_task_marker_dag.py took 0.078 seconds
[2025-03-06T04:42:33.417+0000] {processor.py:186} INFO - Started process (PID=15545) to work on /home/airflow/.local/lib/python3.12/site-packages/airflow/example_dags/example_external_task_marker_dag.py
[2025-03-06T04:42:33.419+0000] {processor.py:914} INFO - Processing file /home/airflow/.local/lib/python3.12/site-packages/airflow/example_dags/example_external_task_marker_dag.py for tasks to queue
[2025-03-06T04:42:33.421+0000] {logging_mixin.py:190} INFO - [2025-03-06T04:42:33.421+0000] {dagbag.py:588} INFO - Filling up the DagBag from /home/airflow/.local/lib/python3.12/site-packages/airflow/example_dags/example_external_task_marker_dag.py
[2025-03-06T04:42:33.430+0000] {processor.py:925} INFO - DAG(s) 'example_external_task_marker_child', 'example_external_task_marker_parent' retrieved from /home/airflow/.local/lib/python3.12/site-packages/airflow/example_dags/example_external_task_marker_dag.py
[2025-03-06T04:42:33.449+0000] {logging_mixin.py:190} INFO - [2025-03-06T04:42:33.448+0000] {dag.py:3239} INFO - Sync 2 DAGs
[2025-03-06T04:42:33.462+0000] {logging_mixin.py:190} INFO - [2025-03-06T04:42:33.462+0000] {dag.py:4180} INFO - Setting next_dagrun for example_external_task_marker_child to None, run_after=None
[2025-03-06T04:42:33.465+0000] {logging_mixin.py:190} INFO - [2025-03-06T04:42:33.465+0000] {dag.py:4180} INFO - Setting next_dagrun for example_external_task_marker_parent to None, run_after=None
[2025-03-06T04:42:33.482+0000] {processor.py:208} INFO - Processing /home/airflow/.local/lib/python3.12/site-packages/airflow/example_dags/example_external_task_marker_dag.py took 0.069 seconds
[2025-03-06T11:01:02.362+0000] {processor.py:186} INFO - Started process (PID=112) to work on /home/airflow/.local/lib/python3.12/site-packages/airflow/example_dags/example_external_task_marker_dag.py
[2025-03-06T11:01:02.369+0000] {processor.py:914} INFO - Processing file /home/airflow/.local/lib/python3.12/site-packages/airflow/example_dags/example_external_task_marker_dag.py for tasks to queue
[2025-03-06T11:01:02.398+0000] {logging_mixin.py:190} INFO - [2025-03-06T11:01:02.393+0000] {dagbag.py:588} INFO - Filling up the DagBag from /home/airflow/.local/lib/python3.12/site-packages/airflow/example_dags/example_external_task_marker_dag.py
[2025-03-06T11:01:02.520+0000] {processor.py:925} INFO - DAG(s) 'example_external_task_marker_parent', 'example_external_task_marker_child' retrieved from /home/airflow/.local/lib/python3.12/site-packages/airflow/example_dags/example_external_task_marker_dag.py
[2025-03-06T11:01:02.684+0000] {logging_mixin.py:190} INFO - [2025-03-06T11:01:02.683+0000] {dag.py:3239} INFO - Sync 2 DAGs
[2025-03-06T11:01:02.776+0000] {logging_mixin.py:190} INFO - [2025-03-06T11:01:02.776+0000] {dag.py:4180} INFO - Setting next_dagrun for example_external_task_marker_child to None, run_after=None
[2025-03-06T11:01:02.785+0000] {logging_mixin.py:190} INFO - [2025-03-06T11:01:02.785+0000] {dag.py:4180} INFO - Setting next_dagrun for example_external_task_marker_parent to None, run_after=None
[2025-03-06T11:01:02.887+0000] {processor.py:208} INFO - Processing /home/airflow/.local/lib/python3.12/site-packages/airflow/example_dags/example_external_task_marker_dag.py took 0.628 seconds
[2025-03-06T11:01:33.820+0000] {processor.py:186} INFO - Started process (PID=186) to work on /home/airflow/.local/lib/python3.12/site-packages/airflow/example_dags/example_external_task_marker_dag.py
[2025-03-06T11:01:33.822+0000] {processor.py:914} INFO - Processing file /home/airflow/.local/lib/python3.12/site-packages/airflow/example_dags/example_external_task_marker_dag.py for tasks to queue
[2025-03-06T11:01:33.826+0000] {logging_mixin.py:190} INFO - [2025-03-06T11:01:33.825+0000] {dagbag.py:588} INFO - Filling up the DagBag from /home/airflow/.local/lib/python3.12/site-packages/airflow/example_dags/example_external_task_marker_dag.py
[2025-03-06T11:01:33.837+0000] {processor.py:925} INFO - DAG(s) 'example_external_task_marker_child', 'example_external_task_marker_parent' retrieved from /home/airflow/.local/lib/python3.12/site-packages/airflow/example_dags/example_external_task_marker_dag.py
[2025-03-06T11:01:33.872+0000] {logging_mixin.py:190} INFO - [2025-03-06T11:01:33.872+0000] {dag.py:3239} INFO - Sync 2 DAGs
[2025-03-06T11:01:33.893+0000] {logging_mixin.py:190} INFO - [2025-03-06T11:01:33.893+0000] {dag.py:4180} INFO - Setting next_dagrun for example_external_task_marker_child to None, run_after=None
[2025-03-06T11:01:33.898+0000] {logging_mixin.py:190} INFO - [2025-03-06T11:01:33.898+0000] {dag.py:4180} INFO - Setting next_dagrun for example_external_task_marker_parent to None, run_after=None
[2025-03-06T11:01:33.979+0000] {processor.py:208} INFO - Processing /home/airflow/.local/lib/python3.12/site-packages/airflow/example_dags/example_external_task_marker_dag.py took 0.165 seconds
[2025-03-06T11:02:04.159+0000] {processor.py:186} INFO - Started process (PID=262) to work on /home/airflow/.local/lib/python3.12/site-packages/airflow/example_dags/example_external_task_marker_dag.py
[2025-03-06T11:02:04.161+0000] {processor.py:914} INFO - Processing file /home/airflow/.local/lib/python3.12/site-packages/airflow/example_dags/example_external_task_marker_dag.py for tasks to queue
[2025-03-06T11:02:04.164+0000] {logging_mixin.py:190} INFO - [2025-03-06T11:02:04.163+0000] {dagbag.py:588} INFO - Filling up the DagBag from /home/airflow/.local/lib/python3.12/site-packages/airflow/example_dags/example_external_task_marker_dag.py
[2025-03-06T11:02:04.173+0000] {processor.py:925} INFO - DAG(s) 'example_external_task_marker_parent', 'example_external_task_marker_child' retrieved from /home/airflow/.local/lib/python3.12/site-packages/airflow/example_dags/example_external_task_marker_dag.py
[2025-03-06T11:02:04.201+0000] {logging_mixin.py:190} INFO - [2025-03-06T11:02:04.201+0000] {dag.py:3239} INFO - Sync 2 DAGs
[2025-03-06T11:02:04.218+0000] {logging_mixin.py:190} INFO - [2025-03-06T11:02:04.218+0000] {dag.py:4180} INFO - Setting next_dagrun for example_external_task_marker_child to None, run_after=None
[2025-03-06T11:02:04.224+0000] {logging_mixin.py:190} INFO - [2025-03-06T11:02:04.224+0000] {dag.py:4180} INFO - Setting next_dagrun for example_external_task_marker_parent to None, run_after=None
[2025-03-06T11:02:04.242+0000] {processor.py:208} INFO - Processing /home/airflow/.local/lib/python3.12/site-packages/airflow/example_dags/example_external_task_marker_dag.py took 0.087 seconds
[2025-03-06T11:02:34.375+0000] {processor.py:186} INFO - Started process (PID=326) to work on /home/airflow/.local/lib/python3.12/site-packages/airflow/example_dags/example_external_task_marker_dag.py
[2025-03-06T11:02:34.376+0000] {processor.py:914} INFO - Processing file /home/airflow/.local/lib/python3.12/site-packages/airflow/example_dags/example_external_task_marker_dag.py for tasks to queue
[2025-03-06T11:02:34.379+0000] {logging_mixin.py:190} INFO - [2025-03-06T11:02:34.379+0000] {dagbag.py:588} INFO - Filling up the DagBag from /home/airflow/.local/lib/python3.12/site-packages/airflow/example_dags/example_external_task_marker_dag.py
[2025-03-06T11:02:34.390+0000] {processor.py:925} INFO - DAG(s) 'example_external_task_marker_child', 'example_external_task_marker_parent' retrieved from /home/airflow/.local/lib/python3.12/site-packages/airflow/example_dags/example_external_task_marker_dag.py
[2025-03-06T11:02:34.421+0000] {logging_mixin.py:190} INFO - [2025-03-06T11:02:34.421+0000] {dag.py:3239} INFO - Sync 2 DAGs
[2025-03-06T11:02:34.442+0000] {logging_mixin.py:190} INFO - [2025-03-06T11:02:34.442+0000] {dag.py:4180} INFO - Setting next_dagrun for example_external_task_marker_child to None, run_after=None
[2025-03-06T11:02:34.448+0000] {logging_mixin.py:190} INFO - [2025-03-06T11:02:34.448+0000] {dag.py:4180} INFO - Setting next_dagrun for example_external_task_marker_parent to None, run_after=None
[2025-03-06T11:02:34.545+0000] {processor.py:208} INFO - Processing /home/airflow/.local/lib/python3.12/site-packages/airflow/example_dags/example_external_task_marker_dag.py took 0.178 seconds
[2025-03-06T11:03:05.389+0000] {processor.py:186} INFO - Started process (PID=400) to work on /home/airflow/.local/lib/python3.12/site-packages/airflow/example_dags/example_external_task_marker_dag.py
[2025-03-06T11:03:05.391+0000] {processor.py:914} INFO - Processing file /home/airflow/.local/lib/python3.12/site-packages/airflow/example_dags/example_external_task_marker_dag.py for tasks to queue
[2025-03-06T11:03:05.394+0000] {logging_mixin.py:190} INFO - [2025-03-06T11:03:05.394+0000] {dagbag.py:588} INFO - Filling up the DagBag from /home/airflow/.local/lib/python3.12/site-packages/airflow/example_dags/example_external_task_marker_dag.py
[2025-03-06T11:03:05.404+0000] {processor.py:925} INFO - DAG(s) 'example_external_task_marker_child', 'example_external_task_marker_parent' retrieved from /home/airflow/.local/lib/python3.12/site-packages/airflow/example_dags/example_external_task_marker_dag.py
[2025-03-06T11:03:05.431+0000] {logging_mixin.py:190} INFO - [2025-03-06T11:03:05.431+0000] {dag.py:3239} INFO - Sync 2 DAGs
[2025-03-06T11:03:05.449+0000] {logging_mixin.py:190} INFO - [2025-03-06T11:03:05.448+0000] {dag.py:4180} INFO - Setting next_dagrun for example_external_task_marker_child to None, run_after=None
[2025-03-06T11:03:05.454+0000] {logging_mixin.py:190} INFO - [2025-03-06T11:03:05.454+0000] {dag.py:4180} INFO - Setting next_dagrun for example_external_task_marker_parent to None, run_after=None
[2025-03-06T11:03:05.475+0000] {processor.py:208} INFO - Processing /home/airflow/.local/lib/python3.12/site-packages/airflow/example_dags/example_external_task_marker_dag.py took 0.092 seconds
[2025-03-06T11:03:35.848+0000] {processor.py:186} INFO - Started process (PID=476) to work on /home/airflow/.local/lib/python3.12/site-packages/airflow/example_dags/example_external_task_marker_dag.py
[2025-03-06T11:03:35.849+0000] {processor.py:914} INFO - Processing file /home/airflow/.local/lib/python3.12/site-packages/airflow/example_dags/example_external_task_marker_dag.py for tasks to queue
[2025-03-06T11:03:35.851+0000] {logging_mixin.py:190} INFO - [2025-03-06T11:03:35.851+0000] {dagbag.py:588} INFO - Filling up the DagBag from /home/airflow/.local/lib/python3.12/site-packages/airflow/example_dags/example_external_task_marker_dag.py
[2025-03-06T11:03:35.860+0000] {processor.py:925} INFO - DAG(s) 'example_external_task_marker_parent', 'example_external_task_marker_child' retrieved from /home/airflow/.local/lib/python3.12/site-packages/airflow/example_dags/example_external_task_marker_dag.py
[2025-03-06T11:03:35.884+0000] {logging_mixin.py:190} INFO - [2025-03-06T11:03:35.883+0000] {dag.py:3239} INFO - Sync 2 DAGs
[2025-03-06T11:03:35.896+0000] {logging_mixin.py:190} INFO - [2025-03-06T11:03:35.896+0000] {dag.py:4180} INFO - Setting next_dagrun for example_external_task_marker_child to None, run_after=None
[2025-03-06T11:03:35.901+0000] {logging_mixin.py:190} INFO - [2025-03-06T11:03:35.901+0000] {dag.py:4180} INFO - Setting next_dagrun for example_external_task_marker_parent to None, run_after=None
[2025-03-06T11:03:35.920+0000] {processor.py:208} INFO - Processing /home/airflow/.local/lib/python3.12/site-packages/airflow/example_dags/example_external_task_marker_dag.py took 0.079 seconds
[2025-03-06T11:04:06.105+0000] {processor.py:186} INFO - Started process (PID=551) to work on /home/airflow/.local/lib/python3.12/site-packages/airflow/example_dags/example_external_task_marker_dag.py
[2025-03-06T11:04:06.106+0000] {processor.py:914} INFO - Processing file /home/airflow/.local/lib/python3.12/site-packages/airflow/example_dags/example_external_task_marker_dag.py for tasks to queue
[2025-03-06T11:04:06.110+0000] {logging_mixin.py:190} INFO - [2025-03-06T11:04:06.109+0000] {dagbag.py:588} INFO - Filling up the DagBag from /home/airflow/.local/lib/python3.12/site-packages/airflow/example_dags/example_external_task_marker_dag.py
[2025-03-06T11:04:06.118+0000] {processor.py:925} INFO - DAG(s) 'example_external_task_marker_parent', 'example_external_task_marker_child' retrieved from /home/airflow/.local/lib/python3.12/site-packages/airflow/example_dags/example_external_task_marker_dag.py
[2025-03-06T11:04:06.143+0000] {logging_mixin.py:190} INFO - [2025-03-06T11:04:06.143+0000] {dag.py:3239} INFO - Sync 2 DAGs
[2025-03-06T11:04:06.158+0000] {logging_mixin.py:190} INFO - [2025-03-06T11:04:06.158+0000] {dag.py:4180} INFO - Setting next_dagrun for example_external_task_marker_child to None, run_after=None
[2025-03-06T11:04:06.163+0000] {logging_mixin.py:190} INFO - [2025-03-06T11:04:06.163+0000] {dag.py:4180} INFO - Setting next_dagrun for example_external_task_marker_parent to None, run_after=None
[2025-03-06T11:04:06.185+0000] {processor.py:208} INFO - Processing /home/airflow/.local/lib/python3.12/site-packages/airflow/example_dags/example_external_task_marker_dag.py took 0.085 seconds
[2025-03-06T11:04:36.862+0000] {processor.py:186} INFO - Started process (PID=626) to work on /home/airflow/.local/lib/python3.12/site-packages/airflow/example_dags/example_external_task_marker_dag.py
[2025-03-06T11:04:36.864+0000] {processor.py:914} INFO - Processing file /home/airflow/.local/lib/python3.12/site-packages/airflow/example_dags/example_external_task_marker_dag.py for tasks to queue
[2025-03-06T11:04:36.867+0000] {logging_mixin.py:190} INFO - [2025-03-06T11:04:36.867+0000] {dagbag.py:588} INFO - Filling up the DagBag from /home/airflow/.local/lib/python3.12/site-packages/airflow/example_dags/example_external_task_marker_dag.py
[2025-03-06T11:04:36.877+0000] {processor.py:925} INFO - DAG(s) 'example_external_task_marker_child', 'example_external_task_marker_parent' retrieved from /home/airflow/.local/lib/python3.12/site-packages/airflow/example_dags/example_external_task_marker_dag.py
[2025-03-06T11:04:36.900+0000] {logging_mixin.py:190} INFO - [2025-03-06T11:04:36.900+0000] {dag.py:3239} INFO - Sync 2 DAGs
[2025-03-06T11:04:36.915+0000] {logging_mixin.py:190} INFO - [2025-03-06T11:04:36.914+0000] {dag.py:4180} INFO - Setting next_dagrun for example_external_task_marker_child to None, run_after=None
[2025-03-06T11:04:36.919+0000] {logging_mixin.py:190} INFO - [2025-03-06T11:04:36.919+0000] {dag.py:4180} INFO - Setting next_dagrun for example_external_task_marker_parent to None, run_after=None
[2025-03-06T11:04:36.937+0000] {processor.py:208} INFO - Processing /home/airflow/.local/lib/python3.12/site-packages/airflow/example_dags/example_external_task_marker_dag.py took 0.080 seconds
[2025-03-06T11:05:07.279+0000] {processor.py:186} INFO - Started process (PID=725) to work on /home/airflow/.local/lib/python3.12/site-packages/airflow/example_dags/example_external_task_marker_dag.py
[2025-03-06T11:05:07.282+0000] {processor.py:914} INFO - Processing file /home/airflow/.local/lib/python3.12/site-packages/airflow/example_dags/example_external_task_marker_dag.py for tasks to queue
[2025-03-06T11:05:07.287+0000] {logging_mixin.py:190} INFO - [2025-03-06T11:05:07.286+0000] {dagbag.py:588} INFO - Filling up the DagBag from /home/airflow/.local/lib/python3.12/site-packages/airflow/example_dags/example_external_task_marker_dag.py
[2025-03-06T11:05:07.308+0000] {processor.py:925} INFO - DAG(s) 'example_external_task_marker_child', 'example_external_task_marker_parent' retrieved from /home/airflow/.local/lib/python3.12/site-packages/airflow/example_dags/example_external_task_marker_dag.py
[2025-03-06T11:05:07.380+0000] {logging_mixin.py:190} INFO - [2025-03-06T11:05:07.380+0000] {dag.py:3239} INFO - Sync 2 DAGs
[2025-03-06T11:05:07.431+0000] {logging_mixin.py:190} INFO - [2025-03-06T11:05:07.430+0000] {dag.py:4180} INFO - Setting next_dagrun for example_external_task_marker_child to None, run_after=None
[2025-03-06T11:05:07.446+0000] {logging_mixin.py:190} INFO - [2025-03-06T11:05:07.445+0000] {dag.py:4180} INFO - Setting next_dagrun for example_external_task_marker_parent to None, run_after=None
[2025-03-06T11:05:07.501+0000] {processor.py:208} INFO - Processing /home/airflow/.local/lib/python3.12/site-packages/airflow/example_dags/example_external_task_marker_dag.py took 0.234 seconds
[2025-03-06T11:05:37.665+0000] {processor.py:186} INFO - Started process (PID=800) to work on /home/airflow/.local/lib/python3.12/site-packages/airflow/example_dags/example_external_task_marker_dag.py
[2025-03-06T11:05:37.667+0000] {processor.py:914} INFO - Processing file /home/airflow/.local/lib/python3.12/site-packages/airflow/example_dags/example_external_task_marker_dag.py for tasks to queue
[2025-03-06T11:05:37.669+0000] {logging_mixin.py:190} INFO - [2025-03-06T11:05:37.669+0000] {dagbag.py:588} INFO - Filling up the DagBag from /home/airflow/.local/lib/python3.12/site-packages/airflow/example_dags/example_external_task_marker_dag.py
[2025-03-06T11:05:37.677+0000] {processor.py:925} INFO - DAG(s) 'example_external_task_marker_parent', 'example_external_task_marker_child' retrieved from /home/airflow/.local/lib/python3.12/site-packages/airflow/example_dags/example_external_task_marker_dag.py
[2025-03-06T11:05:37.699+0000] {logging_mixin.py:190} INFO - [2025-03-06T11:05:37.699+0000] {dag.py:3239} INFO - Sync 2 DAGs
[2025-03-06T11:05:37.714+0000] {logging_mixin.py:190} INFO - [2025-03-06T11:05:37.714+0000] {dag.py:4180} INFO - Setting next_dagrun for example_external_task_marker_child to None, run_after=None
[2025-03-06T11:05:37.718+0000] {logging_mixin.py:190} INFO - [2025-03-06T11:05:37.717+0000] {dag.py:4180} INFO - Setting next_dagrun for example_external_task_marker_parent to None, run_after=None
[2025-03-06T11:05:37.734+0000] {processor.py:208} INFO - Processing /home/airflow/.local/lib/python3.12/site-packages/airflow/example_dags/example_external_task_marker_dag.py took 0.073 seconds
[2025-03-06T11:06:08.357+0000] {processor.py:186} INFO - Started process (PID=887) to work on /home/airflow/.local/lib/python3.12/site-packages/airflow/example_dags/example_external_task_marker_dag.py
[2025-03-06T11:06:08.360+0000] {processor.py:914} INFO - Processing file /home/airflow/.local/lib/python3.12/site-packages/airflow/example_dags/example_external_task_marker_dag.py for tasks to queue
[2025-03-06T11:06:08.372+0000] {logging_mixin.py:190} INFO - [2025-03-06T11:06:08.370+0000] {dagbag.py:588} INFO - Filling up the DagBag from /home/airflow/.local/lib/python3.12/site-packages/airflow/example_dags/example_external_task_marker_dag.py
[2025-03-06T11:06:08.394+0000] {processor.py:925} INFO - DAG(s) 'example_external_task_marker_parent', 'example_external_task_marker_child' retrieved from /home/airflow/.local/lib/python3.12/site-packages/airflow/example_dags/example_external_task_marker_dag.py
[2025-03-06T11:06:08.444+0000] {logging_mixin.py:190} INFO - [2025-03-06T11:06:08.444+0000] {dag.py:3239} INFO - Sync 2 DAGs
[2025-03-06T11:06:08.471+0000] {logging_mixin.py:190} INFO - [2025-03-06T11:06:08.470+0000] {dag.py:4180} INFO - Setting next_dagrun for example_external_task_marker_child to None, run_after=None
[2025-03-06T11:06:08.478+0000] {logging_mixin.py:190} INFO - [2025-03-06T11:06:08.478+0000] {dag.py:4180} INFO - Setting next_dagrun for example_external_task_marker_parent to None, run_after=None
[2025-03-06T11:06:08.509+0000] {processor.py:208} INFO - Processing /home/airflow/.local/lib/python3.12/site-packages/airflow/example_dags/example_external_task_marker_dag.py took 0.171 seconds
[2025-03-06T11:06:47.240+0000] {processor.py:186} INFO - Started process (PID=929) to work on /home/airflow/.local/lib/python3.12/site-packages/airflow/example_dags/example_external_task_marker_dag.py
[2025-03-06T11:06:47.241+0000] {processor.py:914} INFO - Processing file /home/airflow/.local/lib/python3.12/site-packages/airflow/example_dags/example_external_task_marker_dag.py for tasks to queue
[2025-03-06T11:06:47.247+0000] {logging_mixin.py:190} INFO - [2025-03-06T11:06:47.246+0000] {dagbag.py:588} INFO - Filling up the DagBag from /home/airflow/.local/lib/python3.12/site-packages/airflow/example_dags/example_external_task_marker_dag.py
[2025-03-06T11:06:47.262+0000] {processor.py:925} INFO - DAG(s) 'example_external_task_marker_child', 'example_external_task_marker_parent' retrieved from /home/airflow/.local/lib/python3.12/site-packages/airflow/example_dags/example_external_task_marker_dag.py
[2025-03-06T11:06:47.312+0000] {logging_mixin.py:190} INFO - [2025-03-06T11:06:47.312+0000] {dag.py:3239} INFO - Sync 2 DAGs
[2025-03-06T11:06:47.337+0000] {logging_mixin.py:190} INFO - [2025-03-06T11:06:47.337+0000] {dag.py:4180} INFO - Setting next_dagrun for example_external_task_marker_child to None, run_after=None
[2025-03-06T11:06:47.345+0000] {logging_mixin.py:190} INFO - [2025-03-06T11:06:47.345+0000] {dag.py:4180} INFO - Setting next_dagrun for example_external_task_marker_parent to None, run_after=None
[2025-03-06T11:06:47.378+0000] {processor.py:208} INFO - Processing /home/airflow/.local/lib/python3.12/site-packages/airflow/example_dags/example_external_task_marker_dag.py took 0.148 seconds
[2025-03-06T11:07:49.439+0000] {processor.py:186} INFO - Started process (PID=1002) to work on /home/airflow/.local/lib/python3.12/site-packages/airflow/example_dags/example_external_task_marker_dag.py
[2025-03-06T11:07:49.440+0000] {processor.py:914} INFO - Processing file /home/airflow/.local/lib/python3.12/site-packages/airflow/example_dags/example_external_task_marker_dag.py for tasks to queue
[2025-03-06T11:07:49.443+0000] {logging_mixin.py:190} INFO - [2025-03-06T11:07:49.442+0000] {dagbag.py:588} INFO - Filling up the DagBag from /home/airflow/.local/lib/python3.12/site-packages/airflow/example_dags/example_external_task_marker_dag.py
[2025-03-06T11:07:49.458+0000] {processor.py:925} INFO - DAG(s) 'example_external_task_marker_parent', 'example_external_task_marker_child' retrieved from /home/airflow/.local/lib/python3.12/site-packages/airflow/example_dags/example_external_task_marker_dag.py
[2025-03-06T11:07:49.498+0000] {logging_mixin.py:190} INFO - [2025-03-06T11:07:49.498+0000] {dag.py:3239} INFO - Sync 2 DAGs
[2025-03-06T11:07:49.525+0000] {logging_mixin.py:190} INFO - [2025-03-06T11:07:49.524+0000] {dag.py:4180} INFO - Setting next_dagrun for example_external_task_marker_child to None, run_after=None
[2025-03-06T11:07:49.535+0000] {logging_mixin.py:190} INFO - [2025-03-06T11:07:49.534+0000] {dag.py:4180} INFO - Setting next_dagrun for example_external_task_marker_parent to None, run_after=None
[2025-03-06T11:07:49.572+0000] {processor.py:208} INFO - Processing /home/airflow/.local/lib/python3.12/site-packages/airflow/example_dags/example_external_task_marker_dag.py took 0.143 seconds
[2025-03-06T11:08:20.735+0000] {processor.py:186} INFO - Started process (PID=1078) to work on /home/airflow/.local/lib/python3.12/site-packages/airflow/example_dags/example_external_task_marker_dag.py
[2025-03-06T11:08:20.736+0000] {processor.py:914} INFO - Processing file /home/airflow/.local/lib/python3.12/site-packages/airflow/example_dags/example_external_task_marker_dag.py for tasks to queue
[2025-03-06T11:08:20.739+0000] {logging_mixin.py:190} INFO - [2025-03-06T11:08:20.738+0000] {dagbag.py:588} INFO - Filling up the DagBag from /home/airflow/.local/lib/python3.12/site-packages/airflow/example_dags/example_external_task_marker_dag.py
[2025-03-06T11:08:20.751+0000] {processor.py:925} INFO - DAG(s) 'example_external_task_marker_parent', 'example_external_task_marker_child' retrieved from /home/airflow/.local/lib/python3.12/site-packages/airflow/example_dags/example_external_task_marker_dag.py
[2025-03-06T11:08:20.785+0000] {logging_mixin.py:190} INFO - [2025-03-06T11:08:20.785+0000] {dag.py:3239} INFO - Sync 2 DAGs
[2025-03-06T11:08:20.806+0000] {logging_mixin.py:190} INFO - [2025-03-06T11:08:20.806+0000] {dag.py:4180} INFO - Setting next_dagrun for example_external_task_marker_child to None, run_after=None
[2025-03-06T11:08:20.812+0000] {logging_mixin.py:190} INFO - [2025-03-06T11:08:20.811+0000] {dag.py:4180} INFO - Setting next_dagrun for example_external_task_marker_parent to None, run_after=None
[2025-03-06T11:08:20.836+0000] {processor.py:208} INFO - Processing /home/airflow/.local/lib/python3.12/site-packages/airflow/example_dags/example_external_task_marker_dag.py took 0.108 seconds
[2025-03-06T11:08:51.829+0000] {processor.py:186} INFO - Started process (PID=1153) to work on /home/airflow/.local/lib/python3.12/site-packages/airflow/example_dags/example_external_task_marker_dag.py
[2025-03-06T11:08:51.830+0000] {processor.py:914} INFO - Processing file /home/airflow/.local/lib/python3.12/site-packages/airflow/example_dags/example_external_task_marker_dag.py for tasks to queue
[2025-03-06T11:08:51.832+0000] {logging_mixin.py:190} INFO - [2025-03-06T11:08:51.831+0000] {dagbag.py:588} INFO - Filling up the DagBag from /home/airflow/.local/lib/python3.12/site-packages/airflow/example_dags/example_external_task_marker_dag.py
[2025-03-06T11:08:51.839+0000] {processor.py:925} INFO - DAG(s) 'example_external_task_marker_child', 'example_external_task_marker_parent' retrieved from /home/airflow/.local/lib/python3.12/site-packages/airflow/example_dags/example_external_task_marker_dag.py
[2025-03-06T11:08:51.857+0000] {logging_mixin.py:190} INFO - [2025-03-06T11:08:51.857+0000] {dag.py:3239} INFO - Sync 2 DAGs
[2025-03-06T11:08:51.869+0000] {logging_mixin.py:190} INFO - [2025-03-06T11:08:51.869+0000] {dag.py:4180} INFO - Setting next_dagrun for example_external_task_marker_child to None, run_after=None
[2025-03-06T11:08:51.872+0000] {logging_mixin.py:190} INFO - [2025-03-06T11:08:51.872+0000] {dag.py:4180} INFO - Setting next_dagrun for example_external_task_marker_parent to None, run_after=None
[2025-03-06T11:08:51.884+0000] {processor.py:208} INFO - Processing /home/airflow/.local/lib/python3.12/site-packages/airflow/example_dags/example_external_task_marker_dag.py took 0.059 seconds
[2025-03-06T11:09:23.052+0000] {processor.py:186} INFO - Started process (PID=1228) to work on /home/airflow/.local/lib/python3.12/site-packages/airflow/example_dags/example_external_task_marker_dag.py
[2025-03-06T11:09:23.054+0000] {processor.py:914} INFO - Processing file /home/airflow/.local/lib/python3.12/site-packages/airflow/example_dags/example_external_task_marker_dag.py for tasks to queue
[2025-03-06T11:09:23.056+0000] {logging_mixin.py:190} INFO - [2025-03-06T11:09:23.056+0000] {dagbag.py:588} INFO - Filling up the DagBag from /home/airflow/.local/lib/python3.12/site-packages/airflow/example_dags/example_external_task_marker_dag.py
[2025-03-06T11:09:23.088+0000] {processor.py:925} INFO - DAG(s) 'example_external_task_marker_child', 'example_external_task_marker_parent' retrieved from /home/airflow/.local/lib/python3.12/site-packages/airflow/example_dags/example_external_task_marker_dag.py
[2025-03-06T11:09:23.143+0000] {logging_mixin.py:190} INFO - [2025-03-06T11:09:23.142+0000] {dag.py:3239} INFO - Sync 2 DAGs
[2025-03-06T11:09:23.171+0000] {logging_mixin.py:190} INFO - [2025-03-06T11:09:23.171+0000] {dag.py:4180} INFO - Setting next_dagrun for example_external_task_marker_child to None, run_after=None
[2025-03-06T11:09:23.179+0000] {logging_mixin.py:190} INFO - [2025-03-06T11:09:23.178+0000] {dag.py:4180} INFO - Setting next_dagrun for example_external_task_marker_parent to None, run_after=None
[2025-03-06T11:09:23.211+0000] {processor.py:208} INFO - Processing /home/airflow/.local/lib/python3.12/site-packages/airflow/example_dags/example_external_task_marker_dag.py took 0.167 seconds
[2025-03-06T11:09:53.451+0000] {processor.py:186} INFO - Started process (PID=1291) to work on /home/airflow/.local/lib/python3.12/site-packages/airflow/example_dags/example_external_task_marker_dag.py
[2025-03-06T11:09:53.453+0000] {processor.py:914} INFO - Processing file /home/airflow/.local/lib/python3.12/site-packages/airflow/example_dags/example_external_task_marker_dag.py for tasks to queue
[2025-03-06T11:09:53.454+0000] {logging_mixin.py:190} INFO - [2025-03-06T11:09:53.454+0000] {dagbag.py:588} INFO - Filling up the DagBag from /home/airflow/.local/lib/python3.12/site-packages/airflow/example_dags/example_external_task_marker_dag.py
[2025-03-06T11:09:53.464+0000] {processor.py:925} INFO - DAG(s) 'example_external_task_marker_child', 'example_external_task_marker_parent' retrieved from /home/airflow/.local/lib/python3.12/site-packages/airflow/example_dags/example_external_task_marker_dag.py
[2025-03-06T11:09:53.488+0000] {logging_mixin.py:190} INFO - [2025-03-06T11:09:53.488+0000] {dag.py:3239} INFO - Sync 2 DAGs
[2025-03-06T11:09:53.504+0000] {logging_mixin.py:190} INFO - [2025-03-06T11:09:53.504+0000] {dag.py:4180} INFO - Setting next_dagrun for example_external_task_marker_child to None, run_after=None
[2025-03-06T11:09:53.508+0000] {logging_mixin.py:190} INFO - [2025-03-06T11:09:53.508+0000] {dag.py:4180} INFO - Setting next_dagrun for example_external_task_marker_parent to None, run_after=None
[2025-03-06T11:09:53.531+0000] {processor.py:208} INFO - Processing /home/airflow/.local/lib/python3.12/site-packages/airflow/example_dags/example_external_task_marker_dag.py took 0.086 seconds
[2025-03-06T11:10:24.387+0000] {processor.py:186} INFO - Started process (PID=1366) to work on /home/airflow/.local/lib/python3.12/site-packages/airflow/example_dags/example_external_task_marker_dag.py
[2025-03-06T11:10:24.388+0000] {processor.py:914} INFO - Processing file /home/airflow/.local/lib/python3.12/site-packages/airflow/example_dags/example_external_task_marker_dag.py for tasks to queue
[2025-03-06T11:10:24.390+0000] {logging_mixin.py:190} INFO - [2025-03-06T11:10:24.389+0000] {dagbag.py:588} INFO - Filling up the DagBag from /home/airflow/.local/lib/python3.12/site-packages/airflow/example_dags/example_external_task_marker_dag.py
[2025-03-06T11:10:24.398+0000] {processor.py:925} INFO - DAG(s) 'example_external_task_marker_parent', 'example_external_task_marker_child' retrieved from /home/airflow/.local/lib/python3.12/site-packages/airflow/example_dags/example_external_task_marker_dag.py
[2025-03-06T11:10:24.422+0000] {logging_mixin.py:190} INFO - [2025-03-06T11:10:24.422+0000] {dag.py:3239} INFO - Sync 2 DAGs
[2025-03-06T11:10:24.437+0000] {logging_mixin.py:190} INFO - [2025-03-06T11:10:24.437+0000] {dag.py:4180} INFO - Setting next_dagrun for example_external_task_marker_child to None, run_after=None
[2025-03-06T11:10:24.442+0000] {logging_mixin.py:190} INFO - [2025-03-06T11:10:24.441+0000] {dag.py:4180} INFO - Setting next_dagrun for example_external_task_marker_parent to None, run_after=None
[2025-03-06T11:10:24.463+0000] {processor.py:208} INFO - Processing /home/airflow/.local/lib/python3.12/site-packages/airflow/example_dags/example_external_task_marker_dag.py took 0.081 seconds
[2025-03-06T11:10:54.611+0000] {processor.py:186} INFO - Started process (PID=1441) to work on /home/airflow/.local/lib/python3.12/site-packages/airflow/example_dags/example_external_task_marker_dag.py
[2025-03-06T11:10:54.612+0000] {processor.py:914} INFO - Processing file /home/airflow/.local/lib/python3.12/site-packages/airflow/example_dags/example_external_task_marker_dag.py for tasks to queue
[2025-03-06T11:10:54.613+0000] {logging_mixin.py:190} INFO - [2025-03-06T11:10:54.613+0000] {dagbag.py:588} INFO - Filling up the DagBag from /home/airflow/.local/lib/python3.12/site-packages/airflow/example_dags/example_external_task_marker_dag.py
[2025-03-06T11:10:54.622+0000] {processor.py:925} INFO - DAG(s) 'example_external_task_marker_child', 'example_external_task_marker_parent' retrieved from /home/airflow/.local/lib/python3.12/site-packages/airflow/example_dags/example_external_task_marker_dag.py
[2025-03-06T11:10:54.645+0000] {logging_mixin.py:190} INFO - [2025-03-06T11:10:54.644+0000] {dag.py:3239} INFO - Sync 2 DAGs
[2025-03-06T11:10:54.660+0000] {logging_mixin.py:190} INFO - [2025-03-06T11:10:54.660+0000] {dag.py:4180} INFO - Setting next_dagrun for example_external_task_marker_child to None, run_after=None
[2025-03-06T11:10:54.664+0000] {logging_mixin.py:190} INFO - [2025-03-06T11:10:54.664+0000] {dag.py:4180} INFO - Setting next_dagrun for example_external_task_marker_parent to None, run_after=None
[2025-03-06T11:10:54.683+0000] {processor.py:208} INFO - Processing /home/airflow/.local/lib/python3.12/site-packages/airflow/example_dags/example_external_task_marker_dag.py took 0.078 seconds
[2025-03-06T11:11:25.241+0000] {processor.py:186} INFO - Started process (PID=1516) to work on /home/airflow/.local/lib/python3.12/site-packages/airflow/example_dags/example_external_task_marker_dag.py
[2025-03-06T11:11:25.243+0000] {processor.py:914} INFO - Processing file /home/airflow/.local/lib/python3.12/site-packages/airflow/example_dags/example_external_task_marker_dag.py for tasks to queue
[2025-03-06T11:11:25.244+0000] {logging_mixin.py:190} INFO - [2025-03-06T11:11:25.244+0000] {dagbag.py:588} INFO - Filling up the DagBag from /home/airflow/.local/lib/python3.12/site-packages/airflow/example_dags/example_external_task_marker_dag.py
[2025-03-06T11:11:25.251+0000] {processor.py:925} INFO - DAG(s) 'example_external_task_marker_child', 'example_external_task_marker_parent' retrieved from /home/airflow/.local/lib/python3.12/site-packages/airflow/example_dags/example_external_task_marker_dag.py
[2025-03-06T11:11:25.273+0000] {logging_mixin.py:190} INFO - [2025-03-06T11:11:25.273+0000] {dag.py:3239} INFO - Sync 2 DAGs
[2025-03-06T11:11:25.288+0000] {logging_mixin.py:190} INFO - [2025-03-06T11:11:25.287+0000] {dag.py:4180} INFO - Setting next_dagrun for example_external_task_marker_child to None, run_after=None
[2025-03-06T11:11:25.292+0000] {logging_mixin.py:190} INFO - [2025-03-06T11:11:25.291+0000] {dag.py:4180} INFO - Setting next_dagrun for example_external_task_marker_parent to None, run_after=None
[2025-03-06T11:11:25.310+0000] {processor.py:208} INFO - Processing /home/airflow/.local/lib/python3.12/site-packages/airflow/example_dags/example_external_task_marker_dag.py took 0.073 seconds
[2025-03-06T11:11:55.578+0000] {processor.py:186} INFO - Started process (PID=1591) to work on /home/airflow/.local/lib/python3.12/site-packages/airflow/example_dags/example_external_task_marker_dag.py
[2025-03-06T11:11:55.579+0000] {processor.py:914} INFO - Processing file /home/airflow/.local/lib/python3.12/site-packages/airflow/example_dags/example_external_task_marker_dag.py for tasks to queue
[2025-03-06T11:11:55.581+0000] {logging_mixin.py:190} INFO - [2025-03-06T11:11:55.581+0000] {dagbag.py:588} INFO - Filling up the DagBag from /home/airflow/.local/lib/python3.12/site-packages/airflow/example_dags/example_external_task_marker_dag.py
[2025-03-06T11:11:55.589+0000] {processor.py:925} INFO - DAG(s) 'example_external_task_marker_child', 'example_external_task_marker_parent' retrieved from /home/airflow/.local/lib/python3.12/site-packages/airflow/example_dags/example_external_task_marker_dag.py
[2025-03-06T11:11:55.611+0000] {logging_mixin.py:190} INFO - [2025-03-06T11:11:55.611+0000] {dag.py:3239} INFO - Sync 2 DAGs
[2025-03-06T11:11:55.633+0000] {logging_mixin.py:190} INFO - [2025-03-06T11:11:55.633+0000] {dag.py:4180} INFO - Setting next_dagrun for example_external_task_marker_child to None, run_after=None
[2025-03-06T11:11:55.637+0000] {logging_mixin.py:190} INFO - [2025-03-06T11:11:55.637+0000] {dag.py:4180} INFO - Setting next_dagrun for example_external_task_marker_parent to None, run_after=None
[2025-03-06T11:11:55.653+0000] {processor.py:208} INFO - Processing /home/airflow/.local/lib/python3.12/site-packages/airflow/example_dags/example_external_task_marker_dag.py took 0.080 seconds
[2025-03-06T11:12:26.427+0000] {processor.py:186} INFO - Started process (PID=1666) to work on /home/airflow/.local/lib/python3.12/site-packages/airflow/example_dags/example_external_task_marker_dag.py
[2025-03-06T11:12:26.428+0000] {processor.py:914} INFO - Processing file /home/airflow/.local/lib/python3.12/site-packages/airflow/example_dags/example_external_task_marker_dag.py for tasks to queue
[2025-03-06T11:12:26.430+0000] {logging_mixin.py:190} INFO - [2025-03-06T11:12:26.429+0000] {dagbag.py:588} INFO - Filling up the DagBag from /home/airflow/.local/lib/python3.12/site-packages/airflow/example_dags/example_external_task_marker_dag.py
[2025-03-06T11:12:26.439+0000] {processor.py:925} INFO - DAG(s) 'example_external_task_marker_parent', 'example_external_task_marker_child' retrieved from /home/airflow/.local/lib/python3.12/site-packages/airflow/example_dags/example_external_task_marker_dag.py
[2025-03-06T11:12:26.464+0000] {logging_mixin.py:190} INFO - [2025-03-06T11:12:26.464+0000] {dag.py:3239} INFO - Sync 2 DAGs
[2025-03-06T11:12:26.479+0000] {logging_mixin.py:190} INFO - [2025-03-06T11:12:26.479+0000] {dag.py:4180} INFO - Setting next_dagrun for example_external_task_marker_child to None, run_after=None
[2025-03-06T11:12:26.484+0000] {logging_mixin.py:190} INFO - [2025-03-06T11:12:26.484+0000] {dag.py:4180} INFO - Setting next_dagrun for example_external_task_marker_parent to None, run_after=None
[2025-03-06T11:12:26.500+0000] {processor.py:208} INFO - Processing /home/airflow/.local/lib/python3.12/site-packages/airflow/example_dags/example_external_task_marker_dag.py took 0.079 seconds
[2025-03-06T11:12:57.061+0000] {processor.py:186} INFO - Started process (PID=1741) to work on /home/airflow/.local/lib/python3.12/site-packages/airflow/example_dags/example_external_task_marker_dag.py
[2025-03-06T11:12:57.063+0000] {processor.py:914} INFO - Processing file /home/airflow/.local/lib/python3.12/site-packages/airflow/example_dags/example_external_task_marker_dag.py for tasks to queue
[2025-03-06T11:12:57.064+0000] {logging_mixin.py:190} INFO - [2025-03-06T11:12:57.064+0000] {dagbag.py:588} INFO - Filling up the DagBag from /home/airflow/.local/lib/python3.12/site-packages/airflow/example_dags/example_external_task_marker_dag.py
[2025-03-06T11:12:57.072+0000] {processor.py:925} INFO - DAG(s) 'example_external_task_marker_parent', 'example_external_task_marker_child' retrieved from /home/airflow/.local/lib/python3.12/site-packages/airflow/example_dags/example_external_task_marker_dag.py
[2025-03-06T11:12:57.094+0000] {logging_mixin.py:190} INFO - [2025-03-06T11:12:57.094+0000] {dag.py:3239} INFO - Sync 2 DAGs
[2025-03-06T11:12:57.109+0000] {logging_mixin.py:190} INFO - [2025-03-06T11:12:57.109+0000] {dag.py:4180} INFO - Setting next_dagrun for example_external_task_marker_child to None, run_after=None
[2025-03-06T11:12:57.113+0000] {logging_mixin.py:190} INFO - [2025-03-06T11:12:57.112+0000] {dag.py:4180} INFO - Setting next_dagrun for example_external_task_marker_parent to None, run_after=None
[2025-03-06T11:12:57.129+0000] {processor.py:208} INFO - Processing /home/airflow/.local/lib/python3.12/site-packages/airflow/example_dags/example_external_task_marker_dag.py took 0.072 seconds
[2025-03-06T11:13:27.757+0000] {processor.py:186} INFO - Started process (PID=1816) to work on /home/airflow/.local/lib/python3.12/site-packages/airflow/example_dags/example_external_task_marker_dag.py
[2025-03-06T11:13:27.758+0000] {processor.py:914} INFO - Processing file /home/airflow/.local/lib/python3.12/site-packages/airflow/example_dags/example_external_task_marker_dag.py for tasks to queue
[2025-03-06T11:13:27.760+0000] {logging_mixin.py:190} INFO - [2025-03-06T11:13:27.759+0000] {dagbag.py:588} INFO - Filling up the DagBag from /home/airflow/.local/lib/python3.12/site-packages/airflow/example_dags/example_external_task_marker_dag.py
[2025-03-06T11:13:27.768+0000] {processor.py:925} INFO - DAG(s) 'example_external_task_marker_child', 'example_external_task_marker_parent' retrieved from /home/airflow/.local/lib/python3.12/site-packages/airflow/example_dags/example_external_task_marker_dag.py
[2025-03-06T11:13:27.789+0000] {logging_mixin.py:190} INFO - [2025-03-06T11:13:27.789+0000] {dag.py:3239} INFO - Sync 2 DAGs
[2025-03-06T11:13:27.803+0000] {logging_mixin.py:190} INFO - [2025-03-06T11:13:27.803+0000] {dag.py:4180} INFO - Setting next_dagrun for example_external_task_marker_child to None, run_after=None
[2025-03-06T11:13:27.807+0000] {logging_mixin.py:190} INFO - [2025-03-06T11:13:27.807+0000] {dag.py:4180} INFO - Setting next_dagrun for example_external_task_marker_parent to None, run_after=None
[2025-03-06T11:13:27.822+0000] {processor.py:208} INFO - Processing /home/airflow/.local/lib/python3.12/site-packages/airflow/example_dags/example_external_task_marker_dag.py took 0.070 seconds
[2025-03-06T11:13:58.063+0000] {processor.py:186} INFO - Started process (PID=1891) to work on /home/airflow/.local/lib/python3.12/site-packages/airflow/example_dags/example_external_task_marker_dag.py
[2025-03-06T11:13:58.064+0000] {processor.py:914} INFO - Processing file /home/airflow/.local/lib/python3.12/site-packages/airflow/example_dags/example_external_task_marker_dag.py for tasks to queue
[2025-03-06T11:13:58.066+0000] {logging_mixin.py:190} INFO - [2025-03-06T11:13:58.065+0000] {dagbag.py:588} INFO - Filling up the DagBag from /home/airflow/.local/lib/python3.12/site-packages/airflow/example_dags/example_external_task_marker_dag.py
[2025-03-06T11:13:58.076+0000] {processor.py:925} INFO - DAG(s) 'example_external_task_marker_parent', 'example_external_task_marker_child' retrieved from /home/airflow/.local/lib/python3.12/site-packages/airflow/example_dags/example_external_task_marker_dag.py
[2025-03-06T11:13:58.105+0000] {logging_mixin.py:190} INFO - [2025-03-06T11:13:58.104+0000] {dag.py:3239} INFO - Sync 2 DAGs
[2025-03-06T11:13:58.120+0000] {logging_mixin.py:190} INFO - [2025-03-06T11:13:58.120+0000] {dag.py:4180} INFO - Setting next_dagrun for example_external_task_marker_child to None, run_after=None
[2025-03-06T11:13:58.125+0000] {logging_mixin.py:190} INFO - [2025-03-06T11:13:58.125+0000] {dag.py:4180} INFO - Setting next_dagrun for example_external_task_marker_parent to None, run_after=None
[2025-03-06T11:13:58.145+0000] {processor.py:208} INFO - Processing /home/airflow/.local/lib/python3.12/site-packages/airflow/example_dags/example_external_task_marker_dag.py took 0.088 seconds
[2025-03-06T11:14:28.796+0000] {processor.py:186} INFO - Started process (PID=1961) to work on /home/airflow/.local/lib/python3.12/site-packages/airflow/example_dags/example_external_task_marker_dag.py
[2025-03-06T11:14:28.799+0000] {processor.py:914} INFO - Processing file /home/airflow/.local/lib/python3.12/site-packages/airflow/example_dags/example_external_task_marker_dag.py for tasks to queue
[2025-03-06T11:14:28.801+0000] {logging_mixin.py:190} INFO - [2025-03-06T11:14:28.801+0000] {dagbag.py:588} INFO - Filling up the DagBag from /home/airflow/.local/lib/python3.12/site-packages/airflow/example_dags/example_external_task_marker_dag.py
[2025-03-06T11:14:28.815+0000] {processor.py:925} INFO - DAG(s) 'example_external_task_marker_parent', 'example_external_task_marker_child' retrieved from /home/airflow/.local/lib/python3.12/site-packages/airflow/example_dags/example_external_task_marker_dag.py
[2025-03-06T11:14:28.851+0000] {logging_mixin.py:190} INFO - [2025-03-06T11:14:28.850+0000] {dag.py:3239} INFO - Sync 2 DAGs
[2025-03-06T11:14:28.886+0000] {logging_mixin.py:190} INFO - [2025-03-06T11:14:28.885+0000] {dag.py:4180} INFO - Setting next_dagrun for example_external_task_marker_child to None, run_after=None
[2025-03-06T11:14:28.892+0000] {logging_mixin.py:190} INFO - [2025-03-06T11:14:28.892+0000] {dag.py:4180} INFO - Setting next_dagrun for example_external_task_marker_parent to None, run_after=None
[2025-03-06T11:14:28.927+0000] {processor.py:208} INFO - Processing /home/airflow/.local/lib/python3.12/site-packages/airflow/example_dags/example_external_task_marker_dag.py took 0.140 seconds
[2025-03-06T11:14:59.198+0000] {processor.py:186} INFO - Started process (PID=2036) to work on /home/airflow/.local/lib/python3.12/site-packages/airflow/example_dags/example_external_task_marker_dag.py
[2025-03-06T11:14:59.199+0000] {processor.py:914} INFO - Processing file /home/airflow/.local/lib/python3.12/site-packages/airflow/example_dags/example_external_task_marker_dag.py for tasks to queue
[2025-03-06T11:14:59.201+0000] {logging_mixin.py:190} INFO - [2025-03-06T11:14:59.200+0000] {dagbag.py:588} INFO - Filling up the DagBag from /home/airflow/.local/lib/python3.12/site-packages/airflow/example_dags/example_external_task_marker_dag.py
[2025-03-06T11:14:59.209+0000] {processor.py:925} INFO - DAG(s) 'example_external_task_marker_child', 'example_external_task_marker_parent' retrieved from /home/airflow/.local/lib/python3.12/site-packages/airflow/example_dags/example_external_task_marker_dag.py
[2025-03-06T11:14:59.232+0000] {logging_mixin.py:190} INFO - [2025-03-06T11:14:59.232+0000] {dag.py:3239} INFO - Sync 2 DAGs
[2025-03-06T11:14:59.247+0000] {logging_mixin.py:190} INFO - [2025-03-06T11:14:59.247+0000] {dag.py:4180} INFO - Setting next_dagrun for example_external_task_marker_child to None, run_after=None
[2025-03-06T11:14:59.253+0000] {logging_mixin.py:190} INFO - [2025-03-06T11:14:59.252+0000] {dag.py:4180} INFO - Setting next_dagrun for example_external_task_marker_parent to None, run_after=None
[2025-03-06T11:14:59.274+0000] {processor.py:208} INFO - Processing /home/airflow/.local/lib/python3.12/site-packages/airflow/example_dags/example_external_task_marker_dag.py took 0.081 seconds
[2025-03-06T11:15:30.004+0000] {processor.py:186} INFO - Started process (PID=2100) to work on /home/airflow/.local/lib/python3.12/site-packages/airflow/example_dags/example_external_task_marker_dag.py
[2025-03-06T11:15:30.005+0000] {processor.py:914} INFO - Processing file /home/airflow/.local/lib/python3.12/site-packages/airflow/example_dags/example_external_task_marker_dag.py for tasks to queue
[2025-03-06T11:15:30.007+0000] {logging_mixin.py:190} INFO - [2025-03-06T11:15:30.006+0000] {dagbag.py:588} INFO - Filling up the DagBag from /home/airflow/.local/lib/python3.12/site-packages/airflow/example_dags/example_external_task_marker_dag.py
[2025-03-06T11:15:30.015+0000] {processor.py:925} INFO - DAG(s) 'example_external_task_marker_child', 'example_external_task_marker_parent' retrieved from /home/airflow/.local/lib/python3.12/site-packages/airflow/example_dags/example_external_task_marker_dag.py
[2025-03-06T11:15:30.037+0000] {logging_mixin.py:190} INFO - [2025-03-06T11:15:30.037+0000] {dag.py:3239} INFO - Sync 2 DAGs
[2025-03-06T11:15:30.051+0000] {logging_mixin.py:190} INFO - [2025-03-06T11:15:30.050+0000] {dag.py:4180} INFO - Setting next_dagrun for example_external_task_marker_child to None, run_after=None
[2025-03-06T11:15:30.055+0000] {logging_mixin.py:190} INFO - [2025-03-06T11:15:30.054+0000] {dag.py:4180} INFO - Setting next_dagrun for example_external_task_marker_parent to None, run_after=None
[2025-03-06T11:15:30.072+0000] {processor.py:208} INFO - Processing /home/airflow/.local/lib/python3.12/site-packages/airflow/example_dags/example_external_task_marker_dag.py took 0.073 seconds
[2025-03-06T11:16:00.351+0000] {processor.py:186} INFO - Started process (PID=2167) to work on /home/airflow/.local/lib/python3.12/site-packages/airflow/example_dags/example_external_task_marker_dag.py
[2025-03-06T11:16:00.353+0000] {processor.py:914} INFO - Processing file /home/airflow/.local/lib/python3.12/site-packages/airflow/example_dags/example_external_task_marker_dag.py for tasks to queue
[2025-03-06T11:16:00.354+0000] {logging_mixin.py:190} INFO - [2025-03-06T11:16:00.354+0000] {dagbag.py:588} INFO - Filling up the DagBag from /home/airflow/.local/lib/python3.12/site-packages/airflow/example_dags/example_external_task_marker_dag.py
[2025-03-06T11:16:00.362+0000] {processor.py:925} INFO - DAG(s) 'example_external_task_marker_child', 'example_external_task_marker_parent' retrieved from /home/airflow/.local/lib/python3.12/site-packages/airflow/example_dags/example_external_task_marker_dag.py
[2025-03-06T11:16:00.383+0000] {logging_mixin.py:190} INFO - [2025-03-06T11:16:00.383+0000] {dag.py:3239} INFO - Sync 2 DAGs
[2025-03-06T11:16:00.398+0000] {logging_mixin.py:190} INFO - [2025-03-06T11:16:00.398+0000] {dag.py:4180} INFO - Setting next_dagrun for example_external_task_marker_child to None, run_after=None
[2025-03-06T11:16:00.403+0000] {logging_mixin.py:190} INFO - [2025-03-06T11:16:00.403+0000] {dag.py:4180} INFO - Setting next_dagrun for example_external_task_marker_parent to None, run_after=None
[2025-03-06T11:16:00.419+0000] {processor.py:208} INFO - Processing /home/airflow/.local/lib/python3.12/site-packages/airflow/example_dags/example_external_task_marker_dag.py took 0.073 seconds
[2025-03-06T11:16:31.902+0000] {processor.py:186} INFO - Started process (PID=2242) to work on /home/airflow/.local/lib/python3.12/site-packages/airflow/example_dags/example_external_task_marker_dag.py
[2025-03-06T11:16:31.903+0000] {processor.py:914} INFO - Processing file /home/airflow/.local/lib/python3.12/site-packages/airflow/example_dags/example_external_task_marker_dag.py for tasks to queue
[2025-03-06T11:16:31.905+0000] {logging_mixin.py:190} INFO - [2025-03-06T11:16:31.905+0000] {dagbag.py:588} INFO - Filling up the DagBag from /home/airflow/.local/lib/python3.12/site-packages/airflow/example_dags/example_external_task_marker_dag.py
[2025-03-06T11:16:31.912+0000] {processor.py:925} INFO - DAG(s) 'example_external_task_marker_child', 'example_external_task_marker_parent' retrieved from /home/airflow/.local/lib/python3.12/site-packages/airflow/example_dags/example_external_task_marker_dag.py
[2025-03-06T11:16:31.932+0000] {logging_mixin.py:190} INFO - [2025-03-06T11:16:31.932+0000] {dag.py:3239} INFO - Sync 2 DAGs
[2025-03-06T11:16:31.947+0000] {logging_mixin.py:190} INFO - [2025-03-06T11:16:31.947+0000] {dag.py:4180} INFO - Setting next_dagrun for example_external_task_marker_child to None, run_after=None
[2025-03-06T11:16:31.951+0000] {logging_mixin.py:190} INFO - [2025-03-06T11:16:31.950+0000] {dag.py:4180} INFO - Setting next_dagrun for example_external_task_marker_parent to None, run_after=None
[2025-03-06T11:16:31.967+0000] {processor.py:208} INFO - Processing /home/airflow/.local/lib/python3.12/site-packages/airflow/example_dags/example_external_task_marker_dag.py took 0.069 seconds
[2025-03-06T11:17:02.535+0000] {processor.py:186} INFO - Started process (PID=2314) to work on /home/airflow/.local/lib/python3.12/site-packages/airflow/example_dags/example_external_task_marker_dag.py
[2025-03-06T11:17:02.536+0000] {processor.py:914} INFO - Processing file /home/airflow/.local/lib/python3.12/site-packages/airflow/example_dags/example_external_task_marker_dag.py for tasks to queue
[2025-03-06T11:17:02.538+0000] {logging_mixin.py:190} INFO - [2025-03-06T11:17:02.537+0000] {dagbag.py:588} INFO - Filling up the DagBag from /home/airflow/.local/lib/python3.12/site-packages/airflow/example_dags/example_external_task_marker_dag.py
[2025-03-06T11:17:02.545+0000] {processor.py:925} INFO - DAG(s) 'example_external_task_marker_child', 'example_external_task_marker_parent' retrieved from /home/airflow/.local/lib/python3.12/site-packages/airflow/example_dags/example_external_task_marker_dag.py
[2025-03-06T11:17:02.565+0000] {logging_mixin.py:190} INFO - [2025-03-06T11:17:02.565+0000] {dag.py:3239} INFO - Sync 2 DAGs
[2025-03-06T11:17:02.580+0000] {logging_mixin.py:190} INFO - [2025-03-06T11:17:02.579+0000] {dag.py:4180} INFO - Setting next_dagrun for example_external_task_marker_child to None, run_after=None
[2025-03-06T11:17:02.583+0000] {logging_mixin.py:190} INFO - [2025-03-06T11:17:02.583+0000] {dag.py:4180} INFO - Setting next_dagrun for example_external_task_marker_parent to None, run_after=None
[2025-03-06T11:17:02.599+0000] {processor.py:208} INFO - Processing /home/airflow/.local/lib/python3.12/site-packages/airflow/example_dags/example_external_task_marker_dag.py took 0.069 seconds
[2025-03-06T11:17:33.481+0000] {processor.py:186} INFO - Started process (PID=2389) to work on /home/airflow/.local/lib/python3.12/site-packages/airflow/example_dags/example_external_task_marker_dag.py
[2025-03-06T11:17:33.482+0000] {processor.py:914} INFO - Processing file /home/airflow/.local/lib/python3.12/site-packages/airflow/example_dags/example_external_task_marker_dag.py for tasks to queue
[2025-03-06T11:17:33.484+0000] {logging_mixin.py:190} INFO - [2025-03-06T11:17:33.483+0000] {dagbag.py:588} INFO - Filling up the DagBag from /home/airflow/.local/lib/python3.12/site-packages/airflow/example_dags/example_external_task_marker_dag.py
[2025-03-06T11:17:33.493+0000] {processor.py:925} INFO - DAG(s) 'example_external_task_marker_child', 'example_external_task_marker_parent' retrieved from /home/airflow/.local/lib/python3.12/site-packages/airflow/example_dags/example_external_task_marker_dag.py
[2025-03-06T11:17:33.514+0000] {logging_mixin.py:190} INFO - [2025-03-06T11:17:33.514+0000] {dag.py:3239} INFO - Sync 2 DAGs
[2025-03-06T11:17:33.528+0000] {logging_mixin.py:190} INFO - [2025-03-06T11:17:33.528+0000] {dag.py:4180} INFO - Setting next_dagrun for example_external_task_marker_child to None, run_after=None
[2025-03-06T11:17:33.532+0000] {logging_mixin.py:190} INFO - [2025-03-06T11:17:33.532+0000] {dag.py:4180} INFO - Setting next_dagrun for example_external_task_marker_parent to None, run_after=None
[2025-03-06T11:17:33.549+0000] {processor.py:208} INFO - Processing /home/airflow/.local/lib/python3.12/site-packages/airflow/example_dags/example_external_task_marker_dag.py took 0.073 seconds
[2025-03-06T11:18:04.164+0000] {processor.py:186} INFO - Started process (PID=2461) to work on /home/airflow/.local/lib/python3.12/site-packages/airflow/example_dags/example_external_task_marker_dag.py
[2025-03-06T11:18:04.168+0000] {processor.py:914} INFO - Processing file /home/airflow/.local/lib/python3.12/site-packages/airflow/example_dags/example_external_task_marker_dag.py for tasks to queue
[2025-03-06T11:18:04.169+0000] {logging_mixin.py:190} INFO - [2025-03-06T11:18:04.169+0000] {dagbag.py:588} INFO - Filling up the DagBag from /home/airflow/.local/lib/python3.12/site-packages/airflow/example_dags/example_external_task_marker_dag.py
[2025-03-06T11:18:04.176+0000] {processor.py:925} INFO - DAG(s) 'example_external_task_marker_child', 'example_external_task_marker_parent' retrieved from /home/airflow/.local/lib/python3.12/site-packages/airflow/example_dags/example_external_task_marker_dag.py
[2025-03-06T11:18:04.200+0000] {logging_mixin.py:190} INFO - [2025-03-06T11:18:04.200+0000] {dag.py:3239} INFO - Sync 2 DAGs
[2025-03-06T11:18:04.213+0000] {logging_mixin.py:190} INFO - [2025-03-06T11:18:04.213+0000] {dag.py:4180} INFO - Setting next_dagrun for example_external_task_marker_child to None, run_after=None
[2025-03-06T11:18:04.217+0000] {logging_mixin.py:190} INFO - [2025-03-06T11:18:04.217+0000] {dag.py:4180} INFO - Setting next_dagrun for example_external_task_marker_parent to None, run_after=None
[2025-03-06T11:18:04.232+0000] {processor.py:208} INFO - Processing /home/airflow/.local/lib/python3.12/site-packages/airflow/example_dags/example_external_task_marker_dag.py took 0.072 seconds
[2025-03-06T11:18:34.898+0000] {processor.py:186} INFO - Started process (PID=2536) to work on /home/airflow/.local/lib/python3.12/site-packages/airflow/example_dags/example_external_task_marker_dag.py
[2025-03-06T11:18:34.899+0000] {processor.py:914} INFO - Processing file /home/airflow/.local/lib/python3.12/site-packages/airflow/example_dags/example_external_task_marker_dag.py for tasks to queue
[2025-03-06T11:18:34.900+0000] {logging_mixin.py:190} INFO - [2025-03-06T11:18:34.900+0000] {dagbag.py:588} INFO - Filling up the DagBag from /home/airflow/.local/lib/python3.12/site-packages/airflow/example_dags/example_external_task_marker_dag.py
[2025-03-06T11:18:34.911+0000] {processor.py:925} INFO - DAG(s) 'example_external_task_marker_parent', 'example_external_task_marker_child' retrieved from /home/airflow/.local/lib/python3.12/site-packages/airflow/example_dags/example_external_task_marker_dag.py
[2025-03-06T11:18:34.947+0000] {logging_mixin.py:190} INFO - [2025-03-06T11:18:34.947+0000] {dag.py:3239} INFO - Sync 2 DAGs
[2025-03-06T11:18:34.962+0000] {logging_mixin.py:190} INFO - [2025-03-06T11:18:34.962+0000] {dag.py:4180} INFO - Setting next_dagrun for example_external_task_marker_child to None, run_after=None
[2025-03-06T11:18:34.966+0000] {logging_mixin.py:190} INFO - [2025-03-06T11:18:34.966+0000] {dag.py:4180} INFO - Setting next_dagrun for example_external_task_marker_parent to None, run_after=None
[2025-03-06T11:18:34.985+0000] {processor.py:208} INFO - Processing /home/airflow/.local/lib/python3.12/site-packages/airflow/example_dags/example_external_task_marker_dag.py took 0.094 seconds
