[2025-03-06T04:34:31.162+0000] {processor.py:186} INFO - Started process (PID=14395) to work on /home/airflow/.local/lib/python3.12/site-packages/airflow/example_dags/example_bash_operator.py
[2025-03-06T04:34:31.163+0000] {processor.py:914} INFO - Processing file /home/airflow/.local/lib/python3.12/site-packages/airflow/example_dags/example_bash_operator.py for tasks to queue
[2025-03-06T04:34:31.166+0000] {logging_mixin.py:190} INFO - [2025-03-06T04:34:31.166+0000] {dagbag.py:588} INFO - Filling up the DagBag from /home/airflow/.local/lib/python3.12/site-packages/airflow/example_dags/example_bash_operator.py
[2025-03-06T04:34:31.182+0000] {processor.py:925} INFO - DAG(s) 'example_bash_operator' retrieved from /home/airflow/.local/lib/python3.12/site-packages/airflow/example_dags/example_bash_operator.py
[2025-03-06T04:34:31.218+0000] {logging_mixin.py:190} INFO - [2025-03-06T04:34:31.218+0000] {dag.py:3239} INFO - Sync 1 DAGs
[2025-03-06T04:34:31.249+0000] {logging_mixin.py:190} INFO - [2025-03-06T04:34:31.249+0000] {dag.py:4180} INFO - Setting next_dagrun for example_bash_operator to 2025-03-05 00:00:00+00:00, run_after=2025-03-06 00:00:00+00:00
[2025-03-06T04:34:31.280+0000] {processor.py:208} INFO - Processing /home/airflow/.local/lib/python3.12/site-packages/airflow/example_dags/example_bash_operator.py took 0.125 seconds
[2025-03-06T04:35:01.638+0000] {processor.py:186} INFO - Started process (PID=14470) to work on /home/airflow/.local/lib/python3.12/site-packages/airflow/example_dags/example_bash_operator.py
[2025-03-06T04:35:01.640+0000] {processor.py:914} INFO - Processing file /home/airflow/.local/lib/python3.12/site-packages/airflow/example_dags/example_bash_operator.py for tasks to queue
[2025-03-06T04:35:01.643+0000] {logging_mixin.py:190} INFO - [2025-03-06T04:35:01.642+0000] {dagbag.py:588} INFO - Filling up the DagBag from /home/airflow/.local/lib/python3.12/site-packages/airflow/example_dags/example_bash_operator.py
[2025-03-06T04:35:01.658+0000] {processor.py:925} INFO - DAG(s) 'example_bash_operator' retrieved from /home/airflow/.local/lib/python3.12/site-packages/airflow/example_dags/example_bash_operator.py
[2025-03-06T04:35:01.690+0000] {logging_mixin.py:190} INFO - [2025-03-06T04:35:01.690+0000] {dag.py:3239} INFO - Sync 1 DAGs
[2025-03-06T04:35:01.720+0000] {logging_mixin.py:190} INFO - [2025-03-06T04:35:01.720+0000] {dag.py:4180} INFO - Setting next_dagrun for example_bash_operator to 2025-03-05 00:00:00+00:00, run_after=2025-03-06 00:00:00+00:00
[2025-03-06T04:35:01.743+0000] {processor.py:208} INFO - Processing /home/airflow/.local/lib/python3.12/site-packages/airflow/example_dags/example_bash_operator.py took 0.113 seconds
[2025-03-06T04:35:32.432+0000] {processor.py:186} INFO - Started process (PID=14545) to work on /home/airflow/.local/lib/python3.12/site-packages/airflow/example_dags/example_bash_operator.py
[2025-03-06T04:35:32.433+0000] {processor.py:914} INFO - Processing file /home/airflow/.local/lib/python3.12/site-packages/airflow/example_dags/example_bash_operator.py for tasks to queue
[2025-03-06T04:35:32.435+0000] {logging_mixin.py:190} INFO - [2025-03-06T04:35:32.435+0000] {dagbag.py:588} INFO - Filling up the DagBag from /home/airflow/.local/lib/python3.12/site-packages/airflow/example_dags/example_bash_operator.py
[2025-03-06T04:35:32.446+0000] {processor.py:925} INFO - DAG(s) 'example_bash_operator' retrieved from /home/airflow/.local/lib/python3.12/site-packages/airflow/example_dags/example_bash_operator.py
[2025-03-06T04:35:32.472+0000] {logging_mixin.py:190} INFO - [2025-03-06T04:35:32.471+0000] {dag.py:3239} INFO - Sync 1 DAGs
[2025-03-06T04:35:32.495+0000] {logging_mixin.py:190} INFO - [2025-03-06T04:35:32.495+0000] {dag.py:4180} INFO - Setting next_dagrun for example_bash_operator to 2025-03-05 00:00:00+00:00, run_after=2025-03-06 00:00:00+00:00
[2025-03-06T04:35:32.518+0000] {processor.py:208} INFO - Processing /home/airflow/.local/lib/python3.12/site-packages/airflow/example_dags/example_bash_operator.py took 0.092 seconds
[2025-03-06T04:36:04.242+0000] {processor.py:186} INFO - Started process (PID=14620) to work on /home/airflow/.local/lib/python3.12/site-packages/airflow/example_dags/example_bash_operator.py
[2025-03-06T04:36:04.244+0000] {processor.py:914} INFO - Processing file /home/airflow/.local/lib/python3.12/site-packages/airflow/example_dags/example_bash_operator.py for tasks to queue
[2025-03-06T04:36:04.249+0000] {logging_mixin.py:190} INFO - [2025-03-06T04:36:04.249+0000] {dagbag.py:588} INFO - Filling up the DagBag from /home/airflow/.local/lib/python3.12/site-packages/airflow/example_dags/example_bash_operator.py
[2025-03-06T04:36:04.266+0000] {processor.py:925} INFO - DAG(s) 'example_bash_operator' retrieved from /home/airflow/.local/lib/python3.12/site-packages/airflow/example_dags/example_bash_operator.py
[2025-03-06T04:36:04.305+0000] {logging_mixin.py:190} INFO - [2025-03-06T04:36:04.305+0000] {dag.py:3239} INFO - Sync 1 DAGs
[2025-03-06T04:36:04.341+0000] {logging_mixin.py:190} INFO - [2025-03-06T04:36:04.341+0000] {dag.py:4180} INFO - Setting next_dagrun for example_bash_operator to 2025-03-05 00:00:00+00:00, run_after=2025-03-06 00:00:00+00:00
[2025-03-06T04:36:04.367+0000] {processor.py:208} INFO - Processing /home/airflow/.local/lib/python3.12/site-packages/airflow/example_dags/example_bash_operator.py took 0.132 seconds
[2025-03-06T04:36:36.498+0000] {processor.py:186} INFO - Started process (PID=14695) to work on /home/airflow/.local/lib/python3.12/site-packages/airflow/example_dags/example_bash_operator.py
[2025-03-06T04:36:36.500+0000] {processor.py:914} INFO - Processing file /home/airflow/.local/lib/python3.12/site-packages/airflow/example_dags/example_bash_operator.py for tasks to queue
[2025-03-06T04:36:36.502+0000] {logging_mixin.py:190} INFO - [2025-03-06T04:36:36.502+0000] {dagbag.py:588} INFO - Filling up the DagBag from /home/airflow/.local/lib/python3.12/site-packages/airflow/example_dags/example_bash_operator.py
[2025-03-06T04:36:36.515+0000] {processor.py:925} INFO - DAG(s) 'example_bash_operator' retrieved from /home/airflow/.local/lib/python3.12/site-packages/airflow/example_dags/example_bash_operator.py
[2025-03-06T04:36:36.538+0000] {logging_mixin.py:190} INFO - [2025-03-06T04:36:36.538+0000] {dag.py:3239} INFO - Sync 1 DAGs
[2025-03-06T04:36:36.560+0000] {logging_mixin.py:190} INFO - [2025-03-06T04:36:36.560+0000] {dag.py:4180} INFO - Setting next_dagrun for example_bash_operator to 2025-03-05 00:00:00+00:00, run_after=2025-03-06 00:00:00+00:00
[2025-03-06T04:36:36.580+0000] {processor.py:208} INFO - Processing /home/airflow/.local/lib/python3.12/site-packages/airflow/example_dags/example_bash_operator.py took 0.087 seconds
[2025-03-06T04:37:07.528+0000] {processor.py:186} INFO - Started process (PID=14771) to work on /home/airflow/.local/lib/python3.12/site-packages/airflow/example_dags/example_bash_operator.py
[2025-03-06T04:37:07.530+0000] {processor.py:914} INFO - Processing file /home/airflow/.local/lib/python3.12/site-packages/airflow/example_dags/example_bash_operator.py for tasks to queue
[2025-03-06T04:37:07.532+0000] {logging_mixin.py:190} INFO - [2025-03-06T04:37:07.531+0000] {dagbag.py:588} INFO - Filling up the DagBag from /home/airflow/.local/lib/python3.12/site-packages/airflow/example_dags/example_bash_operator.py
[2025-03-06T04:37:07.543+0000] {processor.py:925} INFO - DAG(s) 'example_bash_operator' retrieved from /home/airflow/.local/lib/python3.12/site-packages/airflow/example_dags/example_bash_operator.py
[2025-03-06T04:37:07.568+0000] {logging_mixin.py:190} INFO - [2025-03-06T04:37:07.567+0000] {dag.py:3239} INFO - Sync 1 DAGs
[2025-03-06T04:37:07.588+0000] {logging_mixin.py:190} INFO - [2025-03-06T04:37:07.588+0000] {dag.py:4180} INFO - Setting next_dagrun for example_bash_operator to 2025-03-05 00:00:00+00:00, run_after=2025-03-06 00:00:00+00:00
[2025-03-06T04:37:07.606+0000] {processor.py:208} INFO - Processing /home/airflow/.local/lib/python3.12/site-packages/airflow/example_dags/example_bash_operator.py took 0.082 seconds
[2025-03-06T04:37:38.676+0000] {processor.py:186} INFO - Started process (PID=14846) to work on /home/airflow/.local/lib/python3.12/site-packages/airflow/example_dags/example_bash_operator.py
[2025-03-06T04:37:38.677+0000] {processor.py:914} INFO - Processing file /home/airflow/.local/lib/python3.12/site-packages/airflow/example_dags/example_bash_operator.py for tasks to queue
[2025-03-06T04:37:38.679+0000] {logging_mixin.py:190} INFO - [2025-03-06T04:37:38.679+0000] {dagbag.py:588} INFO - Filling up the DagBag from /home/airflow/.local/lib/python3.12/site-packages/airflow/example_dags/example_bash_operator.py
[2025-03-06T04:37:38.690+0000] {processor.py:925} INFO - DAG(s) 'example_bash_operator' retrieved from /home/airflow/.local/lib/python3.12/site-packages/airflow/example_dags/example_bash_operator.py
[2025-03-06T04:37:38.715+0000] {logging_mixin.py:190} INFO - [2025-03-06T04:37:38.715+0000] {dag.py:3239} INFO - Sync 1 DAGs
[2025-03-06T04:37:38.734+0000] {logging_mixin.py:190} INFO - [2025-03-06T04:37:38.733+0000] {dag.py:4180} INFO - Setting next_dagrun for example_bash_operator to 2025-03-05 00:00:00+00:00, run_after=2025-03-06 00:00:00+00:00
[2025-03-06T04:37:38.748+0000] {processor.py:208} INFO - Processing /home/airflow/.local/lib/python3.12/site-packages/airflow/example_dags/example_bash_operator.py took 0.077 seconds
[2025-03-06T04:38:09.354+0000] {processor.py:186} INFO - Started process (PID=14921) to work on /home/airflow/.local/lib/python3.12/site-packages/airflow/example_dags/example_bash_operator.py
[2025-03-06T04:38:09.355+0000] {processor.py:914} INFO - Processing file /home/airflow/.local/lib/python3.12/site-packages/airflow/example_dags/example_bash_operator.py for tasks to queue
[2025-03-06T04:38:09.358+0000] {logging_mixin.py:190} INFO - [2025-03-06T04:38:09.357+0000] {dagbag.py:588} INFO - Filling up the DagBag from /home/airflow/.local/lib/python3.12/site-packages/airflow/example_dags/example_bash_operator.py
[2025-03-06T04:38:09.368+0000] {processor.py:925} INFO - DAG(s) 'example_bash_operator' retrieved from /home/airflow/.local/lib/python3.12/site-packages/airflow/example_dags/example_bash_operator.py
[2025-03-06T04:38:09.391+0000] {logging_mixin.py:190} INFO - [2025-03-06T04:38:09.391+0000] {dag.py:3239} INFO - Sync 1 DAGs
[2025-03-06T04:38:09.413+0000] {logging_mixin.py:190} INFO - [2025-03-06T04:38:09.412+0000] {dag.py:4180} INFO - Setting next_dagrun for example_bash_operator to 2025-03-05 00:00:00+00:00, run_after=2025-03-06 00:00:00+00:00
[2025-03-06T04:38:09.433+0000] {processor.py:208} INFO - Processing /home/airflow/.local/lib/python3.12/site-packages/airflow/example_dags/example_bash_operator.py took 0.085 seconds
[2025-03-06T04:38:40.734+0000] {processor.py:186} INFO - Started process (PID=14996) to work on /home/airflow/.local/lib/python3.12/site-packages/airflow/example_dags/example_bash_operator.py
[2025-03-06T04:38:40.735+0000] {processor.py:914} INFO - Processing file /home/airflow/.local/lib/python3.12/site-packages/airflow/example_dags/example_bash_operator.py for tasks to queue
[2025-03-06T04:38:40.738+0000] {logging_mixin.py:190} INFO - [2025-03-06T04:38:40.737+0000] {dagbag.py:588} INFO - Filling up the DagBag from /home/airflow/.local/lib/python3.12/site-packages/airflow/example_dags/example_bash_operator.py
[2025-03-06T04:38:40.748+0000] {processor.py:925} INFO - DAG(s) 'example_bash_operator' retrieved from /home/airflow/.local/lib/python3.12/site-packages/airflow/example_dags/example_bash_operator.py
[2025-03-06T04:38:40.769+0000] {logging_mixin.py:190} INFO - [2025-03-06T04:38:40.769+0000] {dag.py:3239} INFO - Sync 1 DAGs
[2025-03-06T04:38:40.788+0000] {logging_mixin.py:190} INFO - [2025-03-06T04:38:40.788+0000] {dag.py:4180} INFO - Setting next_dagrun for example_bash_operator to 2025-03-05 00:00:00+00:00, run_after=2025-03-06 00:00:00+00:00
[2025-03-06T04:38:40.806+0000] {processor.py:208} INFO - Processing /home/airflow/.local/lib/python3.12/site-packages/airflow/example_dags/example_bash_operator.py took 0.077 seconds
[2025-03-06T04:39:13.160+0000] {processor.py:186} INFO - Started process (PID=15071) to work on /home/airflow/.local/lib/python3.12/site-packages/airflow/example_dags/example_bash_operator.py
[2025-03-06T04:39:13.161+0000] {processor.py:914} INFO - Processing file /home/airflow/.local/lib/python3.12/site-packages/airflow/example_dags/example_bash_operator.py for tasks to queue
[2025-03-06T04:39:13.163+0000] {logging_mixin.py:190} INFO - [2025-03-06T04:39:13.162+0000] {dagbag.py:588} INFO - Filling up the DagBag from /home/airflow/.local/lib/python3.12/site-packages/airflow/example_dags/example_bash_operator.py
[2025-03-06T04:39:13.173+0000] {processor.py:925} INFO - DAG(s) 'example_bash_operator' retrieved from /home/airflow/.local/lib/python3.12/site-packages/airflow/example_dags/example_bash_operator.py
[2025-03-06T04:39:13.194+0000] {logging_mixin.py:190} INFO - [2025-03-06T04:39:13.194+0000] {dag.py:3239} INFO - Sync 1 DAGs
[2025-03-06T04:39:13.214+0000] {logging_mixin.py:190} INFO - [2025-03-06T04:39:13.214+0000] {dag.py:4180} INFO - Setting next_dagrun for example_bash_operator to 2025-03-05 00:00:00+00:00, run_after=2025-03-06 00:00:00+00:00
[2025-03-06T04:39:13.232+0000] {processor.py:208} INFO - Processing /home/airflow/.local/lib/python3.12/site-packages/airflow/example_dags/example_bash_operator.py took 0.077 seconds
[2025-03-06T04:39:44.390+0000] {processor.py:186} INFO - Started process (PID=15153) to work on /home/airflow/.local/lib/python3.12/site-packages/airflow/example_dags/example_bash_operator.py
[2025-03-06T04:39:44.392+0000] {processor.py:914} INFO - Processing file /home/airflow/.local/lib/python3.12/site-packages/airflow/example_dags/example_bash_operator.py for tasks to queue
[2025-03-06T04:39:44.394+0000] {logging_mixin.py:190} INFO - [2025-03-06T04:39:44.393+0000] {dagbag.py:588} INFO - Filling up the DagBag from /home/airflow/.local/lib/python3.12/site-packages/airflow/example_dags/example_bash_operator.py
[2025-03-06T04:39:44.404+0000] {processor.py:925} INFO - DAG(s) 'example_bash_operator' retrieved from /home/airflow/.local/lib/python3.12/site-packages/airflow/example_dags/example_bash_operator.py
[2025-03-06T04:39:44.425+0000] {logging_mixin.py:190} INFO - [2025-03-06T04:39:44.425+0000] {dag.py:3239} INFO - Sync 1 DAGs
[2025-03-06T04:39:44.442+0000] {logging_mixin.py:190} INFO - [2025-03-06T04:39:44.442+0000] {dag.py:4180} INFO - Setting next_dagrun for example_bash_operator to 2025-03-05 00:00:00+00:00, run_after=2025-03-06 00:00:00+00:00
[2025-03-06T04:39:44.463+0000] {processor.py:208} INFO - Processing /home/airflow/.local/lib/python3.12/site-packages/airflow/example_dags/example_bash_operator.py took 0.077 seconds
[2025-03-06T04:40:15.524+0000] {processor.py:186} INFO - Started process (PID=15228) to work on /home/airflow/.local/lib/python3.12/site-packages/airflow/example_dags/example_bash_operator.py
[2025-03-06T04:40:15.525+0000] {processor.py:914} INFO - Processing file /home/airflow/.local/lib/python3.12/site-packages/airflow/example_dags/example_bash_operator.py for tasks to queue
[2025-03-06T04:40:15.527+0000] {logging_mixin.py:190} INFO - [2025-03-06T04:40:15.526+0000] {dagbag.py:588} INFO - Filling up the DagBag from /home/airflow/.local/lib/python3.12/site-packages/airflow/example_dags/example_bash_operator.py
[2025-03-06T04:40:15.538+0000] {processor.py:925} INFO - DAG(s) 'example_bash_operator' retrieved from /home/airflow/.local/lib/python3.12/site-packages/airflow/example_dags/example_bash_operator.py
[2025-03-06T04:40:15.559+0000] {logging_mixin.py:190} INFO - [2025-03-06T04:40:15.559+0000] {dag.py:3239} INFO - Sync 1 DAGs
[2025-03-06T04:40:15.578+0000] {logging_mixin.py:190} INFO - [2025-03-06T04:40:15.578+0000] {dag.py:4180} INFO - Setting next_dagrun for example_bash_operator to 2025-03-05 00:00:00+00:00, run_after=2025-03-06 00:00:00+00:00
[2025-03-06T04:40:15.594+0000] {processor.py:208} INFO - Processing /home/airflow/.local/lib/python3.12/site-packages/airflow/example_dags/example_bash_operator.py took 0.076 seconds
[2025-03-06T04:40:46.384+0000] {processor.py:186} INFO - Started process (PID=15303) to work on /home/airflow/.local/lib/python3.12/site-packages/airflow/example_dags/example_bash_operator.py
[2025-03-06T04:40:46.385+0000] {processor.py:914} INFO - Processing file /home/airflow/.local/lib/python3.12/site-packages/airflow/example_dags/example_bash_operator.py for tasks to queue
[2025-03-06T04:40:46.387+0000] {logging_mixin.py:190} INFO - [2025-03-06T04:40:46.387+0000] {dagbag.py:588} INFO - Filling up the DagBag from /home/airflow/.local/lib/python3.12/site-packages/airflow/example_dags/example_bash_operator.py
[2025-03-06T04:40:46.398+0000] {processor.py:925} INFO - DAG(s) 'example_bash_operator' retrieved from /home/airflow/.local/lib/python3.12/site-packages/airflow/example_dags/example_bash_operator.py
[2025-03-06T04:40:46.422+0000] {logging_mixin.py:190} INFO - [2025-03-06T04:40:46.421+0000] {dag.py:3239} INFO - Sync 1 DAGs
[2025-03-06T04:40:46.440+0000] {logging_mixin.py:190} INFO - [2025-03-06T04:40:46.440+0000] {dag.py:4180} INFO - Setting next_dagrun for example_bash_operator to 2025-03-05 00:00:00+00:00, run_after=2025-03-06 00:00:00+00:00
[2025-03-06T04:40:46.456+0000] {processor.py:208} INFO - Processing /home/airflow/.local/lib/python3.12/site-packages/airflow/example_dags/example_bash_operator.py took 0.078 seconds
[2025-03-06T04:41:17.657+0000] {processor.py:186} INFO - Started process (PID=15378) to work on /home/airflow/.local/lib/python3.12/site-packages/airflow/example_dags/example_bash_operator.py
[2025-03-06T04:41:17.658+0000] {processor.py:914} INFO - Processing file /home/airflow/.local/lib/python3.12/site-packages/airflow/example_dags/example_bash_operator.py for tasks to queue
[2025-03-06T04:41:17.660+0000] {logging_mixin.py:190} INFO - [2025-03-06T04:41:17.660+0000] {dagbag.py:588} INFO - Filling up the DagBag from /home/airflow/.local/lib/python3.12/site-packages/airflow/example_dags/example_bash_operator.py
[2025-03-06T04:41:17.674+0000] {processor.py:925} INFO - DAG(s) 'example_bash_operator' retrieved from /home/airflow/.local/lib/python3.12/site-packages/airflow/example_dags/example_bash_operator.py
[2025-03-06T04:41:17.694+0000] {logging_mixin.py:190} INFO - [2025-03-06T04:41:17.694+0000] {dag.py:3239} INFO - Sync 1 DAGs
[2025-03-06T04:41:17.712+0000] {logging_mixin.py:190} INFO - [2025-03-06T04:41:17.712+0000] {dag.py:4180} INFO - Setting next_dagrun for example_bash_operator to 2025-03-05 00:00:00+00:00, run_after=2025-03-06 00:00:00+00:00
[2025-03-06T04:41:17.732+0000] {processor.py:208} INFO - Processing /home/airflow/.local/lib/python3.12/site-packages/airflow/example_dags/example_bash_operator.py took 0.080 seconds
[2025-03-06T04:41:48.887+0000] {processor.py:186} INFO - Started process (PID=15453) to work on /home/airflow/.local/lib/python3.12/site-packages/airflow/example_dags/example_bash_operator.py
[2025-03-06T04:41:48.888+0000] {processor.py:914} INFO - Processing file /home/airflow/.local/lib/python3.12/site-packages/airflow/example_dags/example_bash_operator.py for tasks to queue
[2025-03-06T04:41:48.890+0000] {logging_mixin.py:190} INFO - [2025-03-06T04:41:48.890+0000] {dagbag.py:588} INFO - Filling up the DagBag from /home/airflow/.local/lib/python3.12/site-packages/airflow/example_dags/example_bash_operator.py
[2025-03-06T04:41:48.907+0000] {processor.py:925} INFO - DAG(s) 'example_bash_operator' retrieved from /home/airflow/.local/lib/python3.12/site-packages/airflow/example_dags/example_bash_operator.py
[2025-03-06T04:41:48.929+0000] {logging_mixin.py:190} INFO - [2025-03-06T04:41:48.929+0000] {dag.py:3239} INFO - Sync 1 DAGs
[2025-03-06T04:41:48.948+0000] {logging_mixin.py:190} INFO - [2025-03-06T04:41:48.948+0000] {dag.py:4180} INFO - Setting next_dagrun for example_bash_operator to 2025-03-05 00:00:00+00:00, run_after=2025-03-06 00:00:00+00:00
[2025-03-06T04:41:48.961+0000] {processor.py:208} INFO - Processing /home/airflow/.local/lib/python3.12/site-packages/airflow/example_dags/example_bash_operator.py took 0.079 seconds
[2025-03-06T04:42:20.234+0000] {processor.py:186} INFO - Started process (PID=15528) to work on /home/airflow/.local/lib/python3.12/site-packages/airflow/example_dags/example_bash_operator.py
[2025-03-06T04:42:20.236+0000] {processor.py:914} INFO - Processing file /home/airflow/.local/lib/python3.12/site-packages/airflow/example_dags/example_bash_operator.py for tasks to queue
[2025-03-06T04:42:20.238+0000] {logging_mixin.py:190} INFO - [2025-03-06T04:42:20.238+0000] {dagbag.py:588} INFO - Filling up the DagBag from /home/airflow/.local/lib/python3.12/site-packages/airflow/example_dags/example_bash_operator.py
[2025-03-06T04:42:20.249+0000] {processor.py:925} INFO - DAG(s) 'example_bash_operator' retrieved from /home/airflow/.local/lib/python3.12/site-packages/airflow/example_dags/example_bash_operator.py
[2025-03-06T04:42:20.270+0000] {logging_mixin.py:190} INFO - [2025-03-06T04:42:20.270+0000] {dag.py:3239} INFO - Sync 1 DAGs
[2025-03-06T04:42:20.289+0000] {logging_mixin.py:190} INFO - [2025-03-06T04:42:20.288+0000] {dag.py:4180} INFO - Setting next_dagrun for example_bash_operator to 2025-03-05 00:00:00+00:00, run_after=2025-03-06 00:00:00+00:00
[2025-03-06T04:42:20.304+0000] {processor.py:208} INFO - Processing /home/airflow/.local/lib/python3.12/site-packages/airflow/example_dags/example_bash_operator.py took 0.075 seconds
[2025-03-06T11:01:18.192+0000] {processor.py:186} INFO - Started process (PID=160) to work on /home/airflow/.local/lib/python3.12/site-packages/airflow/example_dags/example_bash_operator.py
[2025-03-06T11:01:18.193+0000] {processor.py:914} INFO - Processing file /home/airflow/.local/lib/python3.12/site-packages/airflow/example_dags/example_bash_operator.py for tasks to queue
[2025-03-06T11:01:18.197+0000] {logging_mixin.py:190} INFO - [2025-03-06T11:01:18.197+0000] {dagbag.py:588} INFO - Filling up the DagBag from /home/airflow/.local/lib/python3.12/site-packages/airflow/example_dags/example_bash_operator.py
[2025-03-06T11:01:18.220+0000] {processor.py:925} INFO - DAG(s) 'example_bash_operator' retrieved from /home/airflow/.local/lib/python3.12/site-packages/airflow/example_dags/example_bash_operator.py
[2025-03-06T11:01:18.267+0000] {logging_mixin.py:190} INFO - [2025-03-06T11:01:18.267+0000] {dag.py:3239} INFO - Sync 1 DAGs
[2025-03-06T11:01:18.332+0000] {logging_mixin.py:190} INFO - [2025-03-06T11:01:18.331+0000] {dag.py:4180} INFO - Setting next_dagrun for example_bash_operator to 2025-03-05 00:00:00+00:00, run_after=2025-03-06 00:00:00+00:00
[2025-03-06T11:01:18.366+0000] {processor.py:208} INFO - Processing /home/airflow/.local/lib/python3.12/site-packages/airflow/example_dags/example_bash_operator.py took 0.183 seconds
[2025-03-06T11:01:48.862+0000] {processor.py:186} INFO - Started process (PID=235) to work on /home/airflow/.local/lib/python3.12/site-packages/airflow/example_dags/example_bash_operator.py
[2025-03-06T11:01:48.865+0000] {processor.py:914} INFO - Processing file /home/airflow/.local/lib/python3.12/site-packages/airflow/example_dags/example_bash_operator.py for tasks to queue
[2025-03-06T11:01:48.867+0000] {logging_mixin.py:190} INFO - [2025-03-06T11:01:48.867+0000] {dagbag.py:588} INFO - Filling up the DagBag from /home/airflow/.local/lib/python3.12/site-packages/airflow/example_dags/example_bash_operator.py
[2025-03-06T11:01:48.879+0000] {processor.py:925} INFO - DAG(s) 'example_bash_operator' retrieved from /home/airflow/.local/lib/python3.12/site-packages/airflow/example_dags/example_bash_operator.py
[2025-03-06T11:01:48.902+0000] {logging_mixin.py:190} INFO - [2025-03-06T11:01:48.902+0000] {dag.py:3239} INFO - Sync 1 DAGs
[2025-03-06T11:01:48.922+0000] {logging_mixin.py:190} INFO - [2025-03-06T11:01:48.921+0000] {dag.py:4180} INFO - Setting next_dagrun for example_bash_operator to 2025-03-05 00:00:00+00:00, run_after=2025-03-06 00:00:00+00:00
[2025-03-06T11:01:48.941+0000] {processor.py:208} INFO - Processing /home/airflow/.local/lib/python3.12/site-packages/airflow/example_dags/example_bash_operator.py took 0.085 seconds
[2025-03-06T11:02:19.828+0000] {processor.py:186} INFO - Started process (PID=310) to work on /home/airflow/.local/lib/python3.12/site-packages/airflow/example_dags/example_bash_operator.py
[2025-03-06T11:02:19.829+0000] {processor.py:914} INFO - Processing file /home/airflow/.local/lib/python3.12/site-packages/airflow/example_dags/example_bash_operator.py for tasks to queue
[2025-03-06T11:02:19.831+0000] {logging_mixin.py:190} INFO - [2025-03-06T11:02:19.831+0000] {dagbag.py:588} INFO - Filling up the DagBag from /home/airflow/.local/lib/python3.12/site-packages/airflow/example_dags/example_bash_operator.py
[2025-03-06T11:02:19.844+0000] {processor.py:925} INFO - DAG(s) 'example_bash_operator' retrieved from /home/airflow/.local/lib/python3.12/site-packages/airflow/example_dags/example_bash_operator.py
[2025-03-06T11:02:19.873+0000] {logging_mixin.py:190} INFO - [2025-03-06T11:02:19.872+0000] {dag.py:3239} INFO - Sync 1 DAGs
[2025-03-06T11:02:19.902+0000] {logging_mixin.py:190} INFO - [2025-03-06T11:02:19.902+0000] {dag.py:4180} INFO - Setting next_dagrun for example_bash_operator to 2025-03-05 00:00:00+00:00, run_after=2025-03-06 00:00:00+00:00
[2025-03-06T11:02:19.923+0000] {processor.py:208} INFO - Processing /home/airflow/.local/lib/python3.12/site-packages/airflow/example_dags/example_bash_operator.py took 0.101 seconds
[2025-03-06T11:02:51.415+0000] {processor.py:186} INFO - Started process (PID=385) to work on /home/airflow/.local/lib/python3.12/site-packages/airflow/example_dags/example_bash_operator.py
[2025-03-06T11:02:51.416+0000] {processor.py:914} INFO - Processing file /home/airflow/.local/lib/python3.12/site-packages/airflow/example_dags/example_bash_operator.py for tasks to queue
[2025-03-06T11:02:51.420+0000] {logging_mixin.py:190} INFO - [2025-03-06T11:02:51.419+0000] {dagbag.py:588} INFO - Filling up the DagBag from /home/airflow/.local/lib/python3.12/site-packages/airflow/example_dags/example_bash_operator.py
[2025-03-06T11:02:51.437+0000] {processor.py:925} INFO - DAG(s) 'example_bash_operator' retrieved from /home/airflow/.local/lib/python3.12/site-packages/airflow/example_dags/example_bash_operator.py
[2025-03-06T11:02:51.474+0000] {logging_mixin.py:190} INFO - [2025-03-06T11:02:51.474+0000] {dag.py:3239} INFO - Sync 1 DAGs
[2025-03-06T11:02:51.506+0000] {logging_mixin.py:190} INFO - [2025-03-06T11:02:51.506+0000] {dag.py:4180} INFO - Setting next_dagrun for example_bash_operator to 2025-03-05 00:00:00+00:00, run_after=2025-03-06 00:00:00+00:00
[2025-03-06T11:02:51.534+0000] {processor.py:208} INFO - Processing /home/airflow/.local/lib/python3.12/site-packages/airflow/example_dags/example_bash_operator.py took 0.128 seconds
[2025-03-06T11:03:21.731+0000] {processor.py:186} INFO - Started process (PID=460) to work on /home/airflow/.local/lib/python3.12/site-packages/airflow/example_dags/example_bash_operator.py
[2025-03-06T11:03:21.732+0000] {processor.py:914} INFO - Processing file /home/airflow/.local/lib/python3.12/site-packages/airflow/example_dags/example_bash_operator.py for tasks to queue
[2025-03-06T11:03:21.734+0000] {logging_mixin.py:190} INFO - [2025-03-06T11:03:21.734+0000] {dagbag.py:588} INFO - Filling up the DagBag from /home/airflow/.local/lib/python3.12/site-packages/airflow/example_dags/example_bash_operator.py
[2025-03-06T11:03:21.745+0000] {processor.py:925} INFO - DAG(s) 'example_bash_operator' retrieved from /home/airflow/.local/lib/python3.12/site-packages/airflow/example_dags/example_bash_operator.py
[2025-03-06T11:03:21.767+0000] {logging_mixin.py:190} INFO - [2025-03-06T11:03:21.767+0000] {dag.py:3239} INFO - Sync 1 DAGs
[2025-03-06T11:03:21.785+0000] {logging_mixin.py:190} INFO - [2025-03-06T11:03:21.784+0000] {dag.py:4180} INFO - Setting next_dagrun for example_bash_operator to 2025-03-05 00:00:00+00:00, run_after=2025-03-06 00:00:00+00:00
[2025-03-06T11:03:21.800+0000] {processor.py:208} INFO - Processing /home/airflow/.local/lib/python3.12/site-packages/airflow/example_dags/example_bash_operator.py took 0.074 seconds
[2025-03-06T11:03:52.226+0000] {processor.py:186} INFO - Started process (PID=535) to work on /home/airflow/.local/lib/python3.12/site-packages/airflow/example_dags/example_bash_operator.py
[2025-03-06T11:03:52.227+0000] {processor.py:914} INFO - Processing file /home/airflow/.local/lib/python3.12/site-packages/airflow/example_dags/example_bash_operator.py for tasks to queue
[2025-03-06T11:03:52.229+0000] {logging_mixin.py:190} INFO - [2025-03-06T11:03:52.229+0000] {dagbag.py:588} INFO - Filling up the DagBag from /home/airflow/.local/lib/python3.12/site-packages/airflow/example_dags/example_bash_operator.py
[2025-03-06T11:03:52.241+0000] {processor.py:925} INFO - DAG(s) 'example_bash_operator' retrieved from /home/airflow/.local/lib/python3.12/site-packages/airflow/example_dags/example_bash_operator.py
[2025-03-06T11:03:52.264+0000] {logging_mixin.py:190} INFO - [2025-03-06T11:03:52.264+0000] {dag.py:3239} INFO - Sync 1 DAGs
[2025-03-06T11:03:52.286+0000] {logging_mixin.py:190} INFO - [2025-03-06T11:03:52.285+0000] {dag.py:4180} INFO - Setting next_dagrun for example_bash_operator to 2025-03-05 00:00:00+00:00, run_after=2025-03-06 00:00:00+00:00
[2025-03-06T11:03:52.305+0000] {processor.py:208} INFO - Processing /home/airflow/.local/lib/python3.12/site-packages/airflow/example_dags/example_bash_operator.py took 0.084 seconds
[2025-03-06T11:04:22.946+0000] {processor.py:186} INFO - Started process (PID=610) to work on /home/airflow/.local/lib/python3.12/site-packages/airflow/example_dags/example_bash_operator.py
[2025-03-06T11:04:22.947+0000] {processor.py:914} INFO - Processing file /home/airflow/.local/lib/python3.12/site-packages/airflow/example_dags/example_bash_operator.py for tasks to queue
[2025-03-06T11:04:22.949+0000] {logging_mixin.py:190} INFO - [2025-03-06T11:04:22.949+0000] {dagbag.py:588} INFO - Filling up the DagBag from /home/airflow/.local/lib/python3.12/site-packages/airflow/example_dags/example_bash_operator.py
[2025-03-06T11:04:22.963+0000] {processor.py:925} INFO - DAG(s) 'example_bash_operator' retrieved from /home/airflow/.local/lib/python3.12/site-packages/airflow/example_dags/example_bash_operator.py
[2025-03-06T11:04:22.987+0000] {logging_mixin.py:190} INFO - [2025-03-06T11:04:22.986+0000] {dag.py:3239} INFO - Sync 1 DAGs
[2025-03-06T11:04:23.009+0000] {logging_mixin.py:190} INFO - [2025-03-06T11:04:23.008+0000] {dag.py:4180} INFO - Setting next_dagrun for example_bash_operator to 2025-03-05 00:00:00+00:00, run_after=2025-03-06 00:00:00+00:00
[2025-03-06T11:04:23.027+0000] {processor.py:208} INFO - Processing /home/airflow/.local/lib/python3.12/site-packages/airflow/example_dags/example_bash_operator.py took 0.086 seconds
[2025-03-06T11:04:54.514+0000] {processor.py:186} INFO - Started process (PID=686) to work on /home/airflow/.local/lib/python3.12/site-packages/airflow/example_dags/example_bash_operator.py
[2025-03-06T11:04:54.515+0000] {processor.py:914} INFO - Processing file /home/airflow/.local/lib/python3.12/site-packages/airflow/example_dags/example_bash_operator.py for tasks to queue
[2025-03-06T11:04:54.519+0000] {logging_mixin.py:190} INFO - [2025-03-06T11:04:54.518+0000] {dagbag.py:588} INFO - Filling up the DagBag from /home/airflow/.local/lib/python3.12/site-packages/airflow/example_dags/example_bash_operator.py
[2025-03-06T11:04:54.537+0000] {processor.py:925} INFO - DAG(s) 'example_bash_operator' retrieved from /home/airflow/.local/lib/python3.12/site-packages/airflow/example_dags/example_bash_operator.py
[2025-03-06T11:04:54.570+0000] {logging_mixin.py:190} INFO - [2025-03-06T11:04:54.569+0000] {dag.py:3239} INFO - Sync 1 DAGs
[2025-03-06T11:04:54.608+0000] {logging_mixin.py:190} INFO - [2025-03-06T11:04:54.607+0000] {dag.py:4180} INFO - Setting next_dagrun for example_bash_operator to 2025-03-05 00:00:00+00:00, run_after=2025-03-06 00:00:00+00:00
[2025-03-06T11:04:54.638+0000] {processor.py:208} INFO - Processing /home/airflow/.local/lib/python3.12/site-packages/airflow/example_dags/example_bash_operator.py took 0.132 seconds
[2025-03-06T11:05:25.788+0000] {processor.py:186} INFO - Started process (PID=785) to work on /home/airflow/.local/lib/python3.12/site-packages/airflow/example_dags/example_bash_operator.py
[2025-03-06T11:05:25.790+0000] {processor.py:914} INFO - Processing file /home/airflow/.local/lib/python3.12/site-packages/airflow/example_dags/example_bash_operator.py for tasks to queue
[2025-03-06T11:05:25.793+0000] {logging_mixin.py:190} INFO - [2025-03-06T11:05:25.793+0000] {dagbag.py:588} INFO - Filling up the DagBag from /home/airflow/.local/lib/python3.12/site-packages/airflow/example_dags/example_bash_operator.py
[2025-03-06T11:05:25.808+0000] {processor.py:925} INFO - DAG(s) 'example_bash_operator' retrieved from /home/airflow/.local/lib/python3.12/site-packages/airflow/example_dags/example_bash_operator.py
[2025-03-06T11:05:25.837+0000] {logging_mixin.py:190} INFO - [2025-03-06T11:05:25.836+0000] {dag.py:3239} INFO - Sync 1 DAGs
[2025-03-06T11:05:25.862+0000] {logging_mixin.py:190} INFO - [2025-03-06T11:05:25.861+0000] {dag.py:4180} INFO - Setting next_dagrun for example_bash_operator to 2025-03-05 00:00:00+00:00, run_after=2025-03-06 00:00:00+00:00
[2025-03-06T11:05:25.883+0000] {processor.py:208} INFO - Processing /home/airflow/.local/lib/python3.12/site-packages/airflow/example_dags/example_bash_operator.py took 0.102 seconds
[2025-03-06T11:05:58.281+0000] {processor.py:186} INFO - Started process (PID=872) to work on /home/airflow/.local/lib/python3.12/site-packages/airflow/example_dags/example_bash_operator.py
[2025-03-06T11:05:58.283+0000] {processor.py:914} INFO - Processing file /home/airflow/.local/lib/python3.12/site-packages/airflow/example_dags/example_bash_operator.py for tasks to queue
[2025-03-06T11:05:58.287+0000] {logging_mixin.py:190} INFO - [2025-03-06T11:05:58.287+0000] {dagbag.py:588} INFO - Filling up the DagBag from /home/airflow/.local/lib/python3.12/site-packages/airflow/example_dags/example_bash_operator.py
[2025-03-06T11:05:58.316+0000] {processor.py:925} INFO - DAG(s) 'example_bash_operator' retrieved from /home/airflow/.local/lib/python3.12/site-packages/airflow/example_dags/example_bash_operator.py
[2025-03-06T11:05:58.403+0000] {logging_mixin.py:190} INFO - [2025-03-06T11:05:58.402+0000] {dag.py:3239} INFO - Sync 1 DAGs
[2025-03-06T11:05:58.449+0000] {logging_mixin.py:190} INFO - [2025-03-06T11:05:58.448+0000] {dag.py:4180} INFO - Setting next_dagrun for example_bash_operator to 2025-03-05 00:00:00+00:00, run_after=2025-03-06 00:00:00+00:00
[2025-03-06T11:05:58.479+0000] {processor.py:208} INFO - Processing /home/airflow/.local/lib/python3.12/site-packages/airflow/example_dags/example_bash_operator.py took 0.207 seconds
[2025-03-06T11:07:45.932+0000] {processor.py:186} INFO - Started process (PID=975) to work on /home/airflow/.local/lib/python3.12/site-packages/airflow/example_dags/example_bash_operator.py
[2025-03-06T11:07:45.934+0000] {processor.py:914} INFO - Processing file /home/airflow/.local/lib/python3.12/site-packages/airflow/example_dags/example_bash_operator.py for tasks to queue
[2025-03-06T11:07:45.936+0000] {logging_mixin.py:190} INFO - [2025-03-06T11:07:45.936+0000] {dagbag.py:588} INFO - Filling up the DagBag from /home/airflow/.local/lib/python3.12/site-packages/airflow/example_dags/example_bash_operator.py
[2025-03-06T11:07:45.960+0000] {processor.py:925} INFO - DAG(s) 'example_bash_operator' retrieved from /home/airflow/.local/lib/python3.12/site-packages/airflow/example_dags/example_bash_operator.py
[2025-03-06T11:07:46.007+0000] {logging_mixin.py:190} INFO - [2025-03-06T11:07:46.007+0000] {dag.py:3239} INFO - Sync 1 DAGs
[2025-03-06T11:07:46.048+0000] {logging_mixin.py:190} INFO - [2025-03-06T11:07:46.047+0000] {dag.py:4180} INFO - Setting next_dagrun for example_bash_operator to 2025-03-05 00:00:00+00:00, run_after=2025-03-06 00:00:00+00:00
[2025-03-06T11:07:46.085+0000] {processor.py:208} INFO - Processing /home/airflow/.local/lib/python3.12/site-packages/airflow/example_dags/example_bash_operator.py took 0.163 seconds
[2025-03-06T11:08:16.804+0000] {processor.py:186} INFO - Started process (PID=1051) to work on /home/airflow/.local/lib/python3.12/site-packages/airflow/example_dags/example_bash_operator.py
[2025-03-06T11:08:16.806+0000] {processor.py:914} INFO - Processing file /home/airflow/.local/lib/python3.12/site-packages/airflow/example_dags/example_bash_operator.py for tasks to queue
[2025-03-06T11:08:16.808+0000] {logging_mixin.py:190} INFO - [2025-03-06T11:08:16.808+0000] {dagbag.py:588} INFO - Filling up the DagBag from /home/airflow/.local/lib/python3.12/site-packages/airflow/example_dags/example_bash_operator.py
[2025-03-06T11:08:16.827+0000] {processor.py:925} INFO - DAG(s) 'example_bash_operator' retrieved from /home/airflow/.local/lib/python3.12/site-packages/airflow/example_dags/example_bash_operator.py
[2025-03-06T11:08:16.890+0000] {logging_mixin.py:190} INFO - [2025-03-06T11:08:16.889+0000] {dag.py:3239} INFO - Sync 1 DAGs
[2025-03-06T11:08:16.948+0000] {logging_mixin.py:190} INFO - [2025-03-06T11:08:16.948+0000] {dag.py:4180} INFO - Setting next_dagrun for example_bash_operator to 2025-03-05 00:00:00+00:00, run_after=2025-03-06 00:00:00+00:00
[2025-03-06T11:08:16.989+0000] {processor.py:208} INFO - Processing /home/airflow/.local/lib/python3.12/site-packages/airflow/example_dags/example_bash_operator.py took 0.192 seconds
[2025-03-06T11:08:47.464+0000] {processor.py:186} INFO - Started process (PID=1127) to work on /home/airflow/.local/lib/python3.12/site-packages/airflow/example_dags/example_bash_operator.py
[2025-03-06T11:08:47.465+0000] {processor.py:914} INFO - Processing file /home/airflow/.local/lib/python3.12/site-packages/airflow/example_dags/example_bash_operator.py for tasks to queue
[2025-03-06T11:08:47.467+0000] {logging_mixin.py:190} INFO - [2025-03-06T11:08:47.467+0000] {dagbag.py:588} INFO - Filling up the DagBag from /home/airflow/.local/lib/python3.12/site-packages/airflow/example_dags/example_bash_operator.py
[2025-03-06T11:08:47.479+0000] {processor.py:925} INFO - DAG(s) 'example_bash_operator' retrieved from /home/airflow/.local/lib/python3.12/site-packages/airflow/example_dags/example_bash_operator.py
[2025-03-06T11:08:47.506+0000] {logging_mixin.py:190} INFO - [2025-03-06T11:08:47.506+0000] {dag.py:3239} INFO - Sync 1 DAGs
[2025-03-06T11:08:47.527+0000] {logging_mixin.py:190} INFO - [2025-03-06T11:08:47.527+0000] {dag.py:4180} INFO - Setting next_dagrun for example_bash_operator to 2025-03-05 00:00:00+00:00, run_after=2025-03-06 00:00:00+00:00
[2025-03-06T11:08:47.545+0000] {processor.py:208} INFO - Processing /home/airflow/.local/lib/python3.12/site-packages/airflow/example_dags/example_bash_operator.py took 0.086 seconds
[2025-03-06T11:09:18.501+0000] {processor.py:186} INFO - Started process (PID=1203) to work on /home/airflow/.local/lib/python3.12/site-packages/airflow/example_dags/example_bash_operator.py
[2025-03-06T11:09:18.502+0000] {processor.py:914} INFO - Processing file /home/airflow/.local/lib/python3.12/site-packages/airflow/example_dags/example_bash_operator.py for tasks to queue
[2025-03-06T11:09:18.504+0000] {logging_mixin.py:190} INFO - [2025-03-06T11:09:18.504+0000] {dagbag.py:588} INFO - Filling up the DagBag from /home/airflow/.local/lib/python3.12/site-packages/airflow/example_dags/example_bash_operator.py
[2025-03-06T11:09:18.522+0000] {processor.py:925} INFO - DAG(s) 'example_bash_operator' retrieved from /home/airflow/.local/lib/python3.12/site-packages/airflow/example_dags/example_bash_operator.py
[2025-03-06T11:09:18.564+0000] {logging_mixin.py:190} INFO - [2025-03-06T11:09:18.563+0000] {dag.py:3239} INFO - Sync 1 DAGs
[2025-03-06T11:09:18.599+0000] {logging_mixin.py:190} INFO - [2025-03-06T11:09:18.598+0000] {dag.py:4180} INFO - Setting next_dagrun for example_bash_operator to 2025-03-05 00:00:00+00:00, run_after=2025-03-06 00:00:00+00:00
[2025-03-06T11:09:18.624+0000] {processor.py:208} INFO - Processing /home/airflow/.local/lib/python3.12/site-packages/airflow/example_dags/example_bash_operator.py took 0.130 seconds
[2025-03-06T11:09:49.688+0000] {processor.py:186} INFO - Started process (PID=1278) to work on /home/airflow/.local/lib/python3.12/site-packages/airflow/example_dags/example_bash_operator.py
[2025-03-06T11:09:49.690+0000] {processor.py:914} INFO - Processing file /home/airflow/.local/lib/python3.12/site-packages/airflow/example_dags/example_bash_operator.py for tasks to queue
[2025-03-06T11:09:49.692+0000] {logging_mixin.py:190} INFO - [2025-03-06T11:09:49.691+0000] {dagbag.py:588} INFO - Filling up the DagBag from /home/airflow/.local/lib/python3.12/site-packages/airflow/example_dags/example_bash_operator.py
[2025-03-06T11:09:49.709+0000] {processor.py:925} INFO - DAG(s) 'example_bash_operator' retrieved from /home/airflow/.local/lib/python3.12/site-packages/airflow/example_dags/example_bash_operator.py
[2025-03-06T11:09:49.734+0000] {logging_mixin.py:190} INFO - [2025-03-06T11:09:49.733+0000] {dag.py:3239} INFO - Sync 1 DAGs
[2025-03-06T11:09:49.758+0000] {logging_mixin.py:190} INFO - [2025-03-06T11:09:49.757+0000] {dag.py:4180} INFO - Setting next_dagrun for example_bash_operator to 2025-03-05 00:00:00+00:00, run_after=2025-03-06 00:00:00+00:00
[2025-03-06T11:09:49.778+0000] {processor.py:208} INFO - Processing /home/airflow/.local/lib/python3.12/site-packages/airflow/example_dags/example_bash_operator.py took 0.095 seconds
[2025-03-06T11:10:20.722+0000] {processor.py:186} INFO - Started process (PID=1355) to work on /home/airflow/.local/lib/python3.12/site-packages/airflow/example_dags/example_bash_operator.py
[2025-03-06T11:10:20.724+0000] {processor.py:914} INFO - Processing file /home/airflow/.local/lib/python3.12/site-packages/airflow/example_dags/example_bash_operator.py for tasks to queue
[2025-03-06T11:10:20.726+0000] {logging_mixin.py:190} INFO - [2025-03-06T11:10:20.725+0000] {dagbag.py:588} INFO - Filling up the DagBag from /home/airflow/.local/lib/python3.12/site-packages/airflow/example_dags/example_bash_operator.py
[2025-03-06T11:10:20.740+0000] {processor.py:925} INFO - DAG(s) 'example_bash_operator' retrieved from /home/airflow/.local/lib/python3.12/site-packages/airflow/example_dags/example_bash_operator.py
[2025-03-06T11:10:20.766+0000] {logging_mixin.py:190} INFO - [2025-03-06T11:10:20.766+0000] {dag.py:3239} INFO - Sync 1 DAGs
[2025-03-06T11:10:20.790+0000] {logging_mixin.py:190} INFO - [2025-03-06T11:10:20.790+0000] {dag.py:4180} INFO - Setting next_dagrun for example_bash_operator to 2025-03-05 00:00:00+00:00, run_after=2025-03-06 00:00:00+00:00
[2025-03-06T11:10:20.811+0000] {processor.py:208} INFO - Processing /home/airflow/.local/lib/python3.12/site-packages/airflow/example_dags/example_bash_operator.py took 0.093 seconds
[2025-03-06T11:10:51.911+0000] {processor.py:186} INFO - Started process (PID=1431) to work on /home/airflow/.local/lib/python3.12/site-packages/airflow/example_dags/example_bash_operator.py
[2025-03-06T11:10:51.912+0000] {processor.py:914} INFO - Processing file /home/airflow/.local/lib/python3.12/site-packages/airflow/example_dags/example_bash_operator.py for tasks to queue
[2025-03-06T11:10:51.914+0000] {logging_mixin.py:190} INFO - [2025-03-06T11:10:51.913+0000] {dagbag.py:588} INFO - Filling up the DagBag from /home/airflow/.local/lib/python3.12/site-packages/airflow/example_dags/example_bash_operator.py
[2025-03-06T11:10:51.926+0000] {processor.py:925} INFO - DAG(s) 'example_bash_operator' retrieved from /home/airflow/.local/lib/python3.12/site-packages/airflow/example_dags/example_bash_operator.py
[2025-03-06T11:10:51.948+0000] {logging_mixin.py:190} INFO - [2025-03-06T11:10:51.948+0000] {dag.py:3239} INFO - Sync 1 DAGs
[2025-03-06T11:10:51.970+0000] {logging_mixin.py:190} INFO - [2025-03-06T11:10:51.969+0000] {dag.py:4180} INFO - Setting next_dagrun for example_bash_operator to 2025-03-05 00:00:00+00:00, run_after=2025-03-06 00:00:00+00:00
[2025-03-06T11:10:51.985+0000] {processor.py:208} INFO - Processing /home/airflow/.local/lib/python3.12/site-packages/airflow/example_dags/example_bash_operator.py took 0.079 seconds
[2025-03-06T11:11:22.763+0000] {processor.py:186} INFO - Started process (PID=1506) to work on /home/airflow/.local/lib/python3.12/site-packages/airflow/example_dags/example_bash_operator.py
[2025-03-06T11:11:22.764+0000] {processor.py:914} INFO - Processing file /home/airflow/.local/lib/python3.12/site-packages/airflow/example_dags/example_bash_operator.py for tasks to queue
[2025-03-06T11:11:22.766+0000] {logging_mixin.py:190} INFO - [2025-03-06T11:11:22.765+0000] {dagbag.py:588} INFO - Filling up the DagBag from /home/airflow/.local/lib/python3.12/site-packages/airflow/example_dags/example_bash_operator.py
[2025-03-06T11:11:22.783+0000] {processor.py:925} INFO - DAG(s) 'example_bash_operator' retrieved from /home/airflow/.local/lib/python3.12/site-packages/airflow/example_dags/example_bash_operator.py
[2025-03-06T11:11:22.812+0000] {logging_mixin.py:190} INFO - [2025-03-06T11:11:22.812+0000] {dag.py:3239} INFO - Sync 1 DAGs
[2025-03-06T11:11:22.839+0000] {logging_mixin.py:190} INFO - [2025-03-06T11:11:22.839+0000] {dag.py:4180} INFO - Setting next_dagrun for example_bash_operator to 2025-03-05 00:00:00+00:00, run_after=2025-03-06 00:00:00+00:00
[2025-03-06T11:11:22.856+0000] {processor.py:208} INFO - Processing /home/airflow/.local/lib/python3.12/site-packages/airflow/example_dags/example_bash_operator.py took 0.098 seconds
[2025-03-06T11:11:54.064+0000] {processor.py:186} INFO - Started process (PID=1581) to work on /home/airflow/.local/lib/python3.12/site-packages/airflow/example_dags/example_bash_operator.py
[2025-03-06T11:11:54.064+0000] {processor.py:914} INFO - Processing file /home/airflow/.local/lib/python3.12/site-packages/airflow/example_dags/example_bash_operator.py for tasks to queue
[2025-03-06T11:11:54.066+0000] {logging_mixin.py:190} INFO - [2025-03-06T11:11:54.065+0000] {dagbag.py:588} INFO - Filling up the DagBag from /home/airflow/.local/lib/python3.12/site-packages/airflow/example_dags/example_bash_operator.py
[2025-03-06T11:11:54.079+0000] {processor.py:925} INFO - DAG(s) 'example_bash_operator' retrieved from /home/airflow/.local/lib/python3.12/site-packages/airflow/example_dags/example_bash_operator.py
[2025-03-06T11:11:54.103+0000] {logging_mixin.py:190} INFO - [2025-03-06T11:11:54.103+0000] {dag.py:3239} INFO - Sync 1 DAGs
[2025-03-06T11:11:54.127+0000] {logging_mixin.py:190} INFO - [2025-03-06T11:11:54.126+0000] {dag.py:4180} INFO - Setting next_dagrun for example_bash_operator to 2025-03-05 00:00:00+00:00, run_after=2025-03-06 00:00:00+00:00
[2025-03-06T11:11:54.145+0000] {processor.py:208} INFO - Processing /home/airflow/.local/lib/python3.12/site-packages/airflow/example_dags/example_bash_operator.py took 0.086 seconds
[2025-03-06T11:12:24.995+0000] {processor.py:186} INFO - Started process (PID=1656) to work on /home/airflow/.local/lib/python3.12/site-packages/airflow/example_dags/example_bash_operator.py
[2025-03-06T11:12:24.996+0000] {processor.py:914} INFO - Processing file /home/airflow/.local/lib/python3.12/site-packages/airflow/example_dags/example_bash_operator.py for tasks to queue
[2025-03-06T11:12:24.998+0000] {logging_mixin.py:190} INFO - [2025-03-06T11:12:24.998+0000] {dagbag.py:588} INFO - Filling up the DagBag from /home/airflow/.local/lib/python3.12/site-packages/airflow/example_dags/example_bash_operator.py
[2025-03-06T11:12:25.011+0000] {processor.py:925} INFO - DAG(s) 'example_bash_operator' retrieved from /home/airflow/.local/lib/python3.12/site-packages/airflow/example_dags/example_bash_operator.py
[2025-03-06T11:12:25.034+0000] {logging_mixin.py:190} INFO - [2025-03-06T11:12:25.034+0000] {dag.py:3239} INFO - Sync 1 DAGs
[2025-03-06T11:12:25.058+0000] {logging_mixin.py:190} INFO - [2025-03-06T11:12:25.058+0000] {dag.py:4180} INFO - Setting next_dagrun for example_bash_operator to 2025-03-05 00:00:00+00:00, run_after=2025-03-06 00:00:00+00:00
[2025-03-06T11:12:25.076+0000] {processor.py:208} INFO - Processing /home/airflow/.local/lib/python3.12/site-packages/airflow/example_dags/example_bash_operator.py took 0.086 seconds
[2025-03-06T11:12:55.412+0000] {processor.py:186} INFO - Started process (PID=1731) to work on /home/airflow/.local/lib/python3.12/site-packages/airflow/example_dags/example_bash_operator.py
[2025-03-06T11:12:55.413+0000] {processor.py:914} INFO - Processing file /home/airflow/.local/lib/python3.12/site-packages/airflow/example_dags/example_bash_operator.py for tasks to queue
[2025-03-06T11:12:55.415+0000] {logging_mixin.py:190} INFO - [2025-03-06T11:12:55.414+0000] {dagbag.py:588} INFO - Filling up the DagBag from /home/airflow/.local/lib/python3.12/site-packages/airflow/example_dags/example_bash_operator.py
[2025-03-06T11:12:55.428+0000] {processor.py:925} INFO - DAG(s) 'example_bash_operator' retrieved from /home/airflow/.local/lib/python3.12/site-packages/airflow/example_dags/example_bash_operator.py
[2025-03-06T11:12:55.452+0000] {logging_mixin.py:190} INFO - [2025-03-06T11:12:55.452+0000] {dag.py:3239} INFO - Sync 1 DAGs
[2025-03-06T11:12:55.475+0000] {logging_mixin.py:190} INFO - [2025-03-06T11:12:55.475+0000] {dag.py:4180} INFO - Setting next_dagrun for example_bash_operator to 2025-03-05 00:00:00+00:00, run_after=2025-03-06 00:00:00+00:00
[2025-03-06T11:12:55.492+0000] {processor.py:208} INFO - Processing /home/airflow/.local/lib/python3.12/site-packages/airflow/example_dags/example_bash_operator.py took 0.085 seconds
[2025-03-06T11:13:25.563+0000] {processor.py:186} INFO - Started process (PID=1805) to work on /home/airflow/.local/lib/python3.12/site-packages/airflow/example_dags/example_bash_operator.py
[2025-03-06T11:13:25.564+0000] {processor.py:914} INFO - Processing file /home/airflow/.local/lib/python3.12/site-packages/airflow/example_dags/example_bash_operator.py for tasks to queue
[2025-03-06T11:13:25.566+0000] {logging_mixin.py:190} INFO - [2025-03-06T11:13:25.566+0000] {dagbag.py:588} INFO - Filling up the DagBag from /home/airflow/.local/lib/python3.12/site-packages/airflow/example_dags/example_bash_operator.py
[2025-03-06T11:13:25.581+0000] {processor.py:925} INFO - DAG(s) 'example_bash_operator' retrieved from /home/airflow/.local/lib/python3.12/site-packages/airflow/example_dags/example_bash_operator.py
[2025-03-06T11:13:25.606+0000] {logging_mixin.py:190} INFO - [2025-03-06T11:13:25.606+0000] {dag.py:3239} INFO - Sync 1 DAGs
[2025-03-06T11:13:25.630+0000] {logging_mixin.py:190} INFO - [2025-03-06T11:13:25.630+0000] {dag.py:4180} INFO - Setting next_dagrun for example_bash_operator to 2025-03-05 00:00:00+00:00, run_after=2025-03-06 00:00:00+00:00
[2025-03-06T11:13:25.647+0000] {processor.py:208} INFO - Processing /home/airflow/.local/lib/python3.12/site-packages/airflow/example_dags/example_bash_operator.py took 0.090 seconds
[2025-03-06T11:13:56.064+0000] {processor.py:186} INFO - Started process (PID=1880) to work on /home/airflow/.local/lib/python3.12/site-packages/airflow/example_dags/example_bash_operator.py
[2025-03-06T11:13:56.065+0000] {processor.py:914} INFO - Processing file /home/airflow/.local/lib/python3.12/site-packages/airflow/example_dags/example_bash_operator.py for tasks to queue
[2025-03-06T11:13:56.067+0000] {logging_mixin.py:190} INFO - [2025-03-06T11:13:56.066+0000] {dagbag.py:588} INFO - Filling up the DagBag from /home/airflow/.local/lib/python3.12/site-packages/airflow/example_dags/example_bash_operator.py
[2025-03-06T11:13:56.080+0000] {processor.py:925} INFO - DAG(s) 'example_bash_operator' retrieved from /home/airflow/.local/lib/python3.12/site-packages/airflow/example_dags/example_bash_operator.py
[2025-03-06T11:13:56.105+0000] {logging_mixin.py:190} INFO - [2025-03-06T11:13:56.105+0000] {dag.py:3239} INFO - Sync 1 DAGs
[2025-03-06T11:13:56.127+0000] {logging_mixin.py:190} INFO - [2025-03-06T11:13:56.127+0000] {dag.py:4180} INFO - Setting next_dagrun for example_bash_operator to 2025-03-05 00:00:00+00:00, run_after=2025-03-06 00:00:00+00:00
[2025-03-06T11:13:56.146+0000] {processor.py:208} INFO - Processing /home/airflow/.local/lib/python3.12/site-packages/airflow/example_dags/example_bash_operator.py took 0.087 seconds
[2025-03-06T11:14:28.254+0000] {processor.py:186} INFO - Started process (PID=1955) to work on /home/airflow/.local/lib/python3.12/site-packages/airflow/example_dags/example_bash_operator.py
[2025-03-06T11:14:28.256+0000] {processor.py:914} INFO - Processing file /home/airflow/.local/lib/python3.12/site-packages/airflow/example_dags/example_bash_operator.py for tasks to queue
[2025-03-06T11:14:28.259+0000] {logging_mixin.py:190} INFO - [2025-03-06T11:14:28.258+0000] {dagbag.py:588} INFO - Filling up the DagBag from /home/airflow/.local/lib/python3.12/site-packages/airflow/example_dags/example_bash_operator.py
[2025-03-06T11:14:28.279+0000] {processor.py:925} INFO - DAG(s) 'example_bash_operator' retrieved from /home/airflow/.local/lib/python3.12/site-packages/airflow/example_dags/example_bash_operator.py
[2025-03-06T11:14:28.316+0000] {logging_mixin.py:190} INFO - [2025-03-06T11:14:28.316+0000] {dag.py:3239} INFO - Sync 1 DAGs
[2025-03-06T11:14:28.346+0000] {logging_mixin.py:190} INFO - [2025-03-06T11:14:28.345+0000] {dag.py:4180} INFO - Setting next_dagrun for example_bash_operator to 2025-03-05 00:00:00+00:00, run_after=2025-03-06 00:00:00+00:00
[2025-03-06T11:14:28.369+0000] {processor.py:208} INFO - Processing /home/airflow/.local/lib/python3.12/site-packages/airflow/example_dags/example_bash_operator.py took 0.122 seconds
[2025-03-06T11:14:58.817+0000] {processor.py:186} INFO - Started process (PID=2030) to work on /home/airflow/.local/lib/python3.12/site-packages/airflow/example_dags/example_bash_operator.py
[2025-03-06T11:14:58.819+0000] {processor.py:914} INFO - Processing file /home/airflow/.local/lib/python3.12/site-packages/airflow/example_dags/example_bash_operator.py for tasks to queue
[2025-03-06T11:14:58.820+0000] {logging_mixin.py:190} INFO - [2025-03-06T11:14:58.820+0000] {dagbag.py:588} INFO - Filling up the DagBag from /home/airflow/.local/lib/python3.12/site-packages/airflow/example_dags/example_bash_operator.py
[2025-03-06T11:14:58.832+0000] {processor.py:925} INFO - DAG(s) 'example_bash_operator' retrieved from /home/airflow/.local/lib/python3.12/site-packages/airflow/example_dags/example_bash_operator.py
[2025-03-06T11:14:58.855+0000] {logging_mixin.py:190} INFO - [2025-03-06T11:14:58.854+0000] {dag.py:3239} INFO - Sync 1 DAGs
[2025-03-06T11:14:58.876+0000] {logging_mixin.py:190} INFO - [2025-03-06T11:14:58.876+0000] {dag.py:4180} INFO - Setting next_dagrun for example_bash_operator to 2025-03-05 00:00:00+00:00, run_after=2025-03-06 00:00:00+00:00
[2025-03-06T11:14:58.894+0000] {processor.py:208} INFO - Processing /home/airflow/.local/lib/python3.12/site-packages/airflow/example_dags/example_bash_operator.py took 0.082 seconds
[2025-03-06T11:15:30.690+0000] {processor.py:186} INFO - Started process (PID=2111) to work on /home/airflow/.local/lib/python3.12/site-packages/airflow/example_dags/example_bash_operator.py
[2025-03-06T11:15:30.691+0000] {processor.py:914} INFO - Processing file /home/airflow/.local/lib/python3.12/site-packages/airflow/example_dags/example_bash_operator.py for tasks to queue
[2025-03-06T11:15:30.693+0000] {logging_mixin.py:190} INFO - [2025-03-06T11:15:30.693+0000] {dagbag.py:588} INFO - Filling up the DagBag from /home/airflow/.local/lib/python3.12/site-packages/airflow/example_dags/example_bash_operator.py
[2025-03-06T11:15:30.707+0000] {processor.py:925} INFO - DAG(s) 'example_bash_operator' retrieved from /home/airflow/.local/lib/python3.12/site-packages/airflow/example_dags/example_bash_operator.py
[2025-03-06T11:15:30.737+0000] {logging_mixin.py:190} INFO - [2025-03-06T11:15:30.737+0000] {dag.py:3239} INFO - Sync 1 DAGs
[2025-03-06T11:15:30.770+0000] {logging_mixin.py:190} INFO - [2025-03-06T11:15:30.769+0000] {dag.py:4180} INFO - Setting next_dagrun for example_bash_operator to 2025-03-05 00:00:00+00:00, run_after=2025-03-06 00:00:00+00:00
[2025-03-06T11:15:30.794+0000] {processor.py:208} INFO - Processing /home/airflow/.local/lib/python3.12/site-packages/airflow/example_dags/example_bash_operator.py took 0.111 seconds
[2025-03-06T11:16:01.581+0000] {processor.py:186} INFO - Started process (PID=2186) to work on /home/airflow/.local/lib/python3.12/site-packages/airflow/example_dags/example_bash_operator.py
[2025-03-06T11:16:01.582+0000] {processor.py:914} INFO - Processing file /home/airflow/.local/lib/python3.12/site-packages/airflow/example_dags/example_bash_operator.py for tasks to queue
[2025-03-06T11:16:01.583+0000] {logging_mixin.py:190} INFO - [2025-03-06T11:16:01.583+0000] {dagbag.py:588} INFO - Filling up the DagBag from /home/airflow/.local/lib/python3.12/site-packages/airflow/example_dags/example_bash_operator.py
[2025-03-06T11:16:01.595+0000] {processor.py:925} INFO - DAG(s) 'example_bash_operator' retrieved from /home/airflow/.local/lib/python3.12/site-packages/airflow/example_dags/example_bash_operator.py
[2025-03-06T11:16:01.617+0000] {logging_mixin.py:190} INFO - [2025-03-06T11:16:01.617+0000] {dag.py:3239} INFO - Sync 1 DAGs
[2025-03-06T11:16:01.643+0000] {logging_mixin.py:190} INFO - [2025-03-06T11:16:01.643+0000] {dag.py:4180} INFO - Setting next_dagrun for example_bash_operator to 2025-03-05 00:00:00+00:00, run_after=2025-03-06 00:00:00+00:00
[2025-03-06T11:16:01.664+0000] {processor.py:208} INFO - Processing /home/airflow/.local/lib/python3.12/site-packages/airflow/example_dags/example_bash_operator.py took 0.087 seconds
[2025-03-06T11:16:33.397+0000] {processor.py:186} INFO - Started process (PID=2267) to work on /home/airflow/.local/lib/python3.12/site-packages/airflow/example_dags/example_bash_operator.py
[2025-03-06T11:16:33.398+0000] {processor.py:914} INFO - Processing file /home/airflow/.local/lib/python3.12/site-packages/airflow/example_dags/example_bash_operator.py for tasks to queue
[2025-03-06T11:16:33.400+0000] {logging_mixin.py:190} INFO - [2025-03-06T11:16:33.399+0000] {dagbag.py:588} INFO - Filling up the DagBag from /home/airflow/.local/lib/python3.12/site-packages/airflow/example_dags/example_bash_operator.py
[2025-03-06T11:16:33.415+0000] {processor.py:925} INFO - DAG(s) 'example_bash_operator' retrieved from /home/airflow/.local/lib/python3.12/site-packages/airflow/example_dags/example_bash_operator.py
[2025-03-06T11:16:33.441+0000] {logging_mixin.py:190} INFO - [2025-03-06T11:16:33.441+0000] {dag.py:3239} INFO - Sync 1 DAGs
[2025-03-06T11:16:33.465+0000] {logging_mixin.py:190} INFO - [2025-03-06T11:16:33.465+0000] {dag.py:4180} INFO - Setting next_dagrun for example_bash_operator to 2025-03-05 00:00:00+00:00, run_after=2025-03-06 00:00:00+00:00
[2025-03-06T11:16:33.483+0000] {processor.py:208} INFO - Processing /home/airflow/.local/lib/python3.12/site-packages/airflow/example_dags/example_bash_operator.py took 0.091 seconds
[2025-03-06T11:17:04.272+0000] {processor.py:186} INFO - Started process (PID=2342) to work on /home/airflow/.local/lib/python3.12/site-packages/airflow/example_dags/example_bash_operator.py
[2025-03-06T11:17:04.273+0000] {processor.py:914} INFO - Processing file /home/airflow/.local/lib/python3.12/site-packages/airflow/example_dags/example_bash_operator.py for tasks to queue
[2025-03-06T11:17:04.274+0000] {logging_mixin.py:190} INFO - [2025-03-06T11:17:04.274+0000] {dagbag.py:588} INFO - Filling up the DagBag from /home/airflow/.local/lib/python3.12/site-packages/airflow/example_dags/example_bash_operator.py
[2025-03-06T11:17:04.287+0000] {processor.py:925} INFO - DAG(s) 'example_bash_operator' retrieved from /home/airflow/.local/lib/python3.12/site-packages/airflow/example_dags/example_bash_operator.py
[2025-03-06T11:17:04.310+0000] {logging_mixin.py:190} INFO - [2025-03-06T11:17:04.310+0000] {dag.py:3239} INFO - Sync 1 DAGs
[2025-03-06T11:17:04.331+0000] {logging_mixin.py:190} INFO - [2025-03-06T11:17:04.331+0000] {dag.py:4180} INFO - Setting next_dagrun for example_bash_operator to 2025-03-05 00:00:00+00:00, run_after=2025-03-06 00:00:00+00:00
[2025-03-06T11:17:04.350+0000] {processor.py:208} INFO - Processing /home/airflow/.local/lib/python3.12/site-packages/airflow/example_dags/example_bash_operator.py took 0.082 seconds
[2025-03-06T11:17:35.766+0000] {processor.py:186} INFO - Started process (PID=2423) to work on /home/airflow/.local/lib/python3.12/site-packages/airflow/example_dags/example_bash_operator.py
[2025-03-06T11:17:35.768+0000] {processor.py:914} INFO - Processing file /home/airflow/.local/lib/python3.12/site-packages/airflow/example_dags/example_bash_operator.py for tasks to queue
[2025-03-06T11:17:35.769+0000] {logging_mixin.py:190} INFO - [2025-03-06T11:17:35.769+0000] {dagbag.py:588} INFO - Filling up the DagBag from /home/airflow/.local/lib/python3.12/site-packages/airflow/example_dags/example_bash_operator.py
[2025-03-06T11:17:35.780+0000] {processor.py:925} INFO - DAG(s) 'example_bash_operator' retrieved from /home/airflow/.local/lib/python3.12/site-packages/airflow/example_dags/example_bash_operator.py
[2025-03-06T11:17:35.803+0000] {logging_mixin.py:190} INFO - [2025-03-06T11:17:35.803+0000] {dag.py:3239} INFO - Sync 1 DAGs
[2025-03-06T11:17:35.821+0000] {logging_mixin.py:190} INFO - [2025-03-06T11:17:35.821+0000] {dag.py:4180} INFO - Setting next_dagrun for example_bash_operator to 2025-03-05 00:00:00+00:00, run_after=2025-03-06 00:00:00+00:00
[2025-03-06T11:17:35.837+0000] {processor.py:208} INFO - Processing /home/airflow/.local/lib/python3.12/site-packages/airflow/example_dags/example_bash_operator.py took 0.075 seconds
[2025-03-06T11:18:08.253+0000] {processor.py:186} INFO - Started process (PID=2501) to work on /home/airflow/.local/lib/python3.12/site-packages/airflow/example_dags/example_bash_operator.py
[2025-03-06T11:18:08.259+0000] {processor.py:914} INFO - Processing file /home/airflow/.local/lib/python3.12/site-packages/airflow/example_dags/example_bash_operator.py for tasks to queue
[2025-03-06T11:18:08.262+0000] {logging_mixin.py:190} INFO - [2025-03-06T11:18:08.261+0000] {dagbag.py:588} INFO - Filling up the DagBag from /home/airflow/.local/lib/python3.12/site-packages/airflow/example_dags/example_bash_operator.py
[2025-03-06T11:18:08.281+0000] {processor.py:925} INFO - DAG(s) 'example_bash_operator' retrieved from /home/airflow/.local/lib/python3.12/site-packages/airflow/example_dags/example_bash_operator.py
[2025-03-06T11:18:08.323+0000] {logging_mixin.py:190} INFO - [2025-03-06T11:18:08.322+0000] {dag.py:3239} INFO - Sync 1 DAGs
[2025-03-06T11:18:08.374+0000] {logging_mixin.py:190} INFO - [2025-03-06T11:18:08.373+0000] {dag.py:4180} INFO - Setting next_dagrun for example_bash_operator to 2025-03-05 00:00:00+00:00, run_after=2025-03-06 00:00:00+00:00
[2025-03-06T11:18:08.456+0000] {processor.py:208} INFO - Processing /home/airflow/.local/lib/python3.12/site-packages/airflow/example_dags/example_bash_operator.py took 0.210 seconds
[2025-03-06T11:18:39.572+0000] {processor.py:186} INFO - Started process (PID=2576) to work on /home/airflow/.local/lib/python3.12/site-packages/airflow/example_dags/example_bash_operator.py
[2025-03-06T11:18:39.605+0000] {processor.py:914} INFO - Processing file /home/airflow/.local/lib/python3.12/site-packages/airflow/example_dags/example_bash_operator.py for tasks to queue
[2025-03-06T11:18:39.631+0000] {logging_mixin.py:190} INFO - [2025-03-06T11:18:39.620+0000] {dagbag.py:588} INFO - Filling up the DagBag from /home/airflow/.local/lib/python3.12/site-packages/airflow/example_dags/example_bash_operator.py
[2025-03-06T11:18:40.302+0000] {processor.py:925} INFO - DAG(s) 'example_bash_operator' retrieved from /home/airflow/.local/lib/python3.12/site-packages/airflow/example_dags/example_bash_operator.py
[2025-03-06T11:18:45.444+0000] {logging_mixin.py:190} INFO - [2025-03-06T11:18:45.381+0000] {process_utils.py:266} INFO - Waiting up to 5 seconds for processes to exit...
