[2025-03-06T04:34:23.478+0000] {processor.py:186} INFO - Started process (PID=14351) to work on /home/airflow/.local/lib/python3.12/site-packages/airflow/example_dags/example_short_circuit_operator.py
[2025-03-06T04:34:23.480+0000] {processor.py:914} INFO - Processing file /home/airflow/.local/lib/python3.12/site-packages/airflow/example_dags/example_short_circuit_operator.py for tasks to queue
[2025-03-06T04:34:23.485+0000] {logging_mixin.py:190} INFO - [2025-03-06T04:34:23.484+0000] {dagbag.py:588} INFO - Filling up the DagBag from /home/airflow/.local/lib/python3.12/site-packages/airflow/example_dags/example_short_circuit_operator.py
[2025-03-06T04:34:23.511+0000] {processor.py:925} INFO - DAG(s) 'example_short_circuit_operator' retrieved from /home/airflow/.local/lib/python3.12/site-packages/airflow/example_dags/example_short_circuit_operator.py
[2025-03-06T04:34:23.576+0000] {logging_mixin.py:190} INFO - [2025-03-06T04:34:23.573+0000] {dag.py:3239} INFO - Sync 1 DAGs
[2025-03-06T04:34:23.619+0000] {logging_mixin.py:190} INFO - [2025-03-06T04:34:23.619+0000] {dag.py:4180} INFO - Setting next_dagrun for example_short_circuit_operator to None, run_after=None
[2025-03-06T04:34:23.685+0000] {processor.py:208} INFO - Processing /home/airflow/.local/lib/python3.12/site-packages/airflow/example_dags/example_short_circuit_operator.py took 0.222 seconds
[2025-03-06T04:34:54.140+0000] {processor.py:186} INFO - Started process (PID=14414) to work on /home/airflow/.local/lib/python3.12/site-packages/airflow/example_dags/example_short_circuit_operator.py
[2025-03-06T04:34:54.142+0000] {processor.py:914} INFO - Processing file /home/airflow/.local/lib/python3.12/site-packages/airflow/example_dags/example_short_circuit_operator.py for tasks to queue
[2025-03-06T04:34:54.146+0000] {logging_mixin.py:190} INFO - [2025-03-06T04:34:54.146+0000] {dagbag.py:588} INFO - Filling up the DagBag from /home/airflow/.local/lib/python3.12/site-packages/airflow/example_dags/example_short_circuit_operator.py
[2025-03-06T04:34:54.161+0000] {processor.py:925} INFO - DAG(s) 'example_short_circuit_operator' retrieved from /home/airflow/.local/lib/python3.12/site-packages/airflow/example_dags/example_short_circuit_operator.py
[2025-03-06T04:34:54.193+0000] {logging_mixin.py:190} INFO - [2025-03-06T04:34:54.193+0000] {dag.py:3239} INFO - Sync 1 DAGs
[2025-03-06T04:34:54.214+0000] {logging_mixin.py:190} INFO - [2025-03-06T04:34:54.214+0000] {dag.py:4180} INFO - Setting next_dagrun for example_short_circuit_operator to None, run_after=None
[2025-03-06T04:34:54.240+0000] {processor.py:208} INFO - Processing /home/airflow/.local/lib/python3.12/site-packages/airflow/example_dags/example_short_circuit_operator.py took 0.108 seconds
[2025-03-06T04:35:24.909+0000] {processor.py:186} INFO - Started process (PID=14489) to work on /home/airflow/.local/lib/python3.12/site-packages/airflow/example_dags/example_short_circuit_operator.py
[2025-03-06T04:35:24.910+0000] {processor.py:914} INFO - Processing file /home/airflow/.local/lib/python3.12/site-packages/airflow/example_dags/example_short_circuit_operator.py for tasks to queue
[2025-03-06T04:35:24.913+0000] {logging_mixin.py:190} INFO - [2025-03-06T04:35:24.912+0000] {dagbag.py:588} INFO - Filling up the DagBag from /home/airflow/.local/lib/python3.12/site-packages/airflow/example_dags/example_short_circuit_operator.py
[2025-03-06T04:35:24.919+0000] {processor.py:925} INFO - DAG(s) 'example_short_circuit_operator' retrieved from /home/airflow/.local/lib/python3.12/site-packages/airflow/example_dags/example_short_circuit_operator.py
[2025-03-06T04:35:24.939+0000] {logging_mixin.py:190} INFO - [2025-03-06T04:35:24.939+0000] {dag.py:3239} INFO - Sync 1 DAGs
[2025-03-06T04:35:24.950+0000] {logging_mixin.py:190} INFO - [2025-03-06T04:35:24.949+0000] {dag.py:4180} INFO - Setting next_dagrun for example_short_circuit_operator to None, run_after=None
[2025-03-06T04:35:24.967+0000] {processor.py:208} INFO - Processing /home/airflow/.local/lib/python3.12/site-packages/airflow/example_dags/example_short_circuit_operator.py took 0.063 seconds
[2025-03-06T04:35:55.262+0000] {processor.py:186} INFO - Started process (PID=14563) to work on /home/airflow/.local/lib/python3.12/site-packages/airflow/example_dags/example_short_circuit_operator.py
[2025-03-06T04:35:55.263+0000] {processor.py:914} INFO - Processing file /home/airflow/.local/lib/python3.12/site-packages/airflow/example_dags/example_short_circuit_operator.py for tasks to queue
[2025-03-06T04:35:55.265+0000] {logging_mixin.py:190} INFO - [2025-03-06T04:35:55.265+0000] {dagbag.py:588} INFO - Filling up the DagBag from /home/airflow/.local/lib/python3.12/site-packages/airflow/example_dags/example_short_circuit_operator.py
[2025-03-06T04:35:55.273+0000] {processor.py:925} INFO - DAG(s) 'example_short_circuit_operator' retrieved from /home/airflow/.local/lib/python3.12/site-packages/airflow/example_dags/example_short_circuit_operator.py
[2025-03-06T04:35:55.293+0000] {logging_mixin.py:190} INFO - [2025-03-06T04:35:55.293+0000] {dag.py:3239} INFO - Sync 1 DAGs
[2025-03-06T04:35:55.305+0000] {logging_mixin.py:190} INFO - [2025-03-06T04:35:55.304+0000] {dag.py:4180} INFO - Setting next_dagrun for example_short_circuit_operator to None, run_after=None
[2025-03-06T04:35:55.320+0000] {processor.py:208} INFO - Processing /home/airflow/.local/lib/python3.12/site-packages/airflow/example_dags/example_short_circuit_operator.py took 0.063 seconds
[2025-03-06T04:36:26.094+0000] {processor.py:186} INFO - Started process (PID=14638) to work on /home/airflow/.local/lib/python3.12/site-packages/airflow/example_dags/example_short_circuit_operator.py
[2025-03-06T04:36:26.096+0000] {processor.py:914} INFO - Processing file /home/airflow/.local/lib/python3.12/site-packages/airflow/example_dags/example_short_circuit_operator.py for tasks to queue
[2025-03-06T04:36:26.098+0000] {logging_mixin.py:190} INFO - [2025-03-06T04:36:26.098+0000] {dagbag.py:588} INFO - Filling up the DagBag from /home/airflow/.local/lib/python3.12/site-packages/airflow/example_dags/example_short_circuit_operator.py
[2025-03-06T04:36:26.108+0000] {processor.py:925} INFO - DAG(s) 'example_short_circuit_operator' retrieved from /home/airflow/.local/lib/python3.12/site-packages/airflow/example_dags/example_short_circuit_operator.py
[2025-03-06T04:36:26.134+0000] {logging_mixin.py:190} INFO - [2025-03-06T04:36:26.134+0000] {dag.py:3239} INFO - Sync 1 DAGs
[2025-03-06T04:36:26.149+0000] {logging_mixin.py:190} INFO - [2025-03-06T04:36:26.149+0000] {dag.py:4180} INFO - Setting next_dagrun for example_short_circuit_operator to None, run_after=None
[2025-03-06T04:36:26.173+0000] {processor.py:208} INFO - Processing /home/airflow/.local/lib/python3.12/site-packages/airflow/example_dags/example_short_circuit_operator.py took 0.084 seconds
[2025-03-06T04:36:56.266+0000] {processor.py:186} INFO - Started process (PID=14714) to work on /home/airflow/.local/lib/python3.12/site-packages/airflow/example_dags/example_short_circuit_operator.py
[2025-03-06T04:36:56.267+0000] {processor.py:914} INFO - Processing file /home/airflow/.local/lib/python3.12/site-packages/airflow/example_dags/example_short_circuit_operator.py for tasks to queue
[2025-03-06T04:36:56.270+0000] {logging_mixin.py:190} INFO - [2025-03-06T04:36:56.269+0000] {dagbag.py:588} INFO - Filling up the DagBag from /home/airflow/.local/lib/python3.12/site-packages/airflow/example_dags/example_short_circuit_operator.py
[2025-03-06T04:36:56.276+0000] {processor.py:925} INFO - DAG(s) 'example_short_circuit_operator' retrieved from /home/airflow/.local/lib/python3.12/site-packages/airflow/example_dags/example_short_circuit_operator.py
[2025-03-06T04:36:56.295+0000] {logging_mixin.py:190} INFO - [2025-03-06T04:36:56.295+0000] {dag.py:3239} INFO - Sync 1 DAGs
[2025-03-06T04:36:56.305+0000] {logging_mixin.py:190} INFO - [2025-03-06T04:36:56.305+0000] {dag.py:4180} INFO - Setting next_dagrun for example_short_circuit_operator to None, run_after=None
[2025-03-06T04:36:56.320+0000] {processor.py:208} INFO - Processing /home/airflow/.local/lib/python3.12/site-packages/airflow/example_dags/example_short_circuit_operator.py took 0.058 seconds
[2025-03-06T04:37:26.432+0000] {processor.py:186} INFO - Started process (PID=14789) to work on /home/airflow/.local/lib/python3.12/site-packages/airflow/example_dags/example_short_circuit_operator.py
[2025-03-06T04:37:26.433+0000] {processor.py:914} INFO - Processing file /home/airflow/.local/lib/python3.12/site-packages/airflow/example_dags/example_short_circuit_operator.py for tasks to queue
[2025-03-06T04:37:26.435+0000] {logging_mixin.py:190} INFO - [2025-03-06T04:37:26.435+0000] {dagbag.py:588} INFO - Filling up the DagBag from /home/airflow/.local/lib/python3.12/site-packages/airflow/example_dags/example_short_circuit_operator.py
[2025-03-06T04:37:26.442+0000] {processor.py:925} INFO - DAG(s) 'example_short_circuit_operator' retrieved from /home/airflow/.local/lib/python3.12/site-packages/airflow/example_dags/example_short_circuit_operator.py
[2025-03-06T04:37:26.460+0000] {logging_mixin.py:190} INFO - [2025-03-06T04:37:26.460+0000] {dag.py:3239} INFO - Sync 1 DAGs
[2025-03-06T04:37:26.470+0000] {logging_mixin.py:190} INFO - [2025-03-06T04:37:26.470+0000] {dag.py:4180} INFO - Setting next_dagrun for example_short_circuit_operator to None, run_after=None
[2025-03-06T04:37:26.486+0000] {processor.py:208} INFO - Processing /home/airflow/.local/lib/python3.12/site-packages/airflow/example_dags/example_short_circuit_operator.py took 0.059 seconds
[2025-03-06T04:37:57.447+0000] {processor.py:186} INFO - Started process (PID=14864) to work on /home/airflow/.local/lib/python3.12/site-packages/airflow/example_dags/example_short_circuit_operator.py
[2025-03-06T04:37:57.448+0000] {processor.py:914} INFO - Processing file /home/airflow/.local/lib/python3.12/site-packages/airflow/example_dags/example_short_circuit_operator.py for tasks to queue
[2025-03-06T04:37:57.450+0000] {logging_mixin.py:190} INFO - [2025-03-06T04:37:57.450+0000] {dagbag.py:588} INFO - Filling up the DagBag from /home/airflow/.local/lib/python3.12/site-packages/airflow/example_dags/example_short_circuit_operator.py
[2025-03-06T04:37:57.457+0000] {processor.py:925} INFO - DAG(s) 'example_short_circuit_operator' retrieved from /home/airflow/.local/lib/python3.12/site-packages/airflow/example_dags/example_short_circuit_operator.py
[2025-03-06T04:37:57.475+0000] {logging_mixin.py:190} INFO - [2025-03-06T04:37:57.475+0000] {dag.py:3239} INFO - Sync 1 DAGs
[2025-03-06T04:37:57.486+0000] {logging_mixin.py:190} INFO - [2025-03-06T04:37:57.485+0000] {dag.py:4180} INFO - Setting next_dagrun for example_short_circuit_operator to None, run_after=None
[2025-03-06T04:37:57.500+0000] {processor.py:208} INFO - Processing /home/airflow/.local/lib/python3.12/site-packages/airflow/example_dags/example_short_circuit_operator.py took 0.057 seconds
[2025-03-06T04:38:28.081+0000] {processor.py:186} INFO - Started process (PID=14939) to work on /home/airflow/.local/lib/python3.12/site-packages/airflow/example_dags/example_short_circuit_operator.py
[2025-03-06T04:38:28.082+0000] {processor.py:914} INFO - Processing file /home/airflow/.local/lib/python3.12/site-packages/airflow/example_dags/example_short_circuit_operator.py for tasks to queue
[2025-03-06T04:38:28.084+0000] {logging_mixin.py:190} INFO - [2025-03-06T04:38:28.084+0000] {dagbag.py:588} INFO - Filling up the DagBag from /home/airflow/.local/lib/python3.12/site-packages/airflow/example_dags/example_short_circuit_operator.py
[2025-03-06T04:38:28.093+0000] {processor.py:925} INFO - DAG(s) 'example_short_circuit_operator' retrieved from /home/airflow/.local/lib/python3.12/site-packages/airflow/example_dags/example_short_circuit_operator.py
[2025-03-06T04:38:28.112+0000] {logging_mixin.py:190} INFO - [2025-03-06T04:38:28.112+0000] {dag.py:3239} INFO - Sync 1 DAGs
[2025-03-06T04:38:28.125+0000] {logging_mixin.py:190} INFO - [2025-03-06T04:38:28.124+0000] {dag.py:4180} INFO - Setting next_dagrun for example_short_circuit_operator to None, run_after=None
[2025-03-06T04:38:28.143+0000] {processor.py:208} INFO - Processing /home/airflow/.local/lib/python3.12/site-packages/airflow/example_dags/example_short_circuit_operator.py took 0.067 seconds
[2025-03-06T04:38:58.530+0000] {processor.py:186} INFO - Started process (PID=15014) to work on /home/airflow/.local/lib/python3.12/site-packages/airflow/example_dags/example_short_circuit_operator.py
[2025-03-06T04:38:58.531+0000] {processor.py:914} INFO - Processing file /home/airflow/.local/lib/python3.12/site-packages/airflow/example_dags/example_short_circuit_operator.py for tasks to queue
[2025-03-06T04:38:58.534+0000] {logging_mixin.py:190} INFO - [2025-03-06T04:38:58.534+0000] {dagbag.py:588} INFO - Filling up the DagBag from /home/airflow/.local/lib/python3.12/site-packages/airflow/example_dags/example_short_circuit_operator.py
[2025-03-06T04:38:58.543+0000] {processor.py:925} INFO - DAG(s) 'example_short_circuit_operator' retrieved from /home/airflow/.local/lib/python3.12/site-packages/airflow/example_dags/example_short_circuit_operator.py
[2025-03-06T04:38:58.566+0000] {logging_mixin.py:190} INFO - [2025-03-06T04:38:58.565+0000] {dag.py:3239} INFO - Sync 1 DAGs
[2025-03-06T04:38:58.577+0000] {logging_mixin.py:190} INFO - [2025-03-06T04:38:58.577+0000] {dag.py:4180} INFO - Setting next_dagrun for example_short_circuit_operator to None, run_after=None
[2025-03-06T04:38:58.594+0000] {processor.py:208} INFO - Processing /home/airflow/.local/lib/python3.12/site-packages/airflow/example_dags/example_short_circuit_operator.py took 0.070 seconds
[2025-03-06T04:39:28.974+0000] {processor.py:186} INFO - Started process (PID=15089) to work on /home/airflow/.local/lib/python3.12/site-packages/airflow/example_dags/example_short_circuit_operator.py
[2025-03-06T04:39:28.975+0000] {processor.py:914} INFO - Processing file /home/airflow/.local/lib/python3.12/site-packages/airflow/example_dags/example_short_circuit_operator.py for tasks to queue
[2025-03-06T04:39:28.978+0000] {logging_mixin.py:190} INFO - [2025-03-06T04:39:28.978+0000] {dagbag.py:588} INFO - Filling up the DagBag from /home/airflow/.local/lib/python3.12/site-packages/airflow/example_dags/example_short_circuit_operator.py
[2025-03-06T04:39:28.986+0000] {processor.py:925} INFO - DAG(s) 'example_short_circuit_operator' retrieved from /home/airflow/.local/lib/python3.12/site-packages/airflow/example_dags/example_short_circuit_operator.py
[2025-03-06T04:39:29.003+0000] {logging_mixin.py:190} INFO - [2025-03-06T04:39:29.003+0000] {dag.py:3239} INFO - Sync 1 DAGs
[2025-03-06T04:39:29.015+0000] {logging_mixin.py:190} INFO - [2025-03-06T04:39:29.015+0000] {dag.py:4180} INFO - Setting next_dagrun for example_short_circuit_operator to None, run_after=None
[2025-03-06T04:39:29.031+0000] {processor.py:208} INFO - Processing /home/airflow/.local/lib/python3.12/site-packages/airflow/example_dags/example_short_circuit_operator.py took 0.061 seconds
[2025-03-06T04:39:59.121+0000] {processor.py:186} INFO - Started process (PID=15165) to work on /home/airflow/.local/lib/python3.12/site-packages/airflow/example_dags/example_short_circuit_operator.py
[2025-03-06T04:39:59.122+0000] {processor.py:914} INFO - Processing file /home/airflow/.local/lib/python3.12/site-packages/airflow/example_dags/example_short_circuit_operator.py for tasks to queue
[2025-03-06T04:39:59.124+0000] {logging_mixin.py:190} INFO - [2025-03-06T04:39:59.124+0000] {dagbag.py:588} INFO - Filling up the DagBag from /home/airflow/.local/lib/python3.12/site-packages/airflow/example_dags/example_short_circuit_operator.py
[2025-03-06T04:39:59.133+0000] {processor.py:925} INFO - DAG(s) 'example_short_circuit_operator' retrieved from /home/airflow/.local/lib/python3.12/site-packages/airflow/example_dags/example_short_circuit_operator.py
[2025-03-06T04:39:59.151+0000] {logging_mixin.py:190} INFO - [2025-03-06T04:39:59.151+0000] {dag.py:3239} INFO - Sync 1 DAGs
[2025-03-06T04:39:59.162+0000] {logging_mixin.py:190} INFO - [2025-03-06T04:39:59.162+0000] {dag.py:4180} INFO - Setting next_dagrun for example_short_circuit_operator to None, run_after=None
[2025-03-06T04:39:59.179+0000] {processor.py:208} INFO - Processing /home/airflow/.local/lib/python3.12/site-packages/airflow/example_dags/example_short_circuit_operator.py took 0.063 seconds
[2025-03-06T04:40:29.372+0000] {processor.py:186} INFO - Started process (PID=15240) to work on /home/airflow/.local/lib/python3.12/site-packages/airflow/example_dags/example_short_circuit_operator.py
[2025-03-06T04:40:29.373+0000] {processor.py:914} INFO - Processing file /home/airflow/.local/lib/python3.12/site-packages/airflow/example_dags/example_short_circuit_operator.py for tasks to queue
[2025-03-06T04:40:29.375+0000] {logging_mixin.py:190} INFO - [2025-03-06T04:40:29.374+0000] {dagbag.py:588} INFO - Filling up the DagBag from /home/airflow/.local/lib/python3.12/site-packages/airflow/example_dags/example_short_circuit_operator.py
[2025-03-06T04:40:29.381+0000] {processor.py:925} INFO - DAG(s) 'example_short_circuit_operator' retrieved from /home/airflow/.local/lib/python3.12/site-packages/airflow/example_dags/example_short_circuit_operator.py
[2025-03-06T04:40:29.398+0000] {logging_mixin.py:190} INFO - [2025-03-06T04:40:29.398+0000] {dag.py:3239} INFO - Sync 1 DAGs
[2025-03-06T04:40:29.409+0000] {logging_mixin.py:190} INFO - [2025-03-06T04:40:29.409+0000] {dag.py:4180} INFO - Setting next_dagrun for example_short_circuit_operator to None, run_after=None
[2025-03-06T04:40:29.423+0000] {processor.py:208} INFO - Processing /home/airflow/.local/lib/python3.12/site-packages/airflow/example_dags/example_short_circuit_operator.py took 0.056 seconds
[2025-03-06T04:40:59.978+0000] {processor.py:186} INFO - Started process (PID=15312) to work on /home/airflow/.local/lib/python3.12/site-packages/airflow/example_dags/example_short_circuit_operator.py
[2025-03-06T04:40:59.979+0000] {processor.py:914} INFO - Processing file /home/airflow/.local/lib/python3.12/site-packages/airflow/example_dags/example_short_circuit_operator.py for tasks to queue
[2025-03-06T04:40:59.981+0000] {logging_mixin.py:190} INFO - [2025-03-06T04:40:59.981+0000] {dagbag.py:588} INFO - Filling up the DagBag from /home/airflow/.local/lib/python3.12/site-packages/airflow/example_dags/example_short_circuit_operator.py
[2025-03-06T04:40:59.988+0000] {processor.py:925} INFO - DAG(s) 'example_short_circuit_operator' retrieved from /home/airflow/.local/lib/python3.12/site-packages/airflow/example_dags/example_short_circuit_operator.py
[2025-03-06T04:41:00.008+0000] {logging_mixin.py:190} INFO - [2025-03-06T04:41:00.007+0000] {dag.py:3239} INFO - Sync 1 DAGs
[2025-03-06T04:41:00.036+0000] {logging_mixin.py:190} INFO - [2025-03-06T04:41:00.036+0000] {dag.py:4180} INFO - Setting next_dagrun for example_short_circuit_operator to None, run_after=None
[2025-03-06T04:41:00.052+0000] {processor.py:208} INFO - Processing /home/airflow/.local/lib/python3.12/site-packages/airflow/example_dags/example_short_circuit_operator.py took 0.079 seconds
[2025-03-06T04:41:30.264+0000] {processor.py:186} INFO - Started process (PID=15387) to work on /home/airflow/.local/lib/python3.12/site-packages/airflow/example_dags/example_short_circuit_operator.py
[2025-03-06T04:41:30.265+0000] {processor.py:914} INFO - Processing file /home/airflow/.local/lib/python3.12/site-packages/airflow/example_dags/example_short_circuit_operator.py for tasks to queue
[2025-03-06T04:41:30.268+0000] {logging_mixin.py:190} INFO - [2025-03-06T04:41:30.267+0000] {dagbag.py:588} INFO - Filling up the DagBag from /home/airflow/.local/lib/python3.12/site-packages/airflow/example_dags/example_short_circuit_operator.py
[2025-03-06T04:41:30.275+0000] {processor.py:925} INFO - DAG(s) 'example_short_circuit_operator' retrieved from /home/airflow/.local/lib/python3.12/site-packages/airflow/example_dags/example_short_circuit_operator.py
[2025-03-06T04:41:30.294+0000] {logging_mixin.py:190} INFO - [2025-03-06T04:41:30.293+0000] {dag.py:3239} INFO - Sync 1 DAGs
[2025-03-06T04:41:30.304+0000] {logging_mixin.py:190} INFO - [2025-03-06T04:41:30.304+0000] {dag.py:4180} INFO - Setting next_dagrun for example_short_circuit_operator to None, run_after=None
[2025-03-06T04:41:30.322+0000] {processor.py:208} INFO - Processing /home/airflow/.local/lib/python3.12/site-packages/airflow/example_dags/example_short_circuit_operator.py took 0.062 seconds
[2025-03-06T04:42:00.460+0000] {processor.py:186} INFO - Started process (PID=15462) to work on /home/airflow/.local/lib/python3.12/site-packages/airflow/example_dags/example_short_circuit_operator.py
[2025-03-06T04:42:00.461+0000] {processor.py:914} INFO - Processing file /home/airflow/.local/lib/python3.12/site-packages/airflow/example_dags/example_short_circuit_operator.py for tasks to queue
[2025-03-06T04:42:00.465+0000] {logging_mixin.py:190} INFO - [2025-03-06T04:42:00.464+0000] {dagbag.py:588} INFO - Filling up the DagBag from /home/airflow/.local/lib/python3.12/site-packages/airflow/example_dags/example_short_circuit_operator.py
[2025-03-06T04:42:00.475+0000] {processor.py:925} INFO - DAG(s) 'example_short_circuit_operator' retrieved from /home/airflow/.local/lib/python3.12/site-packages/airflow/example_dags/example_short_circuit_operator.py
[2025-03-06T04:42:00.505+0000] {logging_mixin.py:190} INFO - [2025-03-06T04:42:00.505+0000] {dag.py:3239} INFO - Sync 1 DAGs
[2025-03-06T04:42:00.523+0000] {logging_mixin.py:190} INFO - [2025-03-06T04:42:00.523+0000] {dag.py:4180} INFO - Setting next_dagrun for example_short_circuit_operator to None, run_after=None
[2025-03-06T04:42:00.548+0000] {processor.py:208} INFO - Processing /home/airflow/.local/lib/python3.12/site-packages/airflow/example_dags/example_short_circuit_operator.py took 0.096 seconds
[2025-03-06T04:42:30.851+0000] {processor.py:186} INFO - Started process (PID=15537) to work on /home/airflow/.local/lib/python3.12/site-packages/airflow/example_dags/example_short_circuit_operator.py
[2025-03-06T04:42:30.852+0000] {processor.py:914} INFO - Processing file /home/airflow/.local/lib/python3.12/site-packages/airflow/example_dags/example_short_circuit_operator.py for tasks to queue
[2025-03-06T04:42:30.855+0000] {logging_mixin.py:190} INFO - [2025-03-06T04:42:30.855+0000] {dagbag.py:588} INFO - Filling up the DagBag from /home/airflow/.local/lib/python3.12/site-packages/airflow/example_dags/example_short_circuit_operator.py
[2025-03-06T04:42:30.862+0000] {processor.py:925} INFO - DAG(s) 'example_short_circuit_operator' retrieved from /home/airflow/.local/lib/python3.12/site-packages/airflow/example_dags/example_short_circuit_operator.py
[2025-03-06T04:42:30.881+0000] {logging_mixin.py:190} INFO - [2025-03-06T04:42:30.881+0000] {dag.py:3239} INFO - Sync 1 DAGs
[2025-03-06T04:42:30.894+0000] {logging_mixin.py:190} INFO - [2025-03-06T04:42:30.894+0000] {dag.py:4180} INFO - Setting next_dagrun for example_short_circuit_operator to None, run_after=None
[2025-03-06T04:42:30.912+0000] {processor.py:208} INFO - Processing /home/airflow/.local/lib/python3.12/site-packages/airflow/example_dags/example_short_circuit_operator.py took 0.066 seconds
[2025-03-06T11:00:56.294+0000] {processor.py:186} INFO - Started process (PID=106) to work on /home/airflow/.local/lib/python3.12/site-packages/airflow/example_dags/example_short_circuit_operator.py
[2025-03-06T11:00:56.346+0000] {processor.py:914} INFO - Processing file /home/airflow/.local/lib/python3.12/site-packages/airflow/example_dags/example_short_circuit_operator.py for tasks to queue
[2025-03-06T11:00:56.396+0000] {logging_mixin.py:190} INFO - [2025-03-06T11:00:56.395+0000] {dagbag.py:588} INFO - Filling up the DagBag from /home/airflow/.local/lib/python3.12/site-packages/airflow/example_dags/example_short_circuit_operator.py
[2025-03-06T11:00:56.581+0000] {processor.py:925} INFO - DAG(s) 'example_short_circuit_operator' retrieved from /home/airflow/.local/lib/python3.12/site-packages/airflow/example_dags/example_short_circuit_operator.py
[2025-03-06T11:00:57.068+0000] {logging_mixin.py:190} INFO - [2025-03-06T11:00:57.065+0000] {dag.py:3239} INFO - Sync 1 DAGs
[2025-03-06T11:00:57.226+0000] {logging_mixin.py:190} INFO - [2025-03-06T11:00:57.225+0000] {dag.py:4180} INFO - Setting next_dagrun for example_short_circuit_operator to None, run_after=None
[2025-03-06T11:00:57.359+0000] {processor.py:208} INFO - Processing /home/airflow/.local/lib/python3.12/site-packages/airflow/example_dags/example_short_circuit_operator.py took 1.276 seconds
[2025-03-06T11:01:27.974+0000] {processor.py:186} INFO - Started process (PID=169) to work on /home/airflow/.local/lib/python3.12/site-packages/airflow/example_dags/example_short_circuit_operator.py
[2025-03-06T11:01:27.976+0000] {processor.py:914} INFO - Processing file /home/airflow/.local/lib/python3.12/site-packages/airflow/example_dags/example_short_circuit_operator.py for tasks to queue
[2025-03-06T11:01:27.979+0000] {logging_mixin.py:190} INFO - [2025-03-06T11:01:27.979+0000] {dagbag.py:588} INFO - Filling up the DagBag from /home/airflow/.local/lib/python3.12/site-packages/airflow/example_dags/example_short_circuit_operator.py
[2025-03-06T11:01:27.989+0000] {processor.py:925} INFO - DAG(s) 'example_short_circuit_operator' retrieved from /home/airflow/.local/lib/python3.12/site-packages/airflow/example_dags/example_short_circuit_operator.py
[2025-03-06T11:01:28.014+0000] {logging_mixin.py:190} INFO - [2025-03-06T11:01:28.014+0000] {dag.py:3239} INFO - Sync 1 DAGs
[2025-03-06T11:01:28.025+0000] {logging_mixin.py:190} INFO - [2025-03-06T11:01:28.025+0000] {dag.py:4180} INFO - Setting next_dagrun for example_short_circuit_operator to None, run_after=None
[2025-03-06T11:01:28.044+0000] {processor.py:208} INFO - Processing /home/airflow/.local/lib/python3.12/site-packages/airflow/example_dags/example_short_circuit_operator.py took 0.077 seconds
[2025-03-06T11:01:58.580+0000] {processor.py:186} INFO - Started process (PID=244) to work on /home/airflow/.local/lib/python3.12/site-packages/airflow/example_dags/example_short_circuit_operator.py
[2025-03-06T11:01:58.581+0000] {processor.py:914} INFO - Processing file /home/airflow/.local/lib/python3.12/site-packages/airflow/example_dags/example_short_circuit_operator.py for tasks to queue
[2025-03-06T11:01:58.584+0000] {logging_mixin.py:190} INFO - [2025-03-06T11:01:58.583+0000] {dagbag.py:588} INFO - Filling up the DagBag from /home/airflow/.local/lib/python3.12/site-packages/airflow/example_dags/example_short_circuit_operator.py
[2025-03-06T11:01:58.593+0000] {processor.py:925} INFO - DAG(s) 'example_short_circuit_operator' retrieved from /home/airflow/.local/lib/python3.12/site-packages/airflow/example_dags/example_short_circuit_operator.py
[2025-03-06T11:01:58.613+0000] {logging_mixin.py:190} INFO - [2025-03-06T11:01:58.613+0000] {dag.py:3239} INFO - Sync 1 DAGs
[2025-03-06T11:01:58.625+0000] {logging_mixin.py:190} INFO - [2025-03-06T11:01:58.624+0000] {dag.py:4180} INFO - Setting next_dagrun for example_short_circuit_operator to None, run_after=None
[2025-03-06T11:01:58.642+0000] {processor.py:208} INFO - Processing /home/airflow/.local/lib/python3.12/site-packages/airflow/example_dags/example_short_circuit_operator.py took 0.068 seconds
[2025-03-06T11:02:28.857+0000] {processor.py:186} INFO - Started process (PID=319) to work on /home/airflow/.local/lib/python3.12/site-packages/airflow/example_dags/example_short_circuit_operator.py
[2025-03-06T11:02:28.858+0000] {processor.py:914} INFO - Processing file /home/airflow/.local/lib/python3.12/site-packages/airflow/example_dags/example_short_circuit_operator.py for tasks to queue
[2025-03-06T11:02:28.863+0000] {logging_mixin.py:190} INFO - [2025-03-06T11:02:28.863+0000] {dagbag.py:588} INFO - Filling up the DagBag from /home/airflow/.local/lib/python3.12/site-packages/airflow/example_dags/example_short_circuit_operator.py
[2025-03-06T11:02:28.878+0000] {processor.py:925} INFO - DAG(s) 'example_short_circuit_operator' retrieved from /home/airflow/.local/lib/python3.12/site-packages/airflow/example_dags/example_short_circuit_operator.py
[2025-03-06T11:02:28.940+0000] {logging_mixin.py:190} INFO - [2025-03-06T11:02:28.940+0000] {dag.py:3239} INFO - Sync 1 DAGs
[2025-03-06T11:02:28.963+0000] {logging_mixin.py:190} INFO - [2025-03-06T11:02:28.963+0000] {dag.py:4180} INFO - Setting next_dagrun for example_short_circuit_operator to None, run_after=None
[2025-03-06T11:02:28.995+0000] {processor.py:208} INFO - Processing /home/airflow/.local/lib/python3.12/site-packages/airflow/example_dags/example_short_circuit_operator.py took 0.148 seconds
[2025-03-06T11:02:59.226+0000] {processor.py:186} INFO - Started process (PID=394) to work on /home/airflow/.local/lib/python3.12/site-packages/airflow/example_dags/example_short_circuit_operator.py
[2025-03-06T11:02:59.228+0000] {processor.py:914} INFO - Processing file /home/airflow/.local/lib/python3.12/site-packages/airflow/example_dags/example_short_circuit_operator.py for tasks to queue
[2025-03-06T11:02:59.231+0000] {logging_mixin.py:190} INFO - [2025-03-06T11:02:59.231+0000] {dagbag.py:588} INFO - Filling up the DagBag from /home/airflow/.local/lib/python3.12/site-packages/airflow/example_dags/example_short_circuit_operator.py
[2025-03-06T11:02:59.241+0000] {processor.py:925} INFO - DAG(s) 'example_short_circuit_operator' retrieved from /home/airflow/.local/lib/python3.12/site-packages/airflow/example_dags/example_short_circuit_operator.py
[2025-03-06T11:02:59.269+0000] {logging_mixin.py:190} INFO - [2025-03-06T11:02:59.269+0000] {dag.py:3239} INFO - Sync 1 DAGs
[2025-03-06T11:02:59.287+0000] {logging_mixin.py:190} INFO - [2025-03-06T11:02:59.286+0000] {dag.py:4180} INFO - Setting next_dagrun for example_short_circuit_operator to None, run_after=None
[2025-03-06T11:02:59.309+0000] {processor.py:208} INFO - Processing /home/airflow/.local/lib/python3.12/site-packages/airflow/example_dags/example_short_circuit_operator.py took 0.090 seconds
[2025-03-06T11:03:29.518+0000] {processor.py:186} INFO - Started process (PID=470) to work on /home/airflow/.local/lib/python3.12/site-packages/airflow/example_dags/example_short_circuit_operator.py
[2025-03-06T11:03:29.519+0000] {processor.py:914} INFO - Processing file /home/airflow/.local/lib/python3.12/site-packages/airflow/example_dags/example_short_circuit_operator.py for tasks to queue
[2025-03-06T11:03:29.522+0000] {logging_mixin.py:190} INFO - [2025-03-06T11:03:29.522+0000] {dagbag.py:588} INFO - Filling up the DagBag from /home/airflow/.local/lib/python3.12/site-packages/airflow/example_dags/example_short_circuit_operator.py
[2025-03-06T11:03:29.541+0000] {processor.py:925} INFO - DAG(s) 'example_short_circuit_operator' retrieved from /home/airflow/.local/lib/python3.12/site-packages/airflow/example_dags/example_short_circuit_operator.py
[2025-03-06T11:03:29.562+0000] {logging_mixin.py:190} INFO - [2025-03-06T11:03:29.562+0000] {dag.py:3239} INFO - Sync 1 DAGs
[2025-03-06T11:03:29.574+0000] {logging_mixin.py:190} INFO - [2025-03-06T11:03:29.574+0000] {dag.py:4180} INFO - Setting next_dagrun for example_short_circuit_operator to None, run_after=None
[2025-03-06T11:03:29.591+0000] {processor.py:208} INFO - Processing /home/airflow/.local/lib/python3.12/site-packages/airflow/example_dags/example_short_circuit_operator.py took 0.078 seconds
[2025-03-06T11:03:59.668+0000] {processor.py:186} INFO - Started process (PID=545) to work on /home/airflow/.local/lib/python3.12/site-packages/airflow/example_dags/example_short_circuit_operator.py
[2025-03-06T11:03:59.669+0000] {processor.py:914} INFO - Processing file /home/airflow/.local/lib/python3.12/site-packages/airflow/example_dags/example_short_circuit_operator.py for tasks to queue
[2025-03-06T11:03:59.671+0000] {logging_mixin.py:190} INFO - [2025-03-06T11:03:59.671+0000] {dagbag.py:588} INFO - Filling up the DagBag from /home/airflow/.local/lib/python3.12/site-packages/airflow/example_dags/example_short_circuit_operator.py
[2025-03-06T11:03:59.679+0000] {processor.py:925} INFO - DAG(s) 'example_short_circuit_operator' retrieved from /home/airflow/.local/lib/python3.12/site-packages/airflow/example_dags/example_short_circuit_operator.py
[2025-03-06T11:03:59.701+0000] {logging_mixin.py:190} INFO - [2025-03-06T11:03:59.701+0000] {dag.py:3239} INFO - Sync 1 DAGs
[2025-03-06T11:03:59.713+0000] {logging_mixin.py:190} INFO - [2025-03-06T11:03:59.713+0000] {dag.py:4180} INFO - Setting next_dagrun for example_short_circuit_operator to None, run_after=None
[2025-03-06T11:03:59.733+0000] {processor.py:208} INFO - Processing /home/airflow/.local/lib/python3.12/site-packages/airflow/example_dags/example_short_circuit_operator.py took 0.070 seconds
[2025-03-06T11:04:30.446+0000] {processor.py:186} INFO - Started process (PID=620) to work on /home/airflow/.local/lib/python3.12/site-packages/airflow/example_dags/example_short_circuit_operator.py
[2025-03-06T11:04:30.448+0000] {processor.py:914} INFO - Processing file /home/airflow/.local/lib/python3.12/site-packages/airflow/example_dags/example_short_circuit_operator.py for tasks to queue
[2025-03-06T11:04:30.451+0000] {logging_mixin.py:190} INFO - [2025-03-06T11:04:30.450+0000] {dagbag.py:588} INFO - Filling up the DagBag from /home/airflow/.local/lib/python3.12/site-packages/airflow/example_dags/example_short_circuit_operator.py
[2025-03-06T11:04:30.459+0000] {processor.py:925} INFO - DAG(s) 'example_short_circuit_operator' retrieved from /home/airflow/.local/lib/python3.12/site-packages/airflow/example_dags/example_short_circuit_operator.py
[2025-03-06T11:04:30.484+0000] {logging_mixin.py:190} INFO - [2025-03-06T11:04:30.484+0000] {dag.py:3239} INFO - Sync 1 DAGs
[2025-03-06T11:04:30.499+0000] {logging_mixin.py:190} INFO - [2025-03-06T11:04:30.499+0000] {dag.py:4180} INFO - Setting next_dagrun for example_short_circuit_operator to None, run_after=None
[2025-03-06T11:04:30.521+0000] {processor.py:208} INFO - Processing /home/airflow/.local/lib/python3.12/site-packages/airflow/example_dags/example_short_circuit_operator.py took 0.081 seconds
[2025-03-06T11:05:01.166+0000] {processor.py:186} INFO - Started process (PID=707) to work on /home/airflow/.local/lib/python3.12/site-packages/airflow/example_dags/example_short_circuit_operator.py
[2025-03-06T11:05:01.167+0000] {processor.py:914} INFO - Processing file /home/airflow/.local/lib/python3.12/site-packages/airflow/example_dags/example_short_circuit_operator.py for tasks to queue
[2025-03-06T11:05:01.169+0000] {logging_mixin.py:190} INFO - [2025-03-06T11:05:01.169+0000] {dagbag.py:588} INFO - Filling up the DagBag from /home/airflow/.local/lib/python3.12/site-packages/airflow/example_dags/example_short_circuit_operator.py
[2025-03-06T11:05:01.177+0000] {processor.py:925} INFO - DAG(s) 'example_short_circuit_operator' retrieved from /home/airflow/.local/lib/python3.12/site-packages/airflow/example_dags/example_short_circuit_operator.py
[2025-03-06T11:05:01.197+0000] {logging_mixin.py:190} INFO - [2025-03-06T11:05:01.197+0000] {dag.py:3239} INFO - Sync 1 DAGs
[2025-03-06T11:05:01.207+0000] {logging_mixin.py:190} INFO - [2025-03-06T11:05:01.207+0000] {dag.py:4180} INFO - Setting next_dagrun for example_short_circuit_operator to None, run_after=None
[2025-03-06T11:05:01.226+0000] {processor.py:208} INFO - Processing /home/airflow/.local/lib/python3.12/site-packages/airflow/example_dags/example_short_circuit_operator.py took 0.064 seconds
[2025-03-06T11:05:31.312+0000] {processor.py:186} INFO - Started process (PID=794) to work on /home/airflow/.local/lib/python3.12/site-packages/airflow/example_dags/example_short_circuit_operator.py
[2025-03-06T11:05:31.314+0000] {processor.py:914} INFO - Processing file /home/airflow/.local/lib/python3.12/site-packages/airflow/example_dags/example_short_circuit_operator.py for tasks to queue
[2025-03-06T11:05:31.316+0000] {logging_mixin.py:190} INFO - [2025-03-06T11:05:31.316+0000] {dagbag.py:588} INFO - Filling up the DagBag from /home/airflow/.local/lib/python3.12/site-packages/airflow/example_dags/example_short_circuit_operator.py
[2025-03-06T11:05:31.324+0000] {processor.py:925} INFO - DAG(s) 'example_short_circuit_operator' retrieved from /home/airflow/.local/lib/python3.12/site-packages/airflow/example_dags/example_short_circuit_operator.py
[2025-03-06T11:05:31.343+0000] {logging_mixin.py:190} INFO - [2025-03-06T11:05:31.343+0000] {dag.py:3239} INFO - Sync 1 DAGs
[2025-03-06T11:05:31.355+0000] {logging_mixin.py:190} INFO - [2025-03-06T11:05:31.355+0000] {dag.py:4180} INFO - Setting next_dagrun for example_short_circuit_operator to None, run_after=None
[2025-03-06T11:05:31.369+0000] {processor.py:208} INFO - Processing /home/airflow/.local/lib/python3.12/site-packages/airflow/example_dags/example_short_circuit_operator.py took 0.063 seconds
[2025-03-06T11:06:01.989+0000] {processor.py:186} INFO - Started process (PID=881) to work on /home/airflow/.local/lib/python3.12/site-packages/airflow/example_dags/example_short_circuit_operator.py
[2025-03-06T11:06:01.990+0000] {processor.py:914} INFO - Processing file /home/airflow/.local/lib/python3.12/site-packages/airflow/example_dags/example_short_circuit_operator.py for tasks to queue
[2025-03-06T11:06:01.992+0000] {logging_mixin.py:190} INFO - [2025-03-06T11:06:01.992+0000] {dagbag.py:588} INFO - Filling up the DagBag from /home/airflow/.local/lib/python3.12/site-packages/airflow/example_dags/example_short_circuit_operator.py
[2025-03-06T11:06:01.999+0000] {processor.py:925} INFO - DAG(s) 'example_short_circuit_operator' retrieved from /home/airflow/.local/lib/python3.12/site-packages/airflow/example_dags/example_short_circuit_operator.py
[2025-03-06T11:06:02.018+0000] {logging_mixin.py:190} INFO - [2025-03-06T11:06:02.018+0000] {dag.py:3239} INFO - Sync 1 DAGs
[2025-03-06T11:06:02.030+0000] {logging_mixin.py:190} INFO - [2025-03-06T11:06:02.030+0000] {dag.py:4180} INFO - Setting next_dagrun for example_short_circuit_operator to None, run_after=None
[2025-03-06T11:06:02.045+0000] {processor.py:208} INFO - Processing /home/airflow/.local/lib/python3.12/site-packages/airflow/example_dags/example_short_circuit_operator.py took 0.061 seconds
[2025-03-06T11:06:46.110+0000] {processor.py:186} INFO - Started process (PID=924) to work on /home/airflow/.local/lib/python3.12/site-packages/airflow/example_dags/example_short_circuit_operator.py
[2025-03-06T11:06:46.112+0000] {processor.py:914} INFO - Processing file /home/airflow/.local/lib/python3.12/site-packages/airflow/example_dags/example_short_circuit_operator.py for tasks to queue
[2025-03-06T11:06:46.117+0000] {logging_mixin.py:190} INFO - [2025-03-06T11:06:46.116+0000] {dagbag.py:588} INFO - Filling up the DagBag from /home/airflow/.local/lib/python3.12/site-packages/airflow/example_dags/example_short_circuit_operator.py
[2025-03-06T11:06:46.136+0000] {processor.py:925} INFO - DAG(s) 'example_short_circuit_operator' retrieved from /home/airflow/.local/lib/python3.12/site-packages/airflow/example_dags/example_short_circuit_operator.py
[2025-03-06T11:06:46.193+0000] {logging_mixin.py:190} INFO - [2025-03-06T11:06:46.193+0000] {dag.py:3239} INFO - Sync 1 DAGs
[2025-03-06T11:06:46.222+0000] {logging_mixin.py:190} INFO - [2025-03-06T11:06:46.222+0000] {dag.py:4180} INFO - Setting next_dagrun for example_short_circuit_operator to None, run_after=None
[2025-03-06T11:06:46.261+0000] {processor.py:208} INFO - Processing /home/airflow/.local/lib/python3.12/site-packages/airflow/example_dags/example_short_circuit_operator.py took 0.163 seconds
[2025-03-06T11:07:46.936+0000] {processor.py:186} INFO - Started process (PID=996) to work on /home/airflow/.local/lib/python3.12/site-packages/airflow/example_dags/example_short_circuit_operator.py
[2025-03-06T11:07:46.938+0000] {processor.py:914} INFO - Processing file /home/airflow/.local/lib/python3.12/site-packages/airflow/example_dags/example_short_circuit_operator.py for tasks to queue
[2025-03-06T11:07:46.941+0000] {logging_mixin.py:190} INFO - [2025-03-06T11:07:46.940+0000] {dagbag.py:588} INFO - Filling up the DagBag from /home/airflow/.local/lib/python3.12/site-packages/airflow/example_dags/example_short_circuit_operator.py
[2025-03-06T11:07:46.957+0000] {processor.py:925} INFO - DAG(s) 'example_short_circuit_operator' retrieved from /home/airflow/.local/lib/python3.12/site-packages/airflow/example_dags/example_short_circuit_operator.py
[2025-03-06T11:07:47.000+0000] {logging_mixin.py:190} INFO - [2025-03-06T11:07:47.000+0000] {dag.py:3239} INFO - Sync 1 DAGs
[2025-03-06T11:07:47.031+0000] {logging_mixin.py:190} INFO - [2025-03-06T11:07:47.030+0000] {dag.py:4180} INFO - Setting next_dagrun for example_short_circuit_operator to None, run_after=None
[2025-03-06T11:07:47.067+0000] {processor.py:208} INFO - Processing /home/airflow/.local/lib/python3.12/site-packages/airflow/example_dags/example_short_circuit_operator.py took 0.142 seconds
[2025-03-06T11:08:17.842+0000] {processor.py:186} INFO - Started process (PID=1060) to work on /home/airflow/.local/lib/python3.12/site-packages/airflow/example_dags/example_short_circuit_operator.py
[2025-03-06T11:08:17.843+0000] {processor.py:914} INFO - Processing file /home/airflow/.local/lib/python3.12/site-packages/airflow/example_dags/example_short_circuit_operator.py for tasks to queue
[2025-03-06T11:08:17.846+0000] {logging_mixin.py:190} INFO - [2025-03-06T11:08:17.845+0000] {dagbag.py:588} INFO - Filling up the DagBag from /home/airflow/.local/lib/python3.12/site-packages/airflow/example_dags/example_short_circuit_operator.py
[2025-03-06T11:08:17.861+0000] {processor.py:925} INFO - DAG(s) 'example_short_circuit_operator' retrieved from /home/airflow/.local/lib/python3.12/site-packages/airflow/example_dags/example_short_circuit_operator.py
[2025-03-06T11:08:17.902+0000] {logging_mixin.py:190} INFO - [2025-03-06T11:08:17.901+0000] {dag.py:3239} INFO - Sync 1 DAGs
[2025-03-06T11:08:17.926+0000] {logging_mixin.py:190} INFO - [2025-03-06T11:08:17.926+0000] {dag.py:4180} INFO - Setting next_dagrun for example_short_circuit_operator to None, run_after=None
[2025-03-06T11:08:17.956+0000] {processor.py:208} INFO - Processing /home/airflow/.local/lib/python3.12/site-packages/airflow/example_dags/example_short_circuit_operator.py took 0.124 seconds
[2025-03-06T11:08:48.845+0000] {processor.py:186} INFO - Started process (PID=1135) to work on /home/airflow/.local/lib/python3.12/site-packages/airflow/example_dags/example_short_circuit_operator.py
[2025-03-06T11:08:48.846+0000] {processor.py:914} INFO - Processing file /home/airflow/.local/lib/python3.12/site-packages/airflow/example_dags/example_short_circuit_operator.py for tasks to queue
[2025-03-06T11:08:48.847+0000] {logging_mixin.py:190} INFO - [2025-03-06T11:08:48.847+0000] {dagbag.py:588} INFO - Filling up the DagBag from /home/airflow/.local/lib/python3.12/site-packages/airflow/example_dags/example_short_circuit_operator.py
[2025-03-06T11:08:48.859+0000] {processor.py:925} INFO - DAG(s) 'example_short_circuit_operator' retrieved from /home/airflow/.local/lib/python3.12/site-packages/airflow/example_dags/example_short_circuit_operator.py
[2025-03-06T11:08:48.881+0000] {logging_mixin.py:190} INFO - [2025-03-06T11:08:48.881+0000] {dag.py:3239} INFO - Sync 1 DAGs
[2025-03-06T11:08:48.897+0000] {logging_mixin.py:190} INFO - [2025-03-06T11:08:48.897+0000] {dag.py:4180} INFO - Setting next_dagrun for example_short_circuit_operator to None, run_after=None
[2025-03-06T11:08:48.918+0000] {processor.py:208} INFO - Processing /home/airflow/.local/lib/python3.12/site-packages/airflow/example_dags/example_short_circuit_operator.py took 0.078 seconds
[2025-03-06T11:09:19.257+0000] {processor.py:186} INFO - Started process (PID=1210) to work on /home/airflow/.local/lib/python3.12/site-packages/airflow/example_dags/example_short_circuit_operator.py
[2025-03-06T11:09:19.259+0000] {processor.py:914} INFO - Processing file /home/airflow/.local/lib/python3.12/site-packages/airflow/example_dags/example_short_circuit_operator.py for tasks to queue
[2025-03-06T11:09:19.261+0000] {logging_mixin.py:190} INFO - [2025-03-06T11:09:19.261+0000] {dagbag.py:588} INFO - Filling up the DagBag from /home/airflow/.local/lib/python3.12/site-packages/airflow/example_dags/example_short_circuit_operator.py
[2025-03-06T11:09:19.274+0000] {processor.py:925} INFO - DAG(s) 'example_short_circuit_operator' retrieved from /home/airflow/.local/lib/python3.12/site-packages/airflow/example_dags/example_short_circuit_operator.py
[2025-03-06T11:09:19.309+0000] {logging_mixin.py:190} INFO - [2025-03-06T11:09:19.308+0000] {dag.py:3239} INFO - Sync 1 DAGs
[2025-03-06T11:09:19.331+0000] {logging_mixin.py:190} INFO - [2025-03-06T11:09:19.331+0000] {dag.py:4180} INFO - Setting next_dagrun for example_short_circuit_operator to None, run_after=None
[2025-03-06T11:09:19.360+0000] {processor.py:208} INFO - Processing /home/airflow/.local/lib/python3.12/site-packages/airflow/example_dags/example_short_circuit_operator.py took 0.111 seconds
[2025-03-06T11:09:49.875+0000] {processor.py:186} INFO - Started process (PID=1282) to work on /home/airflow/.local/lib/python3.12/site-packages/airflow/example_dags/example_short_circuit_operator.py
[2025-03-06T11:09:49.877+0000] {processor.py:914} INFO - Processing file /home/airflow/.local/lib/python3.12/site-packages/airflow/example_dags/example_short_circuit_operator.py for tasks to queue
[2025-03-06T11:09:49.878+0000] {logging_mixin.py:190} INFO - [2025-03-06T11:09:49.878+0000] {dagbag.py:588} INFO - Filling up the DagBag from /home/airflow/.local/lib/python3.12/site-packages/airflow/example_dags/example_short_circuit_operator.py
[2025-03-06T11:09:49.889+0000] {processor.py:925} INFO - DAG(s) 'example_short_circuit_operator' retrieved from /home/airflow/.local/lib/python3.12/site-packages/airflow/example_dags/example_short_circuit_operator.py
[2025-03-06T11:09:49.912+0000] {logging_mixin.py:190} INFO - [2025-03-06T11:09:49.912+0000] {dag.py:3239} INFO - Sync 1 DAGs
[2025-03-06T11:09:49.929+0000] {logging_mixin.py:190} INFO - [2025-03-06T11:09:49.928+0000] {dag.py:4180} INFO - Setting next_dagrun for example_short_circuit_operator to None, run_after=None
[2025-03-06T11:09:49.950+0000] {processor.py:208} INFO - Processing /home/airflow/.local/lib/python3.12/site-packages/airflow/example_dags/example_short_circuit_operator.py took 0.080 seconds
[2025-03-06T11:10:20.033+0000] {processor.py:186} INFO - Started process (PID=1350) to work on /home/airflow/.local/lib/python3.12/site-packages/airflow/example_dags/example_short_circuit_operator.py
[2025-03-06T11:10:20.034+0000] {processor.py:914} INFO - Processing file /home/airflow/.local/lib/python3.12/site-packages/airflow/example_dags/example_short_circuit_operator.py for tasks to queue
[2025-03-06T11:10:20.035+0000] {logging_mixin.py:190} INFO - [2025-03-06T11:10:20.035+0000] {dagbag.py:588} INFO - Filling up the DagBag from /home/airflow/.local/lib/python3.12/site-packages/airflow/example_dags/example_short_circuit_operator.py
[2025-03-06T11:10:20.042+0000] {processor.py:925} INFO - DAG(s) 'example_short_circuit_operator' retrieved from /home/airflow/.local/lib/python3.12/site-packages/airflow/example_dags/example_short_circuit_operator.py
[2025-03-06T11:10:20.064+0000] {logging_mixin.py:190} INFO - [2025-03-06T11:10:20.064+0000] {dag.py:3239} INFO - Sync 1 DAGs
[2025-03-06T11:10:20.077+0000] {logging_mixin.py:190} INFO - [2025-03-06T11:10:20.077+0000] {dag.py:4180} INFO - Setting next_dagrun for example_short_circuit_operator to None, run_after=None
[2025-03-06T11:10:20.095+0000] {processor.py:208} INFO - Processing /home/airflow/.local/lib/python3.12/site-packages/airflow/example_dags/example_short_circuit_operator.py took 0.066 seconds
[2025-03-06T11:10:50.280+0000] {processor.py:186} INFO - Started process (PID=1426) to work on /home/airflow/.local/lib/python3.12/site-packages/airflow/example_dags/example_short_circuit_operator.py
[2025-03-06T11:10:50.281+0000] {processor.py:914} INFO - Processing file /home/airflow/.local/lib/python3.12/site-packages/airflow/example_dags/example_short_circuit_operator.py for tasks to queue
[2025-03-06T11:10:50.283+0000] {logging_mixin.py:190} INFO - [2025-03-06T11:10:50.283+0000] {dagbag.py:588} INFO - Filling up the DagBag from /home/airflow/.local/lib/python3.12/site-packages/airflow/example_dags/example_short_circuit_operator.py
[2025-03-06T11:10:50.291+0000] {processor.py:925} INFO - DAG(s) 'example_short_circuit_operator' retrieved from /home/airflow/.local/lib/python3.12/site-packages/airflow/example_dags/example_short_circuit_operator.py
[2025-03-06T11:10:50.315+0000] {logging_mixin.py:190} INFO - [2025-03-06T11:10:50.314+0000] {dag.py:3239} INFO - Sync 1 DAGs
[2025-03-06T11:10:50.328+0000] {logging_mixin.py:190} INFO - [2025-03-06T11:10:50.328+0000] {dag.py:4180} INFO - Setting next_dagrun for example_short_circuit_operator to None, run_after=None
[2025-03-06T11:10:50.347+0000] {processor.py:208} INFO - Processing /home/airflow/.local/lib/python3.12/site-packages/airflow/example_dags/example_short_circuit_operator.py took 0.071 seconds
[2025-03-06T11:11:21.163+0000] {processor.py:186} INFO - Started process (PID=1501) to work on /home/airflow/.local/lib/python3.12/site-packages/airflow/example_dags/example_short_circuit_operator.py
[2025-03-06T11:11:21.164+0000] {processor.py:914} INFO - Processing file /home/airflow/.local/lib/python3.12/site-packages/airflow/example_dags/example_short_circuit_operator.py for tasks to queue
[2025-03-06T11:11:21.166+0000] {logging_mixin.py:190} INFO - [2025-03-06T11:11:21.166+0000] {dagbag.py:588} INFO - Filling up the DagBag from /home/airflow/.local/lib/python3.12/site-packages/airflow/example_dags/example_short_circuit_operator.py
[2025-03-06T11:11:21.174+0000] {processor.py:925} INFO - DAG(s) 'example_short_circuit_operator' retrieved from /home/airflow/.local/lib/python3.12/site-packages/airflow/example_dags/example_short_circuit_operator.py
[2025-03-06T11:11:21.197+0000] {logging_mixin.py:190} INFO - [2025-03-06T11:11:21.197+0000] {dag.py:3239} INFO - Sync 1 DAGs
[2025-03-06T11:11:21.210+0000] {logging_mixin.py:190} INFO - [2025-03-06T11:11:21.210+0000] {dag.py:4180} INFO - Setting next_dagrun for example_short_circuit_operator to None, run_after=None
[2025-03-06T11:11:21.230+0000] {processor.py:208} INFO - Processing /home/airflow/.local/lib/python3.12/site-packages/airflow/example_dags/example_short_circuit_operator.py took 0.072 seconds
[2025-03-06T11:11:51.432+0000] {processor.py:186} INFO - Started process (PID=1576) to work on /home/airflow/.local/lib/python3.12/site-packages/airflow/example_dags/example_short_circuit_operator.py
[2025-03-06T11:11:51.433+0000] {processor.py:914} INFO - Processing file /home/airflow/.local/lib/python3.12/site-packages/airflow/example_dags/example_short_circuit_operator.py for tasks to queue
[2025-03-06T11:11:51.436+0000] {logging_mixin.py:190} INFO - [2025-03-06T11:11:51.435+0000] {dagbag.py:588} INFO - Filling up the DagBag from /home/airflow/.local/lib/python3.12/site-packages/airflow/example_dags/example_short_circuit_operator.py
[2025-03-06T11:11:51.446+0000] {processor.py:925} INFO - DAG(s) 'example_short_circuit_operator' retrieved from /home/airflow/.local/lib/python3.12/site-packages/airflow/example_dags/example_short_circuit_operator.py
[2025-03-06T11:11:51.471+0000] {logging_mixin.py:190} INFO - [2025-03-06T11:11:51.471+0000] {dag.py:3239} INFO - Sync 1 DAGs
[2025-03-06T11:11:51.486+0000] {logging_mixin.py:190} INFO - [2025-03-06T11:11:51.486+0000] {dag.py:4180} INFO - Setting next_dagrun for example_short_circuit_operator to None, run_after=None
[2025-03-06T11:11:51.505+0000] {processor.py:208} INFO - Processing /home/airflow/.local/lib/python3.12/site-packages/airflow/example_dags/example_short_circuit_operator.py took 0.078 seconds
[2025-03-06T11:12:22.328+0000] {processor.py:186} INFO - Started process (PID=1651) to work on /home/airflow/.local/lib/python3.12/site-packages/airflow/example_dags/example_short_circuit_operator.py
[2025-03-06T11:12:22.329+0000] {processor.py:914} INFO - Processing file /home/airflow/.local/lib/python3.12/site-packages/airflow/example_dags/example_short_circuit_operator.py for tasks to queue
[2025-03-06T11:12:22.331+0000] {logging_mixin.py:190} INFO - [2025-03-06T11:12:22.330+0000] {dagbag.py:588} INFO - Filling up the DagBag from /home/airflow/.local/lib/python3.12/site-packages/airflow/example_dags/example_short_circuit_operator.py
[2025-03-06T11:12:22.339+0000] {processor.py:925} INFO - DAG(s) 'example_short_circuit_operator' retrieved from /home/airflow/.local/lib/python3.12/site-packages/airflow/example_dags/example_short_circuit_operator.py
[2025-03-06T11:12:22.360+0000] {logging_mixin.py:190} INFO - [2025-03-06T11:12:22.360+0000] {dag.py:3239} INFO - Sync 1 DAGs
[2025-03-06T11:12:22.372+0000] {logging_mixin.py:190} INFO - [2025-03-06T11:12:22.372+0000] {dag.py:4180} INFO - Setting next_dagrun for example_short_circuit_operator to None, run_after=None
[2025-03-06T11:12:22.391+0000] {processor.py:208} INFO - Processing /home/airflow/.local/lib/python3.12/site-packages/airflow/example_dags/example_short_circuit_operator.py took 0.069 seconds
[2025-03-06T11:12:52.901+0000] {processor.py:186} INFO - Started process (PID=1726) to work on /home/airflow/.local/lib/python3.12/site-packages/airflow/example_dags/example_short_circuit_operator.py
[2025-03-06T11:12:52.902+0000] {processor.py:914} INFO - Processing file /home/airflow/.local/lib/python3.12/site-packages/airflow/example_dags/example_short_circuit_operator.py for tasks to queue
[2025-03-06T11:12:52.904+0000] {logging_mixin.py:190} INFO - [2025-03-06T11:12:52.903+0000] {dagbag.py:588} INFO - Filling up the DagBag from /home/airflow/.local/lib/python3.12/site-packages/airflow/example_dags/example_short_circuit_operator.py
[2025-03-06T11:12:52.914+0000] {processor.py:925} INFO - DAG(s) 'example_short_circuit_operator' retrieved from /home/airflow/.local/lib/python3.12/site-packages/airflow/example_dags/example_short_circuit_operator.py
[2025-03-06T11:12:52.940+0000] {logging_mixin.py:190} INFO - [2025-03-06T11:12:52.940+0000] {dag.py:3239} INFO - Sync 1 DAGs
[2025-03-06T11:12:52.957+0000] {logging_mixin.py:190} INFO - [2025-03-06T11:12:52.957+0000] {dag.py:4180} INFO - Setting next_dagrun for example_short_circuit_operator to None, run_after=None
[2025-03-06T11:12:52.980+0000] {processor.py:208} INFO - Processing /home/airflow/.local/lib/python3.12/site-packages/airflow/example_dags/example_short_circuit_operator.py took 0.085 seconds
[2025-03-06T11:13:23.764+0000] {processor.py:186} INFO - Started process (PID=1792) to work on /home/airflow/.local/lib/python3.12/site-packages/airflow/example_dags/example_short_circuit_operator.py
[2025-03-06T11:13:23.765+0000] {processor.py:914} INFO - Processing file /home/airflow/.local/lib/python3.12/site-packages/airflow/example_dags/example_short_circuit_operator.py for tasks to queue
[2025-03-06T11:13:23.766+0000] {logging_mixin.py:190} INFO - [2025-03-06T11:13:23.765+0000] {dagbag.py:588} INFO - Filling up the DagBag from /home/airflow/.local/lib/python3.12/site-packages/airflow/example_dags/example_short_circuit_operator.py
[2025-03-06T11:13:23.773+0000] {processor.py:925} INFO - DAG(s) 'example_short_circuit_operator' retrieved from /home/airflow/.local/lib/python3.12/site-packages/airflow/example_dags/example_short_circuit_operator.py
[2025-03-06T11:13:23.795+0000] {logging_mixin.py:190} INFO - [2025-03-06T11:13:23.795+0000] {dag.py:3239} INFO - Sync 1 DAGs
[2025-03-06T11:13:23.807+0000] {logging_mixin.py:190} INFO - [2025-03-06T11:13:23.807+0000] {dag.py:4180} INFO - Setting next_dagrun for example_short_circuit_operator to None, run_after=None
[2025-03-06T11:13:23.827+0000] {processor.py:208} INFO - Processing /home/airflow/.local/lib/python3.12/site-packages/airflow/example_dags/example_short_circuit_operator.py took 0.068 seconds
[2025-03-06T11:13:54.748+0000] {processor.py:186} INFO - Started process (PID=1862) to work on /home/airflow/.local/lib/python3.12/site-packages/airflow/example_dags/example_short_circuit_operator.py
[2025-03-06T11:13:54.749+0000] {processor.py:914} INFO - Processing file /home/airflow/.local/lib/python3.12/site-packages/airflow/example_dags/example_short_circuit_operator.py for tasks to queue
[2025-03-06T11:13:54.750+0000] {logging_mixin.py:190} INFO - [2025-03-06T11:13:54.750+0000] {dagbag.py:588} INFO - Filling up the DagBag from /home/airflow/.local/lib/python3.12/site-packages/airflow/example_dags/example_short_circuit_operator.py
[2025-03-06T11:13:54.761+0000] {processor.py:925} INFO - DAG(s) 'example_short_circuit_operator' retrieved from /home/airflow/.local/lib/python3.12/site-packages/airflow/example_dags/example_short_circuit_operator.py
[2025-03-06T11:13:54.784+0000] {logging_mixin.py:190} INFO - [2025-03-06T11:13:54.783+0000] {dag.py:3239} INFO - Sync 1 DAGs
[2025-03-06T11:13:54.798+0000] {logging_mixin.py:190} INFO - [2025-03-06T11:13:54.798+0000] {dag.py:4180} INFO - Setting next_dagrun for example_short_circuit_operator to None, run_after=None
[2025-03-06T11:13:54.817+0000] {processor.py:208} INFO - Processing /home/airflow/.local/lib/python3.12/site-packages/airflow/example_dags/example_short_circuit_operator.py took 0.077 seconds
[2025-03-06T11:14:25.104+0000] {processor.py:186} INFO - Started process (PID=1931) to work on /home/airflow/.local/lib/python3.12/site-packages/airflow/example_dags/example_short_circuit_operator.py
[2025-03-06T11:14:25.105+0000] {processor.py:914} INFO - Processing file /home/airflow/.local/lib/python3.12/site-packages/airflow/example_dags/example_short_circuit_operator.py for tasks to queue
[2025-03-06T11:14:25.106+0000] {logging_mixin.py:190} INFO - [2025-03-06T11:14:25.106+0000] {dagbag.py:588} INFO - Filling up the DagBag from /home/airflow/.local/lib/python3.12/site-packages/airflow/example_dags/example_short_circuit_operator.py
[2025-03-06T11:14:25.115+0000] {processor.py:925} INFO - DAG(s) 'example_short_circuit_operator' retrieved from /home/airflow/.local/lib/python3.12/site-packages/airflow/example_dags/example_short_circuit_operator.py
[2025-03-06T11:14:25.139+0000] {logging_mixin.py:190} INFO - [2025-03-06T11:14:25.138+0000] {dag.py:3239} INFO - Sync 1 DAGs
[2025-03-06T11:14:25.154+0000] {logging_mixin.py:190} INFO - [2025-03-06T11:14:25.154+0000] {dag.py:4180} INFO - Setting next_dagrun for example_short_circuit_operator to None, run_after=None
[2025-03-06T11:14:25.172+0000] {processor.py:208} INFO - Processing /home/airflow/.local/lib/python3.12/site-packages/airflow/example_dags/example_short_circuit_operator.py took 0.073 seconds
[2025-03-06T11:14:55.598+0000] {processor.py:186} INFO - Started process (PID=2006) to work on /home/airflow/.local/lib/python3.12/site-packages/airflow/example_dags/example_short_circuit_operator.py
[2025-03-06T11:14:55.600+0000] {processor.py:914} INFO - Processing file /home/airflow/.local/lib/python3.12/site-packages/airflow/example_dags/example_short_circuit_operator.py for tasks to queue
[2025-03-06T11:14:55.601+0000] {logging_mixin.py:190} INFO - [2025-03-06T11:14:55.601+0000] {dagbag.py:588} INFO - Filling up the DagBag from /home/airflow/.local/lib/python3.12/site-packages/airflow/example_dags/example_short_circuit_operator.py
[2025-03-06T11:14:55.608+0000] {processor.py:925} INFO - DAG(s) 'example_short_circuit_operator' retrieved from /home/airflow/.local/lib/python3.12/site-packages/airflow/example_dags/example_short_circuit_operator.py
[2025-03-06T11:14:55.628+0000] {logging_mixin.py:190} INFO - [2025-03-06T11:14:55.628+0000] {dag.py:3239} INFO - Sync 1 DAGs
[2025-03-06T11:14:55.639+0000] {logging_mixin.py:190} INFO - [2025-03-06T11:14:55.639+0000] {dag.py:4180} INFO - Setting next_dagrun for example_short_circuit_operator to None, run_after=None
[2025-03-06T11:14:55.656+0000] {processor.py:208} INFO - Processing /home/airflow/.local/lib/python3.12/site-packages/airflow/example_dags/example_short_circuit_operator.py took 0.063 seconds
[2025-03-06T11:15:26.040+0000] {processor.py:186} INFO - Started process (PID=2081) to work on /home/airflow/.local/lib/python3.12/site-packages/airflow/example_dags/example_short_circuit_operator.py
[2025-03-06T11:15:26.042+0000] {processor.py:914} INFO - Processing file /home/airflow/.local/lib/python3.12/site-packages/airflow/example_dags/example_short_circuit_operator.py for tasks to queue
[2025-03-06T11:15:26.043+0000] {logging_mixin.py:190} INFO - [2025-03-06T11:15:26.043+0000] {dagbag.py:588} INFO - Filling up the DagBag from /home/airflow/.local/lib/python3.12/site-packages/airflow/example_dags/example_short_circuit_operator.py
[2025-03-06T11:15:26.050+0000] {processor.py:925} INFO - DAG(s) 'example_short_circuit_operator' retrieved from /home/airflow/.local/lib/python3.12/site-packages/airflow/example_dags/example_short_circuit_operator.py
[2025-03-06T11:15:26.069+0000] {logging_mixin.py:190} INFO - [2025-03-06T11:15:26.068+0000] {dag.py:3239} INFO - Sync 1 DAGs
[2025-03-06T11:15:26.079+0000] {logging_mixin.py:190} INFO - [2025-03-06T11:15:26.079+0000] {dag.py:4180} INFO - Setting next_dagrun for example_short_circuit_operator to None, run_after=None
[2025-03-06T11:15:26.097+0000] {processor.py:208} INFO - Processing /home/airflow/.local/lib/python3.12/site-packages/airflow/example_dags/example_short_circuit_operator.py took 0.061 seconds
[2025-03-06T11:15:56.977+0000] {processor.py:186} INFO - Started process (PID=2156) to work on /home/airflow/.local/lib/python3.12/site-packages/airflow/example_dags/example_short_circuit_operator.py
[2025-03-06T11:15:56.978+0000] {processor.py:914} INFO - Processing file /home/airflow/.local/lib/python3.12/site-packages/airflow/example_dags/example_short_circuit_operator.py for tasks to queue
[2025-03-06T11:15:56.980+0000] {logging_mixin.py:190} INFO - [2025-03-06T11:15:56.980+0000] {dagbag.py:588} INFO - Filling up the DagBag from /home/airflow/.local/lib/python3.12/site-packages/airflow/example_dags/example_short_circuit_operator.py
[2025-03-06T11:15:56.988+0000] {processor.py:925} INFO - DAG(s) 'example_short_circuit_operator' retrieved from /home/airflow/.local/lib/python3.12/site-packages/airflow/example_dags/example_short_circuit_operator.py
[2025-03-06T11:15:57.009+0000] {logging_mixin.py:190} INFO - [2025-03-06T11:15:57.009+0000] {dag.py:3239} INFO - Sync 1 DAGs
[2025-03-06T11:15:57.022+0000] {logging_mixin.py:190} INFO - [2025-03-06T11:15:57.021+0000] {dag.py:4180} INFO - Setting next_dagrun for example_short_circuit_operator to None, run_after=None
[2025-03-06T11:15:57.038+0000] {processor.py:208} INFO - Processing /home/airflow/.local/lib/python3.12/site-packages/airflow/example_dags/example_short_circuit_operator.py took 0.066 seconds
[2025-03-06T11:16:27.137+0000] {processor.py:186} INFO - Started process (PID=2231) to work on /home/airflow/.local/lib/python3.12/site-packages/airflow/example_dags/example_short_circuit_operator.py
[2025-03-06T11:16:27.138+0000] {processor.py:914} INFO - Processing file /home/airflow/.local/lib/python3.12/site-packages/airflow/example_dags/example_short_circuit_operator.py for tasks to queue
[2025-03-06T11:16:27.140+0000] {logging_mixin.py:190} INFO - [2025-03-06T11:16:27.139+0000] {dagbag.py:588} INFO - Filling up the DagBag from /home/airflow/.local/lib/python3.12/site-packages/airflow/example_dags/example_short_circuit_operator.py
[2025-03-06T11:16:27.148+0000] {processor.py:925} INFO - DAG(s) 'example_short_circuit_operator' retrieved from /home/airflow/.local/lib/python3.12/site-packages/airflow/example_dags/example_short_circuit_operator.py
[2025-03-06T11:16:27.168+0000] {logging_mixin.py:190} INFO - [2025-03-06T11:16:27.168+0000] {dag.py:3239} INFO - Sync 1 DAGs
[2025-03-06T11:16:27.182+0000] {logging_mixin.py:190} INFO - [2025-03-06T11:16:27.182+0000] {dag.py:4180} INFO - Setting next_dagrun for example_short_circuit_operator to None, run_after=None
[2025-03-06T11:16:27.201+0000] {processor.py:208} INFO - Processing /home/airflow/.local/lib/python3.12/site-packages/airflow/example_dags/example_short_circuit_operator.py took 0.069 seconds
[2025-03-06T11:16:57.371+0000] {processor.py:186} INFO - Started process (PID=2306) to work on /home/airflow/.local/lib/python3.12/site-packages/airflow/example_dags/example_short_circuit_operator.py
[2025-03-06T11:16:57.372+0000] {processor.py:914} INFO - Processing file /home/airflow/.local/lib/python3.12/site-packages/airflow/example_dags/example_short_circuit_operator.py for tasks to queue
[2025-03-06T11:16:57.374+0000] {logging_mixin.py:190} INFO - [2025-03-06T11:16:57.373+0000] {dagbag.py:588} INFO - Filling up the DagBag from /home/airflow/.local/lib/python3.12/site-packages/airflow/example_dags/example_short_circuit_operator.py
[2025-03-06T11:16:57.381+0000] {processor.py:925} INFO - DAG(s) 'example_short_circuit_operator' retrieved from /home/airflow/.local/lib/python3.12/site-packages/airflow/example_dags/example_short_circuit_operator.py
[2025-03-06T11:16:57.399+0000] {logging_mixin.py:190} INFO - [2025-03-06T11:16:57.399+0000] {dag.py:3239} INFO - Sync 1 DAGs
[2025-03-06T11:16:57.412+0000] {logging_mixin.py:190} INFO - [2025-03-06T11:16:57.411+0000] {dag.py:4180} INFO - Setting next_dagrun for example_short_circuit_operator to None, run_after=None
[2025-03-06T11:16:57.427+0000] {processor.py:208} INFO - Processing /home/airflow/.local/lib/python3.12/site-packages/airflow/example_dags/example_short_circuit_operator.py took 0.061 seconds
[2025-03-06T11:17:27.532+0000] {processor.py:186} INFO - Started process (PID=2381) to work on /home/airflow/.local/lib/python3.12/site-packages/airflow/example_dags/example_short_circuit_operator.py
[2025-03-06T11:17:27.533+0000] {processor.py:914} INFO - Processing file /home/airflow/.local/lib/python3.12/site-packages/airflow/example_dags/example_short_circuit_operator.py for tasks to queue
[2025-03-06T11:17:27.535+0000] {logging_mixin.py:190} INFO - [2025-03-06T11:17:27.534+0000] {dagbag.py:588} INFO - Filling up the DagBag from /home/airflow/.local/lib/python3.12/site-packages/airflow/example_dags/example_short_circuit_operator.py
[2025-03-06T11:17:27.542+0000] {processor.py:925} INFO - DAG(s) 'example_short_circuit_operator' retrieved from /home/airflow/.local/lib/python3.12/site-packages/airflow/example_dags/example_short_circuit_operator.py
[2025-03-06T11:17:27.566+0000] {logging_mixin.py:190} INFO - [2025-03-06T11:17:27.566+0000] {dag.py:3239} INFO - Sync 1 DAGs
[2025-03-06T11:17:27.580+0000] {logging_mixin.py:190} INFO - [2025-03-06T11:17:27.579+0000] {dag.py:4180} INFO - Setting next_dagrun for example_short_circuit_operator to None, run_after=None
[2025-03-06T11:17:27.600+0000] {processor.py:208} INFO - Processing /home/airflow/.local/lib/python3.12/site-packages/airflow/example_dags/example_short_circuit_operator.py took 0.073 seconds
[2025-03-06T11:17:57.950+0000] {processor.py:186} INFO - Started process (PID=2456) to work on /home/airflow/.local/lib/python3.12/site-packages/airflow/example_dags/example_short_circuit_operator.py
[2025-03-06T11:17:57.952+0000] {processor.py:914} INFO - Processing file /home/airflow/.local/lib/python3.12/site-packages/airflow/example_dags/example_short_circuit_operator.py for tasks to queue
[2025-03-06T11:17:57.953+0000] {logging_mixin.py:190} INFO - [2025-03-06T11:17:57.953+0000] {dagbag.py:588} INFO - Filling up the DagBag from /home/airflow/.local/lib/python3.12/site-packages/airflow/example_dags/example_short_circuit_operator.py
[2025-03-06T11:17:57.964+0000] {processor.py:925} INFO - DAG(s) 'example_short_circuit_operator' retrieved from /home/airflow/.local/lib/python3.12/site-packages/airflow/example_dags/example_short_circuit_operator.py
[2025-03-06T11:17:57.991+0000] {logging_mixin.py:190} INFO - [2025-03-06T11:17:57.990+0000] {dag.py:3239} INFO - Sync 1 DAGs
[2025-03-06T11:17:58.008+0000] {logging_mixin.py:190} INFO - [2025-03-06T11:17:58.008+0000] {dag.py:4180} INFO - Setting next_dagrun for example_short_circuit_operator to None, run_after=None
[2025-03-06T11:17:58.034+0000] {processor.py:208} INFO - Processing /home/airflow/.local/lib/python3.12/site-packages/airflow/example_dags/example_short_circuit_operator.py took 0.091 seconds
[2025-03-06T11:18:28.593+0000] {processor.py:186} INFO - Started process (PID=2531) to work on /home/airflow/.local/lib/python3.12/site-packages/airflow/example_dags/example_short_circuit_operator.py
[2025-03-06T11:18:28.595+0000] {processor.py:914} INFO - Processing file /home/airflow/.local/lib/python3.12/site-packages/airflow/example_dags/example_short_circuit_operator.py for tasks to queue
[2025-03-06T11:18:28.596+0000] {logging_mixin.py:190} INFO - [2025-03-06T11:18:28.596+0000] {dagbag.py:588} INFO - Filling up the DagBag from /home/airflow/.local/lib/python3.12/site-packages/airflow/example_dags/example_short_circuit_operator.py
[2025-03-06T11:18:28.604+0000] {processor.py:925} INFO - DAG(s) 'example_short_circuit_operator' retrieved from /home/airflow/.local/lib/python3.12/site-packages/airflow/example_dags/example_short_circuit_operator.py
[2025-03-06T11:18:28.624+0000] {logging_mixin.py:190} INFO - [2025-03-06T11:18:28.624+0000] {dag.py:3239} INFO - Sync 1 DAGs
[2025-03-06T11:18:28.636+0000] {logging_mixin.py:190} INFO - [2025-03-06T11:18:28.636+0000] {dag.py:4180} INFO - Setting next_dagrun for example_short_circuit_operator to None, run_after=None
[2025-03-06T11:18:28.654+0000] {processor.py:208} INFO - Processing /home/airflow/.local/lib/python3.12/site-packages/airflow/example_dags/example_short_circuit_operator.py took 0.066 seconds
