[2025-03-06T04:34:26.949+0000] {processor.py:186} INFO - Started process (PID=14364) to work on /home/airflow/.local/lib/python3.12/site-packages/airflow/example_dags/example_branch_labels.py
[2025-03-06T04:34:26.950+0000] {processor.py:914} INFO - Processing file /home/airflow/.local/lib/python3.12/site-packages/airflow/example_dags/example_branch_labels.py for tasks to queue
[2025-03-06T04:34:26.953+0000] {logging_mixin.py:190} INFO - [2025-03-06T04:34:26.953+0000] {dagbag.py:588} INFO - Filling up the DagBag from /home/airflow/.local/lib/python3.12/site-packages/airflow/example_dags/example_branch_labels.py
[2025-03-06T04:34:26.965+0000] {processor.py:925} INFO - DAG(s) 'example_branch_labels' retrieved from /home/airflow/.local/lib/python3.12/site-packages/airflow/example_dags/example_branch_labels.py
[2025-03-06T04:34:26.992+0000] {logging_mixin.py:190} INFO - [2025-03-06T04:34:26.991+0000] {dag.py:3239} INFO - Sync 1 DAGs
[2025-03-06T04:34:27.017+0000] {logging_mixin.py:190} INFO - [2025-03-06T04:34:27.017+0000] {dag.py:4180} INFO - Setting next_dagrun for example_branch_labels to 2025-03-05 00:00:00+00:00, run_after=2025-03-06 00:00:00+00:00
[2025-03-06T04:34:27.038+0000] {processor.py:208} INFO - Processing /home/airflow/.local/lib/python3.12/site-packages/airflow/example_dags/example_branch_labels.py took 0.102 seconds
[2025-03-06T04:34:57.878+0000] {processor.py:186} INFO - Started process (PID=14439) to work on /home/airflow/.local/lib/python3.12/site-packages/airflow/example_dags/example_branch_labels.py
[2025-03-06T04:34:57.880+0000] {processor.py:914} INFO - Processing file /home/airflow/.local/lib/python3.12/site-packages/airflow/example_dags/example_branch_labels.py for tasks to queue
[2025-03-06T04:34:57.884+0000] {logging_mixin.py:190} INFO - [2025-03-06T04:34:57.883+0000] {dagbag.py:588} INFO - Filling up the DagBag from /home/airflow/.local/lib/python3.12/site-packages/airflow/example_dags/example_branch_labels.py
[2025-03-06T04:34:57.900+0000] {processor.py:925} INFO - DAG(s) 'example_branch_labels' retrieved from /home/airflow/.local/lib/python3.12/site-packages/airflow/example_dags/example_branch_labels.py
[2025-03-06T04:34:57.934+0000] {logging_mixin.py:190} INFO - [2025-03-06T04:34:57.933+0000] {dag.py:3239} INFO - Sync 1 DAGs
[2025-03-06T04:34:57.972+0000] {logging_mixin.py:190} INFO - [2025-03-06T04:34:57.971+0000] {dag.py:4180} INFO - Setting next_dagrun for example_branch_labels to 2025-03-05 00:00:00+00:00, run_after=2025-03-06 00:00:00+00:00
[2025-03-06T04:34:58.002+0000] {processor.py:208} INFO - Processing /home/airflow/.local/lib/python3.12/site-packages/airflow/example_dags/example_branch_labels.py took 0.134 seconds
[2025-03-06T04:35:28.092+0000] {processor.py:186} INFO - Started process (PID=14514) to work on /home/airflow/.local/lib/python3.12/site-packages/airflow/example_dags/example_branch_labels.py
[2025-03-06T04:35:28.093+0000] {processor.py:914} INFO - Processing file /home/airflow/.local/lib/python3.12/site-packages/airflow/example_dags/example_branch_labels.py for tasks to queue
[2025-03-06T04:35:28.096+0000] {logging_mixin.py:190} INFO - [2025-03-06T04:35:28.095+0000] {dagbag.py:588} INFO - Filling up the DagBag from /home/airflow/.local/lib/python3.12/site-packages/airflow/example_dags/example_branch_labels.py
[2025-03-06T04:35:28.104+0000] {processor.py:925} INFO - DAG(s) 'example_branch_labels' retrieved from /home/airflow/.local/lib/python3.12/site-packages/airflow/example_dags/example_branch_labels.py
[2025-03-06T04:35:28.123+0000] {logging_mixin.py:190} INFO - [2025-03-06T04:35:28.123+0000] {dag.py:3239} INFO - Sync 1 DAGs
[2025-03-06T04:35:28.144+0000] {logging_mixin.py:190} INFO - [2025-03-06T04:35:28.144+0000] {dag.py:4180} INFO - Setting next_dagrun for example_branch_labels to 2025-03-05 00:00:00+00:00, run_after=2025-03-06 00:00:00+00:00
[2025-03-06T04:35:28.162+0000] {processor.py:208} INFO - Processing /home/airflow/.local/lib/python3.12/site-packages/airflow/example_dags/example_branch_labels.py took 0.074 seconds
[2025-03-06T04:36:00.354+0000] {processor.py:186} INFO - Started process (PID=14589) to work on /home/airflow/.local/lib/python3.12/site-packages/airflow/example_dags/example_branch_labels.py
[2025-03-06T04:36:00.357+0000] {processor.py:914} INFO - Processing file /home/airflow/.local/lib/python3.12/site-packages/airflow/example_dags/example_branch_labels.py for tasks to queue
[2025-03-06T04:36:00.361+0000] {logging_mixin.py:190} INFO - [2025-03-06T04:36:00.360+0000] {dagbag.py:588} INFO - Filling up the DagBag from /home/airflow/.local/lib/python3.12/site-packages/airflow/example_dags/example_branch_labels.py
[2025-03-06T04:36:00.381+0000] {processor.py:925} INFO - DAG(s) 'example_branch_labels' retrieved from /home/airflow/.local/lib/python3.12/site-packages/airflow/example_dags/example_branch_labels.py
[2025-03-06T04:36:00.417+0000] {logging_mixin.py:190} INFO - [2025-03-06T04:36:00.417+0000] {dag.py:3239} INFO - Sync 1 DAGs
[2025-03-06T04:36:00.459+0000] {logging_mixin.py:190} INFO - [2025-03-06T04:36:00.459+0000] {dag.py:4180} INFO - Setting next_dagrun for example_branch_labels to 2025-03-05 00:00:00+00:00, run_after=2025-03-06 00:00:00+00:00
[2025-03-06T04:36:00.525+0000] {processor.py:208} INFO - Processing /home/airflow/.local/lib/python3.12/site-packages/airflow/example_dags/example_branch_labels.py took 0.179 seconds
[2025-03-06T04:36:33.440+0000] {processor.py:186} INFO - Started process (PID=14664) to work on /home/airflow/.local/lib/python3.12/site-packages/airflow/example_dags/example_branch_labels.py
[2025-03-06T04:36:33.442+0000] {processor.py:914} INFO - Processing file /home/airflow/.local/lib/python3.12/site-packages/airflow/example_dags/example_branch_labels.py for tasks to queue
[2025-03-06T04:36:33.446+0000] {logging_mixin.py:190} INFO - [2025-03-06T04:36:33.445+0000] {dagbag.py:588} INFO - Filling up the DagBag from /home/airflow/.local/lib/python3.12/site-packages/airflow/example_dags/example_branch_labels.py
[2025-03-06T04:36:33.458+0000] {processor.py:925} INFO - DAG(s) 'example_branch_labels' retrieved from /home/airflow/.local/lib/python3.12/site-packages/airflow/example_dags/example_branch_labels.py
[2025-03-06T04:36:33.486+0000] {logging_mixin.py:190} INFO - [2025-03-06T04:36:33.486+0000] {dag.py:3239} INFO - Sync 1 DAGs
[2025-03-06T04:36:33.535+0000] {logging_mixin.py:190} INFO - [2025-03-06T04:36:33.534+0000] {dag.py:4180} INFO - Setting next_dagrun for example_branch_labels to 2025-03-05 00:00:00+00:00, run_after=2025-03-06 00:00:00+00:00
[2025-03-06T04:36:33.571+0000] {processor.py:208} INFO - Processing /home/airflow/.local/lib/python3.12/site-packages/airflow/example_dags/example_branch_labels.py took 0.138 seconds
[2025-03-06T04:37:04.568+0000] {processor.py:186} INFO - Started process (PID=14729) to work on /home/airflow/.local/lib/python3.12/site-packages/airflow/example_dags/example_branch_labels.py
[2025-03-06T04:37:04.570+0000] {processor.py:914} INFO - Processing file /home/airflow/.local/lib/python3.12/site-packages/airflow/example_dags/example_branch_labels.py for tasks to queue
[2025-03-06T04:37:04.572+0000] {logging_mixin.py:190} INFO - [2025-03-06T04:37:04.572+0000] {dagbag.py:588} INFO - Filling up the DagBag from /home/airflow/.local/lib/python3.12/site-packages/airflow/example_dags/example_branch_labels.py
[2025-03-06T04:37:04.581+0000] {processor.py:925} INFO - DAG(s) 'example_branch_labels' retrieved from /home/airflow/.local/lib/python3.12/site-packages/airflow/example_dags/example_branch_labels.py
[2025-03-06T04:37:04.600+0000] {logging_mixin.py:190} INFO - [2025-03-06T04:37:04.600+0000] {dag.py:3239} INFO - Sync 1 DAGs
[2025-03-06T04:37:04.620+0000] {logging_mixin.py:190} INFO - [2025-03-06T04:37:04.619+0000] {dag.py:4180} INFO - Setting next_dagrun for example_branch_labels to 2025-03-05 00:00:00+00:00, run_after=2025-03-06 00:00:00+00:00
[2025-03-06T04:37:04.636+0000] {processor.py:208} INFO - Processing /home/airflow/.local/lib/python3.12/site-packages/airflow/example_dags/example_branch_labels.py took 0.072 seconds
[2025-03-06T04:37:34.764+0000] {processor.py:186} INFO - Started process (PID=14803) to work on /home/airflow/.local/lib/python3.12/site-packages/airflow/example_dags/example_branch_labels.py
[2025-03-06T04:37:34.765+0000] {processor.py:914} INFO - Processing file /home/airflow/.local/lib/python3.12/site-packages/airflow/example_dags/example_branch_labels.py for tasks to queue
[2025-03-06T04:37:34.767+0000] {logging_mixin.py:190} INFO - [2025-03-06T04:37:34.767+0000] {dagbag.py:588} INFO - Filling up the DagBag from /home/airflow/.local/lib/python3.12/site-packages/airflow/example_dags/example_branch_labels.py
[2025-03-06T04:37:34.774+0000] {processor.py:925} INFO - DAG(s) 'example_branch_labels' retrieved from /home/airflow/.local/lib/python3.12/site-packages/airflow/example_dags/example_branch_labels.py
[2025-03-06T04:37:34.792+0000] {logging_mixin.py:190} INFO - [2025-03-06T04:37:34.792+0000] {dag.py:3239} INFO - Sync 1 DAGs
[2025-03-06T04:37:34.809+0000] {logging_mixin.py:190} INFO - [2025-03-06T04:37:34.809+0000] {dag.py:4180} INFO - Setting next_dagrun for example_branch_labels to 2025-03-05 00:00:00+00:00, run_after=2025-03-06 00:00:00+00:00
[2025-03-06T04:37:34.823+0000] {processor.py:208} INFO - Processing /home/airflow/.local/lib/python3.12/site-packages/airflow/example_dags/example_branch_labels.py took 0.063 seconds
[2025-03-06T04:38:04.921+0000] {processor.py:186} INFO - Started process (PID=14878) to work on /home/airflow/.local/lib/python3.12/site-packages/airflow/example_dags/example_branch_labels.py
[2025-03-06T04:38:04.922+0000] {processor.py:914} INFO - Processing file /home/airflow/.local/lib/python3.12/site-packages/airflow/example_dags/example_branch_labels.py for tasks to queue
[2025-03-06T04:38:04.925+0000] {logging_mixin.py:190} INFO - [2025-03-06T04:38:04.925+0000] {dagbag.py:588} INFO - Filling up the DagBag from /home/airflow/.local/lib/python3.12/site-packages/airflow/example_dags/example_branch_labels.py
[2025-03-06T04:38:04.933+0000] {processor.py:925} INFO - DAG(s) 'example_branch_labels' retrieved from /home/airflow/.local/lib/python3.12/site-packages/airflow/example_dags/example_branch_labels.py
[2025-03-06T04:38:04.956+0000] {logging_mixin.py:190} INFO - [2025-03-06T04:38:04.956+0000] {dag.py:3239} INFO - Sync 1 DAGs
[2025-03-06T04:38:04.981+0000] {logging_mixin.py:190} INFO - [2025-03-06T04:38:04.981+0000] {dag.py:4180} INFO - Setting next_dagrun for example_branch_labels to 2025-03-05 00:00:00+00:00, run_after=2025-03-06 00:00:00+00:00
[2025-03-06T04:38:05.002+0000] {processor.py:208} INFO - Processing /home/airflow/.local/lib/python3.12/site-packages/airflow/example_dags/example_branch_labels.py took 0.087 seconds
[2025-03-06T04:38:35.434+0000] {processor.py:186} INFO - Started process (PID=14952) to work on /home/airflow/.local/lib/python3.12/site-packages/airflow/example_dags/example_branch_labels.py
[2025-03-06T04:38:35.435+0000] {processor.py:914} INFO - Processing file /home/airflow/.local/lib/python3.12/site-packages/airflow/example_dags/example_branch_labels.py for tasks to queue
[2025-03-06T04:38:35.438+0000] {logging_mixin.py:190} INFO - [2025-03-06T04:38:35.438+0000] {dagbag.py:588} INFO - Filling up the DagBag from /home/airflow/.local/lib/python3.12/site-packages/airflow/example_dags/example_branch_labels.py
[2025-03-06T04:38:35.445+0000] {processor.py:925} INFO - DAG(s) 'example_branch_labels' retrieved from /home/airflow/.local/lib/python3.12/site-packages/airflow/example_dags/example_branch_labels.py
[2025-03-06T04:38:35.462+0000] {logging_mixin.py:190} INFO - [2025-03-06T04:38:35.462+0000] {dag.py:3239} INFO - Sync 1 DAGs
[2025-03-06T04:38:35.482+0000] {logging_mixin.py:190} INFO - [2025-03-06T04:38:35.481+0000] {dag.py:4180} INFO - Setting next_dagrun for example_branch_labels to 2025-03-05 00:00:00+00:00, run_after=2025-03-06 00:00:00+00:00
[2025-03-06T04:38:35.499+0000] {processor.py:208} INFO - Processing /home/airflow/.local/lib/python3.12/site-packages/airflow/example_dags/example_branch_labels.py took 0.069 seconds
[2025-03-06T04:39:05.732+0000] {processor.py:186} INFO - Started process (PID=15027) to work on /home/airflow/.local/lib/python3.12/site-packages/airflow/example_dags/example_branch_labels.py
[2025-03-06T04:39:05.733+0000] {processor.py:914} INFO - Processing file /home/airflow/.local/lib/python3.12/site-packages/airflow/example_dags/example_branch_labels.py for tasks to queue
[2025-03-06T04:39:05.736+0000] {logging_mixin.py:190} INFO - [2025-03-06T04:39:05.736+0000] {dagbag.py:588} INFO - Filling up the DagBag from /home/airflow/.local/lib/python3.12/site-packages/airflow/example_dags/example_branch_labels.py
[2025-03-06T04:39:05.745+0000] {processor.py:925} INFO - DAG(s) 'example_branch_labels' retrieved from /home/airflow/.local/lib/python3.12/site-packages/airflow/example_dags/example_branch_labels.py
[2025-03-06T04:39:05.766+0000] {logging_mixin.py:190} INFO - [2025-03-06T04:39:05.765+0000] {dag.py:3239} INFO - Sync 1 DAGs
[2025-03-06T04:39:05.789+0000] {logging_mixin.py:190} INFO - [2025-03-06T04:39:05.788+0000] {dag.py:4180} INFO - Setting next_dagrun for example_branch_labels to 2025-03-05 00:00:00+00:00, run_after=2025-03-06 00:00:00+00:00
[2025-03-06T04:39:05.810+0000] {processor.py:208} INFO - Processing /home/airflow/.local/lib/python3.12/site-packages/airflow/example_dags/example_branch_labels.py took 0.083 seconds
[2025-03-06T04:39:36.440+0000] {processor.py:186} INFO - Started process (PID=15102) to work on /home/airflow/.local/lib/python3.12/site-packages/airflow/example_dags/example_branch_labels.py
[2025-03-06T04:39:36.442+0000] {processor.py:914} INFO - Processing file /home/airflow/.local/lib/python3.12/site-packages/airflow/example_dags/example_branch_labels.py for tasks to queue
[2025-03-06T04:39:36.444+0000] {logging_mixin.py:190} INFO - [2025-03-06T04:39:36.444+0000] {dagbag.py:588} INFO - Filling up the DagBag from /home/airflow/.local/lib/python3.12/site-packages/airflow/example_dags/example_branch_labels.py
[2025-03-06T04:39:36.455+0000] {processor.py:925} INFO - DAG(s) 'example_branch_labels' retrieved from /home/airflow/.local/lib/python3.12/site-packages/airflow/example_dags/example_branch_labels.py
[2025-03-06T04:39:36.476+0000] {logging_mixin.py:190} INFO - [2025-03-06T04:39:36.476+0000] {dag.py:3239} INFO - Sync 1 DAGs
[2025-03-06T04:39:36.496+0000] {logging_mixin.py:190} INFO - [2025-03-06T04:39:36.496+0000] {dag.py:4180} INFO - Setting next_dagrun for example_branch_labels to 2025-03-05 00:00:00+00:00, run_after=2025-03-06 00:00:00+00:00
[2025-03-06T04:39:36.513+0000] {processor.py:208} INFO - Processing /home/airflow/.local/lib/python3.12/site-packages/airflow/example_dags/example_branch_labels.py took 0.078 seconds
[2025-03-06T04:40:06.660+0000] {processor.py:186} INFO - Started process (PID=15178) to work on /home/airflow/.local/lib/python3.12/site-packages/airflow/example_dags/example_branch_labels.py
[2025-03-06T04:40:06.661+0000] {processor.py:914} INFO - Processing file /home/airflow/.local/lib/python3.12/site-packages/airflow/example_dags/example_branch_labels.py for tasks to queue
[2025-03-06T04:40:06.664+0000] {logging_mixin.py:190} INFO - [2025-03-06T04:40:06.663+0000] {dagbag.py:588} INFO - Filling up the DagBag from /home/airflow/.local/lib/python3.12/site-packages/airflow/example_dags/example_branch_labels.py
[2025-03-06T04:40:06.673+0000] {processor.py:925} INFO - DAG(s) 'example_branch_labels' retrieved from /home/airflow/.local/lib/python3.12/site-packages/airflow/example_dags/example_branch_labels.py
[2025-03-06T04:40:06.692+0000] {logging_mixin.py:190} INFO - [2025-03-06T04:40:06.692+0000] {dag.py:3239} INFO - Sync 1 DAGs
[2025-03-06T04:40:06.712+0000] {logging_mixin.py:190} INFO - [2025-03-06T04:40:06.712+0000] {dag.py:4180} INFO - Setting next_dagrun for example_branch_labels to 2025-03-05 00:00:00+00:00, run_after=2025-03-06 00:00:00+00:00
[2025-03-06T04:40:06.729+0000] {processor.py:208} INFO - Processing /home/airflow/.local/lib/python3.12/site-packages/airflow/example_dags/example_branch_labels.py took 0.075 seconds
[2025-03-06T04:40:37.129+0000] {processor.py:186} INFO - Started process (PID=15253) to work on /home/airflow/.local/lib/python3.12/site-packages/airflow/example_dags/example_branch_labels.py
[2025-03-06T04:40:37.130+0000] {processor.py:914} INFO - Processing file /home/airflow/.local/lib/python3.12/site-packages/airflow/example_dags/example_branch_labels.py for tasks to queue
[2025-03-06T04:40:37.133+0000] {logging_mixin.py:190} INFO - [2025-03-06T04:40:37.133+0000] {dagbag.py:588} INFO - Filling up the DagBag from /home/airflow/.local/lib/python3.12/site-packages/airflow/example_dags/example_branch_labels.py
[2025-03-06T04:40:37.141+0000] {processor.py:925} INFO - DAG(s) 'example_branch_labels' retrieved from /home/airflow/.local/lib/python3.12/site-packages/airflow/example_dags/example_branch_labels.py
[2025-03-06T04:40:37.163+0000] {logging_mixin.py:190} INFO - [2025-03-06T04:40:37.163+0000] {dag.py:3239} INFO - Sync 1 DAGs
[2025-03-06T04:40:37.184+0000] {logging_mixin.py:190} INFO - [2025-03-06T04:40:37.184+0000] {dag.py:4180} INFO - Setting next_dagrun for example_branch_labels to 2025-03-05 00:00:00+00:00, run_after=2025-03-06 00:00:00+00:00
[2025-03-06T04:40:37.199+0000] {processor.py:208} INFO - Processing /home/airflow/.local/lib/python3.12/site-packages/airflow/example_dags/example_branch_labels.py took 0.076 seconds
[2025-03-06T04:41:07.589+0000] {processor.py:186} INFO - Started process (PID=15328) to work on /home/airflow/.local/lib/python3.12/site-packages/airflow/example_dags/example_branch_labels.py
[2025-03-06T04:41:07.590+0000] {processor.py:914} INFO - Processing file /home/airflow/.local/lib/python3.12/site-packages/airflow/example_dags/example_branch_labels.py for tasks to queue
[2025-03-06T04:41:07.593+0000] {logging_mixin.py:190} INFO - [2025-03-06T04:41:07.593+0000] {dagbag.py:588} INFO - Filling up the DagBag from /home/airflow/.local/lib/python3.12/site-packages/airflow/example_dags/example_branch_labels.py
[2025-03-06T04:41:07.601+0000] {processor.py:925} INFO - DAG(s) 'example_branch_labels' retrieved from /home/airflow/.local/lib/python3.12/site-packages/airflow/example_dags/example_branch_labels.py
[2025-03-06T04:41:07.622+0000] {logging_mixin.py:190} INFO - [2025-03-06T04:41:07.621+0000] {dag.py:3239} INFO - Sync 1 DAGs
[2025-03-06T04:41:07.643+0000] {logging_mixin.py:190} INFO - [2025-03-06T04:41:07.643+0000] {dag.py:4180} INFO - Setting next_dagrun for example_branch_labels to 2025-03-05 00:00:00+00:00, run_after=2025-03-06 00:00:00+00:00
[2025-03-06T04:41:07.660+0000] {processor.py:208} INFO - Processing /home/airflow/.local/lib/python3.12/site-packages/airflow/example_dags/example_branch_labels.py took 0.075 seconds
[2025-03-06T04:41:38.320+0000] {processor.py:186} INFO - Started process (PID=15402) to work on /home/airflow/.local/lib/python3.12/site-packages/airflow/example_dags/example_branch_labels.py
[2025-03-06T04:41:38.321+0000] {processor.py:914} INFO - Processing file /home/airflow/.local/lib/python3.12/site-packages/airflow/example_dags/example_branch_labels.py for tasks to queue
[2025-03-06T04:41:38.324+0000] {logging_mixin.py:190} INFO - [2025-03-06T04:41:38.324+0000] {dagbag.py:588} INFO - Filling up the DagBag from /home/airflow/.local/lib/python3.12/site-packages/airflow/example_dags/example_branch_labels.py
[2025-03-06T04:41:38.333+0000] {processor.py:925} INFO - DAG(s) 'example_branch_labels' retrieved from /home/airflow/.local/lib/python3.12/site-packages/airflow/example_dags/example_branch_labels.py
[2025-03-06T04:41:38.352+0000] {logging_mixin.py:190} INFO - [2025-03-06T04:41:38.352+0000] {dag.py:3239} INFO - Sync 1 DAGs
[2025-03-06T04:41:38.374+0000] {logging_mixin.py:190} INFO - [2025-03-06T04:41:38.374+0000] {dag.py:4180} INFO - Setting next_dagrun for example_branch_labels to 2025-03-05 00:00:00+00:00, run_after=2025-03-06 00:00:00+00:00
[2025-03-06T04:41:38.389+0000] {processor.py:208} INFO - Processing /home/airflow/.local/lib/python3.12/site-packages/airflow/example_dags/example_branch_labels.py took 0.075 seconds
[2025-03-06T04:42:08.583+0000] {processor.py:186} INFO - Started process (PID=15477) to work on /home/airflow/.local/lib/python3.12/site-packages/airflow/example_dags/example_branch_labels.py
[2025-03-06T04:42:08.585+0000] {processor.py:914} INFO - Processing file /home/airflow/.local/lib/python3.12/site-packages/airflow/example_dags/example_branch_labels.py for tasks to queue
[2025-03-06T04:42:08.589+0000] {logging_mixin.py:190} INFO - [2025-03-06T04:42:08.588+0000] {dagbag.py:588} INFO - Filling up the DagBag from /home/airflow/.local/lib/python3.12/site-packages/airflow/example_dags/example_branch_labels.py
[2025-03-06T04:42:08.605+0000] {processor.py:925} INFO - DAG(s) 'example_branch_labels' retrieved from /home/airflow/.local/lib/python3.12/site-packages/airflow/example_dags/example_branch_labels.py
[2025-03-06T04:42:08.635+0000] {logging_mixin.py:190} INFO - [2025-03-06T04:42:08.634+0000] {dag.py:3239} INFO - Sync 1 DAGs
[2025-03-06T04:42:08.667+0000] {logging_mixin.py:190} INFO - [2025-03-06T04:42:08.667+0000] {dag.py:4180} INFO - Setting next_dagrun for example_branch_labels to 2025-03-05 00:00:00+00:00, run_after=2025-03-06 00:00:00+00:00
[2025-03-06T04:42:08.704+0000] {processor.py:208} INFO - Processing /home/airflow/.local/lib/python3.12/site-packages/airflow/example_dags/example_branch_labels.py took 0.131 seconds
[2025-03-06T11:01:06.000+0000] {processor.py:186} INFO - Started process (PID=119) to work on /home/airflow/.local/lib/python3.12/site-packages/airflow/example_dags/example_branch_labels.py
[2025-03-06T11:01:06.003+0000] {processor.py:914} INFO - Processing file /home/airflow/.local/lib/python3.12/site-packages/airflow/example_dags/example_branch_labels.py for tasks to queue
[2025-03-06T11:01:06.009+0000] {logging_mixin.py:190} INFO - [2025-03-06T11:01:06.008+0000] {dagbag.py:588} INFO - Filling up the DagBag from /home/airflow/.local/lib/python3.12/site-packages/airflow/example_dags/example_branch_labels.py
[2025-03-06T11:01:06.025+0000] {processor.py:925} INFO - DAG(s) 'example_branch_labels' retrieved from /home/airflow/.local/lib/python3.12/site-packages/airflow/example_dags/example_branch_labels.py
[2025-03-06T11:01:06.082+0000] {logging_mixin.py:190} INFO - [2025-03-06T11:01:06.082+0000] {dag.py:3239} INFO - Sync 1 DAGs
[2025-03-06T11:01:06.232+0000] {logging_mixin.py:190} INFO - [2025-03-06T11:01:06.232+0000] {dag.py:4180} INFO - Setting next_dagrun for example_branch_labels to 2025-03-05 00:00:00+00:00, run_after=2025-03-06 00:00:00+00:00
[2025-03-06T11:01:06.428+0000] {processor.py:208} INFO - Processing /home/airflow/.local/lib/python3.12/site-packages/airflow/example_dags/example_branch_labels.py took 0.436 seconds
[2025-03-06T11:01:37.308+0000] {processor.py:186} INFO - Started process (PID=193) to work on /home/airflow/.local/lib/python3.12/site-packages/airflow/example_dags/example_branch_labels.py
[2025-03-06T11:01:37.310+0000] {processor.py:914} INFO - Processing file /home/airflow/.local/lib/python3.12/site-packages/airflow/example_dags/example_branch_labels.py for tasks to queue
[2025-03-06T11:01:37.313+0000] {logging_mixin.py:190} INFO - [2025-03-06T11:01:37.312+0000] {dagbag.py:588} INFO - Filling up the DagBag from /home/airflow/.local/lib/python3.12/site-packages/airflow/example_dags/example_branch_labels.py
[2025-03-06T11:01:37.321+0000] {processor.py:925} INFO - DAG(s) 'example_branch_labels' retrieved from /home/airflow/.local/lib/python3.12/site-packages/airflow/example_dags/example_branch_labels.py
[2025-03-06T11:01:37.339+0000] {logging_mixin.py:190} INFO - [2025-03-06T11:01:37.339+0000] {dag.py:3239} INFO - Sync 1 DAGs
[2025-03-06T11:01:37.356+0000] {logging_mixin.py:190} INFO - [2025-03-06T11:01:37.356+0000] {dag.py:4180} INFO - Setting next_dagrun for example_branch_labels to 2025-03-05 00:00:00+00:00, run_after=2025-03-06 00:00:00+00:00
[2025-03-06T11:01:37.373+0000] {processor.py:208} INFO - Processing /home/airflow/.local/lib/python3.12/site-packages/airflow/example_dags/example_branch_labels.py took 0.070 seconds
[2025-03-06T11:02:07.562+0000] {processor.py:186} INFO - Started process (PID=268) to work on /home/airflow/.local/lib/python3.12/site-packages/airflow/example_dags/example_branch_labels.py
[2025-03-06T11:02:07.564+0000] {processor.py:914} INFO - Processing file /home/airflow/.local/lib/python3.12/site-packages/airflow/example_dags/example_branch_labels.py for tasks to queue
[2025-03-06T11:02:07.566+0000] {logging_mixin.py:190} INFO - [2025-03-06T11:02:07.566+0000] {dagbag.py:588} INFO - Filling up the DagBag from /home/airflow/.local/lib/python3.12/site-packages/airflow/example_dags/example_branch_labels.py
[2025-03-06T11:02:07.574+0000] {processor.py:925} INFO - DAG(s) 'example_branch_labels' retrieved from /home/airflow/.local/lib/python3.12/site-packages/airflow/example_dags/example_branch_labels.py
[2025-03-06T11:02:07.593+0000] {logging_mixin.py:190} INFO - [2025-03-06T11:02:07.593+0000] {dag.py:3239} INFO - Sync 1 DAGs
[2025-03-06T11:02:07.611+0000] {logging_mixin.py:190} INFO - [2025-03-06T11:02:07.611+0000] {dag.py:4180} INFO - Setting next_dagrun for example_branch_labels to 2025-03-05 00:00:00+00:00, run_after=2025-03-06 00:00:00+00:00
[2025-03-06T11:02:07.629+0000] {processor.py:208} INFO - Processing /home/airflow/.local/lib/python3.12/site-packages/airflow/example_dags/example_branch_labels.py took 0.073 seconds
[2025-03-06T11:02:38.283+0000] {processor.py:186} INFO - Started process (PID=343) to work on /home/airflow/.local/lib/python3.12/site-packages/airflow/example_dags/example_branch_labels.py
[2025-03-06T11:02:38.285+0000] {processor.py:914} INFO - Processing file /home/airflow/.local/lib/python3.12/site-packages/airflow/example_dags/example_branch_labels.py for tasks to queue
[2025-03-06T11:02:38.288+0000] {logging_mixin.py:190} INFO - [2025-03-06T11:02:38.287+0000] {dagbag.py:588} INFO - Filling up the DagBag from /home/airflow/.local/lib/python3.12/site-packages/airflow/example_dags/example_branch_labels.py
[2025-03-06T11:02:38.301+0000] {processor.py:925} INFO - DAG(s) 'example_branch_labels' retrieved from /home/airflow/.local/lib/python3.12/site-packages/airflow/example_dags/example_branch_labels.py
[2025-03-06T11:02:38.329+0000] {logging_mixin.py:190} INFO - [2025-03-06T11:02:38.328+0000] {dag.py:3239} INFO - Sync 1 DAGs
[2025-03-06T11:02:38.370+0000] {logging_mixin.py:190} INFO - [2025-03-06T11:02:38.369+0000] {dag.py:4180} INFO - Setting next_dagrun for example_branch_labels to 2025-03-05 00:00:00+00:00, run_after=2025-03-06 00:00:00+00:00
[2025-03-06T11:02:38.395+0000] {processor.py:208} INFO - Processing /home/airflow/.local/lib/python3.12/site-packages/airflow/example_dags/example_branch_labels.py took 0.119 seconds
[2025-03-06T11:03:08.742+0000] {processor.py:186} INFO - Started process (PID=425) to work on /home/airflow/.local/lib/python3.12/site-packages/airflow/example_dags/example_branch_labels.py
[2025-03-06T11:03:08.744+0000] {processor.py:914} INFO - Processing file /home/airflow/.local/lib/python3.12/site-packages/airflow/example_dags/example_branch_labels.py for tasks to queue
[2025-03-06T11:03:08.746+0000] {logging_mixin.py:190} INFO - [2025-03-06T11:03:08.746+0000] {dagbag.py:588} INFO - Filling up the DagBag from /home/airflow/.local/lib/python3.12/site-packages/airflow/example_dags/example_branch_labels.py
[2025-03-06T11:03:08.758+0000] {processor.py:925} INFO - DAG(s) 'example_branch_labels' retrieved from /home/airflow/.local/lib/python3.12/site-packages/airflow/example_dags/example_branch_labels.py
[2025-03-06T11:03:08.779+0000] {logging_mixin.py:190} INFO - [2025-03-06T11:03:08.778+0000] {dag.py:3239} INFO - Sync 1 DAGs
[2025-03-06T11:03:08.800+0000] {logging_mixin.py:190} INFO - [2025-03-06T11:03:08.800+0000] {dag.py:4180} INFO - Setting next_dagrun for example_branch_labels to 2025-03-05 00:00:00+00:00, run_after=2025-03-06 00:00:00+00:00
[2025-03-06T11:03:08.819+0000] {processor.py:208} INFO - Processing /home/airflow/.local/lib/python3.12/site-packages/airflow/example_dags/example_branch_labels.py took 0.083 seconds
[2025-03-06T11:03:39.319+0000] {processor.py:186} INFO - Started process (PID=500) to work on /home/airflow/.local/lib/python3.12/site-packages/airflow/example_dags/example_branch_labels.py
[2025-03-06T11:03:39.320+0000] {processor.py:914} INFO - Processing file /home/airflow/.local/lib/python3.12/site-packages/airflow/example_dags/example_branch_labels.py for tasks to queue
[2025-03-06T11:03:39.323+0000] {logging_mixin.py:190} INFO - [2025-03-06T11:03:39.322+0000] {dagbag.py:588} INFO - Filling up the DagBag from /home/airflow/.local/lib/python3.12/site-packages/airflow/example_dags/example_branch_labels.py
[2025-03-06T11:03:39.331+0000] {processor.py:925} INFO - DAG(s) 'example_branch_labels' retrieved from /home/airflow/.local/lib/python3.12/site-packages/airflow/example_dags/example_branch_labels.py
[2025-03-06T11:03:39.351+0000] {logging_mixin.py:190} INFO - [2025-03-06T11:03:39.350+0000] {dag.py:3239} INFO - Sync 1 DAGs
[2025-03-06T11:03:39.371+0000] {logging_mixin.py:190} INFO - [2025-03-06T11:03:39.371+0000] {dag.py:4180} INFO - Setting next_dagrun for example_branch_labels to 2025-03-05 00:00:00+00:00, run_after=2025-03-06 00:00:00+00:00
[2025-03-06T11:03:39.388+0000] {processor.py:208} INFO - Processing /home/airflow/.local/lib/python3.12/site-packages/airflow/example_dags/example_branch_labels.py took 0.074 seconds
[2025-03-06T11:04:09.510+0000] {processor.py:186} INFO - Started process (PID=564) to work on /home/airflow/.local/lib/python3.12/site-packages/airflow/example_dags/example_branch_labels.py
[2025-03-06T11:04:09.511+0000] {processor.py:914} INFO - Processing file /home/airflow/.local/lib/python3.12/site-packages/airflow/example_dags/example_branch_labels.py for tasks to queue
[2025-03-06T11:04:09.513+0000] {logging_mixin.py:190} INFO - [2025-03-06T11:04:09.513+0000] {dagbag.py:588} INFO - Filling up the DagBag from /home/airflow/.local/lib/python3.12/site-packages/airflow/example_dags/example_branch_labels.py
[2025-03-06T11:04:09.523+0000] {processor.py:925} INFO - DAG(s) 'example_branch_labels' retrieved from /home/airflow/.local/lib/python3.12/site-packages/airflow/example_dags/example_branch_labels.py
[2025-03-06T11:04:09.543+0000] {logging_mixin.py:190} INFO - [2025-03-06T11:04:09.543+0000] {dag.py:3239} INFO - Sync 1 DAGs
[2025-03-06T11:04:09.565+0000] {logging_mixin.py:190} INFO - [2025-03-06T11:04:09.565+0000] {dag.py:4180} INFO - Setting next_dagrun for example_branch_labels to 2025-03-05 00:00:00+00:00, run_after=2025-03-06 00:00:00+00:00
[2025-03-06T11:04:09.583+0000] {processor.py:208} INFO - Processing /home/airflow/.local/lib/python3.12/site-packages/airflow/example_dags/example_branch_labels.py took 0.080 seconds
[2025-03-06T11:04:40.145+0000] {processor.py:186} INFO - Started process (PID=638) to work on /home/airflow/.local/lib/python3.12/site-packages/airflow/example_dags/example_branch_labels.py
[2025-03-06T11:04:40.147+0000] {processor.py:914} INFO - Processing file /home/airflow/.local/lib/python3.12/site-packages/airflow/example_dags/example_branch_labels.py for tasks to queue
[2025-03-06T11:04:40.149+0000] {logging_mixin.py:190} INFO - [2025-03-06T11:04:40.149+0000] {dagbag.py:588} INFO - Filling up the DagBag from /home/airflow/.local/lib/python3.12/site-packages/airflow/example_dags/example_branch_labels.py
[2025-03-06T11:04:40.158+0000] {processor.py:925} INFO - DAG(s) 'example_branch_labels' retrieved from /home/airflow/.local/lib/python3.12/site-packages/airflow/example_dags/example_branch_labels.py
[2025-03-06T11:04:40.177+0000] {logging_mixin.py:190} INFO - [2025-03-06T11:04:40.177+0000] {dag.py:3239} INFO - Sync 1 DAGs
[2025-03-06T11:04:40.197+0000] {logging_mixin.py:190} INFO - [2025-03-06T11:04:40.197+0000] {dag.py:4180} INFO - Setting next_dagrun for example_branch_labels to 2025-03-05 00:00:00+00:00, run_after=2025-03-06 00:00:00+00:00
[2025-03-06T11:04:40.215+0000] {processor.py:208} INFO - Processing /home/airflow/.local/lib/python3.12/site-packages/airflow/example_dags/example_branch_labels.py took 0.076 seconds
[2025-03-06T11:05:10.722+0000] {processor.py:186} INFO - Started process (PID=737) to work on /home/airflow/.local/lib/python3.12/site-packages/airflow/example_dags/example_branch_labels.py
[2025-03-06T11:05:10.724+0000] {processor.py:914} INFO - Processing file /home/airflow/.local/lib/python3.12/site-packages/airflow/example_dags/example_branch_labels.py for tasks to queue
[2025-03-06T11:05:10.727+0000] {logging_mixin.py:190} INFO - [2025-03-06T11:05:10.726+0000] {dagbag.py:588} INFO - Filling up the DagBag from /home/airflow/.local/lib/python3.12/site-packages/airflow/example_dags/example_branch_labels.py
[2025-03-06T11:05:10.737+0000] {processor.py:925} INFO - DAG(s) 'example_branch_labels' retrieved from /home/airflow/.local/lib/python3.12/site-packages/airflow/example_dags/example_branch_labels.py
[2025-03-06T11:05:10.756+0000] {logging_mixin.py:190} INFO - [2025-03-06T11:05:10.756+0000] {dag.py:3239} INFO - Sync 1 DAGs
[2025-03-06T11:05:10.778+0000] {logging_mixin.py:190} INFO - [2025-03-06T11:05:10.778+0000] {dag.py:4180} INFO - Setting next_dagrun for example_branch_labels to 2025-03-05 00:00:00+00:00, run_after=2025-03-06 00:00:00+00:00
[2025-03-06T11:05:10.796+0000] {processor.py:208} INFO - Processing /home/airflow/.local/lib/python3.12/site-packages/airflow/example_dags/example_branch_labels.py took 0.079 seconds
[2025-03-06T11:05:41.123+0000] {processor.py:186} INFO - Started process (PID=824) to work on /home/airflow/.local/lib/python3.12/site-packages/airflow/example_dags/example_branch_labels.py
[2025-03-06T11:05:41.124+0000] {processor.py:914} INFO - Processing file /home/airflow/.local/lib/python3.12/site-packages/airflow/example_dags/example_branch_labels.py for tasks to queue
[2025-03-06T11:05:41.127+0000] {logging_mixin.py:190} INFO - [2025-03-06T11:05:41.126+0000] {dagbag.py:588} INFO - Filling up the DagBag from /home/airflow/.local/lib/python3.12/site-packages/airflow/example_dags/example_branch_labels.py
[2025-03-06T11:05:41.137+0000] {processor.py:925} INFO - DAG(s) 'example_branch_labels' retrieved from /home/airflow/.local/lib/python3.12/site-packages/airflow/example_dags/example_branch_labels.py
[2025-03-06T11:05:41.156+0000] {logging_mixin.py:190} INFO - [2025-03-06T11:05:41.156+0000] {dag.py:3239} INFO - Sync 1 DAGs
[2025-03-06T11:05:41.178+0000] {logging_mixin.py:190} INFO - [2025-03-06T11:05:41.178+0000] {dag.py:4180} INFO - Setting next_dagrun for example_branch_labels to 2025-03-05 00:00:00+00:00, run_after=2025-03-06 00:00:00+00:00
[2025-03-06T11:05:41.197+0000] {processor.py:208} INFO - Processing /home/airflow/.local/lib/python3.12/site-packages/airflow/example_dags/example_branch_labels.py took 0.080 seconds
[2025-03-06T11:06:11.916+0000] {processor.py:186} INFO - Started process (PID=899) to work on /home/airflow/.local/lib/python3.12/site-packages/airflow/example_dags/example_branch_labels.py
[2025-03-06T11:06:11.919+0000] {processor.py:914} INFO - Processing file /home/airflow/.local/lib/python3.12/site-packages/airflow/example_dags/example_branch_labels.py for tasks to queue
[2025-03-06T11:06:11.922+0000] {logging_mixin.py:190} INFO - [2025-03-06T11:06:11.922+0000] {dagbag.py:588} INFO - Filling up the DagBag from /home/airflow/.local/lib/python3.12/site-packages/airflow/example_dags/example_branch_labels.py
[2025-03-06T11:06:11.938+0000] {processor.py:925} INFO - DAG(s) 'example_branch_labels' retrieved from /home/airflow/.local/lib/python3.12/site-packages/airflow/example_dags/example_branch_labels.py
[2025-03-06T11:06:11.968+0000] {logging_mixin.py:190} INFO - [2025-03-06T11:06:11.968+0000] {dag.py:3239} INFO - Sync 1 DAGs
[2025-03-06T11:06:11.998+0000] {logging_mixin.py:190} INFO - [2025-03-06T11:06:11.997+0000] {dag.py:4180} INFO - Setting next_dagrun for example_branch_labels to 2025-03-05 00:00:00+00:00, run_after=2025-03-06 00:00:00+00:00
[2025-03-06T11:06:12.021+0000] {processor.py:208} INFO - Processing /home/airflow/.local/lib/python3.12/site-packages/airflow/example_dags/example_branch_labels.py took 0.119 seconds
[2025-03-06T11:06:48.600+0000] {processor.py:186} INFO - Started process (PID=936) to work on /home/airflow/.local/lib/python3.12/site-packages/airflow/example_dags/example_branch_labels.py
[2025-03-06T11:06:48.604+0000] {processor.py:914} INFO - Processing file /home/airflow/.local/lib/python3.12/site-packages/airflow/example_dags/example_branch_labels.py for tasks to queue
[2025-03-06T11:06:48.610+0000] {logging_mixin.py:190} INFO - [2025-03-06T11:06:48.609+0000] {dagbag.py:588} INFO - Filling up the DagBag from /home/airflow/.local/lib/python3.12/site-packages/airflow/example_dags/example_branch_labels.py
[2025-03-06T11:06:48.654+0000] {processor.py:925} INFO - DAG(s) 'example_branch_labels' retrieved from /home/airflow/.local/lib/python3.12/site-packages/airflow/example_dags/example_branch_labels.py
[2025-03-06T11:06:48.708+0000] {logging_mixin.py:190} INFO - [2025-03-06T11:06:48.708+0000] {dag.py:3239} INFO - Sync 1 DAGs
[2025-03-06T11:06:48.772+0000] {logging_mixin.py:190} INFO - [2025-03-06T11:06:48.772+0000] {dag.py:4180} INFO - Setting next_dagrun for example_branch_labels to 2025-03-05 00:00:00+00:00, run_after=2025-03-06 00:00:00+00:00
[2025-03-06T11:06:48.818+0000] {processor.py:208} INFO - Processing /home/airflow/.local/lib/python3.12/site-packages/airflow/example_dags/example_branch_labels.py took 0.236 seconds
[2025-03-06T11:07:50.189+0000] {processor.py:186} INFO - Started process (PID=1009) to work on /home/airflow/.local/lib/python3.12/site-packages/airflow/example_dags/example_branch_labels.py
[2025-03-06T11:07:50.192+0000] {processor.py:914} INFO - Processing file /home/airflow/.local/lib/python3.12/site-packages/airflow/example_dags/example_branch_labels.py for tasks to queue
[2025-03-06T11:07:50.195+0000] {logging_mixin.py:190} INFO - [2025-03-06T11:07:50.194+0000] {dagbag.py:588} INFO - Filling up the DagBag from /home/airflow/.local/lib/python3.12/site-packages/airflow/example_dags/example_branch_labels.py
[2025-03-06T11:07:50.215+0000] {processor.py:925} INFO - DAG(s) 'example_branch_labels' retrieved from /home/airflow/.local/lib/python3.12/site-packages/airflow/example_dags/example_branch_labels.py
[2025-03-06T11:07:50.252+0000] {logging_mixin.py:190} INFO - [2025-03-06T11:07:50.252+0000] {dag.py:3239} INFO - Sync 1 DAGs
[2025-03-06T11:07:50.292+0000] {logging_mixin.py:190} INFO - [2025-03-06T11:07:50.292+0000] {dag.py:4180} INFO - Setting next_dagrun for example_branch_labels to 2025-03-05 00:00:00+00:00, run_after=2025-03-06 00:00:00+00:00
[2025-03-06T11:07:50.324+0000] {processor.py:208} INFO - Processing /home/airflow/.local/lib/python3.12/site-packages/airflow/example_dags/example_branch_labels.py took 0.145 seconds
[2025-03-06T11:08:21.428+0000] {processor.py:186} INFO - Started process (PID=1085) to work on /home/airflow/.local/lib/python3.12/site-packages/airflow/example_dags/example_branch_labels.py
[2025-03-06T11:08:21.430+0000] {processor.py:914} INFO - Processing file /home/airflow/.local/lib/python3.12/site-packages/airflow/example_dags/example_branch_labels.py for tasks to queue
[2025-03-06T11:08:21.433+0000] {logging_mixin.py:190} INFO - [2025-03-06T11:08:21.432+0000] {dagbag.py:588} INFO - Filling up the DagBag from /home/airflow/.local/lib/python3.12/site-packages/airflow/example_dags/example_branch_labels.py
[2025-03-06T11:08:21.454+0000] {processor.py:925} INFO - DAG(s) 'example_branch_labels' retrieved from /home/airflow/.local/lib/python3.12/site-packages/airflow/example_dags/example_branch_labels.py
[2025-03-06T11:08:21.499+0000] {logging_mixin.py:190} INFO - [2025-03-06T11:08:21.499+0000] {dag.py:3239} INFO - Sync 1 DAGs
[2025-03-06T11:08:21.545+0000] {logging_mixin.py:190} INFO - [2025-03-06T11:08:21.545+0000] {dag.py:4180} INFO - Setting next_dagrun for example_branch_labels to 2025-03-05 00:00:00+00:00, run_after=2025-03-06 00:00:00+00:00
[2025-03-06T11:08:21.579+0000] {processor.py:208} INFO - Processing /home/airflow/.local/lib/python3.12/site-packages/airflow/example_dags/example_branch_labels.py took 0.160 seconds
[2025-03-06T11:08:52.414+0000] {processor.py:186} INFO - Started process (PID=1160) to work on /home/airflow/.local/lib/python3.12/site-packages/airflow/example_dags/example_branch_labels.py
[2025-03-06T11:08:52.415+0000] {processor.py:914} INFO - Processing file /home/airflow/.local/lib/python3.12/site-packages/airflow/example_dags/example_branch_labels.py for tasks to queue
[2025-03-06T11:08:52.419+0000] {logging_mixin.py:190} INFO - [2025-03-06T11:08:52.418+0000] {dagbag.py:588} INFO - Filling up the DagBag from /home/airflow/.local/lib/python3.12/site-packages/airflow/example_dags/example_branch_labels.py
[2025-03-06T11:08:52.429+0000] {processor.py:925} INFO - DAG(s) 'example_branch_labels' retrieved from /home/airflow/.local/lib/python3.12/site-packages/airflow/example_dags/example_branch_labels.py
[2025-03-06T11:08:52.452+0000] {logging_mixin.py:190} INFO - [2025-03-06T11:08:52.452+0000] {dag.py:3239} INFO - Sync 1 DAGs
[2025-03-06T11:08:52.476+0000] {logging_mixin.py:190} INFO - [2025-03-06T11:08:52.476+0000] {dag.py:4180} INFO - Setting next_dagrun for example_branch_labels to 2025-03-05 00:00:00+00:00, run_after=2025-03-06 00:00:00+00:00
[2025-03-06T11:08:52.497+0000] {processor.py:208} INFO - Processing /home/airflow/.local/lib/python3.12/site-packages/airflow/example_dags/example_branch_labels.py took 0.088 seconds
[2025-03-06T11:09:24.500+0000] {processor.py:186} INFO - Started process (PID=1235) to work on /home/airflow/.local/lib/python3.12/site-packages/airflow/example_dags/example_branch_labels.py
[2025-03-06T11:09:24.502+0000] {processor.py:914} INFO - Processing file /home/airflow/.local/lib/python3.12/site-packages/airflow/example_dags/example_branch_labels.py for tasks to queue
[2025-03-06T11:09:24.505+0000] {logging_mixin.py:190} INFO - [2025-03-06T11:09:24.504+0000] {dagbag.py:588} INFO - Filling up the DagBag from /home/airflow/.local/lib/python3.12/site-packages/airflow/example_dags/example_branch_labels.py
[2025-03-06T11:09:24.525+0000] {processor.py:925} INFO - DAG(s) 'example_branch_labels' retrieved from /home/airflow/.local/lib/python3.12/site-packages/airflow/example_dags/example_branch_labels.py
[2025-03-06T11:09:24.575+0000] {logging_mixin.py:190} INFO - [2025-03-06T11:09:24.575+0000] {dag.py:3239} INFO - Sync 1 DAGs
[2025-03-06T11:09:24.629+0000] {logging_mixin.py:190} INFO - [2025-03-06T11:09:24.628+0000] {dag.py:4180} INFO - Setting next_dagrun for example_branch_labels to 2025-03-05 00:00:00+00:00, run_after=2025-03-06 00:00:00+00:00
[2025-03-06T11:09:24.665+0000] {processor.py:208} INFO - Processing /home/airflow/.local/lib/python3.12/site-packages/airflow/example_dags/example_branch_labels.py took 0.176 seconds
[2025-03-06T11:09:55.596+0000] {processor.py:186} INFO - Started process (PID=1310) to work on /home/airflow/.local/lib/python3.12/site-packages/airflow/example_dags/example_branch_labels.py
[2025-03-06T11:09:55.597+0000] {processor.py:914} INFO - Processing file /home/airflow/.local/lib/python3.12/site-packages/airflow/example_dags/example_branch_labels.py for tasks to queue
[2025-03-06T11:09:55.600+0000] {logging_mixin.py:190} INFO - [2025-03-06T11:09:55.599+0000] {dagbag.py:588} INFO - Filling up the DagBag from /home/airflow/.local/lib/python3.12/site-packages/airflow/example_dags/example_branch_labels.py
[2025-03-06T11:09:55.615+0000] {processor.py:925} INFO - DAG(s) 'example_branch_labels' retrieved from /home/airflow/.local/lib/python3.12/site-packages/airflow/example_dags/example_branch_labels.py
[2025-03-06T11:09:55.651+0000] {logging_mixin.py:190} INFO - [2025-03-06T11:09:55.651+0000] {dag.py:3239} INFO - Sync 1 DAGs
[2025-03-06T11:09:55.688+0000] {logging_mixin.py:190} INFO - [2025-03-06T11:09:55.688+0000] {dag.py:4180} INFO - Setting next_dagrun for example_branch_labels to 2025-03-05 00:00:00+00:00, run_after=2025-03-06 00:00:00+00:00
[2025-03-06T11:09:55.720+0000] {processor.py:208} INFO - Processing /home/airflow/.local/lib/python3.12/site-packages/airflow/example_dags/example_branch_labels.py took 0.133 seconds
[2025-03-06T11:10:25.852+0000] {processor.py:186} INFO - Started process (PID=1373) to work on /home/airflow/.local/lib/python3.12/site-packages/airflow/example_dags/example_branch_labels.py
[2025-03-06T11:10:25.853+0000] {processor.py:914} INFO - Processing file /home/airflow/.local/lib/python3.12/site-packages/airflow/example_dags/example_branch_labels.py for tasks to queue
[2025-03-06T11:10:25.854+0000] {logging_mixin.py:190} INFO - [2025-03-06T11:10:25.854+0000] {dagbag.py:588} INFO - Filling up the DagBag from /home/airflow/.local/lib/python3.12/site-packages/airflow/example_dags/example_branch_labels.py
[2025-03-06T11:10:25.865+0000] {processor.py:925} INFO - DAG(s) 'example_branch_labels' retrieved from /home/airflow/.local/lib/python3.12/site-packages/airflow/example_dags/example_branch_labels.py
[2025-03-06T11:10:25.881+0000] {logging_mixin.py:190} INFO - [2025-03-06T11:10:25.880+0000] {dag.py:3239} INFO - Sync 1 DAGs
[2025-03-06T11:10:25.900+0000] {logging_mixin.py:190} INFO - [2025-03-06T11:10:25.900+0000] {dag.py:4180} INFO - Setting next_dagrun for example_branch_labels to 2025-03-05 00:00:00+00:00, run_after=2025-03-06 00:00:00+00:00
[2025-03-06T11:10:25.912+0000] {processor.py:208} INFO - Processing /home/airflow/.local/lib/python3.12/site-packages/airflow/example_dags/example_branch_labels.py took 0.065 seconds
[2025-03-06T11:10:56.109+0000] {processor.py:186} INFO - Started process (PID=1449) to work on /home/airflow/.local/lib/python3.12/site-packages/airflow/example_dags/example_branch_labels.py
[2025-03-06T11:10:56.110+0000] {processor.py:914} INFO - Processing file /home/airflow/.local/lib/python3.12/site-packages/airflow/example_dags/example_branch_labels.py for tasks to queue
[2025-03-06T11:10:56.111+0000] {logging_mixin.py:190} INFO - [2025-03-06T11:10:56.111+0000] {dagbag.py:588} INFO - Filling up the DagBag from /home/airflow/.local/lib/python3.12/site-packages/airflow/example_dags/example_branch_labels.py
[2025-03-06T11:10:56.120+0000] {processor.py:925} INFO - DAG(s) 'example_branch_labels' retrieved from /home/airflow/.local/lib/python3.12/site-packages/airflow/example_dags/example_branch_labels.py
[2025-03-06T11:10:56.138+0000] {logging_mixin.py:190} INFO - [2025-03-06T11:10:56.138+0000] {dag.py:3239} INFO - Sync 1 DAGs
[2025-03-06T11:10:56.160+0000] {logging_mixin.py:190} INFO - [2025-03-06T11:10:56.159+0000] {dag.py:4180} INFO - Setting next_dagrun for example_branch_labels to 2025-03-05 00:00:00+00:00, run_after=2025-03-06 00:00:00+00:00
[2025-03-06T11:10:56.177+0000] {processor.py:208} INFO - Processing /home/airflow/.local/lib/python3.12/site-packages/airflow/example_dags/example_branch_labels.py took 0.073 seconds
[2025-03-06T11:11:26.661+0000] {processor.py:186} INFO - Started process (PID=1524) to work on /home/airflow/.local/lib/python3.12/site-packages/airflow/example_dags/example_branch_labels.py
[2025-03-06T11:11:26.662+0000] {processor.py:914} INFO - Processing file /home/airflow/.local/lib/python3.12/site-packages/airflow/example_dags/example_branch_labels.py for tasks to queue
[2025-03-06T11:11:26.664+0000] {logging_mixin.py:190} INFO - [2025-03-06T11:11:26.664+0000] {dagbag.py:588} INFO - Filling up the DagBag from /home/airflow/.local/lib/python3.12/site-packages/airflow/example_dags/example_branch_labels.py
[2025-03-06T11:11:26.673+0000] {processor.py:925} INFO - DAG(s) 'example_branch_labels' retrieved from /home/airflow/.local/lib/python3.12/site-packages/airflow/example_dags/example_branch_labels.py
[2025-03-06T11:11:26.693+0000] {logging_mixin.py:190} INFO - [2025-03-06T11:11:26.692+0000] {dag.py:3239} INFO - Sync 1 DAGs
[2025-03-06T11:11:26.715+0000] {logging_mixin.py:190} INFO - [2025-03-06T11:11:26.715+0000] {dag.py:4180} INFO - Setting next_dagrun for example_branch_labels to 2025-03-05 00:00:00+00:00, run_after=2025-03-06 00:00:00+00:00
[2025-03-06T11:11:26.734+0000] {processor.py:208} INFO - Processing /home/airflow/.local/lib/python3.12/site-packages/airflow/example_dags/example_branch_labels.py took 0.077 seconds
[2025-03-06T11:11:57.263+0000] {processor.py:186} INFO - Started process (PID=1599) to work on /home/airflow/.local/lib/python3.12/site-packages/airflow/example_dags/example_branch_labels.py
[2025-03-06T11:11:57.265+0000] {processor.py:914} INFO - Processing file /home/airflow/.local/lib/python3.12/site-packages/airflow/example_dags/example_branch_labels.py for tasks to queue
[2025-03-06T11:11:57.266+0000] {logging_mixin.py:190} INFO - [2025-03-06T11:11:57.266+0000] {dagbag.py:588} INFO - Filling up the DagBag from /home/airflow/.local/lib/python3.12/site-packages/airflow/example_dags/example_branch_labels.py
[2025-03-06T11:11:57.278+0000] {processor.py:925} INFO - DAG(s) 'example_branch_labels' retrieved from /home/airflow/.local/lib/python3.12/site-packages/airflow/example_dags/example_branch_labels.py
[2025-03-06T11:11:57.298+0000] {logging_mixin.py:190} INFO - [2025-03-06T11:11:57.298+0000] {dag.py:3239} INFO - Sync 1 DAGs
[2025-03-06T11:11:57.320+0000] {logging_mixin.py:190} INFO - [2025-03-06T11:11:57.320+0000] {dag.py:4180} INFO - Setting next_dagrun for example_branch_labels to 2025-03-05 00:00:00+00:00, run_after=2025-03-06 00:00:00+00:00
[2025-03-06T11:11:57.339+0000] {processor.py:208} INFO - Processing /home/airflow/.local/lib/python3.12/site-packages/airflow/example_dags/example_branch_labels.py took 0.081 seconds
[2025-03-06T11:12:28.083+0000] {processor.py:186} INFO - Started process (PID=1674) to work on /home/airflow/.local/lib/python3.12/site-packages/airflow/example_dags/example_branch_labels.py
[2025-03-06T11:12:28.084+0000] {processor.py:914} INFO - Processing file /home/airflow/.local/lib/python3.12/site-packages/airflow/example_dags/example_branch_labels.py for tasks to queue
[2025-03-06T11:12:28.086+0000] {logging_mixin.py:190} INFO - [2025-03-06T11:12:28.085+0000] {dagbag.py:588} INFO - Filling up the DagBag from /home/airflow/.local/lib/python3.12/site-packages/airflow/example_dags/example_branch_labels.py
[2025-03-06T11:12:28.097+0000] {processor.py:925} INFO - DAG(s) 'example_branch_labels' retrieved from /home/airflow/.local/lib/python3.12/site-packages/airflow/example_dags/example_branch_labels.py
[2025-03-06T11:12:28.117+0000] {logging_mixin.py:190} INFO - [2025-03-06T11:12:28.117+0000] {dag.py:3239} INFO - Sync 1 DAGs
[2025-03-06T11:12:28.140+0000] {logging_mixin.py:190} INFO - [2025-03-06T11:12:28.140+0000] {dag.py:4180} INFO - Setting next_dagrun for example_branch_labels to 2025-03-05 00:00:00+00:00, run_after=2025-03-06 00:00:00+00:00
[2025-03-06T11:12:28.162+0000] {processor.py:208} INFO - Processing /home/airflow/.local/lib/python3.12/site-packages/airflow/example_dags/example_branch_labels.py took 0.084 seconds
[2025-03-06T11:12:58.472+0000] {processor.py:186} INFO - Started process (PID=1749) to work on /home/airflow/.local/lib/python3.12/site-packages/airflow/example_dags/example_branch_labels.py
[2025-03-06T11:12:58.473+0000] {processor.py:914} INFO - Processing file /home/airflow/.local/lib/python3.12/site-packages/airflow/example_dags/example_branch_labels.py for tasks to queue
[2025-03-06T11:12:58.475+0000] {logging_mixin.py:190} INFO - [2025-03-06T11:12:58.474+0000] {dagbag.py:588} INFO - Filling up the DagBag from /home/airflow/.local/lib/python3.12/site-packages/airflow/example_dags/example_branch_labels.py
[2025-03-06T11:12:58.484+0000] {processor.py:925} INFO - DAG(s) 'example_branch_labels' retrieved from /home/airflow/.local/lib/python3.12/site-packages/airflow/example_dags/example_branch_labels.py
[2025-03-06T11:12:58.503+0000] {logging_mixin.py:190} INFO - [2025-03-06T11:12:58.503+0000] {dag.py:3239} INFO - Sync 1 DAGs
[2025-03-06T11:12:58.528+0000] {logging_mixin.py:190} INFO - [2025-03-06T11:12:58.528+0000] {dag.py:4180} INFO - Setting next_dagrun for example_branch_labels to 2025-03-05 00:00:00+00:00, run_after=2025-03-06 00:00:00+00:00
[2025-03-06T11:12:58.547+0000] {processor.py:208} INFO - Processing /home/airflow/.local/lib/python3.12/site-packages/airflow/example_dags/example_branch_labels.py took 0.080 seconds
[2025-03-06T11:13:29.158+0000] {processor.py:186} INFO - Started process (PID=1823) to work on /home/airflow/.local/lib/python3.12/site-packages/airflow/example_dags/example_branch_labels.py
[2025-03-06T11:13:29.159+0000] {processor.py:914} INFO - Processing file /home/airflow/.local/lib/python3.12/site-packages/airflow/example_dags/example_branch_labels.py for tasks to queue
[2025-03-06T11:13:29.161+0000] {logging_mixin.py:190} INFO - [2025-03-06T11:13:29.160+0000] {dagbag.py:588} INFO - Filling up the DagBag from /home/airflow/.local/lib/python3.12/site-packages/airflow/example_dags/example_branch_labels.py
[2025-03-06T11:13:29.170+0000] {processor.py:925} INFO - DAG(s) 'example_branch_labels' retrieved from /home/airflow/.local/lib/python3.12/site-packages/airflow/example_dags/example_branch_labels.py
[2025-03-06T11:13:29.189+0000] {logging_mixin.py:190} INFO - [2025-03-06T11:13:29.189+0000] {dag.py:3239} INFO - Sync 1 DAGs
[2025-03-06T11:13:29.212+0000] {logging_mixin.py:190} INFO - [2025-03-06T11:13:29.212+0000] {dag.py:4180} INFO - Setting next_dagrun for example_branch_labels to 2025-03-05 00:00:00+00:00, run_after=2025-03-06 00:00:00+00:00
[2025-03-06T11:13:29.231+0000] {processor.py:208} INFO - Processing /home/airflow/.local/lib/python3.12/site-packages/airflow/example_dags/example_branch_labels.py took 0.078 seconds
[2025-03-06T11:13:59.525+0000] {processor.py:186} INFO - Started process (PID=1898) to work on /home/airflow/.local/lib/python3.12/site-packages/airflow/example_dags/example_branch_labels.py
[2025-03-06T11:13:59.527+0000] {processor.py:914} INFO - Processing file /home/airflow/.local/lib/python3.12/site-packages/airflow/example_dags/example_branch_labels.py for tasks to queue
[2025-03-06T11:13:59.529+0000] {logging_mixin.py:190} INFO - [2025-03-06T11:13:59.528+0000] {dagbag.py:588} INFO - Filling up the DagBag from /home/airflow/.local/lib/python3.12/site-packages/airflow/example_dags/example_branch_labels.py
[2025-03-06T11:13:59.538+0000] {processor.py:925} INFO - DAG(s) 'example_branch_labels' retrieved from /home/airflow/.local/lib/python3.12/site-packages/airflow/example_dags/example_branch_labels.py
[2025-03-06T11:13:59.559+0000] {logging_mixin.py:190} INFO - [2025-03-06T11:13:59.558+0000] {dag.py:3239} INFO - Sync 1 DAGs
[2025-03-06T11:13:59.585+0000] {logging_mixin.py:190} INFO - [2025-03-06T11:13:59.585+0000] {dag.py:4180} INFO - Setting next_dagrun for example_branch_labels to 2025-03-05 00:00:00+00:00, run_after=2025-03-06 00:00:00+00:00
[2025-03-06T11:13:59.604+0000] {processor.py:208} INFO - Processing /home/airflow/.local/lib/python3.12/site-packages/airflow/example_dags/example_branch_labels.py took 0.083 seconds
[2025-03-06T11:14:30.276+0000] {processor.py:186} INFO - Started process (PID=1973) to work on /home/airflow/.local/lib/python3.12/site-packages/airflow/example_dags/example_branch_labels.py
[2025-03-06T11:14:30.278+0000] {processor.py:914} INFO - Processing file /home/airflow/.local/lib/python3.12/site-packages/airflow/example_dags/example_branch_labels.py for tasks to queue
[2025-03-06T11:14:30.281+0000] {logging_mixin.py:190} INFO - [2025-03-06T11:14:30.280+0000] {dagbag.py:588} INFO - Filling up the DagBag from /home/airflow/.local/lib/python3.12/site-packages/airflow/example_dags/example_branch_labels.py
[2025-03-06T11:14:30.295+0000] {processor.py:925} INFO - DAG(s) 'example_branch_labels' retrieved from /home/airflow/.local/lib/python3.12/site-packages/airflow/example_dags/example_branch_labels.py
[2025-03-06T11:14:30.327+0000] {logging_mixin.py:190} INFO - [2025-03-06T11:14:30.326+0000] {dag.py:3239} INFO - Sync 1 DAGs
[2025-03-06T11:14:30.369+0000] {logging_mixin.py:190} INFO - [2025-03-06T11:14:30.369+0000] {dag.py:4180} INFO - Setting next_dagrun for example_branch_labels to 2025-03-05 00:00:00+00:00, run_after=2025-03-06 00:00:00+00:00
[2025-03-06T11:14:30.406+0000] {processor.py:208} INFO - Processing /home/airflow/.local/lib/python3.12/site-packages/airflow/example_dags/example_branch_labels.py took 0.138 seconds
[2025-03-06T11:15:00.814+0000] {processor.py:186} INFO - Started process (PID=2047) to work on /home/airflow/.local/lib/python3.12/site-packages/airflow/example_dags/example_branch_labels.py
[2025-03-06T11:15:00.815+0000] {processor.py:914} INFO - Processing file /home/airflow/.local/lib/python3.12/site-packages/airflow/example_dags/example_branch_labels.py for tasks to queue
[2025-03-06T11:15:00.817+0000] {logging_mixin.py:190} INFO - [2025-03-06T11:15:00.817+0000] {dagbag.py:588} INFO - Filling up the DagBag from /home/airflow/.local/lib/python3.12/site-packages/airflow/example_dags/example_branch_labels.py
[2025-03-06T11:15:00.828+0000] {processor.py:925} INFO - DAG(s) 'example_branch_labels' retrieved from /home/airflow/.local/lib/python3.12/site-packages/airflow/example_dags/example_branch_labels.py
[2025-03-06T11:15:00.851+0000] {logging_mixin.py:190} INFO - [2025-03-06T11:15:00.851+0000] {dag.py:3239} INFO - Sync 1 DAGs
[2025-03-06T11:15:00.874+0000] {logging_mixin.py:190} INFO - [2025-03-06T11:15:00.874+0000] {dag.py:4180} INFO - Setting next_dagrun for example_branch_labels to 2025-03-05 00:00:00+00:00, run_after=2025-03-06 00:00:00+00:00
[2025-03-06T11:15:00.893+0000] {processor.py:208} INFO - Processing /home/airflow/.local/lib/python3.12/site-packages/airflow/example_dags/example_branch_labels.py took 0.085 seconds
[2025-03-06T11:15:31.211+0000] {processor.py:186} INFO - Started process (PID=2122) to work on /home/airflow/.local/lib/python3.12/site-packages/airflow/example_dags/example_branch_labels.py
[2025-03-06T11:15:31.212+0000] {processor.py:914} INFO - Processing file /home/airflow/.local/lib/python3.12/site-packages/airflow/example_dags/example_branch_labels.py for tasks to queue
[2025-03-06T11:15:31.214+0000] {logging_mixin.py:190} INFO - [2025-03-06T11:15:31.213+0000] {dagbag.py:588} INFO - Filling up the DagBag from /home/airflow/.local/lib/python3.12/site-packages/airflow/example_dags/example_branch_labels.py
[2025-03-06T11:15:31.223+0000] {processor.py:925} INFO - DAG(s) 'example_branch_labels' retrieved from /home/airflow/.local/lib/python3.12/site-packages/airflow/example_dags/example_branch_labels.py
[2025-03-06T11:15:31.242+0000] {logging_mixin.py:190} INFO - [2025-03-06T11:15:31.242+0000] {dag.py:3239} INFO - Sync 1 DAGs
[2025-03-06T11:15:31.264+0000] {logging_mixin.py:190} INFO - [2025-03-06T11:15:31.264+0000] {dag.py:4180} INFO - Setting next_dagrun for example_branch_labels to 2025-03-05 00:00:00+00:00, run_after=2025-03-06 00:00:00+00:00
[2025-03-06T11:15:31.281+0000] {processor.py:208} INFO - Processing /home/airflow/.local/lib/python3.12/site-packages/airflow/example_dags/example_branch_labels.py took 0.075 seconds
[2025-03-06T11:16:02.050+0000] {processor.py:186} INFO - Started process (PID=2195) to work on /home/airflow/.local/lib/python3.12/site-packages/airflow/example_dags/example_branch_labels.py
[2025-03-06T11:16:02.052+0000] {processor.py:914} INFO - Processing file /home/airflow/.local/lib/python3.12/site-packages/airflow/example_dags/example_branch_labels.py for tasks to queue
[2025-03-06T11:16:02.053+0000] {logging_mixin.py:190} INFO - [2025-03-06T11:16:02.053+0000] {dagbag.py:588} INFO - Filling up the DagBag from /home/airflow/.local/lib/python3.12/site-packages/airflow/example_dags/example_branch_labels.py
[2025-03-06T11:16:02.066+0000] {processor.py:925} INFO - DAG(s) 'example_branch_labels' retrieved from /home/airflow/.local/lib/python3.12/site-packages/airflow/example_dags/example_branch_labels.py
[2025-03-06T11:16:02.090+0000] {logging_mixin.py:190} INFO - [2025-03-06T11:16:02.090+0000] {dag.py:3239} INFO - Sync 1 DAGs
[2025-03-06T11:16:02.117+0000] {logging_mixin.py:190} INFO - [2025-03-06T11:16:02.116+0000] {dag.py:4180} INFO - Setting next_dagrun for example_branch_labels to 2025-03-05 00:00:00+00:00, run_after=2025-03-06 00:00:00+00:00
[2025-03-06T11:16:02.138+0000] {processor.py:208} INFO - Processing /home/airflow/.local/lib/python3.12/site-packages/airflow/example_dags/example_branch_labels.py took 0.095 seconds
[2025-03-06T11:16:33.293+0000] {processor.py:186} INFO - Started process (PID=2265) to work on /home/airflow/.local/lib/python3.12/site-packages/airflow/example_dags/example_branch_labels.py
[2025-03-06T11:16:33.295+0000] {processor.py:914} INFO - Processing file /home/airflow/.local/lib/python3.12/site-packages/airflow/example_dags/example_branch_labels.py for tasks to queue
[2025-03-06T11:16:33.296+0000] {logging_mixin.py:190} INFO - [2025-03-06T11:16:33.296+0000] {dagbag.py:588} INFO - Filling up the DagBag from /home/airflow/.local/lib/python3.12/site-packages/airflow/example_dags/example_branch_labels.py
[2025-03-06T11:16:33.307+0000] {processor.py:925} INFO - DAG(s) 'example_branch_labels' retrieved from /home/airflow/.local/lib/python3.12/site-packages/airflow/example_dags/example_branch_labels.py
[2025-03-06T11:16:33.327+0000] {logging_mixin.py:190} INFO - [2025-03-06T11:16:33.326+0000] {dag.py:3239} INFO - Sync 1 DAGs
[2025-03-06T11:16:33.348+0000] {logging_mixin.py:190} INFO - [2025-03-06T11:16:33.347+0000] {dag.py:4180} INFO - Setting next_dagrun for example_branch_labels to 2025-03-05 00:00:00+00:00, run_after=2025-03-06 00:00:00+00:00
[2025-03-06T11:16:33.364+0000] {processor.py:208} INFO - Processing /home/airflow/.local/lib/python3.12/site-packages/airflow/example_dags/example_branch_labels.py took 0.076 seconds
[2025-03-06T11:17:04.054+0000] {processor.py:186} INFO - Started process (PID=2338) to work on /home/airflow/.local/lib/python3.12/site-packages/airflow/example_dags/example_branch_labels.py
[2025-03-06T11:17:04.055+0000] {processor.py:914} INFO - Processing file /home/airflow/.local/lib/python3.12/site-packages/airflow/example_dags/example_branch_labels.py for tasks to queue
[2025-03-06T11:17:04.057+0000] {logging_mixin.py:190} INFO - [2025-03-06T11:17:04.056+0000] {dagbag.py:588} INFO - Filling up the DagBag from /home/airflow/.local/lib/python3.12/site-packages/airflow/example_dags/example_branch_labels.py
[2025-03-06T11:17:04.067+0000] {processor.py:925} INFO - DAG(s) 'example_branch_labels' retrieved from /home/airflow/.local/lib/python3.12/site-packages/airflow/example_dags/example_branch_labels.py
[2025-03-06T11:17:04.087+0000] {logging_mixin.py:190} INFO - [2025-03-06T11:17:04.087+0000] {dag.py:3239} INFO - Sync 1 DAGs
[2025-03-06T11:17:04.109+0000] {logging_mixin.py:190} INFO - [2025-03-06T11:17:04.109+0000] {dag.py:4180} INFO - Setting next_dagrun for example_branch_labels to 2025-03-05 00:00:00+00:00, run_after=2025-03-06 00:00:00+00:00
[2025-03-06T11:17:04.128+0000] {processor.py:208} INFO - Processing /home/airflow/.local/lib/python3.12/site-packages/airflow/example_dags/example_branch_labels.py took 0.080 seconds
[2025-03-06T11:17:34.467+0000] {processor.py:186} INFO - Started process (PID=2407) to work on /home/airflow/.local/lib/python3.12/site-packages/airflow/example_dags/example_branch_labels.py
[2025-03-06T11:17:34.468+0000] {processor.py:914} INFO - Processing file /home/airflow/.local/lib/python3.12/site-packages/airflow/example_dags/example_branch_labels.py for tasks to queue
[2025-03-06T11:17:34.470+0000] {logging_mixin.py:190} INFO - [2025-03-06T11:17:34.469+0000] {dagbag.py:588} INFO - Filling up the DagBag from /home/airflow/.local/lib/python3.12/site-packages/airflow/example_dags/example_branch_labels.py
[2025-03-06T11:17:34.478+0000] {processor.py:925} INFO - DAG(s) 'example_branch_labels' retrieved from /home/airflow/.local/lib/python3.12/site-packages/airflow/example_dags/example_branch_labels.py
[2025-03-06T11:17:34.495+0000] {logging_mixin.py:190} INFO - [2025-03-06T11:17:34.495+0000] {dag.py:3239} INFO - Sync 1 DAGs
[2025-03-06T11:17:34.513+0000] {logging_mixin.py:190} INFO - [2025-03-06T11:17:34.513+0000] {dag.py:4180} INFO - Setting next_dagrun for example_branch_labels to 2025-03-05 00:00:00+00:00, run_after=2025-03-06 00:00:00+00:00
[2025-03-06T11:17:34.528+0000] {processor.py:208} INFO - Processing /home/airflow/.local/lib/python3.12/site-packages/airflow/example_dags/example_branch_labels.py took 0.065 seconds
[2025-03-06T11:18:06.166+0000] {processor.py:186} INFO - Started process (PID=2480) to work on /home/airflow/.local/lib/python3.12/site-packages/airflow/example_dags/example_branch_labels.py
[2025-03-06T11:18:06.167+0000] {processor.py:914} INFO - Processing file /home/airflow/.local/lib/python3.12/site-packages/airflow/example_dags/example_branch_labels.py for tasks to queue
[2025-03-06T11:18:06.169+0000] {logging_mixin.py:190} INFO - [2025-03-06T11:18:06.169+0000] {dagbag.py:588} INFO - Filling up the DagBag from /home/airflow/.local/lib/python3.12/site-packages/airflow/example_dags/example_branch_labels.py
[2025-03-06T11:18:06.181+0000] {processor.py:925} INFO - DAG(s) 'example_branch_labels' retrieved from /home/airflow/.local/lib/python3.12/site-packages/airflow/example_dags/example_branch_labels.py
[2025-03-06T11:18:06.207+0000] {logging_mixin.py:190} INFO - [2025-03-06T11:18:06.206+0000] {dag.py:3239} INFO - Sync 1 DAGs
[2025-03-06T11:18:06.236+0000] {logging_mixin.py:190} INFO - [2025-03-06T11:18:06.236+0000] {dag.py:4180} INFO - Setting next_dagrun for example_branch_labels to 2025-03-05 00:00:00+00:00, run_after=2025-03-06 00:00:00+00:00
[2025-03-06T11:18:06.262+0000] {processor.py:208} INFO - Processing /home/airflow/.local/lib/python3.12/site-packages/airflow/example_dags/example_branch_labels.py took 0.103 seconds
[2025-03-06T11:18:37.685+0000] {processor.py:186} INFO - Started process (PID=2555) to work on /home/airflow/.local/lib/python3.12/site-packages/airflow/example_dags/example_branch_labels.py
[2025-03-06T11:18:37.687+0000] {processor.py:914} INFO - Processing file /home/airflow/.local/lib/python3.12/site-packages/airflow/example_dags/example_branch_labels.py for tasks to queue
[2025-03-06T11:18:37.688+0000] {logging_mixin.py:190} INFO - [2025-03-06T11:18:37.688+0000] {dagbag.py:588} INFO - Filling up the DagBag from /home/airflow/.local/lib/python3.12/site-packages/airflow/example_dags/example_branch_labels.py
[2025-03-06T11:18:37.698+0000] {processor.py:925} INFO - DAG(s) 'example_branch_labels' retrieved from /home/airflow/.local/lib/python3.12/site-packages/airflow/example_dags/example_branch_labels.py
[2025-03-06T11:18:37.717+0000] {logging_mixin.py:190} INFO - [2025-03-06T11:18:37.716+0000] {dag.py:3239} INFO - Sync 1 DAGs
[2025-03-06T11:18:37.741+0000] {logging_mixin.py:190} INFO - [2025-03-06T11:18:37.741+0000] {dag.py:4180} INFO - Setting next_dagrun for example_branch_labels to 2025-03-05 00:00:00+00:00, run_after=2025-03-06 00:00:00+00:00
[2025-03-06T11:18:37.759+0000] {processor.py:208} INFO - Processing /home/airflow/.local/lib/python3.12/site-packages/airflow/example_dags/example_branch_labels.py took 0.079 seconds
