[2025-03-06T04:34:27.081+0000] {processor.py:186} INFO - Started process (PID=14366) to work on /home/airflow/.local/lib/python3.12/site-packages/airflow/example_dags/example_bash_decorator.py
[2025-03-06T04:34:27.082+0000] {processor.py:914} INFO - Processing file /home/airflow/.local/lib/python3.12/site-packages/airflow/example_dags/example_bash_decorator.py for tasks to queue
[2025-03-06T04:34:27.085+0000] {logging_mixin.py:190} INFO - [2025-03-06T04:34:27.084+0000] {dagbag.py:588} INFO - Filling up the DagBag from /home/airflow/.local/lib/python3.12/site-packages/airflow/example_dags/example_bash_decorator.py
[2025-03-06T04:34:27.100+0000] {processor.py:925} INFO - DAG(s) 'example_bash_decorator' retrieved from /home/airflow/.local/lib/python3.12/site-packages/airflow/example_dags/example_bash_decorator.py
[2025-03-06T04:34:27.129+0000] {logging_mixin.py:190} INFO - [2025-03-06T04:34:27.128+0000] {dag.py:3239} INFO - Sync 1 DAGs
[2025-03-06T04:34:27.143+0000] {logging_mixin.py:190} INFO - [2025-03-06T04:34:27.143+0000] {dag.py:4180} INFO - Setting next_dagrun for example_bash_decorator to None, run_after=None
[2025-03-06T04:34:27.167+0000] {processor.py:208} INFO - Processing /home/airflow/.local/lib/python3.12/site-packages/airflow/example_dags/example_bash_decorator.py took 0.093 seconds
[2025-03-06T04:34:57.948+0000] {processor.py:186} INFO - Started process (PID=14440) to work on /home/airflow/.local/lib/python3.12/site-packages/airflow/example_dags/example_bash_decorator.py
[2025-03-06T04:34:57.949+0000] {processor.py:914} INFO - Processing file /home/airflow/.local/lib/python3.12/site-packages/airflow/example_dags/example_bash_decorator.py for tasks to queue
[2025-03-06T04:34:57.953+0000] {logging_mixin.py:190} INFO - [2025-03-06T04:34:57.952+0000] {dagbag.py:588} INFO - Filling up the DagBag from /home/airflow/.local/lib/python3.12/site-packages/airflow/example_dags/example_bash_decorator.py
[2025-03-06T04:34:57.976+0000] {processor.py:925} INFO - DAG(s) 'example_bash_decorator' retrieved from /home/airflow/.local/lib/python3.12/site-packages/airflow/example_dags/example_bash_decorator.py
[2025-03-06T04:34:58.015+0000] {logging_mixin.py:190} INFO - [2025-03-06T04:34:58.014+0000] {dag.py:3239} INFO - Sync 1 DAGs
[2025-03-06T04:34:58.035+0000] {logging_mixin.py:190} INFO - [2025-03-06T04:34:58.034+0000] {dag.py:4180} INFO - Setting next_dagrun for example_bash_decorator to None, run_after=None
[2025-03-06T04:34:58.064+0000] {processor.py:208} INFO - Processing /home/airflow/.local/lib/python3.12/site-packages/airflow/example_dags/example_bash_decorator.py took 0.125 seconds
[2025-03-06T04:35:28.159+0000] {processor.py:186} INFO - Started process (PID=14515) to work on /home/airflow/.local/lib/python3.12/site-packages/airflow/example_dags/example_bash_decorator.py
[2025-03-06T04:35:28.161+0000] {processor.py:914} INFO - Processing file /home/airflow/.local/lib/python3.12/site-packages/airflow/example_dags/example_bash_decorator.py for tasks to queue
[2025-03-06T04:35:28.163+0000] {logging_mixin.py:190} INFO - [2025-03-06T04:35:28.162+0000] {dagbag.py:588} INFO - Filling up the DagBag from /home/airflow/.local/lib/python3.12/site-packages/airflow/example_dags/example_bash_decorator.py
[2025-03-06T04:35:28.175+0000] {processor.py:925} INFO - DAG(s) 'example_bash_decorator' retrieved from /home/airflow/.local/lib/python3.12/site-packages/airflow/example_dags/example_bash_decorator.py
[2025-03-06T04:35:28.195+0000] {logging_mixin.py:190} INFO - [2025-03-06T04:35:28.195+0000] {dag.py:3239} INFO - Sync 1 DAGs
[2025-03-06T04:35:28.206+0000] {logging_mixin.py:190} INFO - [2025-03-06T04:35:28.206+0000] {dag.py:4180} INFO - Setting next_dagrun for example_bash_decorator to None, run_after=None
[2025-03-06T04:35:28.221+0000] {processor.py:208} INFO - Processing /home/airflow/.local/lib/python3.12/site-packages/airflow/example_dags/example_bash_decorator.py took 0.067 seconds
[2025-03-06T04:36:00.577+0000] {processor.py:186} INFO - Started process (PID=14590) to work on /home/airflow/.local/lib/python3.12/site-packages/airflow/example_dags/example_bash_decorator.py
[2025-03-06T04:36:00.580+0000] {processor.py:914} INFO - Processing file /home/airflow/.local/lib/python3.12/site-packages/airflow/example_dags/example_bash_decorator.py for tasks to queue
[2025-03-06T04:36:00.585+0000] {logging_mixin.py:190} INFO - [2025-03-06T04:36:00.584+0000] {dagbag.py:588} INFO - Filling up the DagBag from /home/airflow/.local/lib/python3.12/site-packages/airflow/example_dags/example_bash_decorator.py
[2025-03-06T04:36:00.615+0000] {processor.py:925} INFO - DAG(s) 'example_bash_decorator' retrieved from /home/airflow/.local/lib/python3.12/site-packages/airflow/example_dags/example_bash_decorator.py
[2025-03-06T04:36:00.647+0000] {logging_mixin.py:190} INFO - [2025-03-06T04:36:00.646+0000] {dag.py:3239} INFO - Sync 1 DAGs
[2025-03-06T04:36:00.667+0000] {logging_mixin.py:190} INFO - [2025-03-06T04:36:00.667+0000] {dag.py:4180} INFO - Setting next_dagrun for example_bash_decorator to None, run_after=None
[2025-03-06T04:36:00.718+0000] {processor.py:208} INFO - Processing /home/airflow/.local/lib/python3.12/site-packages/airflow/example_dags/example_bash_decorator.py took 0.151 seconds
[2025-03-06T04:36:33.724+0000] {processor.py:186} INFO - Started process (PID=14666) to work on /home/airflow/.local/lib/python3.12/site-packages/airflow/example_dags/example_bash_decorator.py
[2025-03-06T04:36:33.726+0000] {processor.py:914} INFO - Processing file /home/airflow/.local/lib/python3.12/site-packages/airflow/example_dags/example_bash_decorator.py for tasks to queue
[2025-03-06T04:36:33.730+0000] {logging_mixin.py:190} INFO - [2025-03-06T04:36:33.729+0000] {dagbag.py:588} INFO - Filling up the DagBag from /home/airflow/.local/lib/python3.12/site-packages/airflow/example_dags/example_bash_decorator.py
[2025-03-06T04:36:33.750+0000] {processor.py:925} INFO - DAG(s) 'example_bash_decorator' retrieved from /home/airflow/.local/lib/python3.12/site-packages/airflow/example_dags/example_bash_decorator.py
[2025-03-06T04:36:33.784+0000] {logging_mixin.py:190} INFO - [2025-03-06T04:36:33.783+0000] {dag.py:3239} INFO - Sync 1 DAGs
[2025-03-06T04:36:33.806+0000] {logging_mixin.py:190} INFO - [2025-03-06T04:36:33.806+0000] {dag.py:4180} INFO - Setting next_dagrun for example_bash_decorator to None, run_after=None
[2025-03-06T04:36:33.833+0000] {processor.py:208} INFO - Processing /home/airflow/.local/lib/python3.12/site-packages/airflow/example_dags/example_bash_decorator.py took 0.117 seconds
[2025-03-06T04:37:04.695+0000] {processor.py:186} INFO - Started process (PID=14730) to work on /home/airflow/.local/lib/python3.12/site-packages/airflow/example_dags/example_bash_decorator.py
[2025-03-06T04:37:04.696+0000] {processor.py:914} INFO - Processing file /home/airflow/.local/lib/python3.12/site-packages/airflow/example_dags/example_bash_decorator.py for tasks to queue
[2025-03-06T04:37:04.699+0000] {logging_mixin.py:190} INFO - [2025-03-06T04:37:04.698+0000] {dagbag.py:588} INFO - Filling up the DagBag from /home/airflow/.local/lib/python3.12/site-packages/airflow/example_dags/example_bash_decorator.py
[2025-03-06T04:37:04.721+0000] {processor.py:925} INFO - DAG(s) 'example_bash_decorator' retrieved from /home/airflow/.local/lib/python3.12/site-packages/airflow/example_dags/example_bash_decorator.py
[2025-03-06T04:37:04.771+0000] {logging_mixin.py:190} INFO - [2025-03-06T04:37:04.771+0000] {dag.py:3239} INFO - Sync 1 DAGs
[2025-03-06T04:37:04.787+0000] {logging_mixin.py:190} INFO - [2025-03-06T04:37:04.787+0000] {dag.py:4180} INFO - Setting next_dagrun for example_bash_decorator to None, run_after=None
[2025-03-06T04:37:04.804+0000] {processor.py:208} INFO - Processing /home/airflow/.local/lib/python3.12/site-packages/airflow/example_dags/example_bash_decorator.py took 0.118 seconds
[2025-03-06T04:37:34.986+0000] {processor.py:186} INFO - Started process (PID=14804) to work on /home/airflow/.local/lib/python3.12/site-packages/airflow/example_dags/example_bash_decorator.py
[2025-03-06T04:37:34.987+0000] {processor.py:914} INFO - Processing file /home/airflow/.local/lib/python3.12/site-packages/airflow/example_dags/example_bash_decorator.py for tasks to queue
[2025-03-06T04:37:34.990+0000] {logging_mixin.py:190} INFO - [2025-03-06T04:37:34.990+0000] {dagbag.py:588} INFO - Filling up the DagBag from /home/airflow/.local/lib/python3.12/site-packages/airflow/example_dags/example_bash_decorator.py
[2025-03-06T04:37:35.003+0000] {processor.py:925} INFO - DAG(s) 'example_bash_decorator' retrieved from /home/airflow/.local/lib/python3.12/site-packages/airflow/example_dags/example_bash_decorator.py
[2025-03-06T04:37:35.028+0000] {logging_mixin.py:190} INFO - [2025-03-06T04:37:35.028+0000] {dag.py:3239} INFO - Sync 1 DAGs
[2025-03-06T04:37:35.038+0000] {logging_mixin.py:190} INFO - [2025-03-06T04:37:35.038+0000] {dag.py:4180} INFO - Setting next_dagrun for example_bash_decorator to None, run_after=None
[2025-03-06T04:37:35.065+0000] {processor.py:208} INFO - Processing /home/airflow/.local/lib/python3.12/site-packages/airflow/example_dags/example_bash_decorator.py took 0.084 seconds
[2025-03-06T04:38:05.432+0000] {processor.py:186} INFO - Started process (PID=14879) to work on /home/airflow/.local/lib/python3.12/site-packages/airflow/example_dags/example_bash_decorator.py
[2025-03-06T04:38:05.434+0000] {processor.py:914} INFO - Processing file /home/airflow/.local/lib/python3.12/site-packages/airflow/example_dags/example_bash_decorator.py for tasks to queue
[2025-03-06T04:38:05.436+0000] {logging_mixin.py:190} INFO - [2025-03-06T04:38:05.435+0000] {dagbag.py:588} INFO - Filling up the DagBag from /home/airflow/.local/lib/python3.12/site-packages/airflow/example_dags/example_bash_decorator.py
[2025-03-06T04:38:05.451+0000] {processor.py:925} INFO - DAG(s) 'example_bash_decorator' retrieved from /home/airflow/.local/lib/python3.12/site-packages/airflow/example_dags/example_bash_decorator.py
[2025-03-06T04:38:05.474+0000] {logging_mixin.py:190} INFO - [2025-03-06T04:38:05.473+0000] {dag.py:3239} INFO - Sync 1 DAGs
[2025-03-06T04:38:05.489+0000] {logging_mixin.py:190} INFO - [2025-03-06T04:38:05.489+0000] {dag.py:4180} INFO - Setting next_dagrun for example_bash_decorator to None, run_after=None
[2025-03-06T04:38:05.509+0000] {processor.py:208} INFO - Processing /home/airflow/.local/lib/python3.12/site-packages/airflow/example_dags/example_bash_decorator.py took 0.082 seconds
[2025-03-06T04:38:35.640+0000] {processor.py:186} INFO - Started process (PID=14955) to work on /home/airflow/.local/lib/python3.12/site-packages/airflow/example_dags/example_bash_decorator.py
[2025-03-06T04:38:35.641+0000] {processor.py:914} INFO - Processing file /home/airflow/.local/lib/python3.12/site-packages/airflow/example_dags/example_bash_decorator.py for tasks to queue
[2025-03-06T04:38:35.644+0000] {logging_mixin.py:190} INFO - [2025-03-06T04:38:35.643+0000] {dagbag.py:588} INFO - Filling up the DagBag from /home/airflow/.local/lib/python3.12/site-packages/airflow/example_dags/example_bash_decorator.py
[2025-03-06T04:38:35.657+0000] {processor.py:925} INFO - DAG(s) 'example_bash_decorator' retrieved from /home/airflow/.local/lib/python3.12/site-packages/airflow/example_dags/example_bash_decorator.py
[2025-03-06T04:38:35.680+0000] {logging_mixin.py:190} INFO - [2025-03-06T04:38:35.680+0000] {dag.py:3239} INFO - Sync 1 DAGs
[2025-03-06T04:38:35.694+0000] {logging_mixin.py:190} INFO - [2025-03-06T04:38:35.694+0000] {dag.py:4180} INFO - Setting next_dagrun for example_bash_decorator to None, run_after=None
[2025-03-06T04:38:35.710+0000] {processor.py:208} INFO - Processing /home/airflow/.local/lib/python3.12/site-packages/airflow/example_dags/example_bash_decorator.py took 0.075 seconds
[2025-03-06T04:39:05.864+0000] {processor.py:186} INFO - Started process (PID=15029) to work on /home/airflow/.local/lib/python3.12/site-packages/airflow/example_dags/example_bash_decorator.py
[2025-03-06T04:39:05.865+0000] {processor.py:914} INFO - Processing file /home/airflow/.local/lib/python3.12/site-packages/airflow/example_dags/example_bash_decorator.py for tasks to queue
[2025-03-06T04:39:05.868+0000] {logging_mixin.py:190} INFO - [2025-03-06T04:39:05.867+0000] {dagbag.py:588} INFO - Filling up the DagBag from /home/airflow/.local/lib/python3.12/site-packages/airflow/example_dags/example_bash_decorator.py
[2025-03-06T04:39:05.878+0000] {processor.py:925} INFO - DAG(s) 'example_bash_decorator' retrieved from /home/airflow/.local/lib/python3.12/site-packages/airflow/example_dags/example_bash_decorator.py
[2025-03-06T04:39:05.898+0000] {logging_mixin.py:190} INFO - [2025-03-06T04:39:05.898+0000] {dag.py:3239} INFO - Sync 1 DAGs
[2025-03-06T04:39:05.909+0000] {logging_mixin.py:190} INFO - [2025-03-06T04:39:05.909+0000] {dag.py:4180} INFO - Setting next_dagrun for example_bash_decorator to None, run_after=None
[2025-03-06T04:39:05.925+0000] {processor.py:208} INFO - Processing /home/airflow/.local/lib/python3.12/site-packages/airflow/example_dags/example_bash_decorator.py took 0.065 seconds
[2025-03-06T04:39:36.442+0000] {processor.py:186} INFO - Started process (PID=15103) to work on /home/airflow/.local/lib/python3.12/site-packages/airflow/example_dags/example_bash_decorator.py
[2025-03-06T04:39:36.443+0000] {processor.py:914} INFO - Processing file /home/airflow/.local/lib/python3.12/site-packages/airflow/example_dags/example_bash_decorator.py for tasks to queue
[2025-03-06T04:39:36.445+0000] {logging_mixin.py:190} INFO - [2025-03-06T04:39:36.445+0000] {dagbag.py:588} INFO - Filling up the DagBag from /home/airflow/.local/lib/python3.12/site-packages/airflow/example_dags/example_bash_decorator.py
[2025-03-06T04:39:36.458+0000] {processor.py:925} INFO - DAG(s) 'example_bash_decorator' retrieved from /home/airflow/.local/lib/python3.12/site-packages/airflow/example_dags/example_bash_decorator.py
[2025-03-06T04:39:36.479+0000] {logging_mixin.py:190} INFO - [2025-03-06T04:39:36.478+0000] {dag.py:3239} INFO - Sync 1 DAGs
[2025-03-06T04:39:36.492+0000] {logging_mixin.py:190} INFO - [2025-03-06T04:39:36.492+0000] {dag.py:4180} INFO - Setting next_dagrun for example_bash_decorator to None, run_after=None
[2025-03-06T04:39:36.511+0000] {processor.py:208} INFO - Processing /home/airflow/.local/lib/python3.12/site-packages/airflow/example_dags/example_bash_decorator.py took 0.075 seconds
[2025-03-06T04:40:06.664+0000] {processor.py:186} INFO - Started process (PID=15179) to work on /home/airflow/.local/lib/python3.12/site-packages/airflow/example_dags/example_bash_decorator.py
[2025-03-06T04:40:06.665+0000] {processor.py:914} INFO - Processing file /home/airflow/.local/lib/python3.12/site-packages/airflow/example_dags/example_bash_decorator.py for tasks to queue
[2025-03-06T04:40:06.667+0000] {logging_mixin.py:190} INFO - [2025-03-06T04:40:06.666+0000] {dagbag.py:588} INFO - Filling up the DagBag from /home/airflow/.local/lib/python3.12/site-packages/airflow/example_dags/example_bash_decorator.py
[2025-03-06T04:40:06.678+0000] {processor.py:925} INFO - DAG(s) 'example_bash_decorator' retrieved from /home/airflow/.local/lib/python3.12/site-packages/airflow/example_dags/example_bash_decorator.py
[2025-03-06T04:40:06.699+0000] {logging_mixin.py:190} INFO - [2025-03-06T04:40:06.699+0000] {dag.py:3239} INFO - Sync 1 DAGs
[2025-03-06T04:40:06.711+0000] {logging_mixin.py:190} INFO - [2025-03-06T04:40:06.711+0000] {dag.py:4180} INFO - Setting next_dagrun for example_bash_decorator to None, run_after=None
[2025-03-06T04:40:06.729+0000] {processor.py:208} INFO - Processing /home/airflow/.local/lib/python3.12/site-packages/airflow/example_dags/example_bash_decorator.py took 0.071 seconds
[2025-03-06T04:40:37.128+0000] {processor.py:186} INFO - Started process (PID=15254) to work on /home/airflow/.local/lib/python3.12/site-packages/airflow/example_dags/example_bash_decorator.py
[2025-03-06T04:40:37.129+0000] {processor.py:914} INFO - Processing file /home/airflow/.local/lib/python3.12/site-packages/airflow/example_dags/example_bash_decorator.py for tasks to queue
[2025-03-06T04:40:37.132+0000] {logging_mixin.py:190} INFO - [2025-03-06T04:40:37.132+0000] {dagbag.py:588} INFO - Filling up the DagBag from /home/airflow/.local/lib/python3.12/site-packages/airflow/example_dags/example_bash_decorator.py
[2025-03-06T04:40:37.144+0000] {processor.py:925} INFO - DAG(s) 'example_bash_decorator' retrieved from /home/airflow/.local/lib/python3.12/site-packages/airflow/example_dags/example_bash_decorator.py
[2025-03-06T04:40:37.167+0000] {logging_mixin.py:190} INFO - [2025-03-06T04:40:37.167+0000] {dag.py:3239} INFO - Sync 1 DAGs
[2025-03-06T04:40:37.181+0000] {logging_mixin.py:190} INFO - [2025-03-06T04:40:37.180+0000] {dag.py:4180} INFO - Setting next_dagrun for example_bash_decorator to None, run_after=None
[2025-03-06T04:40:37.197+0000] {processor.py:208} INFO - Processing /home/airflow/.local/lib/python3.12/site-packages/airflow/example_dags/example_bash_decorator.py took 0.074 seconds
[2025-03-06T04:41:07.591+0000] {processor.py:186} INFO - Started process (PID=15329) to work on /home/airflow/.local/lib/python3.12/site-packages/airflow/example_dags/example_bash_decorator.py
[2025-03-06T04:41:07.592+0000] {processor.py:914} INFO - Processing file /home/airflow/.local/lib/python3.12/site-packages/airflow/example_dags/example_bash_decorator.py for tasks to queue
[2025-03-06T04:41:07.594+0000] {logging_mixin.py:190} INFO - [2025-03-06T04:41:07.594+0000] {dagbag.py:588} INFO - Filling up the DagBag from /home/airflow/.local/lib/python3.12/site-packages/airflow/example_dags/example_bash_decorator.py
[2025-03-06T04:41:07.607+0000] {processor.py:925} INFO - DAG(s) 'example_bash_decorator' retrieved from /home/airflow/.local/lib/python3.12/site-packages/airflow/example_dags/example_bash_decorator.py
[2025-03-06T04:41:07.627+0000] {logging_mixin.py:190} INFO - [2025-03-06T04:41:07.627+0000] {dag.py:3239} INFO - Sync 1 DAGs
[2025-03-06T04:41:07.641+0000] {logging_mixin.py:190} INFO - [2025-03-06T04:41:07.641+0000] {dag.py:4180} INFO - Setting next_dagrun for example_bash_decorator to None, run_after=None
[2025-03-06T04:41:07.659+0000] {processor.py:208} INFO - Processing /home/airflow/.local/lib/python3.12/site-packages/airflow/example_dags/example_bash_decorator.py took 0.074 seconds
[2025-03-06T04:41:38.320+0000] {processor.py:186} INFO - Started process (PID=15403) to work on /home/airflow/.local/lib/python3.12/site-packages/airflow/example_dags/example_bash_decorator.py
[2025-03-06T04:41:38.321+0000] {processor.py:914} INFO - Processing file /home/airflow/.local/lib/python3.12/site-packages/airflow/example_dags/example_bash_decorator.py for tasks to queue
[2025-03-06T04:41:38.323+0000] {logging_mixin.py:190} INFO - [2025-03-06T04:41:38.323+0000] {dagbag.py:588} INFO - Filling up the DagBag from /home/airflow/.local/lib/python3.12/site-packages/airflow/example_dags/example_bash_decorator.py
[2025-03-06T04:41:38.335+0000] {processor.py:925} INFO - DAG(s) 'example_bash_decorator' retrieved from /home/airflow/.local/lib/python3.12/site-packages/airflow/example_dags/example_bash_decorator.py
[2025-03-06T04:41:38.355+0000] {logging_mixin.py:190} INFO - [2025-03-06T04:41:38.355+0000] {dag.py:3239} INFO - Sync 1 DAGs
[2025-03-06T04:41:38.369+0000] {logging_mixin.py:190} INFO - [2025-03-06T04:41:38.369+0000] {dag.py:4180} INFO - Setting next_dagrun for example_bash_decorator to None, run_after=None
[2025-03-06T04:41:38.387+0000] {processor.py:208} INFO - Processing /home/airflow/.local/lib/python3.12/site-packages/airflow/example_dags/example_bash_decorator.py took 0.071 seconds
[2025-03-06T04:42:08.584+0000] {processor.py:186} INFO - Started process (PID=15478) to work on /home/airflow/.local/lib/python3.12/site-packages/airflow/example_dags/example_bash_decorator.py
[2025-03-06T04:42:08.585+0000] {processor.py:914} INFO - Processing file /home/airflow/.local/lib/python3.12/site-packages/airflow/example_dags/example_bash_decorator.py for tasks to queue
[2025-03-06T04:42:08.589+0000] {logging_mixin.py:190} INFO - [2025-03-06T04:42:08.588+0000] {dagbag.py:588} INFO - Filling up the DagBag from /home/airflow/.local/lib/python3.12/site-packages/airflow/example_dags/example_bash_decorator.py
[2025-03-06T04:42:08.610+0000] {processor.py:925} INFO - DAG(s) 'example_bash_decorator' retrieved from /home/airflow/.local/lib/python3.12/site-packages/airflow/example_dags/example_bash_decorator.py
[2025-03-06T04:42:08.641+0000] {logging_mixin.py:190} INFO - [2025-03-06T04:42:08.641+0000] {dag.py:3239} INFO - Sync 1 DAGs
[2025-03-06T04:42:08.663+0000] {logging_mixin.py:190} INFO - [2025-03-06T04:42:08.663+0000] {dag.py:4180} INFO - Setting next_dagrun for example_bash_decorator to None, run_after=None
[2025-03-06T04:42:08.699+0000] {processor.py:208} INFO - Processing /home/airflow/.local/lib/python3.12/site-packages/airflow/example_dags/example_bash_decorator.py took 0.125 seconds
[2025-03-06T11:01:07.977+0000] {processor.py:186} INFO - Started process (PID=127) to work on /home/airflow/.local/lib/python3.12/site-packages/airflow/example_dags/example_bash_decorator.py
[2025-03-06T11:01:07.979+0000] {processor.py:914} INFO - Processing file /home/airflow/.local/lib/python3.12/site-packages/airflow/example_dags/example_bash_decorator.py for tasks to queue
[2025-03-06T11:01:07.984+0000] {logging_mixin.py:190} INFO - [2025-03-06T11:01:07.983+0000] {dagbag.py:588} INFO - Filling up the DagBag from /home/airflow/.local/lib/python3.12/site-packages/airflow/example_dags/example_bash_decorator.py
[2025-03-06T11:01:08.008+0000] {processor.py:925} INFO - DAG(s) 'example_bash_decorator' retrieved from /home/airflow/.local/lib/python3.12/site-packages/airflow/example_dags/example_bash_decorator.py
[2025-03-06T11:01:08.288+0000] {logging_mixin.py:190} INFO - [2025-03-06T11:01:08.287+0000] {dag.py:3239} INFO - Sync 1 DAGs
[2025-03-06T11:01:08.325+0000] {logging_mixin.py:190} INFO - [2025-03-06T11:01:08.325+0000] {dag.py:4180} INFO - Setting next_dagrun for example_bash_decorator to None, run_after=None
[2025-03-06T11:01:08.361+0000] {processor.py:208} INFO - Processing /home/airflow/.local/lib/python3.12/site-packages/airflow/example_dags/example_bash_decorator.py took 0.392 seconds
[2025-03-06T11:01:38.425+0000] {processor.py:186} INFO - Started process (PID=201) to work on /home/airflow/.local/lib/python3.12/site-packages/airflow/example_dags/example_bash_decorator.py
[2025-03-06T11:01:38.427+0000] {processor.py:914} INFO - Processing file /home/airflow/.local/lib/python3.12/site-packages/airflow/example_dags/example_bash_decorator.py for tasks to queue
[2025-03-06T11:01:38.430+0000] {logging_mixin.py:190} INFO - [2025-03-06T11:01:38.430+0000] {dagbag.py:588} INFO - Filling up the DagBag from /home/airflow/.local/lib/python3.12/site-packages/airflow/example_dags/example_bash_decorator.py
[2025-03-06T11:01:38.446+0000] {processor.py:925} INFO - DAG(s) 'example_bash_decorator' retrieved from /home/airflow/.local/lib/python3.12/site-packages/airflow/example_dags/example_bash_decorator.py
[2025-03-06T11:01:38.469+0000] {logging_mixin.py:190} INFO - [2025-03-06T11:01:38.469+0000] {dag.py:3239} INFO - Sync 1 DAGs
[2025-03-06T11:01:38.484+0000] {logging_mixin.py:190} INFO - [2025-03-06T11:01:38.483+0000] {dag.py:4180} INFO - Setting next_dagrun for example_bash_decorator to None, run_after=None
[2025-03-06T11:01:38.505+0000] {processor.py:208} INFO - Processing /home/airflow/.local/lib/python3.12/site-packages/airflow/example_dags/example_bash_decorator.py took 0.085 seconds
[2025-03-06T11:02:08.643+0000] {processor.py:186} INFO - Started process (PID=275) to work on /home/airflow/.local/lib/python3.12/site-packages/airflow/example_dags/example_bash_decorator.py
[2025-03-06T11:02:08.646+0000] {processor.py:914} INFO - Processing file /home/airflow/.local/lib/python3.12/site-packages/airflow/example_dags/example_bash_decorator.py for tasks to queue
[2025-03-06T11:02:08.648+0000] {logging_mixin.py:190} INFO - [2025-03-06T11:02:08.648+0000] {dagbag.py:588} INFO - Filling up the DagBag from /home/airflow/.local/lib/python3.12/site-packages/airflow/example_dags/example_bash_decorator.py
[2025-03-06T11:02:08.664+0000] {processor.py:925} INFO - DAG(s) 'example_bash_decorator' retrieved from /home/airflow/.local/lib/python3.12/site-packages/airflow/example_dags/example_bash_decorator.py
[2025-03-06T11:02:08.682+0000] {logging_mixin.py:190} INFO - [2025-03-06T11:02:08.682+0000] {dag.py:3239} INFO - Sync 1 DAGs
[2025-03-06T11:02:08.693+0000] {logging_mixin.py:190} INFO - [2025-03-06T11:02:08.692+0000] {dag.py:4180} INFO - Setting next_dagrun for example_bash_decorator to None, run_after=None
[2025-03-06T11:02:08.709+0000] {processor.py:208} INFO - Processing /home/airflow/.local/lib/python3.12/site-packages/airflow/example_dags/example_bash_decorator.py took 0.070 seconds
[2025-03-06T11:02:39.405+0000] {processor.py:186} INFO - Started process (PID=350) to work on /home/airflow/.local/lib/python3.12/site-packages/airflow/example_dags/example_bash_decorator.py
[2025-03-06T11:02:39.407+0000] {processor.py:914} INFO - Processing file /home/airflow/.local/lib/python3.12/site-packages/airflow/example_dags/example_bash_decorator.py for tasks to queue
[2025-03-06T11:02:39.410+0000] {logging_mixin.py:190} INFO - [2025-03-06T11:02:39.410+0000] {dagbag.py:588} INFO - Filling up the DagBag from /home/airflow/.local/lib/python3.12/site-packages/airflow/example_dags/example_bash_decorator.py
[2025-03-06T11:02:39.427+0000] {processor.py:925} INFO - DAG(s) 'example_bash_decorator' retrieved from /home/airflow/.local/lib/python3.12/site-packages/airflow/example_dags/example_bash_decorator.py
[2025-03-06T11:02:39.449+0000] {logging_mixin.py:190} INFO - [2025-03-06T11:02:39.449+0000] {dag.py:3239} INFO - Sync 1 DAGs
[2025-03-06T11:02:39.462+0000] {logging_mixin.py:190} INFO - [2025-03-06T11:02:39.462+0000] {dag.py:4180} INFO - Setting next_dagrun for example_bash_decorator to None, run_after=None
[2025-03-06T11:02:39.481+0000] {processor.py:208} INFO - Processing /home/airflow/.local/lib/python3.12/site-packages/airflow/example_dags/example_bash_decorator.py took 0.082 seconds
[2025-03-06T11:03:09.766+0000] {processor.py:186} INFO - Started process (PID=426) to work on /home/airflow/.local/lib/python3.12/site-packages/airflow/example_dags/example_bash_decorator.py
[2025-03-06T11:03:09.767+0000] {processor.py:914} INFO - Processing file /home/airflow/.local/lib/python3.12/site-packages/airflow/example_dags/example_bash_decorator.py for tasks to queue
[2025-03-06T11:03:09.769+0000] {logging_mixin.py:190} INFO - [2025-03-06T11:03:09.769+0000] {dagbag.py:588} INFO - Filling up the DagBag from /home/airflow/.local/lib/python3.12/site-packages/airflow/example_dags/example_bash_decorator.py
[2025-03-06T11:03:09.781+0000] {processor.py:925} INFO - DAG(s) 'example_bash_decorator' retrieved from /home/airflow/.local/lib/python3.12/site-packages/airflow/example_dags/example_bash_decorator.py
[2025-03-06T11:03:09.800+0000] {logging_mixin.py:190} INFO - [2025-03-06T11:03:09.799+0000] {dag.py:3239} INFO - Sync 1 DAGs
[2025-03-06T11:03:09.810+0000] {logging_mixin.py:190} INFO - [2025-03-06T11:03:09.810+0000] {dag.py:4180} INFO - Setting next_dagrun for example_bash_decorator to None, run_after=None
[2025-03-06T11:03:09.831+0000] {processor.py:208} INFO - Processing /home/airflow/.local/lib/python3.12/site-packages/airflow/example_dags/example_bash_decorator.py took 0.070 seconds
[2025-03-06T11:03:40.428+0000] {processor.py:186} INFO - Started process (PID=501) to work on /home/airflow/.local/lib/python3.12/site-packages/airflow/example_dags/example_bash_decorator.py
[2025-03-06T11:03:40.429+0000] {processor.py:914} INFO - Processing file /home/airflow/.local/lib/python3.12/site-packages/airflow/example_dags/example_bash_decorator.py for tasks to queue
[2025-03-06T11:03:40.431+0000] {logging_mixin.py:190} INFO - [2025-03-06T11:03:40.431+0000] {dagbag.py:588} INFO - Filling up the DagBag from /home/airflow/.local/lib/python3.12/site-packages/airflow/example_dags/example_bash_decorator.py
[2025-03-06T11:03:40.444+0000] {processor.py:925} INFO - DAG(s) 'example_bash_decorator' retrieved from /home/airflow/.local/lib/python3.12/site-packages/airflow/example_dags/example_bash_decorator.py
[2025-03-06T11:03:40.462+0000] {logging_mixin.py:190} INFO - [2025-03-06T11:03:40.462+0000] {dag.py:3239} INFO - Sync 1 DAGs
[2025-03-06T11:03:40.473+0000] {logging_mixin.py:190} INFO - [2025-03-06T11:03:40.473+0000] {dag.py:4180} INFO - Setting next_dagrun for example_bash_decorator to None, run_after=None
[2025-03-06T11:03:40.489+0000] {processor.py:208} INFO - Processing /home/airflow/.local/lib/python3.12/site-packages/airflow/example_dags/example_bash_decorator.py took 0.066 seconds
[2025-03-06T11:04:10.616+0000] {processor.py:186} INFO - Started process (PID=576) to work on /home/airflow/.local/lib/python3.12/site-packages/airflow/example_dags/example_bash_decorator.py
[2025-03-06T11:04:10.617+0000] {processor.py:914} INFO - Processing file /home/airflow/.local/lib/python3.12/site-packages/airflow/example_dags/example_bash_decorator.py for tasks to queue
[2025-03-06T11:04:10.619+0000] {logging_mixin.py:190} INFO - [2025-03-06T11:04:10.619+0000] {dagbag.py:588} INFO - Filling up the DagBag from /home/airflow/.local/lib/python3.12/site-packages/airflow/example_dags/example_bash_decorator.py
[2025-03-06T11:04:10.635+0000] {processor.py:925} INFO - DAG(s) 'example_bash_decorator' retrieved from /home/airflow/.local/lib/python3.12/site-packages/airflow/example_dags/example_bash_decorator.py
[2025-03-06T11:04:10.655+0000] {logging_mixin.py:190} INFO - [2025-03-06T11:04:10.654+0000] {dag.py:3239} INFO - Sync 1 DAGs
[2025-03-06T11:04:10.666+0000] {logging_mixin.py:190} INFO - [2025-03-06T11:04:10.666+0000] {dag.py:4180} INFO - Setting next_dagrun for example_bash_decorator to None, run_after=None
[2025-03-06T11:04:10.682+0000] {processor.py:208} INFO - Processing /home/airflow/.local/lib/python3.12/site-packages/airflow/example_dags/example_bash_decorator.py took 0.071 seconds
[2025-03-06T11:04:41.255+0000] {processor.py:186} INFO - Started process (PID=640) to work on /home/airflow/.local/lib/python3.12/site-packages/airflow/example_dags/example_bash_decorator.py
[2025-03-06T11:04:41.256+0000] {processor.py:914} INFO - Processing file /home/airflow/.local/lib/python3.12/site-packages/airflow/example_dags/example_bash_decorator.py for tasks to queue
[2025-03-06T11:04:41.258+0000] {logging_mixin.py:190} INFO - [2025-03-06T11:04:41.258+0000] {dagbag.py:588} INFO - Filling up the DagBag from /home/airflow/.local/lib/python3.12/site-packages/airflow/example_dags/example_bash_decorator.py
[2025-03-06T11:04:41.273+0000] {processor.py:925} INFO - DAG(s) 'example_bash_decorator' retrieved from /home/airflow/.local/lib/python3.12/site-packages/airflow/example_dags/example_bash_decorator.py
[2025-03-06T11:04:41.300+0000] {logging_mixin.py:190} INFO - [2025-03-06T11:04:41.300+0000] {dag.py:3239} INFO - Sync 1 DAGs
[2025-03-06T11:04:41.312+0000] {logging_mixin.py:190} INFO - [2025-03-06T11:04:41.312+0000] {dag.py:4180} INFO - Setting next_dagrun for example_bash_decorator to None, run_after=None
[2025-03-06T11:04:41.335+0000] {processor.py:208} INFO - Processing /home/airflow/.local/lib/python3.12/site-packages/airflow/example_dags/example_bash_decorator.py took 0.086 seconds
[2025-03-06T11:05:11.812+0000] {processor.py:186} INFO - Started process (PID=738) to work on /home/airflow/.local/lib/python3.12/site-packages/airflow/example_dags/example_bash_decorator.py
[2025-03-06T11:05:11.814+0000] {processor.py:914} INFO - Processing file /home/airflow/.local/lib/python3.12/site-packages/airflow/example_dags/example_bash_decorator.py for tasks to queue
[2025-03-06T11:05:11.817+0000] {logging_mixin.py:190} INFO - [2025-03-06T11:05:11.817+0000] {dagbag.py:588} INFO - Filling up the DagBag from /home/airflow/.local/lib/python3.12/site-packages/airflow/example_dags/example_bash_decorator.py
[2025-03-06T11:05:11.831+0000] {processor.py:925} INFO - DAG(s) 'example_bash_decorator' retrieved from /home/airflow/.local/lib/python3.12/site-packages/airflow/example_dags/example_bash_decorator.py
[2025-03-06T11:05:11.853+0000] {logging_mixin.py:190} INFO - [2025-03-06T11:05:11.853+0000] {dag.py:3239} INFO - Sync 1 DAGs
[2025-03-06T11:05:11.866+0000] {logging_mixin.py:190} INFO - [2025-03-06T11:05:11.866+0000] {dag.py:4180} INFO - Setting next_dagrun for example_bash_decorator to None, run_after=None
[2025-03-06T11:05:11.884+0000] {processor.py:208} INFO - Processing /home/airflow/.local/lib/python3.12/site-packages/airflow/example_dags/example_bash_decorator.py took 0.077 seconds
[2025-03-06T11:05:42.209+0000] {processor.py:186} INFO - Started process (PID=825) to work on /home/airflow/.local/lib/python3.12/site-packages/airflow/example_dags/example_bash_decorator.py
[2025-03-06T11:05:42.211+0000] {processor.py:914} INFO - Processing file /home/airflow/.local/lib/python3.12/site-packages/airflow/example_dags/example_bash_decorator.py for tasks to queue
[2025-03-06T11:05:42.213+0000] {logging_mixin.py:190} INFO - [2025-03-06T11:05:42.213+0000] {dagbag.py:588} INFO - Filling up the DagBag from /home/airflow/.local/lib/python3.12/site-packages/airflow/example_dags/example_bash_decorator.py
[2025-03-06T11:05:42.225+0000] {processor.py:925} INFO - DAG(s) 'example_bash_decorator' retrieved from /home/airflow/.local/lib/python3.12/site-packages/airflow/example_dags/example_bash_decorator.py
[2025-03-06T11:05:42.245+0000] {logging_mixin.py:190} INFO - [2025-03-06T11:05:42.244+0000] {dag.py:3239} INFO - Sync 1 DAGs
[2025-03-06T11:05:42.255+0000] {logging_mixin.py:190} INFO - [2025-03-06T11:05:42.255+0000] {dag.py:4180} INFO - Setting next_dagrun for example_bash_decorator to None, run_after=None
[2025-03-06T11:05:42.271+0000] {processor.py:208} INFO - Processing /home/airflow/.local/lib/python3.12/site-packages/airflow/example_dags/example_bash_decorator.py took 0.069 seconds
[2025-03-06T11:06:13.061+0000] {processor.py:186} INFO - Started process (PID=900) to work on /home/airflow/.local/lib/python3.12/site-packages/airflow/example_dags/example_bash_decorator.py
[2025-03-06T11:06:13.063+0000] {processor.py:914} INFO - Processing file /home/airflow/.local/lib/python3.12/site-packages/airflow/example_dags/example_bash_decorator.py for tasks to queue
[2025-03-06T11:06:13.066+0000] {logging_mixin.py:190} INFO - [2025-03-06T11:06:13.066+0000] {dagbag.py:588} INFO - Filling up the DagBag from /home/airflow/.local/lib/python3.12/site-packages/airflow/example_dags/example_bash_decorator.py
[2025-03-06T11:06:13.101+0000] {processor.py:925} INFO - DAG(s) 'example_bash_decorator' retrieved from /home/airflow/.local/lib/python3.12/site-packages/airflow/example_dags/example_bash_decorator.py
[2025-03-06T11:06:13.133+0000] {logging_mixin.py:190} INFO - [2025-03-06T11:06:13.133+0000] {dag.py:3239} INFO - Sync 1 DAGs
[2025-03-06T11:06:13.154+0000] {logging_mixin.py:190} INFO - [2025-03-06T11:06:13.154+0000] {dag.py:4180} INFO - Setting next_dagrun for example_bash_decorator to None, run_after=None
[2025-03-06T11:06:13.179+0000] {processor.py:208} INFO - Processing /home/airflow/.local/lib/python3.12/site-packages/airflow/example_dags/example_bash_decorator.py took 0.125 seconds
[2025-03-06T11:06:48.758+0000] {processor.py:186} INFO - Started process (PID=937) to work on /home/airflow/.local/lib/python3.12/site-packages/airflow/example_dags/example_bash_decorator.py
[2025-03-06T11:06:48.760+0000] {processor.py:914} INFO - Processing file /home/airflow/.local/lib/python3.12/site-packages/airflow/example_dags/example_bash_decorator.py for tasks to queue
[2025-03-06T11:06:48.767+0000] {logging_mixin.py:190} INFO - [2025-03-06T11:06:48.766+0000] {dagbag.py:588} INFO - Filling up the DagBag from /home/airflow/.local/lib/python3.12/site-packages/airflow/example_dags/example_bash_decorator.py
[2025-03-06T11:06:48.804+0000] {processor.py:925} INFO - DAG(s) 'example_bash_decorator' retrieved from /home/airflow/.local/lib/python3.12/site-packages/airflow/example_dags/example_bash_decorator.py
[2025-03-06T11:06:48.865+0000] {logging_mixin.py:190} INFO - [2025-03-06T11:06:48.864+0000] {dag.py:3239} INFO - Sync 1 DAGs
[2025-03-06T11:06:48.901+0000] {logging_mixin.py:190} INFO - [2025-03-06T11:06:48.900+0000] {dag.py:4180} INFO - Setting next_dagrun for example_bash_decorator to None, run_after=None
[2025-03-06T11:06:48.947+0000] {processor.py:208} INFO - Processing /home/airflow/.local/lib/python3.12/site-packages/airflow/example_dags/example_bash_decorator.py took 0.204 seconds
[2025-03-06T11:07:50.383+0000] {processor.py:186} INFO - Started process (PID=1011) to work on /home/airflow/.local/lib/python3.12/site-packages/airflow/example_dags/example_bash_decorator.py
[2025-03-06T11:07:50.385+0000] {processor.py:914} INFO - Processing file /home/airflow/.local/lib/python3.12/site-packages/airflow/example_dags/example_bash_decorator.py for tasks to queue
[2025-03-06T11:07:50.387+0000] {logging_mixin.py:190} INFO - [2025-03-06T11:07:50.387+0000] {dagbag.py:588} INFO - Filling up the DagBag from /home/airflow/.local/lib/python3.12/site-packages/airflow/example_dags/example_bash_decorator.py
[2025-03-06T11:07:50.411+0000] {processor.py:925} INFO - DAG(s) 'example_bash_decorator' retrieved from /home/airflow/.local/lib/python3.12/site-packages/airflow/example_dags/example_bash_decorator.py
[2025-03-06T11:07:50.454+0000] {logging_mixin.py:190} INFO - [2025-03-06T11:07:50.454+0000] {dag.py:3239} INFO - Sync 1 DAGs
[2025-03-06T11:07:50.478+0000] {logging_mixin.py:190} INFO - [2025-03-06T11:07:50.478+0000] {dag.py:4180} INFO - Setting next_dagrun for example_bash_decorator to None, run_after=None
[2025-03-06T11:07:50.511+0000] {processor.py:208} INFO - Processing /home/airflow/.local/lib/python3.12/site-packages/airflow/example_dags/example_bash_decorator.py took 0.138 seconds
[2025-03-06T11:08:21.645+0000] {processor.py:186} INFO - Started process (PID=1086) to work on /home/airflow/.local/lib/python3.12/site-packages/airflow/example_dags/example_bash_decorator.py
[2025-03-06T11:08:21.647+0000] {processor.py:914} INFO - Processing file /home/airflow/.local/lib/python3.12/site-packages/airflow/example_dags/example_bash_decorator.py for tasks to queue
[2025-03-06T11:08:21.649+0000] {logging_mixin.py:190} INFO - [2025-03-06T11:08:21.649+0000] {dagbag.py:588} INFO - Filling up the DagBag from /home/airflow/.local/lib/python3.12/site-packages/airflow/example_dags/example_bash_decorator.py
[2025-03-06T11:08:21.671+0000] {processor.py:925} INFO - DAG(s) 'example_bash_decorator' retrieved from /home/airflow/.local/lib/python3.12/site-packages/airflow/example_dags/example_bash_decorator.py
[2025-03-06T11:08:21.704+0000] {logging_mixin.py:190} INFO - [2025-03-06T11:08:21.704+0000] {dag.py:3239} INFO - Sync 1 DAGs
[2025-03-06T11:08:21.725+0000] {logging_mixin.py:190} INFO - [2025-03-06T11:08:21.724+0000] {dag.py:4180} INFO - Setting next_dagrun for example_bash_decorator to None, run_after=None
[2025-03-06T11:08:21.751+0000] {processor.py:208} INFO - Processing /home/airflow/.local/lib/python3.12/site-packages/airflow/example_dags/example_bash_decorator.py took 0.114 seconds
[2025-03-06T11:08:52.417+0000] {processor.py:186} INFO - Started process (PID=1161) to work on /home/airflow/.local/lib/python3.12/site-packages/airflow/example_dags/example_bash_decorator.py
[2025-03-06T11:08:52.419+0000] {processor.py:914} INFO - Processing file /home/airflow/.local/lib/python3.12/site-packages/airflow/example_dags/example_bash_decorator.py for tasks to queue
[2025-03-06T11:08:52.420+0000] {logging_mixin.py:190} INFO - [2025-03-06T11:08:52.420+0000] {dagbag.py:588} INFO - Filling up the DagBag from /home/airflow/.local/lib/python3.12/site-packages/airflow/example_dags/example_bash_decorator.py
[2025-03-06T11:08:52.436+0000] {processor.py:925} INFO - DAG(s) 'example_bash_decorator' retrieved from /home/airflow/.local/lib/python3.12/site-packages/airflow/example_dags/example_bash_decorator.py
[2025-03-06T11:08:52.459+0000] {logging_mixin.py:190} INFO - [2025-03-06T11:08:52.459+0000] {dag.py:3239} INFO - Sync 1 DAGs
[2025-03-06T11:08:52.475+0000] {logging_mixin.py:190} INFO - [2025-03-06T11:08:52.475+0000] {dag.py:4180} INFO - Setting next_dagrun for example_bash_decorator to None, run_after=None
[2025-03-06T11:08:52.497+0000] {processor.py:208} INFO - Processing /home/airflow/.local/lib/python3.12/site-packages/airflow/example_dags/example_bash_decorator.py took 0.087 seconds
[2025-03-06T11:09:24.730+0000] {processor.py:186} INFO - Started process (PID=1237) to work on /home/airflow/.local/lib/python3.12/site-packages/airflow/example_dags/example_bash_decorator.py
[2025-03-06T11:09:24.732+0000] {processor.py:914} INFO - Processing file /home/airflow/.local/lib/python3.12/site-packages/airflow/example_dags/example_bash_decorator.py for tasks to queue
[2025-03-06T11:09:24.735+0000] {logging_mixin.py:190} INFO - [2025-03-06T11:09:24.734+0000] {dagbag.py:588} INFO - Filling up the DagBag from /home/airflow/.local/lib/python3.12/site-packages/airflow/example_dags/example_bash_decorator.py
[2025-03-06T11:09:24.762+0000] {processor.py:925} INFO - DAG(s) 'example_bash_decorator' retrieved from /home/airflow/.local/lib/python3.12/site-packages/airflow/example_dags/example_bash_decorator.py
[2025-03-06T11:09:24.807+0000] {logging_mixin.py:190} INFO - [2025-03-06T11:09:24.806+0000] {dag.py:3239} INFO - Sync 1 DAGs
[2025-03-06T11:09:24.832+0000] {logging_mixin.py:190} INFO - [2025-03-06T11:09:24.832+0000] {dag.py:4180} INFO - Setting next_dagrun for example_bash_decorator to None, run_after=None
[2025-03-06T11:09:24.869+0000] {processor.py:208} INFO - Processing /home/airflow/.local/lib/python3.12/site-packages/airflow/example_dags/example_bash_decorator.py took 0.150 seconds
[2025-03-06T11:09:55.783+0000] {processor.py:186} INFO - Started process (PID=1311) to work on /home/airflow/.local/lib/python3.12/site-packages/airflow/example_dags/example_bash_decorator.py
[2025-03-06T11:09:55.784+0000] {processor.py:914} INFO - Processing file /home/airflow/.local/lib/python3.12/site-packages/airflow/example_dags/example_bash_decorator.py for tasks to queue
[2025-03-06T11:09:55.786+0000] {logging_mixin.py:190} INFO - [2025-03-06T11:09:55.786+0000] {dagbag.py:588} INFO - Filling up the DagBag from /home/airflow/.local/lib/python3.12/site-packages/airflow/example_dags/example_bash_decorator.py
[2025-03-06T11:09:55.809+0000] {processor.py:925} INFO - DAG(s) 'example_bash_decorator' retrieved from /home/airflow/.local/lib/python3.12/site-packages/airflow/example_dags/example_bash_decorator.py
[2025-03-06T11:09:55.851+0000] {logging_mixin.py:190} INFO - [2025-03-06T11:09:55.851+0000] {dag.py:3239} INFO - Sync 1 DAGs
[2025-03-06T11:09:55.874+0000] {logging_mixin.py:190} INFO - [2025-03-06T11:09:55.873+0000] {dag.py:4180} INFO - Setting next_dagrun for example_bash_decorator to None, run_after=None
[2025-03-06T11:09:55.907+0000] {processor.py:208} INFO - Processing /home/airflow/.local/lib/python3.12/site-packages/airflow/example_dags/example_bash_decorator.py took 0.133 seconds
[2025-03-06T11:10:25.957+0000] {processor.py:186} INFO - Started process (PID=1374) to work on /home/airflow/.local/lib/python3.12/site-packages/airflow/example_dags/example_bash_decorator.py
[2025-03-06T11:10:25.958+0000] {processor.py:914} INFO - Processing file /home/airflow/.local/lib/python3.12/site-packages/airflow/example_dags/example_bash_decorator.py for tasks to queue
[2025-03-06T11:10:25.959+0000] {logging_mixin.py:190} INFO - [2025-03-06T11:10:25.959+0000] {dagbag.py:588} INFO - Filling up the DagBag from /home/airflow/.local/lib/python3.12/site-packages/airflow/example_dags/example_bash_decorator.py
[2025-03-06T11:10:25.972+0000] {processor.py:925} INFO - DAG(s) 'example_bash_decorator' retrieved from /home/airflow/.local/lib/python3.12/site-packages/airflow/example_dags/example_bash_decorator.py
[2025-03-06T11:10:25.989+0000] {logging_mixin.py:190} INFO - [2025-03-06T11:10:25.989+0000] {dag.py:3239} INFO - Sync 1 DAGs
[2025-03-06T11:10:26.000+0000] {logging_mixin.py:190} INFO - [2025-03-06T11:10:26.000+0000] {dag.py:4180} INFO - Setting next_dagrun for example_bash_decorator to None, run_after=None
[2025-03-06T11:10:26.013+0000] {processor.py:208} INFO - Processing /home/airflow/.local/lib/python3.12/site-packages/airflow/example_dags/example_bash_decorator.py took 0.061 seconds
[2025-03-06T11:10:56.182+0000] {processor.py:186} INFO - Started process (PID=1450) to work on /home/airflow/.local/lib/python3.12/site-packages/airflow/example_dags/example_bash_decorator.py
[2025-03-06T11:10:56.183+0000] {processor.py:914} INFO - Processing file /home/airflow/.local/lib/python3.12/site-packages/airflow/example_dags/example_bash_decorator.py for tasks to queue
[2025-03-06T11:10:56.184+0000] {logging_mixin.py:190} INFO - [2025-03-06T11:10:56.184+0000] {dagbag.py:588} INFO - Filling up the DagBag from /home/airflow/.local/lib/python3.12/site-packages/airflow/example_dags/example_bash_decorator.py
[2025-03-06T11:10:56.197+0000] {processor.py:925} INFO - DAG(s) 'example_bash_decorator' retrieved from /home/airflow/.local/lib/python3.12/site-packages/airflow/example_dags/example_bash_decorator.py
[2025-03-06T11:10:56.214+0000] {logging_mixin.py:190} INFO - [2025-03-06T11:10:56.214+0000] {dag.py:3239} INFO - Sync 1 DAGs
[2025-03-06T11:10:56.226+0000] {logging_mixin.py:190} INFO - [2025-03-06T11:10:56.226+0000] {dag.py:4180} INFO - Setting next_dagrun for example_bash_decorator to None, run_after=None
[2025-03-06T11:10:56.239+0000] {processor.py:208} INFO - Processing /home/airflow/.local/lib/python3.12/site-packages/airflow/example_dags/example_bash_decorator.py took 0.062 seconds
[2025-03-06T11:11:26.727+0000] {processor.py:186} INFO - Started process (PID=1525) to work on /home/airflow/.local/lib/python3.12/site-packages/airflow/example_dags/example_bash_decorator.py
[2025-03-06T11:11:26.729+0000] {processor.py:914} INFO - Processing file /home/airflow/.local/lib/python3.12/site-packages/airflow/example_dags/example_bash_decorator.py for tasks to queue
[2025-03-06T11:11:26.730+0000] {logging_mixin.py:190} INFO - [2025-03-06T11:11:26.730+0000] {dagbag.py:588} INFO - Filling up the DagBag from /home/airflow/.local/lib/python3.12/site-packages/airflow/example_dags/example_bash_decorator.py
[2025-03-06T11:11:26.742+0000] {processor.py:925} INFO - DAG(s) 'example_bash_decorator' retrieved from /home/airflow/.local/lib/python3.12/site-packages/airflow/example_dags/example_bash_decorator.py
[2025-03-06T11:11:26.763+0000] {logging_mixin.py:190} INFO - [2025-03-06T11:11:26.763+0000] {dag.py:3239} INFO - Sync 1 DAGs
[2025-03-06T11:11:26.775+0000] {logging_mixin.py:190} INFO - [2025-03-06T11:11:26.774+0000] {dag.py:4180} INFO - Setting next_dagrun for example_bash_decorator to None, run_after=None
[2025-03-06T11:11:26.793+0000] {processor.py:208} INFO - Processing /home/airflow/.local/lib/python3.12/site-packages/airflow/example_dags/example_bash_decorator.py took 0.070 seconds
[2025-03-06T11:11:57.372+0000] {processor.py:186} INFO - Started process (PID=1600) to work on /home/airflow/.local/lib/python3.12/site-packages/airflow/example_dags/example_bash_decorator.py
[2025-03-06T11:11:57.373+0000] {processor.py:914} INFO - Processing file /home/airflow/.local/lib/python3.12/site-packages/airflow/example_dags/example_bash_decorator.py for tasks to queue
[2025-03-06T11:11:57.374+0000] {logging_mixin.py:190} INFO - [2025-03-06T11:11:57.374+0000] {dagbag.py:588} INFO - Filling up the DagBag from /home/airflow/.local/lib/python3.12/site-packages/airflow/example_dags/example_bash_decorator.py
[2025-03-06T11:11:57.390+0000] {processor.py:925} INFO - DAG(s) 'example_bash_decorator' retrieved from /home/airflow/.local/lib/python3.12/site-packages/airflow/example_dags/example_bash_decorator.py
[2025-03-06T11:11:57.409+0000] {logging_mixin.py:190} INFO - [2025-03-06T11:11:57.409+0000] {dag.py:3239} INFO - Sync 1 DAGs
[2025-03-06T11:11:57.421+0000] {logging_mixin.py:190} INFO - [2025-03-06T11:11:57.421+0000] {dag.py:4180} INFO - Setting next_dagrun for example_bash_decorator to None, run_after=None
[2025-03-06T11:11:57.434+0000] {processor.py:208} INFO - Processing /home/airflow/.local/lib/python3.12/site-packages/airflow/example_dags/example_bash_decorator.py took 0.068 seconds
[2025-03-06T11:12:28.194+0000] {processor.py:186} INFO - Started process (PID=1675) to work on /home/airflow/.local/lib/python3.12/site-packages/airflow/example_dags/example_bash_decorator.py
[2025-03-06T11:12:28.195+0000] {processor.py:914} INFO - Processing file /home/airflow/.local/lib/python3.12/site-packages/airflow/example_dags/example_bash_decorator.py for tasks to queue
[2025-03-06T11:12:28.197+0000] {logging_mixin.py:190} INFO - [2025-03-06T11:12:28.197+0000] {dagbag.py:588} INFO - Filling up the DagBag from /home/airflow/.local/lib/python3.12/site-packages/airflow/example_dags/example_bash_decorator.py
[2025-03-06T11:12:28.210+0000] {processor.py:925} INFO - DAG(s) 'example_bash_decorator' retrieved from /home/airflow/.local/lib/python3.12/site-packages/airflow/example_dags/example_bash_decorator.py
[2025-03-06T11:12:28.232+0000] {logging_mixin.py:190} INFO - [2025-03-06T11:12:28.231+0000] {dag.py:3239} INFO - Sync 1 DAGs
[2025-03-06T11:12:28.244+0000] {logging_mixin.py:190} INFO - [2025-03-06T11:12:28.244+0000] {dag.py:4180} INFO - Setting next_dagrun for example_bash_decorator to None, run_after=None
[2025-03-06T11:12:28.260+0000] {processor.py:208} INFO - Processing /home/airflow/.local/lib/python3.12/site-packages/airflow/example_dags/example_bash_decorator.py took 0.071 seconds
[2025-03-06T11:12:58.580+0000] {processor.py:186} INFO - Started process (PID=1750) to work on /home/airflow/.local/lib/python3.12/site-packages/airflow/example_dags/example_bash_decorator.py
[2025-03-06T11:12:58.581+0000] {processor.py:914} INFO - Processing file /home/airflow/.local/lib/python3.12/site-packages/airflow/example_dags/example_bash_decorator.py for tasks to queue
[2025-03-06T11:12:58.583+0000] {logging_mixin.py:190} INFO - [2025-03-06T11:12:58.583+0000] {dagbag.py:588} INFO - Filling up the DagBag from /home/airflow/.local/lib/python3.12/site-packages/airflow/example_dags/example_bash_decorator.py
[2025-03-06T11:12:58.597+0000] {processor.py:925} INFO - DAG(s) 'example_bash_decorator' retrieved from /home/airflow/.local/lib/python3.12/site-packages/airflow/example_dags/example_bash_decorator.py
[2025-03-06T11:12:58.620+0000] {logging_mixin.py:190} INFO - [2025-03-06T11:12:58.620+0000] {dag.py:3239} INFO - Sync 1 DAGs
[2025-03-06T11:12:58.636+0000] {logging_mixin.py:190} INFO - [2025-03-06T11:12:58.636+0000] {dag.py:4180} INFO - Setting next_dagrun for example_bash_decorator to None, run_after=None
[2025-03-06T11:12:58.657+0000] {processor.py:208} INFO - Processing /home/airflow/.local/lib/python3.12/site-packages/airflow/example_dags/example_bash_decorator.py took 0.082 seconds
[2025-03-06T11:13:29.227+0000] {processor.py:186} INFO - Started process (PID=1824) to work on /home/airflow/.local/lib/python3.12/site-packages/airflow/example_dags/example_bash_decorator.py
[2025-03-06T11:13:29.228+0000] {processor.py:914} INFO - Processing file /home/airflow/.local/lib/python3.12/site-packages/airflow/example_dags/example_bash_decorator.py for tasks to queue
[2025-03-06T11:13:29.230+0000] {logging_mixin.py:190} INFO - [2025-03-06T11:13:29.229+0000] {dagbag.py:588} INFO - Filling up the DagBag from /home/airflow/.local/lib/python3.12/site-packages/airflow/example_dags/example_bash_decorator.py
[2025-03-06T11:13:29.245+0000] {processor.py:925} INFO - DAG(s) 'example_bash_decorator' retrieved from /home/airflow/.local/lib/python3.12/site-packages/airflow/example_dags/example_bash_decorator.py
[2025-03-06T11:13:29.266+0000] {logging_mixin.py:190} INFO - [2025-03-06T11:13:29.266+0000] {dag.py:3239} INFO - Sync 1 DAGs
[2025-03-06T11:13:29.279+0000] {logging_mixin.py:190} INFO - [2025-03-06T11:13:29.279+0000] {dag.py:4180} INFO - Setting next_dagrun for example_bash_decorator to None, run_after=None
[2025-03-06T11:13:29.298+0000] {processor.py:208} INFO - Processing /home/airflow/.local/lib/python3.12/site-packages/airflow/example_dags/example_bash_decorator.py took 0.077 seconds
[2025-03-06T11:13:59.590+0000] {processor.py:186} INFO - Started process (PID=1899) to work on /home/airflow/.local/lib/python3.12/site-packages/airflow/example_dags/example_bash_decorator.py
[2025-03-06T11:13:59.591+0000] {processor.py:914} INFO - Processing file /home/airflow/.local/lib/python3.12/site-packages/airflow/example_dags/example_bash_decorator.py for tasks to queue
[2025-03-06T11:13:59.592+0000] {logging_mixin.py:190} INFO - [2025-03-06T11:13:59.592+0000] {dagbag.py:588} INFO - Filling up the DagBag from /home/airflow/.local/lib/python3.12/site-packages/airflow/example_dags/example_bash_decorator.py
[2025-03-06T11:13:59.606+0000] {processor.py:925} INFO - DAG(s) 'example_bash_decorator' retrieved from /home/airflow/.local/lib/python3.12/site-packages/airflow/example_dags/example_bash_decorator.py
[2025-03-06T11:13:59.628+0000] {logging_mixin.py:190} INFO - [2025-03-06T11:13:59.627+0000] {dag.py:3239} INFO - Sync 1 DAGs
[2025-03-06T11:13:59.641+0000] {logging_mixin.py:190} INFO - [2025-03-06T11:13:59.641+0000] {dag.py:4180} INFO - Setting next_dagrun for example_bash_decorator to None, run_after=None
[2025-03-06T11:13:59.655+0000] {processor.py:208} INFO - Processing /home/airflow/.local/lib/python3.12/site-packages/airflow/example_dags/example_bash_decorator.py took 0.070 seconds
[2025-03-06T11:14:30.354+0000] {processor.py:186} INFO - Started process (PID=1974) to work on /home/airflow/.local/lib/python3.12/site-packages/airflow/example_dags/example_bash_decorator.py
[2025-03-06T11:14:30.356+0000] {processor.py:914} INFO - Processing file /home/airflow/.local/lib/python3.12/site-packages/airflow/example_dags/example_bash_decorator.py for tasks to queue
[2025-03-06T11:14:30.358+0000] {logging_mixin.py:190} INFO - [2025-03-06T11:14:30.357+0000] {dagbag.py:588} INFO - Filling up the DagBag from /home/airflow/.local/lib/python3.12/site-packages/airflow/example_dags/example_bash_decorator.py
[2025-03-06T11:14:30.385+0000] {processor.py:925} INFO - DAG(s) 'example_bash_decorator' retrieved from /home/airflow/.local/lib/python3.12/site-packages/airflow/example_dags/example_bash_decorator.py
[2025-03-06T11:14:30.430+0000] {logging_mixin.py:190} INFO - [2025-03-06T11:14:30.429+0000] {dag.py:3239} INFO - Sync 1 DAGs
[2025-03-06T11:14:30.456+0000] {logging_mixin.py:190} INFO - [2025-03-06T11:14:30.456+0000] {dag.py:4180} INFO - Setting next_dagrun for example_bash_decorator to None, run_after=None
[2025-03-06T11:14:30.491+0000] {processor.py:208} INFO - Processing /home/airflow/.local/lib/python3.12/site-packages/airflow/example_dags/example_bash_decorator.py took 0.145 seconds
[2025-03-06T11:15:00.863+0000] {processor.py:186} INFO - Started process (PID=2048) to work on /home/airflow/.local/lib/python3.12/site-packages/airflow/example_dags/example_bash_decorator.py
[2025-03-06T11:15:00.864+0000] {processor.py:914} INFO - Processing file /home/airflow/.local/lib/python3.12/site-packages/airflow/example_dags/example_bash_decorator.py for tasks to queue
[2025-03-06T11:15:00.866+0000] {logging_mixin.py:190} INFO - [2025-03-06T11:15:00.865+0000] {dagbag.py:588} INFO - Filling up the DagBag from /home/airflow/.local/lib/python3.12/site-packages/airflow/example_dags/example_bash_decorator.py
[2025-03-06T11:15:00.879+0000] {processor.py:925} INFO - DAG(s) 'example_bash_decorator' retrieved from /home/airflow/.local/lib/python3.12/site-packages/airflow/example_dags/example_bash_decorator.py
[2025-03-06T11:15:00.901+0000] {logging_mixin.py:190} INFO - [2025-03-06T11:15:00.901+0000] {dag.py:3239} INFO - Sync 1 DAGs
[2025-03-06T11:15:00.916+0000] {logging_mixin.py:190} INFO - [2025-03-06T11:15:00.916+0000] {dag.py:4180} INFO - Setting next_dagrun for example_bash_decorator to None, run_after=None
[2025-03-06T11:15:00.935+0000] {processor.py:208} INFO - Processing /home/airflow/.local/lib/python3.12/site-packages/airflow/example_dags/example_bash_decorator.py took 0.078 seconds
[2025-03-06T11:15:31.255+0000] {processor.py:186} INFO - Started process (PID=2123) to work on /home/airflow/.local/lib/python3.12/site-packages/airflow/example_dags/example_bash_decorator.py
[2025-03-06T11:15:31.256+0000] {processor.py:914} INFO - Processing file /home/airflow/.local/lib/python3.12/site-packages/airflow/example_dags/example_bash_decorator.py for tasks to queue
[2025-03-06T11:15:31.258+0000] {logging_mixin.py:190} INFO - [2025-03-06T11:15:31.258+0000] {dagbag.py:588} INFO - Filling up the DagBag from /home/airflow/.local/lib/python3.12/site-packages/airflow/example_dags/example_bash_decorator.py
[2025-03-06T11:15:31.271+0000] {processor.py:925} INFO - DAG(s) 'example_bash_decorator' retrieved from /home/airflow/.local/lib/python3.12/site-packages/airflow/example_dags/example_bash_decorator.py
[2025-03-06T11:15:31.291+0000] {logging_mixin.py:190} INFO - [2025-03-06T11:15:31.291+0000] {dag.py:3239} INFO - Sync 1 DAGs
[2025-03-06T11:15:31.304+0000] {logging_mixin.py:190} INFO - [2025-03-06T11:15:31.304+0000] {dag.py:4180} INFO - Setting next_dagrun for example_bash_decorator to None, run_after=None
[2025-03-06T11:15:31.317+0000] {processor.py:208} INFO - Processing /home/airflow/.local/lib/python3.12/site-packages/airflow/example_dags/example_bash_decorator.py took 0.067 seconds
[2025-03-06T11:16:02.130+0000] {processor.py:186} INFO - Started process (PID=2196) to work on /home/airflow/.local/lib/python3.12/site-packages/airflow/example_dags/example_bash_decorator.py
[2025-03-06T11:16:02.132+0000] {processor.py:914} INFO - Processing file /home/airflow/.local/lib/python3.12/site-packages/airflow/example_dags/example_bash_decorator.py for tasks to queue
[2025-03-06T11:16:02.133+0000] {logging_mixin.py:190} INFO - [2025-03-06T11:16:02.133+0000] {dagbag.py:588} INFO - Filling up the DagBag from /home/airflow/.local/lib/python3.12/site-packages/airflow/example_dags/example_bash_decorator.py
[2025-03-06T11:16:02.147+0000] {processor.py:925} INFO - DAG(s) 'example_bash_decorator' retrieved from /home/airflow/.local/lib/python3.12/site-packages/airflow/example_dags/example_bash_decorator.py
[2025-03-06T11:16:02.175+0000] {logging_mixin.py:190} INFO - [2025-03-06T11:16:02.175+0000] {dag.py:3239} INFO - Sync 1 DAGs
[2025-03-06T11:16:02.194+0000] {logging_mixin.py:190} INFO - [2025-03-06T11:16:02.194+0000] {dag.py:4180} INFO - Setting next_dagrun for example_bash_decorator to None, run_after=None
[2025-03-06T11:16:02.216+0000] {processor.py:208} INFO - Processing /home/airflow/.local/lib/python3.12/site-packages/airflow/example_dags/example_bash_decorator.py took 0.092 seconds
[2025-03-06T11:16:33.341+0000] {processor.py:186} INFO - Started process (PID=2266) to work on /home/airflow/.local/lib/python3.12/site-packages/airflow/example_dags/example_bash_decorator.py
[2025-03-06T11:16:33.343+0000] {processor.py:914} INFO - Processing file /home/airflow/.local/lib/python3.12/site-packages/airflow/example_dags/example_bash_decorator.py for tasks to queue
[2025-03-06T11:16:33.344+0000] {logging_mixin.py:190} INFO - [2025-03-06T11:16:33.344+0000] {dagbag.py:588} INFO - Filling up the DagBag from /home/airflow/.local/lib/python3.12/site-packages/airflow/example_dags/example_bash_decorator.py
[2025-03-06T11:16:33.357+0000] {processor.py:925} INFO - DAG(s) 'example_bash_decorator' retrieved from /home/airflow/.local/lib/python3.12/site-packages/airflow/example_dags/example_bash_decorator.py
[2025-03-06T11:16:33.377+0000] {logging_mixin.py:190} INFO - [2025-03-06T11:16:33.377+0000] {dag.py:3239} INFO - Sync 1 DAGs
[2025-03-06T11:16:33.394+0000] {logging_mixin.py:190} INFO - [2025-03-06T11:16:33.393+0000] {dag.py:4180} INFO - Setting next_dagrun for example_bash_decorator to None, run_after=None
[2025-03-06T11:16:33.414+0000] {processor.py:208} INFO - Processing /home/airflow/.local/lib/python3.12/site-packages/airflow/example_dags/example_bash_decorator.py took 0.077 seconds
[2025-03-06T11:17:04.124+0000] {processor.py:186} INFO - Started process (PID=2339) to work on /home/airflow/.local/lib/python3.12/site-packages/airflow/example_dags/example_bash_decorator.py
[2025-03-06T11:17:04.125+0000] {processor.py:914} INFO - Processing file /home/airflow/.local/lib/python3.12/site-packages/airflow/example_dags/example_bash_decorator.py for tasks to queue
[2025-03-06T11:17:04.127+0000] {logging_mixin.py:190} INFO - [2025-03-06T11:17:04.126+0000] {dagbag.py:588} INFO - Filling up the DagBag from /home/airflow/.local/lib/python3.12/site-packages/airflow/example_dags/example_bash_decorator.py
[2025-03-06T11:17:04.139+0000] {processor.py:925} INFO - DAG(s) 'example_bash_decorator' retrieved from /home/airflow/.local/lib/python3.12/site-packages/airflow/example_dags/example_bash_decorator.py
[2025-03-06T11:17:04.159+0000] {logging_mixin.py:190} INFO - [2025-03-06T11:17:04.159+0000] {dag.py:3239} INFO - Sync 1 DAGs
[2025-03-06T11:17:04.172+0000] {logging_mixin.py:190} INFO - [2025-03-06T11:17:04.171+0000] {dag.py:4180} INFO - Setting next_dagrun for example_bash_decorator to None, run_after=None
[2025-03-06T11:17:04.188+0000] {processor.py:208} INFO - Processing /home/airflow/.local/lib/python3.12/site-packages/airflow/example_dags/example_bash_decorator.py took 0.069 seconds
[2025-03-06T11:17:35.015+0000] {processor.py:186} INFO - Started process (PID=2414) to work on /home/airflow/.local/lib/python3.12/site-packages/airflow/example_dags/example_bash_decorator.py
[2025-03-06T11:17:35.017+0000] {processor.py:914} INFO - Processing file /home/airflow/.local/lib/python3.12/site-packages/airflow/example_dags/example_bash_decorator.py for tasks to queue
[2025-03-06T11:17:35.018+0000] {logging_mixin.py:190} INFO - [2025-03-06T11:17:35.018+0000] {dagbag.py:588} INFO - Filling up the DagBag from /home/airflow/.local/lib/python3.12/site-packages/airflow/example_dags/example_bash_decorator.py
[2025-03-06T11:17:35.030+0000] {processor.py:925} INFO - DAG(s) 'example_bash_decorator' retrieved from /home/airflow/.local/lib/python3.12/site-packages/airflow/example_dags/example_bash_decorator.py
[2025-03-06T11:17:35.050+0000] {logging_mixin.py:190} INFO - [2025-03-06T11:17:35.050+0000] {dag.py:3239} INFO - Sync 1 DAGs
[2025-03-06T11:17:35.062+0000] {logging_mixin.py:190} INFO - [2025-03-06T11:17:35.061+0000] {dag.py:4180} INFO - Setting next_dagrun for example_bash_decorator to None, run_after=None
[2025-03-06T11:17:35.076+0000] {processor.py:208} INFO - Processing /home/airflow/.local/lib/python3.12/site-packages/airflow/example_dags/example_bash_decorator.py took 0.066 seconds
[2025-03-06T11:18:06.314+0000] {processor.py:186} INFO - Started process (PID=2481) to work on /home/airflow/.local/lib/python3.12/site-packages/airflow/example_dags/example_bash_decorator.py
[2025-03-06T11:18:06.315+0000] {processor.py:914} INFO - Processing file /home/airflow/.local/lib/python3.12/site-packages/airflow/example_dags/example_bash_decorator.py for tasks to queue
[2025-03-06T11:18:06.319+0000] {logging_mixin.py:190} INFO - [2025-03-06T11:18:06.319+0000] {dagbag.py:588} INFO - Filling up the DagBag from /home/airflow/.local/lib/python3.12/site-packages/airflow/example_dags/example_bash_decorator.py
[2025-03-06T11:18:06.350+0000] {processor.py:925} INFO - DAG(s) 'example_bash_decorator' retrieved from /home/airflow/.local/lib/python3.12/site-packages/airflow/example_dags/example_bash_decorator.py
[2025-03-06T11:18:06.382+0000] {logging_mixin.py:190} INFO - [2025-03-06T11:18:06.382+0000] {dag.py:3239} INFO - Sync 1 DAGs
[2025-03-06T11:18:06.402+0000] {logging_mixin.py:190} INFO - [2025-03-06T11:18:06.402+0000] {dag.py:4180} INFO - Setting next_dagrun for example_bash_decorator to None, run_after=None
[2025-03-06T11:18:06.431+0000] {processor.py:208} INFO - Processing /home/airflow/.local/lib/python3.12/site-packages/airflow/example_dags/example_bash_decorator.py took 0.125 seconds
[2025-03-06T11:18:37.794+0000] {processor.py:186} INFO - Started process (PID=2556) to work on /home/airflow/.local/lib/python3.12/site-packages/airflow/example_dags/example_bash_decorator.py
[2025-03-06T11:18:37.795+0000] {processor.py:914} INFO - Processing file /home/airflow/.local/lib/python3.12/site-packages/airflow/example_dags/example_bash_decorator.py for tasks to queue
[2025-03-06T11:18:37.797+0000] {logging_mixin.py:190} INFO - [2025-03-06T11:18:37.796+0000] {dagbag.py:588} INFO - Filling up the DagBag from /home/airflow/.local/lib/python3.12/site-packages/airflow/example_dags/example_bash_decorator.py
[2025-03-06T11:18:37.809+0000] {processor.py:925} INFO - DAG(s) 'example_bash_decorator' retrieved from /home/airflow/.local/lib/python3.12/site-packages/airflow/example_dags/example_bash_decorator.py
[2025-03-06T11:18:37.827+0000] {logging_mixin.py:190} INFO - [2025-03-06T11:18:37.827+0000] {dag.py:3239} INFO - Sync 1 DAGs
[2025-03-06T11:18:37.839+0000] {logging_mixin.py:190} INFO - [2025-03-06T11:18:37.839+0000] {dag.py:4180} INFO - Setting next_dagrun for example_bash_decorator to None, run_after=None
[2025-03-06T11:18:37.859+0000] {processor.py:208} INFO - Processing /home/airflow/.local/lib/python3.12/site-packages/airflow/example_dags/example_bash_decorator.py took 0.070 seconds
