[2025-03-06T04:34:30.585+0000] {processor.py:186} INFO - Started process (PID=14390) to work on /home/airflow/.local/lib/python3.12/site-packages/airflow/example_dags/example_dag_decorator.py
[2025-03-06T04:34:30.587+0000] {processor.py:914} INFO - Processing file /home/airflow/.local/lib/python3.12/site-packages/airflow/example_dags/example_dag_decorator.py for tasks to queue
[2025-03-06T04:34:30.591+0000] {logging_mixin.py:190} INFO - [2025-03-06T04:34:30.590+0000] {dagbag.py:588} INFO - Filling up the DagBag from /home/airflow/.local/lib/python3.12/site-packages/airflow/example_dags/example_dag_decorator.py
[2025-03-06T04:34:30.735+0000] {processor.py:925} INFO - DAG(s) 'example_dag_decorator' retrieved from /home/airflow/.local/lib/python3.12/site-packages/airflow/example_dags/example_dag_decorator.py
[2025-03-06T04:34:30.888+0000] {logging_mixin.py:190} INFO - [2025-03-06T04:34:30.888+0000] {dag.py:3239} INFO - Sync 1 DAGs
[2025-03-06T04:34:30.902+0000] {logging_mixin.py:190} INFO - [2025-03-06T04:34:30.902+0000] {dag.py:4180} INFO - Setting next_dagrun for example_dag_decorator to None, run_after=None
[2025-03-06T04:34:30.937+0000] {processor.py:208} INFO - Processing /home/airflow/.local/lib/python3.12/site-packages/airflow/example_dags/example_dag_decorator.py took 0.359 seconds
[2025-03-06T04:35:01.235+0000] {processor.py:186} INFO - Started process (PID=14467) to work on /home/airflow/.local/lib/python3.12/site-packages/airflow/example_dags/example_dag_decorator.py
[2025-03-06T04:35:01.237+0000] {processor.py:914} INFO - Processing file /home/airflow/.local/lib/python3.12/site-packages/airflow/example_dags/example_dag_decorator.py for tasks to queue
[2025-03-06T04:35:01.241+0000] {logging_mixin.py:190} INFO - [2025-03-06T04:35:01.240+0000] {dagbag.py:588} INFO - Filling up the DagBag from /home/airflow/.local/lib/python3.12/site-packages/airflow/example_dags/example_dag_decorator.py
[2025-03-06T04:35:01.452+0000] {processor.py:925} INFO - DAG(s) 'example_dag_decorator' retrieved from /home/airflow/.local/lib/python3.12/site-packages/airflow/example_dags/example_dag_decorator.py
[2025-03-06T04:35:01.671+0000] {logging_mixin.py:190} INFO - [2025-03-06T04:35:01.671+0000] {dag.py:3239} INFO - Sync 1 DAGs
[2025-03-06T04:35:01.685+0000] {logging_mixin.py:190} INFO - [2025-03-06T04:35:01.685+0000] {dag.py:4180} INFO - Setting next_dagrun for example_dag_decorator to None, run_after=None
[2025-03-06T04:35:01.712+0000] {processor.py:208} INFO - Processing /home/airflow/.local/lib/python3.12/site-packages/airflow/example_dags/example_dag_decorator.py took 0.489 seconds
[2025-03-06T04:35:32.373+0000] {processor.py:186} INFO - Started process (PID=14544) to work on /home/airflow/.local/lib/python3.12/site-packages/airflow/example_dags/example_dag_decorator.py
[2025-03-06T04:35:32.375+0000] {processor.py:914} INFO - Processing file /home/airflow/.local/lib/python3.12/site-packages/airflow/example_dags/example_dag_decorator.py for tasks to queue
[2025-03-06T04:35:32.377+0000] {logging_mixin.py:190} INFO - [2025-03-06T04:35:32.377+0000] {dagbag.py:588} INFO - Filling up the DagBag from /home/airflow/.local/lib/python3.12/site-packages/airflow/example_dags/example_dag_decorator.py
[2025-03-06T04:35:32.459+0000] {processor.py:925} INFO - DAG(s) 'example_dag_decorator' retrieved from /home/airflow/.local/lib/python3.12/site-packages/airflow/example_dags/example_dag_decorator.py
[2025-03-06T04:35:32.550+0000] {logging_mixin.py:190} INFO - [2025-03-06T04:35:32.550+0000] {dag.py:3239} INFO - Sync 1 DAGs
[2025-03-06T04:35:32.562+0000] {logging_mixin.py:190} INFO - [2025-03-06T04:35:32.562+0000] {dag.py:4180} INFO - Setting next_dagrun for example_dag_decorator to None, run_after=None
[2025-03-06T04:35:32.581+0000] {processor.py:208} INFO - Processing /home/airflow/.local/lib/python3.12/site-packages/airflow/example_dags/example_dag_decorator.py took 0.214 seconds
[2025-03-06T04:36:03.704+0000] {processor.py:186} INFO - Started process (PID=14615) to work on /home/airflow/.local/lib/python3.12/site-packages/airflow/example_dags/example_dag_decorator.py
[2025-03-06T04:36:03.705+0000] {processor.py:914} INFO - Processing file /home/airflow/.local/lib/python3.12/site-packages/airflow/example_dags/example_dag_decorator.py for tasks to queue
[2025-03-06T04:36:03.708+0000] {logging_mixin.py:190} INFO - [2025-03-06T04:36:03.708+0000] {dagbag.py:588} INFO - Filling up the DagBag from /home/airflow/.local/lib/python3.12/site-packages/airflow/example_dags/example_dag_decorator.py
[2025-03-06T04:36:03.854+0000] {processor.py:925} INFO - DAG(s) 'example_dag_decorator' retrieved from /home/airflow/.local/lib/python3.12/site-packages/airflow/example_dags/example_dag_decorator.py
[2025-03-06T04:36:04.017+0000] {logging_mixin.py:190} INFO - [2025-03-06T04:36:04.017+0000] {dag.py:3239} INFO - Sync 1 DAGs
[2025-03-06T04:36:04.034+0000] {logging_mixin.py:190} INFO - [2025-03-06T04:36:04.033+0000] {dag.py:4180} INFO - Setting next_dagrun for example_dag_decorator to None, run_after=None
[2025-03-06T04:36:04.061+0000] {processor.py:208} INFO - Processing /home/airflow/.local/lib/python3.12/site-packages/airflow/example_dags/example_dag_decorator.py took 0.363 seconds
[2025-03-06T04:36:36.088+0000] {processor.py:186} INFO - Started process (PID=14690) to work on /home/airflow/.local/lib/python3.12/site-packages/airflow/example_dags/example_dag_decorator.py
[2025-03-06T04:36:36.090+0000] {processor.py:914} INFO - Processing file /home/airflow/.local/lib/python3.12/site-packages/airflow/example_dags/example_dag_decorator.py for tasks to queue
[2025-03-06T04:36:36.093+0000] {logging_mixin.py:190} INFO - [2025-03-06T04:36:36.092+0000] {dagbag.py:588} INFO - Filling up the DagBag from /home/airflow/.local/lib/python3.12/site-packages/airflow/example_dags/example_dag_decorator.py
[2025-03-06T04:36:36.213+0000] {processor.py:925} INFO - DAG(s) 'example_dag_decorator' retrieved from /home/airflow/.local/lib/python3.12/site-packages/airflow/example_dags/example_dag_decorator.py
[2025-03-06T04:36:36.333+0000] {logging_mixin.py:190} INFO - [2025-03-06T04:36:36.333+0000] {dag.py:3239} INFO - Sync 1 DAGs
[2025-03-06T04:36:36.346+0000] {logging_mixin.py:190} INFO - [2025-03-06T04:36:36.345+0000] {dag.py:4180} INFO - Setting next_dagrun for example_dag_decorator to None, run_after=None
[2025-03-06T04:36:36.367+0000] {processor.py:208} INFO - Processing /home/airflow/.local/lib/python3.12/site-packages/airflow/example_dags/example_dag_decorator.py took 0.284 seconds
[2025-03-06T04:37:07.188+0000] {processor.py:186} INFO - Started process (PID=14766) to work on /home/airflow/.local/lib/python3.12/site-packages/airflow/example_dags/example_dag_decorator.py
[2025-03-06T04:37:07.189+0000] {processor.py:914} INFO - Processing file /home/airflow/.local/lib/python3.12/site-packages/airflow/example_dags/example_dag_decorator.py for tasks to queue
[2025-03-06T04:37:07.191+0000] {logging_mixin.py:190} INFO - [2025-03-06T04:37:07.191+0000] {dagbag.py:588} INFO - Filling up the DagBag from /home/airflow/.local/lib/python3.12/site-packages/airflow/example_dags/example_dag_decorator.py
[2025-03-06T04:37:07.272+0000] {processor.py:925} INFO - DAG(s) 'example_dag_decorator' retrieved from /home/airflow/.local/lib/python3.12/site-packages/airflow/example_dags/example_dag_decorator.py
[2025-03-06T04:37:07.355+0000] {logging_mixin.py:190} INFO - [2025-03-06T04:37:07.354+0000] {dag.py:3239} INFO - Sync 1 DAGs
[2025-03-06T04:37:07.365+0000] {logging_mixin.py:190} INFO - [2025-03-06T04:37:07.365+0000] {dag.py:4180} INFO - Setting next_dagrun for example_dag_decorator to None, run_after=None
[2025-03-06T04:37:07.382+0000] {processor.py:208} INFO - Processing /home/airflow/.local/lib/python3.12/site-packages/airflow/example_dags/example_dag_decorator.py took 0.198 seconds
[2025-03-06T04:37:38.379+0000] {processor.py:186} INFO - Started process (PID=14841) to work on /home/airflow/.local/lib/python3.12/site-packages/airflow/example_dags/example_dag_decorator.py
[2025-03-06T04:37:38.380+0000] {processor.py:914} INFO - Processing file /home/airflow/.local/lib/python3.12/site-packages/airflow/example_dags/example_dag_decorator.py for tasks to queue
[2025-03-06T04:37:38.383+0000] {logging_mixin.py:190} INFO - [2025-03-06T04:37:38.383+0000] {dagbag.py:588} INFO - Filling up the DagBag from /home/airflow/.local/lib/python3.12/site-packages/airflow/example_dags/example_dag_decorator.py
[2025-03-06T04:37:38.465+0000] {processor.py:925} INFO - DAG(s) 'example_dag_decorator' retrieved from /home/airflow/.local/lib/python3.12/site-packages/airflow/example_dags/example_dag_decorator.py
[2025-03-06T04:37:38.546+0000] {logging_mixin.py:190} INFO - [2025-03-06T04:37:38.546+0000] {dag.py:3239} INFO - Sync 1 DAGs
[2025-03-06T04:37:38.556+0000] {logging_mixin.py:190} INFO - [2025-03-06T04:37:38.555+0000] {dag.py:4180} INFO - Setting next_dagrun for example_dag_decorator to None, run_after=None
[2025-03-06T04:37:38.572+0000] {processor.py:208} INFO - Processing /home/airflow/.local/lib/python3.12/site-packages/airflow/example_dags/example_dag_decorator.py took 0.197 seconds
[2025-03-06T04:38:09.111+0000] {processor.py:186} INFO - Started process (PID=14917) to work on /home/airflow/.local/lib/python3.12/site-packages/airflow/example_dags/example_dag_decorator.py
[2025-03-06T04:38:09.112+0000] {processor.py:914} INFO - Processing file /home/airflow/.local/lib/python3.12/site-packages/airflow/example_dags/example_dag_decorator.py for tasks to queue
[2025-03-06T04:38:09.114+0000] {logging_mixin.py:190} INFO - [2025-03-06T04:38:09.114+0000] {dagbag.py:588} INFO - Filling up the DagBag from /home/airflow/.local/lib/python3.12/site-packages/airflow/example_dags/example_dag_decorator.py
[2025-03-06T04:38:09.191+0000] {processor.py:925} INFO - DAG(s) 'example_dag_decorator' retrieved from /home/airflow/.local/lib/python3.12/site-packages/airflow/example_dags/example_dag_decorator.py
[2025-03-06T04:38:09.275+0000] {logging_mixin.py:190} INFO - [2025-03-06T04:38:09.274+0000] {dag.py:3239} INFO - Sync 1 DAGs
[2025-03-06T04:38:09.285+0000] {logging_mixin.py:190} INFO - [2025-03-06T04:38:09.284+0000] {dag.py:4180} INFO - Setting next_dagrun for example_dag_decorator to None, run_after=None
[2025-03-06T04:38:09.313+0000] {processor.py:208} INFO - Processing /home/airflow/.local/lib/python3.12/site-packages/airflow/example_dags/example_dag_decorator.py took 0.207 seconds
[2025-03-06T04:38:40.321+0000] {processor.py:186} INFO - Started process (PID=14991) to work on /home/airflow/.local/lib/python3.12/site-packages/airflow/example_dags/example_dag_decorator.py
[2025-03-06T04:38:40.322+0000] {processor.py:914} INFO - Processing file /home/airflow/.local/lib/python3.12/site-packages/airflow/example_dags/example_dag_decorator.py for tasks to queue
[2025-03-06T04:38:40.325+0000] {logging_mixin.py:190} INFO - [2025-03-06T04:38:40.324+0000] {dagbag.py:588} INFO - Filling up the DagBag from /home/airflow/.local/lib/python3.12/site-packages/airflow/example_dags/example_dag_decorator.py
[2025-03-06T04:38:40.431+0000] {processor.py:925} INFO - DAG(s) 'example_dag_decorator' retrieved from /home/airflow/.local/lib/python3.12/site-packages/airflow/example_dags/example_dag_decorator.py
[2025-03-06T04:38:40.526+0000] {logging_mixin.py:190} INFO - [2025-03-06T04:38:40.525+0000] {dag.py:3239} INFO - Sync 1 DAGs
[2025-03-06T04:38:40.536+0000] {logging_mixin.py:190} INFO - [2025-03-06T04:38:40.535+0000] {dag.py:4180} INFO - Setting next_dagrun for example_dag_decorator to None, run_after=None
[2025-03-06T04:38:40.553+0000] {processor.py:208} INFO - Processing /home/airflow/.local/lib/python3.12/site-packages/airflow/example_dags/example_dag_decorator.py took 0.238 seconds
[2025-03-06T04:39:12.791+0000] {processor.py:186} INFO - Started process (PID=15066) to work on /home/airflow/.local/lib/python3.12/site-packages/airflow/example_dags/example_dag_decorator.py
[2025-03-06T04:39:12.792+0000] {processor.py:914} INFO - Processing file /home/airflow/.local/lib/python3.12/site-packages/airflow/example_dags/example_dag_decorator.py for tasks to queue
[2025-03-06T04:39:12.795+0000] {logging_mixin.py:190} INFO - [2025-03-06T04:39:12.794+0000] {dagbag.py:588} INFO - Filling up the DagBag from /home/airflow/.local/lib/python3.12/site-packages/airflow/example_dags/example_dag_decorator.py
[2025-03-06T04:39:12.897+0000] {processor.py:925} INFO - DAG(s) 'example_dag_decorator' retrieved from /home/airflow/.local/lib/python3.12/site-packages/airflow/example_dags/example_dag_decorator.py
[2025-03-06T04:39:12.999+0000] {logging_mixin.py:190} INFO - [2025-03-06T04:39:12.999+0000] {dag.py:3239} INFO - Sync 1 DAGs
[2025-03-06T04:39:13.010+0000] {logging_mixin.py:190} INFO - [2025-03-06T04:39:13.010+0000] {dag.py:4180} INFO - Setting next_dagrun for example_dag_decorator to None, run_after=None
[2025-03-06T04:39:13.030+0000] {processor.py:208} INFO - Processing /home/airflow/.local/lib/python3.12/site-packages/airflow/example_dags/example_dag_decorator.py took 0.244 seconds
[2025-03-06T04:39:44.043+0000] {processor.py:186} INFO - Started process (PID=15148) to work on /home/airflow/.local/lib/python3.12/site-packages/airflow/example_dags/example_dag_decorator.py
[2025-03-06T04:39:44.044+0000] {processor.py:914} INFO - Processing file /home/airflow/.local/lib/python3.12/site-packages/airflow/example_dags/example_dag_decorator.py for tasks to queue
[2025-03-06T04:39:44.047+0000] {logging_mixin.py:190} INFO - [2025-03-06T04:39:44.046+0000] {dagbag.py:588} INFO - Filling up the DagBag from /home/airflow/.local/lib/python3.12/site-packages/airflow/example_dags/example_dag_decorator.py
[2025-03-06T04:39:44.125+0000] {processor.py:925} INFO - DAG(s) 'example_dag_decorator' retrieved from /home/airflow/.local/lib/python3.12/site-packages/airflow/example_dags/example_dag_decorator.py
[2025-03-06T04:39:44.213+0000] {logging_mixin.py:190} INFO - [2025-03-06T04:39:44.212+0000] {dag.py:3239} INFO - Sync 1 DAGs
[2025-03-06T04:39:44.223+0000] {logging_mixin.py:190} INFO - [2025-03-06T04:39:44.223+0000] {dag.py:4180} INFO - Setting next_dagrun for example_dag_decorator to None, run_after=None
[2025-03-06T04:39:44.239+0000] {processor.py:208} INFO - Processing /home/airflow/.local/lib/python3.12/site-packages/airflow/example_dags/example_dag_decorator.py took 0.201 seconds
[2025-03-06T04:40:15.183+0000] {processor.py:186} INFO - Started process (PID=15223) to work on /home/airflow/.local/lib/python3.12/site-packages/airflow/example_dags/example_dag_decorator.py
[2025-03-06T04:40:15.184+0000] {processor.py:914} INFO - Processing file /home/airflow/.local/lib/python3.12/site-packages/airflow/example_dags/example_dag_decorator.py for tasks to queue
[2025-03-06T04:40:15.186+0000] {logging_mixin.py:190} INFO - [2025-03-06T04:40:15.186+0000] {dagbag.py:588} INFO - Filling up the DagBag from /home/airflow/.local/lib/python3.12/site-packages/airflow/example_dags/example_dag_decorator.py
[2025-03-06T04:40:15.261+0000] {processor.py:925} INFO - DAG(s) 'example_dag_decorator' retrieved from /home/airflow/.local/lib/python3.12/site-packages/airflow/example_dags/example_dag_decorator.py
[2025-03-06T04:40:15.345+0000] {logging_mixin.py:190} INFO - [2025-03-06T04:40:15.345+0000] {dag.py:3239} INFO - Sync 1 DAGs
[2025-03-06T04:40:15.355+0000] {logging_mixin.py:190} INFO - [2025-03-06T04:40:15.355+0000] {dag.py:4180} INFO - Setting next_dagrun for example_dag_decorator to None, run_after=None
[2025-03-06T04:40:15.373+0000] {processor.py:208} INFO - Processing /home/airflow/.local/lib/python3.12/site-packages/airflow/example_dags/example_dag_decorator.py took 0.195 seconds
[2025-03-06T04:40:46.080+0000] {processor.py:186} INFO - Started process (PID=15298) to work on /home/airflow/.local/lib/python3.12/site-packages/airflow/example_dags/example_dag_decorator.py
[2025-03-06T04:40:46.082+0000] {processor.py:914} INFO - Processing file /home/airflow/.local/lib/python3.12/site-packages/airflow/example_dags/example_dag_decorator.py for tasks to queue
[2025-03-06T04:40:46.084+0000] {logging_mixin.py:190} INFO - [2025-03-06T04:40:46.083+0000] {dagbag.py:588} INFO - Filling up the DagBag from /home/airflow/.local/lib/python3.12/site-packages/airflow/example_dags/example_dag_decorator.py
[2025-03-06T04:40:46.163+0000] {processor.py:925} INFO - DAG(s) 'example_dag_decorator' retrieved from /home/airflow/.local/lib/python3.12/site-packages/airflow/example_dags/example_dag_decorator.py
[2025-03-06T04:40:46.252+0000] {logging_mixin.py:190} INFO - [2025-03-06T04:40:46.252+0000] {dag.py:3239} INFO - Sync 1 DAGs
[2025-03-06T04:40:46.263+0000] {logging_mixin.py:190} INFO - [2025-03-06T04:40:46.263+0000] {dag.py:4180} INFO - Setting next_dagrun for example_dag_decorator to None, run_after=None
[2025-03-06T04:40:46.280+0000] {processor.py:208} INFO - Processing /home/airflow/.local/lib/python3.12/site-packages/airflow/example_dags/example_dag_decorator.py took 0.205 seconds
[2025-03-06T04:41:17.315+0000] {processor.py:186} INFO - Started process (PID=15373) to work on /home/airflow/.local/lib/python3.12/site-packages/airflow/example_dags/example_dag_decorator.py
[2025-03-06T04:41:17.316+0000] {processor.py:914} INFO - Processing file /home/airflow/.local/lib/python3.12/site-packages/airflow/example_dags/example_dag_decorator.py for tasks to queue
[2025-03-06T04:41:17.318+0000] {logging_mixin.py:190} INFO - [2025-03-06T04:41:17.317+0000] {dagbag.py:588} INFO - Filling up the DagBag from /home/airflow/.local/lib/python3.12/site-packages/airflow/example_dags/example_dag_decorator.py
[2025-03-06T04:41:17.398+0000] {processor.py:925} INFO - DAG(s) 'example_dag_decorator' retrieved from /home/airflow/.local/lib/python3.12/site-packages/airflow/example_dags/example_dag_decorator.py
[2025-03-06T04:41:17.485+0000] {logging_mixin.py:190} INFO - [2025-03-06T04:41:17.485+0000] {dag.py:3239} INFO - Sync 1 DAGs
[2025-03-06T04:41:17.494+0000] {logging_mixin.py:190} INFO - [2025-03-06T04:41:17.494+0000] {dag.py:4180} INFO - Setting next_dagrun for example_dag_decorator to None, run_after=None
[2025-03-06T04:41:17.515+0000] {processor.py:208} INFO - Processing /home/airflow/.local/lib/python3.12/site-packages/airflow/example_dags/example_dag_decorator.py took 0.205 seconds
[2025-03-06T04:41:48.531+0000] {processor.py:186} INFO - Started process (PID=15448) to work on /home/airflow/.local/lib/python3.12/site-packages/airflow/example_dags/example_dag_decorator.py
[2025-03-06T04:41:48.532+0000] {processor.py:914} INFO - Processing file /home/airflow/.local/lib/python3.12/site-packages/airflow/example_dags/example_dag_decorator.py for tasks to queue
[2025-03-06T04:41:48.534+0000] {logging_mixin.py:190} INFO - [2025-03-06T04:41:48.534+0000] {dagbag.py:588} INFO - Filling up the DagBag from /home/airflow/.local/lib/python3.12/site-packages/airflow/example_dags/example_dag_decorator.py
[2025-03-06T04:41:48.619+0000] {processor.py:925} INFO - DAG(s) 'example_dag_decorator' retrieved from /home/airflow/.local/lib/python3.12/site-packages/airflow/example_dags/example_dag_decorator.py
[2025-03-06T04:41:48.708+0000] {logging_mixin.py:190} INFO - [2025-03-06T04:41:48.707+0000] {dag.py:3239} INFO - Sync 1 DAGs
[2025-03-06T04:41:48.718+0000] {logging_mixin.py:190} INFO - [2025-03-06T04:41:48.717+0000] {dag.py:4180} INFO - Setting next_dagrun for example_dag_decorator to None, run_after=None
[2025-03-06T04:41:48.737+0000] {processor.py:208} INFO - Processing /home/airflow/.local/lib/python3.12/site-packages/airflow/example_dags/example_dag_decorator.py took 0.210 seconds
[2025-03-06T04:42:19.886+0000] {processor.py:186} INFO - Started process (PID=15523) to work on /home/airflow/.local/lib/python3.12/site-packages/airflow/example_dags/example_dag_decorator.py
[2025-03-06T04:42:19.887+0000] {processor.py:914} INFO - Processing file /home/airflow/.local/lib/python3.12/site-packages/airflow/example_dags/example_dag_decorator.py for tasks to queue
[2025-03-06T04:42:19.890+0000] {logging_mixin.py:190} INFO - [2025-03-06T04:42:19.889+0000] {dagbag.py:588} INFO - Filling up the DagBag from /home/airflow/.local/lib/python3.12/site-packages/airflow/example_dags/example_dag_decorator.py
[2025-03-06T04:42:19.970+0000] {processor.py:925} INFO - DAG(s) 'example_dag_decorator' retrieved from /home/airflow/.local/lib/python3.12/site-packages/airflow/example_dags/example_dag_decorator.py
[2025-03-06T04:42:20.065+0000] {logging_mixin.py:190} INFO - [2025-03-06T04:42:20.065+0000] {dag.py:3239} INFO - Sync 1 DAGs
[2025-03-06T04:42:20.077+0000] {logging_mixin.py:190} INFO - [2025-03-06T04:42:20.077+0000] {dag.py:4180} INFO - Setting next_dagrun for example_dag_decorator to None, run_after=None
[2025-03-06T04:42:20.094+0000] {processor.py:208} INFO - Processing /home/airflow/.local/lib/python3.12/site-packages/airflow/example_dags/example_dag_decorator.py took 0.213 seconds
[2025-03-06T11:01:17.307+0000] {processor.py:186} INFO - Started process (PID=155) to work on /home/airflow/.local/lib/python3.12/site-packages/airflow/example_dags/example_dag_decorator.py
[2025-03-06T11:01:17.311+0000] {processor.py:914} INFO - Processing file /home/airflow/.local/lib/python3.12/site-packages/airflow/example_dags/example_dag_decorator.py for tasks to queue
[2025-03-06T11:01:17.321+0000] {logging_mixin.py:190} INFO - [2025-03-06T11:01:17.320+0000] {dagbag.py:588} INFO - Filling up the DagBag from /home/airflow/.local/lib/python3.12/site-packages/airflow/example_dags/example_dag_decorator.py
[2025-03-06T11:01:18.048+0000] {processor.py:925} INFO - DAG(s) 'example_dag_decorator' retrieved from /home/airflow/.local/lib/python3.12/site-packages/airflow/example_dags/example_dag_decorator.py
[2025-03-06T11:01:18.257+0000] {logging_mixin.py:190} INFO - [2025-03-06T11:01:18.257+0000] {dag.py:3239} INFO - Sync 1 DAGs
[2025-03-06T11:01:18.282+0000] {logging_mixin.py:190} INFO - [2025-03-06T11:01:18.281+0000] {dag.py:4180} INFO - Setting next_dagrun for example_dag_decorator to None, run_after=None
[2025-03-06T11:01:18.333+0000] {processor.py:208} INFO - Processing /home/airflow/.local/lib/python3.12/site-packages/airflow/example_dags/example_dag_decorator.py took 1.040 seconds
[2025-03-06T11:01:48.635+0000] {processor.py:186} INFO - Started process (PID=232) to work on /home/airflow/.local/lib/python3.12/site-packages/airflow/example_dags/example_dag_decorator.py
[2025-03-06T11:01:48.637+0000] {processor.py:914} INFO - Processing file /home/airflow/.local/lib/python3.12/site-packages/airflow/example_dags/example_dag_decorator.py for tasks to queue
[2025-03-06T11:01:48.640+0000] {logging_mixin.py:190} INFO - [2025-03-06T11:01:48.639+0000] {dagbag.py:588} INFO - Filling up the DagBag from /home/airflow/.local/lib/python3.12/site-packages/airflow/example_dags/example_dag_decorator.py
[2025-03-06T11:01:48.793+0000] {processor.py:925} INFO - DAG(s) 'example_dag_decorator' retrieved from /home/airflow/.local/lib/python3.12/site-packages/airflow/example_dags/example_dag_decorator.py
[2025-03-06T11:01:48.967+0000] {logging_mixin.py:190} INFO - [2025-03-06T11:01:48.967+0000] {dag.py:3239} INFO - Sync 1 DAGs
[2025-03-06T11:01:48.977+0000] {logging_mixin.py:190} INFO - [2025-03-06T11:01:48.977+0000] {dag.py:4180} INFO - Setting next_dagrun for example_dag_decorator to None, run_after=None
[2025-03-06T11:01:48.996+0000] {processor.py:208} INFO - Processing /home/airflow/.local/lib/python3.12/site-packages/airflow/example_dags/example_dag_decorator.py took 0.366 seconds
[2025-03-06T11:02:19.689+0000] {processor.py:186} INFO - Started process (PID=308) to work on /home/airflow/.local/lib/python3.12/site-packages/airflow/example_dags/example_dag_decorator.py
[2025-03-06T11:02:19.690+0000] {processor.py:914} INFO - Processing file /home/airflow/.local/lib/python3.12/site-packages/airflow/example_dags/example_dag_decorator.py for tasks to queue
[2025-03-06T11:02:19.694+0000] {logging_mixin.py:190} INFO - [2025-03-06T11:02:19.693+0000] {dagbag.py:588} INFO - Filling up the DagBag from /home/airflow/.local/lib/python3.12/site-packages/airflow/example_dags/example_dag_decorator.py
[2025-03-06T11:02:19.869+0000] {processor.py:925} INFO - DAG(s) 'example_dag_decorator' retrieved from /home/airflow/.local/lib/python3.12/site-packages/airflow/example_dags/example_dag_decorator.py
[2025-03-06T11:02:20.058+0000] {logging_mixin.py:190} INFO - [2025-03-06T11:02:20.058+0000] {dag.py:3239} INFO - Sync 1 DAGs
[2025-03-06T11:02:20.073+0000] {logging_mixin.py:190} INFO - [2025-03-06T11:02:20.072+0000] {dag.py:4180} INFO - Setting next_dagrun for example_dag_decorator to None, run_after=None
[2025-03-06T11:02:20.096+0000] {processor.py:208} INFO - Processing /home/airflow/.local/lib/python3.12/site-packages/airflow/example_dags/example_dag_decorator.py took 0.412 seconds
[2025-03-06T11:02:51.381+0000] {processor.py:186} INFO - Started process (PID=384) to work on /home/airflow/.local/lib/python3.12/site-packages/airflow/example_dags/example_dag_decorator.py
[2025-03-06T11:02:51.383+0000] {processor.py:914} INFO - Processing file /home/airflow/.local/lib/python3.12/site-packages/airflow/example_dags/example_dag_decorator.py for tasks to queue
[2025-03-06T11:02:51.386+0000] {logging_mixin.py:190} INFO - [2025-03-06T11:02:51.386+0000] {dagbag.py:588} INFO - Filling up the DagBag from /home/airflow/.local/lib/python3.12/site-packages/airflow/example_dags/example_dag_decorator.py
[2025-03-06T11:02:51.626+0000] {processor.py:925} INFO - DAG(s) 'example_dag_decorator' retrieved from /home/airflow/.local/lib/python3.12/site-packages/airflow/example_dags/example_dag_decorator.py
[2025-03-06T11:02:51.890+0000] {logging_mixin.py:190} INFO - [2025-03-06T11:02:51.889+0000] {dag.py:3239} INFO - Sync 1 DAGs
[2025-03-06T11:02:51.909+0000] {logging_mixin.py:190} INFO - [2025-03-06T11:02:51.909+0000] {dag.py:4180} INFO - Setting next_dagrun for example_dag_decorator to None, run_after=None
[2025-03-06T11:02:51.941+0000] {processor.py:208} INFO - Processing /home/airflow/.local/lib/python3.12/site-packages/airflow/example_dags/example_dag_decorator.py took 0.569 seconds
[2025-03-06T11:03:22.068+0000] {processor.py:186} INFO - Started process (PID=465) to work on /home/airflow/.local/lib/python3.12/site-packages/airflow/example_dags/example_dag_decorator.py
[2025-03-06T11:03:22.069+0000] {processor.py:914} INFO - Processing file /home/airflow/.local/lib/python3.12/site-packages/airflow/example_dags/example_dag_decorator.py for tasks to queue
[2025-03-06T11:03:22.071+0000] {logging_mixin.py:190} INFO - [2025-03-06T11:03:22.071+0000] {dagbag.py:588} INFO - Filling up the DagBag from /home/airflow/.local/lib/python3.12/site-packages/airflow/example_dags/example_dag_decorator.py
[2025-03-06T11:03:22.184+0000] {processor.py:925} INFO - DAG(s) 'example_dag_decorator' retrieved from /home/airflow/.local/lib/python3.12/site-packages/airflow/example_dags/example_dag_decorator.py
[2025-03-06T11:03:22.311+0000] {logging_mixin.py:190} INFO - [2025-03-06T11:03:22.311+0000] {dag.py:3239} INFO - Sync 1 DAGs
[2025-03-06T11:03:22.321+0000] {logging_mixin.py:190} INFO - [2025-03-06T11:03:22.321+0000] {dag.py:4180} INFO - Setting next_dagrun for example_dag_decorator to None, run_after=None
[2025-03-06T11:03:22.336+0000] {processor.py:208} INFO - Processing /home/airflow/.local/lib/python3.12/site-packages/airflow/example_dags/example_dag_decorator.py took 0.272 seconds
[2025-03-06T11:03:52.432+0000] {processor.py:186} INFO - Started process (PID=540) to work on /home/airflow/.local/lib/python3.12/site-packages/airflow/example_dags/example_dag_decorator.py
[2025-03-06T11:03:52.434+0000] {processor.py:914} INFO - Processing file /home/airflow/.local/lib/python3.12/site-packages/airflow/example_dags/example_dag_decorator.py for tasks to queue
[2025-03-06T11:03:52.436+0000] {logging_mixin.py:190} INFO - [2025-03-06T11:03:52.436+0000] {dagbag.py:588} INFO - Filling up the DagBag from /home/airflow/.local/lib/python3.12/site-packages/airflow/example_dags/example_dag_decorator.py
[2025-03-06T11:03:52.578+0000] {processor.py:925} INFO - DAG(s) 'example_dag_decorator' retrieved from /home/airflow/.local/lib/python3.12/site-packages/airflow/example_dags/example_dag_decorator.py
[2025-03-06T11:03:52.711+0000] {logging_mixin.py:190} INFO - [2025-03-06T11:03:52.711+0000] {dag.py:3239} INFO - Sync 1 DAGs
[2025-03-06T11:03:52.722+0000] {logging_mixin.py:190} INFO - [2025-03-06T11:03:52.721+0000] {dag.py:4180} INFO - Setting next_dagrun for example_dag_decorator to None, run_after=None
[2025-03-06T11:03:52.738+0000] {processor.py:208} INFO - Processing /home/airflow/.local/lib/python3.12/site-packages/airflow/example_dags/example_dag_decorator.py took 0.311 seconds
[2025-03-06T11:04:23.274+0000] {processor.py:186} INFO - Started process (PID=616) to work on /home/airflow/.local/lib/python3.12/site-packages/airflow/example_dags/example_dag_decorator.py
[2025-03-06T11:04:23.276+0000] {processor.py:914} INFO - Processing file /home/airflow/.local/lib/python3.12/site-packages/airflow/example_dags/example_dag_decorator.py for tasks to queue
[2025-03-06T11:04:23.279+0000] {logging_mixin.py:190} INFO - [2025-03-06T11:04:23.278+0000] {dagbag.py:588} INFO - Filling up the DagBag from /home/airflow/.local/lib/python3.12/site-packages/airflow/example_dags/example_dag_decorator.py
[2025-03-06T11:04:23.445+0000] {processor.py:925} INFO - DAG(s) 'example_dag_decorator' retrieved from /home/airflow/.local/lib/python3.12/site-packages/airflow/example_dags/example_dag_decorator.py
[2025-03-06T11:04:23.575+0000] {logging_mixin.py:190} INFO - [2025-03-06T11:04:23.575+0000] {dag.py:3239} INFO - Sync 1 DAGs
[2025-03-06T11:04:23.584+0000] {logging_mixin.py:190} INFO - [2025-03-06T11:04:23.584+0000] {dag.py:4180} INFO - Setting next_dagrun for example_dag_decorator to None, run_after=None
[2025-03-06T11:04:23.601+0000] {processor.py:208} INFO - Processing /home/airflow/.local/lib/python3.12/site-packages/airflow/example_dags/example_dag_decorator.py took 0.332 seconds
[2025-03-06T11:04:54.000+0000] {processor.py:186} INFO - Started process (PID=681) to work on /home/airflow/.local/lib/python3.12/site-packages/airflow/example_dags/example_dag_decorator.py
[2025-03-06T11:04:54.002+0000] {processor.py:914} INFO - Processing file /home/airflow/.local/lib/python3.12/site-packages/airflow/example_dags/example_dag_decorator.py for tasks to queue
[2025-03-06T11:04:54.006+0000] {logging_mixin.py:190} INFO - [2025-03-06T11:04:54.005+0000] {dagbag.py:588} INFO - Filling up the DagBag from /home/airflow/.local/lib/python3.12/site-packages/airflow/example_dags/example_dag_decorator.py
[2025-03-06T11:04:54.267+0000] {processor.py:925} INFO - DAG(s) 'example_dag_decorator' retrieved from /home/airflow/.local/lib/python3.12/site-packages/airflow/example_dags/example_dag_decorator.py
[2025-03-06T11:04:54.298+0000] {logging_mixin.py:190} INFO - [2025-03-06T11:04:54.298+0000] {dag.py:3239} INFO - Sync 1 DAGs
[2025-03-06T11:04:54.318+0000] {logging_mixin.py:190} INFO - [2025-03-06T11:04:54.318+0000] {dag.py:4180} INFO - Setting next_dagrun for example_dag_decorator to None, run_after=None
[2025-03-06T11:04:54.347+0000] {processor.py:208} INFO - Processing /home/airflow/.local/lib/python3.12/site-packages/airflow/example_dags/example_dag_decorator.py took 0.353 seconds
[2025-03-06T11:05:25.294+0000] {processor.py:186} INFO - Started process (PID=780) to work on /home/airflow/.local/lib/python3.12/site-packages/airflow/example_dags/example_dag_decorator.py
[2025-03-06T11:05:25.297+0000] {processor.py:914} INFO - Processing file /home/airflow/.local/lib/python3.12/site-packages/airflow/example_dags/example_dag_decorator.py for tasks to queue
[2025-03-06T11:05:25.301+0000] {logging_mixin.py:190} INFO - [2025-03-06T11:05:25.300+0000] {dagbag.py:588} INFO - Filling up the DagBag from /home/airflow/.local/lib/python3.12/site-packages/airflow/example_dags/example_dag_decorator.py
[2025-03-06T11:05:25.503+0000] {processor.py:925} INFO - DAG(s) 'example_dag_decorator' retrieved from /home/airflow/.local/lib/python3.12/site-packages/airflow/example_dags/example_dag_decorator.py
[2025-03-06T11:05:25.711+0000] {logging_mixin.py:190} INFO - [2025-03-06T11:05:25.710+0000] {dag.py:3239} INFO - Sync 1 DAGs
[2025-03-06T11:05:25.725+0000] {logging_mixin.py:190} INFO - [2025-03-06T11:05:25.724+0000] {dag.py:4180} INFO - Setting next_dagrun for example_dag_decorator to None, run_after=None
[2025-03-06T11:05:25.748+0000] {processor.py:208} INFO - Processing /home/airflow/.local/lib/python3.12/site-packages/airflow/example_dags/example_dag_decorator.py took 0.465 seconds
[2025-03-06T11:05:57.133+0000] {processor.py:186} INFO - Started process (PID=867) to work on /home/airflow/.local/lib/python3.12/site-packages/airflow/example_dags/example_dag_decorator.py
[2025-03-06T11:05:57.135+0000] {processor.py:914} INFO - Processing file /home/airflow/.local/lib/python3.12/site-packages/airflow/example_dags/example_dag_decorator.py for tasks to queue
[2025-03-06T11:05:57.142+0000] {logging_mixin.py:190} INFO - [2025-03-06T11:05:57.141+0000] {dagbag.py:588} INFO - Filling up the DagBag from /home/airflow/.local/lib/python3.12/site-packages/airflow/example_dags/example_dag_decorator.py
[2025-03-06T11:05:57.503+0000] {processor.py:925} INFO - DAG(s) 'example_dag_decorator' retrieved from /home/airflow/.local/lib/python3.12/site-packages/airflow/example_dags/example_dag_decorator.py
[2025-03-06T11:05:57.888+0000] {logging_mixin.py:190} INFO - [2025-03-06T11:05:57.887+0000] {dag.py:3239} INFO - Sync 1 DAGs
[2025-03-06T11:05:57.917+0000] {logging_mixin.py:190} INFO - [2025-03-06T11:05:57.916+0000] {dag.py:4180} INFO - Setting next_dagrun for example_dag_decorator to None, run_after=None
[2025-03-06T11:05:57.960+0000] {processor.py:208} INFO - Processing /home/airflow/.local/lib/python3.12/site-packages/airflow/example_dags/example_dag_decorator.py took 0.840 seconds
[2025-03-06T11:07:45.078+0000] {processor.py:186} INFO - Started process (PID=970) to work on /home/airflow/.local/lib/python3.12/site-packages/airflow/example_dags/example_dag_decorator.py
[2025-03-06T11:07:45.081+0000] {processor.py:914} INFO - Processing file /home/airflow/.local/lib/python3.12/site-packages/airflow/example_dags/example_dag_decorator.py for tasks to queue
[2025-03-06T11:07:45.083+0000] {logging_mixin.py:190} INFO - [2025-03-06T11:07:45.082+0000] {dagbag.py:588} INFO - Filling up the DagBag from /home/airflow/.local/lib/python3.12/site-packages/airflow/example_dags/example_dag_decorator.py
[2025-03-06T11:07:45.389+0000] {processor.py:925} INFO - DAG(s) 'example_dag_decorator' retrieved from /home/airflow/.local/lib/python3.12/site-packages/airflow/example_dags/example_dag_decorator.py
[2025-03-06T11:07:45.766+0000] {logging_mixin.py:190} INFO - [2025-03-06T11:07:45.765+0000] {dag.py:3239} INFO - Sync 1 DAGs
[2025-03-06T11:07:45.803+0000] {logging_mixin.py:190} INFO - [2025-03-06T11:07:45.802+0000] {dag.py:4180} INFO - Setting next_dagrun for example_dag_decorator to None, run_after=None
[2025-03-06T11:07:45.845+0000] {processor.py:208} INFO - Processing /home/airflow/.local/lib/python3.12/site-packages/airflow/example_dags/example_dag_decorator.py took 0.776 seconds
[2025-03-06T11:08:16.139+0000] {processor.py:186} INFO - Started process (PID=1046) to work on /home/airflow/.local/lib/python3.12/site-packages/airflow/example_dags/example_dag_decorator.py
[2025-03-06T11:08:16.141+0000] {processor.py:914} INFO - Processing file /home/airflow/.local/lib/python3.12/site-packages/airflow/example_dags/example_dag_decorator.py for tasks to queue
[2025-03-06T11:08:16.143+0000] {logging_mixin.py:190} INFO - [2025-03-06T11:08:16.142+0000] {dagbag.py:588} INFO - Filling up the DagBag from /home/airflow/.local/lib/python3.12/site-packages/airflow/example_dags/example_dag_decorator.py
[2025-03-06T11:08:16.417+0000] {processor.py:925} INFO - DAG(s) 'example_dag_decorator' retrieved from /home/airflow/.local/lib/python3.12/site-packages/airflow/example_dags/example_dag_decorator.py
[2025-03-06T11:08:16.704+0000] {logging_mixin.py:190} INFO - [2025-03-06T11:08:16.703+0000] {dag.py:3239} INFO - Sync 1 DAGs
[2025-03-06T11:08:16.725+0000] {logging_mixin.py:190} INFO - [2025-03-06T11:08:16.725+0000] {dag.py:4180} INFO - Setting next_dagrun for example_dag_decorator to None, run_after=None
[2025-03-06T11:08:16.755+0000] {processor.py:208} INFO - Processing /home/airflow/.local/lib/python3.12/site-packages/airflow/example_dags/example_dag_decorator.py took 0.623 seconds
[2025-03-06T11:08:47.218+0000] {processor.py:186} INFO - Started process (PID=1125) to work on /home/airflow/.local/lib/python3.12/site-packages/airflow/example_dags/example_dag_decorator.py
[2025-03-06T11:08:47.219+0000] {processor.py:914} INFO - Processing file /home/airflow/.local/lib/python3.12/site-packages/airflow/example_dags/example_dag_decorator.py for tasks to queue
[2025-03-06T11:08:47.221+0000] {logging_mixin.py:190} INFO - [2025-03-06T11:08:47.220+0000] {dagbag.py:588} INFO - Filling up the DagBag from /home/airflow/.local/lib/python3.12/site-packages/airflow/example_dags/example_dag_decorator.py
[2025-03-06T11:08:47.364+0000] {processor.py:925} INFO - DAG(s) 'example_dag_decorator' retrieved from /home/airflow/.local/lib/python3.12/site-packages/airflow/example_dags/example_dag_decorator.py
[2025-03-06T11:08:47.529+0000] {logging_mixin.py:190} INFO - [2025-03-06T11:08:47.528+0000] {dag.py:3239} INFO - Sync 1 DAGs
[2025-03-06T11:08:47.539+0000] {logging_mixin.py:190} INFO - [2025-03-06T11:08:47.539+0000] {dag.py:4180} INFO - Setting next_dagrun for example_dag_decorator to None, run_after=None
[2025-03-06T11:08:47.558+0000] {processor.py:208} INFO - Processing /home/airflow/.local/lib/python3.12/site-packages/airflow/example_dags/example_dag_decorator.py took 0.345 seconds
[2025-03-06T11:09:18.417+0000] {processor.py:186} INFO - Started process (PID=1202) to work on /home/airflow/.local/lib/python3.12/site-packages/airflow/example_dags/example_dag_decorator.py
[2025-03-06T11:09:18.419+0000] {processor.py:914} INFO - Processing file /home/airflow/.local/lib/python3.12/site-packages/airflow/example_dags/example_dag_decorator.py for tasks to queue
[2025-03-06T11:09:18.421+0000] {logging_mixin.py:190} INFO - [2025-03-06T11:09:18.421+0000] {dagbag.py:588} INFO - Filling up the DagBag from /home/airflow/.local/lib/python3.12/site-packages/airflow/example_dags/example_dag_decorator.py
[2025-03-06T11:09:18.662+0000] {processor.py:925} INFO - DAG(s) 'example_dag_decorator' retrieved from /home/airflow/.local/lib/python3.12/site-packages/airflow/example_dags/example_dag_decorator.py
[2025-03-06T11:09:18.871+0000] {logging_mixin.py:190} INFO - [2025-03-06T11:09:18.871+0000] {dag.py:3239} INFO - Sync 1 DAGs
[2025-03-06T11:09:18.889+0000] {logging_mixin.py:190} INFO - [2025-03-06T11:09:18.889+0000] {dag.py:4180} INFO - Setting next_dagrun for example_dag_decorator to None, run_after=None
[2025-03-06T11:09:18.919+0000] {processor.py:208} INFO - Processing /home/airflow/.local/lib/python3.12/site-packages/airflow/example_dags/example_dag_decorator.py took 0.509 seconds
[2025-03-06T11:09:49.217+0000] {processor.py:186} INFO - Started process (PID=1276) to work on /home/airflow/.local/lib/python3.12/site-packages/airflow/example_dags/example_dag_decorator.py
[2025-03-06T11:09:49.218+0000] {processor.py:914} INFO - Processing file /home/airflow/.local/lib/python3.12/site-packages/airflow/example_dags/example_dag_decorator.py for tasks to queue
[2025-03-06T11:09:49.220+0000] {logging_mixin.py:190} INFO - [2025-03-06T11:09:49.219+0000] {dagbag.py:588} INFO - Filling up the DagBag from /home/airflow/.local/lib/python3.12/site-packages/airflow/example_dags/example_dag_decorator.py
[2025-03-06T11:09:49.360+0000] {processor.py:925} INFO - DAG(s) 'example_dag_decorator' retrieved from /home/airflow/.local/lib/python3.12/site-packages/airflow/example_dags/example_dag_decorator.py
[2025-03-06T11:09:49.518+0000] {logging_mixin.py:190} INFO - [2025-03-06T11:09:49.518+0000] {dag.py:3239} INFO - Sync 1 DAGs
[2025-03-06T11:09:49.534+0000] {logging_mixin.py:190} INFO - [2025-03-06T11:09:49.533+0000] {dag.py:4180} INFO - Setting next_dagrun for example_dag_decorator to None, run_after=None
[2025-03-06T11:09:49.557+0000] {processor.py:208} INFO - Processing /home/airflow/.local/lib/python3.12/site-packages/airflow/example_dags/example_dag_decorator.py took 0.346 seconds
[2025-03-06T11:10:20.239+0000] {processor.py:186} INFO - Started process (PID=1353) to work on /home/airflow/.local/lib/python3.12/site-packages/airflow/example_dags/example_dag_decorator.py
[2025-03-06T11:10:20.240+0000] {processor.py:914} INFO - Processing file /home/airflow/.local/lib/python3.12/site-packages/airflow/example_dags/example_dag_decorator.py for tasks to queue
[2025-03-06T11:10:20.242+0000] {logging_mixin.py:190} INFO - [2025-03-06T11:10:20.241+0000] {dagbag.py:588} INFO - Filling up the DagBag from /home/airflow/.local/lib/python3.12/site-packages/airflow/example_dags/example_dag_decorator.py
[2025-03-06T11:10:20.409+0000] {processor.py:925} INFO - DAG(s) 'example_dag_decorator' retrieved from /home/airflow/.local/lib/python3.12/site-packages/airflow/example_dags/example_dag_decorator.py
[2025-03-06T11:10:20.553+0000] {logging_mixin.py:190} INFO - [2025-03-06T11:10:20.553+0000] {dag.py:3239} INFO - Sync 1 DAGs
[2025-03-06T11:10:20.564+0000] {logging_mixin.py:190} INFO - [2025-03-06T11:10:20.564+0000] {dag.py:4180} INFO - Setting next_dagrun for example_dag_decorator to None, run_after=None
[2025-03-06T11:10:20.583+0000] {processor.py:208} INFO - Processing /home/airflow/.local/lib/python3.12/site-packages/airflow/example_dags/example_dag_decorator.py took 0.348 seconds
[2025-03-06T11:10:51.422+0000] {processor.py:186} INFO - Started process (PID=1429) to work on /home/airflow/.local/lib/python3.12/site-packages/airflow/example_dags/example_dag_decorator.py
[2025-03-06T11:10:51.423+0000] {processor.py:914} INFO - Processing file /home/airflow/.local/lib/python3.12/site-packages/airflow/example_dags/example_dag_decorator.py for tasks to queue
[2025-03-06T11:10:51.424+0000] {logging_mixin.py:190} INFO - [2025-03-06T11:10:51.424+0000] {dagbag.py:588} INFO - Filling up the DagBag from /home/airflow/.local/lib/python3.12/site-packages/airflow/example_dags/example_dag_decorator.py
[2025-03-06T11:10:51.604+0000] {processor.py:925} INFO - DAG(s) 'example_dag_decorator' retrieved from /home/airflow/.local/lib/python3.12/site-packages/airflow/example_dags/example_dag_decorator.py
[2025-03-06T11:10:51.745+0000] {logging_mixin.py:190} INFO - [2025-03-06T11:10:51.745+0000] {dag.py:3239} INFO - Sync 1 DAGs
[2025-03-06T11:10:51.755+0000] {logging_mixin.py:190} INFO - [2025-03-06T11:10:51.755+0000] {dag.py:4180} INFO - Setting next_dagrun for example_dag_decorator to None, run_after=None
[2025-03-06T11:10:51.772+0000] {processor.py:208} INFO - Processing /home/airflow/.local/lib/python3.12/site-packages/airflow/example_dags/example_dag_decorator.py took 0.354 seconds
[2025-03-06T11:11:22.287+0000] {processor.py:186} INFO - Started process (PID=1504) to work on /home/airflow/.local/lib/python3.12/site-packages/airflow/example_dags/example_dag_decorator.py
[2025-03-06T11:11:22.287+0000] {processor.py:914} INFO - Processing file /home/airflow/.local/lib/python3.12/site-packages/airflow/example_dags/example_dag_decorator.py for tasks to queue
[2025-03-06T11:11:22.289+0000] {logging_mixin.py:190} INFO - [2025-03-06T11:11:22.289+0000] {dagbag.py:588} INFO - Filling up the DagBag from /home/airflow/.local/lib/python3.12/site-packages/airflow/example_dags/example_dag_decorator.py
[2025-03-06T11:11:22.461+0000] {processor.py:925} INFO - DAG(s) 'example_dag_decorator' retrieved from /home/airflow/.local/lib/python3.12/site-packages/airflow/example_dags/example_dag_decorator.py
[2025-03-06T11:11:22.592+0000] {logging_mixin.py:190} INFO - [2025-03-06T11:11:22.592+0000] {dag.py:3239} INFO - Sync 1 DAGs
[2025-03-06T11:11:22.606+0000] {logging_mixin.py:190} INFO - [2025-03-06T11:11:22.606+0000] {dag.py:4180} INFO - Setting next_dagrun for example_dag_decorator to None, run_after=None
[2025-03-06T11:11:22.627+0000] {processor.py:208} INFO - Processing /home/airflow/.local/lib/python3.12/site-packages/airflow/example_dags/example_dag_decorator.py took 0.346 seconds
[2025-03-06T11:11:53.589+0000] {processor.py:186} INFO - Started process (PID=1579) to work on /home/airflow/.local/lib/python3.12/site-packages/airflow/example_dags/example_dag_decorator.py
[2025-03-06T11:11:53.590+0000] {processor.py:914} INFO - Processing file /home/airflow/.local/lib/python3.12/site-packages/airflow/example_dags/example_dag_decorator.py for tasks to queue
[2025-03-06T11:11:53.591+0000] {logging_mixin.py:190} INFO - [2025-03-06T11:11:53.591+0000] {dagbag.py:588} INFO - Filling up the DagBag from /home/airflow/.local/lib/python3.12/site-packages/airflow/example_dags/example_dag_decorator.py
[2025-03-06T11:11:53.749+0000] {processor.py:925} INFO - DAG(s) 'example_dag_decorator' retrieved from /home/airflow/.local/lib/python3.12/site-packages/airflow/example_dags/example_dag_decorator.py
[2025-03-06T11:11:53.891+0000] {logging_mixin.py:190} INFO - [2025-03-06T11:11:53.890+0000] {dag.py:3239} INFO - Sync 1 DAGs
[2025-03-06T11:11:53.903+0000] {logging_mixin.py:190} INFO - [2025-03-06T11:11:53.903+0000] {dag.py:4180} INFO - Setting next_dagrun for example_dag_decorator to None, run_after=None
[2025-03-06T11:11:53.924+0000] {processor.py:208} INFO - Processing /home/airflow/.local/lib/python3.12/site-packages/airflow/example_dags/example_dag_decorator.py took 0.340 seconds
[2025-03-06T11:12:24.451+0000] {processor.py:186} INFO - Started process (PID=1654) to work on /home/airflow/.local/lib/python3.12/site-packages/airflow/example_dags/example_dag_decorator.py
[2025-03-06T11:12:24.452+0000] {processor.py:914} INFO - Processing file /home/airflow/.local/lib/python3.12/site-packages/airflow/example_dags/example_dag_decorator.py for tasks to queue
[2025-03-06T11:12:24.454+0000] {logging_mixin.py:190} INFO - [2025-03-06T11:12:24.454+0000] {dagbag.py:588} INFO - Filling up the DagBag from /home/airflow/.local/lib/python3.12/site-packages/airflow/example_dags/example_dag_decorator.py
[2025-03-06T11:12:24.652+0000] {processor.py:925} INFO - DAG(s) 'example_dag_decorator' retrieved from /home/airflow/.local/lib/python3.12/site-packages/airflow/example_dags/example_dag_decorator.py
[2025-03-06T11:12:24.809+0000] {logging_mixin.py:190} INFO - [2025-03-06T11:12:24.809+0000] {dag.py:3239} INFO - Sync 1 DAGs
[2025-03-06T11:12:24.824+0000] {logging_mixin.py:190} INFO - [2025-03-06T11:12:24.823+0000] {dag.py:4180} INFO - Setting next_dagrun for example_dag_decorator to None, run_after=None
[2025-03-06T11:12:24.844+0000] {processor.py:208} INFO - Processing /home/airflow/.local/lib/python3.12/site-packages/airflow/example_dags/example_dag_decorator.py took 0.398 seconds
[2025-03-06T11:12:55.043+0000] {processor.py:186} INFO - Started process (PID=1728) to work on /home/airflow/.local/lib/python3.12/site-packages/airflow/example_dags/example_dag_decorator.py
[2025-03-06T11:12:55.044+0000] {processor.py:914} INFO - Processing file /home/airflow/.local/lib/python3.12/site-packages/airflow/example_dags/example_dag_decorator.py for tasks to queue
[2025-03-06T11:12:55.046+0000] {logging_mixin.py:190} INFO - [2025-03-06T11:12:55.045+0000] {dagbag.py:588} INFO - Filling up the DagBag from /home/airflow/.local/lib/python3.12/site-packages/airflow/example_dags/example_dag_decorator.py
[2025-03-06T11:12:55.203+0000] {processor.py:925} INFO - DAG(s) 'example_dag_decorator' retrieved from /home/airflow/.local/lib/python3.12/site-packages/airflow/example_dags/example_dag_decorator.py
[2025-03-06T11:12:55.347+0000] {logging_mixin.py:190} INFO - [2025-03-06T11:12:55.347+0000] {dag.py:3239} INFO - Sync 1 DAGs
[2025-03-06T11:12:55.359+0000] {logging_mixin.py:190} INFO - [2025-03-06T11:12:55.358+0000] {dag.py:4180} INFO - Setting next_dagrun for example_dag_decorator to None, run_after=None
[2025-03-06T11:12:55.380+0000] {processor.py:208} INFO - Processing /home/airflow/.local/lib/python3.12/site-packages/airflow/example_dags/example_dag_decorator.py took 0.342 seconds
[2025-03-06T11:13:25.452+0000] {processor.py:186} INFO - Started process (PID=1803) to work on /home/airflow/.local/lib/python3.12/site-packages/airflow/example_dags/example_dag_decorator.py
[2025-03-06T11:13:25.454+0000] {processor.py:914} INFO - Processing file /home/airflow/.local/lib/python3.12/site-packages/airflow/example_dags/example_dag_decorator.py for tasks to queue
[2025-03-06T11:13:25.456+0000] {logging_mixin.py:190} INFO - [2025-03-06T11:13:25.455+0000] {dagbag.py:588} INFO - Filling up the DagBag from /home/airflow/.local/lib/python3.12/site-packages/airflow/example_dags/example_dag_decorator.py
[2025-03-06T11:13:25.628+0000] {processor.py:925} INFO - DAG(s) 'example_dag_decorator' retrieved from /home/airflow/.local/lib/python3.12/site-packages/airflow/example_dags/example_dag_decorator.py
[2025-03-06T11:13:25.781+0000] {logging_mixin.py:190} INFO - [2025-03-06T11:13:25.781+0000] {dag.py:3239} INFO - Sync 1 DAGs
[2025-03-06T11:13:25.792+0000] {logging_mixin.py:190} INFO - [2025-03-06T11:13:25.792+0000] {dag.py:4180} INFO - Setting next_dagrun for example_dag_decorator to None, run_after=None
[2025-03-06T11:13:25.810+0000] {processor.py:208} INFO - Processing /home/airflow/.local/lib/python3.12/site-packages/airflow/example_dags/example_dag_decorator.py took 0.363 seconds
[2025-03-06T11:13:55.875+0000] {processor.py:186} INFO - Started process (PID=1878) to work on /home/airflow/.local/lib/python3.12/site-packages/airflow/example_dags/example_dag_decorator.py
[2025-03-06T11:13:55.876+0000] {processor.py:914} INFO - Processing file /home/airflow/.local/lib/python3.12/site-packages/airflow/example_dags/example_dag_decorator.py for tasks to queue
[2025-03-06T11:13:55.878+0000] {logging_mixin.py:190} INFO - [2025-03-06T11:13:55.877+0000] {dagbag.py:588} INFO - Filling up the DagBag from /home/airflow/.local/lib/python3.12/site-packages/airflow/example_dags/example_dag_decorator.py
[2025-03-06T11:13:56.053+0000] {processor.py:925} INFO - DAG(s) 'example_dag_decorator' retrieved from /home/airflow/.local/lib/python3.12/site-packages/airflow/example_dags/example_dag_decorator.py
[2025-03-06T11:13:56.227+0000] {logging_mixin.py:190} INFO - [2025-03-06T11:13:56.226+0000] {dag.py:3239} INFO - Sync 1 DAGs
[2025-03-06T11:13:56.238+0000] {logging_mixin.py:190} INFO - [2025-03-06T11:13:56.238+0000] {dag.py:4180} INFO - Setting next_dagrun for example_dag_decorator to None, run_after=None
[2025-03-06T11:13:56.257+0000] {processor.py:208} INFO - Processing /home/airflow/.local/lib/python3.12/site-packages/airflow/example_dags/example_dag_decorator.py took 0.387 seconds
[2025-03-06T11:14:27.629+0000] {processor.py:186} INFO - Started process (PID=1950) to work on /home/airflow/.local/lib/python3.12/site-packages/airflow/example_dags/example_dag_decorator.py
[2025-03-06T11:14:27.631+0000] {processor.py:914} INFO - Processing file /home/airflow/.local/lib/python3.12/site-packages/airflow/example_dags/example_dag_decorator.py for tasks to queue
[2025-03-06T11:14:27.634+0000] {logging_mixin.py:190} INFO - [2025-03-06T11:14:27.633+0000] {dagbag.py:588} INFO - Filling up the DagBag from /home/airflow/.local/lib/python3.12/site-packages/airflow/example_dags/example_dag_decorator.py
[2025-03-06T11:14:27.910+0000] {processor.py:925} INFO - DAG(s) 'example_dag_decorator' retrieved from /home/airflow/.local/lib/python3.12/site-packages/airflow/example_dags/example_dag_decorator.py
[2025-03-06T11:14:27.947+0000] {logging_mixin.py:190} INFO - [2025-03-06T11:14:27.946+0000] {dag.py:3239} INFO - Sync 1 DAGs
[2025-03-06T11:14:27.969+0000] {logging_mixin.py:190} INFO - [2025-03-06T11:14:27.969+0000] {dag.py:4180} INFO - Setting next_dagrun for example_dag_decorator to None, run_after=None
[2025-03-06T11:14:27.998+0000] {processor.py:208} INFO - Processing /home/airflow/.local/lib/python3.12/site-packages/airflow/example_dags/example_dag_decorator.py took 0.380 seconds
[2025-03-06T11:14:58.251+0000] {processor.py:186} INFO - Started process (PID=2025) to work on /home/airflow/.local/lib/python3.12/site-packages/airflow/example_dags/example_dag_decorator.py
[2025-03-06T11:14:58.252+0000] {processor.py:914} INFO - Processing file /home/airflow/.local/lib/python3.12/site-packages/airflow/example_dags/example_dag_decorator.py for tasks to queue
[2025-03-06T11:14:58.254+0000] {logging_mixin.py:190} INFO - [2025-03-06T11:14:58.253+0000] {dagbag.py:588} INFO - Filling up the DagBag from /home/airflow/.local/lib/python3.12/site-packages/airflow/example_dags/example_dag_decorator.py
[2025-03-06T11:14:58.406+0000] {processor.py:925} INFO - DAG(s) 'example_dag_decorator' retrieved from /home/airflow/.local/lib/python3.12/site-packages/airflow/example_dags/example_dag_decorator.py
[2025-03-06T11:14:58.427+0000] {logging_mixin.py:190} INFO - [2025-03-06T11:14:58.427+0000] {dag.py:3239} INFO - Sync 1 DAGs
[2025-03-06T11:14:58.439+0000] {logging_mixin.py:190} INFO - [2025-03-06T11:14:58.439+0000] {dag.py:4180} INFO - Setting next_dagrun for example_dag_decorator to None, run_after=None
[2025-03-06T11:14:58.458+0000] {processor.py:208} INFO - Processing /home/airflow/.local/lib/python3.12/site-packages/airflow/example_dags/example_dag_decorator.py took 0.211 seconds
[2025-03-06T11:15:30.299+0000] {processor.py:186} INFO - Started process (PID=2106) to work on /home/airflow/.local/lib/python3.12/site-packages/airflow/example_dags/example_dag_decorator.py
[2025-03-06T11:15:30.300+0000] {processor.py:914} INFO - Processing file /home/airflow/.local/lib/python3.12/site-packages/airflow/example_dags/example_dag_decorator.py for tasks to queue
[2025-03-06T11:15:30.302+0000] {logging_mixin.py:190} INFO - [2025-03-06T11:15:30.301+0000] {dagbag.py:588} INFO - Filling up the DagBag from /home/airflow/.local/lib/python3.12/site-packages/airflow/example_dags/example_dag_decorator.py
[2025-03-06T11:15:30.460+0000] {processor.py:925} INFO - DAG(s) 'example_dag_decorator' retrieved from /home/airflow/.local/lib/python3.12/site-packages/airflow/example_dags/example_dag_decorator.py
[2025-03-06T11:15:30.478+0000] {logging_mixin.py:190} INFO - [2025-03-06T11:15:30.478+0000] {dag.py:3239} INFO - Sync 1 DAGs
[2025-03-06T11:15:30.491+0000] {logging_mixin.py:190} INFO - [2025-03-06T11:15:30.491+0000] {dag.py:4180} INFO - Setting next_dagrun for example_dag_decorator to None, run_after=None
[2025-03-06T11:15:30.516+0000] {processor.py:208} INFO - Processing /home/airflow/.local/lib/python3.12/site-packages/airflow/example_dags/example_dag_decorator.py took 0.222 seconds
[2025-03-06T11:16:01.064+0000] {processor.py:186} INFO - Started process (PID=2181) to work on /home/airflow/.local/lib/python3.12/site-packages/airflow/example_dags/example_dag_decorator.py
[2025-03-06T11:16:01.066+0000] {processor.py:914} INFO - Processing file /home/airflow/.local/lib/python3.12/site-packages/airflow/example_dags/example_dag_decorator.py for tasks to queue
[2025-03-06T11:16:01.067+0000] {logging_mixin.py:190} INFO - [2025-03-06T11:16:01.067+0000] {dagbag.py:588} INFO - Filling up the DagBag from /home/airflow/.local/lib/python3.12/site-packages/airflow/example_dags/example_dag_decorator.py
[2025-03-06T11:16:01.239+0000] {processor.py:925} INFO - DAG(s) 'example_dag_decorator' retrieved from /home/airflow/.local/lib/python3.12/site-packages/airflow/example_dags/example_dag_decorator.py
[2025-03-06T11:16:01.409+0000] {logging_mixin.py:190} INFO - [2025-03-06T11:16:01.408+0000] {dag.py:3239} INFO - Sync 1 DAGs
[2025-03-06T11:16:01.420+0000] {logging_mixin.py:190} INFO - [2025-03-06T11:16:01.420+0000] {dag.py:4180} INFO - Setting next_dagrun for example_dag_decorator to None, run_after=None
[2025-03-06T11:16:01.438+0000] {processor.py:208} INFO - Processing /home/airflow/.local/lib/python3.12/site-packages/airflow/example_dags/example_dag_decorator.py took 0.379 seconds
[2025-03-06T11:16:32.752+0000] {processor.py:186} INFO - Started process (PID=2256) to work on /home/airflow/.local/lib/python3.12/site-packages/airflow/example_dags/example_dag_decorator.py
[2025-03-06T11:16:32.754+0000] {processor.py:914} INFO - Processing file /home/airflow/.local/lib/python3.12/site-packages/airflow/example_dags/example_dag_decorator.py for tasks to queue
[2025-03-06T11:16:32.755+0000] {logging_mixin.py:190} INFO - [2025-03-06T11:16:32.755+0000] {dagbag.py:588} INFO - Filling up the DagBag from /home/airflow/.local/lib/python3.12/site-packages/airflow/example_dags/example_dag_decorator.py
[2025-03-06T11:16:32.907+0000] {processor.py:925} INFO - DAG(s) 'example_dag_decorator' retrieved from /home/airflow/.local/lib/python3.12/site-packages/airflow/example_dags/example_dag_decorator.py
[2025-03-06T11:16:32.927+0000] {logging_mixin.py:190} INFO - [2025-03-06T11:16:32.927+0000] {dag.py:3239} INFO - Sync 1 DAGs
[2025-03-06T11:16:32.941+0000] {logging_mixin.py:190} INFO - [2025-03-06T11:16:32.941+0000] {dag.py:4180} INFO - Setting next_dagrun for example_dag_decorator to None, run_after=None
[2025-03-06T11:16:32.956+0000] {processor.py:208} INFO - Processing /home/airflow/.local/lib/python3.12/site-packages/airflow/example_dags/example_dag_decorator.py took 0.210 seconds
[2025-03-06T11:17:03.585+0000] {processor.py:186} INFO - Started process (PID=2331) to work on /home/airflow/.local/lib/python3.12/site-packages/airflow/example_dags/example_dag_decorator.py
[2025-03-06T11:17:03.586+0000] {processor.py:914} INFO - Processing file /home/airflow/.local/lib/python3.12/site-packages/airflow/example_dags/example_dag_decorator.py for tasks to queue
[2025-03-06T11:17:03.588+0000] {logging_mixin.py:190} INFO - [2025-03-06T11:17:03.587+0000] {dagbag.py:588} INFO - Filling up the DagBag from /home/airflow/.local/lib/python3.12/site-packages/airflow/example_dags/example_dag_decorator.py
[2025-03-06T11:17:03.734+0000] {processor.py:925} INFO - DAG(s) 'example_dag_decorator' retrieved from /home/airflow/.local/lib/python3.12/site-packages/airflow/example_dags/example_dag_decorator.py
[2025-03-06T11:17:03.880+0000] {logging_mixin.py:190} INFO - [2025-03-06T11:17:03.880+0000] {dag.py:3239} INFO - Sync 1 DAGs
[2025-03-06T11:17:03.893+0000] {logging_mixin.py:190} INFO - [2025-03-06T11:17:03.892+0000] {dag.py:4180} INFO - Setting next_dagrun for example_dag_decorator to None, run_after=None
[2025-03-06T11:17:03.914+0000] {processor.py:208} INFO - Processing /home/airflow/.local/lib/python3.12/site-packages/airflow/example_dags/example_dag_decorator.py took 0.333 seconds
[2025-03-06T11:17:34.802+0000] {processor.py:186} INFO - Started process (PID=2411) to work on /home/airflow/.local/lib/python3.12/site-packages/airflow/example_dags/example_dag_decorator.py
[2025-03-06T11:17:34.803+0000] {processor.py:914} INFO - Processing file /home/airflow/.local/lib/python3.12/site-packages/airflow/example_dags/example_dag_decorator.py for tasks to queue
[2025-03-06T11:17:34.804+0000] {logging_mixin.py:190} INFO - [2025-03-06T11:17:34.804+0000] {dagbag.py:588} INFO - Filling up the DagBag from /home/airflow/.local/lib/python3.12/site-packages/airflow/example_dags/example_dag_decorator.py
[2025-03-06T11:17:34.970+0000] {processor.py:925} INFO - DAG(s) 'example_dag_decorator' retrieved from /home/airflow/.local/lib/python3.12/site-packages/airflow/example_dags/example_dag_decorator.py
[2025-03-06T11:17:35.252+0000] {logging_mixin.py:190} INFO - [2025-03-06T11:17:35.252+0000] {dag.py:3239} INFO - Sync 1 DAGs
[2025-03-06T11:17:35.262+0000] {logging_mixin.py:190} INFO - [2025-03-06T11:17:35.262+0000] {dag.py:4180} INFO - Setting next_dagrun for example_dag_decorator to None, run_after=None
[2025-03-06T11:17:35.280+0000] {processor.py:208} INFO - Processing /home/airflow/.local/lib/python3.12/site-packages/airflow/example_dags/example_dag_decorator.py took 0.484 seconds
[2025-03-06T11:18:07.236+0000] {processor.py:186} INFO - Started process (PID=2493) to work on /home/airflow/.local/lib/python3.12/site-packages/airflow/example_dags/example_dag_decorator.py
[2025-03-06T11:18:07.238+0000] {processor.py:914} INFO - Processing file /home/airflow/.local/lib/python3.12/site-packages/airflow/example_dags/example_dag_decorator.py for tasks to queue
[2025-03-06T11:18:07.240+0000] {logging_mixin.py:190} INFO - [2025-03-06T11:18:07.239+0000] {dagbag.py:588} INFO - Filling up the DagBag from /home/airflow/.local/lib/python3.12/site-packages/airflow/example_dags/example_dag_decorator.py
[2025-03-06T11:18:07.458+0000] {processor.py:925} INFO - DAG(s) 'example_dag_decorator' retrieved from /home/airflow/.local/lib/python3.12/site-packages/airflow/example_dags/example_dag_decorator.py
[2025-03-06T11:18:07.916+0000] {logging_mixin.py:190} INFO - [2025-03-06T11:18:07.916+0000] {dag.py:3239} INFO - Sync 1 DAGs
[2025-03-06T11:18:07.931+0000] {logging_mixin.py:190} INFO - [2025-03-06T11:18:07.930+0000] {dag.py:4180} INFO - Setting next_dagrun for example_dag_decorator to None, run_after=None
[2025-03-06T11:18:07.957+0000] {processor.py:208} INFO - Processing /home/airflow/.local/lib/python3.12/site-packages/airflow/example_dags/example_dag_decorator.py took 0.732 seconds
[2025-03-06T11:18:39.018+0000] {processor.py:186} INFO - Started process (PID=2573) to work on /home/airflow/.local/lib/python3.12/site-packages/airflow/example_dags/example_dag_decorator.py
[2025-03-06T11:18:39.019+0000] {processor.py:914} INFO - Processing file /home/airflow/.local/lib/python3.12/site-packages/airflow/example_dags/example_dag_decorator.py for tasks to queue
[2025-03-06T11:18:39.021+0000] {logging_mixin.py:190} INFO - [2025-03-06T11:18:39.021+0000] {dagbag.py:588} INFO - Filling up the DagBag from /home/airflow/.local/lib/python3.12/site-packages/airflow/example_dags/example_dag_decorator.py
[2025-03-06T11:18:39.172+0000] {processor.py:925} INFO - DAG(s) 'example_dag_decorator' retrieved from /home/airflow/.local/lib/python3.12/site-packages/airflow/example_dags/example_dag_decorator.py
[2025-03-06T11:18:39.556+0000] {logging_mixin.py:190} INFO - [2025-03-06T11:18:39.555+0000] {dag.py:3239} INFO - Sync 1 DAGs
[2025-03-06T11:18:43.862+0000] {logging_mixin.py:190} INFO - [2025-03-06T11:18:43.851+0000] {process_utils.py:266} INFO - Waiting up to 5 seconds for processes to exit...
[2025-03-06T11:18:43.884+0000] {logging_mixin.py:190} WARNING - Exception ignored in: <function WeakKeyDictionary.__init__.<locals>.remove at 0x7fd32318d260>
[2025-03-06T11:18:43.885+0000] {logging_mixin.py:190} WARNING - Traceback (most recent call last):
[2025-03-06T11:18:43.888+0000] {logging_mixin.py:190} WARNING -   File "/usr/local/lib/python3.12/weakref.py", line 369, in remove
[2025-03-06T11:18:43.892+0000] {logging_mixin.py:190} WARNING -     def remove(k, selfref=ref(self)):
[2025-03-06T11:18:43.894+0000] {logging_mixin.py:190} WARNING -   File "/home/airflow/.local/lib/python3.12/site-packages/airflow/dag_processing/manager.py", line 466, in _exit_gracefully
[2025-03-06T11:18:43.896+0000] {logging_mixin.py:190} WARNING -     self.log.debug("Current Stacktrace is: %s", "\n".join(map(str, inspect.stack())))
[2025-03-06T11:18:43.898+0000] {logging_mixin.py:190} WARNING -                                                                    ^^^^^^^^^^^^^^^
[2025-03-06T11:18:43.899+0000] {logging_mixin.py:190} WARNING -   File "/usr/local/lib/python3.12/inspect.py", line 1781, in stack
[2025-03-06T11:18:43.908+0000] {logging_mixin.py:190} WARNING -     return getouterframes(sys._getframe(1), context)
[2025-03-06T11:18:43.912+0000] {logging_mixin.py:190} WARNING -            ^^^^^^^^^^^^^^^^^^^^^^^^^^^^^^^^^^^^^^^^^
[2025-03-06T11:18:43.914+0000] {logging_mixin.py:190} WARNING -   File "/usr/local/lib/python3.12/inspect.py", line 1756, in getouterframes
[2025-03-06T11:18:43.920+0000] {logging_mixin.py:190} WARNING -     traceback_info = getframeinfo(frame, context)
[2025-03-06T11:18:43.922+0000] {logging_mixin.py:190} WARNING -                      ^^^^^^^^^^^^^^^^^^^^^^^^^^^^
[2025-03-06T11:18:43.923+0000] {logging_mixin.py:190} WARNING -   File "/usr/local/lib/python3.12/inspect.py", line 1718, in getframeinfo
[2025-03-06T11:18:43.925+0000] {logging_mixin.py:190} WARNING -     lines, lnum = findsource(frame)
[2025-03-06T11:18:43.927+0000] {logging_mixin.py:190} WARNING -                   ^^^^^^^^^^^^^^^^^
[2025-03-06T11:18:43.928+0000] {logging_mixin.py:190} WARNING -   File "/usr/local/lib/python3.12/inspect.py", line 1092, in findsource
[2025-03-06T11:18:43.932+0000] {logging_mixin.py:190} WARNING -     lines = linecache.getlines(file, module.__dict__)
[2025-03-06T11:18:43.933+0000] {logging_mixin.py:190} WARNING -             ^^^^^^^^^^^^^^^^^^^^^^^^^^^^^^^^^^^^^^^^^
[2025-03-06T11:18:43.935+0000] {logging_mixin.py:190} WARNING -   File "/usr/local/lib/python3.12/linecache.py", line 46, in getlines
[2025-03-06T11:18:43.937+0000] {logging_mixin.py:190} WARNING -     return updatecache(filename, module_globals)
[2025-03-06T11:18:43.939+0000] {logging_mixin.py:190} WARNING -            ^^^^^^^^^^^^^^^^^^^^^^^^^^^^^^^^^^^^^
[2025-03-06T11:18:43.940+0000] {logging_mixin.py:190} WARNING -   File "/usr/local/lib/python3.12/linecache.py", line 142, in updatecache
[2025-03-06T11:18:43.941+0000] {logging_mixin.py:190} WARNING -     lines = fp.readlines()
[2025-03-06T11:18:43.943+0000] {logging_mixin.py:190} WARNING -             ^^^^^^^^^^^^^^
[2025-03-06T11:18:43.944+0000] {logging_mixin.py:190} WARNING -   File "<frozen codecs>", line 319, in decode
[2025-03-06T11:18:43.946+0000] {logging_mixin.py:190} WARNING -   File "/home/airflow/.local/lib/python3.12/site-packages/airflow/dag_processing/manager.py", line 466, in _exit_gracefully
[2025-03-06T11:18:43.947+0000] {logging_mixin.py:190} WARNING -     self.log.debug("Current Stacktrace is: %s", "\n".join(map(str, inspect.stack())))
[2025-03-06T11:18:43.948+0000] {logging_mixin.py:190} WARNING -                                                                    ^^^^^^^^^^^^^^^
[2025-03-06T11:18:43.951+0000] {logging_mixin.py:190} WARNING -   File "/usr/local/lib/python3.12/inspect.py", line 1781, in stack
[2025-03-06T11:18:43.954+0000] {logging_mixin.py:190} WARNING -     return getouterframes(sys._getframe(1), context)
[2025-03-06T11:18:43.956+0000] {logging_mixin.py:190} WARNING -            ^^^^^^^^^^^^^^^^^^^^^^^^^^^^^^^^^^^^^^^^^
[2025-03-06T11:18:43.957+0000] {logging_mixin.py:190} WARNING -   File "/usr/local/lib/python3.12/inspect.py", line 1756, in getouterframes
[2025-03-06T11:18:43.961+0000] {logging_mixin.py:190} WARNING -     traceback_info = getframeinfo(frame, context)
[2025-03-06T11:18:43.962+0000] {logging_mixin.py:190} WARNING -                      ^^^^^^^^^^^^^^^^^^^^^^^^^^^^
[2025-03-06T11:18:43.964+0000] {logging_mixin.py:190} WARNING -   File "/usr/local/lib/python3.12/inspect.py", line 1718, in getframeinfo
[2025-03-06T11:18:43.967+0000] {logging_mixin.py:190} WARNING -     lines, lnum = findsource(frame)
[2025-03-06T11:18:43.970+0000] {logging_mixin.py:190} WARNING -                   ^^^^^^^^^^^^^^^^^
[2025-03-06T11:18:43.972+0000] {logging_mixin.py:190} WARNING -   File "/usr/local/lib/python3.12/inspect.py", line 1092, in findsource
[2025-03-06T11:18:43.973+0000] {logging_mixin.py:190} WARNING -     lines = linecache.getlines(file, module.__dict__)
[2025-03-06T11:18:43.975+0000] {logging_mixin.py:190} WARNING -             ^^^^^^^^^^^^^^^^^^^^^^^^^^^^^^^^^^^^^^^^^
[2025-03-06T11:18:43.976+0000] {logging_mixin.py:190} WARNING -   File "/usr/local/lib/python3.12/linecache.py", line 46, in getlines
[2025-03-06T11:18:43.978+0000] {logging_mixin.py:190} WARNING -     return updatecache(filename, module_globals)
[2025-03-06T11:18:43.979+0000] {logging_mixin.py:190} WARNING -            ^^^^^^^^^^^^^^^^^^^^^^^^^^^^^^^^^^^^^
[2025-03-06T11:18:43.980+0000] {logging_mixin.py:190} WARNING -   File "/usr/local/lib/python3.12/linecache.py", line 142, in updatecache
[2025-03-06T11:18:43.981+0000] {logging_mixin.py:190} WARNING -     lines = fp.readlines()
[2025-03-06T11:18:43.982+0000] {logging_mixin.py:190} WARNING -             ^^^^^^^^^^^^^^
[2025-03-06T11:18:43.983+0000] {logging_mixin.py:190} WARNING -   File "<frozen codecs>", line 319, in decode
[2025-03-06T11:18:43.985+0000] {logging_mixin.py:190} WARNING -   File "/home/airflow/.local/lib/python3.12/site-packages/airflow/dag_processing/manager.py", line 470, in _exit_gracefully
[2025-03-06T11:18:43.986+0000] {logging_mixin.py:190} WARNING -     sys.exit(os.EX_OK)
[2025-03-06T11:18:43.988+0000] {logging_mixin.py:190} WARNING - SystemExit: 0
[2025-03-06T11:18:44.498+0000] {logging_mixin.py:190} INFO - [2025-03-06T11:18:44.495+0000] {dag.py:4180} INFO - Setting next_dagrun for example_dag_decorator to None, run_after=None
[2025-03-06T11:18:44.964+0000] {processor.py:208} INFO - Processing /home/airflow/.local/lib/python3.12/site-packages/airflow/example_dags/example_dag_decorator.py took 5.950 seconds
