[2025-03-06T04:34:29.232+0000] {processor.py:186} INFO - Started process (PID=14379) to work on /home/airflow/.local/lib/python3.12/site-packages/airflow/example_dags/example_sensor_decorator.py
[2025-03-06T04:34:29.234+0000] {processor.py:914} INFO - Processing file /home/airflow/.local/lib/python3.12/site-packages/airflow/example_dags/example_sensor_decorator.py for tasks to queue
[2025-03-06T04:34:29.237+0000] {logging_mixin.py:190} INFO - [2025-03-06T04:34:29.236+0000] {dagbag.py:588} INFO - Filling up the DagBag from /home/airflow/.local/lib/python3.12/site-packages/airflow/example_dags/example_sensor_decorator.py
[2025-03-06T04:34:29.250+0000] {processor.py:925} INFO - DAG(s) 'example_sensor_decorator' retrieved from /home/airflow/.local/lib/python3.12/site-packages/airflow/example_dags/example_sensor_decorator.py
[2025-03-06T04:34:29.286+0000] {logging_mixin.py:190} INFO - [2025-03-06T04:34:29.285+0000] {dag.py:3239} INFO - Sync 1 DAGs
[2025-03-06T04:34:29.305+0000] {logging_mixin.py:190} INFO - [2025-03-06T04:34:29.305+0000] {dag.py:4180} INFO - Setting next_dagrun for example_sensor_decorator to None, run_after=None
[2025-03-06T04:34:29.334+0000] {processor.py:208} INFO - Processing /home/airflow/.local/lib/python3.12/site-packages/airflow/example_dags/example_sensor_decorator.py took 0.108 seconds
[2025-03-06T04:34:59.550+0000] {processor.py:186} INFO - Started process (PID=14453) to work on /home/airflow/.local/lib/python3.12/site-packages/airflow/example_dags/example_sensor_decorator.py
[2025-03-06T04:34:59.551+0000] {processor.py:914} INFO - Processing file /home/airflow/.local/lib/python3.12/site-packages/airflow/example_dags/example_sensor_decorator.py for tasks to queue
[2025-03-06T04:34:59.554+0000] {logging_mixin.py:190} INFO - [2025-03-06T04:34:59.554+0000] {dagbag.py:588} INFO - Filling up the DagBag from /home/airflow/.local/lib/python3.12/site-packages/airflow/example_dags/example_sensor_decorator.py
[2025-03-06T04:34:59.565+0000] {processor.py:925} INFO - DAG(s) 'example_sensor_decorator' retrieved from /home/airflow/.local/lib/python3.12/site-packages/airflow/example_dags/example_sensor_decorator.py
[2025-03-06T04:34:59.592+0000] {logging_mixin.py:190} INFO - [2025-03-06T04:34:59.592+0000] {dag.py:3239} INFO - Sync 1 DAGs
[2025-03-06T04:34:59.610+0000] {logging_mixin.py:190} INFO - [2025-03-06T04:34:59.610+0000] {dag.py:4180} INFO - Setting next_dagrun for example_sensor_decorator to None, run_after=None
[2025-03-06T04:34:59.641+0000] {processor.py:208} INFO - Processing /home/airflow/.local/lib/python3.12/site-packages/airflow/example_dags/example_sensor_decorator.py took 0.098 seconds
[2025-03-06T04:35:30.173+0000] {processor.py:186} INFO - Started process (PID=14528) to work on /home/airflow/.local/lib/python3.12/site-packages/airflow/example_dags/example_sensor_decorator.py
[2025-03-06T04:35:30.174+0000] {processor.py:914} INFO - Processing file /home/airflow/.local/lib/python3.12/site-packages/airflow/example_dags/example_sensor_decorator.py for tasks to queue
[2025-03-06T04:35:30.177+0000] {logging_mixin.py:190} INFO - [2025-03-06T04:35:30.176+0000] {dagbag.py:588} INFO - Filling up the DagBag from /home/airflow/.local/lib/python3.12/site-packages/airflow/example_dags/example_sensor_decorator.py
[2025-03-06T04:35:30.202+0000] {processor.py:925} INFO - DAG(s) 'example_sensor_decorator' retrieved from /home/airflow/.local/lib/python3.12/site-packages/airflow/example_dags/example_sensor_decorator.py
[2025-03-06T04:35:30.224+0000] {logging_mixin.py:190} INFO - [2025-03-06T04:35:30.223+0000] {dag.py:3239} INFO - Sync 1 DAGs
[2025-03-06T04:35:30.236+0000] {logging_mixin.py:190} INFO - [2025-03-06T04:35:30.236+0000] {dag.py:4180} INFO - Setting next_dagrun for example_sensor_decorator to None, run_after=None
[2025-03-06T04:35:30.253+0000] {processor.py:208} INFO - Processing /home/airflow/.local/lib/python3.12/site-packages/airflow/example_dags/example_sensor_decorator.py took 0.085 seconds
[2025-03-06T04:36:02.420+0000] {processor.py:186} INFO - Started process (PID=14603) to work on /home/airflow/.local/lib/python3.12/site-packages/airflow/example_dags/example_sensor_decorator.py
[2025-03-06T04:36:02.422+0000] {processor.py:914} INFO - Processing file /home/airflow/.local/lib/python3.12/site-packages/airflow/example_dags/example_sensor_decorator.py for tasks to queue
[2025-03-06T04:36:02.425+0000] {logging_mixin.py:190} INFO - [2025-03-06T04:36:02.425+0000] {dagbag.py:588} INFO - Filling up the DagBag from /home/airflow/.local/lib/python3.12/site-packages/airflow/example_dags/example_sensor_decorator.py
[2025-03-06T04:36:02.434+0000] {processor.py:925} INFO - DAG(s) 'example_sensor_decorator' retrieved from /home/airflow/.local/lib/python3.12/site-packages/airflow/example_dags/example_sensor_decorator.py
[2025-03-06T04:36:02.456+0000] {logging_mixin.py:190} INFO - [2025-03-06T04:36:02.456+0000] {dag.py:3239} INFO - Sync 1 DAGs
[2025-03-06T04:36:02.473+0000] {logging_mixin.py:190} INFO - [2025-03-06T04:36:02.471+0000] {dag.py:4180} INFO - Setting next_dagrun for example_sensor_decorator to None, run_after=None
[2025-03-06T04:36:02.498+0000] {processor.py:208} INFO - Processing /home/airflow/.local/lib/python3.12/site-packages/airflow/example_dags/example_sensor_decorator.py took 0.084 seconds
[2025-03-06T04:36:35.031+0000] {processor.py:186} INFO - Started process (PID=14678) to work on /home/airflow/.local/lib/python3.12/site-packages/airflow/example_dags/example_sensor_decorator.py
[2025-03-06T04:36:35.032+0000] {processor.py:914} INFO - Processing file /home/airflow/.local/lib/python3.12/site-packages/airflow/example_dags/example_sensor_decorator.py for tasks to queue
[2025-03-06T04:36:35.035+0000] {logging_mixin.py:190} INFO - [2025-03-06T04:36:35.034+0000] {dagbag.py:588} INFO - Filling up the DagBag from /home/airflow/.local/lib/python3.12/site-packages/airflow/example_dags/example_sensor_decorator.py
[2025-03-06T04:36:35.042+0000] {processor.py:925} INFO - DAG(s) 'example_sensor_decorator' retrieved from /home/airflow/.local/lib/python3.12/site-packages/airflow/example_dags/example_sensor_decorator.py
[2025-03-06T04:36:35.060+0000] {logging_mixin.py:190} INFO - [2025-03-06T04:36:35.060+0000] {dag.py:3239} INFO - Sync 1 DAGs
[2025-03-06T04:36:35.074+0000] {logging_mixin.py:190} INFO - [2025-03-06T04:36:35.074+0000] {dag.py:4180} INFO - Setting next_dagrun for example_sensor_decorator to None, run_after=None
[2025-03-06T04:36:35.094+0000] {processor.py:208} INFO - Processing /home/airflow/.local/lib/python3.12/site-packages/airflow/example_dags/example_sensor_decorator.py took 0.069 seconds
[2025-03-06T04:37:06.176+0000] {processor.py:186} INFO - Started process (PID=14754) to work on /home/airflow/.local/lib/python3.12/site-packages/airflow/example_dags/example_sensor_decorator.py
[2025-03-06T04:37:06.177+0000] {processor.py:914} INFO - Processing file /home/airflow/.local/lib/python3.12/site-packages/airflow/example_dags/example_sensor_decorator.py for tasks to queue
[2025-03-06T04:37:06.179+0000] {logging_mixin.py:190} INFO - [2025-03-06T04:37:06.179+0000] {dagbag.py:588} INFO - Filling up the DagBag from /home/airflow/.local/lib/python3.12/site-packages/airflow/example_dags/example_sensor_decorator.py
[2025-03-06T04:37:06.186+0000] {processor.py:925} INFO - DAG(s) 'example_sensor_decorator' retrieved from /home/airflow/.local/lib/python3.12/site-packages/airflow/example_dags/example_sensor_decorator.py
[2025-03-06T04:37:06.207+0000] {logging_mixin.py:190} INFO - [2025-03-06T04:37:06.207+0000] {dag.py:3239} INFO - Sync 1 DAGs
[2025-03-06T04:37:06.218+0000] {logging_mixin.py:190} INFO - [2025-03-06T04:37:06.218+0000] {dag.py:4180} INFO - Setting next_dagrun for example_sensor_decorator to None, run_after=None
[2025-03-06T04:37:06.234+0000] {processor.py:208} INFO - Processing /home/airflow/.local/lib/python3.12/site-packages/airflow/example_dags/example_sensor_decorator.py took 0.063 seconds
[2025-03-06T04:37:36.848+0000] {processor.py:186} INFO - Started process (PID=14829) to work on /home/airflow/.local/lib/python3.12/site-packages/airflow/example_dags/example_sensor_decorator.py
[2025-03-06T04:37:36.849+0000] {processor.py:914} INFO - Processing file /home/airflow/.local/lib/python3.12/site-packages/airflow/example_dags/example_sensor_decorator.py for tasks to queue
[2025-03-06T04:37:36.852+0000] {logging_mixin.py:190} INFO - [2025-03-06T04:37:36.851+0000] {dagbag.py:588} INFO - Filling up the DagBag from /home/airflow/.local/lib/python3.12/site-packages/airflow/example_dags/example_sensor_decorator.py
[2025-03-06T04:37:36.859+0000] {processor.py:925} INFO - DAG(s) 'example_sensor_decorator' retrieved from /home/airflow/.local/lib/python3.12/site-packages/airflow/example_dags/example_sensor_decorator.py
[2025-03-06T04:37:36.877+0000] {logging_mixin.py:190} INFO - [2025-03-06T04:37:36.876+0000] {dag.py:3239} INFO - Sync 1 DAGs
[2025-03-06T04:37:36.889+0000] {logging_mixin.py:190} INFO - [2025-03-06T04:37:36.889+0000] {dag.py:4180} INFO - Setting next_dagrun for example_sensor_decorator to None, run_after=None
[2025-03-06T04:37:36.905+0000] {processor.py:208} INFO - Processing /home/airflow/.local/lib/python3.12/site-packages/airflow/example_dags/example_sensor_decorator.py took 0.062 seconds
[2025-03-06T04:38:08.225+0000] {processor.py:186} INFO - Started process (PID=14904) to work on /home/airflow/.local/lib/python3.12/site-packages/airflow/example_dags/example_sensor_decorator.py
[2025-03-06T04:38:08.226+0000] {processor.py:914} INFO - Processing file /home/airflow/.local/lib/python3.12/site-packages/airflow/example_dags/example_sensor_decorator.py for tasks to queue
[2025-03-06T04:38:08.228+0000] {logging_mixin.py:190} INFO - [2025-03-06T04:38:08.227+0000] {dagbag.py:588} INFO - Filling up the DagBag from /home/airflow/.local/lib/python3.12/site-packages/airflow/example_dags/example_sensor_decorator.py
[2025-03-06T04:38:08.234+0000] {processor.py:925} INFO - DAG(s) 'example_sensor_decorator' retrieved from /home/airflow/.local/lib/python3.12/site-packages/airflow/example_dags/example_sensor_decorator.py
[2025-03-06T04:38:08.251+0000] {logging_mixin.py:190} INFO - [2025-03-06T04:38:08.251+0000] {dag.py:3239} INFO - Sync 1 DAGs
[2025-03-06T04:38:08.263+0000] {logging_mixin.py:190} INFO - [2025-03-06T04:38:08.263+0000] {dag.py:4180} INFO - Setting next_dagrun for example_sensor_decorator to None, run_after=None
[2025-03-06T04:38:08.278+0000] {processor.py:208} INFO - Processing /home/airflow/.local/lib/python3.12/site-packages/airflow/example_dags/example_sensor_decorator.py took 0.058 seconds
[2025-03-06T04:38:39.357+0000] {processor.py:186} INFO - Started process (PID=14979) to work on /home/airflow/.local/lib/python3.12/site-packages/airflow/example_dags/example_sensor_decorator.py
[2025-03-06T04:38:39.358+0000] {processor.py:914} INFO - Processing file /home/airflow/.local/lib/python3.12/site-packages/airflow/example_dags/example_sensor_decorator.py for tasks to queue
[2025-03-06T04:38:39.360+0000] {logging_mixin.py:190} INFO - [2025-03-06T04:38:39.359+0000] {dagbag.py:588} INFO - Filling up the DagBag from /home/airflow/.local/lib/python3.12/site-packages/airflow/example_dags/example_sensor_decorator.py
[2025-03-06T04:38:39.366+0000] {processor.py:925} INFO - DAG(s) 'example_sensor_decorator' retrieved from /home/airflow/.local/lib/python3.12/site-packages/airflow/example_dags/example_sensor_decorator.py
[2025-03-06T04:38:39.382+0000] {logging_mixin.py:190} INFO - [2025-03-06T04:38:39.382+0000] {dag.py:3239} INFO - Sync 1 DAGs
[2025-03-06T04:38:39.393+0000] {logging_mixin.py:190} INFO - [2025-03-06T04:38:39.393+0000] {dag.py:4180} INFO - Setting next_dagrun for example_sensor_decorator to None, run_after=None
[2025-03-06T04:38:39.408+0000] {processor.py:208} INFO - Processing /home/airflow/.local/lib/python3.12/site-packages/airflow/example_dags/example_sensor_decorator.py took 0.056 seconds
[2025-03-06T04:39:11.705+0000] {processor.py:186} INFO - Started process (PID=15054) to work on /home/airflow/.local/lib/python3.12/site-packages/airflow/example_dags/example_sensor_decorator.py
[2025-03-06T04:39:11.706+0000] {processor.py:914} INFO - Processing file /home/airflow/.local/lib/python3.12/site-packages/airflow/example_dags/example_sensor_decorator.py for tasks to queue
[2025-03-06T04:39:11.708+0000] {logging_mixin.py:190} INFO - [2025-03-06T04:39:11.708+0000] {dagbag.py:588} INFO - Filling up the DagBag from /home/airflow/.local/lib/python3.12/site-packages/airflow/example_dags/example_sensor_decorator.py
[2025-03-06T04:39:11.715+0000] {processor.py:925} INFO - DAG(s) 'example_sensor_decorator' retrieved from /home/airflow/.local/lib/python3.12/site-packages/airflow/example_dags/example_sensor_decorator.py
[2025-03-06T04:39:11.731+0000] {logging_mixin.py:190} INFO - [2025-03-06T04:39:11.731+0000] {dag.py:3239} INFO - Sync 1 DAGs
[2025-03-06T04:39:11.743+0000] {logging_mixin.py:190} INFO - [2025-03-06T04:39:11.743+0000] {dag.py:4180} INFO - Setting next_dagrun for example_sensor_decorator to None, run_after=None
[2025-03-06T04:39:11.759+0000] {processor.py:208} INFO - Processing /home/airflow/.local/lib/python3.12/site-packages/airflow/example_dags/example_sensor_decorator.py took 0.059 seconds
[2025-03-06T04:39:43.212+0000] {processor.py:186} INFO - Started process (PID=15129) to work on /home/airflow/.local/lib/python3.12/site-packages/airflow/example_dags/example_sensor_decorator.py
[2025-03-06T04:39:43.214+0000] {processor.py:914} INFO - Processing file /home/airflow/.local/lib/python3.12/site-packages/airflow/example_dags/example_sensor_decorator.py for tasks to queue
[2025-03-06T04:39:43.216+0000] {logging_mixin.py:190} INFO - [2025-03-06T04:39:43.216+0000] {dagbag.py:588} INFO - Filling up the DagBag from /home/airflow/.local/lib/python3.12/site-packages/airflow/example_dags/example_sensor_decorator.py
[2025-03-06T04:39:43.223+0000] {processor.py:925} INFO - DAG(s) 'example_sensor_decorator' retrieved from /home/airflow/.local/lib/python3.12/site-packages/airflow/example_dags/example_sensor_decorator.py
[2025-03-06T04:39:43.242+0000] {logging_mixin.py:190} INFO - [2025-03-06T04:39:43.242+0000] {dag.py:3239} INFO - Sync 1 DAGs
[2025-03-06T04:39:43.254+0000] {logging_mixin.py:190} INFO - [2025-03-06T04:39:43.254+0000] {dag.py:4180} INFO - Setting next_dagrun for example_sensor_decorator to None, run_after=None
[2025-03-06T04:39:43.273+0000] {processor.py:208} INFO - Processing /home/airflow/.local/lib/python3.12/site-packages/airflow/example_dags/example_sensor_decorator.py took 0.065 seconds
[2025-03-06T04:40:14.390+0000] {processor.py:186} INFO - Started process (PID=15211) to work on /home/airflow/.local/lib/python3.12/site-packages/airflow/example_dags/example_sensor_decorator.py
[2025-03-06T04:40:14.392+0000] {processor.py:914} INFO - Processing file /home/airflow/.local/lib/python3.12/site-packages/airflow/example_dags/example_sensor_decorator.py for tasks to queue
[2025-03-06T04:40:14.394+0000] {logging_mixin.py:190} INFO - [2025-03-06T04:40:14.393+0000] {dagbag.py:588} INFO - Filling up the DagBag from /home/airflow/.local/lib/python3.12/site-packages/airflow/example_dags/example_sensor_decorator.py
[2025-03-06T04:40:14.401+0000] {processor.py:925} INFO - DAG(s) 'example_sensor_decorator' retrieved from /home/airflow/.local/lib/python3.12/site-packages/airflow/example_dags/example_sensor_decorator.py
[2025-03-06T04:40:14.419+0000] {logging_mixin.py:190} INFO - [2025-03-06T04:40:14.419+0000] {dag.py:3239} INFO - Sync 1 DAGs
[2025-03-06T04:40:14.431+0000] {logging_mixin.py:190} INFO - [2025-03-06T04:40:14.431+0000] {dag.py:4180} INFO - Setting next_dagrun for example_sensor_decorator to None, run_after=None
[2025-03-06T04:40:14.449+0000] {processor.py:208} INFO - Processing /home/airflow/.local/lib/python3.12/site-packages/airflow/example_dags/example_sensor_decorator.py took 0.063 seconds
[2025-03-06T04:40:44.879+0000] {processor.py:186} INFO - Started process (PID=15286) to work on /home/airflow/.local/lib/python3.12/site-packages/airflow/example_dags/example_sensor_decorator.py
[2025-03-06T04:40:44.880+0000] {processor.py:914} INFO - Processing file /home/airflow/.local/lib/python3.12/site-packages/airflow/example_dags/example_sensor_decorator.py for tasks to queue
[2025-03-06T04:40:44.883+0000] {logging_mixin.py:190} INFO - [2025-03-06T04:40:44.882+0000] {dagbag.py:588} INFO - Filling up the DagBag from /home/airflow/.local/lib/python3.12/site-packages/airflow/example_dags/example_sensor_decorator.py
[2025-03-06T04:40:44.891+0000] {processor.py:925} INFO - DAG(s) 'example_sensor_decorator' retrieved from /home/airflow/.local/lib/python3.12/site-packages/airflow/example_dags/example_sensor_decorator.py
[2025-03-06T04:40:44.911+0000] {logging_mixin.py:190} INFO - [2025-03-06T04:40:44.910+0000] {dag.py:3239} INFO - Sync 1 DAGs
[2025-03-06T04:40:44.926+0000] {logging_mixin.py:190} INFO - [2025-03-06T04:40:44.926+0000] {dag.py:4180} INFO - Setting next_dagrun for example_sensor_decorator to None, run_after=None
[2025-03-06T04:40:44.944+0000] {processor.py:208} INFO - Processing /home/airflow/.local/lib/python3.12/site-packages/airflow/example_dags/example_sensor_decorator.py took 0.070 seconds
[2025-03-06T04:41:16.479+0000] {processor.py:186} INFO - Started process (PID=15361) to work on /home/airflow/.local/lib/python3.12/site-packages/airflow/example_dags/example_sensor_decorator.py
[2025-03-06T04:41:16.480+0000] {processor.py:914} INFO - Processing file /home/airflow/.local/lib/python3.12/site-packages/airflow/example_dags/example_sensor_decorator.py for tasks to queue
[2025-03-06T04:41:16.482+0000] {logging_mixin.py:190} INFO - [2025-03-06T04:41:16.482+0000] {dagbag.py:588} INFO - Filling up the DagBag from /home/airflow/.local/lib/python3.12/site-packages/airflow/example_dags/example_sensor_decorator.py
[2025-03-06T04:41:16.489+0000] {processor.py:925} INFO - DAG(s) 'example_sensor_decorator' retrieved from /home/airflow/.local/lib/python3.12/site-packages/airflow/example_dags/example_sensor_decorator.py
[2025-03-06T04:41:16.505+0000] {logging_mixin.py:190} INFO - [2025-03-06T04:41:16.505+0000] {dag.py:3239} INFO - Sync 1 DAGs
[2025-03-06T04:41:16.518+0000] {logging_mixin.py:190} INFO - [2025-03-06T04:41:16.518+0000] {dag.py:4180} INFO - Setting next_dagrun for example_sensor_decorator to None, run_after=None
[2025-03-06T04:41:16.534+0000] {processor.py:208} INFO - Processing /home/airflow/.local/lib/python3.12/site-packages/airflow/example_dags/example_sensor_decorator.py took 0.061 seconds
[2025-03-06T04:41:47.528+0000] {processor.py:186} INFO - Started process (PID=15436) to work on /home/airflow/.local/lib/python3.12/site-packages/airflow/example_dags/example_sensor_decorator.py
[2025-03-06T04:41:47.529+0000] {processor.py:914} INFO - Processing file /home/airflow/.local/lib/python3.12/site-packages/airflow/example_dags/example_sensor_decorator.py for tasks to queue
[2025-03-06T04:41:47.531+0000] {logging_mixin.py:190} INFO - [2025-03-06T04:41:47.530+0000] {dagbag.py:588} INFO - Filling up the DagBag from /home/airflow/.local/lib/python3.12/site-packages/airflow/example_dags/example_sensor_decorator.py
[2025-03-06T04:41:47.540+0000] {processor.py:925} INFO - DAG(s) 'example_sensor_decorator' retrieved from /home/airflow/.local/lib/python3.12/site-packages/airflow/example_dags/example_sensor_decorator.py
[2025-03-06T04:41:47.560+0000] {logging_mixin.py:190} INFO - [2025-03-06T04:41:47.560+0000] {dag.py:3239} INFO - Sync 1 DAGs
[2025-03-06T04:41:47.575+0000] {logging_mixin.py:190} INFO - [2025-03-06T04:41:47.575+0000] {dag.py:4180} INFO - Setting next_dagrun for example_sensor_decorator to None, run_after=None
[2025-03-06T04:41:47.613+0000] {processor.py:208} INFO - Processing /home/airflow/.local/lib/python3.12/site-packages/airflow/example_dags/example_sensor_decorator.py took 0.091 seconds
[2025-03-06T04:42:19.070+0000] {processor.py:186} INFO - Started process (PID=15511) to work on /home/airflow/.local/lib/python3.12/site-packages/airflow/example_dags/example_sensor_decorator.py
[2025-03-06T04:42:19.071+0000] {processor.py:914} INFO - Processing file /home/airflow/.local/lib/python3.12/site-packages/airflow/example_dags/example_sensor_decorator.py for tasks to queue
[2025-03-06T04:42:19.074+0000] {logging_mixin.py:190} INFO - [2025-03-06T04:42:19.074+0000] {dagbag.py:588} INFO - Filling up the DagBag from /home/airflow/.local/lib/python3.12/site-packages/airflow/example_dags/example_sensor_decorator.py
[2025-03-06T04:42:19.081+0000] {processor.py:925} INFO - DAG(s) 'example_sensor_decorator' retrieved from /home/airflow/.local/lib/python3.12/site-packages/airflow/example_dags/example_sensor_decorator.py
[2025-03-06T04:42:19.099+0000] {logging_mixin.py:190} INFO - [2025-03-06T04:42:19.099+0000] {dag.py:3239} INFO - Sync 1 DAGs
[2025-03-06T04:42:19.111+0000] {logging_mixin.py:190} INFO - [2025-03-06T04:42:19.111+0000] {dag.py:4180} INFO - Setting next_dagrun for example_sensor_decorator to None, run_after=None
[2025-03-06T04:42:19.127+0000] {processor.py:208} INFO - Processing /home/airflow/.local/lib/python3.12/site-packages/airflow/example_dags/example_sensor_decorator.py took 0.062 seconds
[2025-03-06T11:01:15.622+0000] {processor.py:186} INFO - Started process (PID=141) to work on /home/airflow/.local/lib/python3.12/site-packages/airflow/example_dags/example_sensor_decorator.py
[2025-03-06T11:01:15.626+0000] {processor.py:914} INFO - Processing file /home/airflow/.local/lib/python3.12/site-packages/airflow/example_dags/example_sensor_decorator.py for tasks to queue
[2025-03-06T11:01:15.633+0000] {logging_mixin.py:190} INFO - [2025-03-06T11:01:15.632+0000] {dagbag.py:588} INFO - Filling up the DagBag from /home/airflow/.local/lib/python3.12/site-packages/airflow/example_dags/example_sensor_decorator.py
[2025-03-06T11:01:15.657+0000] {processor.py:925} INFO - DAG(s) 'example_sensor_decorator' retrieved from /home/airflow/.local/lib/python3.12/site-packages/airflow/example_dags/example_sensor_decorator.py
[2025-03-06T11:01:15.720+0000] {logging_mixin.py:190} INFO - [2025-03-06T11:01:15.719+0000] {dag.py:3239} INFO - Sync 1 DAGs
[2025-03-06T11:01:15.765+0000] {logging_mixin.py:190} INFO - [2025-03-06T11:01:15.765+0000] {dag.py:4180} INFO - Setting next_dagrun for example_sensor_decorator to None, run_after=None
[2025-03-06T11:01:15.809+0000] {processor.py:208} INFO - Processing /home/airflow/.local/lib/python3.12/site-packages/airflow/example_dags/example_sensor_decorator.py took 0.202 seconds
[2025-03-06T11:01:47.531+0000] {processor.py:186} INFO - Started process (PID=216) to work on /home/airflow/.local/lib/python3.12/site-packages/airflow/example_dags/example_sensor_decorator.py
[2025-03-06T11:01:47.533+0000] {processor.py:914} INFO - Processing file /home/airflow/.local/lib/python3.12/site-packages/airflow/example_dags/example_sensor_decorator.py for tasks to queue
[2025-03-06T11:01:47.535+0000] {logging_mixin.py:190} INFO - [2025-03-06T11:01:47.535+0000] {dagbag.py:588} INFO - Filling up the DagBag from /home/airflow/.local/lib/python3.12/site-packages/airflow/example_dags/example_sensor_decorator.py
[2025-03-06T11:01:47.543+0000] {processor.py:925} INFO - DAG(s) 'example_sensor_decorator' retrieved from /home/airflow/.local/lib/python3.12/site-packages/airflow/example_dags/example_sensor_decorator.py
[2025-03-06T11:01:47.560+0000] {logging_mixin.py:190} INFO - [2025-03-06T11:01:47.560+0000] {dag.py:3239} INFO - Sync 1 DAGs
[2025-03-06T11:01:47.572+0000] {logging_mixin.py:190} INFO - [2025-03-06T11:01:47.572+0000] {dag.py:4180} INFO - Setting next_dagrun for example_sensor_decorator to None, run_after=None
[2025-03-06T11:01:47.602+0000] {processor.py:208} INFO - Processing /home/airflow/.local/lib/python3.12/site-packages/airflow/example_dags/example_sensor_decorator.py took 0.076 seconds
[2025-03-06T11:02:18.481+0000] {processor.py:186} INFO - Started process (PID=291) to work on /home/airflow/.local/lib/python3.12/site-packages/airflow/example_dags/example_sensor_decorator.py
[2025-03-06T11:02:18.483+0000] {processor.py:914} INFO - Processing file /home/airflow/.local/lib/python3.12/site-packages/airflow/example_dags/example_sensor_decorator.py for tasks to queue
[2025-03-06T11:02:18.485+0000] {logging_mixin.py:190} INFO - [2025-03-06T11:02:18.484+0000] {dagbag.py:588} INFO - Filling up the DagBag from /home/airflow/.local/lib/python3.12/site-packages/airflow/example_dags/example_sensor_decorator.py
[2025-03-06T11:02:18.492+0000] {processor.py:925} INFO - DAG(s) 'example_sensor_decorator' retrieved from /home/airflow/.local/lib/python3.12/site-packages/airflow/example_dags/example_sensor_decorator.py
[2025-03-06T11:02:18.508+0000] {logging_mixin.py:190} INFO - [2025-03-06T11:02:18.508+0000] {dag.py:3239} INFO - Sync 1 DAGs
[2025-03-06T11:02:18.520+0000] {logging_mixin.py:190} INFO - [2025-03-06T11:02:18.520+0000] {dag.py:4180} INFO - Setting next_dagrun for example_sensor_decorator to None, run_after=None
[2025-03-06T11:02:18.533+0000] {processor.py:208} INFO - Processing /home/airflow/.local/lib/python3.12/site-packages/airflow/example_dags/example_sensor_decorator.py took 0.057 seconds
[2025-03-06T11:02:49.720+0000] {processor.py:186} INFO - Started process (PID=366) to work on /home/airflow/.local/lib/python3.12/site-packages/airflow/example_dags/example_sensor_decorator.py
[2025-03-06T11:02:49.721+0000] {processor.py:914} INFO - Processing file /home/airflow/.local/lib/python3.12/site-packages/airflow/example_dags/example_sensor_decorator.py for tasks to queue
[2025-03-06T11:02:49.725+0000] {logging_mixin.py:190} INFO - [2025-03-06T11:02:49.725+0000] {dagbag.py:588} INFO - Filling up the DagBag from /home/airflow/.local/lib/python3.12/site-packages/airflow/example_dags/example_sensor_decorator.py
[2025-03-06T11:02:49.738+0000] {processor.py:925} INFO - DAG(s) 'example_sensor_decorator' retrieved from /home/airflow/.local/lib/python3.12/site-packages/airflow/example_dags/example_sensor_decorator.py
[2025-03-06T11:02:49.764+0000] {logging_mixin.py:190} INFO - [2025-03-06T11:02:49.763+0000] {dag.py:3239} INFO - Sync 1 DAGs
[2025-03-06T11:02:49.782+0000] {logging_mixin.py:190} INFO - [2025-03-06T11:02:49.782+0000] {dag.py:4180} INFO - Setting next_dagrun for example_sensor_decorator to None, run_after=None
[2025-03-06T11:02:49.809+0000] {processor.py:208} INFO - Processing /home/airflow/.local/lib/python3.12/site-packages/airflow/example_dags/example_sensor_decorator.py took 0.099 seconds
[2025-03-06T11:03:20.265+0000] {processor.py:186} INFO - Started process (PID=442) to work on /home/airflow/.local/lib/python3.12/site-packages/airflow/example_dags/example_sensor_decorator.py
[2025-03-06T11:03:20.266+0000] {processor.py:914} INFO - Processing file /home/airflow/.local/lib/python3.12/site-packages/airflow/example_dags/example_sensor_decorator.py for tasks to queue
[2025-03-06T11:03:20.269+0000] {logging_mixin.py:190} INFO - [2025-03-06T11:03:20.268+0000] {dagbag.py:588} INFO - Filling up the DagBag from /home/airflow/.local/lib/python3.12/site-packages/airflow/example_dags/example_sensor_decorator.py
[2025-03-06T11:03:20.276+0000] {processor.py:925} INFO - DAG(s) 'example_sensor_decorator' retrieved from /home/airflow/.local/lib/python3.12/site-packages/airflow/example_dags/example_sensor_decorator.py
[2025-03-06T11:03:20.293+0000] {logging_mixin.py:190} INFO - [2025-03-06T11:03:20.293+0000] {dag.py:3239} INFO - Sync 1 DAGs
[2025-03-06T11:03:20.306+0000] {logging_mixin.py:190} INFO - [2025-03-06T11:03:20.306+0000] {dag.py:4180} INFO - Setting next_dagrun for example_sensor_decorator to None, run_after=None
[2025-03-06T11:03:20.327+0000] {processor.py:208} INFO - Processing /home/airflow/.local/lib/python3.12/site-packages/airflow/example_dags/example_sensor_decorator.py took 0.066 seconds
[2025-03-06T11:03:50.660+0000] {processor.py:186} INFO - Started process (PID=516) to work on /home/airflow/.local/lib/python3.12/site-packages/airflow/example_dags/example_sensor_decorator.py
[2025-03-06T11:03:50.661+0000] {processor.py:914} INFO - Processing file /home/airflow/.local/lib/python3.12/site-packages/airflow/example_dags/example_sensor_decorator.py for tasks to queue
[2025-03-06T11:03:50.664+0000] {logging_mixin.py:190} INFO - [2025-03-06T11:03:50.663+0000] {dagbag.py:588} INFO - Filling up the DagBag from /home/airflow/.local/lib/python3.12/site-packages/airflow/example_dags/example_sensor_decorator.py
[2025-03-06T11:03:50.672+0000] {processor.py:925} INFO - DAG(s) 'example_sensor_decorator' retrieved from /home/airflow/.local/lib/python3.12/site-packages/airflow/example_dags/example_sensor_decorator.py
[2025-03-06T11:03:50.692+0000] {logging_mixin.py:190} INFO - [2025-03-06T11:03:50.691+0000] {dag.py:3239} INFO - Sync 1 DAGs
[2025-03-06T11:03:50.705+0000] {logging_mixin.py:190} INFO - [2025-03-06T11:03:50.705+0000] {dag.py:4180} INFO - Setting next_dagrun for example_sensor_decorator to None, run_after=None
[2025-03-06T11:03:50.724+0000] {processor.py:208} INFO - Processing /home/airflow/.local/lib/python3.12/site-packages/airflow/example_dags/example_sensor_decorator.py took 0.069 seconds
[2025-03-06T11:04:21.082+0000] {processor.py:186} INFO - Started process (PID=590) to work on /home/airflow/.local/lib/python3.12/site-packages/airflow/example_dags/example_sensor_decorator.py
[2025-03-06T11:04:21.084+0000] {processor.py:914} INFO - Processing file /home/airflow/.local/lib/python3.12/site-packages/airflow/example_dags/example_sensor_decorator.py for tasks to queue
[2025-03-06T11:04:21.086+0000] {logging_mixin.py:190} INFO - [2025-03-06T11:04:21.086+0000] {dagbag.py:588} INFO - Filling up the DagBag from /home/airflow/.local/lib/python3.12/site-packages/airflow/example_dags/example_sensor_decorator.py
[2025-03-06T11:04:21.097+0000] {processor.py:925} INFO - DAG(s) 'example_sensor_decorator' retrieved from /home/airflow/.local/lib/python3.12/site-packages/airflow/example_dags/example_sensor_decorator.py
[2025-03-06T11:04:21.118+0000] {logging_mixin.py:190} INFO - [2025-03-06T11:04:21.117+0000] {dag.py:3239} INFO - Sync 1 DAGs
[2025-03-06T11:04:21.131+0000] {logging_mixin.py:190} INFO - [2025-03-06T11:04:21.130+0000] {dag.py:4180} INFO - Setting next_dagrun for example_sensor_decorator to None, run_after=None
[2025-03-06T11:04:21.148+0000] {processor.py:208} INFO - Processing /home/airflow/.local/lib/python3.12/site-packages/airflow/example_dags/example_sensor_decorator.py took 0.071 seconds
[2025-03-06T11:04:51.599+0000] {processor.py:186} INFO - Started process (PID=665) to work on /home/airflow/.local/lib/python3.12/site-packages/airflow/example_dags/example_sensor_decorator.py
[2025-03-06T11:04:51.601+0000] {processor.py:914} INFO - Processing file /home/airflow/.local/lib/python3.12/site-packages/airflow/example_dags/example_sensor_decorator.py for tasks to queue
[2025-03-06T11:04:51.603+0000] {logging_mixin.py:190} INFO - [2025-03-06T11:04:51.603+0000] {dagbag.py:588} INFO - Filling up the DagBag from /home/airflow/.local/lib/python3.12/site-packages/airflow/example_dags/example_sensor_decorator.py
[2025-03-06T11:04:51.610+0000] {processor.py:925} INFO - DAG(s) 'example_sensor_decorator' retrieved from /home/airflow/.local/lib/python3.12/site-packages/airflow/example_dags/example_sensor_decorator.py
[2025-03-06T11:04:51.630+0000] {logging_mixin.py:190} INFO - [2025-03-06T11:04:51.630+0000] {dag.py:3239} INFO - Sync 1 DAGs
[2025-03-06T11:04:51.643+0000] {logging_mixin.py:190} INFO - [2025-03-06T11:04:51.642+0000] {dag.py:4180} INFO - Setting next_dagrun for example_sensor_decorator to None, run_after=None
[2025-03-06T11:04:51.664+0000] {processor.py:208} INFO - Processing /home/airflow/.local/lib/python3.12/site-packages/airflow/example_dags/example_sensor_decorator.py took 0.070 seconds
[2025-03-06T11:05:21.921+0000] {processor.py:186} INFO - Started process (PID=764) to work on /home/airflow/.local/lib/python3.12/site-packages/airflow/example_dags/example_sensor_decorator.py
[2025-03-06T11:05:21.923+0000] {processor.py:914} INFO - Processing file /home/airflow/.local/lib/python3.12/site-packages/airflow/example_dags/example_sensor_decorator.py for tasks to queue
[2025-03-06T11:05:21.926+0000] {logging_mixin.py:190} INFO - [2025-03-06T11:05:21.926+0000] {dagbag.py:588} INFO - Filling up the DagBag from /home/airflow/.local/lib/python3.12/site-packages/airflow/example_dags/example_sensor_decorator.py
[2025-03-06T11:05:21.940+0000] {processor.py:925} INFO - DAG(s) 'example_sensor_decorator' retrieved from /home/airflow/.local/lib/python3.12/site-packages/airflow/example_dags/example_sensor_decorator.py
[2025-03-06T11:05:21.971+0000] {logging_mixin.py:190} INFO - [2025-03-06T11:05:21.971+0000] {dag.py:3239} INFO - Sync 1 DAGs
[2025-03-06T11:05:21.992+0000] {logging_mixin.py:190} INFO - [2025-03-06T11:05:21.992+0000] {dag.py:4180} INFO - Setting next_dagrun for example_sensor_decorator to None, run_after=None
[2025-03-06T11:05:22.023+0000] {processor.py:208} INFO - Processing /home/airflow/.local/lib/python3.12/site-packages/airflow/example_dags/example_sensor_decorator.py took 0.110 seconds
[2025-03-06T11:05:52.508+0000] {processor.py:186} INFO - Started process (PID=838) to work on /home/airflow/.local/lib/python3.12/site-packages/airflow/example_dags/example_sensor_decorator.py
[2025-03-06T11:05:52.509+0000] {processor.py:914} INFO - Processing file /home/airflow/.local/lib/python3.12/site-packages/airflow/example_dags/example_sensor_decorator.py for tasks to queue
[2025-03-06T11:05:52.513+0000] {logging_mixin.py:190} INFO - [2025-03-06T11:05:52.512+0000] {dagbag.py:588} INFO - Filling up the DagBag from /home/airflow/.local/lib/python3.12/site-packages/airflow/example_dags/example_sensor_decorator.py
[2025-03-06T11:05:52.526+0000] {processor.py:925} INFO - DAG(s) 'example_sensor_decorator' retrieved from /home/airflow/.local/lib/python3.12/site-packages/airflow/example_dags/example_sensor_decorator.py
[2025-03-06T11:05:52.544+0000] {logging_mixin.py:190} INFO - [2025-03-06T11:05:52.543+0000] {dag.py:3239} INFO - Sync 1 DAGs
[2025-03-06T11:05:52.556+0000] {logging_mixin.py:190} INFO - [2025-03-06T11:05:52.555+0000] {dag.py:4180} INFO - Setting next_dagrun for example_sensor_decorator to None, run_after=None
[2025-03-06T11:05:52.583+0000] {processor.py:208} INFO - Processing /home/airflow/.local/lib/python3.12/site-packages/airflow/example_dags/example_sensor_decorator.py took 0.082 seconds
[2025-03-06T11:07:41.131+0000] {processor.py:186} INFO - Started process (PID=950) to work on /home/airflow/.local/lib/python3.12/site-packages/airflow/example_dags/example_sensor_decorator.py
[2025-03-06T11:07:41.135+0000] {processor.py:914} INFO - Processing file /home/airflow/.local/lib/python3.12/site-packages/airflow/example_dags/example_sensor_decorator.py for tasks to queue
[2025-03-06T11:07:41.143+0000] {logging_mixin.py:190} INFO - [2025-03-06T11:07:41.141+0000] {dagbag.py:588} INFO - Filling up the DagBag from /home/airflow/.local/lib/python3.12/site-packages/airflow/example_dags/example_sensor_decorator.py
[2025-03-06T11:07:41.223+0000] {processor.py:925} INFO - DAG(s) 'example_sensor_decorator' retrieved from /home/airflow/.local/lib/python3.12/site-packages/airflow/example_dags/example_sensor_decorator.py
[2025-03-06T11:07:41.307+0000] {logging_mixin.py:190} INFO - [2025-03-06T11:07:41.306+0000] {dag.py:3239} INFO - Sync 1 DAGs
[2025-03-06T11:07:41.352+0000] {logging_mixin.py:190} INFO - [2025-03-06T11:07:41.351+0000] {dag.py:4180} INFO - Setting next_dagrun for example_sensor_decorator to None, run_after=None
[2025-03-06T11:07:41.401+0000] {processor.py:208} INFO - Processing /home/airflow/.local/lib/python3.12/site-packages/airflow/example_dags/example_sensor_decorator.py took 0.299 seconds
[2025-03-06T11:08:12.285+0000] {processor.py:186} INFO - Started process (PID=1031) to work on /home/airflow/.local/lib/python3.12/site-packages/airflow/example_dags/example_sensor_decorator.py
[2025-03-06T11:08:12.286+0000] {processor.py:914} INFO - Processing file /home/airflow/.local/lib/python3.12/site-packages/airflow/example_dags/example_sensor_decorator.py for tasks to queue
[2025-03-06T11:08:12.288+0000] {logging_mixin.py:190} INFO - [2025-03-06T11:08:12.287+0000] {dagbag.py:588} INFO - Filling up the DagBag from /home/airflow/.local/lib/python3.12/site-packages/airflow/example_dags/example_sensor_decorator.py
[2025-03-06T11:08:12.297+0000] {processor.py:925} INFO - DAG(s) 'example_sensor_decorator' retrieved from /home/airflow/.local/lib/python3.12/site-packages/airflow/example_dags/example_sensor_decorator.py
[2025-03-06T11:08:12.318+0000] {logging_mixin.py:190} INFO - [2025-03-06T11:08:12.318+0000] {dag.py:3239} INFO - Sync 1 DAGs
[2025-03-06T11:08:12.333+0000] {logging_mixin.py:190} INFO - [2025-03-06T11:08:12.333+0000] {dag.py:4180} INFO - Setting next_dagrun for example_sensor_decorator to None, run_after=None
[2025-03-06T11:08:12.353+0000] {processor.py:208} INFO - Processing /home/airflow/.local/lib/python3.12/site-packages/airflow/example_dags/example_sensor_decorator.py took 0.072 seconds
[2025-03-06T11:08:42.950+0000] {processor.py:186} INFO - Started process (PID=1106) to work on /home/airflow/.local/lib/python3.12/site-packages/airflow/example_dags/example_sensor_decorator.py
[2025-03-06T11:08:42.951+0000] {processor.py:914} INFO - Processing file /home/airflow/.local/lib/python3.12/site-packages/airflow/example_dags/example_sensor_decorator.py for tasks to queue
[2025-03-06T11:08:42.952+0000] {logging_mixin.py:190} INFO - [2025-03-06T11:08:42.952+0000] {dagbag.py:588} INFO - Filling up the DagBag from /home/airflow/.local/lib/python3.12/site-packages/airflow/example_dags/example_sensor_decorator.py
[2025-03-06T11:08:42.966+0000] {processor.py:925} INFO - DAG(s) 'example_sensor_decorator' retrieved from /home/airflow/.local/lib/python3.12/site-packages/airflow/example_dags/example_sensor_decorator.py
[2025-03-06T11:08:42.984+0000] {logging_mixin.py:190} INFO - [2025-03-06T11:08:42.983+0000] {dag.py:3239} INFO - Sync 1 DAGs
[2025-03-06T11:08:42.997+0000] {logging_mixin.py:190} INFO - [2025-03-06T11:08:42.997+0000] {dag.py:4180} INFO - Setting next_dagrun for example_sensor_decorator to None, run_after=None
[2025-03-06T11:08:43.016+0000] {processor.py:208} INFO - Processing /home/airflow/.local/lib/python3.12/site-packages/airflow/example_dags/example_sensor_decorator.py took 0.070 seconds
[2025-03-06T11:09:13.665+0000] {processor.py:186} INFO - Started process (PID=1181) to work on /home/airflow/.local/lib/python3.12/site-packages/airflow/example_dags/example_sensor_decorator.py
[2025-03-06T11:09:13.667+0000] {processor.py:914} INFO - Processing file /home/airflow/.local/lib/python3.12/site-packages/airflow/example_dags/example_sensor_decorator.py for tasks to queue
[2025-03-06T11:09:13.668+0000] {logging_mixin.py:190} INFO - [2025-03-06T11:09:13.668+0000] {dagbag.py:588} INFO - Filling up the DagBag from /home/airflow/.local/lib/python3.12/site-packages/airflow/example_dags/example_sensor_decorator.py
[2025-03-06T11:09:13.677+0000] {processor.py:925} INFO - DAG(s) 'example_sensor_decorator' retrieved from /home/airflow/.local/lib/python3.12/site-packages/airflow/example_dags/example_sensor_decorator.py
[2025-03-06T11:09:13.700+0000] {logging_mixin.py:190} INFO - [2025-03-06T11:09:13.699+0000] {dag.py:3239} INFO - Sync 1 DAGs
[2025-03-06T11:09:13.716+0000] {logging_mixin.py:190} INFO - [2025-03-06T11:09:13.716+0000] {dag.py:4180} INFO - Setting next_dagrun for example_sensor_decorator to None, run_after=None
[2025-03-06T11:09:13.737+0000] {processor.py:208} INFO - Processing /home/airflow/.local/lib/python3.12/site-packages/airflow/example_dags/example_sensor_decorator.py took 0.077 seconds
[2025-03-06T11:09:44.937+0000] {processor.py:186} INFO - Started process (PID=1256) to work on /home/airflow/.local/lib/python3.12/site-packages/airflow/example_dags/example_sensor_decorator.py
[2025-03-06T11:09:44.939+0000] {processor.py:914} INFO - Processing file /home/airflow/.local/lib/python3.12/site-packages/airflow/example_dags/example_sensor_decorator.py for tasks to queue
[2025-03-06T11:09:44.940+0000] {logging_mixin.py:190} INFO - [2025-03-06T11:09:44.940+0000] {dagbag.py:588} INFO - Filling up the DagBag from /home/airflow/.local/lib/python3.12/site-packages/airflow/example_dags/example_sensor_decorator.py
[2025-03-06T11:09:44.949+0000] {processor.py:925} INFO - DAG(s) 'example_sensor_decorator' retrieved from /home/airflow/.local/lib/python3.12/site-packages/airflow/example_dags/example_sensor_decorator.py
[2025-03-06T11:09:44.968+0000] {logging_mixin.py:190} INFO - [2025-03-06T11:09:44.968+0000] {dag.py:3239} INFO - Sync 1 DAGs
[2025-03-06T11:09:44.982+0000] {logging_mixin.py:190} INFO - [2025-03-06T11:09:44.981+0000] {dag.py:4180} INFO - Setting next_dagrun for example_sensor_decorator to None, run_after=None
[2025-03-06T11:09:45.005+0000] {processor.py:208} INFO - Processing /home/airflow/.local/lib/python3.12/site-packages/airflow/example_dags/example_sensor_decorator.py took 0.073 seconds
[2025-03-06T11:10:15.818+0000] {processor.py:186} INFO - Started process (PID=1331) to work on /home/airflow/.local/lib/python3.12/site-packages/airflow/example_dags/example_sensor_decorator.py
[2025-03-06T11:10:15.820+0000] {processor.py:914} INFO - Processing file /home/airflow/.local/lib/python3.12/site-packages/airflow/example_dags/example_sensor_decorator.py for tasks to queue
[2025-03-06T11:10:15.821+0000] {logging_mixin.py:190} INFO - [2025-03-06T11:10:15.821+0000] {dagbag.py:588} INFO - Filling up the DagBag from /home/airflow/.local/lib/python3.12/site-packages/airflow/example_dags/example_sensor_decorator.py
[2025-03-06T11:10:15.829+0000] {processor.py:925} INFO - DAG(s) 'example_sensor_decorator' retrieved from /home/airflow/.local/lib/python3.12/site-packages/airflow/example_dags/example_sensor_decorator.py
[2025-03-06T11:10:15.846+0000] {logging_mixin.py:190} INFO - [2025-03-06T11:10:15.846+0000] {dag.py:3239} INFO - Sync 1 DAGs
[2025-03-06T11:10:15.859+0000] {logging_mixin.py:190} INFO - [2025-03-06T11:10:15.859+0000] {dag.py:4180} INFO - Setting next_dagrun for example_sensor_decorator to None, run_after=None
[2025-03-06T11:10:15.875+0000] {processor.py:208} INFO - Processing /home/airflow/.local/lib/python3.12/site-packages/airflow/example_dags/example_sensor_decorator.py took 0.062 seconds
[2025-03-06T11:10:46.929+0000] {processor.py:186} INFO - Started process (PID=1407) to work on /home/airflow/.local/lib/python3.12/site-packages/airflow/example_dags/example_sensor_decorator.py
[2025-03-06T11:10:46.930+0000] {processor.py:914} INFO - Processing file /home/airflow/.local/lib/python3.12/site-packages/airflow/example_dags/example_sensor_decorator.py for tasks to queue
[2025-03-06T11:10:46.932+0000] {logging_mixin.py:190} INFO - [2025-03-06T11:10:46.932+0000] {dagbag.py:588} INFO - Filling up the DagBag from /home/airflow/.local/lib/python3.12/site-packages/airflow/example_dags/example_sensor_decorator.py
[2025-03-06T11:10:46.940+0000] {processor.py:925} INFO - DAG(s) 'example_sensor_decorator' retrieved from /home/airflow/.local/lib/python3.12/site-packages/airflow/example_dags/example_sensor_decorator.py
[2025-03-06T11:10:46.958+0000] {logging_mixin.py:190} INFO - [2025-03-06T11:10:46.958+0000] {dag.py:3239} INFO - Sync 1 DAGs
[2025-03-06T11:10:46.971+0000] {logging_mixin.py:190} INFO - [2025-03-06T11:10:46.970+0000] {dag.py:4180} INFO - Setting next_dagrun for example_sensor_decorator to None, run_after=None
[2025-03-06T11:10:46.987+0000] {processor.py:208} INFO - Processing /home/airflow/.local/lib/python3.12/site-packages/airflow/example_dags/example_sensor_decorator.py took 0.063 seconds
[2025-03-06T11:11:18.197+0000] {processor.py:186} INFO - Started process (PID=1482) to work on /home/airflow/.local/lib/python3.12/site-packages/airflow/example_dags/example_sensor_decorator.py
[2025-03-06T11:11:18.198+0000] {processor.py:914} INFO - Processing file /home/airflow/.local/lib/python3.12/site-packages/airflow/example_dags/example_sensor_decorator.py for tasks to queue
[2025-03-06T11:11:18.200+0000] {logging_mixin.py:190} INFO - [2025-03-06T11:11:18.199+0000] {dagbag.py:588} INFO - Filling up the DagBag from /home/airflow/.local/lib/python3.12/site-packages/airflow/example_dags/example_sensor_decorator.py
[2025-03-06T11:11:18.207+0000] {processor.py:925} INFO - DAG(s) 'example_sensor_decorator' retrieved from /home/airflow/.local/lib/python3.12/site-packages/airflow/example_dags/example_sensor_decorator.py
[2025-03-06T11:11:18.226+0000] {logging_mixin.py:190} INFO - [2025-03-06T11:11:18.226+0000] {dag.py:3239} INFO - Sync 1 DAGs
[2025-03-06T11:11:18.238+0000] {logging_mixin.py:190} INFO - [2025-03-06T11:11:18.238+0000] {dag.py:4180} INFO - Setting next_dagrun for example_sensor_decorator to None, run_after=None
[2025-03-06T11:11:18.256+0000] {processor.py:208} INFO - Processing /home/airflow/.local/lib/python3.12/site-packages/airflow/example_dags/example_sensor_decorator.py took 0.064 seconds
[2025-03-06T11:11:49.115+0000] {processor.py:186} INFO - Started process (PID=1557) to work on /home/airflow/.local/lib/python3.12/site-packages/airflow/example_dags/example_sensor_decorator.py
[2025-03-06T11:11:49.116+0000] {processor.py:914} INFO - Processing file /home/airflow/.local/lib/python3.12/site-packages/airflow/example_dags/example_sensor_decorator.py for tasks to queue
[2025-03-06T11:11:49.117+0000] {logging_mixin.py:190} INFO - [2025-03-06T11:11:49.117+0000] {dagbag.py:588} INFO - Filling up the DagBag from /home/airflow/.local/lib/python3.12/site-packages/airflow/example_dags/example_sensor_decorator.py
[2025-03-06T11:11:49.126+0000] {processor.py:925} INFO - DAG(s) 'example_sensor_decorator' retrieved from /home/airflow/.local/lib/python3.12/site-packages/airflow/example_dags/example_sensor_decorator.py
[2025-03-06T11:11:49.146+0000] {logging_mixin.py:190} INFO - [2025-03-06T11:11:49.145+0000] {dag.py:3239} INFO - Sync 1 DAGs
[2025-03-06T11:11:49.161+0000] {logging_mixin.py:190} INFO - [2025-03-06T11:11:49.161+0000] {dag.py:4180} INFO - Setting next_dagrun for example_sensor_decorator to None, run_after=None
[2025-03-06T11:11:49.182+0000] {processor.py:208} INFO - Processing /home/airflow/.local/lib/python3.12/site-packages/airflow/example_dags/example_sensor_decorator.py took 0.073 seconds
[2025-03-06T11:12:20.016+0000] {processor.py:186} INFO - Started process (PID=1632) to work on /home/airflow/.local/lib/python3.12/site-packages/airflow/example_dags/example_sensor_decorator.py
[2025-03-06T11:12:20.017+0000] {processor.py:914} INFO - Processing file /home/airflow/.local/lib/python3.12/site-packages/airflow/example_dags/example_sensor_decorator.py for tasks to queue
[2025-03-06T11:12:20.018+0000] {logging_mixin.py:190} INFO - [2025-03-06T11:12:20.018+0000] {dagbag.py:588} INFO - Filling up the DagBag from /home/airflow/.local/lib/python3.12/site-packages/airflow/example_dags/example_sensor_decorator.py
[2025-03-06T11:12:20.026+0000] {processor.py:925} INFO - DAG(s) 'example_sensor_decorator' retrieved from /home/airflow/.local/lib/python3.12/site-packages/airflow/example_dags/example_sensor_decorator.py
[2025-03-06T11:12:20.046+0000] {logging_mixin.py:190} INFO - [2025-03-06T11:12:20.046+0000] {dag.py:3239} INFO - Sync 1 DAGs
[2025-03-06T11:12:20.059+0000] {logging_mixin.py:190} INFO - [2025-03-06T11:12:20.059+0000] {dag.py:4180} INFO - Setting next_dagrun for example_sensor_decorator to None, run_after=None
[2025-03-06T11:12:20.082+0000] {processor.py:208} INFO - Processing /home/airflow/.local/lib/python3.12/site-packages/airflow/example_dags/example_sensor_decorator.py took 0.071 seconds
[2025-03-06T11:12:51.410+0000] {processor.py:186} INFO - Started process (PID=1707) to work on /home/airflow/.local/lib/python3.12/site-packages/airflow/example_dags/example_sensor_decorator.py
[2025-03-06T11:12:51.411+0000] {processor.py:914} INFO - Processing file /home/airflow/.local/lib/python3.12/site-packages/airflow/example_dags/example_sensor_decorator.py for tasks to queue
[2025-03-06T11:12:51.412+0000] {logging_mixin.py:190} INFO - [2025-03-06T11:12:51.412+0000] {dagbag.py:588} INFO - Filling up the DagBag from /home/airflow/.local/lib/python3.12/site-packages/airflow/example_dags/example_sensor_decorator.py
[2025-03-06T11:12:51.422+0000] {processor.py:925} INFO - DAG(s) 'example_sensor_decorator' retrieved from /home/airflow/.local/lib/python3.12/site-packages/airflow/example_dags/example_sensor_decorator.py
[2025-03-06T11:12:51.440+0000] {logging_mixin.py:190} INFO - [2025-03-06T11:12:51.439+0000] {dag.py:3239} INFO - Sync 1 DAGs
[2025-03-06T11:12:51.452+0000] {logging_mixin.py:190} INFO - [2025-03-06T11:12:51.452+0000] {dag.py:4180} INFO - Setting next_dagrun for example_sensor_decorator to None, run_after=None
[2025-03-06T11:12:51.471+0000] {processor.py:208} INFO - Processing /home/airflow/.local/lib/python3.12/site-packages/airflow/example_dags/example_sensor_decorator.py took 0.066 seconds
[2025-03-06T11:13:23.012+0000] {processor.py:186} INFO - Started process (PID=1782) to work on /home/airflow/.local/lib/python3.12/site-packages/airflow/example_dags/example_sensor_decorator.py
[2025-03-06T11:13:23.013+0000] {processor.py:914} INFO - Processing file /home/airflow/.local/lib/python3.12/site-packages/airflow/example_dags/example_sensor_decorator.py for tasks to queue
[2025-03-06T11:13:23.015+0000] {logging_mixin.py:190} INFO - [2025-03-06T11:13:23.015+0000] {dagbag.py:588} INFO - Filling up the DagBag from /home/airflow/.local/lib/python3.12/site-packages/airflow/example_dags/example_sensor_decorator.py
[2025-03-06T11:13:23.024+0000] {processor.py:925} INFO - DAG(s) 'example_sensor_decorator' retrieved from /home/airflow/.local/lib/python3.12/site-packages/airflow/example_dags/example_sensor_decorator.py
[2025-03-06T11:13:23.044+0000] {logging_mixin.py:190} INFO - [2025-03-06T11:13:23.044+0000] {dag.py:3239} INFO - Sync 1 DAGs
[2025-03-06T11:13:23.057+0000] {logging_mixin.py:190} INFO - [2025-03-06T11:13:23.057+0000] {dag.py:4180} INFO - Setting next_dagrun for example_sensor_decorator to None, run_after=None
[2025-03-06T11:13:23.079+0000] {processor.py:208} INFO - Processing /home/airflow/.local/lib/python3.12/site-packages/airflow/example_dags/example_sensor_decorator.py took 0.072 seconds
[2025-03-06T11:13:54.240+0000] {processor.py:186} INFO - Started process (PID=1857) to work on /home/airflow/.local/lib/python3.12/site-packages/airflow/example_dags/example_sensor_decorator.py
[2025-03-06T11:13:54.242+0000] {processor.py:914} INFO - Processing file /home/airflow/.local/lib/python3.12/site-packages/airflow/example_dags/example_sensor_decorator.py for tasks to queue
[2025-03-06T11:13:54.243+0000] {logging_mixin.py:190} INFO - [2025-03-06T11:13:54.243+0000] {dagbag.py:588} INFO - Filling up the DagBag from /home/airflow/.local/lib/python3.12/site-packages/airflow/example_dags/example_sensor_decorator.py
[2025-03-06T11:13:54.252+0000] {processor.py:925} INFO - DAG(s) 'example_sensor_decorator' retrieved from /home/airflow/.local/lib/python3.12/site-packages/airflow/example_dags/example_sensor_decorator.py
[2025-03-06T11:13:54.270+0000] {logging_mixin.py:190} INFO - [2025-03-06T11:13:54.270+0000] {dag.py:3239} INFO - Sync 1 DAGs
[2025-03-06T11:13:54.282+0000] {logging_mixin.py:190} INFO - [2025-03-06T11:13:54.282+0000] {dag.py:4180} INFO - Setting next_dagrun for example_sensor_decorator to None, run_after=None
[2025-03-06T11:13:54.299+0000] {processor.py:208} INFO - Processing /home/airflow/.local/lib/python3.12/site-packages/airflow/example_dags/example_sensor_decorator.py took 0.064 seconds
[2025-03-06T11:14:26.166+0000] {processor.py:186} INFO - Started process (PID=1935) to work on /home/airflow/.local/lib/python3.12/site-packages/airflow/example_dags/example_sensor_decorator.py
[2025-03-06T11:14:26.168+0000] {processor.py:914} INFO - Processing file /home/airflow/.local/lib/python3.12/site-packages/airflow/example_dags/example_sensor_decorator.py for tasks to queue
[2025-03-06T11:14:26.170+0000] {logging_mixin.py:190} INFO - [2025-03-06T11:14:26.169+0000] {dagbag.py:588} INFO - Filling up the DagBag from /home/airflow/.local/lib/python3.12/site-packages/airflow/example_dags/example_sensor_decorator.py
[2025-03-06T11:14:26.180+0000] {processor.py:925} INFO - DAG(s) 'example_sensor_decorator' retrieved from /home/airflow/.local/lib/python3.12/site-packages/airflow/example_dags/example_sensor_decorator.py
[2025-03-06T11:14:26.200+0000] {logging_mixin.py:190} INFO - [2025-03-06T11:14:26.199+0000] {dag.py:3239} INFO - Sync 1 DAGs
[2025-03-06T11:14:26.212+0000] {logging_mixin.py:190} INFO - [2025-03-06T11:14:26.212+0000] {dag.py:4180} INFO - Setting next_dagrun for example_sensor_decorator to None, run_after=None
[2025-03-06T11:14:26.234+0000] {processor.py:208} INFO - Processing /home/airflow/.local/lib/python3.12/site-packages/airflow/example_dags/example_sensor_decorator.py took 0.073 seconds
[2025-03-06T11:14:57.307+0000] {processor.py:186} INFO - Started process (PID=2011) to work on /home/airflow/.local/lib/python3.12/site-packages/airflow/example_dags/example_sensor_decorator.py
[2025-03-06T11:14:57.309+0000] {processor.py:914} INFO - Processing file /home/airflow/.local/lib/python3.12/site-packages/airflow/example_dags/example_sensor_decorator.py for tasks to queue
[2025-03-06T11:14:57.311+0000] {logging_mixin.py:190} INFO - [2025-03-06T11:14:57.311+0000] {dagbag.py:588} INFO - Filling up the DagBag from /home/airflow/.local/lib/python3.12/site-packages/airflow/example_dags/example_sensor_decorator.py
[2025-03-06T11:14:57.320+0000] {processor.py:925} INFO - DAG(s) 'example_sensor_decorator' retrieved from /home/airflow/.local/lib/python3.12/site-packages/airflow/example_dags/example_sensor_decorator.py
[2025-03-06T11:14:57.339+0000] {logging_mixin.py:190} INFO - [2025-03-06T11:14:57.339+0000] {dag.py:3239} INFO - Sync 1 DAGs
[2025-03-06T11:14:57.352+0000] {logging_mixin.py:190} INFO - [2025-03-06T11:14:57.351+0000] {dag.py:4180} INFO - Setting next_dagrun for example_sensor_decorator to None, run_after=None
[2025-03-06T11:14:57.373+0000] {processor.py:208} INFO - Processing /home/airflow/.local/lib/python3.12/site-packages/airflow/example_dags/example_sensor_decorator.py took 0.073 seconds
[2025-03-06T11:15:28.817+0000] {processor.py:186} INFO - Started process (PID=2086) to work on /home/airflow/.local/lib/python3.12/site-packages/airflow/example_dags/example_sensor_decorator.py
[2025-03-06T11:15:28.818+0000] {processor.py:914} INFO - Processing file /home/airflow/.local/lib/python3.12/site-packages/airflow/example_dags/example_sensor_decorator.py for tasks to queue
[2025-03-06T11:15:28.819+0000] {logging_mixin.py:190} INFO - [2025-03-06T11:15:28.819+0000] {dagbag.py:588} INFO - Filling up the DagBag from /home/airflow/.local/lib/python3.12/site-packages/airflow/example_dags/example_sensor_decorator.py
[2025-03-06T11:15:28.828+0000] {processor.py:925} INFO - DAG(s) 'example_sensor_decorator' retrieved from /home/airflow/.local/lib/python3.12/site-packages/airflow/example_dags/example_sensor_decorator.py
[2025-03-06T11:15:28.845+0000] {logging_mixin.py:190} INFO - [2025-03-06T11:15:28.845+0000] {dag.py:3239} INFO - Sync 1 DAGs
[2025-03-06T11:15:28.858+0000] {logging_mixin.py:190} INFO - [2025-03-06T11:15:28.857+0000] {dag.py:4180} INFO - Setting next_dagrun for example_sensor_decorator to None, run_after=None
[2025-03-06T11:15:28.874+0000] {processor.py:208} INFO - Processing /home/airflow/.local/lib/python3.12/site-packages/airflow/example_dags/example_sensor_decorator.py took 0.062 seconds
[2025-03-06T11:15:59.889+0000] {processor.py:186} INFO - Started process (PID=2161) to work on /home/airflow/.local/lib/python3.12/site-packages/airflow/example_dags/example_sensor_decorator.py
[2025-03-06T11:15:59.890+0000] {processor.py:914} INFO - Processing file /home/airflow/.local/lib/python3.12/site-packages/airflow/example_dags/example_sensor_decorator.py for tasks to queue
[2025-03-06T11:15:59.892+0000] {logging_mixin.py:190} INFO - [2025-03-06T11:15:59.891+0000] {dagbag.py:588} INFO - Filling up the DagBag from /home/airflow/.local/lib/python3.12/site-packages/airflow/example_dags/example_sensor_decorator.py
[2025-03-06T11:15:59.899+0000] {processor.py:925} INFO - DAG(s) 'example_sensor_decorator' retrieved from /home/airflow/.local/lib/python3.12/site-packages/airflow/example_dags/example_sensor_decorator.py
[2025-03-06T11:15:59.917+0000] {logging_mixin.py:190} INFO - [2025-03-06T11:15:59.917+0000] {dag.py:3239} INFO - Sync 1 DAGs
[2025-03-06T11:15:59.931+0000] {logging_mixin.py:190} INFO - [2025-03-06T11:15:59.930+0000] {dag.py:4180} INFO - Setting next_dagrun for example_sensor_decorator to None, run_after=None
[2025-03-06T11:15:59.948+0000] {processor.py:208} INFO - Processing /home/airflow/.local/lib/python3.12/site-packages/airflow/example_dags/example_sensor_decorator.py took 0.064 seconds
[2025-03-06T11:16:31.418+0000] {processor.py:186} INFO - Started process (PID=2236) to work on /home/airflow/.local/lib/python3.12/site-packages/airflow/example_dags/example_sensor_decorator.py
[2025-03-06T11:16:31.420+0000] {processor.py:914} INFO - Processing file /home/airflow/.local/lib/python3.12/site-packages/airflow/example_dags/example_sensor_decorator.py for tasks to queue
[2025-03-06T11:16:31.421+0000] {logging_mixin.py:190} INFO - [2025-03-06T11:16:31.421+0000] {dagbag.py:588} INFO - Filling up the DagBag from /home/airflow/.local/lib/python3.12/site-packages/airflow/example_dags/example_sensor_decorator.py
[2025-03-06T11:16:31.431+0000] {processor.py:925} INFO - DAG(s) 'example_sensor_decorator' retrieved from /home/airflow/.local/lib/python3.12/site-packages/airflow/example_dags/example_sensor_decorator.py
[2025-03-06T11:16:31.453+0000] {logging_mixin.py:190} INFO - [2025-03-06T11:16:31.452+0000] {dag.py:3239} INFO - Sync 1 DAGs
[2025-03-06T11:16:31.469+0000] {logging_mixin.py:190} INFO - [2025-03-06T11:16:31.469+0000] {dag.py:4180} INFO - Setting next_dagrun for example_sensor_decorator to None, run_after=None
[2025-03-06T11:16:31.494+0000] {processor.py:208} INFO - Processing /home/airflow/.local/lib/python3.12/site-packages/airflow/example_dags/example_sensor_decorator.py took 0.082 seconds
[2025-03-06T11:17:02.658+0000] {processor.py:186} INFO - Started process (PID=2317) to work on /home/airflow/.local/lib/python3.12/site-packages/airflow/example_dags/example_sensor_decorator.py
[2025-03-06T11:17:02.659+0000] {processor.py:914} INFO - Processing file /home/airflow/.local/lib/python3.12/site-packages/airflow/example_dags/example_sensor_decorator.py for tasks to queue
[2025-03-06T11:17:02.661+0000] {logging_mixin.py:190} INFO - [2025-03-06T11:17:02.661+0000] {dagbag.py:588} INFO - Filling up the DagBag from /home/airflow/.local/lib/python3.12/site-packages/airflow/example_dags/example_sensor_decorator.py
[2025-03-06T11:17:02.669+0000] {processor.py:925} INFO - DAG(s) 'example_sensor_decorator' retrieved from /home/airflow/.local/lib/python3.12/site-packages/airflow/example_dags/example_sensor_decorator.py
[2025-03-06T11:17:02.687+0000] {logging_mixin.py:190} INFO - [2025-03-06T11:17:02.687+0000] {dag.py:3239} INFO - Sync 1 DAGs
[2025-03-06T11:17:02.704+0000] {logging_mixin.py:190} INFO - [2025-03-06T11:17:02.704+0000] {dag.py:4180} INFO - Setting next_dagrun for example_sensor_decorator to None, run_after=None
[2025-03-06T11:17:02.722+0000] {processor.py:208} INFO - Processing /home/airflow/.local/lib/python3.12/site-packages/airflow/example_dags/example_sensor_decorator.py took 0.069 seconds
[2025-03-06T11:17:33.678+0000] {processor.py:186} INFO - Started process (PID=2392) to work on /home/airflow/.local/lib/python3.12/site-packages/airflow/example_dags/example_sensor_decorator.py
[2025-03-06T11:17:33.679+0000] {processor.py:914} INFO - Processing file /home/airflow/.local/lib/python3.12/site-packages/airflow/example_dags/example_sensor_decorator.py for tasks to queue
[2025-03-06T11:17:33.681+0000] {logging_mixin.py:190} INFO - [2025-03-06T11:17:33.680+0000] {dagbag.py:588} INFO - Filling up the DagBag from /home/airflow/.local/lib/python3.12/site-packages/airflow/example_dags/example_sensor_decorator.py
[2025-03-06T11:17:33.689+0000] {processor.py:925} INFO - DAG(s) 'example_sensor_decorator' retrieved from /home/airflow/.local/lib/python3.12/site-packages/airflow/example_dags/example_sensor_decorator.py
[2025-03-06T11:17:33.707+0000] {logging_mixin.py:190} INFO - [2025-03-06T11:17:33.707+0000] {dag.py:3239} INFO - Sync 1 DAGs
[2025-03-06T11:17:33.720+0000] {logging_mixin.py:190} INFO - [2025-03-06T11:17:33.719+0000] {dag.py:4180} INFO - Setting next_dagrun for example_sensor_decorator to None, run_after=None
[2025-03-06T11:17:33.739+0000] {processor.py:208} INFO - Processing /home/airflow/.local/lib/python3.12/site-packages/airflow/example_dags/example_sensor_decorator.py took 0.066 seconds
[2025-03-06T11:18:05.197+0000] {processor.py:186} INFO - Started process (PID=2467) to work on /home/airflow/.local/lib/python3.12/site-packages/airflow/example_dags/example_sensor_decorator.py
[2025-03-06T11:18:05.198+0000] {processor.py:914} INFO - Processing file /home/airflow/.local/lib/python3.12/site-packages/airflow/example_dags/example_sensor_decorator.py for tasks to queue
[2025-03-06T11:18:05.200+0000] {logging_mixin.py:190} INFO - [2025-03-06T11:18:05.199+0000] {dagbag.py:588} INFO - Filling up the DagBag from /home/airflow/.local/lib/python3.12/site-packages/airflow/example_dags/example_sensor_decorator.py
[2025-03-06T11:18:05.209+0000] {processor.py:925} INFO - DAG(s) 'example_sensor_decorator' retrieved from /home/airflow/.local/lib/python3.12/site-packages/airflow/example_dags/example_sensor_decorator.py
[2025-03-06T11:18:05.227+0000] {logging_mixin.py:190} INFO - [2025-03-06T11:18:05.227+0000] {dag.py:3239} INFO - Sync 1 DAGs
[2025-03-06T11:18:05.239+0000] {logging_mixin.py:190} INFO - [2025-03-06T11:18:05.239+0000] {dag.py:4180} INFO - Setting next_dagrun for example_sensor_decorator to None, run_after=None
[2025-03-06T11:18:05.256+0000] {processor.py:208} INFO - Processing /home/airflow/.local/lib/python3.12/site-packages/airflow/example_dags/example_sensor_decorator.py took 0.064 seconds
[2025-03-06T11:18:36.874+0000] {processor.py:186} INFO - Started process (PID=2544) to work on /home/airflow/.local/lib/python3.12/site-packages/airflow/example_dags/example_sensor_decorator.py
[2025-03-06T11:18:36.875+0000] {processor.py:914} INFO - Processing file /home/airflow/.local/lib/python3.12/site-packages/airflow/example_dags/example_sensor_decorator.py for tasks to queue
[2025-03-06T11:18:36.877+0000] {logging_mixin.py:190} INFO - [2025-03-06T11:18:36.877+0000] {dagbag.py:588} INFO - Filling up the DagBag from /home/airflow/.local/lib/python3.12/site-packages/airflow/example_dags/example_sensor_decorator.py
[2025-03-06T11:18:36.887+0000] {processor.py:925} INFO - DAG(s) 'example_sensor_decorator' retrieved from /home/airflow/.local/lib/python3.12/site-packages/airflow/example_dags/example_sensor_decorator.py
[2025-03-06T11:18:36.907+0000] {logging_mixin.py:190} INFO - [2025-03-06T11:18:36.907+0000] {dag.py:3239} INFO - Sync 1 DAGs
[2025-03-06T11:18:36.921+0000] {logging_mixin.py:190} INFO - [2025-03-06T11:18:36.920+0000] {dag.py:4180} INFO - Setting next_dagrun for example_sensor_decorator to None, run_after=None
[2025-03-06T11:18:36.940+0000] {processor.py:208} INFO - Processing /home/airflow/.local/lib/python3.12/site-packages/airflow/example_dags/example_sensor_decorator.py took 0.071 seconds
