[2025-03-06T04:34:29.724+0000] {processor.py:186} INFO - Started process (PID=14382) to work on /home/airflow/.local/lib/python3.12/site-packages/airflow/example_dags/tutorial.py
[2025-03-06T04:34:29.726+0000] {processor.py:914} INFO - Processing file /home/airflow/.local/lib/python3.12/site-packages/airflow/example_dags/tutorial.py for tasks to queue
[2025-03-06T04:34:29.729+0000] {logging_mixin.py:190} INFO - [2025-03-06T04:34:29.729+0000] {dagbag.py:588} INFO - Filling up the DagBag from /home/airflow/.local/lib/python3.12/site-packages/airflow/example_dags/tutorial.py
[2025-03-06T04:34:29.743+0000] {processor.py:925} INFO - DAG(s) 'tutorial' retrieved from /home/airflow/.local/lib/python3.12/site-packages/airflow/example_dags/tutorial.py
[2025-03-06T04:34:29.774+0000] {logging_mixin.py:190} INFO - [2025-03-06T04:34:29.773+0000] {dag.py:3239} INFO - Sync 1 DAGs
[2025-03-06T04:34:29.810+0000] {logging_mixin.py:190} INFO - [2025-03-06T04:34:29.810+0000] {dag.py:4180} INFO - Setting next_dagrun for tutorial to 2025-03-05 00:00:00+00:00, run_after=2025-03-06 00:00:00+00:00
[2025-03-06T04:34:29.838+0000] {processor.py:208} INFO - Processing /home/airflow/.local/lib/python3.12/site-packages/airflow/example_dags/tutorial.py took 0.121 seconds
[2025-03-06T04:34:59.899+0000] {processor.py:186} INFO - Started process (PID=14456) to work on /home/airflow/.local/lib/python3.12/site-packages/airflow/example_dags/tutorial.py
[2025-03-06T04:34:59.901+0000] {processor.py:914} INFO - Processing file /home/airflow/.local/lib/python3.12/site-packages/airflow/example_dags/tutorial.py for tasks to queue
[2025-03-06T04:34:59.905+0000] {logging_mixin.py:190} INFO - [2025-03-06T04:34:59.904+0000] {dagbag.py:588} INFO - Filling up the DagBag from /home/airflow/.local/lib/python3.12/site-packages/airflow/example_dags/tutorial.py
[2025-03-06T04:34:59.916+0000] {processor.py:925} INFO - DAG(s) 'tutorial' retrieved from /home/airflow/.local/lib/python3.12/site-packages/airflow/example_dags/tutorial.py
[2025-03-06T04:34:59.947+0000] {logging_mixin.py:190} INFO - [2025-03-06T04:34:59.946+0000] {dag.py:3239} INFO - Sync 1 DAGs
[2025-03-06T04:34:59.977+0000] {logging_mixin.py:190} INFO - [2025-03-06T04:34:59.977+0000] {dag.py:4180} INFO - Setting next_dagrun for tutorial to 2025-03-05 00:00:00+00:00, run_after=2025-03-06 00:00:00+00:00
[2025-03-06T04:35:00.008+0000] {processor.py:208} INFO - Processing /home/airflow/.local/lib/python3.12/site-packages/airflow/example_dags/tutorial.py took 0.116 seconds
[2025-03-06T04:35:30.444+0000] {processor.py:186} INFO - Started process (PID=14531) to work on /home/airflow/.local/lib/python3.12/site-packages/airflow/example_dags/tutorial.py
[2025-03-06T04:35:30.445+0000] {processor.py:914} INFO - Processing file /home/airflow/.local/lib/python3.12/site-packages/airflow/example_dags/tutorial.py for tasks to queue
[2025-03-06T04:35:30.447+0000] {logging_mixin.py:190} INFO - [2025-03-06T04:35:30.447+0000] {dagbag.py:588} INFO - Filling up the DagBag from /home/airflow/.local/lib/python3.12/site-packages/airflow/example_dags/tutorial.py
[2025-03-06T04:35:30.453+0000] {processor.py:925} INFO - DAG(s) 'tutorial' retrieved from /home/airflow/.local/lib/python3.12/site-packages/airflow/example_dags/tutorial.py
[2025-03-06T04:35:30.469+0000] {logging_mixin.py:190} INFO - [2025-03-06T04:35:30.469+0000] {dag.py:3239} INFO - Sync 1 DAGs
[2025-03-06T04:35:30.491+0000] {logging_mixin.py:190} INFO - [2025-03-06T04:35:30.491+0000] {dag.py:4180} INFO - Setting next_dagrun for tutorial to 2025-03-05 00:00:00+00:00, run_after=2025-03-06 00:00:00+00:00
[2025-03-06T04:35:30.511+0000] {processor.py:208} INFO - Processing /home/airflow/.local/lib/python3.12/site-packages/airflow/example_dags/tutorial.py took 0.072 seconds
[2025-03-06T04:36:02.738+0000] {processor.py:186} INFO - Started process (PID=14606) to work on /home/airflow/.local/lib/python3.12/site-packages/airflow/example_dags/tutorial.py
[2025-03-06T04:36:02.739+0000] {processor.py:914} INFO - Processing file /home/airflow/.local/lib/python3.12/site-packages/airflow/example_dags/tutorial.py for tasks to queue
[2025-03-06T04:36:02.744+0000] {logging_mixin.py:190} INFO - [2025-03-06T04:36:02.743+0000] {dagbag.py:588} INFO - Filling up the DagBag from /home/airflow/.local/lib/python3.12/site-packages/airflow/example_dags/tutorial.py
[2025-03-06T04:36:02.756+0000] {processor.py:925} INFO - DAG(s) 'tutorial' retrieved from /home/airflow/.local/lib/python3.12/site-packages/airflow/example_dags/tutorial.py
[2025-03-06T04:36:02.784+0000] {logging_mixin.py:190} INFO - [2025-03-06T04:36:02.783+0000] {dag.py:3239} INFO - Sync 1 DAGs
[2025-03-06T04:36:02.811+0000] {logging_mixin.py:190} INFO - [2025-03-06T04:36:02.810+0000] {dag.py:4180} INFO - Setting next_dagrun for tutorial to 2025-03-05 00:00:00+00:00, run_after=2025-03-06 00:00:00+00:00
[2025-03-06T04:36:02.834+0000] {processor.py:208} INFO - Processing /home/airflow/.local/lib/python3.12/site-packages/airflow/example_dags/tutorial.py took 0.104 seconds
[2025-03-06T04:36:35.273+0000] {processor.py:186} INFO - Started process (PID=14681) to work on /home/airflow/.local/lib/python3.12/site-packages/airflow/example_dags/tutorial.py
[2025-03-06T04:36:35.274+0000] {processor.py:914} INFO - Processing file /home/airflow/.local/lib/python3.12/site-packages/airflow/example_dags/tutorial.py for tasks to queue
[2025-03-06T04:36:35.277+0000] {logging_mixin.py:190} INFO - [2025-03-06T04:36:35.277+0000] {dagbag.py:588} INFO - Filling up the DagBag from /home/airflow/.local/lib/python3.12/site-packages/airflow/example_dags/tutorial.py
[2025-03-06T04:36:35.285+0000] {processor.py:925} INFO - DAG(s) 'tutorial' retrieved from /home/airflow/.local/lib/python3.12/site-packages/airflow/example_dags/tutorial.py
[2025-03-06T04:36:35.304+0000] {logging_mixin.py:190} INFO - [2025-03-06T04:36:35.304+0000] {dag.py:3239} INFO - Sync 1 DAGs
[2025-03-06T04:36:35.330+0000] {logging_mixin.py:190} INFO - [2025-03-06T04:36:35.330+0000] {dag.py:4180} INFO - Setting next_dagrun for tutorial to 2025-03-05 00:00:00+00:00, run_after=2025-03-06 00:00:00+00:00
[2025-03-06T04:36:35.349+0000] {processor.py:208} INFO - Processing /home/airflow/.local/lib/python3.12/site-packages/airflow/example_dags/tutorial.py took 0.081 seconds
[2025-03-06T04:37:06.555+0000] {processor.py:186} INFO - Started process (PID=14758) to work on /home/airflow/.local/lib/python3.12/site-packages/airflow/example_dags/tutorial.py
[2025-03-06T04:37:06.556+0000] {processor.py:914} INFO - Processing file /home/airflow/.local/lib/python3.12/site-packages/airflow/example_dags/tutorial.py for tasks to queue
[2025-03-06T04:37:06.558+0000] {logging_mixin.py:190} INFO - [2025-03-06T04:37:06.557+0000] {dagbag.py:588} INFO - Filling up the DagBag from /home/airflow/.local/lib/python3.12/site-packages/airflow/example_dags/tutorial.py
[2025-03-06T04:37:06.565+0000] {processor.py:925} INFO - DAG(s) 'tutorial' retrieved from /home/airflow/.local/lib/python3.12/site-packages/airflow/example_dags/tutorial.py
[2025-03-06T04:37:06.582+0000] {logging_mixin.py:190} INFO - [2025-03-06T04:37:06.582+0000] {dag.py:3239} INFO - Sync 1 DAGs
[2025-03-06T04:37:06.603+0000] {logging_mixin.py:190} INFO - [2025-03-06T04:37:06.602+0000] {dag.py:4180} INFO - Setting next_dagrun for tutorial to 2025-03-05 00:00:00+00:00, run_after=2025-03-06 00:00:00+00:00
[2025-03-06T04:37:06.621+0000] {processor.py:208} INFO - Processing /home/airflow/.local/lib/python3.12/site-packages/airflow/example_dags/tutorial.py took 0.071 seconds
[2025-03-06T04:37:37.165+0000] {processor.py:186} INFO - Started process (PID=14832) to work on /home/airflow/.local/lib/python3.12/site-packages/airflow/example_dags/tutorial.py
[2025-03-06T04:37:37.166+0000] {processor.py:914} INFO - Processing file /home/airflow/.local/lib/python3.12/site-packages/airflow/example_dags/tutorial.py for tasks to queue
[2025-03-06T04:37:37.168+0000] {logging_mixin.py:190} INFO - [2025-03-06T04:37:37.168+0000] {dagbag.py:588} INFO - Filling up the DagBag from /home/airflow/.local/lib/python3.12/site-packages/airflow/example_dags/tutorial.py
[2025-03-06T04:37:37.175+0000] {processor.py:925} INFO - DAG(s) 'tutorial' retrieved from /home/airflow/.local/lib/python3.12/site-packages/airflow/example_dags/tutorial.py
[2025-03-06T04:37:37.192+0000] {logging_mixin.py:190} INFO - [2025-03-06T04:37:37.192+0000] {dag.py:3239} INFO - Sync 1 DAGs
[2025-03-06T04:37:37.214+0000] {logging_mixin.py:190} INFO - [2025-03-06T04:37:37.214+0000] {dag.py:4180} INFO - Setting next_dagrun for tutorial to 2025-03-05 00:00:00+00:00, run_after=2025-03-06 00:00:00+00:00
[2025-03-06T04:37:37.230+0000] {processor.py:208} INFO - Processing /home/airflow/.local/lib/python3.12/site-packages/airflow/example_dags/tutorial.py took 0.070 seconds
[2025-03-06T04:38:08.389+0000] {processor.py:186} INFO - Started process (PID=14907) to work on /home/airflow/.local/lib/python3.12/site-packages/airflow/example_dags/tutorial.py
[2025-03-06T04:38:08.390+0000] {processor.py:914} INFO - Processing file /home/airflow/.local/lib/python3.12/site-packages/airflow/example_dags/tutorial.py for tasks to queue
[2025-03-06T04:38:08.393+0000] {logging_mixin.py:190} INFO - [2025-03-06T04:38:08.393+0000] {dagbag.py:588} INFO - Filling up the DagBag from /home/airflow/.local/lib/python3.12/site-packages/airflow/example_dags/tutorial.py
[2025-03-06T04:38:08.400+0000] {processor.py:925} INFO - DAG(s) 'tutorial' retrieved from /home/airflow/.local/lib/python3.12/site-packages/airflow/example_dags/tutorial.py
[2025-03-06T04:38:08.419+0000] {logging_mixin.py:190} INFO - [2025-03-06T04:38:08.419+0000] {dag.py:3239} INFO - Sync 1 DAGs
[2025-03-06T04:38:08.438+0000] {logging_mixin.py:190} INFO - [2025-03-06T04:38:08.438+0000] {dag.py:4180} INFO - Setting next_dagrun for tutorial to 2025-03-05 00:00:00+00:00, run_after=2025-03-06 00:00:00+00:00
[2025-03-06T04:38:08.456+0000] {processor.py:208} INFO - Processing /home/airflow/.local/lib/python3.12/site-packages/airflow/example_dags/tutorial.py took 0.072 seconds
[2025-03-06T04:38:39.564+0000] {processor.py:186} INFO - Started process (PID=14982) to work on /home/airflow/.local/lib/python3.12/site-packages/airflow/example_dags/tutorial.py
[2025-03-06T04:38:39.565+0000] {processor.py:914} INFO - Processing file /home/airflow/.local/lib/python3.12/site-packages/airflow/example_dags/tutorial.py for tasks to queue
[2025-03-06T04:38:39.567+0000] {logging_mixin.py:190} INFO - [2025-03-06T04:38:39.567+0000] {dagbag.py:588} INFO - Filling up the DagBag from /home/airflow/.local/lib/python3.12/site-packages/airflow/example_dags/tutorial.py
[2025-03-06T04:38:39.574+0000] {processor.py:925} INFO - DAG(s) 'tutorial' retrieved from /home/airflow/.local/lib/python3.12/site-packages/airflow/example_dags/tutorial.py
[2025-03-06T04:38:39.590+0000] {logging_mixin.py:190} INFO - [2025-03-06T04:38:39.590+0000] {dag.py:3239} INFO - Sync 1 DAGs
[2025-03-06T04:38:39.608+0000] {logging_mixin.py:190} INFO - [2025-03-06T04:38:39.608+0000] {dag.py:4180} INFO - Setting next_dagrun for tutorial to 2025-03-05 00:00:00+00:00, run_after=2025-03-06 00:00:00+00:00
[2025-03-06T04:38:39.623+0000] {processor.py:208} INFO - Processing /home/airflow/.local/lib/python3.12/site-packages/airflow/example_dags/tutorial.py took 0.064 seconds
[2025-03-06T04:39:11.938+0000] {processor.py:186} INFO - Started process (PID=15057) to work on /home/airflow/.local/lib/python3.12/site-packages/airflow/example_dags/tutorial.py
[2025-03-06T04:39:11.939+0000] {processor.py:914} INFO - Processing file /home/airflow/.local/lib/python3.12/site-packages/airflow/example_dags/tutorial.py for tasks to queue
[2025-03-06T04:39:11.941+0000] {logging_mixin.py:190} INFO - [2025-03-06T04:39:11.941+0000] {dagbag.py:588} INFO - Filling up the DagBag from /home/airflow/.local/lib/python3.12/site-packages/airflow/example_dags/tutorial.py
[2025-03-06T04:39:11.948+0000] {processor.py:925} INFO - DAG(s) 'tutorial' retrieved from /home/airflow/.local/lib/python3.12/site-packages/airflow/example_dags/tutorial.py
[2025-03-06T04:39:11.967+0000] {logging_mixin.py:190} INFO - [2025-03-06T04:39:11.967+0000] {dag.py:3239} INFO - Sync 1 DAGs
[2025-03-06T04:39:11.987+0000] {logging_mixin.py:190} INFO - [2025-03-06T04:39:11.986+0000] {dag.py:4180} INFO - Setting next_dagrun for tutorial to 2025-03-05 00:00:00+00:00, run_after=2025-03-06 00:00:00+00:00
[2025-03-06T04:39:12.001+0000] {processor.py:208} INFO - Processing /home/airflow/.local/lib/python3.12/site-packages/airflow/example_dags/tutorial.py took 0.068 seconds
[2025-03-06T04:39:43.405+0000] {processor.py:186} INFO - Started process (PID=15133) to work on /home/airflow/.local/lib/python3.12/site-packages/airflow/example_dags/tutorial.py
[2025-03-06T04:39:43.407+0000] {processor.py:914} INFO - Processing file /home/airflow/.local/lib/python3.12/site-packages/airflow/example_dags/tutorial.py for tasks to queue
[2025-03-06T04:39:43.409+0000] {logging_mixin.py:190} INFO - [2025-03-06T04:39:43.409+0000] {dagbag.py:588} INFO - Filling up the DagBag from /home/airflow/.local/lib/python3.12/site-packages/airflow/example_dags/tutorial.py
[2025-03-06T04:39:43.415+0000] {processor.py:925} INFO - DAG(s) 'tutorial' retrieved from /home/airflow/.local/lib/python3.12/site-packages/airflow/example_dags/tutorial.py
[2025-03-06T04:39:43.433+0000] {logging_mixin.py:190} INFO - [2025-03-06T04:39:43.433+0000] {dag.py:3239} INFO - Sync 1 DAGs
[2025-03-06T04:39:43.454+0000] {logging_mixin.py:190} INFO - [2025-03-06T04:39:43.454+0000] {dag.py:4180} INFO - Setting next_dagrun for tutorial to 2025-03-05 00:00:00+00:00, run_after=2025-03-06 00:00:00+00:00
[2025-03-06T04:39:43.471+0000] {processor.py:208} INFO - Processing /home/airflow/.local/lib/python3.12/site-packages/airflow/example_dags/tutorial.py took 0.070 seconds
[2025-03-06T04:40:14.544+0000] {processor.py:186} INFO - Started process (PID=15214) to work on /home/airflow/.local/lib/python3.12/site-packages/airflow/example_dags/tutorial.py
[2025-03-06T04:40:14.545+0000] {processor.py:914} INFO - Processing file /home/airflow/.local/lib/python3.12/site-packages/airflow/example_dags/tutorial.py for tasks to queue
[2025-03-06T04:40:14.548+0000] {logging_mixin.py:190} INFO - [2025-03-06T04:40:14.547+0000] {dagbag.py:588} INFO - Filling up the DagBag from /home/airflow/.local/lib/python3.12/site-packages/airflow/example_dags/tutorial.py
[2025-03-06T04:40:14.554+0000] {processor.py:925} INFO - DAG(s) 'tutorial' retrieved from /home/airflow/.local/lib/python3.12/site-packages/airflow/example_dags/tutorial.py
[2025-03-06T04:40:14.570+0000] {logging_mixin.py:190} INFO - [2025-03-06T04:40:14.570+0000] {dag.py:3239} INFO - Sync 1 DAGs
[2025-03-06T04:40:14.589+0000] {logging_mixin.py:190} INFO - [2025-03-06T04:40:14.589+0000] {dag.py:4180} INFO - Setting next_dagrun for tutorial to 2025-03-05 00:00:00+00:00, run_after=2025-03-06 00:00:00+00:00
[2025-03-06T04:40:14.606+0000] {processor.py:208} INFO - Processing /home/airflow/.local/lib/python3.12/site-packages/airflow/example_dags/tutorial.py took 0.066 seconds
[2025-03-06T04:40:45.324+0000] {processor.py:186} INFO - Started process (PID=15290) to work on /home/airflow/.local/lib/python3.12/site-packages/airflow/example_dags/tutorial.py
[2025-03-06T04:40:45.325+0000] {processor.py:914} INFO - Processing file /home/airflow/.local/lib/python3.12/site-packages/airflow/example_dags/tutorial.py for tasks to queue
[2025-03-06T04:40:45.327+0000] {logging_mixin.py:190} INFO - [2025-03-06T04:40:45.327+0000] {dagbag.py:588} INFO - Filling up the DagBag from /home/airflow/.local/lib/python3.12/site-packages/airflow/example_dags/tutorial.py
[2025-03-06T04:40:45.334+0000] {processor.py:925} INFO - DAG(s) 'tutorial' retrieved from /home/airflow/.local/lib/python3.12/site-packages/airflow/example_dags/tutorial.py
[2025-03-06T04:40:45.351+0000] {logging_mixin.py:190} INFO - [2025-03-06T04:40:45.351+0000] {dag.py:3239} INFO - Sync 1 DAGs
[2025-03-06T04:40:45.370+0000] {logging_mixin.py:190} INFO - [2025-03-06T04:40:45.370+0000] {dag.py:4180} INFO - Setting next_dagrun for tutorial to 2025-03-05 00:00:00+00:00, run_after=2025-03-06 00:00:00+00:00
[2025-03-06T04:40:45.389+0000] {processor.py:208} INFO - Processing /home/airflow/.local/lib/python3.12/site-packages/airflow/example_dags/tutorial.py took 0.070 seconds
[2025-03-06T04:41:16.620+0000] {processor.py:186} INFO - Started process (PID=15364) to work on /home/airflow/.local/lib/python3.12/site-packages/airflow/example_dags/tutorial.py
[2025-03-06T04:41:16.621+0000] {processor.py:914} INFO - Processing file /home/airflow/.local/lib/python3.12/site-packages/airflow/example_dags/tutorial.py for tasks to queue
[2025-03-06T04:41:16.623+0000] {logging_mixin.py:190} INFO - [2025-03-06T04:41:16.623+0000] {dagbag.py:588} INFO - Filling up the DagBag from /home/airflow/.local/lib/python3.12/site-packages/airflow/example_dags/tutorial.py
[2025-03-06T04:41:16.630+0000] {processor.py:925} INFO - DAG(s) 'tutorial' retrieved from /home/airflow/.local/lib/python3.12/site-packages/airflow/example_dags/tutorial.py
[2025-03-06T04:41:16.646+0000] {logging_mixin.py:190} INFO - [2025-03-06T04:41:16.646+0000] {dag.py:3239} INFO - Sync 1 DAGs
[2025-03-06T04:41:16.665+0000] {logging_mixin.py:190} INFO - [2025-03-06T04:41:16.665+0000] {dag.py:4180} INFO - Setting next_dagrun for tutorial to 2025-03-05 00:00:00+00:00, run_after=2025-03-06 00:00:00+00:00
[2025-03-06T04:41:16.682+0000] {processor.py:208} INFO - Processing /home/airflow/.local/lib/python3.12/site-packages/airflow/example_dags/tutorial.py took 0.067 seconds
[2025-03-06T04:41:47.698+0000] {processor.py:186} INFO - Started process (PID=15439) to work on /home/airflow/.local/lib/python3.12/site-packages/airflow/example_dags/tutorial.py
[2025-03-06T04:41:47.699+0000] {processor.py:914} INFO - Processing file /home/airflow/.local/lib/python3.12/site-packages/airflow/example_dags/tutorial.py for tasks to queue
[2025-03-06T04:41:47.702+0000] {logging_mixin.py:190} INFO - [2025-03-06T04:41:47.701+0000] {dagbag.py:588} INFO - Filling up the DagBag from /home/airflow/.local/lib/python3.12/site-packages/airflow/example_dags/tutorial.py
[2025-03-06T04:41:47.709+0000] {processor.py:925} INFO - DAG(s) 'tutorial' retrieved from /home/airflow/.local/lib/python3.12/site-packages/airflow/example_dags/tutorial.py
[2025-03-06T04:41:47.732+0000] {logging_mixin.py:190} INFO - [2025-03-06T04:41:47.732+0000] {dag.py:3239} INFO - Sync 1 DAGs
[2025-03-06T04:41:47.765+0000] {logging_mixin.py:190} INFO - [2025-03-06T04:41:47.765+0000] {dag.py:4180} INFO - Setting next_dagrun for tutorial to 2025-03-05 00:00:00+00:00, run_after=2025-03-06 00:00:00+00:00
[2025-03-06T04:41:47.790+0000] {processor.py:208} INFO - Processing /home/airflow/.local/lib/python3.12/site-packages/airflow/example_dags/tutorial.py took 0.099 seconds
[2025-03-06T04:42:19.235+0000] {processor.py:186} INFO - Started process (PID=15514) to work on /home/airflow/.local/lib/python3.12/site-packages/airflow/example_dags/tutorial.py
[2025-03-06T04:42:19.237+0000] {processor.py:914} INFO - Processing file /home/airflow/.local/lib/python3.12/site-packages/airflow/example_dags/tutorial.py for tasks to queue
[2025-03-06T04:42:19.239+0000] {logging_mixin.py:190} INFO - [2025-03-06T04:42:19.239+0000] {dagbag.py:588} INFO - Filling up the DagBag from /home/airflow/.local/lib/python3.12/site-packages/airflow/example_dags/tutorial.py
[2025-03-06T04:42:19.246+0000] {processor.py:925} INFO - DAG(s) 'tutorial' retrieved from /home/airflow/.local/lib/python3.12/site-packages/airflow/example_dags/tutorial.py
[2025-03-06T04:42:19.264+0000] {logging_mixin.py:190} INFO - [2025-03-06T04:42:19.263+0000] {dag.py:3239} INFO - Sync 1 DAGs
[2025-03-06T04:42:19.282+0000] {logging_mixin.py:190} INFO - [2025-03-06T04:42:19.282+0000] {dag.py:4180} INFO - Setting next_dagrun for tutorial to 2025-03-05 00:00:00+00:00, run_after=2025-03-06 00:00:00+00:00
[2025-03-06T04:42:19.297+0000] {processor.py:208} INFO - Processing /home/airflow/.local/lib/python3.12/site-packages/airflow/example_dags/tutorial.py took 0.068 seconds
[2025-03-06T11:01:16.391+0000] {processor.py:186} INFO - Started process (PID=147) to work on /home/airflow/.local/lib/python3.12/site-packages/airflow/example_dags/tutorial.py
[2025-03-06T11:01:16.394+0000] {processor.py:914} INFO - Processing file /home/airflow/.local/lib/python3.12/site-packages/airflow/example_dags/tutorial.py for tasks to queue
[2025-03-06T11:01:16.399+0000] {logging_mixin.py:190} INFO - [2025-03-06T11:01:16.398+0000] {dagbag.py:588} INFO - Filling up the DagBag from /home/airflow/.local/lib/python3.12/site-packages/airflow/example_dags/tutorial.py
[2025-03-06T11:01:16.416+0000] {processor.py:925} INFO - DAG(s) 'tutorial' retrieved from /home/airflow/.local/lib/python3.12/site-packages/airflow/example_dags/tutorial.py
[2025-03-06T11:01:16.470+0000] {logging_mixin.py:190} INFO - [2025-03-06T11:01:16.470+0000] {dag.py:3239} INFO - Sync 1 DAGs
[2025-03-06T11:01:16.523+0000] {logging_mixin.py:190} INFO - [2025-03-06T11:01:16.522+0000] {dag.py:4180} INFO - Setting next_dagrun for tutorial to 2025-03-05 00:00:00+00:00, run_after=2025-03-06 00:00:00+00:00
[2025-03-06T11:01:16.560+0000] {processor.py:208} INFO - Processing /home/airflow/.local/lib/python3.12/site-packages/airflow/example_dags/tutorial.py took 0.178 seconds
[2025-03-06T11:01:47.880+0000] {processor.py:186} INFO - Started process (PID=222) to work on /home/airflow/.local/lib/python3.12/site-packages/airflow/example_dags/tutorial.py
[2025-03-06T11:01:47.881+0000] {processor.py:914} INFO - Processing file /home/airflow/.local/lib/python3.12/site-packages/airflow/example_dags/tutorial.py for tasks to queue
[2025-03-06T11:01:47.884+0000] {logging_mixin.py:190} INFO - [2025-03-06T11:01:47.883+0000] {dagbag.py:588} INFO - Filling up the DagBag from /home/airflow/.local/lib/python3.12/site-packages/airflow/example_dags/tutorial.py
[2025-03-06T11:01:47.891+0000] {processor.py:925} INFO - DAG(s) 'tutorial' retrieved from /home/airflow/.local/lib/python3.12/site-packages/airflow/example_dags/tutorial.py
[2025-03-06T11:01:47.910+0000] {logging_mixin.py:190} INFO - [2025-03-06T11:01:47.910+0000] {dag.py:3239} INFO - Sync 1 DAGs
[2025-03-06T11:01:47.931+0000] {logging_mixin.py:190} INFO - [2025-03-06T11:01:47.930+0000] {dag.py:4180} INFO - Setting next_dagrun for tutorial to 2025-03-05 00:00:00+00:00, run_after=2025-03-06 00:00:00+00:00
[2025-03-06T11:01:47.949+0000] {processor.py:208} INFO - Processing /home/airflow/.local/lib/python3.12/site-packages/airflow/example_dags/tutorial.py took 0.075 seconds
[2025-03-06T11:02:18.820+0000] {processor.py:186} INFO - Started process (PID=297) to work on /home/airflow/.local/lib/python3.12/site-packages/airflow/example_dags/tutorial.py
[2025-03-06T11:02:18.822+0000] {processor.py:914} INFO - Processing file /home/airflow/.local/lib/python3.12/site-packages/airflow/example_dags/tutorial.py for tasks to queue
[2025-03-06T11:02:18.825+0000] {logging_mixin.py:190} INFO - [2025-03-06T11:02:18.824+0000] {dagbag.py:588} INFO - Filling up the DagBag from /home/airflow/.local/lib/python3.12/site-packages/airflow/example_dags/tutorial.py
[2025-03-06T11:02:18.834+0000] {processor.py:925} INFO - DAG(s) 'tutorial' retrieved from /home/airflow/.local/lib/python3.12/site-packages/airflow/example_dags/tutorial.py
[2025-03-06T11:02:18.857+0000] {logging_mixin.py:190} INFO - [2025-03-06T11:02:18.857+0000] {dag.py:3239} INFO - Sync 1 DAGs
[2025-03-06T11:02:18.884+0000] {logging_mixin.py:190} INFO - [2025-03-06T11:02:18.884+0000] {dag.py:4180} INFO - Setting next_dagrun for tutorial to 2025-03-05 00:00:00+00:00, run_after=2025-03-06 00:00:00+00:00
[2025-03-06T11:02:18.910+0000] {processor.py:208} INFO - Processing /home/airflow/.local/lib/python3.12/site-packages/airflow/example_dags/tutorial.py took 0.095 seconds
[2025-03-06T11:02:50.245+0000] {processor.py:186} INFO - Started process (PID=372) to work on /home/airflow/.local/lib/python3.12/site-packages/airflow/example_dags/tutorial.py
[2025-03-06T11:02:50.247+0000] {processor.py:914} INFO - Processing file /home/airflow/.local/lib/python3.12/site-packages/airflow/example_dags/tutorial.py for tasks to queue
[2025-03-06T11:02:50.251+0000] {logging_mixin.py:190} INFO - [2025-03-06T11:02:50.251+0000] {dagbag.py:588} INFO - Filling up the DagBag from /home/airflow/.local/lib/python3.12/site-packages/airflow/example_dags/tutorial.py
[2025-03-06T11:02:50.267+0000] {processor.py:925} INFO - DAG(s) 'tutorial' retrieved from /home/airflow/.local/lib/python3.12/site-packages/airflow/example_dags/tutorial.py
[2025-03-06T11:02:50.303+0000] {logging_mixin.py:190} INFO - [2025-03-06T11:02:50.303+0000] {dag.py:3239} INFO - Sync 1 DAGs
[2025-03-06T11:02:50.356+0000] {logging_mixin.py:190} INFO - [2025-03-06T11:02:50.355+0000] {dag.py:4180} INFO - Setting next_dagrun for tutorial to 2025-03-05 00:00:00+00:00, run_after=2025-03-06 00:00:00+00:00
[2025-03-06T11:02:50.393+0000] {processor.py:208} INFO - Processing /home/airflow/.local/lib/python3.12/site-packages/airflow/example_dags/tutorial.py took 0.159 seconds
[2025-03-06T11:03:20.798+0000] {processor.py:186} INFO - Started process (PID=448) to work on /home/airflow/.local/lib/python3.12/site-packages/airflow/example_dags/tutorial.py
[2025-03-06T11:03:20.799+0000] {processor.py:914} INFO - Processing file /home/airflow/.local/lib/python3.12/site-packages/airflow/example_dags/tutorial.py for tasks to queue
[2025-03-06T11:03:20.801+0000] {logging_mixin.py:190} INFO - [2025-03-06T11:03:20.801+0000] {dagbag.py:588} INFO - Filling up the DagBag from /home/airflow/.local/lib/python3.12/site-packages/airflow/example_dags/tutorial.py
[2025-03-06T11:03:20.809+0000] {processor.py:925} INFO - DAG(s) 'tutorial' retrieved from /home/airflow/.local/lib/python3.12/site-packages/airflow/example_dags/tutorial.py
[2025-03-06T11:03:20.828+0000] {logging_mixin.py:190} INFO - [2025-03-06T11:03:20.828+0000] {dag.py:3239} INFO - Sync 1 DAGs
[2025-03-06T11:03:20.849+0000] {logging_mixin.py:190} INFO - [2025-03-06T11:03:20.848+0000] {dag.py:4180} INFO - Setting next_dagrun for tutorial to 2025-03-05 00:00:00+00:00, run_after=2025-03-06 00:00:00+00:00
[2025-03-06T11:03:20.864+0000] {processor.py:208} INFO - Processing /home/airflow/.local/lib/python3.12/site-packages/airflow/example_dags/tutorial.py took 0.071 seconds
[2025-03-06T11:03:51.582+0000] {processor.py:186} INFO - Started process (PID=523) to work on /home/airflow/.local/lib/python3.12/site-packages/airflow/example_dags/tutorial.py
[2025-03-06T11:03:51.584+0000] {processor.py:914} INFO - Processing file /home/airflow/.local/lib/python3.12/site-packages/airflow/example_dags/tutorial.py for tasks to queue
[2025-03-06T11:03:51.586+0000] {logging_mixin.py:190} INFO - [2025-03-06T11:03:51.586+0000] {dagbag.py:588} INFO - Filling up the DagBag from /home/airflow/.local/lib/python3.12/site-packages/airflow/example_dags/tutorial.py
[2025-03-06T11:03:51.594+0000] {processor.py:925} INFO - DAG(s) 'tutorial' retrieved from /home/airflow/.local/lib/python3.12/site-packages/airflow/example_dags/tutorial.py
[2025-03-06T11:03:51.611+0000] {logging_mixin.py:190} INFO - [2025-03-06T11:03:51.611+0000] {dag.py:3239} INFO - Sync 1 DAGs
[2025-03-06T11:03:51.633+0000] {logging_mixin.py:190} INFO - [2025-03-06T11:03:51.633+0000] {dag.py:4180} INFO - Setting next_dagrun for tutorial to 2025-03-05 00:00:00+00:00, run_after=2025-03-06 00:00:00+00:00
[2025-03-06T11:03:51.650+0000] {processor.py:208} INFO - Processing /home/airflow/.local/lib/python3.12/site-packages/airflow/example_dags/tutorial.py took 0.076 seconds
[2025-03-06T11:04:22.233+0000] {processor.py:186} INFO - Started process (PID=598) to work on /home/airflow/.local/lib/python3.12/site-packages/airflow/example_dags/tutorial.py
[2025-03-06T11:04:22.235+0000] {processor.py:914} INFO - Processing file /home/airflow/.local/lib/python3.12/site-packages/airflow/example_dags/tutorial.py for tasks to queue
[2025-03-06T11:04:22.237+0000] {logging_mixin.py:190} INFO - [2025-03-06T11:04:22.237+0000] {dagbag.py:588} INFO - Filling up the DagBag from /home/airflow/.local/lib/python3.12/site-packages/airflow/example_dags/tutorial.py
[2025-03-06T11:04:22.247+0000] {processor.py:925} INFO - DAG(s) 'tutorial' retrieved from /home/airflow/.local/lib/python3.12/site-packages/airflow/example_dags/tutorial.py
[2025-03-06T11:04:22.266+0000] {logging_mixin.py:190} INFO - [2025-03-06T11:04:22.266+0000] {dag.py:3239} INFO - Sync 1 DAGs
[2025-03-06T11:04:22.288+0000] {logging_mixin.py:190} INFO - [2025-03-06T11:04:22.288+0000] {dag.py:4180} INFO - Setting next_dagrun for tutorial to 2025-03-05 00:00:00+00:00, run_after=2025-03-06 00:00:00+00:00
[2025-03-06T11:04:22.307+0000] {processor.py:208} INFO - Processing /home/airflow/.local/lib/python3.12/site-packages/airflow/example_dags/tutorial.py took 0.078 seconds
[2025-03-06T11:04:53.411+0000] {processor.py:186} INFO - Started process (PID=673) to work on /home/airflow/.local/lib/python3.12/site-packages/airflow/example_dags/tutorial.py
[2025-03-06T11:04:53.412+0000] {processor.py:914} INFO - Processing file /home/airflow/.local/lib/python3.12/site-packages/airflow/example_dags/tutorial.py for tasks to queue
[2025-03-06T11:04:53.414+0000] {logging_mixin.py:190} INFO - [2025-03-06T11:04:53.414+0000] {dagbag.py:588} INFO - Filling up the DagBag from /home/airflow/.local/lib/python3.12/site-packages/airflow/example_dags/tutorial.py
[2025-03-06T11:04:53.421+0000] {processor.py:925} INFO - DAG(s) 'tutorial' retrieved from /home/airflow/.local/lib/python3.12/site-packages/airflow/example_dags/tutorial.py
[2025-03-06T11:04:53.439+0000] {logging_mixin.py:190} INFO - [2025-03-06T11:04:53.438+0000] {dag.py:3239} INFO - Sync 1 DAGs
[2025-03-06T11:04:53.458+0000] {logging_mixin.py:190} INFO - [2025-03-06T11:04:53.457+0000] {dag.py:4180} INFO - Setting next_dagrun for tutorial to 2025-03-05 00:00:00+00:00, run_after=2025-03-06 00:00:00+00:00
[2025-03-06T11:04:53.483+0000] {processor.py:208} INFO - Processing /home/airflow/.local/lib/python3.12/site-packages/airflow/example_dags/tutorial.py took 0.077 seconds
[2025-03-06T11:05:24.544+0000] {processor.py:186} INFO - Started process (PID=772) to work on /home/airflow/.local/lib/python3.12/site-packages/airflow/example_dags/tutorial.py
[2025-03-06T11:05:24.546+0000] {processor.py:914} INFO - Processing file /home/airflow/.local/lib/python3.12/site-packages/airflow/example_dags/tutorial.py for tasks to queue
[2025-03-06T11:05:24.550+0000] {logging_mixin.py:190} INFO - [2025-03-06T11:05:24.549+0000] {dagbag.py:588} INFO - Filling up the DagBag from /home/airflow/.local/lib/python3.12/site-packages/airflow/example_dags/tutorial.py
[2025-03-06T11:05:24.559+0000] {processor.py:925} INFO - DAG(s) 'tutorial' retrieved from /home/airflow/.local/lib/python3.12/site-packages/airflow/example_dags/tutorial.py
[2025-03-06T11:05:24.584+0000] {logging_mixin.py:190} INFO - [2025-03-06T11:05:24.583+0000] {dag.py:3239} INFO - Sync 1 DAGs
[2025-03-06T11:05:24.613+0000] {logging_mixin.py:190} INFO - [2025-03-06T11:05:24.612+0000] {dag.py:4180} INFO - Setting next_dagrun for tutorial to 2025-03-05 00:00:00+00:00, run_after=2025-03-06 00:00:00+00:00
[2025-03-06T11:05:24.635+0000] {processor.py:208} INFO - Processing /home/airflow/.local/lib/python3.12/site-packages/airflow/example_dags/tutorial.py took 0.098 seconds
[2025-03-06T11:05:55.897+0000] {processor.py:186} INFO - Started process (PID=859) to work on /home/airflow/.local/lib/python3.12/site-packages/airflow/example_dags/tutorial.py
[2025-03-06T11:05:55.898+0000] {processor.py:914} INFO - Processing file /home/airflow/.local/lib/python3.12/site-packages/airflow/example_dags/tutorial.py for tasks to queue
[2025-03-06T11:05:55.901+0000] {logging_mixin.py:190} INFO - [2025-03-06T11:05:55.901+0000] {dagbag.py:588} INFO - Filling up the DagBag from /home/airflow/.local/lib/python3.12/site-packages/airflow/example_dags/tutorial.py
[2025-03-06T11:05:55.912+0000] {processor.py:925} INFO - DAG(s) 'tutorial' retrieved from /home/airflow/.local/lib/python3.12/site-packages/airflow/example_dags/tutorial.py
[2025-03-06T11:05:55.937+0000] {logging_mixin.py:190} INFO - [2025-03-06T11:05:55.936+0000] {dag.py:3239} INFO - Sync 1 DAGs
[2025-03-06T11:05:55.972+0000] {logging_mixin.py:190} INFO - [2025-03-06T11:05:55.972+0000] {dag.py:4180} INFO - Setting next_dagrun for tutorial to 2025-03-05 00:00:00+00:00, run_after=2025-03-06 00:00:00+00:00
[2025-03-06T11:05:55.999+0000] {processor.py:208} INFO - Processing /home/airflow/.local/lib/python3.12/site-packages/airflow/example_dags/tutorial.py took 0.109 seconds
[2025-03-06T11:07:42.918+0000] {processor.py:186} INFO - Started process (PID=962) to work on /home/airflow/.local/lib/python3.12/site-packages/airflow/example_dags/tutorial.py
[2025-03-06T11:07:42.922+0000] {processor.py:914} INFO - Processing file /home/airflow/.local/lib/python3.12/site-packages/airflow/example_dags/tutorial.py for tasks to queue
[2025-03-06T11:07:42.926+0000] {logging_mixin.py:190} INFO - [2025-03-06T11:07:42.925+0000] {dagbag.py:588} INFO - Filling up the DagBag from /home/airflow/.local/lib/python3.12/site-packages/airflow/example_dags/tutorial.py
[2025-03-06T11:07:42.957+0000] {processor.py:925} INFO - DAG(s) 'tutorial' retrieved from /home/airflow/.local/lib/python3.12/site-packages/airflow/example_dags/tutorial.py
[2025-03-06T11:07:43.023+0000] {logging_mixin.py:190} INFO - [2025-03-06T11:07:43.023+0000] {dag.py:3239} INFO - Sync 1 DAGs
[2025-03-06T11:07:43.106+0000] {logging_mixin.py:190} INFO - [2025-03-06T11:07:43.105+0000] {dag.py:4180} INFO - Setting next_dagrun for tutorial to 2025-03-05 00:00:00+00:00, run_after=2025-03-06 00:00:00+00:00
[2025-03-06T11:07:43.174+0000] {processor.py:208} INFO - Processing /home/airflow/.local/lib/python3.12/site-packages/airflow/example_dags/tutorial.py took 0.270 seconds
[2025-03-06T11:08:13.607+0000] {processor.py:186} INFO - Started process (PID=1037) to work on /home/airflow/.local/lib/python3.12/site-packages/airflow/example_dags/tutorial.py
[2025-03-06T11:08:13.608+0000] {processor.py:914} INFO - Processing file /home/airflow/.local/lib/python3.12/site-packages/airflow/example_dags/tutorial.py for tasks to queue
[2025-03-06T11:08:13.609+0000] {logging_mixin.py:190} INFO - [2025-03-06T11:08:13.609+0000] {dagbag.py:588} INFO - Filling up the DagBag from /home/airflow/.local/lib/python3.12/site-packages/airflow/example_dags/tutorial.py
[2025-03-06T11:08:13.618+0000] {processor.py:925} INFO - DAG(s) 'tutorial' retrieved from /home/airflow/.local/lib/python3.12/site-packages/airflow/example_dags/tutorial.py
[2025-03-06T11:08:13.639+0000] {logging_mixin.py:190} INFO - [2025-03-06T11:08:13.639+0000] {dag.py:3239} INFO - Sync 1 DAGs
[2025-03-06T11:08:13.666+0000] {logging_mixin.py:190} INFO - [2025-03-06T11:08:13.666+0000] {dag.py:4180} INFO - Setting next_dagrun for tutorial to 2025-03-05 00:00:00+00:00, run_after=2025-03-06 00:00:00+00:00
[2025-03-06T11:08:13.688+0000] {processor.py:208} INFO - Processing /home/airflow/.local/lib/python3.12/site-packages/airflow/example_dags/tutorial.py took 0.086 seconds
[2025-03-06T11:08:44.326+0000] {processor.py:186} INFO - Started process (PID=1112) to work on /home/airflow/.local/lib/python3.12/site-packages/airflow/example_dags/tutorial.py
[2025-03-06T11:08:44.327+0000] {processor.py:914} INFO - Processing file /home/airflow/.local/lib/python3.12/site-packages/airflow/example_dags/tutorial.py for tasks to queue
[2025-03-06T11:08:44.329+0000] {logging_mixin.py:190} INFO - [2025-03-06T11:08:44.329+0000] {dagbag.py:588} INFO - Filling up the DagBag from /home/airflow/.local/lib/python3.12/site-packages/airflow/example_dags/tutorial.py
[2025-03-06T11:08:44.338+0000] {processor.py:925} INFO - DAG(s) 'tutorial' retrieved from /home/airflow/.local/lib/python3.12/site-packages/airflow/example_dags/tutorial.py
[2025-03-06T11:08:44.361+0000] {logging_mixin.py:190} INFO - [2025-03-06T11:08:44.361+0000] {dag.py:3239} INFO - Sync 1 DAGs
[2025-03-06T11:08:44.391+0000] {logging_mixin.py:190} INFO - [2025-03-06T11:08:44.391+0000] {dag.py:4180} INFO - Setting next_dagrun for tutorial to 2025-03-05 00:00:00+00:00, run_after=2025-03-06 00:00:00+00:00
[2025-03-06T11:08:44.415+0000] {processor.py:208} INFO - Processing /home/airflow/.local/lib/python3.12/site-packages/airflow/example_dags/tutorial.py took 0.093 seconds
[2025-03-06T11:09:15.175+0000] {processor.py:186} INFO - Started process (PID=1187) to work on /home/airflow/.local/lib/python3.12/site-packages/airflow/example_dags/tutorial.py
[2025-03-06T11:09:15.176+0000] {processor.py:914} INFO - Processing file /home/airflow/.local/lib/python3.12/site-packages/airflow/example_dags/tutorial.py for tasks to queue
[2025-03-06T11:09:15.177+0000] {logging_mixin.py:190} INFO - [2025-03-06T11:09:15.177+0000] {dagbag.py:588} INFO - Filling up the DagBag from /home/airflow/.local/lib/python3.12/site-packages/airflow/example_dags/tutorial.py
[2025-03-06T11:09:15.185+0000] {processor.py:925} INFO - DAG(s) 'tutorial' retrieved from /home/airflow/.local/lib/python3.12/site-packages/airflow/example_dags/tutorial.py
[2025-03-06T11:09:15.204+0000] {logging_mixin.py:190} INFO - [2025-03-06T11:09:15.204+0000] {dag.py:3239} INFO - Sync 1 DAGs
[2025-03-06T11:09:15.226+0000] {logging_mixin.py:190} INFO - [2025-03-06T11:09:15.225+0000] {dag.py:4180} INFO - Setting next_dagrun for tutorial to 2025-03-05 00:00:00+00:00, run_after=2025-03-06 00:00:00+00:00
[2025-03-06T11:09:15.243+0000] {processor.py:208} INFO - Processing /home/airflow/.local/lib/python3.12/site-packages/airflow/example_dags/tutorial.py took 0.073 seconds
[2025-03-06T11:09:45.305+0000] {processor.py:186} INFO - Started process (PID=1262) to work on /home/airflow/.local/lib/python3.12/site-packages/airflow/example_dags/tutorial.py
[2025-03-06T11:09:45.306+0000] {processor.py:914} INFO - Processing file /home/airflow/.local/lib/python3.12/site-packages/airflow/example_dags/tutorial.py for tasks to queue
[2025-03-06T11:09:45.307+0000] {logging_mixin.py:190} INFO - [2025-03-06T11:09:45.307+0000] {dagbag.py:588} INFO - Filling up the DagBag from /home/airflow/.local/lib/python3.12/site-packages/airflow/example_dags/tutorial.py
[2025-03-06T11:09:45.316+0000] {processor.py:925} INFO - DAG(s) 'tutorial' retrieved from /home/airflow/.local/lib/python3.12/site-packages/airflow/example_dags/tutorial.py
[2025-03-06T11:09:45.334+0000] {logging_mixin.py:190} INFO - [2025-03-06T11:09:45.334+0000] {dag.py:3239} INFO - Sync 1 DAGs
[2025-03-06T11:09:45.355+0000] {logging_mixin.py:190} INFO - [2025-03-06T11:09:45.355+0000] {dag.py:4180} INFO - Setting next_dagrun for tutorial to 2025-03-05 00:00:00+00:00, run_after=2025-03-06 00:00:00+00:00
[2025-03-06T11:09:45.372+0000] {processor.py:208} INFO - Processing /home/airflow/.local/lib/python3.12/site-packages/airflow/example_dags/tutorial.py took 0.072 seconds
[2025-03-06T11:10:16.252+0000] {processor.py:186} INFO - Started process (PID=1337) to work on /home/airflow/.local/lib/python3.12/site-packages/airflow/example_dags/tutorial.py
[2025-03-06T11:10:16.253+0000] {processor.py:914} INFO - Processing file /home/airflow/.local/lib/python3.12/site-packages/airflow/example_dags/tutorial.py for tasks to queue
[2025-03-06T11:10:16.255+0000] {logging_mixin.py:190} INFO - [2025-03-06T11:10:16.255+0000] {dagbag.py:588} INFO - Filling up the DagBag from /home/airflow/.local/lib/python3.12/site-packages/airflow/example_dags/tutorial.py
[2025-03-06T11:10:16.265+0000] {processor.py:925} INFO - DAG(s) 'tutorial' retrieved from /home/airflow/.local/lib/python3.12/site-packages/airflow/example_dags/tutorial.py
[2025-03-06T11:10:16.285+0000] {logging_mixin.py:190} INFO - [2025-03-06T11:10:16.284+0000] {dag.py:3239} INFO - Sync 1 DAGs
[2025-03-06T11:10:16.306+0000] {logging_mixin.py:190} INFO - [2025-03-06T11:10:16.306+0000] {dag.py:4180} INFO - Setting next_dagrun for tutorial to 2025-03-05 00:00:00+00:00, run_after=2025-03-06 00:00:00+00:00
[2025-03-06T11:10:16.324+0000] {processor.py:208} INFO - Processing /home/airflow/.local/lib/python3.12/site-packages/airflow/example_dags/tutorial.py took 0.077 seconds
[2025-03-06T11:10:47.398+0000] {processor.py:186} INFO - Started process (PID=1413) to work on /home/airflow/.local/lib/python3.12/site-packages/airflow/example_dags/tutorial.py
[2025-03-06T11:10:47.399+0000] {processor.py:914} INFO - Processing file /home/airflow/.local/lib/python3.12/site-packages/airflow/example_dags/tutorial.py for tasks to queue
[2025-03-06T11:10:47.401+0000] {logging_mixin.py:190} INFO - [2025-03-06T11:10:47.401+0000] {dagbag.py:588} INFO - Filling up the DagBag from /home/airflow/.local/lib/python3.12/site-packages/airflow/example_dags/tutorial.py
[2025-03-06T11:10:47.409+0000] {processor.py:925} INFO - DAG(s) 'tutorial' retrieved from /home/airflow/.local/lib/python3.12/site-packages/airflow/example_dags/tutorial.py
[2025-03-06T11:10:47.429+0000] {logging_mixin.py:190} INFO - [2025-03-06T11:10:47.429+0000] {dag.py:3239} INFO - Sync 1 DAGs
[2025-03-06T11:10:47.450+0000] {logging_mixin.py:190} INFO - [2025-03-06T11:10:47.450+0000] {dag.py:4180} INFO - Setting next_dagrun for tutorial to 2025-03-05 00:00:00+00:00, run_after=2025-03-06 00:00:00+00:00
[2025-03-06T11:10:47.471+0000] {processor.py:208} INFO - Processing /home/airflow/.local/lib/python3.12/site-packages/airflow/example_dags/tutorial.py took 0.077 seconds
[2025-03-06T11:11:18.505+0000] {processor.py:186} INFO - Started process (PID=1488) to work on /home/airflow/.local/lib/python3.12/site-packages/airflow/example_dags/tutorial.py
[2025-03-06T11:11:18.506+0000] {processor.py:914} INFO - Processing file /home/airflow/.local/lib/python3.12/site-packages/airflow/example_dags/tutorial.py for tasks to queue
[2025-03-06T11:11:18.508+0000] {logging_mixin.py:190} INFO - [2025-03-06T11:11:18.507+0000] {dagbag.py:588} INFO - Filling up the DagBag from /home/airflow/.local/lib/python3.12/site-packages/airflow/example_dags/tutorial.py
[2025-03-06T11:11:18.516+0000] {processor.py:925} INFO - DAG(s) 'tutorial' retrieved from /home/airflow/.local/lib/python3.12/site-packages/airflow/example_dags/tutorial.py
[2025-03-06T11:11:18.536+0000] {logging_mixin.py:190} INFO - [2025-03-06T11:11:18.536+0000] {dag.py:3239} INFO - Sync 1 DAGs
[2025-03-06T11:11:18.557+0000] {logging_mixin.py:190} INFO - [2025-03-06T11:11:18.557+0000] {dag.py:4180} INFO - Setting next_dagrun for tutorial to 2025-03-05 00:00:00+00:00, run_after=2025-03-06 00:00:00+00:00
[2025-03-06T11:11:18.576+0000] {processor.py:208} INFO - Processing /home/airflow/.local/lib/python3.12/site-packages/airflow/example_dags/tutorial.py took 0.075 seconds
[2025-03-06T11:11:49.572+0000] {processor.py:186} INFO - Started process (PID=1563) to work on /home/airflow/.local/lib/python3.12/site-packages/airflow/example_dags/tutorial.py
[2025-03-06T11:11:49.573+0000] {processor.py:914} INFO - Processing file /home/airflow/.local/lib/python3.12/site-packages/airflow/example_dags/tutorial.py for tasks to queue
[2025-03-06T11:11:49.577+0000] {logging_mixin.py:190} INFO - [2025-03-06T11:11:49.577+0000] {dagbag.py:588} INFO - Filling up the DagBag from /home/airflow/.local/lib/python3.12/site-packages/airflow/example_dags/tutorial.py
[2025-03-06T11:11:49.586+0000] {processor.py:925} INFO - DAG(s) 'tutorial' retrieved from /home/airflow/.local/lib/python3.12/site-packages/airflow/example_dags/tutorial.py
[2025-03-06T11:11:49.604+0000] {logging_mixin.py:190} INFO - [2025-03-06T11:11:49.604+0000] {dag.py:3239} INFO - Sync 1 DAGs
[2025-03-06T11:11:49.624+0000] {logging_mixin.py:190} INFO - [2025-03-06T11:11:49.624+0000] {dag.py:4180} INFO - Setting next_dagrun for tutorial to 2025-03-05 00:00:00+00:00, run_after=2025-03-06 00:00:00+00:00
[2025-03-06T11:11:49.639+0000] {processor.py:208} INFO - Processing /home/airflow/.local/lib/python3.12/site-packages/airflow/example_dags/tutorial.py took 0.072 seconds
[2025-03-06T11:12:20.490+0000] {processor.py:186} INFO - Started process (PID=1638) to work on /home/airflow/.local/lib/python3.12/site-packages/airflow/example_dags/tutorial.py
[2025-03-06T11:12:20.492+0000] {processor.py:914} INFO - Processing file /home/airflow/.local/lib/python3.12/site-packages/airflow/example_dags/tutorial.py for tasks to queue
[2025-03-06T11:12:20.494+0000] {logging_mixin.py:190} INFO - [2025-03-06T11:12:20.494+0000] {dagbag.py:588} INFO - Filling up the DagBag from /home/airflow/.local/lib/python3.12/site-packages/airflow/example_dags/tutorial.py
[2025-03-06T11:12:20.505+0000] {processor.py:925} INFO - DAG(s) 'tutorial' retrieved from /home/airflow/.local/lib/python3.12/site-packages/airflow/example_dags/tutorial.py
[2025-03-06T11:12:20.531+0000] {logging_mixin.py:190} INFO - [2025-03-06T11:12:20.531+0000] {dag.py:3239} INFO - Sync 1 DAGs
[2025-03-06T11:12:20.555+0000] {logging_mixin.py:190} INFO - [2025-03-06T11:12:20.555+0000] {dag.py:4180} INFO - Setting next_dagrun for tutorial to 2025-03-05 00:00:00+00:00, run_after=2025-03-06 00:00:00+00:00
[2025-03-06T11:12:20.584+0000] {processor.py:208} INFO - Processing /home/airflow/.local/lib/python3.12/site-packages/airflow/example_dags/tutorial.py took 0.099 seconds
[2025-03-06T11:12:51.827+0000] {processor.py:186} INFO - Started process (PID=1713) to work on /home/airflow/.local/lib/python3.12/site-packages/airflow/example_dags/tutorial.py
[2025-03-06T11:12:51.828+0000] {processor.py:914} INFO - Processing file /home/airflow/.local/lib/python3.12/site-packages/airflow/example_dags/tutorial.py for tasks to queue
[2025-03-06T11:12:51.830+0000] {logging_mixin.py:190} INFO - [2025-03-06T11:12:51.829+0000] {dagbag.py:588} INFO - Filling up the DagBag from /home/airflow/.local/lib/python3.12/site-packages/airflow/example_dags/tutorial.py
[2025-03-06T11:12:51.839+0000] {processor.py:925} INFO - DAG(s) 'tutorial' retrieved from /home/airflow/.local/lib/python3.12/site-packages/airflow/example_dags/tutorial.py
[2025-03-06T11:12:51.859+0000] {logging_mixin.py:190} INFO - [2025-03-06T11:12:51.859+0000] {dag.py:3239} INFO - Sync 1 DAGs
[2025-03-06T11:12:51.883+0000] {logging_mixin.py:190} INFO - [2025-03-06T11:12:51.882+0000] {dag.py:4180} INFO - Setting next_dagrun for tutorial to 2025-03-05 00:00:00+00:00, run_after=2025-03-06 00:00:00+00:00
[2025-03-06T11:12:51.903+0000] {processor.py:208} INFO - Processing /home/airflow/.local/lib/python3.12/site-packages/airflow/example_dags/tutorial.py took 0.081 seconds
[2025-03-06T11:13:23.514+0000] {processor.py:186} INFO - Started process (PID=1788) to work on /home/airflow/.local/lib/python3.12/site-packages/airflow/example_dags/tutorial.py
[2025-03-06T11:13:23.515+0000] {processor.py:914} INFO - Processing file /home/airflow/.local/lib/python3.12/site-packages/airflow/example_dags/tutorial.py for tasks to queue
[2025-03-06T11:13:23.517+0000] {logging_mixin.py:190} INFO - [2025-03-06T11:13:23.517+0000] {dagbag.py:588} INFO - Filling up the DagBag from /home/airflow/.local/lib/python3.12/site-packages/airflow/example_dags/tutorial.py
[2025-03-06T11:13:23.531+0000] {processor.py:925} INFO - DAG(s) 'tutorial' retrieved from /home/airflow/.local/lib/python3.12/site-packages/airflow/example_dags/tutorial.py
[2025-03-06T11:13:23.556+0000] {logging_mixin.py:190} INFO - [2025-03-06T11:13:23.555+0000] {dag.py:3239} INFO - Sync 1 DAGs
[2025-03-06T11:13:23.578+0000] {logging_mixin.py:190} INFO - [2025-03-06T11:13:23.578+0000] {dag.py:4180} INFO - Setting next_dagrun for tutorial to 2025-03-05 00:00:00+00:00, run_after=2025-03-06 00:00:00+00:00
[2025-03-06T11:13:23.598+0000] {processor.py:208} INFO - Processing /home/airflow/.local/lib/python3.12/site-packages/airflow/example_dags/tutorial.py took 0.094 seconds
[2025-03-06T11:13:55.123+0000] {processor.py:186} INFO - Started process (PID=1867) to work on /home/airflow/.local/lib/python3.12/site-packages/airflow/example_dags/tutorial.py
[2025-03-06T11:13:55.125+0000] {processor.py:914} INFO - Processing file /home/airflow/.local/lib/python3.12/site-packages/airflow/example_dags/tutorial.py for tasks to queue
[2025-03-06T11:13:55.127+0000] {logging_mixin.py:190} INFO - [2025-03-06T11:13:55.126+0000] {dagbag.py:588} INFO - Filling up the DagBag from /home/airflow/.local/lib/python3.12/site-packages/airflow/example_dags/tutorial.py
[2025-03-06T11:13:55.137+0000] {processor.py:925} INFO - DAG(s) 'tutorial' retrieved from /home/airflow/.local/lib/python3.12/site-packages/airflow/example_dags/tutorial.py
[2025-03-06T11:13:55.158+0000] {logging_mixin.py:190} INFO - [2025-03-06T11:13:55.158+0000] {dag.py:3239} INFO - Sync 1 DAGs
[2025-03-06T11:13:55.184+0000] {logging_mixin.py:190} INFO - [2025-03-06T11:13:55.184+0000] {dag.py:4180} INFO - Setting next_dagrun for tutorial to 2025-03-05 00:00:00+00:00, run_after=2025-03-06 00:00:00+00:00
[2025-03-06T11:13:55.207+0000] {processor.py:208} INFO - Processing /home/airflow/.local/lib/python3.12/site-packages/airflow/example_dags/tutorial.py took 0.089 seconds
[2025-03-06T11:14:26.856+0000] {processor.py:186} INFO - Started process (PID=1942) to work on /home/airflow/.local/lib/python3.12/site-packages/airflow/example_dags/tutorial.py
[2025-03-06T11:14:26.858+0000] {processor.py:914} INFO - Processing file /home/airflow/.local/lib/python3.12/site-packages/airflow/example_dags/tutorial.py for tasks to queue
[2025-03-06T11:14:26.860+0000] {logging_mixin.py:190} INFO - [2025-03-06T11:14:26.860+0000] {dagbag.py:588} INFO - Filling up the DagBag from /home/airflow/.local/lib/python3.12/site-packages/airflow/example_dags/tutorial.py
[2025-03-06T11:14:26.872+0000] {processor.py:925} INFO - DAG(s) 'tutorial' retrieved from /home/airflow/.local/lib/python3.12/site-packages/airflow/example_dags/tutorial.py
[2025-03-06T11:14:26.901+0000] {logging_mixin.py:190} INFO - [2025-03-06T11:14:26.901+0000] {dag.py:3239} INFO - Sync 1 DAGs
[2025-03-06T11:14:26.934+0000] {logging_mixin.py:190} INFO - [2025-03-06T11:14:26.934+0000] {dag.py:4180} INFO - Setting next_dagrun for tutorial to 2025-03-05 00:00:00+00:00, run_after=2025-03-06 00:00:00+00:00
[2025-03-06T11:14:26.961+0000] {processor.py:208} INFO - Processing /home/airflow/.local/lib/python3.12/site-packages/airflow/example_dags/tutorial.py took 0.115 seconds
[2025-03-06T11:14:57.713+0000] {processor.py:186} INFO - Started process (PID=2017) to work on /home/airflow/.local/lib/python3.12/site-packages/airflow/example_dags/tutorial.py
[2025-03-06T11:14:57.715+0000] {processor.py:914} INFO - Processing file /home/airflow/.local/lib/python3.12/site-packages/airflow/example_dags/tutorial.py for tasks to queue
[2025-03-06T11:14:57.717+0000] {logging_mixin.py:190} INFO - [2025-03-06T11:14:57.716+0000] {dagbag.py:588} INFO - Filling up the DagBag from /home/airflow/.local/lib/python3.12/site-packages/airflow/example_dags/tutorial.py
[2025-03-06T11:14:57.724+0000] {processor.py:925} INFO - DAG(s) 'tutorial' retrieved from /home/airflow/.local/lib/python3.12/site-packages/airflow/example_dags/tutorial.py
[2025-03-06T11:14:57.742+0000] {logging_mixin.py:190} INFO - [2025-03-06T11:14:57.742+0000] {dag.py:3239} INFO - Sync 1 DAGs
[2025-03-06T11:14:57.762+0000] {logging_mixin.py:190} INFO - [2025-03-06T11:14:57.762+0000] {dag.py:4180} INFO - Setting next_dagrun for tutorial to 2025-03-05 00:00:00+00:00, run_after=2025-03-06 00:00:00+00:00
[2025-03-06T11:14:57.780+0000] {processor.py:208} INFO - Processing /home/airflow/.local/lib/python3.12/site-packages/airflow/example_dags/tutorial.py took 0.071 seconds
[2025-03-06T11:15:29.323+0000] {processor.py:186} INFO - Started process (PID=2092) to work on /home/airflow/.local/lib/python3.12/site-packages/airflow/example_dags/tutorial.py
[2025-03-06T11:15:29.325+0000] {processor.py:914} INFO - Processing file /home/airflow/.local/lib/python3.12/site-packages/airflow/example_dags/tutorial.py for tasks to queue
[2025-03-06T11:15:29.326+0000] {logging_mixin.py:190} INFO - [2025-03-06T11:15:29.326+0000] {dagbag.py:588} INFO - Filling up the DagBag from /home/airflow/.local/lib/python3.12/site-packages/airflow/example_dags/tutorial.py
[2025-03-06T11:15:29.335+0000] {processor.py:925} INFO - DAG(s) 'tutorial' retrieved from /home/airflow/.local/lib/python3.12/site-packages/airflow/example_dags/tutorial.py
[2025-03-06T11:15:29.350+0000] {logging_mixin.py:190} INFO - [2025-03-06T11:15:29.350+0000] {dag.py:3239} INFO - Sync 1 DAGs
[2025-03-06T11:15:29.370+0000] {logging_mixin.py:190} INFO - [2025-03-06T11:15:29.370+0000] {dag.py:4180} INFO - Setting next_dagrun for tutorial to 2025-03-05 00:00:00+00:00, run_after=2025-03-06 00:00:00+00:00
[2025-03-06T11:15:29.385+0000] {processor.py:208} INFO - Processing /home/airflow/.local/lib/python3.12/site-packages/airflow/example_dags/tutorial.py took 0.067 seconds
[2025-03-06T11:16:00.644+0000] {processor.py:186} INFO - Started process (PID=2173) to work on /home/airflow/.local/lib/python3.12/site-packages/airflow/example_dags/tutorial.py
[2025-03-06T11:16:00.646+0000] {processor.py:914} INFO - Processing file /home/airflow/.local/lib/python3.12/site-packages/airflow/example_dags/tutorial.py for tasks to queue
[2025-03-06T11:16:00.647+0000] {logging_mixin.py:190} INFO - [2025-03-06T11:16:00.647+0000] {dagbag.py:588} INFO - Filling up the DagBag from /home/airflow/.local/lib/python3.12/site-packages/airflow/example_dags/tutorial.py
[2025-03-06T11:16:00.656+0000] {processor.py:925} INFO - DAG(s) 'tutorial' retrieved from /home/airflow/.local/lib/python3.12/site-packages/airflow/example_dags/tutorial.py
[2025-03-06T11:16:00.675+0000] {logging_mixin.py:190} INFO - [2025-03-06T11:16:00.674+0000] {dag.py:3239} INFO - Sync 1 DAGs
[2025-03-06T11:16:00.696+0000] {logging_mixin.py:190} INFO - [2025-03-06T11:16:00.696+0000] {dag.py:4180} INFO - Setting next_dagrun for tutorial to 2025-03-05 00:00:00+00:00, run_after=2025-03-06 00:00:00+00:00
[2025-03-06T11:16:00.714+0000] {processor.py:208} INFO - Processing /home/airflow/.local/lib/python3.12/site-packages/airflow/example_dags/tutorial.py took 0.075 seconds
[2025-03-06T11:16:32.325+0000] {processor.py:186} INFO - Started process (PID=2248) to work on /home/airflow/.local/lib/python3.12/site-packages/airflow/example_dags/tutorial.py
[2025-03-06T11:16:32.329+0000] {processor.py:914} INFO - Processing file /home/airflow/.local/lib/python3.12/site-packages/airflow/example_dags/tutorial.py for tasks to queue
[2025-03-06T11:16:32.330+0000] {logging_mixin.py:190} INFO - [2025-03-06T11:16:32.330+0000] {dagbag.py:588} INFO - Filling up the DagBag from /home/airflow/.local/lib/python3.12/site-packages/airflow/example_dags/tutorial.py
[2025-03-06T11:16:32.339+0000] {processor.py:925} INFO - DAG(s) 'tutorial' retrieved from /home/airflow/.local/lib/python3.12/site-packages/airflow/example_dags/tutorial.py
[2025-03-06T11:16:32.358+0000] {logging_mixin.py:190} INFO - [2025-03-06T11:16:32.357+0000] {dag.py:3239} INFO - Sync 1 DAGs
[2025-03-06T11:16:32.378+0000] {logging_mixin.py:190} INFO - [2025-03-06T11:16:32.378+0000] {dag.py:4180} INFO - Setting next_dagrun for tutorial to 2025-03-05 00:00:00+00:00, run_after=2025-03-06 00:00:00+00:00
[2025-03-06T11:16:32.396+0000] {processor.py:208} INFO - Processing /home/airflow/.local/lib/python3.12/site-packages/airflow/example_dags/tutorial.py took 0.077 seconds
[2025-03-06T11:17:03.058+0000] {processor.py:186} INFO - Started process (PID=2323) to work on /home/airflow/.local/lib/python3.12/site-packages/airflow/example_dags/tutorial.py
[2025-03-06T11:17:03.059+0000] {processor.py:914} INFO - Processing file /home/airflow/.local/lib/python3.12/site-packages/airflow/example_dags/tutorial.py for tasks to queue
[2025-03-06T11:17:03.061+0000] {logging_mixin.py:190} INFO - [2025-03-06T11:17:03.061+0000] {dagbag.py:588} INFO - Filling up the DagBag from /home/airflow/.local/lib/python3.12/site-packages/airflow/example_dags/tutorial.py
[2025-03-06T11:17:03.069+0000] {processor.py:925} INFO - DAG(s) 'tutorial' retrieved from /home/airflow/.local/lib/python3.12/site-packages/airflow/example_dags/tutorial.py
[2025-03-06T11:17:03.087+0000] {logging_mixin.py:190} INFO - [2025-03-06T11:17:03.086+0000] {dag.py:3239} INFO - Sync 1 DAGs
[2025-03-06T11:17:03.106+0000] {logging_mixin.py:190} INFO - [2025-03-06T11:17:03.106+0000] {dag.py:4180} INFO - Setting next_dagrun for tutorial to 2025-03-05 00:00:00+00:00, run_after=2025-03-06 00:00:00+00:00
[2025-03-06T11:17:03.123+0000] {processor.py:208} INFO - Processing /home/airflow/.local/lib/python3.12/site-packages/airflow/example_dags/tutorial.py took 0.069 seconds
[2025-03-06T11:17:33.957+0000] {processor.py:186} INFO - Started process (PID=2398) to work on /home/airflow/.local/lib/python3.12/site-packages/airflow/example_dags/tutorial.py
[2025-03-06T11:17:33.958+0000] {processor.py:914} INFO - Processing file /home/airflow/.local/lib/python3.12/site-packages/airflow/example_dags/tutorial.py for tasks to queue
[2025-03-06T11:17:33.960+0000] {logging_mixin.py:190} INFO - [2025-03-06T11:17:33.960+0000] {dagbag.py:588} INFO - Filling up the DagBag from /home/airflow/.local/lib/python3.12/site-packages/airflow/example_dags/tutorial.py
[2025-03-06T11:17:33.968+0000] {processor.py:925} INFO - DAG(s) 'tutorial' retrieved from /home/airflow/.local/lib/python3.12/site-packages/airflow/example_dags/tutorial.py
[2025-03-06T11:17:33.986+0000] {logging_mixin.py:190} INFO - [2025-03-06T11:17:33.986+0000] {dag.py:3239} INFO - Sync 1 DAGs
[2025-03-06T11:17:34.007+0000] {logging_mixin.py:190} INFO - [2025-03-06T11:17:34.007+0000] {dag.py:4180} INFO - Setting next_dagrun for tutorial to 2025-03-05 00:00:00+00:00, run_after=2025-03-06 00:00:00+00:00
[2025-03-06T11:17:34.023+0000] {processor.py:208} INFO - Processing /home/airflow/.local/lib/python3.12/site-packages/airflow/example_dags/tutorial.py took 0.071 seconds
[2025-03-06T11:18:05.632+0000] {processor.py:186} INFO - Started process (PID=2473) to work on /home/airflow/.local/lib/python3.12/site-packages/airflow/example_dags/tutorial.py
[2025-03-06T11:18:05.633+0000] {processor.py:914} INFO - Processing file /home/airflow/.local/lib/python3.12/site-packages/airflow/example_dags/tutorial.py for tasks to queue
[2025-03-06T11:18:05.635+0000] {logging_mixin.py:190} INFO - [2025-03-06T11:18:05.634+0000] {dagbag.py:588} INFO - Filling up the DagBag from /home/airflow/.local/lib/python3.12/site-packages/airflow/example_dags/tutorial.py
[2025-03-06T11:18:05.644+0000] {processor.py:925} INFO - DAG(s) 'tutorial' retrieved from /home/airflow/.local/lib/python3.12/site-packages/airflow/example_dags/tutorial.py
[2025-03-06T11:18:05.661+0000] {logging_mixin.py:190} INFO - [2025-03-06T11:18:05.660+0000] {dag.py:3239} INFO - Sync 1 DAGs
[2025-03-06T11:18:05.680+0000] {logging_mixin.py:190} INFO - [2025-03-06T11:18:05.680+0000] {dag.py:4180} INFO - Setting next_dagrun for tutorial to 2025-03-05 00:00:00+00:00, run_after=2025-03-06 00:00:00+00:00
[2025-03-06T11:18:05.699+0000] {processor.py:208} INFO - Processing /home/airflow/.local/lib/python3.12/site-packages/airflow/example_dags/tutorial.py took 0.072 seconds
[2025-03-06T11:18:37.333+0000] {processor.py:186} INFO - Started process (PID=2550) to work on /home/airflow/.local/lib/python3.12/site-packages/airflow/example_dags/tutorial.py
[2025-03-06T11:18:37.335+0000] {processor.py:914} INFO - Processing file /home/airflow/.local/lib/python3.12/site-packages/airflow/example_dags/tutorial.py for tasks to queue
[2025-03-06T11:18:37.337+0000] {logging_mixin.py:190} INFO - [2025-03-06T11:18:37.337+0000] {dagbag.py:588} INFO - Filling up the DagBag from /home/airflow/.local/lib/python3.12/site-packages/airflow/example_dags/tutorial.py
[2025-03-06T11:18:37.345+0000] {processor.py:925} INFO - DAG(s) 'tutorial' retrieved from /home/airflow/.local/lib/python3.12/site-packages/airflow/example_dags/tutorial.py
[2025-03-06T11:18:37.365+0000] {logging_mixin.py:190} INFO - [2025-03-06T11:18:37.364+0000] {dag.py:3239} INFO - Sync 1 DAGs
[2025-03-06T11:18:37.387+0000] {logging_mixin.py:190} INFO - [2025-03-06T11:18:37.387+0000] {dag.py:4180} INFO - Setting next_dagrun for tutorial to 2025-03-05 00:00:00+00:00, run_after=2025-03-06 00:00:00+00:00
[2025-03-06T11:18:37.414+0000] {processor.py:208} INFO - Processing /home/airflow/.local/lib/python3.12/site-packages/airflow/example_dags/tutorial.py took 0.087 seconds
