[2025-03-05T09:08:56.211+0000] {local_task_job_runner.py:123} INFO - ::group::Pre task execution logs
[2025-03-05T09:08:56.232+0000] {taskinstance.py:2614} INFO - Dependencies all met for dep_context=non-requeueable deps ti=<TaskInstance: ml_pipeline_demo.prepare_data manual__2025-03-05T09:08:53.385668+00:00 [queued]>
[2025-03-05T09:08:56.243+0000] {taskinstance.py:2614} INFO - Dependencies all met for dep_context=requeueable deps ti=<TaskInstance: ml_pipeline_demo.prepare_data manual__2025-03-05T09:08:53.385668+00:00 [queued]>
[2025-03-05T09:08:56.244+0000] {taskinstance.py:2867} INFO - Starting attempt 1 of 1
[2025-03-05T09:08:56.263+0000] {taskinstance.py:2890} INFO - Executing <Task(PythonOperator): prepare_data> on 2025-03-05 09:08:53.385668+00:00
[2025-03-05T09:08:56.273+0000] {warnings.py:112} WARNING - /home/***/.local/lib/python3.12/site-packages/***/task/task_runner/standard_task_runner.py:70: DeprecationWarning: This process (pid=642) is multi-threaded, use of fork() may lead to deadlocks in the child.
  pid = os.fork()

[2025-03-05T09:08:56.277+0000] {standard_task_runner.py:72} INFO - Started process 655 to run task
[2025-03-05T09:08:56.276+0000] {standard_task_runner.py:104} INFO - Running: ['***', 'tasks', 'run', 'ml_pipeline_demo', 'prepare_data', 'manual__2025-03-05T09:08:53.385668+00:00', '--job-id', '27', '--raw', '--subdir', 'DAGS_FOLDER/ml_pipeline.py', '--cfg-path', '/tmp/tmp5yox8g2v']
[2025-03-05T09:08:56.278+0000] {standard_task_runner.py:105} INFO - Job 27: Subtask prepare_data
[2025-03-05T09:08:56.334+0000] {task_command.py:467} INFO - Running <TaskInstance: ml_pipeline_demo.prepare_data manual__2025-03-05T09:08:53.385668+00:00 [running]> on host aacdd75e5d47
[2025-03-05T09:08:56.413+0000] {taskinstance.py:3134} INFO - Exporting env vars: AIRFLOW_CTX_DAG_OWNER='***' AIRFLOW_CTX_DAG_ID='ml_pipeline_demo' AIRFLOW_CTX_TASK_ID='prepare_data' AIRFLOW_CTX_EXECUTION_DATE='2025-03-05T09:08:53.385668+00:00' AIRFLOW_CTX_TRY_NUMBER='1' AIRFLOW_CTX_DAG_RUN_ID='manual__2025-03-05T09:08:53.385668+00:00'
[2025-03-05T09:08:56.416+0000] {logging_mixin.py:190} INFO - Task instance is in running state
[2025-03-05T09:08:56.416+0000] {logging_mixin.py:190} INFO -  Previous state of the Task instance: queued
[2025-03-05T09:08:56.417+0000] {logging_mixin.py:190} INFO - Current task name:prepare_data state:running start_date:2025-03-05 09:08:56.233782+00:00
[2025-03-05T09:08:56.418+0000] {logging_mixin.py:190} INFO - Dag name:ml_pipeline_demo and current dag run status:running
[2025-03-05T09:08:56.418+0000] {taskinstance.py:732} INFO - ::endgroup::
[2025-03-05T09:08:56.557+0000] {python.py:240} INFO - Done. Returned value was: None
[2025-03-05T09:08:56.566+0000] {taskinstance.py:341} INFO - ::group::Post task execution logs
[2025-03-05T09:08:56.567+0000] {taskinstance.py:353} INFO - Marking task as SUCCESS. dag_id=ml_pipeline_demo, task_id=prepare_data, run_id=manual__2025-03-05T09:08:53.385668+00:00, execution_date=20250305T090853, start_date=20250305T090856, end_date=20250305T090856
[2025-03-05T09:08:56.589+0000] {logging_mixin.py:190} INFO - Task instance in success state
[2025-03-05T09:08:56.590+0000] {logging_mixin.py:190} INFO -  Previous state of the Task instance: running
[2025-03-05T09:08:56.590+0000] {logging_mixin.py:190} INFO - Dag name:ml_pipeline_demo queued_at:2025-03-05 09:08:53.449742+00:00
[2025-03-05T09:08:56.591+0000] {logging_mixin.py:190} INFO - Task hostname:aacdd75e5d47 operator:PythonOperator
[2025-03-05T09:08:56.617+0000] {local_task_job_runner.py:266} INFO - Task exited with return code 0
[2025-03-05T09:08:56.650+0000] {taskinstance.py:3901} INFO - 1 downstream tasks scheduled from follow-on schedule check
[2025-03-05T09:08:56.653+0000] {local_task_job_runner.py:245} INFO - ::endgroup::
