[2025-03-05T09:12:28.030+0000] {local_task_job_runner.py:123} INFO - ::group::Pre task execution logs
[2025-03-05T09:12:28.047+0000] {taskinstance.py:2614} INFO - Dependencies all met for dep_context=non-requeueable deps ti=<TaskInstance: ml_pipeline_demo.prepare_data manual__2025-03-05T09:12:24.332456+00:00 [queued]>
[2025-03-05T09:12:28.054+0000] {taskinstance.py:2614} INFO - Dependencies all met for dep_context=requeueable deps ti=<TaskInstance: ml_pipeline_demo.prepare_data manual__2025-03-05T09:12:24.332456+00:00 [queued]>
[2025-03-05T09:12:28.055+0000] {taskinstance.py:2867} INFO - Starting attempt 1 of 1
[2025-03-05T09:12:28.069+0000] {taskinstance.py:2890} INFO - Executing <Task(PythonOperator): prepare_data> on 2025-03-05 09:12:24.332456+00:00
[2025-03-05T09:12:28.078+0000] {warnings.py:112} WARNING - /home/***/.local/lib/python3.12/site-packages/***/task/task_runner/standard_task_runner.py:70: DeprecationWarning: This process (pid=785) is multi-threaded, use of fork() may lead to deadlocks in the child.
  pid = os.fork()

[2025-03-05T09:12:28.080+0000] {standard_task_runner.py:72} INFO - Started process 798 to run task
[2025-03-05T09:12:28.080+0000] {standard_task_runner.py:104} INFO - Running: ['***', 'tasks', 'run', 'ml_pipeline_demo', 'prepare_data', 'manual__2025-03-05T09:12:24.332456+00:00', '--job-id', '33', '--raw', '--subdir', 'DAGS_FOLDER/ml_pipeline.py', '--cfg-path', '/tmp/tmpzcnl1sy2']
[2025-03-05T09:12:28.081+0000] {standard_task_runner.py:105} INFO - Job 33: Subtask prepare_data
[2025-03-05T09:12:28.126+0000] {task_command.py:467} INFO - Running <TaskInstance: ml_pipeline_demo.prepare_data manual__2025-03-05T09:12:24.332456+00:00 [running]> on host aacdd75e5d47
[2025-03-05T09:12:28.192+0000] {taskinstance.py:3134} INFO - Exporting env vars: AIRFLOW_CTX_DAG_OWNER='***' AIRFLOW_CTX_DAG_ID='ml_pipeline_demo' AIRFLOW_CTX_TASK_ID='prepare_data' AIRFLOW_CTX_EXECUTION_DATE='2025-03-05T09:12:24.332456+00:00' AIRFLOW_CTX_TRY_NUMBER='1' AIRFLOW_CTX_DAG_RUN_ID='manual__2025-03-05T09:12:24.332456+00:00'
[2025-03-05T09:12:28.194+0000] {logging_mixin.py:190} INFO - Task instance is in running state
[2025-03-05T09:12:28.194+0000] {logging_mixin.py:190} INFO -  Previous state of the Task instance: queued
[2025-03-05T09:12:28.194+0000] {logging_mixin.py:190} INFO - Current task name:prepare_data state:running start_date:2025-03-05 09:12:28.048470+00:00
[2025-03-05T09:12:28.195+0000] {logging_mixin.py:190} INFO - Dag name:ml_pipeline_demo and current dag run status:running
[2025-03-05T09:12:28.195+0000] {taskinstance.py:732} INFO - ::endgroup::
[2025-03-05T09:12:28.601+0000] {python.py:240} INFO - Done. Returned value was: None
[2025-03-05T09:12:28.612+0000] {taskinstance.py:341} INFO - ::group::Post task execution logs
[2025-03-05T09:12:28.613+0000] {taskinstance.py:353} INFO - Marking task as SUCCESS. dag_id=ml_pipeline_demo, task_id=prepare_data, run_id=manual__2025-03-05T09:12:24.332456+00:00, execution_date=20250305T091224, start_date=20250305T091228, end_date=20250305T091228
[2025-03-05T09:12:28.644+0000] {logging_mixin.py:190} INFO - Task instance in success state
[2025-03-05T09:12:28.645+0000] {logging_mixin.py:190} INFO -  Previous state of the Task instance: running
[2025-03-05T09:12:28.646+0000] {logging_mixin.py:190} INFO - Dag name:ml_pipeline_demo queued_at:2025-03-05 09:12:24.383110+00:00
[2025-03-05T09:12:28.647+0000] {logging_mixin.py:190} INFO - Task hostname:aacdd75e5d47 operator:PythonOperator
[2025-03-05T09:12:28.659+0000] {local_task_job_runner.py:266} INFO - Task exited with return code 0
[2025-03-05T09:12:28.692+0000] {taskinstance.py:3901} INFO - 1 downstream tasks scheduled from follow-on schedule check
[2025-03-05T09:12:28.696+0000] {local_task_job_runner.py:245} INFO - ::endgroup::
