[2025-03-06T04:34:37.841+0000] {local_task_job_runner.py:123} INFO - ::group::Pre task execution logs
[2025-03-06T04:34:37.866+0000] {taskinstance.py:2614} INFO - Dependencies all met for dep_context=non-requeueable deps ti=<TaskInstance: ml_pipeline_demo.prepare_data scheduled__2025-03-05T00:00:00+00:00 [queued]>
[2025-03-06T04:34:37.876+0000] {taskinstance.py:2614} INFO - Dependencies all met for dep_context=requeueable deps ti=<TaskInstance: ml_pipeline_demo.prepare_data scheduled__2025-03-05T00:00:00+00:00 [queued]>
[2025-03-06T04:34:37.876+0000] {taskinstance.py:2867} INFO - Starting attempt 1 of 1
[2025-03-06T04:34:37.891+0000] {taskinstance.py:2890} INFO - Executing <Task(PythonOperator): prepare_data> on 2025-03-05 00:00:00+00:00
[2025-03-06T04:34:37.904+0000] {warnings.py:112} WARNING - /home/***/.local/lib/python3.12/site-packages/***/task/task_runner/standard_task_runner.py:70: DeprecationWarning: This process (pid=1356) is multi-threaded, use of fork() may lead to deadlocks in the child.
  pid = os.fork()

[2025-03-06T04:34:37.908+0000] {standard_task_runner.py:72} INFO - Started process 1369 to run task
[2025-03-06T04:34:37.909+0000] {standard_task_runner.py:104} INFO - Running: ['***', 'tasks', 'run', 'ml_pipeline_demo', 'prepare_data', 'scheduled__2025-03-05T00:00:00+00:00', '--job-id', '67', '--raw', '--subdir', 'DAGS_FOLDER/ml_pipeline.py', '--cfg-path', '/tmp/tmp93v_0ogs']
[2025-03-06T04:34:37.910+0000] {standard_task_runner.py:105} INFO - Job 67: Subtask prepare_data
[2025-03-06T04:34:37.961+0000] {task_command.py:467} INFO - Running <TaskInstance: ml_pipeline_demo.prepare_data scheduled__2025-03-05T00:00:00+00:00 [running]> on host aacdd75e5d47
[2025-03-06T04:34:38.052+0000] {taskinstance.py:3134} INFO - Exporting env vars: AIRFLOW_CTX_DAG_OWNER='***' AIRFLOW_CTX_DAG_ID='ml_pipeline_demo' AIRFLOW_CTX_TASK_ID='prepare_data' AIRFLOW_CTX_EXECUTION_DATE='2025-03-05T00:00:00+00:00' AIRFLOW_CTX_TRY_NUMBER='1' AIRFLOW_CTX_DAG_RUN_ID='scheduled__2025-03-05T00:00:00+00:00'
[2025-03-06T04:34:38.054+0000] {logging_mixin.py:190} INFO - Task instance is in running state
[2025-03-06T04:34:38.054+0000] {logging_mixin.py:190} INFO -  Previous state of the Task instance: queued
[2025-03-06T04:34:38.055+0000] {logging_mixin.py:190} INFO - Current task name:prepare_data state:running start_date:2025-03-06 04:34:37.867433+00:00
[2025-03-06T04:34:38.056+0000] {logging_mixin.py:190} INFO - Dag name:ml_pipeline_demo and current dag run status:running
[2025-03-06T04:34:38.057+0000] {taskinstance.py:732} INFO - ::endgroup::
[2025-03-06T04:34:40.026+0000] {python.py:240} INFO - Done. Returned value was: None
[2025-03-06T04:34:40.055+0000] {taskinstance.py:341} INFO - ::group::Post task execution logs
[2025-03-06T04:34:40.060+0000] {taskinstance.py:353} INFO - Marking task as SUCCESS. dag_id=ml_pipeline_demo, task_id=prepare_data, run_id=scheduled__2025-03-05T00:00:00+00:00, execution_date=20250305T000000, start_date=20250306T043437, end_date=20250306T043440
[2025-03-06T04:34:40.127+0000] {logging_mixin.py:190} INFO - Task instance in success state
[2025-03-06T04:34:40.128+0000] {logging_mixin.py:190} INFO -  Previous state of the Task instance: running
[2025-03-06T04:34:40.129+0000] {logging_mixin.py:190} INFO - Dag name:ml_pipeline_demo queued_at:2025-03-06 04:34:22.828437+00:00
[2025-03-06T04:34:40.130+0000] {logging_mixin.py:190} INFO - Task hostname:aacdd75e5d47 operator:PythonOperator
[2025-03-06T04:34:40.174+0000] {local_task_job_runner.py:266} INFO - Task exited with return code 0
[2025-03-06T04:34:40.186+0000] {local_task_job_runner.py:245} INFO - ::endgroup::
