[2025-03-06T04:34:57.869+0000] {local_task_job_runner.py:123} INFO - ::group::Pre task execution logs
[2025-03-06T04:34:57.907+0000] {taskinstance.py:2614} INFO - Dependencies all met for dep_context=non-requeueable deps ti=<TaskInstance: ml_pipeline_demo.getmetrics scheduled__2025-03-05T00:00:00+00:00 [queued]>
[2025-03-06T04:34:57.926+0000] {taskinstance.py:2614} INFO - Dependencies all met for dep_context=requeueable deps ti=<TaskInstance: ml_pipeline_demo.getmetrics scheduled__2025-03-05T00:00:00+00:00 [queued]>
[2025-03-06T04:34:57.928+0000] {taskinstance.py:2867} INFO - Starting attempt 1 of 1
[2025-03-06T04:34:57.951+0000] {taskinstance.py:2890} INFO - Executing <Task(PythonOperator): getmetrics> on 2025-03-05 00:00:00+00:00
[2025-03-06T04:34:57.966+0000] {standard_task_runner.py:104} INFO - Running: ['***', 'tasks', 'run', 'ml_pipeline_demo', 'getmetrics', 'scheduled__2025-03-05T00:00:00+00:00', '--job-id', '72', '--raw', '--subdir', 'DAGS_FOLDER/ml_pipeline.py', '--cfg-path', '/tmp/tmp2t91bdhj']
[2025-03-06T04:34:57.965+0000] {warnings.py:112} WARNING - /home/***/.local/lib/python3.12/site-packages/***/task/task_runner/standard_task_runner.py:70: DeprecationWarning: This process (pid=1442) is multi-threaded, use of fork() may lead to deadlocks in the child.
  pid = os.fork()

[2025-03-06T04:34:57.968+0000] {standard_task_runner.py:105} INFO - Job 72: Subtask getmetrics
[2025-03-06T04:34:57.968+0000] {standard_task_runner.py:72} INFO - Started process 1462 to run task
[2025-03-06T04:34:58.046+0000] {task_command.py:467} INFO - Running <TaskInstance: ml_pipeline_demo.getmetrics scheduled__2025-03-05T00:00:00+00:00 [running]> on host aacdd75e5d47
[2025-03-06T04:34:58.162+0000] {taskinstance.py:3134} INFO - Exporting env vars: AIRFLOW_CTX_DAG_OWNER='***' AIRFLOW_CTX_DAG_ID='ml_pipeline_demo' AIRFLOW_CTX_TASK_ID='getmetrics' AIRFLOW_CTX_EXECUTION_DATE='2025-03-05T00:00:00+00:00' AIRFLOW_CTX_TRY_NUMBER='1' AIRFLOW_CTX_DAG_RUN_ID='scheduled__2025-03-05T00:00:00+00:00'
[2025-03-06T04:34:58.165+0000] {logging_mixin.py:190} INFO - Task instance is in running state
[2025-03-06T04:34:58.166+0000] {logging_mixin.py:190} INFO -  Previous state of the Task instance: queued
[2025-03-06T04:34:58.167+0000] {logging_mixin.py:190} INFO - Current task name:getmetrics state:running start_date:2025-03-06 04:34:57.909227+00:00
[2025-03-06T04:34:58.167+0000] {logging_mixin.py:190} INFO - Dag name:ml_pipeline_demo and current dag run status:running
[2025-03-06T04:34:58.168+0000] {taskinstance.py:732} INFO - ::endgroup::
[2025-03-06T04:34:58.193+0000] {logging_mixin.py:190} INFO - Accuracy: 0.9333333333333333
[2025-03-06T04:34:58.194+0000] {logging_mixin.py:190} INFO - Precision: 0.9345238095238096
[2025-03-06T04:34:58.195+0000] {logging_mixin.py:190} INFO - Recall: 0.9333333333333332
[2025-03-06T04:34:58.196+0000] {logging_mixin.py:190} INFO - Log Loss: 0.17045502063172024
[2025-03-06T04:34:58.196+0000] {logging_mixin.py:190} INFO - ----------------------------------------------
[2025-03-06T04:34:58.213+0000] {logging_mixin.py:190} INFO -                  precision    recall  f1-score   support

    Iris-setosa       1.00      1.00      1.00        15
Iris-versicolor       0.93      0.87      0.90        15
 Iris-virginica       0.88      0.93      0.90        15

       accuracy                           0.93        45
      macro avg       0.93      0.93      0.93        45
   weighted avg       0.93      0.93      0.93        45
[2025-03-06T04:34:58.214+0000] {logging_mixin.py:190} INFO - ----------------------------------------------
[2025-03-06T04:34:58.214+0000] {python.py:240} INFO - Done. Returned value was: None
[2025-03-06T04:34:58.228+0000] {taskinstance.py:341} INFO - ::group::Post task execution logs
[2025-03-06T04:34:58.229+0000] {taskinstance.py:353} INFO - Marking task as SUCCESS. dag_id=ml_pipeline_demo, task_id=getmetrics, run_id=scheduled__2025-03-05T00:00:00+00:00, execution_date=20250305T000000, start_date=20250306T043457, end_date=20250306T043458
[2025-03-06T04:34:58.260+0000] {logging_mixin.py:190} INFO - Task instance in success state
[2025-03-06T04:34:58.261+0000] {logging_mixin.py:190} INFO -  Previous state of the Task instance: running
[2025-03-06T04:34:58.262+0000] {logging_mixin.py:190} INFO - Dag name:ml_pipeline_demo queued_at:2025-03-06 04:34:22.828437+00:00
[2025-03-06T04:34:58.262+0000] {logging_mixin.py:190} INFO - Task hostname:aacdd75e5d47 operator:PythonOperator
[2025-03-06T04:34:58.306+0000] {local_task_job_runner.py:266} INFO - Task exited with return code 0
[2025-03-06T04:34:58.332+0000] {taskinstance.py:3901} INFO - 0 downstream tasks scheduled from follow-on schedule check
[2025-03-06T04:34:58.334+0000] {local_task_job_runner.py:245} INFO - ::endgroup::
