[2025-03-05T09:27:16.175+0000] {local_task_job_runner.py:123} INFO - ::group::Pre task execution logs
[2025-03-05T09:27:16.212+0000] {taskinstance.py:2614} INFO - Dependencies all met for dep_context=non-requeueable deps ti=<TaskInstance: ml_pipeline_demo.getmetrics manual__2025-03-05T09:26:52.799651+00:00 [queued]>
[2025-03-05T09:27:16.236+0000] {taskinstance.py:2614} INFO - Dependencies all met for dep_context=requeueable deps ti=<TaskInstance: ml_pipeline_demo.getmetrics manual__2025-03-05T09:26:52.799651+00:00 [queued]>
[2025-03-05T09:27:16.238+0000] {taskinstance.py:2867} INFO - Starting attempt 1 of 1
[2025-03-05T09:27:16.263+0000] {taskinstance.py:2890} INFO - Executing <Task(PythonOperator): getmetrics> on 2025-03-05 09:26:52.799651+00:00
[2025-03-05T09:27:16.279+0000] {warnings.py:112} WARNING - /home/***/.local/lib/python3.12/site-packages/***/task/task_runner/standard_task_runner.py:70: DeprecationWarning: This process (pid=1464) is multi-threaded, use of fork() may lead to deadlocks in the child.
  pid = os.fork()

[2025-03-05T09:27:16.281+0000] {standard_task_runner.py:104} INFO - Running: ['***', 'tasks', 'run', 'ml_pipeline_demo', 'getmetrics', 'manual__2025-03-05T09:26:52.799651+00:00', '--job-id', '62', '--raw', '--subdir', 'DAGS_FOLDER/ml_pipeline.py', '--cfg-path', '/tmp/tmp_iftq8_t']
[2025-03-05T09:27:16.283+0000] {standard_task_runner.py:72} INFO - Started process 1485 to run task
[2025-03-05T09:27:16.284+0000] {standard_task_runner.py:105} INFO - Job 62: Subtask getmetrics
[2025-03-05T09:27:16.471+0000] {task_command.py:467} INFO - Running <TaskInstance: ml_pipeline_demo.getmetrics manual__2025-03-05T09:26:52.799651+00:00 [running]> on host aacdd75e5d47
[2025-03-05T09:27:16.700+0000] {taskinstance.py:3134} INFO - Exporting env vars: AIRFLOW_CTX_DAG_OWNER='***' AIRFLOW_CTX_DAG_ID='ml_pipeline_demo' AIRFLOW_CTX_TASK_ID='getmetrics' AIRFLOW_CTX_EXECUTION_DATE='2025-03-05T09:26:52.799651+00:00' AIRFLOW_CTX_TRY_NUMBER='1' AIRFLOW_CTX_DAG_RUN_ID='manual__2025-03-05T09:26:52.799651+00:00'
[2025-03-05T09:27:16.708+0000] {logging_mixin.py:190} INFO - Task instance is in running state
[2025-03-05T09:27:16.709+0000] {logging_mixin.py:190} INFO -  Previous state of the Task instance: queued
[2025-03-05T09:27:16.710+0000] {logging_mixin.py:190} INFO - Current task name:getmetrics state:running start_date:2025-03-05 09:27:16.213784+00:00
[2025-03-05T09:27:16.711+0000] {logging_mixin.py:190} INFO - Dag name:ml_pipeline_demo and current dag run status:running
[2025-03-05T09:27:16.712+0000] {taskinstance.py:732} INFO - ::endgroup::
[2025-03-05T09:27:16.776+0000] {logging_mixin.py:190} INFO - Accuracy: 0.9333333333333333
[2025-03-05T09:27:16.777+0000] {logging_mixin.py:190} INFO - Precision: 0.9345238095238096
[2025-03-05T09:27:16.778+0000] {logging_mixin.py:190} INFO - Recall: 0.9333333333333332
[2025-03-05T09:27:16.779+0000] {logging_mixin.py:190} INFO - Log Loss: 0.17045502063172024
[2025-03-05T09:27:16.779+0000] {logging_mixin.py:190} INFO - ----------------------------------------------
[2025-03-05T09:27:16.799+0000] {logging_mixin.py:190} INFO -                  precision    recall  f1-score   support

    Iris-setosa       1.00      1.00      1.00        15
Iris-versicolor       0.93      0.87      0.90        15
 Iris-virginica       0.88      0.93      0.90        15

       accuracy                           0.93        45
      macro avg       0.93      0.93      0.93        45
   weighted avg       0.93      0.93      0.93        45
[2025-03-05T09:27:16.800+0000] {logging_mixin.py:190} INFO - ----------------------------------------------
[2025-03-05T09:27:16.801+0000] {python.py:240} INFO - Done. Returned value was: None
[2025-03-05T09:27:16.835+0000] {taskinstance.py:341} INFO - ::group::Post task execution logs
[2025-03-05T09:27:16.837+0000] {taskinstance.py:353} INFO - Marking task as SUCCESS. dag_id=ml_pipeline_demo, task_id=getmetrics, run_id=manual__2025-03-05T09:26:52.799651+00:00, execution_date=20250305T092652, start_date=20250305T092716, end_date=20250305T092716
[2025-03-05T09:27:16.914+0000] {logging_mixin.py:190} INFO - Task instance in success state
[2025-03-05T09:27:16.915+0000] {logging_mixin.py:190} INFO -  Previous state of the Task instance: running
[2025-03-05T09:27:16.916+0000] {logging_mixin.py:190} INFO - Dag name:ml_pipeline_demo queued_at:2025-03-05 09:26:52.904465+00:00
[2025-03-05T09:27:16.917+0000] {logging_mixin.py:190} INFO - Task hostname:aacdd75e5d47 operator:PythonOperator
[2025-03-05T09:27:16.944+0000] {local_task_job_runner.py:266} INFO - Task exited with return code 0
[2025-03-05T09:27:16.979+0000] {taskinstance.py:3901} INFO - 0 downstream tasks scheduled from follow-on schedule check
[2025-03-05T09:27:16.984+0000] {local_task_job_runner.py:245} INFO - ::endgroup::
