[2025-03-06T04:34:22.473+0000] {processor.py:186} INFO - Started process (PID=14337) to work on /opt/airflow/dags/ml_pipeline.py
[2025-03-06T04:34:22.478+0000] {processor.py:914} INFO - Processing file /opt/airflow/dags/ml_pipeline.py for tasks to queue
[2025-03-06T04:34:22.487+0000] {logging_mixin.py:190} INFO - [2025-03-06T04:34:22.484+0000] {dagbag.py:588} INFO - Filling up the DagBag from /opt/airflow/dags/ml_pipeline.py
[2025-03-06T04:34:24.588+0000] {processor.py:925} INFO - DAG(s) 'ml_pipeline_demo' retrieved from /opt/airflow/dags/ml_pipeline.py
[2025-03-06T04:34:24.630+0000] {logging_mixin.py:190} INFO - [2025-03-06T04:34:24.629+0000] {dag.py:3239} INFO - Sync 1 DAGs
[2025-03-06T04:34:24.679+0000] {logging_mixin.py:190} INFO - [2025-03-06T04:34:24.679+0000] {dag.py:4180} INFO - Setting next_dagrun for ml_pipeline_demo to 2025-03-06 00:00:00+00:00, run_after=2025-03-07 00:00:00+00:00
[2025-03-06T04:34:24.715+0000] {processor.py:208} INFO - Processing /opt/airflow/dags/ml_pipeline.py took 2.254 seconds
[2025-03-06T04:34:55.309+0000] {processor.py:186} INFO - Started process (PID=14416) to work on /opt/airflow/dags/ml_pipeline.py
[2025-03-06T04:34:55.311+0000] {processor.py:914} INFO - Processing file /opt/airflow/dags/ml_pipeline.py for tasks to queue
[2025-03-06T04:34:55.314+0000] {logging_mixin.py:190} INFO - [2025-03-06T04:34:55.313+0000] {dagbag.py:588} INFO - Filling up the DagBag from /opt/airflow/dags/ml_pipeline.py
[2025-03-06T04:34:56.279+0000] {processor.py:925} INFO - DAG(s) 'ml_pipeline_demo' retrieved from /opt/airflow/dags/ml_pipeline.py
[2025-03-06T04:34:56.305+0000] {logging_mixin.py:190} INFO - [2025-03-06T04:34:56.304+0000] {dag.py:3239} INFO - Sync 1 DAGs
[2025-03-06T04:34:56.334+0000] {logging_mixin.py:190} INFO - [2025-03-06T04:34:56.333+0000] {dag.py:4180} INFO - Setting next_dagrun for ml_pipeline_demo to 2025-03-06 00:00:00+00:00, run_after=2025-03-07 00:00:00+00:00
[2025-03-06T04:34:56.362+0000] {processor.py:208} INFO - Processing /opt/airflow/dags/ml_pipeline.py took 1.059 seconds
[2025-03-06T04:35:26.946+0000] {processor.py:186} INFO - Started process (PID=14491) to work on /opt/airflow/dags/ml_pipeline.py
[2025-03-06T04:35:26.947+0000] {processor.py:914} INFO - Processing file /opt/airflow/dags/ml_pipeline.py for tasks to queue
[2025-03-06T04:35:26.949+0000] {logging_mixin.py:190} INFO - [2025-03-06T04:35:26.948+0000] {dagbag.py:588} INFO - Filling up the DagBag from /opt/airflow/dags/ml_pipeline.py
[2025-03-06T04:35:27.534+0000] {processor.py:925} INFO - DAG(s) 'ml_pipeline_demo' retrieved from /opt/airflow/dags/ml_pipeline.py
[2025-03-06T04:35:27.550+0000] {logging_mixin.py:190} INFO - [2025-03-06T04:35:27.549+0000] {dag.py:3239} INFO - Sync 1 DAGs
[2025-03-06T04:35:27.569+0000] {logging_mixin.py:190} INFO - [2025-03-06T04:35:27.569+0000] {dag.py:4180} INFO - Setting next_dagrun for ml_pipeline_demo to 2025-03-06 00:00:00+00:00, run_after=2025-03-07 00:00:00+00:00
[2025-03-06T04:35:27.586+0000] {processor.py:208} INFO - Processing /opt/airflow/dags/ml_pipeline.py took 0.645 seconds
[2025-03-06T04:35:57.853+0000] {processor.py:186} INFO - Started process (PID=14570) to work on /opt/airflow/dags/ml_pipeline.py
[2025-03-06T04:35:57.855+0000] {processor.py:914} INFO - Processing file /opt/airflow/dags/ml_pipeline.py for tasks to queue
[2025-03-06T04:35:57.860+0000] {logging_mixin.py:190} INFO - [2025-03-06T04:35:57.859+0000] {dagbag.py:588} INFO - Filling up the DagBag from /opt/airflow/dags/ml_pipeline.py
[2025-03-06T04:35:59.503+0000] {processor.py:925} INFO - DAG(s) 'ml_pipeline_demo' retrieved from /opt/airflow/dags/ml_pipeline.py
[2025-03-06T04:35:59.532+0000] {logging_mixin.py:190} INFO - [2025-03-06T04:35:59.532+0000] {dag.py:3239} INFO - Sync 1 DAGs
[2025-03-06T04:35:59.575+0000] {logging_mixin.py:190} INFO - [2025-03-06T04:35:59.575+0000] {dag.py:4180} INFO - Setting next_dagrun for ml_pipeline_demo to 2025-03-06 00:00:00+00:00, run_after=2025-03-07 00:00:00+00:00
[2025-03-06T04:35:59.620+0000] {processor.py:208} INFO - Processing /opt/airflow/dags/ml_pipeline.py took 1.788 seconds
[2025-03-06T04:36:30.416+0000] {processor.py:186} INFO - Started process (PID=14647) to work on /opt/airflow/dags/ml_pipeline.py
[2025-03-06T04:36:30.417+0000] {processor.py:914} INFO - Processing file /opt/airflow/dags/ml_pipeline.py for tasks to queue
[2025-03-06T04:36:30.420+0000] {logging_mixin.py:190} INFO - [2025-03-06T04:36:30.420+0000] {dagbag.py:588} INFO - Filling up the DagBag from /opt/airflow/dags/ml_pipeline.py
[2025-03-06T04:36:33.560+0000] {processor.py:925} INFO - DAG(s) 'ml_pipeline_demo' retrieved from /opt/airflow/dags/ml_pipeline.py
[2025-03-06T04:36:33.598+0000] {logging_mixin.py:190} INFO - [2025-03-06T04:36:33.597+0000] {dag.py:3239} INFO - Sync 1 DAGs
[2025-03-06T04:36:33.628+0000] {logging_mixin.py:190} INFO - [2025-03-06T04:36:33.628+0000] {dag.py:4180} INFO - Setting next_dagrun for ml_pipeline_demo to 2025-03-06 00:00:00+00:00, run_after=2025-03-07 00:00:00+00:00
[2025-03-06T04:36:33.655+0000] {processor.py:208} INFO - Processing /opt/airflow/dags/ml_pipeline.py took 3.245 seconds
[2025-03-06T04:37:04.563+0000] {processor.py:186} INFO - Started process (PID=14728) to work on /opt/airflow/dags/ml_pipeline.py
[2025-03-06T04:37:04.565+0000] {processor.py:914} INFO - Processing file /opt/airflow/dags/ml_pipeline.py for tasks to queue
[2025-03-06T04:37:04.570+0000] {logging_mixin.py:190} INFO - [2025-03-06T04:37:04.570+0000] {dagbag.py:588} INFO - Filling up the DagBag from /opt/airflow/dags/ml_pipeline.py
[2025-03-06T04:37:05.328+0000] {processor.py:925} INFO - DAG(s) 'ml_pipeline_demo' retrieved from /opt/airflow/dags/ml_pipeline.py
[2025-03-06T04:37:05.351+0000] {logging_mixin.py:190} INFO - [2025-03-06T04:37:05.350+0000] {dag.py:3239} INFO - Sync 1 DAGs
[2025-03-06T04:37:05.377+0000] {logging_mixin.py:190} INFO - [2025-03-06T04:37:05.377+0000] {dag.py:4180} INFO - Setting next_dagrun for ml_pipeline_demo to 2025-03-06 00:00:00+00:00, run_after=2025-03-07 00:00:00+00:00
[2025-03-06T04:37:05.396+0000] {processor.py:208} INFO - Processing /opt/airflow/dags/ml_pipeline.py took 0.839 seconds
[2025-03-06T04:37:35.535+0000] {processor.py:186} INFO - Started process (PID=14809) to work on /opt/airflow/dags/ml_pipeline.py
[2025-03-06T04:37:35.536+0000] {processor.py:914} INFO - Processing file /opt/airflow/dags/ml_pipeline.py for tasks to queue
[2025-03-06T04:37:35.538+0000] {logging_mixin.py:190} INFO - [2025-03-06T04:37:35.537+0000] {dagbag.py:588} INFO - Filling up the DagBag from /opt/airflow/dags/ml_pipeline.py
[2025-03-06T04:37:36.128+0000] {processor.py:925} INFO - DAG(s) 'ml_pipeline_demo' retrieved from /opt/airflow/dags/ml_pipeline.py
[2025-03-06T04:37:36.142+0000] {logging_mixin.py:190} INFO - [2025-03-06T04:37:36.141+0000] {dag.py:3239} INFO - Sync 1 DAGs
[2025-03-06T04:37:36.157+0000] {logging_mixin.py:190} INFO - [2025-03-06T04:37:36.156+0000] {dag.py:4180} INFO - Setting next_dagrun for ml_pipeline_demo to 2025-03-06 00:00:00+00:00, run_after=2025-03-07 00:00:00+00:00
[2025-03-06T04:37:36.192+0000] {processor.py:208} INFO - Processing /opt/airflow/dags/ml_pipeline.py took 0.662 seconds
[2025-03-06T04:38:06.821+0000] {processor.py:186} INFO - Started process (PID=14884) to work on /opt/airflow/dags/ml_pipeline.py
[2025-03-06T04:38:06.823+0000] {processor.py:914} INFO - Processing file /opt/airflow/dags/ml_pipeline.py for tasks to queue
[2025-03-06T04:38:06.825+0000] {logging_mixin.py:190} INFO - [2025-03-06T04:38:06.825+0000] {dagbag.py:588} INFO - Filling up the DagBag from /opt/airflow/dags/ml_pipeline.py
[2025-03-06T04:38:07.459+0000] {processor.py:925} INFO - DAG(s) 'ml_pipeline_demo' retrieved from /opt/airflow/dags/ml_pipeline.py
[2025-03-06T04:38:07.475+0000] {logging_mixin.py:190} INFO - [2025-03-06T04:38:07.475+0000] {dag.py:3239} INFO - Sync 1 DAGs
[2025-03-06T04:38:07.494+0000] {logging_mixin.py:190} INFO - [2025-03-06T04:38:07.493+0000] {dag.py:4180} INFO - Setting next_dagrun for ml_pipeline_demo to 2025-03-06 00:00:00+00:00, run_after=2025-03-07 00:00:00+00:00
[2025-03-06T04:38:07.516+0000] {processor.py:208} INFO - Processing /opt/airflow/dags/ml_pipeline.py took 0.700 seconds
[2025-03-06T04:38:38.052+0000] {processor.py:186} INFO - Started process (PID=14960) to work on /opt/airflow/dags/ml_pipeline.py
[2025-03-06T04:38:38.053+0000] {processor.py:914} INFO - Processing file /opt/airflow/dags/ml_pipeline.py for tasks to queue
[2025-03-06T04:38:38.055+0000] {logging_mixin.py:190} INFO - [2025-03-06T04:38:38.055+0000] {dagbag.py:588} INFO - Filling up the DagBag from /opt/airflow/dags/ml_pipeline.py
[2025-03-06T04:38:38.674+0000] {processor.py:925} INFO - DAG(s) 'ml_pipeline_demo' retrieved from /opt/airflow/dags/ml_pipeline.py
[2025-03-06T04:38:38.689+0000] {logging_mixin.py:190} INFO - [2025-03-06T04:38:38.689+0000] {dag.py:3239} INFO - Sync 1 DAGs
[2025-03-06T04:38:38.707+0000] {logging_mixin.py:190} INFO - [2025-03-06T04:38:38.707+0000] {dag.py:4180} INFO - Setting next_dagrun for ml_pipeline_demo to 2025-03-06 00:00:00+00:00, run_after=2025-03-07 00:00:00+00:00
[2025-03-06T04:38:38.723+0000] {processor.py:208} INFO - Processing /opt/airflow/dags/ml_pipeline.py took 0.676 seconds
[2025-03-06T04:39:09.698+0000] {processor.py:186} INFO - Started process (PID=15039) to work on /opt/airflow/dags/ml_pipeline.py
[2025-03-06T04:39:09.699+0000] {processor.py:914} INFO - Processing file /opt/airflow/dags/ml_pipeline.py for tasks to queue
[2025-03-06T04:39:09.701+0000] {logging_mixin.py:190} INFO - [2025-03-06T04:39:09.700+0000] {dagbag.py:588} INFO - Filling up the DagBag from /opt/airflow/dags/ml_pipeline.py
[2025-03-06T04:39:11.213+0000] {processor.py:925} INFO - DAG(s) 'ml_pipeline_demo' retrieved from /opt/airflow/dags/ml_pipeline.py
[2025-03-06T04:39:11.383+0000] {logging_mixin.py:190} INFO - [2025-03-06T04:39:11.381+0000] {dag.py:3239} INFO - Sync 1 DAGs
[2025-03-06T04:39:11.513+0000] {logging_mixin.py:190} INFO - [2025-03-06T04:39:11.513+0000] {dag.py:4180} INFO - Setting next_dagrun for ml_pipeline_demo to 2025-03-06 00:00:00+00:00, run_after=2025-03-07 00:00:00+00:00
[2025-03-06T04:39:11.554+0000] {processor.py:208} INFO - Processing /opt/airflow/dags/ml_pipeline.py took 1.862 seconds
[2025-03-06T04:39:42.110+0000] {processor.py:186} INFO - Started process (PID=15115) to work on /opt/airflow/dags/ml_pipeline.py
[2025-03-06T04:39:42.112+0000] {processor.py:914} INFO - Processing file /opt/airflow/dags/ml_pipeline.py for tasks to queue
[2025-03-06T04:39:42.114+0000] {logging_mixin.py:190} INFO - [2025-03-06T04:39:42.114+0000] {dagbag.py:588} INFO - Filling up the DagBag from /opt/airflow/dags/ml_pipeline.py
[2025-03-06T04:39:43.124+0000] {processor.py:925} INFO - DAG(s) 'ml_pipeline_demo' retrieved from /opt/airflow/dags/ml_pipeline.py
[2025-03-06T04:39:43.167+0000] {logging_mixin.py:190} INFO - [2025-03-06T04:39:43.167+0000] {dag.py:3239} INFO - Sync 1 DAGs
[2025-03-06T04:39:43.184+0000] {logging_mixin.py:190} INFO - [2025-03-06T04:39:43.184+0000] {dag.py:4180} INFO - Setting next_dagrun for ml_pipeline_demo to 2025-03-06 00:00:00+00:00, run_after=2025-03-07 00:00:00+00:00
[2025-03-06T04:39:43.201+0000] {processor.py:208} INFO - Processing /opt/airflow/dags/ml_pipeline.py took 1.096 seconds
[2025-03-06T04:40:13.754+0000] {processor.py:186} INFO - Started process (PID=15192) to work on /opt/airflow/dags/ml_pipeline.py
[2025-03-06T04:40:13.755+0000] {processor.py:914} INFO - Processing file /opt/airflow/dags/ml_pipeline.py for tasks to queue
[2025-03-06T04:40:13.757+0000] {logging_mixin.py:190} INFO - [2025-03-06T04:40:13.757+0000] {dagbag.py:588} INFO - Filling up the DagBag from /opt/airflow/dags/ml_pipeline.py
[2025-03-06T04:40:14.334+0000] {processor.py:925} INFO - DAG(s) 'ml_pipeline_demo' retrieved from /opt/airflow/dags/ml_pipeline.py
[2025-03-06T04:40:14.348+0000] {logging_mixin.py:190} INFO - [2025-03-06T04:40:14.348+0000] {dag.py:3239} INFO - Sync 1 DAGs
[2025-03-06T04:40:14.372+0000] {logging_mixin.py:190} INFO - [2025-03-06T04:40:14.372+0000] {dag.py:4180} INFO - Setting next_dagrun for ml_pipeline_demo to 2025-03-06 00:00:00+00:00, run_after=2025-03-07 00:00:00+00:00
[2025-03-06T04:40:14.387+0000] {processor.py:208} INFO - Processing /opt/airflow/dags/ml_pipeline.py took 0.637 seconds
[2025-03-06T04:40:44.593+0000] {processor.py:186} INFO - Started process (PID=15273) to work on /opt/airflow/dags/ml_pipeline.py
[2025-03-06T04:40:44.595+0000] {processor.py:914} INFO - Processing file /opt/airflow/dags/ml_pipeline.py for tasks to queue
[2025-03-06T04:40:44.600+0000] {logging_mixin.py:190} INFO - [2025-03-06T04:40:44.600+0000] {dagbag.py:588} INFO - Filling up the DagBag from /opt/airflow/dags/ml_pipeline.py
[2025-03-06T04:40:45.230+0000] {processor.py:925} INFO - DAG(s) 'ml_pipeline_demo' retrieved from /opt/airflow/dags/ml_pipeline.py
[2025-03-06T04:40:45.247+0000] {logging_mixin.py:190} INFO - [2025-03-06T04:40:45.247+0000] {dag.py:3239} INFO - Sync 1 DAGs
[2025-03-06T04:40:45.268+0000] {logging_mixin.py:190} INFO - [2025-03-06T04:40:45.268+0000] {dag.py:4180} INFO - Setting next_dagrun for ml_pipeline_demo to 2025-03-06 00:00:00+00:00, run_after=2025-03-07 00:00:00+00:00
[2025-03-06T04:40:45.288+0000] {processor.py:208} INFO - Processing /opt/airflow/dags/ml_pipeline.py took 0.706 seconds
[2025-03-06T04:41:15.514+0000] {processor.py:186} INFO - Started process (PID=15347) to work on /opt/airflow/dags/ml_pipeline.py
[2025-03-06T04:41:15.515+0000] {processor.py:914} INFO - Processing file /opt/airflow/dags/ml_pipeline.py for tasks to queue
[2025-03-06T04:41:15.518+0000] {logging_mixin.py:190} INFO - [2025-03-06T04:41:15.518+0000] {dagbag.py:588} INFO - Filling up the DagBag from /opt/airflow/dags/ml_pipeline.py
[2025-03-06T04:41:16.383+0000] {processor.py:925} INFO - DAG(s) 'ml_pipeline_demo' retrieved from /opt/airflow/dags/ml_pipeline.py
[2025-03-06T04:41:16.399+0000] {logging_mixin.py:190} INFO - [2025-03-06T04:41:16.399+0000] {dag.py:3239} INFO - Sync 1 DAGs
[2025-03-06T04:41:16.422+0000] {logging_mixin.py:190} INFO - [2025-03-06T04:41:16.421+0000] {dag.py:4180} INFO - Setting next_dagrun for ml_pipeline_demo to 2025-03-06 00:00:00+00:00, run_after=2025-03-07 00:00:00+00:00
[2025-03-06T04:41:16.440+0000] {processor.py:208} INFO - Processing /opt/airflow/dags/ml_pipeline.py took 0.930 seconds
[2025-03-06T04:41:46.771+0000] {processor.py:186} INFO - Started process (PID=15422) to work on /opt/airflow/dags/ml_pipeline.py
[2025-03-06T04:41:46.772+0000] {processor.py:914} INFO - Processing file /opt/airflow/dags/ml_pipeline.py for tasks to queue
[2025-03-06T04:41:46.775+0000] {logging_mixin.py:190} INFO - [2025-03-06T04:41:46.774+0000] {dagbag.py:588} INFO - Filling up the DagBag from /opt/airflow/dags/ml_pipeline.py
[2025-03-06T04:41:47.450+0000] {processor.py:925} INFO - DAG(s) 'ml_pipeline_demo' retrieved from /opt/airflow/dags/ml_pipeline.py
[2025-03-06T04:41:47.467+0000] {logging_mixin.py:190} INFO - [2025-03-06T04:41:47.466+0000] {dag.py:3239} INFO - Sync 1 DAGs
[2025-03-06T04:41:47.484+0000] {logging_mixin.py:190} INFO - [2025-03-06T04:41:47.483+0000] {dag.py:4180} INFO - Setting next_dagrun for ml_pipeline_demo to 2025-03-06 00:00:00+00:00, run_after=2025-03-07 00:00:00+00:00
[2025-03-06T04:41:47.506+0000] {processor.py:208} INFO - Processing /opt/airflow/dags/ml_pipeline.py took 0.740 seconds
[2025-03-06T04:42:18.309+0000] {processor.py:186} INFO - Started process (PID=15497) to work on /opt/airflow/dags/ml_pipeline.py
[2025-03-06T04:42:18.311+0000] {processor.py:914} INFO - Processing file /opt/airflow/dags/ml_pipeline.py for tasks to queue
[2025-03-06T04:42:18.313+0000] {logging_mixin.py:190} INFO - [2025-03-06T04:42:18.313+0000] {dagbag.py:588} INFO - Filling up the DagBag from /opt/airflow/dags/ml_pipeline.py
[2025-03-06T04:42:19.020+0000] {processor.py:925} INFO - DAG(s) 'ml_pipeline_demo' retrieved from /opt/airflow/dags/ml_pipeline.py
[2025-03-06T04:42:19.038+0000] {logging_mixin.py:190} INFO - [2025-03-06T04:42:19.037+0000] {dag.py:3239} INFO - Sync 1 DAGs
[2025-03-06T04:42:19.058+0000] {logging_mixin.py:190} INFO - [2025-03-06T04:42:19.058+0000] {dag.py:4180} INFO - Setting next_dagrun for ml_pipeline_demo to 2025-03-06 00:00:00+00:00, run_after=2025-03-07 00:00:00+00:00
[2025-03-06T04:42:19.075+0000] {processor.py:208} INFO - Processing /opt/airflow/dags/ml_pipeline.py took 0.771 seconds
[2025-03-06T11:00:53.798+0000] {processor.py:186} INFO - Started process (PID=92) to work on /opt/airflow/dags/ml_pipeline.py
[2025-03-06T11:00:53.814+0000] {processor.py:914} INFO - Processing file /opt/airflow/dags/ml_pipeline.py for tasks to queue
[2025-03-06T11:00:53.826+0000] {logging_mixin.py:190} INFO - [2025-03-06T11:00:53.824+0000] {dagbag.py:588} INFO - Filling up the DagBag from /opt/airflow/dags/ml_pipeline.py
[2025-03-06T11:00:59.379+0000] {processor.py:925} INFO - DAG(s) 'ml_pipeline_demo' retrieved from /opt/airflow/dags/ml_pipeline.py
[2025-03-06T11:00:59.600+0000] {logging_mixin.py:190} INFO - [2025-03-06T11:00:59.598+0000] {dag.py:3239} INFO - Sync 1 DAGs
[2025-03-06T11:00:59.739+0000] {logging_mixin.py:190} INFO - [2025-03-06T11:00:59.738+0000] {dag.py:4180} INFO - Setting next_dagrun for ml_pipeline_demo to 2025-03-06 00:00:00+00:00, run_after=2025-03-07 00:00:00+00:00
[2025-03-06T11:00:59.831+0000] {processor.py:208} INFO - Processing /opt/airflow/dags/ml_pipeline.py took 6.142 seconds
[2025-03-06T11:01:30.138+0000] {processor.py:186} INFO - Started process (PID=171) to work on /opt/airflow/dags/ml_pipeline.py
[2025-03-06T11:01:30.140+0000] {processor.py:914} INFO - Processing file /opt/airflow/dags/ml_pipeline.py for tasks to queue
[2025-03-06T11:01:30.143+0000] {logging_mixin.py:190} INFO - [2025-03-06T11:01:30.142+0000] {dagbag.py:588} INFO - Filling up the DagBag from /opt/airflow/dags/ml_pipeline.py
[2025-03-06T11:01:31.399+0000] {processor.py:925} INFO - DAG(s) 'ml_pipeline_demo' retrieved from /opt/airflow/dags/ml_pipeline.py
[2025-03-06T11:01:31.424+0000] {logging_mixin.py:190} INFO - [2025-03-06T11:01:31.424+0000] {dag.py:3239} INFO - Sync 1 DAGs
[2025-03-06T11:01:32.757+0000] {logging_mixin.py:190} INFO - [2025-03-06T11:01:32.757+0000] {dag.py:4180} INFO - Setting next_dagrun for ml_pipeline_demo to 2025-03-06 00:00:00+00:00, run_after=2025-03-07 00:00:00+00:00
[2025-03-06T11:01:32.773+0000] {processor.py:208} INFO - Processing /opt/airflow/dags/ml_pipeline.py took 2.640 seconds
[2025-03-06T11:02:02.884+0000] {processor.py:186} INFO - Started process (PID=248) to work on /opt/airflow/dags/ml_pipeline.py
[2025-03-06T11:02:02.885+0000] {processor.py:914} INFO - Processing file /opt/airflow/dags/ml_pipeline.py for tasks to queue
[2025-03-06T11:02:02.887+0000] {logging_mixin.py:190} INFO - [2025-03-06T11:02:02.887+0000] {dagbag.py:588} INFO - Filling up the DagBag from /opt/airflow/dags/ml_pipeline.py
[2025-03-06T11:02:03.714+0000] {processor.py:925} INFO - DAG(s) 'ml_pipeline_demo' retrieved from /opt/airflow/dags/ml_pipeline.py
[2025-03-06T11:02:03.756+0000] {logging_mixin.py:190} INFO - [2025-03-06T11:02:03.756+0000] {dag.py:3239} INFO - Sync 1 DAGs
[2025-03-06T11:02:04.242+0000] {logging_mixin.py:190} INFO - [2025-03-06T11:02:04.242+0000] {dag.py:4180} INFO - Setting next_dagrun for ml_pipeline_demo to 2025-03-06 00:00:00+00:00, run_after=2025-03-07 00:00:00+00:00
[2025-03-06T11:02:04.266+0000] {processor.py:208} INFO - Processing /opt/airflow/dags/ml_pipeline.py took 1.390 seconds
[2025-03-06T11:02:34.364+0000] {processor.py:186} INFO - Started process (PID=325) to work on /opt/airflow/dags/ml_pipeline.py
[2025-03-06T11:02:34.366+0000] {processor.py:914} INFO - Processing file /opt/airflow/dags/ml_pipeline.py for tasks to queue
[2025-03-06T11:02:34.369+0000] {logging_mixin.py:190} INFO - [2025-03-06T11:02:34.368+0000] {dagbag.py:588} INFO - Filling up the DagBag from /opt/airflow/dags/ml_pipeline.py
[2025-03-06T11:02:35.537+0000] {processor.py:925} INFO - DAG(s) 'ml_pipeline_demo' retrieved from /opt/airflow/dags/ml_pipeline.py
[2025-03-06T11:02:35.567+0000] {logging_mixin.py:190} INFO - [2025-03-06T11:02:35.566+0000] {dag.py:3239} INFO - Sync 1 DAGs
[2025-03-06T11:02:35.600+0000] {logging_mixin.py:190} INFO - [2025-03-06T11:02:35.599+0000] {dag.py:4180} INFO - Setting next_dagrun for ml_pipeline_demo to 2025-03-06 00:00:00+00:00, run_after=2025-03-07 00:00:00+00:00
[2025-03-06T11:02:35.957+0000] {processor.py:208} INFO - Processing /opt/airflow/dags/ml_pipeline.py took 1.599 seconds
[2025-03-06T11:03:06.507+0000] {processor.py:186} INFO - Started process (PID=402) to work on /opt/airflow/dags/ml_pipeline.py
[2025-03-06T11:03:06.509+0000] {processor.py:914} INFO - Processing file /opt/airflow/dags/ml_pipeline.py for tasks to queue
[2025-03-06T11:03:06.511+0000] {logging_mixin.py:190} INFO - [2025-03-06T11:03:06.510+0000] {dagbag.py:588} INFO - Filling up the DagBag from /opt/airflow/dags/ml_pipeline.py
[2025-03-06T11:03:07.501+0000] {processor.py:925} INFO - DAG(s) 'ml_pipeline_demo' retrieved from /opt/airflow/dags/ml_pipeline.py
[2025-03-06T11:03:07.515+0000] {logging_mixin.py:190} INFO - [2025-03-06T11:03:07.515+0000] {dag.py:3239} INFO - Sync 1 DAGs
[2025-03-06T11:03:07.537+0000] {logging_mixin.py:190} INFO - [2025-03-06T11:03:07.536+0000] {dag.py:4180} INFO - Setting next_dagrun for ml_pipeline_demo to 2025-03-06 00:00:00+00:00, run_after=2025-03-07 00:00:00+00:00
[2025-03-06T11:03:07.555+0000] {processor.py:208} INFO - Processing /opt/airflow/dags/ml_pipeline.py took 1.052 seconds
[2025-03-06T11:03:37.980+0000] {processor.py:186} INFO - Started process (PID=479) to work on /opt/airflow/dags/ml_pipeline.py
[2025-03-06T11:03:37.980+0000] {processor.py:914} INFO - Processing file /opt/airflow/dags/ml_pipeline.py for tasks to queue
[2025-03-06T11:03:37.983+0000] {logging_mixin.py:190} INFO - [2025-03-06T11:03:37.983+0000] {dagbag.py:588} INFO - Filling up the DagBag from /opt/airflow/dags/ml_pipeline.py
[2025-03-06T11:03:39.187+0000] {processor.py:925} INFO - DAG(s) 'ml_pipeline_demo' retrieved from /opt/airflow/dags/ml_pipeline.py
[2025-03-06T11:03:39.201+0000] {logging_mixin.py:190} INFO - [2025-03-06T11:03:39.201+0000] {dag.py:3239} INFO - Sync 1 DAGs
[2025-03-06T11:03:39.216+0000] {logging_mixin.py:190} INFO - [2025-03-06T11:03:39.215+0000] {dag.py:4180} INFO - Setting next_dagrun for ml_pipeline_demo to 2025-03-06 00:00:00+00:00, run_after=2025-03-07 00:00:00+00:00
[2025-03-06T11:03:39.229+0000] {processor.py:208} INFO - Processing /opt/airflow/dags/ml_pipeline.py took 1.258 seconds
[2025-03-06T11:04:09.505+0000] {processor.py:186} INFO - Started process (PID=563) to work on /opt/airflow/dags/ml_pipeline.py
[2025-03-06T11:04:09.506+0000] {processor.py:914} INFO - Processing file /opt/airflow/dags/ml_pipeline.py for tasks to queue
[2025-03-06T11:04:09.508+0000] {logging_mixin.py:190} INFO - [2025-03-06T11:04:09.508+0000] {dagbag.py:588} INFO - Filling up the DagBag from /opt/airflow/dags/ml_pipeline.py
[2025-03-06T11:04:10.568+0000] {processor.py:925} INFO - DAG(s) 'ml_pipeline_demo' retrieved from /opt/airflow/dags/ml_pipeline.py
[2025-03-06T11:04:10.583+0000] {logging_mixin.py:190} INFO - [2025-03-06T11:04:10.582+0000] {dag.py:3239} INFO - Sync 1 DAGs
[2025-03-06T11:04:10.602+0000] {logging_mixin.py:190} INFO - [2025-03-06T11:04:10.602+0000] {dag.py:4180} INFO - Setting next_dagrun for ml_pipeline_demo to 2025-03-06 00:00:00+00:00, run_after=2025-03-07 00:00:00+00:00
[2025-03-06T11:04:10.622+0000] {processor.py:208} INFO - Processing /opt/airflow/dags/ml_pipeline.py took 1.121 seconds
[2025-03-06T11:04:41.239+0000] {processor.py:186} INFO - Started process (PID=639) to work on /opt/airflow/dags/ml_pipeline.py
[2025-03-06T11:04:41.241+0000] {processor.py:914} INFO - Processing file /opt/airflow/dags/ml_pipeline.py for tasks to queue
[2025-03-06T11:04:41.243+0000] {logging_mixin.py:190} INFO - [2025-03-06T11:04:41.243+0000] {dagbag.py:588} INFO - Filling up the DagBag from /opt/airflow/dags/ml_pipeline.py
[2025-03-06T11:04:42.148+0000] {processor.py:925} INFO - DAG(s) 'ml_pipeline_demo' retrieved from /opt/airflow/dags/ml_pipeline.py
[2025-03-06T11:04:42.323+0000] {logging_mixin.py:190} INFO - [2025-03-06T11:04:42.322+0000] {dag.py:3239} INFO - Sync 1 DAGs
[2025-03-06T11:04:42.339+0000] {logging_mixin.py:190} INFO - [2025-03-06T11:04:42.339+0000] {dag.py:4180} INFO - Setting next_dagrun for ml_pipeline_demo to 2025-03-06 00:00:00+00:00, run_after=2025-03-07 00:00:00+00:00
[2025-03-06T11:04:42.355+0000] {processor.py:208} INFO - Processing /opt/airflow/dags/ml_pipeline.py took 1.120 seconds
[2025-03-06T11:04:58.011+0000] {processor.py:186} INFO - Started process (PID=693) to work on /opt/airflow/dags/ml_pipeline.py
[2025-03-06T11:04:58.012+0000] {processor.py:914} INFO - Processing file /opt/airflow/dags/ml_pipeline.py for tasks to queue
[2025-03-06T11:04:58.014+0000] {logging_mixin.py:190} INFO - [2025-03-06T11:04:58.014+0000] {dagbag.py:588} INFO - Filling up the DagBag from /opt/airflow/dags/ml_pipeline.py
[2025-03-06T11:04:59.007+0000] {processor.py:925} INFO - DAG(s) 'ml_pipeline_demo' retrieved from /opt/airflow/dags/ml_pipeline.py
[2025-03-06T11:04:59.025+0000] {logging_mixin.py:190} INFO - [2025-03-06T11:04:59.024+0000] {dag.py:3239} INFO - Sync 1 DAGs
[2025-03-06T11:04:59.044+0000] {logging_mixin.py:190} INFO - [2025-03-06T11:04:59.043+0000] {dag.py:4180} INFO - Setting next_dagrun for ml_pipeline_demo to 2025-03-06 00:00:00+00:00, run_after=2025-03-07 00:00:00+00:00
[2025-03-06T11:04:59.064+0000] {processor.py:208} INFO - Processing /opt/airflow/dags/ml_pipeline.py took 1.058 seconds
[2025-03-06T11:05:02.334+0000] {processor.py:186} INFO - Started process (PID=709) to work on /opt/airflow/dags/ml_pipeline.py
[2025-03-06T11:05:02.335+0000] {processor.py:914} INFO - Processing file /opt/airflow/dags/ml_pipeline.py for tasks to queue
[2025-03-06T11:05:02.337+0000] {logging_mixin.py:190} INFO - [2025-03-06T11:05:02.337+0000] {dagbag.py:588} INFO - Filling up the DagBag from /opt/airflow/dags/ml_pipeline.py
[2025-03-06T11:05:02.966+0000] {processor.py:925} INFO - DAG(s) 'ml_pipeline_demo' retrieved from /opt/airflow/dags/ml_pipeline.py
[2025-03-06T11:05:02.983+0000] {logging_mixin.py:190} INFO - [2025-03-06T11:05:02.981+0000] {dag.py:3239} INFO - Sync 1 DAGs
[2025-03-06T11:05:03.000+0000] {logging_mixin.py:190} INFO - [2025-03-06T11:05:03.000+0000] {dag.py:4180} INFO - Setting next_dagrun for ml_pipeline_demo to 2025-03-06 00:00:00+00:00, run_after=2025-03-07 00:00:00+00:00
[2025-03-06T11:05:03.020+0000] {processor.py:208} INFO - Processing /opt/airflow/dags/ml_pipeline.py took 0.692 seconds
[2025-03-06T11:05:17.908+0000] {processor.py:186} INFO - Started process (PID=739) to work on /opt/airflow/dags/ml_pipeline.py
[2025-03-06T11:05:17.909+0000] {processor.py:914} INFO - Processing file /opt/airflow/dags/ml_pipeline.py for tasks to queue
[2025-03-06T11:05:17.912+0000] {logging_mixin.py:190} INFO - [2025-03-06T11:05:17.911+0000] {dagbag.py:588} INFO - Filling up the DagBag from /opt/airflow/dags/ml_pipeline.py
[2025-03-06T11:05:19.243+0000] {processor.py:925} INFO - DAG(s) 'ml_pipeline_demo' retrieved from /opt/airflow/dags/ml_pipeline.py
[2025-03-06T11:05:19.289+0000] {logging_mixin.py:190} INFO - [2025-03-06T11:05:19.288+0000] {dag.py:3239} INFO - Sync 1 DAGs
[2025-03-06T11:05:19.315+0000] {logging_mixin.py:190} INFO - [2025-03-06T11:05:19.315+0000] {dag.py:4180} INFO - Setting next_dagrun for ml_pipeline_demo to 2025-03-06 00:00:00+00:00, run_after=2025-03-07 00:00:00+00:00
[2025-03-06T11:05:19.342+0000] {processor.py:208} INFO - Processing /opt/airflow/dags/ml_pipeline.py took 1.440 seconds
[2025-03-06T11:05:38.831+0000] {processor.py:186} INFO - Started process (PID=808) to work on /opt/airflow/dags/ml_pipeline.py
[2025-03-06T11:05:38.832+0000] {processor.py:914} INFO - Processing file /opt/airflow/dags/ml_pipeline.py for tasks to queue
[2025-03-06T11:05:38.835+0000] {logging_mixin.py:190} INFO - [2025-03-06T11:05:38.834+0000] {dagbag.py:588} INFO - Filling up the DagBag from /opt/airflow/dags/ml_pipeline.py
[2025-03-06T11:05:39.920+0000] {processor.py:925} INFO - DAG(s) 'ml_pipeline_demo' retrieved from /opt/airflow/dags/ml_pipeline.py
[2025-03-06T11:05:39.945+0000] {logging_mixin.py:190} INFO - [2025-03-06T11:05:39.944+0000] {dag.py:3239} INFO - Sync 1 DAGs
[2025-03-06T11:05:39.965+0000] {logging_mixin.py:190} INFO - [2025-03-06T11:05:39.965+0000] {dag.py:4180} INFO - Setting next_dagrun for ml_pipeline_demo to 2025-03-06 00:00:00+00:00, run_after=2025-03-07 00:00:00+00:00
[2025-03-06T11:05:39.990+0000] {processor.py:208} INFO - Processing /opt/airflow/dags/ml_pipeline.py took 1.164 seconds
[2025-03-06T11:05:52.649+0000] {processor.py:186} INFO - Started process (PID=840) to work on /opt/airflow/dags/ml_pipeline.py
[2025-03-06T11:05:52.650+0000] {processor.py:914} INFO - Processing file /opt/airflow/dags/ml_pipeline.py for tasks to queue
[2025-03-06T11:05:52.653+0000] {logging_mixin.py:190} INFO - [2025-03-06T11:05:52.652+0000] {dagbag.py:588} INFO - Filling up the DagBag from /opt/airflow/dags/ml_pipeline.py
[2025-03-06T11:05:53.621+0000] {processor.py:925} INFO - DAG(s) 'ml_pipeline_demo' retrieved from /opt/airflow/dags/ml_pipeline.py
[2025-03-06T11:05:53.639+0000] {logging_mixin.py:190} INFO - [2025-03-06T11:05:53.639+0000] {dag.py:3239} INFO - Sync 1 DAGs
[2025-03-06T11:05:53.662+0000] {logging_mixin.py:190} INFO - [2025-03-06T11:05:53.662+0000] {dag.py:4180} INFO - Setting next_dagrun for ml_pipeline_demo to 2025-03-06 00:00:00+00:00, run_after=2025-03-07 00:00:00+00:00
[2025-03-06T11:05:53.685+0000] {processor.py:208} INFO - Processing /opt/airflow/dags/ml_pipeline.py took 1.042 seconds
[2025-03-06T11:06:45.403+0000] {processor.py:186} INFO - Started process (PID=904) to work on /opt/airflow/dags/ml_pipeline.py
[2025-03-06T11:06:45.405+0000] {processor.py:914} INFO - Processing file /opt/airflow/dags/ml_pipeline.py for tasks to queue
[2025-03-06T11:06:45.409+0000] {logging_mixin.py:190} INFO - [2025-03-06T11:06:45.409+0000] {dagbag.py:588} INFO - Filling up the DagBag from /opt/airflow/dags/ml_pipeline.py
[2025-03-06T11:06:47.930+0000] {processor.py:925} INFO - DAG(s) 'ml_pipeline_demo' retrieved from /opt/airflow/dags/ml_pipeline.py
[2025-03-06T11:06:47.975+0000] {logging_mixin.py:190} INFO - [2025-03-06T11:06:47.974+0000] {dag.py:3239} INFO - Sync 1 DAGs
[2025-03-06T11:06:48.039+0000] {logging_mixin.py:190} INFO - [2025-03-06T11:06:48.038+0000] {dag.py:4180} INFO - Setting next_dagrun for ml_pipeline_demo to 2025-03-06 00:00:00+00:00, run_after=2025-03-07 00:00:00+00:00
[2025-03-06T11:06:48.139+0000] {processor.py:208} INFO - Processing /opt/airflow/dags/ml_pipeline.py took 2.748 seconds
[2025-03-06T11:07:46.429+0000] {processor.py:186} INFO - Started process (PID=982) to work on /opt/airflow/dags/ml_pipeline.py
[2025-03-06T11:07:46.432+0000] {processor.py:914} INFO - Processing file /opt/airflow/dags/ml_pipeline.py for tasks to queue
[2025-03-06T11:07:46.435+0000] {logging_mixin.py:190} INFO - [2025-03-06T11:07:46.434+0000] {dagbag.py:588} INFO - Filling up the DagBag from /opt/airflow/dags/ml_pipeline.py
[2025-03-06T11:07:48.675+0000] {processor.py:925} INFO - DAG(s) 'ml_pipeline_demo' retrieved from /opt/airflow/dags/ml_pipeline.py
[2025-03-06T11:07:48.797+0000] {logging_mixin.py:190} INFO - [2025-03-06T11:07:48.794+0000] {dag.py:3239} INFO - Sync 1 DAGs
[2025-03-06T11:07:48.833+0000] {logging_mixin.py:190} INFO - [2025-03-06T11:07:48.833+0000] {dag.py:4180} INFO - Setting next_dagrun for ml_pipeline_demo to 2025-03-06 00:00:00+00:00, run_after=2025-03-07 00:00:00+00:00
[2025-03-06T11:07:48.866+0000] {processor.py:208} INFO - Processing /opt/airflow/dags/ml_pipeline.py took 2.447 seconds
[2025-03-06T11:08:19.023+0000] {processor.py:186} INFO - Started process (PID=1062) to work on /opt/airflow/dags/ml_pipeline.py
[2025-03-06T11:08:19.024+0000] {processor.py:914} INFO - Processing file /opt/airflow/dags/ml_pipeline.py for tasks to queue
[2025-03-06T11:08:19.026+0000] {logging_mixin.py:190} INFO - [2025-03-06T11:08:19.025+0000] {dagbag.py:588} INFO - Filling up the DagBag from /opt/airflow/dags/ml_pipeline.py
[2025-03-06T11:08:20.163+0000] {processor.py:925} INFO - DAG(s) 'ml_pipeline_demo' retrieved from /opt/airflow/dags/ml_pipeline.py
[2025-03-06T11:08:20.188+0000] {logging_mixin.py:190} INFO - [2025-03-06T11:08:20.188+0000] {dag.py:3239} INFO - Sync 1 DAGs
[2025-03-06T11:08:20.219+0000] {logging_mixin.py:190} INFO - [2025-03-06T11:08:20.219+0000] {dag.py:4180} INFO - Setting next_dagrun for ml_pipeline_demo to 2025-03-06 00:00:00+00:00, run_after=2025-03-07 00:00:00+00:00
[2025-03-06T11:08:20.251+0000] {processor.py:208} INFO - Processing /opt/airflow/dags/ml_pipeline.py took 1.233 seconds
[2025-03-06T11:08:50.878+0000] {processor.py:186} INFO - Started process (PID=1137) to work on /opt/airflow/dags/ml_pipeline.py
[2025-03-06T11:08:50.879+0000] {processor.py:914} INFO - Processing file /opt/airflow/dags/ml_pipeline.py for tasks to queue
[2025-03-06T11:08:50.880+0000] {logging_mixin.py:190} INFO - [2025-03-06T11:08:50.880+0000] {dagbag.py:588} INFO - Filling up the DagBag from /opt/airflow/dags/ml_pipeline.py
[2025-03-06T11:08:51.732+0000] {processor.py:925} INFO - DAG(s) 'ml_pipeline_demo' retrieved from /opt/airflow/dags/ml_pipeline.py
[2025-03-06T11:08:51.748+0000] {logging_mixin.py:190} INFO - [2025-03-06T11:08:51.747+0000] {dag.py:3239} INFO - Sync 1 DAGs
[2025-03-06T11:08:51.764+0000] {logging_mixin.py:190} INFO - [2025-03-06T11:08:51.764+0000] {dag.py:4180} INFO - Setting next_dagrun for ml_pipeline_demo to 2025-03-06 00:00:00+00:00, run_after=2025-03-07 00:00:00+00:00
[2025-03-06T11:08:51.782+0000] {processor.py:208} INFO - Processing /opt/airflow/dags/ml_pipeline.py took 0.908 seconds
[2025-03-06T11:09:22.445+0000] {processor.py:186} INFO - Started process (PID=1213) to work on /opt/airflow/dags/ml_pipeline.py
[2025-03-06T11:09:22.447+0000] {processor.py:914} INFO - Processing file /opt/airflow/dags/ml_pipeline.py for tasks to queue
[2025-03-06T11:09:22.450+0000] {logging_mixin.py:190} INFO - [2025-03-06T11:09:22.449+0000] {dagbag.py:588} INFO - Filling up the DagBag from /opt/airflow/dags/ml_pipeline.py
[2025-03-06T11:09:24.436+0000] {processor.py:925} INFO - DAG(s) 'ml_pipeline_demo' retrieved from /opt/airflow/dags/ml_pipeline.py
[2025-03-06T11:09:24.479+0000] {logging_mixin.py:190} INFO - [2025-03-06T11:09:24.479+0000] {dag.py:3239} INFO - Sync 1 DAGs
[2025-03-06T11:09:24.525+0000] {logging_mixin.py:190} INFO - [2025-03-06T11:09:24.525+0000] {dag.py:4180} INFO - Setting next_dagrun for ml_pipeline_demo to 2025-03-06 00:00:00+00:00, run_after=2025-03-07 00:00:00+00:00
[2025-03-06T11:09:24.575+0000] {processor.py:208} INFO - Processing /opt/airflow/dags/ml_pipeline.py took 2.139 seconds
[2025-03-06T11:09:54.771+0000] {processor.py:186} INFO - Started process (PID=1294) to work on /opt/airflow/dags/ml_pipeline.py
[2025-03-06T11:09:54.772+0000] {processor.py:914} INFO - Processing file /opt/airflow/dags/ml_pipeline.py for tasks to queue
[2025-03-06T11:09:54.774+0000] {logging_mixin.py:190} INFO - [2025-03-06T11:09:54.773+0000] {dagbag.py:588} INFO - Filling up the DagBag from /opt/airflow/dags/ml_pipeline.py
[2025-03-06T11:09:56.197+0000] {processor.py:925} INFO - DAG(s) 'ml_pipeline_demo' retrieved from /opt/airflow/dags/ml_pipeline.py
[2025-03-06T11:09:56.230+0000] {logging_mixin.py:190} INFO - [2025-03-06T11:09:56.229+0000] {dag.py:3239} INFO - Sync 1 DAGs
[2025-03-06T11:09:56.269+0000] {logging_mixin.py:190} INFO - [2025-03-06T11:09:56.269+0000] {dag.py:4180} INFO - Setting next_dagrun for ml_pipeline_demo to 2025-03-06 00:00:00+00:00, run_after=2025-03-07 00:00:00+00:00
[2025-03-06T11:09:56.303+0000] {processor.py:208} INFO - Processing /opt/airflow/dags/ml_pipeline.py took 1.538 seconds
[2025-03-06T11:10:26.973+0000] {processor.py:186} INFO - Started process (PID=1375) to work on /opt/airflow/dags/ml_pipeline.py
[2025-03-06T11:10:26.973+0000] {processor.py:914} INFO - Processing file /opt/airflow/dags/ml_pipeline.py for tasks to queue
[2025-03-06T11:10:26.974+0000] {logging_mixin.py:190} INFO - [2025-03-06T11:10:26.974+0000] {dagbag.py:588} INFO - Filling up the DagBag from /opt/airflow/dags/ml_pipeline.py
[2025-03-06T11:10:28.173+0000] {processor.py:925} INFO - DAG(s) 'ml_pipeline_demo' retrieved from /opt/airflow/dags/ml_pipeline.py
[2025-03-06T11:10:28.193+0000] {logging_mixin.py:190} INFO - [2025-03-06T11:10:28.192+0000] {dag.py:3239} INFO - Sync 1 DAGs
[2025-03-06T11:10:28.215+0000] {logging_mixin.py:190} INFO - [2025-03-06T11:10:28.214+0000] {dag.py:4180} INFO - Setting next_dagrun for ml_pipeline_demo to 2025-03-06 00:00:00+00:00, run_after=2025-03-07 00:00:00+00:00
[2025-03-06T11:10:28.234+0000] {processor.py:208} INFO - Processing /opt/airflow/dags/ml_pipeline.py took 1.266 seconds
[2025-03-06T11:10:58.295+0000] {processor.py:186} INFO - Started process (PID=1452) to work on /opt/airflow/dags/ml_pipeline.py
[2025-03-06T11:10:58.296+0000] {processor.py:914} INFO - Processing file /opt/airflow/dags/ml_pipeline.py for tasks to queue
[2025-03-06T11:10:58.297+0000] {logging_mixin.py:190} INFO - [2025-03-06T11:10:58.297+0000] {dagbag.py:588} INFO - Filling up the DagBag from /opt/airflow/dags/ml_pipeline.py
[2025-03-06T11:10:59.318+0000] {processor.py:925} INFO - DAG(s) 'ml_pipeline_demo' retrieved from /opt/airflow/dags/ml_pipeline.py
[2025-03-06T11:10:59.333+0000] {logging_mixin.py:190} INFO - [2025-03-06T11:10:59.333+0000] {dag.py:3239} INFO - Sync 1 DAGs
[2025-03-06T11:10:59.353+0000] {logging_mixin.py:190} INFO - [2025-03-06T11:10:59.353+0000] {dag.py:4180} INFO - Setting next_dagrun for ml_pipeline_demo to 2025-03-06 00:00:00+00:00, run_after=2025-03-07 00:00:00+00:00
[2025-03-06T11:10:59.374+0000] {processor.py:208} INFO - Processing /opt/airflow/dags/ml_pipeline.py took 1.083 seconds
[2025-03-06T11:11:29.442+0000] {processor.py:186} INFO - Started process (PID=1535) to work on /opt/airflow/dags/ml_pipeline.py
[2025-03-06T11:11:29.443+0000] {processor.py:914} INFO - Processing file /opt/airflow/dags/ml_pipeline.py for tasks to queue
[2025-03-06T11:11:29.445+0000] {logging_mixin.py:190} INFO - [2025-03-06T11:11:29.445+0000] {dagbag.py:588} INFO - Filling up the DagBag from /opt/airflow/dags/ml_pipeline.py
[2025-03-06T11:11:30.399+0000] {processor.py:925} INFO - DAG(s) 'ml_pipeline_demo' retrieved from /opt/airflow/dags/ml_pipeline.py
[2025-03-06T11:11:30.419+0000] {logging_mixin.py:190} INFO - [2025-03-06T11:11:30.418+0000] {dag.py:3239} INFO - Sync 1 DAGs
[2025-03-06T11:11:30.442+0000] {logging_mixin.py:190} INFO - [2025-03-06T11:11:30.441+0000] {dag.py:4180} INFO - Setting next_dagrun for ml_pipeline_demo to 2025-03-06 00:00:00+00:00, run_after=2025-03-07 00:00:00+00:00
[2025-03-06T11:11:30.469+0000] {processor.py:208} INFO - Processing /opt/airflow/dags/ml_pipeline.py took 1.032 seconds
[2025-03-06T11:12:01.134+0000] {processor.py:186} INFO - Started process (PID=1610) to work on /opt/airflow/dags/ml_pipeline.py
[2025-03-06T11:12:01.135+0000] {processor.py:914} INFO - Processing file /opt/airflow/dags/ml_pipeline.py for tasks to queue
[2025-03-06T11:12:01.136+0000] {logging_mixin.py:190} INFO - [2025-03-06T11:12:01.136+0000] {dagbag.py:588} INFO - Filling up the DagBag from /opt/airflow/dags/ml_pipeline.py
[2025-03-06T11:12:02.196+0000] {processor.py:925} INFO - DAG(s) 'ml_pipeline_demo' retrieved from /opt/airflow/dags/ml_pipeline.py
[2025-03-06T11:12:02.214+0000] {logging_mixin.py:190} INFO - [2025-03-06T11:12:02.213+0000] {dag.py:3239} INFO - Sync 1 DAGs
[2025-03-06T11:12:02.231+0000] {logging_mixin.py:190} INFO - [2025-03-06T11:12:02.231+0000] {dag.py:4180} INFO - Setting next_dagrun for ml_pipeline_demo to 2025-03-06 00:00:00+00:00, run_after=2025-03-07 00:00:00+00:00
[2025-03-06T11:12:02.248+0000] {processor.py:208} INFO - Processing /opt/airflow/dags/ml_pipeline.py took 1.119 seconds
[2025-03-06T11:12:32.472+0000] {processor.py:186} INFO - Started process (PID=1686) to work on /opt/airflow/dags/ml_pipeline.py
[2025-03-06T11:12:32.473+0000] {processor.py:914} INFO - Processing file /opt/airflow/dags/ml_pipeline.py for tasks to queue
[2025-03-06T11:12:32.474+0000] {logging_mixin.py:190} INFO - [2025-03-06T11:12:32.474+0000] {dagbag.py:588} INFO - Filling up the DagBag from /opt/airflow/dags/ml_pipeline.py
[2025-03-06T11:12:33.617+0000] {processor.py:925} INFO - DAG(s) 'ml_pipeline_demo' retrieved from /opt/airflow/dags/ml_pipeline.py
[2025-03-06T11:12:33.635+0000] {logging_mixin.py:190} INFO - [2025-03-06T11:12:33.635+0000] {dag.py:3239} INFO - Sync 1 DAGs
[2025-03-06T11:12:33.658+0000] {logging_mixin.py:190} INFO - [2025-03-06T11:12:33.657+0000] {dag.py:4180} INFO - Setting next_dagrun for ml_pipeline_demo to 2025-03-06 00:00:00+00:00, run_after=2025-03-07 00:00:00+00:00
[2025-03-06T11:12:33.677+0000] {processor.py:208} INFO - Processing /opt/airflow/dags/ml_pipeline.py took 1.209 seconds
[2025-03-06T11:13:03.863+0000] {processor.py:186} INFO - Started process (PID=1761) to work on /opt/airflow/dags/ml_pipeline.py
[2025-03-06T11:13:03.864+0000] {processor.py:914} INFO - Processing file /opt/airflow/dags/ml_pipeline.py for tasks to queue
[2025-03-06T11:13:03.865+0000] {logging_mixin.py:190} INFO - [2025-03-06T11:13:03.865+0000] {dagbag.py:588} INFO - Filling up the DagBag from /opt/airflow/dags/ml_pipeline.py
[2025-03-06T11:13:04.961+0000] {processor.py:925} INFO - DAG(s) 'ml_pipeline_demo' retrieved from /opt/airflow/dags/ml_pipeline.py
[2025-03-06T11:13:04.975+0000] {logging_mixin.py:190} INFO - [2025-03-06T11:13:04.975+0000] {dag.py:3239} INFO - Sync 1 DAGs
[2025-03-06T11:13:04.990+0000] {logging_mixin.py:190} INFO - [2025-03-06T11:13:04.990+0000] {dag.py:4180} INFO - Setting next_dagrun for ml_pipeline_demo to 2025-03-06 00:00:00+00:00, run_after=2025-03-07 00:00:00+00:00
[2025-03-06T11:13:05.004+0000] {processor.py:208} INFO - Processing /opt/airflow/dags/ml_pipeline.py took 1.146 seconds
[2025-03-06T11:13:35.131+0000] {processor.py:186} INFO - Started process (PID=1836) to work on /opt/airflow/dags/ml_pipeline.py
[2025-03-06T11:13:35.132+0000] {processor.py:914} INFO - Processing file /opt/airflow/dags/ml_pipeline.py for tasks to queue
[2025-03-06T11:13:35.133+0000] {logging_mixin.py:190} INFO - [2025-03-06T11:13:35.133+0000] {dagbag.py:588} INFO - Filling up the DagBag from /opt/airflow/dags/ml_pipeline.py
[2025-03-06T11:13:36.221+0000] {processor.py:925} INFO - DAG(s) 'ml_pipeline_demo' retrieved from /opt/airflow/dags/ml_pipeline.py
[2025-03-06T11:13:36.235+0000] {logging_mixin.py:190} INFO - [2025-03-06T11:13:36.235+0000] {dag.py:3239} INFO - Sync 1 DAGs
[2025-03-06T11:13:36.250+0000] {logging_mixin.py:190} INFO - [2025-03-06T11:13:36.250+0000] {dag.py:4180} INFO - Setting next_dagrun for ml_pipeline_demo to 2025-03-06 00:00:00+00:00, run_after=2025-03-07 00:00:00+00:00
[2025-03-06T11:13:36.263+0000] {processor.py:208} INFO - Processing /opt/airflow/dags/ml_pipeline.py took 1.138 seconds
[2025-03-06T11:14:06.757+0000] {processor.py:186} INFO - Started process (PID=1911) to work on /opt/airflow/dags/ml_pipeline.py
[2025-03-06T11:14:06.758+0000] {processor.py:914} INFO - Processing file /opt/airflow/dags/ml_pipeline.py for tasks to queue
[2025-03-06T11:14:06.759+0000] {logging_mixin.py:190} INFO - [2025-03-06T11:14:06.759+0000] {dagbag.py:588} INFO - Filling up the DagBag from /opt/airflow/dags/ml_pipeline.py
[2025-03-06T11:14:07.865+0000] {processor.py:925} INFO - DAG(s) 'ml_pipeline_demo' retrieved from /opt/airflow/dags/ml_pipeline.py
[2025-03-06T11:14:07.879+0000] {logging_mixin.py:190} INFO - [2025-03-06T11:14:07.879+0000] {dag.py:3239} INFO - Sync 1 DAGs
[2025-03-06T11:14:07.894+0000] {logging_mixin.py:190} INFO - [2025-03-06T11:14:07.894+0000] {dag.py:4180} INFO - Setting next_dagrun for ml_pipeline_demo to 2025-03-06 00:00:00+00:00, run_after=2025-03-07 00:00:00+00:00
[2025-03-06T11:14:07.908+0000] {processor.py:208} INFO - Processing /opt/airflow/dags/ml_pipeline.py took 1.160 seconds
[2025-03-06T11:14:38.271+0000] {processor.py:186} INFO - Started process (PID=1986) to work on /opt/airflow/dags/ml_pipeline.py
[2025-03-06T11:14:38.272+0000] {processor.py:914} INFO - Processing file /opt/airflow/dags/ml_pipeline.py for tasks to queue
[2025-03-06T11:14:38.274+0000] {logging_mixin.py:190} INFO - [2025-03-06T11:14:38.274+0000] {dagbag.py:588} INFO - Filling up the DagBag from /opt/airflow/dags/ml_pipeline.py
[2025-03-06T11:14:39.424+0000] {processor.py:925} INFO - DAG(s) 'ml_pipeline_demo' retrieved from /opt/airflow/dags/ml_pipeline.py
[2025-03-06T11:14:39.439+0000] {logging_mixin.py:190} INFO - [2025-03-06T11:14:39.439+0000] {dag.py:3239} INFO - Sync 1 DAGs
[2025-03-06T11:14:39.455+0000] {logging_mixin.py:190} INFO - [2025-03-06T11:14:39.454+0000] {dag.py:4180} INFO - Setting next_dagrun for ml_pipeline_demo to 2025-03-06 00:00:00+00:00, run_after=2025-03-07 00:00:00+00:00
[2025-03-06T11:14:39.468+0000] {processor.py:208} INFO - Processing /opt/airflow/dags/ml_pipeline.py took 1.202 seconds
[2025-03-06T11:15:09.744+0000] {processor.py:186} INFO - Started process (PID=2061) to work on /opt/airflow/dags/ml_pipeline.py
[2025-03-06T11:15:09.745+0000] {processor.py:914} INFO - Processing file /opt/airflow/dags/ml_pipeline.py for tasks to queue
[2025-03-06T11:15:09.746+0000] {logging_mixin.py:190} INFO - [2025-03-06T11:15:09.746+0000] {dagbag.py:588} INFO - Filling up the DagBag from /opt/airflow/dags/ml_pipeline.py
[2025-03-06T11:15:10.894+0000] {processor.py:925} INFO - DAG(s) 'ml_pipeline_demo' retrieved from /opt/airflow/dags/ml_pipeline.py
[2025-03-06T11:15:10.913+0000] {logging_mixin.py:190} INFO - [2025-03-06T11:15:10.912+0000] {dag.py:3239} INFO - Sync 1 DAGs
[2025-03-06T11:15:10.930+0000] {logging_mixin.py:190} INFO - [2025-03-06T11:15:10.930+0000] {dag.py:4180} INFO - Setting next_dagrun for ml_pipeline_demo to 2025-03-06 00:00:00+00:00, run_after=2025-03-07 00:00:00+00:00
[2025-03-06T11:15:10.947+0000] {processor.py:208} INFO - Processing /opt/airflow/dags/ml_pipeline.py took 1.208 seconds
[2025-03-06T11:15:41.569+0000] {processor.py:186} INFO - Started process (PID=2136) to work on /opt/airflow/dags/ml_pipeline.py
[2025-03-06T11:15:41.571+0000] {processor.py:914} INFO - Processing file /opt/airflow/dags/ml_pipeline.py for tasks to queue
[2025-03-06T11:15:41.573+0000] {logging_mixin.py:190} INFO - [2025-03-06T11:15:41.572+0000] {dagbag.py:588} INFO - Filling up the DagBag from /opt/airflow/dags/ml_pipeline.py
[2025-03-06T11:15:42.674+0000] {processor.py:925} INFO - DAG(s) 'ml_pipeline_demo' retrieved from /opt/airflow/dags/ml_pipeline.py
[2025-03-06T11:15:42.690+0000] {logging_mixin.py:190} INFO - [2025-03-06T11:15:42.690+0000] {dag.py:3239} INFO - Sync 1 DAGs
[2025-03-06T11:15:42.706+0000] {logging_mixin.py:190} INFO - [2025-03-06T11:15:42.706+0000] {dag.py:4180} INFO - Setting next_dagrun for ml_pipeline_demo to 2025-03-06 00:00:00+00:00, run_after=2025-03-07 00:00:00+00:00
[2025-03-06T11:15:42.719+0000] {processor.py:208} INFO - Processing /opt/airflow/dags/ml_pipeline.py took 1.157 seconds
[2025-03-06T11:16:13.244+0000] {processor.py:186} INFO - Started process (PID=2217) to work on /opt/airflow/dags/ml_pipeline.py
[2025-03-06T11:16:13.246+0000] {processor.py:914} INFO - Processing file /opt/airflow/dags/ml_pipeline.py for tasks to queue
[2025-03-06T11:16:13.249+0000] {logging_mixin.py:190} INFO - [2025-03-06T11:16:13.249+0000] {dagbag.py:588} INFO - Filling up the DagBag from /opt/airflow/dags/ml_pipeline.py
[2025-03-06T11:16:15.756+0000] {processor.py:925} INFO - DAG(s) 'ml_pipeline_demo' retrieved from /opt/airflow/dags/ml_pipeline.py
[2025-03-06T11:16:15.801+0000] {logging_mixin.py:190} INFO - [2025-03-06T11:16:15.800+0000] {dag.py:3239} INFO - Sync 1 DAGs
[2025-03-06T11:16:15.829+0000] {logging_mixin.py:190} INFO - [2025-03-06T11:16:15.828+0000] {dag.py:4180} INFO - Setting next_dagrun for ml_pipeline_demo to 2025-03-06 00:00:00+00:00, run_after=2025-03-07 00:00:00+00:00
[2025-03-06T11:16:15.854+0000] {processor.py:208} INFO - Processing /opt/airflow/dags/ml_pipeline.py took 2.623 seconds
[2025-03-06T11:16:46.137+0000] {processor.py:186} INFO - Started process (PID=2292) to work on /opt/airflow/dags/ml_pipeline.py
[2025-03-06T11:16:46.138+0000] {processor.py:914} INFO - Processing file /opt/airflow/dags/ml_pipeline.py for tasks to queue
[2025-03-06T11:16:46.139+0000] {logging_mixin.py:190} INFO - [2025-03-06T11:16:46.139+0000] {dagbag.py:588} INFO - Filling up the DagBag from /opt/airflow/dags/ml_pipeline.py
[2025-03-06T11:16:47.128+0000] {processor.py:925} INFO - DAG(s) 'ml_pipeline_demo' retrieved from /opt/airflow/dags/ml_pipeline.py
[2025-03-06T11:16:47.149+0000] {logging_mixin.py:190} INFO - [2025-03-06T11:16:47.148+0000] {dag.py:3239} INFO - Sync 1 DAGs
[2025-03-06T11:16:47.169+0000] {logging_mixin.py:190} INFO - [2025-03-06T11:16:47.168+0000] {dag.py:4180} INFO - Setting next_dagrun for ml_pipeline_demo to 2025-03-06 00:00:00+00:00, run_after=2025-03-07 00:00:00+00:00
[2025-03-06T11:16:47.183+0000] {processor.py:208} INFO - Processing /opt/airflow/dags/ml_pipeline.py took 1.051 seconds
[2025-03-06T11:17:17.310+0000] {processor.py:186} INFO - Started process (PID=2367) to work on /opt/airflow/dags/ml_pipeline.py
[2025-03-06T11:17:17.311+0000] {processor.py:914} INFO - Processing file /opt/airflow/dags/ml_pipeline.py for tasks to queue
[2025-03-06T11:17:17.313+0000] {logging_mixin.py:190} INFO - [2025-03-06T11:17:17.313+0000] {dagbag.py:588} INFO - Filling up the DagBag from /opt/airflow/dags/ml_pipeline.py
[2025-03-06T11:17:18.277+0000] {processor.py:925} INFO - DAG(s) 'ml_pipeline_demo' retrieved from /opt/airflow/dags/ml_pipeline.py
[2025-03-06T11:17:18.295+0000] {logging_mixin.py:190} INFO - [2025-03-06T11:17:18.294+0000] {dag.py:3239} INFO - Sync 1 DAGs
[2025-03-06T11:17:18.314+0000] {logging_mixin.py:190} INFO - [2025-03-06T11:17:18.314+0000] {dag.py:4180} INFO - Setting next_dagrun for ml_pipeline_demo to 2025-03-06 00:00:00+00:00, run_after=2025-03-07 00:00:00+00:00
[2025-03-06T11:17:18.329+0000] {processor.py:208} INFO - Processing /opt/airflow/dags/ml_pipeline.py took 1.025 seconds
[2025-03-06T11:17:48.693+0000] {processor.py:186} INFO - Started process (PID=2442) to work on /opt/airflow/dags/ml_pipeline.py
[2025-03-06T11:17:48.694+0000] {processor.py:914} INFO - Processing file /opt/airflow/dags/ml_pipeline.py for tasks to queue
[2025-03-06T11:17:48.696+0000] {logging_mixin.py:190} INFO - [2025-03-06T11:17:48.695+0000] {dagbag.py:588} INFO - Filling up the DagBag from /opt/airflow/dags/ml_pipeline.py
[2025-03-06T11:17:49.837+0000] {processor.py:925} INFO - DAG(s) 'ml_pipeline_demo' retrieved from /opt/airflow/dags/ml_pipeline.py
[2025-03-06T11:17:49.857+0000] {logging_mixin.py:190} INFO - [2025-03-06T11:17:49.856+0000] {dag.py:3239} INFO - Sync 1 DAGs
[2025-03-06T11:17:49.876+0000] {logging_mixin.py:190} INFO - [2025-03-06T11:17:49.876+0000] {dag.py:4180} INFO - Setting next_dagrun for ml_pipeline_demo to 2025-03-06 00:00:00+00:00, run_after=2025-03-07 00:00:00+00:00
[2025-03-06T11:17:49.894+0000] {processor.py:208} INFO - Processing /opt/airflow/dags/ml_pipeline.py took 1.207 seconds
[2025-03-06T11:18:20.401+0000] {processor.py:186} INFO - Started process (PID=2517) to work on /opt/airflow/dags/ml_pipeline.py
[2025-03-06T11:18:20.403+0000] {processor.py:914} INFO - Processing file /opt/airflow/dags/ml_pipeline.py for tasks to queue
[2025-03-06T11:18:20.404+0000] {logging_mixin.py:190} INFO - [2025-03-06T11:18:20.404+0000] {dagbag.py:588} INFO - Filling up the DagBag from /opt/airflow/dags/ml_pipeline.py
[2025-03-06T11:18:21.543+0000] {processor.py:925} INFO - DAG(s) 'ml_pipeline_demo' retrieved from /opt/airflow/dags/ml_pipeline.py
[2025-03-06T11:18:21.562+0000] {logging_mixin.py:190} INFO - [2025-03-06T11:18:21.561+0000] {dag.py:3239} INFO - Sync 1 DAGs
[2025-03-06T11:18:21.583+0000] {logging_mixin.py:190} INFO - [2025-03-06T11:18:21.583+0000] {dag.py:4180} INFO - Setting next_dagrun for ml_pipeline_demo to 2025-03-06 00:00:00+00:00, run_after=2025-03-07 00:00:00+00:00
[2025-03-06T11:18:21.601+0000] {processor.py:208} INFO - Processing /opt/airflow/dags/ml_pipeline.py took 1.207 seconds
